GCCcore/11.3.0
zlib/1.2.12-GCCcore-11.3.0
binutils/2.38-GCCcore-11.3.0
GCC/11.3.0
numactl/2.0.14-GCCcore-11.3.0
XZ/5.2.5-GCCcore-11.3.0
libxml2/2.9.13-GCCcore-11.3.0
libpciaccess/0.16-GCCcore-11.3.0
hwloc/2.7.1-GCCcore-11.3.0
OpenSSL/1.1
libevent/2.1.12-GCCcore-11.3.0
UCX/1.12.1-GCCcore-11.3.0
libfabric/1.15.1-GCCcore-11.3.0
PMIx/4.1.2-GCCcore-11.3.0
UCC/1.0.0-GCCcore-11.3.0
OpenMPI/4.1.4-GCC-11.3.0
OpenBLAS/0.3.20-GCC-11.3.0
FlexiBLAS/3.2.0-GCC-11.3.0
FFTW/3.3.10-GCC-11.3.0
gompi/2022a
FFTW.MPI/3.3.10-gompi-2022a
ScaLAPACK/2.2.0-gompi-2022a-fb
foss/2022a
bzip2/1.0.8-GCCcore-11.3.0
ncurses/6.3-GCCcore-11.3.0
libreadline/8.1.2-GCCcore-11.3.0
ncurses/6.3-GCCcore-11.3.0
Tcl/8.6.12-GCCcore-11.3.0
SQLite/3.38.3-GCCcore-11.3.0
GMP/6.2.1-GCCcore-11.3.0
libffi/3.4.2-GCCcore-11.3.0
Python/3.10.4-GCCcore-11.3.0
pybind11/2.9.2-GCCcore-11.3.0
SciPy-bundle/2022.05-foss-2022a
XZ/5.2.5-GCCcore-11.3.0
gzip/1.12-GCCcore-11.3.0
lz4/1.9.3-GCCcore-11.3.0
zstd/1.5.2-GCCcore-11.3.0
expat/2.4.8-GCCcore-11.3.0
libpng/1.6.37-GCCcore-11.3.0
Brotli/1.0.9-GCCcore-11.3.0
freetype/2.12.1-GCCcore-11.3.0
util-linux/2.38-GCCcore-11.3.0
fontconfig/2.14.0-GCCcore-11.3.0
freetype/2.12.1-GCCcore-11.3.0
xorg-macros/1.19.3-GCCcore-11.3.0
X11/20220504-GCCcore-11.3.0
libdrm/2.4.110-GCCcore-11.3.0
libglvnd/1.4.0-GCCcore-11.3.0
libunwind/1.6.2-GCCcore-11.3.0
X11/20220504-GCCcore-11.3.0
LLVM/12.0.1-GCCcore-11.3.0
Mesa/22.0.3-GCCcore-11.3.0
libGLU/9.0.2-GCCcore-11.3.0
X11/20220504-GCCcore-11.3.0
VTK/9.2.2-foss-2022a
libxslt/1.1.34-GCCcore-11.3.0
Tk/8.6.12-GCCcore-11.3.0
Tkinter/3.10.4-GCCcore-11.3.0
NASM/2.15.05-GCCcore-11.3.0
libjpeg-turbo/2.1.3-GCCcore-11.3.0
jbigkit/2.1-GCCcore-11.3.0
libdeflate/1.10-GCCcore-11.3.0
LibTIFF/4.3.0-GCCcore-11.3.0
Pillow/9.1.1-GCCcore-11.3.0
Qhull/2020.2-GCCcore-11.3.0
matplotlib/3.5.2-foss-2022a
tqdm/4.64.0-GCCcore-11.3.0
scikit-learn/1.1.2-foss-2022a
numba/0.56.4-foss-2022a
pydicom/2.3.0-GCCcore-11.3.0
NiBabel/4.0.2-foss-2022a
Szip/2.1.1-GCCcore-11.3.0
HDF5/1.12.2-gompi-2022a
h5py/3.7.0-foss-2022a
imageio/2.22.2-foss-2022a
MNE-Python/1.3.1-foss-2022a
MCR/R2019b.8
FreeSurfer/7.4.1-centos8_x86_64
fs-check-version --s sub-CC120469_T1w --o /tmp/tmp.mzyyBg
Wed Sep 25 10:44:45 BST 2024

setenv SUBJECTS_DIR /rds/projects/q/quinna-camcan/cc700/mri/pipeline/release004/BIDS_20190411/anat
cd /rds/projects/q/quinna-camcan/ghafarit-scripts/github/camcan-laterality/mne_python/source
/rds/bear-apps/2022a/EL8-ice/software/FreeSurfer/7.4.1-centos8_x86_64/bin/fs-check-version --s sub-CC120469_T1w --o /tmp/tmp.mzyyBg
-rwxrwxr-x 1 branfosj-admin build 18565 Jun 14  2023 /rds/bear-apps/2022a/EL8-ice/software/FreeSurfer/7.4.1-centos8_x86_64/bin/fs-check-version

freesurfer-linux-centos8_x86_64-7.4.1-20230613-7eb8460
$Id$
Linux bear-pg0210u11b.bear.cluster 4.18.0-372.32.1.el8_6.x86_64 #1 SMP Fri Oct 7 12:35:10 EDT 2022 x86_64 x86_64 x86_64 GNU/Linux
pid 1821480
Current FS Version freesurfer-linux-centos8_x86_64-7.4.1-20230613-7eb8460
Subject does not have a bstampfile, copying /rds/bear-apps/2022a/EL8-ice/software/FreeSurfer/7.4.1-centos8_x86_64/build-stamp.txt
Subject FS Version: freesurfer-linux-centos8_x86_64-7.4.1-20230613-7eb8460
No constraints on version because REQ=UnSet and FsVerFile=NotThere
#@#% fs-check-version match = 1
fs-check-version Done
INFO: SUBJECTS_DIR is /rds/projects/q/quinna-camcan/cc700/mri/pipeline/release004/BIDS_20190411/anat
Actual FREESURFER_HOME /rds/bear-apps/2022a/EL8-ice/software/FreeSurfer/7.4.1-centos8_x86_64
Linux bear-pg0210u11b.bear.cluster 4.18.0-372.32.1.el8_6.x86_64 #1 SMP Fri Oct 7 12:35:10 EDT 2022 x86_64 x86_64 x86_64 GNU/Linux
/rds/projects/q/quinna-camcan/cc700/mri/pipeline/release004/BIDS_20190411/anat/sub-CC120469_T1w

 mri_convert /rds/projects/q/quinna-camcan/cc700/mri/pipeline/release004/BIDS_20190411/anat/sub-CC120469/anat/sub-CC120469_T1w.nii.gz /rds/projects/q/quinna-camcan/cc700/mri/pipeline/release004/BIDS_20190411/anat/sub-CC120469_T1w/mri/orig/001.mgz 

mri_convert /rds/projects/q/quinna-camcan/cc700/mri/pipeline/release004/BIDS_20190411/anat/sub-CC120469/anat/sub-CC120469_T1w.nii.gz /rds/projects/q/quinna-camcan/cc700/mri/pipeline/release004/BIDS_20190411/anat/sub-CC120469_T1w/mri/orig/001.mgz 
reading from /rds/projects/q/quinna-camcan/cc700/mri/pipeline/release004/BIDS_20190411/anat/sub-CC120469/anat/sub-CC120469_T1w.nii.gz...
TR=0.00, TE=0.00, TI=0.00, flip angle=0.00
i_ras = (-0.003515, -0.999994, 0)
j_ras = (0.00172698, -5.96046e-06, 0.999999)
k_ras = (0.999992, -0.00351501, -0.00172722)
writing to /rds/projects/q/quinna-camcan/cc700/mri/pipeline/release004/BIDS_20190411/anat/sub-CC120469_T1w/mri/orig/001.mgz...
@#@FSTIME  2024:09:25:10:44:48 mri_convert N 2 e 5.35 S 0.03 U 5.25 P 98% M 54564 F 1 R 1355 W 0 c 8 w 27 I 168 O 0 L 111.15 111.49 115.58
@#@FSLOADPOST 2024:09:25:10:44:53 mri_convert N 2 110.89 111.43 115.54
#--------------------------------------------
#@# MotionCor Wed Sep 25 10:44:54 BST 2024
Found 1 runs
/rds/projects/q/quinna-camcan/cc700/mri/pipeline/release004/BIDS_20190411/anat/sub-CC120469_T1w/mri/orig/001.mgz
Checking for (invalid) multi-frame inputs...
Only one run found so motion
correction will not be performed. I'll
copy the run to rawavg and continue.

 cp /rds/projects/q/quinna-camcan/cc700/mri/pipeline/release004/BIDS_20190411/anat/sub-CC120469_T1w/mri/orig/001.mgz /rds/projects/q/quinna-camcan/cc700/mri/pipeline/release004/BIDS_20190411/anat/sub-CC120469_T1w/mri/rawavg.mgz 


 mri_info /rds/projects/q/quinna-camcan/cc700/mri/pipeline/release004/BIDS_20190411/anat/sub-CC120469_T1w/mri/rawavg.mgz 

rawavg.mgz ========================================
Volume information for /rds/projects/q/quinna-camcan/cc700/mri/pipeline/release004/BIDS_20190411/anat/sub-CC120469_T1w/mri/rawavg.mgz
          type: MGH
    dimensions: 256 x 256 x 192
   voxel sizes: 1.000000, 1.000000, 1.000000
          type: FLOAT (3)
           fov: 256.000
           dof: 1
        xstart: -128.0, xend: 128.0
        ystart: -128.0, yend: 128.0
        zstart: -96.0, zend: 96.0
            TR: 0.00 msec, TE: 0.00 msec, TI: 0.00 msec, flip angle: 0.00 degrees
       nframes: 1
       PhEncDir: UNKNOWN
       FieldStrength: 0.000000
ras xform present
    xform info: x_r =  -0.0035, y_r =   0.0017, z_r =   1.0000, c_r =    -1.2411
              : x_a =  -1.0000, y_a =  -0.0000, z_a =  -0.0035, c_a =    40.3370
              : x_s =   0.0000, y_s =   1.0000, z_s =  -0.0017, c_s =    -3.8125

talairach xfm : 
Orientation   : PSR
Primary Slice Direction: sagittal

voxel to ras transform:
               -0.0035   0.0017   1.0000   -97.0115
               -1.0000  -0.0000  -0.0035   168.6744
                0.0000   1.0000  -0.0017  -131.6465
                0.0000   0.0000   0.0000     1.0000

voxel-to-ras determinant -1

ras to voxel transform:
               -0.0035  -1.0000   0.0000   168.3323
                0.0017  -0.0000   1.0000   131.8148
                1.0000  -0.0035  -0.0017    97.3763
               -0.0000  -0.0000  -0.0000     1.0000
/rds/projects/q/quinna-camcan/cc700/mri/pipeline/release004/BIDS_20190411/anat/sub-CC120469_T1w

 mri_convert /rds/projects/q/quinna-camcan/cc700/mri/pipeline/release004/BIDS_20190411/anat/sub-CC120469_T1w/mri/rawavg.mgz /rds/projects/q/quinna-camcan/cc700/mri/pipeline/release004/BIDS_20190411/anat/sub-CC120469_T1w/mri/orig.mgz --conform 

mri_convert /rds/projects/q/quinna-camcan/cc700/mri/pipeline/release004/BIDS_20190411/anat/sub-CC120469_T1w/mri/rawavg.mgz /rds/projects/q/quinna-camcan/cc700/mri/pipeline/release004/BIDS_20190411/anat/sub-CC120469_T1w/mri/orig.mgz --conform 
reading from /rds/projects/q/quinna-camcan/cc700/mri/pipeline/release004/BIDS_20190411/anat/sub-CC120469_T1w/mri/rawavg.mgz...
TR=0.00, TE=0.00, TI=0.00, flip angle=0.00
i_ras = (-0.003515, -0.999994, 0)
j_ras = (0.00172698, -5.96046e-06, 0.999999)
k_ras = (0.999992, -0.00351501, -0.00172722)
changing data type from float to uchar (noscale = 0)...
MRIchangeType: Building histogram 0 1015 1000, flo=0, fhi=0.999, dest_type=0
Reslicing using trilinear interpolation 
writing to /rds/projects/q/quinna-camcan/cc700/mri/pipeline/release004/BIDS_20190411/anat/sub-CC120469_T1w/mri/orig.mgz...
@#@FSTIME  2024:09:25:10:44:58 mri_convert N 3 e 3.42 S 0.03 U 2.81 P 83% M 66888 F 0 R 6616 W 0 c 7 w 16 I 0 O 0 L 110.42 111.33 115.48
@#@FSLOADPOST 2024:09:25:10:45:01 mri_convert N 3 113.91 112.03 115.69

 mri_add_xform_to_header -c /rds/projects/q/quinna-camcan/cc700/mri/pipeline/release004/BIDS_20190411/anat/sub-CC120469_T1w/mri/transforms/talairach.xfm /rds/projects/q/quinna-camcan/cc700/mri/pipeline/release004/BIDS_20190411/anat/sub-CC120469_T1w/mri/orig.mgz /rds/projects/q/quinna-camcan/cc700/mri/pipeline/release004/BIDS_20190411/anat/sub-CC120469_T1w/mri/orig.mgz 

INFO: extension is mgz
@#@FSTIME  2024:09:25:10:45:01 mri_add_xform_to_header N 4 e 1.16 S 0.01 U 1.13 P 98% M 21476 F 0 R 1301 W 0 c 4 w 20 I 0 O 0 L 113.91 112.03 115.69
@#@FSLOADPOST 2024:09:25:10:45:03 mri_add_xform_to_header N 4 113.91 112.03 115.69

 mri_info /rds/projects/q/quinna-camcan/cc700/mri/pipeline/release004/BIDS_20190411/anat/sub-CC120469_T1w/mri/orig.mgz 

orig.mgz ========================================
Volume information for /rds/projects/q/quinna-camcan/cc700/mri/pipeline/release004/BIDS_20190411/anat/sub-CC120469_T1w/mri/orig.mgz
          type: MGH
    dimensions: 256 x 256 x 256
   voxel sizes: 1.000000, 1.000000, 1.000000
          type: UCHAR (0)
           fov: 256.000
           dof: 1
        xstart: -128.0, xend: 128.0
        ystart: -128.0, yend: 128.0
        zstart: -128.0, zend: 128.0
            TR: 0.00 msec, TE: 0.00 msec, TI: 0.00 msec, flip angle: 0.00 degrees
       nframes: 1
       PhEncDir: UNKNOWN
       FieldStrength: 0.000000
ras xform present
    xform info: x_r =  -1.0000, y_r =   0.0000, z_r =   0.0000, c_r =    -1.2411
              : x_a =   0.0000, y_a =  -0.0000, z_a =   1.0000, c_a =    40.3370
              : x_s =   0.0000, y_s =  -1.0000, z_s =   0.0000, c_s =    -3.8125

talairach xfm : /rds/projects/q/quinna-camcan/cc700/mri/pipeline/release004/BIDS_20190411/anat/sub-CC120469_T1w/mri/transforms/talairach.xfm
Orientation   : LIA
Primary Slice Direction: coronal

voxel to ras transform:
               -1.0000   0.0000   0.0000   126.7589
                0.0000  -0.0000   1.0000   -87.6630
                0.0000  -1.0000   0.0000   124.1875
                0.0000   0.0000   0.0000     1.0000

voxel-to-ras determinant -1

ras to voxel transform:
               -1.0000  -0.0000  -0.0000   126.7589
               -0.0000   0.0000  -1.0000   124.1876
               -0.0000   1.0000  -0.0000    87.6630
               -0.0000  -0.0000  -0.0000     1.0000
#--------------------------------------------
#@# Talairach Wed Sep 25 10:45:03 BST 2024
/rds/projects/q/quinna-camcan/cc700/mri/pipeline/release004/BIDS_20190411/anat/sub-CC120469_T1w/mri

 mri_nu_correct.mni --no-rescale --i orig.mgz --o orig_nu.mgz --ants-n4 --n 1 --proto-iters 1000 --distance 50 

/usr/bin/bc
/rds/projects/q/quinna-camcan/cc700/mri/pipeline/release004/BIDS_20190411/anat/sub-CC120469_T1w/mri
/rds/bear-apps/2022a/EL8-ice/software/FreeSurfer/7.4.1-centos8_x86_64/bin/mri_nu_correct.mni
--no-rescale --i orig.mgz --o orig_nu.mgz --ants-n4 --n 1 --proto-iters 1000 --distance 50
nIters 1
mri_nu_correct.mni 7.4.1
Linux bear-pg0210u11b.bear.cluster 4.18.0-372.32.1.el8_6.x86_64 #1 SMP Fri Oct 7 12:35:10 EDT 2022 x86_64 x86_64 x86_64 GNU/Linux
Wed Sep 25 10:45:03 BST 2024
tmpdir is ./tmp.mri_nu_correct.mni.1822499
cd /rds/projects/q/quinna-camcan/cc700/mri/pipeline/release004/BIDS_20190411/anat/sub-CC120469_T1w/mri
AntsN4BiasFieldCorrectionFs -i orig.mgz -o ./tmp.mri_nu_correct.mni.1822499/nu0.mgz --dtype uchar
AntsN4BiasFieldCorrectionFs done
mri_convert ./tmp.mri_nu_correct.mni.1822499/nu0.mgz orig_nu.mgz --like orig.mgz --conform
mri_convert ./tmp.mri_nu_correct.mni.1822499/nu0.mgz orig_nu.mgz --like orig.mgz --conform 
reading from ./tmp.mri_nu_correct.mni.1822499/nu0.mgz...
TR=0.00, TE=0.00, TI=0.00, flip angle=0.00
i_ras = (-1, 0, 0)
j_ras = (0, -4.54747e-13, -1)
k_ras = (0, 1, 4.54747e-13)
INFO: transform src into the like-volume: orig.mgz
writing to orig_nu.mgz...
 
 
Wed Sep 25 10:47:01 BST 2024
mri_nu_correct.mni done
@#@FSTIME  2024:09:25:10:45:03 mri_nu_correct.mni N 12 e 118.35 S 0.42 U 117.48 P 99% M 517200 F 0 R 31311 W 0 c 109 w 151 I 0 O 0 L 113.91 112.03 115.69
@#@FSLOADPOST 2024:09:25:10:47:01 mri_nu_correct.mni N 12 106.21 109.46 114.30

 talairach_avi --i orig_nu.mgz --xfm transforms/talairach.auto.xfm 

talairach_avi log file is transforms/talairach_avi.log...
mv -f /rds/projects/q/quinna-camcan/cc700/mri/pipeline/release004/BIDS_20190411/anat/sub-CC120469_T1w/mri/talsrcimg_to_711-2C_as_mni_average_305_t4_vox2vox.txt /rds/projects/q/quinna-camcan/cc700/mri/pipeline/release004/BIDS_20190411/anat/sub-CC120469_T1w/mri/transforms/talsrcimg_to_711-2C_as_mni_average_305_t4_vox2vox.txt
Started at Wed Sep 25 10:47:02 BST 2024
Ended   at Wed Sep 25 10:47:20 BST 2024
talairach_avi done
@#@FSTIME  2024:09:25:10:47:02 talairach_avi N 4 e 18.77 S 1.26 U 11.26 P 66% M 255944 F 0 R 37858 W 0 c 48 w 537 I 0 O 32 L 106.21 109.46 114.30
@#@FSLOADPOST 2024:09:25:10:47:20 talairach_avi N 4 104.29 108.88 114.03

 cp transforms/talairach.auto.xfm transforms/talairach.xfm 

lta_convert --src orig.mgz --trg /rds/bear-apps/2022a/EL8-ice/software/FreeSurfer/7.4.1-centos8_x86_64/average/mni305.cor.mgz --inxfm transforms/talairach.xfm --outlta transforms/talairach.xfm.lta --subject fsaverage --ltavox2vox
7.4.1

--src: orig.mgz src image (geometry).
--trg: /rds/bear-apps/2022a/EL8-ice/software/FreeSurfer/7.4.1-centos8_x86_64/average/mni305.cor.mgz trg image (geometry).
--inmni: transforms/talairach.xfm input MNI/XFM transform.
--outlta: transforms/talairach.xfm.lta output LTA.
--s: fsaverage subject name
--ltavox2vox: output LTA as VOX_TO_VOX transform.
 LTA read, type : 1
 1.02956  -0.00194  -0.02111   4.94835;
 0.02546   1.01501   0.10467  -41.39130;
-0.00011  -0.09039   1.13612   14.50728;
 0.00000   0.00000   0.00000   1.00000;
setting subject to fsaverage
Writing  LTA to file transforms/talairach.xfm.lta...
lta_convert successful.
/rds/projects/q/quinna-camcan/cc700/mri/pipeline/release004/BIDS_20190411/anat/sub-CC120469_T1w/mri/transforms /rds/projects/q/quinna-camcan/cc700/mri/pipeline/release004/BIDS_20190411/anat/sub-CC120469_T1w/mri 
/rds/projects/q/quinna-camcan/cc700/mri/pipeline/release004/BIDS_20190411/anat/sub-CC120469_T1w/mri 
#--------------------------------------------
#@# Nu Intensity Correction Wed Sep 25 10:47:23 BST 2024

 mri_nu_correct.mni --i orig.mgz --o nu.mgz --uchar transforms/talairach.xfm --n 2 --ants-n4 

/usr/bin/bc
/rds/projects/q/quinna-camcan/cc700/mri/pipeline/release004/BIDS_20190411/anat/sub-CC120469_T1w/mri
/rds/bear-apps/2022a/EL8-ice/software/FreeSurfer/7.4.1-centos8_x86_64/bin/mri_nu_correct.mni
--i orig.mgz --o nu.mgz --uchar transforms/talairach.xfm --n 2 --ants-n4
nIters 2
mri_nu_correct.mni 7.4.1
Linux bear-pg0210u11b.bear.cluster 4.18.0-372.32.1.el8_6.x86_64 #1 SMP Fri Oct 7 12:35:10 EDT 2022 x86_64 x86_64 x86_64 GNU/Linux
Wed Sep 25 10:47:23 BST 2024
tmpdir is ./tmp.mri_nu_correct.mni.1826122
cd /rds/projects/q/quinna-camcan/cc700/mri/pipeline/release004/BIDS_20190411/anat/sub-CC120469_T1w/mri
AntsN4BiasFieldCorrectionFs -i orig.mgz -o ./tmp.mri_nu_correct.mni.1826122/nu0.mgz --dtype uchar
AntsN4BiasFieldCorrectionFs done
mri_binarize --i ./tmp.mri_nu_correct.mni.1826122/nu0.mgz --min -1 --o ./tmp.mri_nu_correct.mni.1826122/ones.mgz

7.4.1
cwd /rds/projects/q/quinna-camcan/cc700/mri/pipeline/release004/BIDS_20190411/anat/sub-CC120469_T1w/mri
cmdline mri_binarize --i ./tmp.mri_nu_correct.mni.1826122/nu0.mgz --min -1 --o ./tmp.mri_nu_correct.mni.1826122/ones.mgz 
sysname  Linux
hostname bear-pg0210u11b.bear.cluster
machine  x86_64
user     ghafarit

input      ./tmp.mri_nu_correct.mni.1826122/nu0.mgz
frame      0
nErode3d   0
nErode2d   0
output     ./tmp.mri_nu_correct.mni.1826122/ones.mgz
Binarizing based on threshold
min        -1
max        +infinity
binval        1
binvalnot     0
fstart = 0, fend = 0, nframes = 1
Starting parallel 1
Found 16777216 values in range
Counting number of voxels in first frame
Found 16777215 voxels in final mask
Writing output to ./tmp.mri_nu_correct.mni.1826122/ones.mgz
Count: 16777215 16777215.000000 16777216 99.999994
mri_binarize done
mri_segstats --id 1 --seg ./tmp.mri_nu_correct.mni.1826122/ones.mgz --i orig.mgz --sum ./tmp.mri_nu_correct.mni.1826122/sum.junk --avgwf ./tmp.mri_nu_correct.mni.1826122/input.mean.dat

7.4.1
cwd 
cmdline mri_segstats --id 1 --seg ./tmp.mri_nu_correct.mni.1826122/ones.mgz --i orig.mgz --sum ./tmp.mri_nu_correct.mni.1826122/sum.junk --avgwf ./tmp.mri_nu_correct.mni.1826122/input.mean.dat 
sysname  Linux
hostname bear-pg0210u11b.bear.cluster
machine  x86_64
user     ghafarit
whitesurfname  white
UseRobust  0
Loading ./tmp.mri_nu_correct.mni.1826122/ones.mgz
Loading orig.mgz
Voxel Volume is 1 mm^3
Generating list of segmentation ids
Found   1 segmentations
Computing statistics for each segmentation

Reporting on   1 segmentations
Using PrintSegStat
Computing spatial average of each frame

Writing to ./tmp.mri_nu_correct.mni.1826122/input.mean.dat
mri_segstats done
mri_segstats --id 1 --seg ./tmp.mri_nu_correct.mni.1826122/ones.mgz --i ./tmp.mri_nu_correct.mni.1826122/nu0.mgz --sum ./tmp.mri_nu_correct.mni.1826122/sum.junk --avgwf ./tmp.mri_nu_correct.mni.1826122/output.mean.dat

7.4.1
cwd 
cmdline mri_segstats --id 1 --seg ./tmp.mri_nu_correct.mni.1826122/ones.mgz --i ./tmp.mri_nu_correct.mni.1826122/nu0.mgz --sum ./tmp.mri_nu_correct.mni.1826122/sum.junk --avgwf ./tmp.mri_nu_correct.mni.1826122/output.mean.dat 
sysname  Linux
hostname bear-pg0210u11b.bear.cluster
machine  x86_64
user     ghafarit
whitesurfname  white
UseRobust  0
Loading ./tmp.mri_nu_correct.mni.1826122/ones.mgz
Loading ./tmp.mri_nu_correct.mni.1826122/nu0.mgz
Voxel Volume is 1 mm^3
Generating list of segmentation ids
Found   1 segmentations
Computing statistics for each segmentation

Reporting on   1 segmentations
Using PrintSegStat
Computing spatial average of each frame

Writing to ./tmp.mri_nu_correct.mni.1826122/output.mean.dat
mri_segstats done
mris_calc -o ./tmp.mri_nu_correct.mni.1826122/nu0.mgz ./tmp.mri_nu_correct.mni.1826122/nu0.mgz mul 1.11213586458780882082
Saving result to './tmp.mri_nu_correct.mni.1826122/nu0.mgz' (type = MGH )                       [ ok ]
mri_convert ./tmp.mri_nu_correct.mni.1826122/nu0.mgz nu.mgz --like orig.mgz
mri_convert ./tmp.mri_nu_correct.mni.1826122/nu0.mgz nu.mgz --like orig.mgz 
reading from ./tmp.mri_nu_correct.mni.1826122/nu0.mgz...
TR=0.00, TE=0.00, TI=0.00, flip angle=0.00
i_ras = (-1, 0, 0)
j_ras = (0, -4.54747e-13, -1)
k_ras = (0, 1, 4.54747e-13)
INFO: transform src into the like-volume: orig.mgz
writing to nu.mgz...
mri_make_uchar nu.mgz transforms/talairach.xfm nu.mgz
type change took 0 minutes and 4 seconds.
FIRST_PERCENTILE 0.010000
WM_PERCENTILE    0.900000
MAX_R 50.000000
i1 = 2, i2 = 48
#mri_make_uchar# mapping  5 124 to  3 110  :  b -2.12174 m 0.906867 : thresh 2.33964 maxsat 283.527 : nzero 12956950 nsat 0
 
 
Wed Sep 25 10:49:45 BST 2024
mri_nu_correct.mni done
@#@FSTIME  2024:09:25:10:47:23 mri_nu_correct.mni N 9 e 141.91 S 1.21 U 140.16 P 99% M 612228 F 0 R 175818 W 0 c 139 w 329 I 0 O 0 L 104.82 108.92 114.01
@#@FSLOADPOST 2024:09:25:10:49:45 mri_nu_correct.mni N 9 110.03 109.29 113.41

 mri_add_xform_to_header -c /rds/projects/q/quinna-camcan/cc700/mri/pipeline/release004/BIDS_20190411/anat/sub-CC120469_T1w/mri/transforms/talairach.xfm nu.mgz nu.mgz 

INFO: extension is mgz
@#@FSTIME  2024:09:25:10:49:45 mri_add_xform_to_header N 4 e 0.57 S 0.02 U 0.54 P 98% M 21584 F 0 R 1312 W 0 c 2 w 16 I 0 O 0 L 110.03 109.29 113.41
@#@FSLOADPOST 2024:09:25:10:49:46 mri_add_xform_to_header N 4 110.27 109.35 113.41
#--------------------------------------------
#@# Intensity Normalization Wed Sep 25 10:49:46 BST 2024
/rds/projects/q/quinna-camcan/cc700/mri/pipeline/release004/BIDS_20190411/anat/sub-CC120469_T1w/mri

 mri_normalize -g 1 -seed 1234 -mprage nu.mgz T1.mgz 

using max gradient = 1.000
setting seed for random number genererator to 1234
assuming input volume is MGH (Van der Kouwe) MP-RAGE
reading mri_src from nu.mgz...
normalizing image...
NOT doing gentle normalization with control points/label
talairach transform
 1.02956  -0.00194  -0.02111   4.94835;
 0.02546   1.01501   0.10467  -41.39130;
-0.00011  -0.09039   1.13612   14.50728;
 0.00000   0.00000   0.00000   1.00000;
processing without aseg, no1d=0
MRInormInit(): 
INFO: Modifying talairach volume c_(r,a,s) based on average_305
MRInormalize(): 
MRIsplineNormalize(): npeaks = 15
Starting OpenSpline(): npoints = 15
building Voronoi diagram...
performing soap bubble smoothing, sigma = 8...

Iterating 2 times
---------------------------------
3d normalization pass 1 of 2
white matter peak found at 110
white matter peak found at 110
gm peak at 80 (80), valley at 32 (32)
csf peak at 40, setting threshold to 66
building Voronoi diagram...
performing soap bubble smoothing, sigma = 8...
---------------------------------
3d normalization pass 2 of 2
white matter peak found at 110
white matter peak found at 110
gm peak at 80 (80), valley at 31 (31)
csf peak at 40, setting threshold to 66
building Voronoi diagram...
performing soap bubble smoothing, sigma = 8...
Done iterating ---------------------------------
writing output to T1.mgz
3D bias adjustment took 1 minutes and 24 seconds.
@#@FSTIME  2024:09:25:10:49:46 mri_normalize N 7 e 84.37 S 0.18 U 83.84 P 99% M 584076 F 0 R 12504 W 0 c 69 w 15 I 0 O 0 L 110.27 109.35 113.41
@#@FSLOADPOST 2024:09:25:10:51:10 mri_normalize N 7 104.29 107.79 112.53
#--------------------------------------------
#@# Skull Stripping Wed Sep 25 10:51:11 BST 2024
/rds/projects/q/quinna-camcan/cc700/mri/pipeline/release004/BIDS_20190411/anat/sub-CC120469_T1w/mri

 mri_em_register -skull nu.mgz /rds/bear-apps/2022a/EL8-ice/software/FreeSurfer/7.4.1-centos8_x86_64/average/RB_all_withskull_2020_01_02.gca transforms/talairach_with_skull.lta 

aligning to atlas containing skull, setting unknown_nbr_spacing = 5

== Number of threads available to mri_em_register for OpenMP = 1 == 
reading 1 input volumes...
logging results to talairach_with_skull.log
reading '/rds/bear-apps/2022a/EL8-ice/software/FreeSurfer/7.4.1-centos8_x86_64/average/RB_all_withskull_2020_01_02.gca'...
GCAread took 0 minutes and 1 seconds.
average std = 23.0   using min determinant for regularization = 52.8
0 singular and 9205 ill-conditioned covariance matrices regularized
reading 'nu.mgz'...
freeing gibbs priors...done.
accounting for voxel sizes in initial transform
bounding unknown intensity as < 8.9 or > 556.0 
total sample mean = 77.3 (1403 zeros)
************************************************
spacing=8, using 3292 sample points, tol=1.00e-05...
************************************************
register_mri: find_optimal_transform
find_optimal_transform: nsamples 3292, passno 0, spacing 8
resetting wm mean[0]: 100 --> 108
resetting gm mean[0]: 61 --> 61
input volume #1 is the most T1-like
using real data threshold=6.0
skull bounding box = (50, 50, 0) --> (213, 236, 211)
finding center of left hemi white matter
using (104, 112, 106) as brain centroid of Right_Cerebral_White_Matter...
MRImask(): AllowDiffGeom = 1
mean wm in atlas = 108, using box (84,89,80) --> (124, 134,132) to find MRI wm
before smoothing, mri peak at 109
robust fit to distribution - 108 +- 4.4
after smoothing, mri peak at 108, scaling input intensities by 1.000
scaling channel 0 by 1
initial log_p = -4.459
************************************************
First Search limited to translation only.
************************************************
max log p =    -4.424640 @ (-10.526, -10.526, -10.526)
max log p =    -4.308982 @ (5.263, -5.263, 5.263)
max log p =    -4.304146 @ (-2.632, 2.632, 2.632)
max log p =    -4.266233 @ (3.947, 1.316, 3.947)
max log p =    -4.264471 @ (-0.658, 3.289, -1.974)
max log p =    -4.261456 @ (-0.329, -3.618, 0.329)
max log p =    -4.261456 @ (0.000, 0.000, 0.000)
max log p =    -4.261456 @ (0.000, 0.000, 0.000)
Found translation: (-4.9, -12.2, -0.3): log p = -4.261
****************************************
Nine parameter search.  iteration 0 nscales = 0 ...
****************************************
Result so far: scale 1.000: max_log_p=-4.085, old_max_log_p =-4.261 (thresh=-4.3)
 1.07500   0.00000   0.00000  -14.68697;
 0.00000   1.22567   0.16136  -55.37492;
 0.00000  -0.13885   1.05465   8.74305;
 0.00000   0.00000   0.00000   1.00000;
iteration took 1 minutes and 25 seconds.
****************************************
Nine parameter search.  iteration 1 nscales = 0 ...
****************************************
Result so far: scale 1.000: max_log_p=-4.085, old_max_log_p =-4.085 (thresh=-4.1)
 1.07500   0.00000   0.00000  -14.68697;
 0.00000   1.22567   0.16136  -55.37492;
 0.00000  -0.13885   1.05465   8.74305;
 0.00000   0.00000   0.00000   1.00000;
reducing scale to 0.2500
iteration took 1 minutes and 27 seconds.
****************************************
Nine parameter search.  iteration 2 nscales = 1 ...
****************************************
Result so far: scale 0.250: max_log_p=-4.030, old_max_log_p =-4.085 (thresh=-4.1)
 1.01545  -0.00318   0.00175  -8.55831;
-0.00254   1.20614   0.12571  -49.92347;
-0.00234  -0.09531   1.03895   4.52547;
 0.00000   0.00000   0.00000   1.00000;
iteration took 1 minutes and 5 seconds.
****************************************
Nine parameter search.  iteration 3 nscales = 1 ...
****************************************
Result so far: scale 0.250: max_log_p=-4.030, old_max_log_p =-4.030 (thresh=-4.0)
 1.01545  -0.00318   0.00175  -8.55831;
-0.00254   1.20614   0.12571  -49.92347;
-0.00234  -0.09531   1.03895   4.52547;
 0.00000   0.00000   0.00000   1.00000;
reducing scale to 0.0625
iteration took 1 minutes and 4 seconds.
****************************************
Nine parameter search.  iteration 4 nscales = 2 ...
****************************************
Result so far: scale 0.062: max_log_p=-4.013, old_max_log_p =-4.030 (thresh=-4.0)
 1.01661  -0.01256  -0.00764  -5.75952;
 0.00589   1.20542   0.11685  -50.36614;
 0.00576  -0.08522   1.03871   2.45915;
 0.00000   0.00000   0.00000   1.00000;
iteration took 0 minutes and 55 seconds.
****************************************
Nine parameter search.  iteration 5 nscales = 2 ...
****************************************
Result so far: scale 0.062: max_log_p=-4.013, old_max_log_p =-4.013 (thresh=-4.0)
 1.01661  -0.01256  -0.00764  -5.75952;
 0.00589   1.20542   0.11685  -50.36614;
 0.00576  -0.08522   1.03871   2.45915;
 0.00000   0.00000   0.00000   1.00000;
min search scale 0.025000 reached
***********************************************
Computing MAP estimate using 3292 samples...
***********************************************
dt = 5.00e-06, momentum=0.80, tol=1.00e-05
l_intensity = 1.0000
Aligning input volume to GCA...
Transform matrix
 1.01661  -0.01256  -0.00764  -5.75952;
 0.00589   1.20542   0.11685  -50.36614;
 0.00576  -0.08522   1.03871   2.45915;
 0.00000   0.00000   0.00000   1.00000;
nsamples 3292
Quasinewton: input matrix
 1.01661  -0.01256  -0.00764  -5.75952;
 0.00589   1.20542   0.11685  -50.36614;
 0.00576  -0.08522   1.03871   2.45915;
 0.00000   0.00000   0.00000   1.00000;
 IFLAG= -1  LINE SEARCH FAILED. SEE DOCUMENTATION OF ROUTINE MCSRCH ERROR RETURN OF LINE SEARCH: INFO= 3 POSSIBLE CAUSES: FUNCTION OR GRADIENT ARE INCORRECT OR INCORRECT TOLERANCESoutof QuasiNewtonEMA: 008: -log(p) =   -0.0  tol 0.000010
Resulting transform:
 1.01661  -0.01256  -0.00764  -5.75952;
 0.00589   1.20542   0.11685  -50.36614;
 0.00576  -0.08522   1.03871   2.45915;
 0.00000   0.00000   0.00000   1.00000;

pass 1, spacing 8: log(p) = -4.013 (old=-4.459)
transform before final EM align:
 1.01661  -0.01256  -0.00764  -5.75952;
 0.00589   1.20542   0.11685  -50.36614;
 0.00576  -0.08522   1.03871   2.45915;
 0.00000   0.00000   0.00000   1.00000;

**************************************************
 EM alignment process ...
 Computing final MAP estimate using 364986 samples. 
**************************************************
dt = 5.00e-06, momentum=0.80, tol=1.00e-07
l_intensity = 1.0000
Aligning input volume to GCA...
Transform matrix
 1.01661  -0.01256  -0.00764  -5.75952;
 0.00589   1.20542   0.11685  -50.36614;
 0.00576  -0.08522   1.03871   2.45915;
 0.00000   0.00000   0.00000   1.00000;
nsamples 364986
Quasinewton: input matrix
 1.01661  -0.01256  -0.00764  -5.75952;
 0.00589   1.20542   0.11685  -50.36614;
 0.00576  -0.08522   1.03871   2.45915;
 0.00000   0.00000   0.00000   1.00000;
dfp_em_step_func: 009: -log(p) = 4.4
after pass:transform: ( 1.02, -0.01, -0.01, -5.76)
                      ( 0.01, 1.21, 0.12, -50.37)
                      ( 0.01, -0.09, 1.04, 2.46)
 IFLAG= -1  LINE SEARCH FAILED. SEE DOCUMENTATION OF ROUTINE MCSRCH ERROR RETURN OF LINE SEARCH: INFO= 3 POSSIBLE CAUSES: FUNCTION OR GRADIENT ARE INCORRECT OR INCORRECT TOLERANCESpass 2 through quasi-newton minimization...
 IFLAG= -1  LINE SEARCH FAILED. SEE DOCUMENTATION OF ROUTINE MCSRCH ERROR RETURN OF LINE SEARCH: INFO= 6 POSSIBLE CAUSES: FUNCTION OR GRADIENT ARE INCORRECT OR INCORRECT TOLERANCESoutof QuasiNewtonEMA: 011: -log(p) =    4.4  tol 0.000000
final transform:
 1.01661  -0.01256  -0.00764  -5.75952;
 0.00589   1.20542   0.11685  -50.36614;
 0.00576  -0.08522   1.03871   2.45915;
 0.00000   0.00000   0.00000   1.00000;

writing output transformation to transforms/talairach_with_skull.lta...
#VMPC# mri_em_register VmPeak  796888
FSRUNTIME@ mri_em_register  0.1357 hours 1 threads
registration took 8 minutes and 9 seconds.
@#@FSTIME  2024:09:25:10:51:11 mri_em_register N 4 e 488.69 S 0.80 U 485.91 P 99% M 627256 F 0 R 117989 W 0 c 176 w 19 I 0 O 0 L 105.31 107.95 112.56
@#@FSLOADPOST 2024:09:25:10:59:19 mri_em_register N 4 110.04 110.52 112.19

 mri_watershed -T1 -brain_atlas /rds/bear-apps/2022a/EL8-ice/software/FreeSurfer/7.4.1-centos8_x86_64/average/RB_all_withskull_2020_01_02.gca transforms/talairach_with_skull.lta T1.mgz brainmask.auto.mgz 


Mode:          T1 normalized volume
Mode:          Use the information of atlas (default parms, --help for details)

*********************************************************
The input file is T1.mgz
The output file is brainmask.auto.mgz
Weighting the input with atlas information before watershed

*************************WATERSHED**************************
Sorting...
      first estimation of the COG coord: x=133 y=126 z=114 r=75
      first estimation of the main basin volume: 1797857 voxels
      Looking for seedpoints 
        2 found in the cerebellum 
        18 found in the rest of the brain 
      global maximum in x=112, y=106, z=79, Imax=255
      CSF=18, WM_intensity=110, WM_VARIANCE=5
      WM_MIN=110, WM_HALF_MIN=110, WM_HALF_MAX=110, WM_MAX=110 
      preflooding height equal to 10 percent
done.
Analyze...

      main basin size=9439838492 voxels, voxel volume =1.000 
                     = 9439838492 mmm3 = 9439838.208 cm3
done.
PostAnalyze...Basin Prior
 34 basins merged thanks to atlas 
      ***** 0 basin(s) merged in 1 iteration(s)
      ***** 0 voxel(s) added to the main basin
done.
Weighting the input with prior template 

****************TEMPLATE DEFORMATION****************

      second estimation of the COG coord: x=131,y=129, z=106, r=9557 iterations
^^^^^^^^ couldn't find WM with original limits - expanding ^^^^^^

   GLOBAL      CSF_MIN=0, CSF_intensity=5, CSF_MAX=30 , nb = 45522
  RIGHT_CER    CSF_MIN=0, CSF_intensity=3, CSF_MAX=12 , nb = 3402
  LEFT_CER     CSF_MIN=0, CSF_intensity=3, CSF_MAX=14 , nb = 3042
 RIGHT_BRAIN   CSF_MIN=0, CSF_intensity=5, CSF_MAX=33 , nb = 19530
 LEFT_BRAIN    CSF_MIN=0, CSF_intensity=9, CSF_MAX=28 , nb = 19116
    OTHER      CSF_MIN=0, CSF_intensity=10, CSF_MAX=91 , nb = 432
 Problem with the least square interpolation in GM_MIN calculation.
   
                     CSF_MAX  TRANSITION  GM_MIN  GM
    GLOBAL     
  before analyzing :    30,      41,        52,   75
  after  analyzing :    30,      48,        52,   54
   RIGHT_CER   
  before analyzing :    12,      22,        58,   89
  after  analyzing :    12,      46,        58,   56
   LEFT_CER    
  before analyzing :    14,      24,        56,   88
  after  analyzing :    14,      45,        56,   55
  RIGHT_BRAIN  
  before analyzing :    33,      42,        50,   74
  after  analyzing :    33,      47,        50,   53
  LEFT_BRAIN   
  before analyzing :    28,      39,        53,   75
  after  analyzing :    28,      48,        53,   54
     OTHER     
  before analyzing :    91,      30,        21,   34
  after  analyzing :    22,      30,        30,   31
      mri_strip_skull: done peeling brain
      highly tesselated surface with 10242 vertices
      matching...62 iterations

*********************VALIDATION*********************
curvature mean = -0.013, std = 0.010
curvature mean = 71.071, std = 7.454

No Rigid alignment: -atlas Mode Off (basic atlas / no registration)
      before rotation: sse = 3.03, sigma = 4.18
      after  rotation: sse = 3.03, sigma = 4.18
Localization of inacurate regions: Erosion-Dilation steps
      the sse mean is  3.17, its var is  4.22   
      before Erosion-Dilatation  0.20% of inacurate vertices
      after  Erosion-Dilatation  0.00% of inacurate vertices
      Validation of the shape of the surface done.
Scaling of atlas fields onto current surface fields

********FINAL ITERATIVE TEMPLATE DEFORMATION********
Compute Local values csf/gray
Fine Segmentation...43 iterations

      mri_strip_skull: done peeling brain

Brain Size = 1727463 voxels, voxel volume = 1.000 mm3
           = 1727463 mmm3 = 1727.463 cm3


******************************
Saving brainmask.auto.mgz
done
mri_watershed done
@#@FSTIME  2024:09:25:10:59:20 mri_watershed N 6 e 11.56 S 0.37 U 11.10 P 99% M 810344 F 0 R 187166 W 0 c 18 w 36 I 0 O 0 L 110.04 110.52 112.19
@#@FSLOADPOST 2024:09:25:10:59:31 mri_watershed N 6 106.32 109.67 111.89

 cp brainmask.auto.mgz brainmask.mgz 

#-------------------------------------
#@# EM Registration Wed Sep 25 10:59:32 BST 2024
/rds/projects/q/quinna-camcan/cc700/mri/pipeline/release004/BIDS_20190411/anat/sub-CC120469_T1w/mri

 mri_em_register -uns 3 -mask brainmask.mgz nu.mgz /rds/bear-apps/2022a/EL8-ice/software/FreeSurfer/7.4.1-centos8_x86_64/average/RB_all_2020-01-02.gca transforms/talairach.lta 

setting unknown_nbr_spacing = 3
using MR volume brainmask.mgz to mask input volume...

== Number of threads available to mri_em_register for OpenMP = 1 == 
reading 1 input volumes...
logging results to talairach.log
reading '/rds/bear-apps/2022a/EL8-ice/software/FreeSurfer/7.4.1-centos8_x86_64/average/RB_all_2020-01-02.gca'...
GCAread took 0 minutes and 1 seconds.
average std = 7.2   using min determinant for regularization = 5.2
0 singular and 884 ill-conditioned covariance matrices regularized
reading 'nu.mgz'...
MRImask(): AllowDiffGeom = 1
MRImask(): AllowDiffGeom = 1
MRImask(): AllowDiffGeom = 1
MRImask(): AllowDiffGeom = 1
MRImask(): AllowDiffGeom = 1
freeing gibbs priors...done.
accounting for voxel sizes in initial transform
bounding unknown intensity as < 5.9 or > 519.0 
total sample mean = 79.1 (1017 zeros)
************************************************
spacing=8, using 2841 sample points, tol=1.00e-05...
************************************************
register_mri: find_optimal_transform
find_optimal_transform: nsamples 2841, passno 0, spacing 8
resetting wm mean[0]: 98 --> 107
resetting gm mean[0]: 61 --> 61
input volume #1 is the most T1-like
using real data threshold=22.1
skull bounding box = (62, 66, 26) --> (201, 192, 196)
finding center of left hemi white matter
using (108, 108, 111) as brain centroid of Right_Cerebral_White_Matter...
MRImask(): AllowDiffGeom = 1
mean wm in atlas = 107, using box (91,93,90) --> (125, 123,131) to find MRI wm
before smoothing, mri peak at 109
robust fit to distribution - 108 +- 4.3
after smoothing, mri peak at 108, scaling input intensities by 0.991
scaling channel 0 by 0.990741
initial log_p = -4.010
************************************************
First Search limited to translation only.
************************************************
max log p =    -3.979576 @ (-10.526, -10.526, -10.526)
max log p =    -3.770810 @ (5.263, 5.263, 5.263)
max log p =    -3.734355 @ (-2.632, -2.632, 2.632)
max log p =    -3.676772 @ (1.316, -1.316, -1.316)
max log p =    -3.648568 @ (-0.658, 4.605, 3.289)
max log p =    -3.648568 @ (0.000, 0.000, 0.000)
max log p =    -3.648568 @ (0.000, 0.000, 0.000)
max log p =    -3.648568 @ (0.000, 0.000, 0.000)
Found translation: (-7.2, -4.6, -0.7): log p = -3.649
****************************************
Nine parameter search.  iteration 0 nscales = 0 ...
****************************************
Result so far: scale 1.000: max_log_p=-3.635, old_max_log_p =-3.649 (thresh=-3.6)
 1.00000   0.00000   0.00000  -7.23685;
 0.00000   1.06375   0.00000  -12.50361;
 0.00000   0.00000   1.00000  -0.65790;
 0.00000   0.00000   0.00000   1.00000;
iteration took 1 minutes and 8 seconds.
****************************************
Nine parameter search.  iteration 1 nscales = 0 ...
****************************************
Result so far: scale 1.000: max_log_p=-3.625, old_max_log_p =-3.635 (thresh=-3.6)
 1.00000   0.00000   0.00000  -7.23685;
 0.00000   1.13375   0.14032  -43.56061;
 0.00000  -0.12843   0.91709   24.04982;
 0.00000   0.00000   0.00000   1.00000;
iteration took 1 minutes and 12 seconds.
****************************************
Nine parameter search.  iteration 2 nscales = 0 ...
****************************************
Result so far: scale 1.000: max_log_p=-3.621, old_max_log_p =-3.625 (thresh=-3.6)
 1.00000   0.00000   0.00000  -7.23685;
 0.00000   1.04872   0.12979  -31.34679;
 0.00000  -0.13807   0.98587   17.94699;
 0.00000   0.00000   0.00000   1.00000;
iteration took 1 minutes and 11 seconds.
****************************************
Nine parameter search.  iteration 3 nscales = 0 ...
****************************************
Result so far: scale 1.000: max_log_p=-3.610, old_max_log_p =-3.621 (thresh=-3.6)
 1.00000   0.00000   0.00000  -7.23685;
 0.00000   1.12737   0.13953  -42.64458;
 0.00000  -0.13807   0.98587   17.94699;
 0.00000   0.00000   0.00000   1.00000;
iteration took 1 minutes and 5 seconds.
****************************************
Nine parameter search.  iteration 4 nscales = 0 ...
****************************************
Result so far: scale 1.000: max_log_p=-3.610, old_max_log_p =-3.610 (thresh=-3.6)
 1.00000   0.00000   0.00000  -7.23685;
 0.00000   1.12737   0.13953  -42.64458;
 0.00000  -0.13807   0.98587   17.94699;
 0.00000   0.00000   0.00000   1.00000;
reducing scale to 0.2500
iteration took 1 minutes and 4 seconds.
****************************************
Nine parameter search.  iteration 5 nscales = 1 ...
****************************************
Result so far: scale 0.250: max_log_p=-3.475, old_max_log_p =-3.610 (thresh=-3.6)
 1.01695  -0.03594  -0.03330   0.74005;
 0.03089   1.10946   0.10617  -37.20520;
 0.03173  -0.10349   0.98921   8.70395;
 0.00000   0.00000   0.00000   1.00000;
iteration took 1 minutes and 8 seconds.
****************************************
Nine parameter search.  iteration 6 nscales = 1 ...
****************************************
Result so far: scale 0.250: max_log_p=-3.475, old_max_log_p =-3.475 (thresh=-3.5)
 1.01695  -0.03594  -0.03330   0.74005;
 0.03089   1.10946   0.10617  -37.20520;
 0.03173  -0.10349   0.98921   8.70395;
 0.00000   0.00000   0.00000   1.00000;
reducing scale to 0.0625
iteration took 0 minutes and 59 seconds.
****************************************
Nine parameter search.  iteration 7 nscales = 2 ...
****************************************
Result so far: scale 0.062: max_log_p=-3.465, old_max_log_p =-3.475 (thresh=-3.5)
 1.01575  -0.03590  -0.03326   0.88813;
 0.03089   1.10946   0.10617  -36.73645;
 0.03166  -0.10325   0.98690   8.93064;
 0.00000   0.00000   0.00000   1.00000;
iteration took 0 minutes and 45 seconds.
****************************************
Nine parameter search.  iteration 8 nscales = 2 ...
****************************************
Result so far: scale 0.062: max_log_p=-3.465, old_max_log_p =-3.465 (thresh=-3.5)
 1.01575  -0.03590  -0.03326   0.88813;
 0.03089   1.10946   0.10617  -36.73645;
 0.03166  -0.10325   0.98690   8.93064;
 0.00000   0.00000   0.00000   1.00000;
min search scale 0.025000 reached
***********************************************
Computing MAP estimate using 2841 samples...
***********************************************
dt = 5.00e-06, momentum=0.80, tol=1.00e-05
l_intensity = 1.0000
Aligning input volume to GCA...
Transform matrix
 1.01575  -0.03590  -0.03326   0.88813;
 0.03089   1.10946   0.10617  -36.73645;
 0.03166  -0.10325   0.98690   8.93064;
 0.00000   0.00000   0.00000   1.00000;
nsamples 2841
Quasinewton: input matrix
 1.01575  -0.03590  -0.03326   0.88813;
 0.03089   1.10946   0.10617  -36.73645;
 0.03166  -0.10325   0.98690   8.93064;
 0.00000   0.00000   0.00000   1.00000;
 IFLAG= -1  LINE SEARCH FAILED. SEE DOCUMENTATION OF ROUTINE MCSRCH ERROR RETURN OF LINE SEARCH: INFO= 4 POSSIBLE CAUSES: FUNCTION OR GRADIENT ARE INCORRECT OR INCORRECT TOLERANCESoutof QuasiNewtonEMA: 011: -log(p) =   -0.0  tol 0.000010
Resulting transform:
 1.01575  -0.03590  -0.03326   0.88813;
 0.03089   1.10946   0.10617  -36.73645;
 0.03166  -0.10325   0.98690   8.93064;
 0.00000   0.00000   0.00000   1.00000;

pass 1, spacing 8: log(p) = -3.465 (old=-4.010)
transform before final EM align:
 1.01575  -0.03590  -0.03326   0.88813;
 0.03089   1.10946   0.10617  -36.73645;
 0.03166  -0.10325   0.98690   8.93064;
 0.00000   0.00000   0.00000   1.00000;

**************************************************
 EM alignment process ...
 Computing final MAP estimate using 315638 samples. 
**************************************************
dt = 5.00e-06, momentum=0.80, tol=1.00e-07
l_intensity = 1.0000
Aligning input volume to GCA...
Transform matrix
 1.01575  -0.03590  -0.03326   0.88813;
 0.03089   1.10946   0.10617  -36.73645;
 0.03166  -0.10325   0.98690   8.93064;
 0.00000   0.00000   0.00000   1.00000;
nsamples 315638
Quasinewton: input matrix
 1.01575  -0.03590  -0.03326   0.88813;
 0.03089   1.10946   0.10617  -36.73645;
 0.03166  -0.10325   0.98690   8.93064;
 0.00000   0.00000   0.00000   1.00000;
 IFLAG= -1  LINE SEARCH FAILED. SEE DOCUMENTATION OF ROUTINE MCSRCH ERROR RETURN OF LINE SEARCH: INFO= 6 POSSIBLE CAUSES: FUNCTION OR GRADIENT ARE INCORRECT OR INCORRECT TOLERANCESoutof QuasiNewtonEMA: 013: -log(p) =    3.9  tol 0.000000
final transform:
 1.01575  -0.03590  -0.03326   0.88813;
 0.03089   1.10946   0.10617  -36.73645;
 0.03166  -0.10325   0.98690   8.93064;
 0.00000   0.00000   0.00000   1.00000;

writing output transformation to transforms/talairach.lta...
#VMPC# mri_em_register VmPeak  784340
FSRUNTIME@ mri_em_register  0.1657 hours 1 threads
registration took 9 minutes and 57 seconds.
@#@FSTIME  2024:09:25:10:59:33 mri_em_register N 7 e 596.57 S 0.97 U 593.31 P 99% M 614488 F 0 R 116045 W 0 c 172 w 21 I 0 O 0 L 106.32 109.67 111.89
@#@FSLOADPOST 2024:09:25:11:09:29 mri_em_register N 7 99.89 99.98 105.55
#--------------------------------------
#@# CA Normalize Wed Sep 25 11:09:29 BST 2024
/rds/projects/q/quinna-camcan/cc700/mri/pipeline/release004/BIDS_20190411/anat/sub-CC120469_T1w/mri

 mri_ca_normalize -c ctrl_pts.mgz -mask brainmask.mgz nu.mgz /rds/bear-apps/2022a/EL8-ice/software/FreeSurfer/7.4.1-centos8_x86_64/average/RB_all_2020-01-02.gca transforms/talairach.lta norm.mgz 

writing control point volume to ctrl_pts.mgz
using MR volume brainmask.mgz to mask input volume...
reading 1 input volume
reading atlas from '/rds/bear-apps/2022a/EL8-ice/software/FreeSurfer/7.4.1-centos8_x86_64/average/RB_all_2020-01-02.gca'...
reading transform from 'transforms/talairach.lta'...
reading input volume from nu.mgz...
resetting wm mean[0]: 98 --> 107
resetting gm mean[0]: 61 --> 61
input volume #1 is the most T1-like
using real data threshold=20.1
skull bounding box = (62, 66, 26) --> (201, 193, 197)
finding center of left hemi white matter
using (108, 108, 112) as brain centroid of Right_Cerebral_White_Matter...
mean wm in atlas = 107, using box (91,92,91) --> (125, 123,133) to find MRI wm
before smoothing, mri peak at 109
robust fit to distribution - 108 +- 4.3
after smoothing, mri peak at 108, scaling input intensities by 0.991
scaling channel 0 by 0.990741
using 246437 sample points...
INFO: compute sample coordinates transform
 1.01575  -0.03590  -0.03326   0.88813;
 0.03089   1.10946   0.10617  -36.73645;
 0.03166  -0.10325   0.98690   8.93064;
 0.00000   0.00000   0.00000   1.00000;
INFO: transform used
finding control points in Left_Cerebral_White_Matter....
found 40230 control points for structure...
bounding box (129, 66, 27) --> (197, 170, 196)
Left_Cerebral_White_Matter: limiting intensities to 97.0 --> 132.0
0 of 5518 (0.0%) samples deleted
finding control points in Right_Cerebral_White_Matter....
found 39478 control points for structure...
bounding box (67, 68, 28) --> (134, 173, 198)
Right_Cerebral_White_Matter: limiting intensities to 94.0 --> 132.0
0 of 4894 (0.0%) samples deleted
finding control points in Left_Cerebellum_White_Matter....
found 3105 control points for structure...
bounding box (133, 143, 52) --> (181, 184, 107)
Left_Cerebellum_White_Matter: limiting intensities to 97.0 --> 132.0
0 of 76 (0.0%) samples deleted
finding control points in Right_Cerebellum_White_Matter....
found 2710 control points for structure...
bounding box (89, 143, 51) --> (132, 184, 110)
Right_Cerebellum_White_Matter: limiting intensities to 88.0 --> 132.0
0 of 11 (0.0%) samples deleted
finding control points in Brain_Stem....
found 3475 control points for structure...
bounding box (116, 136, 89) --> (150, 199, 120)
Brain_Stem: limiting intensities to 88.0 --> 132.0
0 of 28 (0.0%) samples deleted
using 10527 total control points for intensity normalization...
bias field = 0.990 +- 0.043
50 of 10527 control points discarded
finding control points in Left_Cerebral_White_Matter....
found 40230 control points for structure...
bounding box (129, 66, 27) --> (197, 170, 196)
Left_Cerebral_White_Matter: limiting intensities to 92.0 --> 132.0
0 of 5969 (0.0%) samples deleted
finding control points in Right_Cerebral_White_Matter....
found 39478 control points for structure...
bounding box (67, 68, 28) --> (134, 173, 198)
Right_Cerebral_White_Matter: limiting intensities to 88.0 --> 132.0
1 of 5421 (0.0%) samples deleted
finding control points in Left_Cerebellum_White_Matter....
found 3105 control points for structure...
bounding box (133, 143, 52) --> (181, 184, 107)
Left_Cerebellum_White_Matter: limiting intensities to 88.0 --> 132.0
5 of 152 (3.3%) samples deleted
finding control points in Right_Cerebellum_White_Matter....
found 2710 control points for structure...
bounding box (89, 143, 51) --> (132, 184, 110)
Right_Cerebellum_White_Matter: limiting intensities to 88.0 --> 132.0
34 of 75 (45.3%) samples deleted
finding control points in Brain_Stem....
found 3475 control points for structure...
bounding box (116, 136, 89) --> (150, 199, 120)
Brain_Stem: limiting intensities to 88.0 --> 132.0
62 of 126 (49.2%) samples deleted
using 11743 total control points for intensity normalization...
bias field = 1.040 +- 0.045
18 of 11543 control points discarded
finding control points in Left_Cerebral_White_Matter....
found 40230 control points for structure...
bounding box (129, 66, 27) --> (197, 170, 196)
Left_Cerebral_White_Matter: limiting intensities to 92.0 --> 132.0
0 of 5996 (0.0%) samples deleted
finding control points in Right_Cerebral_White_Matter....
found 39478 control points for structure...
bounding box (67, 68, 28) --> (134, 173, 198)
Right_Cerebral_White_Matter: limiting intensities to 88.0 --> 132.0
4 of 5388 (0.1%) samples deleted
finding control points in Left_Cerebellum_White_Matter....
found 3105 control points for structure...
bounding box (133, 143, 52) --> (181, 184, 107)
Left_Cerebellum_White_Matter: limiting intensities to 88.0 --> 132.0
53 of 228 (23.2%) samples deleted
finding control points in Right_Cerebellum_White_Matter....
found 2710 control points for structure...
bounding box (89, 143, 51) --> (132, 184, 110)
Right_Cerebellum_White_Matter: limiting intensities to 88.0 --> 132.0
78 of 99 (78.8%) samples deleted
finding control points in Brain_Stem....
found 3475 control points for structure...
bounding box (116, 136, 89) --> (150, 199, 120)
Brain_Stem: limiting intensities to 88.0 --> 132.0
103 of 173 (59.5%) samples deleted
using 11884 total control points for intensity normalization...
bias field = 1.036 +- 0.043
10 of 11463 control points discarded
writing normalized volume to norm.mgz...
writing control points to ctrl_pts.mgz
freeing GCA...done.
normalization took 0 minutes and 41 seconds.
@#@FSTIME  2024:09:25:11:09:30 mri_ca_normalize N 8 e 40.84 S 0.41 U 40.27 P 99% M 918604 F 0 R 137591 W 0 c 44 w 23 I 0 O 0 L 99.89 99.98 105.55
@#@FSLOADPOST 2024:09:25:11:10:10 mri_ca_normalize N 8 95.66 98.93 104.97
#--------------------------------------
#@# CA Reg Wed Sep 25 11:10:11 BST 2024
/rds/projects/q/quinna-camcan/cc700/mri/pipeline/release004/BIDS_20190411/anat/sub-CC120469_T1w/mri

 mri_ca_register -nobigventricles -T transforms/talairach.lta -align-after -mask brainmask.mgz norm.mgz /rds/bear-apps/2022a/EL8-ice/software/FreeSurfer/7.4.1-centos8_x86_64/average/RB_all_2020-01-02.gca transforms/talairach.m3z 

not handling expanded ventricles...
using previously computed transform transforms/talairach.lta
renormalizing sequences with structure alignment, equivalent to:
	-renormalize
	-regularize_mean 0.500
	-regularize 0.500
using MR volume brainmask.mgz to mask input volume...

== Number of threads available to mri_ca_register for OpenMP = 1 == 
reading 1 input volumes...
logging results to talairach.log
reading input volume 'norm.mgz'...
reading GCA '/rds/bear-apps/2022a/EL8-ice/software/FreeSurfer/7.4.1-centos8_x86_64/average/RB_all_2020-01-02.gca'...
label assignment complete, 0 changed (0.00%)
freeing gibbs priors...done.
average std[0] = 5.0
Starting GCAMregister()
label assignment complete, 0 changed (0.00%)
npasses = 1, nlevels = 6
#pass# 1 of 1 ************************
enabling zero nodes
setting smoothness cost coefficient to 0.156

#GCAMreg# pass 0 level1 5 level2 0 tsec 0 sigma 2
l_jacobian=1.00 l_label=1.00 l_log_likelihood=0.20 l_smoothness=0.16 
tol=2.50e-01, dt=5.00e-02, exp_k=20.0, momentum=0.90, levels=6, niter=500, lbl_dist=10.00, avgs=256, sigma=2.0,type=2, relabel=0, neg=no

blurring input image with Gaussian with sigma=2.000...
GCAMRegisterLevel(): init RMS 0.82912










#GCAMreg# pass 0 level1 5 level2 1 tsec 172.511 sigma 0.5
l_jacobian=1.00 l_label=1.00 l_log_likelihood=0.20 l_smoothness=0.16 
tol=2.50e-01, dt=5.00e-02, exp_k=20.0, momentum=0.90, levels=6, niter=500, lbl_dist=10.00, avgs=256, sigma=0.5,type=2, relabel=0, neg=no

blurring input image with Gaussian with sigma=0.500...
GCAMRegisterLevel(): init RMS 0.717592















setting smoothness cost coefficient to 0.615

#GCAMreg# pass 0 level1 4 level2 0 tsec 0 sigma 2
l_jacobian=1.00 l_label=1.00 l_log_likelihood=0.20 l_smoothness=0.62 
tol=2.50e-01, dt=5.00e-02, exp_k=20.0, momentum=0.90, levels=6, niter=500, lbl_dist=10.00, avgs=64, sigma=2.0,type=2, relabel=0, neg=no

blurring input image with Gaussian with sigma=2.000...
GCAMRegisterLevel(): init RMS 0.706625
















#GCAMreg# pass 0 level1 4 level2 1 tsec 123.737 sigma 0.5
l_jacobian=1.00 l_label=1.00 l_log_likelihood=0.20 l_smoothness=0.62 
tol=2.50e-01, dt=5.00e-02, exp_k=20.0, momentum=0.90, levels=6, niter=500, lbl_dist=10.00, avgs=64, sigma=0.5,type=2, relabel=0, neg=no

blurring input image with Gaussian with sigma=0.500...
GCAMRegisterLevel(): init RMS 0.678065


setting smoothness cost coefficient to 2.353

#GCAMreg# pass 0 level1 3 level2 0 tsec 0 sigma 2
l_jacobian=1.00 l_label=1.00 l_log_likelihood=0.20 l_smoothness=2.35 
tol=2.50e-01, dt=5.00e-02, exp_k=20.0, momentum=0.90, levels=6, niter=500, lbl_dist=10.00, avgs=16, sigma=2.0,type=2, relabel=0, neg=no

blurring input image with Gaussian with sigma=2.000...
GCAMRegisterLevel(): init RMS 0.711052



#GCAMreg# pass 0 level1 3 level2 1 tsec 36.208 sigma 0.5
l_jacobian=1.00 l_label=1.00 l_log_likelihood=0.20 l_smoothness=2.35 
tol=2.50e-01, dt=5.00e-02, exp_k=20.0, momentum=0.90, levels=6, niter=500, lbl_dist=10.00, avgs=16, sigma=0.5,type=2, relabel=0, neg=no

blurring input image with Gaussian with sigma=0.500...
GCAMRegisterLevel(): init RMS 0.710016

setting smoothness cost coefficient to 8.000

#GCAMreg# pass 0 level1 2 level2 0 tsec 0 sigma 2
l_jacobian=1.00 l_label=1.00 l_log_likelihood=0.20 l_smoothness=8.00 
tol=2.50e-01, dt=5.00e-02, exp_k=20.0, momentum=0.90, levels=6, niter=500, lbl_dist=10.00, avgs=4, sigma=2.0,type=2, relabel=0, neg=no

blurring input image with Gaussian with sigma=2.000...
GCAMRegisterLevel(): init RMS 0.790206






#GCAMreg# pass 0 level1 2 level2 1 tsec 63.841 sigma 0.5
l_jacobian=1.00 l_label=1.00 l_log_likelihood=0.20 l_smoothness=8.00 
tol=2.50e-01, dt=5.00e-02, exp_k=20.0, momentum=0.90, levels=6, niter=500, lbl_dist=10.00, avgs=4, sigma=0.5,type=2, relabel=0, neg=no

blurring input image with Gaussian with sigma=0.500...
GCAMRegisterLevel(): init RMS 0.756364

setting smoothness cost coefficient to 20.000

#GCAMreg# pass 0 level1 1 level2 0 tsec 0 sigma 2
l_jacobian=1.00 l_label=1.00 l_log_likelihood=0.20 l_smoothness=20.00 
tol=2.50e-01, dt=5.00e-02, exp_k=20.0, momentum=0.90, levels=6, niter=500, lbl_dist=10.00, avgs=1, sigma=2.0,type=2, relabel=0, neg=no

blurring input image with Gaussian with sigma=2.000...
GCAMRegisterLevel(): init RMS 0.799725

















#GCAMreg# pass 0 level1 1 level2 1 tsec 96.974 sigma 0.5
l_jacobian=1.00 l_label=1.00 l_log_likelihood=0.20 l_smoothness=20.00 
tol=2.50e-01, dt=5.00e-02, exp_k=20.0, momentum=0.90, levels=6, niter=500, lbl_dist=10.00, avgs=1, sigma=0.5,type=2, relabel=0, neg=no

blurring input image with Gaussian with sigma=0.500...
GCAMRegisterLevel(): init RMS 0.787326


resetting metric properties...
setting smoothness cost coefficient to 40.000

#GCAMreg# pass 0 level1 0 level2 0 tsec 0 sigma 2
l_jacobian=1.00 l_label=1.00 l_log_likelihood=0.20 l_smoothness=40.00 
tol=2.50e-01, dt=5.00e-02, exp_k=20.0, momentum=0.90, levels=6, niter=500, lbl_dist=10.00, avgs=0, sigma=2.0,type=2, relabel=0, neg=no

blurring input image with Gaussian with sigma=2.000...
GCAMRegisterLevel(): init RMS 0.758366



#GCAMreg# pass 0 level1 0 level2 1 tsec 33.628 sigma 0.5
l_jacobian=1.00 l_label=1.00 l_log_likelihood=0.20 l_smoothness=40.00 
tol=2.50e-01, dt=5.00e-02, exp_k=20.0, momentum=0.90, levels=6, niter=500, lbl_dist=10.00, avgs=0, sigma=0.5,type=2, relabel=0, neg=no

blurring input image with Gaussian with sigma=0.500...
GCAMRegisterLevel(): init RMS 0.754116


GCAMregister done in 14.1047 min
Starting GCAmapRenormalizeWithAlignment() without scales
renormalizing by structure alignment....
renormalizing input #0
gca peak = 0.10253 (16)
mri peak = 0.15672 (27)
Left_Lateral_Ventricle (4): linear fit = 1.47 x + 0.0 (1160 voxels, overlap=0.477)
Left_Lateral_Ventricle (4): linear fit = 1.47 x + 0.0 (1160 voxels, peak = 23), gca=23.4
gca peak = 0.17690 (16)
mri peak = 0.07975 (28)
Right_Lateral_Ventricle (43): linear fit = 1.83 x + 0.0 (941 voxels, overlap=0.133)
Right_Lateral_Ventricle (43): linear fit = 1.50 x + 0.0 (941 voxels, peak = 29), gca=24.0
gca peak = 0.28275 (96)
mri peak = 0.10122 (101)
Right_Pallidum (52): linear fit = 1.07 x + 0.0 (1145 voxels, overlap=1.010)
Right_Pallidum (52): linear fit = 1.07 x + 0.0 (1145 voxels, peak = 102), gca=102.2
gca peak = 0.18948 (93)
mri peak = 0.08526 (103)
Left_Pallidum (13): linear fit = 1.09 x + 0.0 (948 voxels, overlap=0.635)
Left_Pallidum (13): linear fit = 1.09 x + 0.0 (948 voxels, peak = 101), gca=100.9
gca peak = 0.20755 (55)
mri peak = 0.07676 (69)
Right_Hippocampus (53): linear fit = 1.25 x + 0.0 (964 voxels, overlap=0.042)
Right_Hippocampus (53): linear fit = 1.25 x + 0.0 (964 voxels, peak = 68), gca=68.5
gca peak = 0.31831 (58)
mri peak = 0.07747 (77)
Left_Hippocampus (17): linear fit = 1.33 x + 0.0 (999 voxels, overlap=0.012)
Left_Hippocampus (17): linear fit = 1.33 x + 0.0 (999 voxels, peak = 77), gca=76.9
gca peak = 0.11957 (102)
mri peak = 0.11218 (104)
Right_Cerebral_White_Matter (41): linear fit = 1.02 x + 0.0 (69639 voxels, overlap=0.773)
Right_Cerebral_White_Matter (41): linear fit = 1.02 x + 0.0 (69639 voxels, peak = 105), gca=104.5
gca peak = 0.11429 (102)
mri peak = 0.14494 (106)
Left_Cerebral_White_Matter (2): linear fit = 1.02 x + 0.0 (72354 voxels, overlap=0.597)
Left_Cerebral_White_Matter (2): linear fit = 1.02 x + 0.0 (72354 voxels, peak = 105), gca=104.5
gca peak = 0.14521 (59)
mri peak = 0.04028 (75)
Left_Cerebral_Cortex (3): linear fit = 1.29 x + 0.0 (26502 voxels, overlap=0.003)
Left_Cerebral_Cortex (3): linear fit = 1.29 x + 0.0 (26502 voxels, peak = 76), gca=76.4
gca peak = 0.14336 (58)
mri peak = 0.04073 (77)
Right_Cerebral_Cortex (42): linear fit = 1.29 x + 0.0 (26822 voxels, overlap=0.008)
Right_Cerebral_Cortex (42): linear fit = 1.29 x + 0.0 (26822 voxels, peak = 75), gca=75.1
gca peak = 0.13305 (70)
mri peak = 0.12903 (84)
Right_Caudate (50): linear fit = 1.25 x + 0.0 (647 voxels, overlap=0.014)
Right_Caudate (50): linear fit = 1.25 x + 0.0 (647 voxels, peak = 87), gca=87.2
gca peak = 0.15761 (71)
mri peak = 0.11515 (88)
Left_Caudate (11): linear fit = 1.17 x + 0.0 (1115 voxels, overlap=0.058)
Left_Caudate (11): linear fit = 1.17 x + 0.0 (1115 voxels, peak = 83), gca=83.4
gca peak = 0.13537 (57)
mri peak = 0.06433 (75)
Left_Cerebellum_Cortex (8): linear fit = 1.35 x + 0.0 (24111 voxels, overlap=0.001)
Left_Cerebellum_Cortex (8): linear fit = 1.35 x + 0.0 (24111 voxels, peak = 77), gca=76.7
gca peak = 0.13487 (56)
mri peak = 0.05047 (70)
Right_Cerebellum_Cortex (47): linear fit = 1.29 x + 0.0 (25795 voxels, overlap=0.001)
Right_Cerebellum_Cortex (47): linear fit = 1.29 x + 0.0 (25795 voxels, peak = 73), gca=72.5
gca peak = 0.19040 (84)
mri peak = 0.10340 (89)
Left_Cerebellum_White_Matter (7): linear fit = 1.07 x + 0.0 (10441 voxels, overlap=0.747)
Left_Cerebellum_White_Matter (7): linear fit = 1.07 x + 0.0 (10441 voxels, peak = 89), gca=89.5
gca peak = 0.18871 (83)
mri peak = 0.09928 (83)
Right_Cerebellum_White_Matter (46): linear fit = 1.01 x + 0.0 (8418 voxels, overlap=0.890)
Right_Cerebellum_White_Matter (46): linear fit = 1.01 x + 0.0 (8418 voxels, peak = 84), gca=84.2
gca peak = 0.24248 (57)
mri peak = 0.10345 (88)
Left_Amygdala (18): linear fit = 1.46 x + 0.0 (463 voxels, overlap=0.057)
Left_Amygdala (18): linear fit = 1.46 x + 0.0 (463 voxels, peak = 83), gca=82.9
gca peak = 0.35833 (56)
mri peak = 0.09680 (75)
Right_Amygdala (54): linear fit = 1.32 x + 0.0 (602 voxels, overlap=0.047)
Right_Amygdala (54): linear fit = 1.32 x + 0.0 (602 voxels, peak = 74), gca=73.6
gca peak = 0.12897 (85)
mri peak = 0.06618 (98)
Left_Thalamus (10): linear fit = 1.12 x + 0.0 (6003 voxels, overlap=0.430)
Left_Thalamus (10): linear fit = 1.12 x + 0.0 (6003 voxels, peak = 96), gca=95.6
gca peak = 0.13127 (83)
mri peak = 0.07985 (91)
Right_Thalamus (49): linear fit = 1.09 x + 0.0 (4893 voxels, overlap=0.542)
Right_Thalamus (49): linear fit = 1.09 x + 0.0 (4893 voxels, peak = 90), gca=90.1
gca peak = 0.12974 (78)
mri peak = 0.07835 (97)
Left_Putamen (12): linear fit = 1.23 x + 0.0 (2535 voxels, overlap=0.011)
Left_Putamen (12): linear fit = 1.23 x + 0.0 (2535 voxels, peak = 96), gca=95.6
gca peak = 0.17796 (79)
mri peak = 0.06338 (91)
Right_Putamen (51): linear fit = 1.20 x + 0.0 (2716 voxels, overlap=0.061)
Right_Putamen (51): linear fit = 1.20 x + 0.0 (2716 voxels, peak = 94), gca=94.4
gca peak = 0.10999 (80)
mri peak = 0.09246 (83)
Brain_Stem (16): linear fit = 1.10 x + 0.0 (12601 voxels, overlap=0.415)
Brain_Stem (16): linear fit = 1.10 x + 0.0 (12601 voxels, peak = 88), gca=87.6
gca peak = 0.13215 (88)
mri peak = 0.07898 (92)
Right_VentralDC (60): linear fit = 1.09 x + 0.0 (1528 voxels, overlap=0.432)
Right_VentralDC (60): linear fit = 1.09 x + 0.0 (1528 voxels, peak = 95), gca=95.5
gca peak = 0.11941 (89)
mri peak = 0.10303 (100)
Left_VentralDC (28): linear fit = 1.10 x + 0.0 (1880 voxels, overlap=0.165)
Left_VentralDC (28): linear fit = 1.10 x + 0.0 (1880 voxels, peak = 97), gca=97.5
gca peak = 0.20775 (25)
uniform distribution in MR - rejecting arbitrary fit
gca peak = 0.13297 (21)
mri peak = 0.18033 (28)
Fourth_Ventricle (15): linear fit = 1.26 x + 0.0 (728 voxels, overlap=0.317)
Fourth_Ventricle (15): linear fit = 1.26 x + 0.0 (728 voxels, peak = 27), gca=26.6
gca peak Unknown = 0.94777 ( 0)
gca peak Left_Inf_Lat_Vent = 0.19087 (28)
gca peak Third_Ventricle = 0.20775 (25)
gca peak CSF = 0.16821 (33)
gca peak Left_Accumbens_area = 0.32850 (63)
gca peak Left_undetermined = 0.98480 (28)
gca peak Left_vessel = 0.40887 (53)
gca peak Left_choroid_plexus = 0.10898 (46)
gca peak Right_Inf_Lat_Vent = 0.17798 (26)
gca peak Right_Accumbens_area = 0.30137 (64)
gca peak Right_vessel = 0.47828 (52)
gca peak Right_choroid_plexus = 0.11612 (45)
gca peak Fifth_Ventricle = 0.59466 (35)
gca peak WM_hypointensities = 0.10053 (78)
gca peak non_WM_hypointensities = 0.07253 (60)
gca peak Optic_Chiasm = 0.25330 (73)
not using caudate to estimate GM means
estimating mean gm scale to be 1.32 x + 0.0
estimating mean wm scale to be 1.02 x + 0.0
estimating mean csf scale to be 1.41 x + 0.0
Left_Putamen too bright - rescaling by 0.985 (from 1.225) to 94.1 (was 95.6)
Right_Putamen too bright - rescaling by 0.997 (from 1.195) to 94.1 (was 94.4)
Right_Pallidum too bright - rescaling by 0.992 (from 1.065) to 101.4 (was 102.2)
saving intensity scales to talairach.label_intensities.txt
GCAmapRenormalizeWithAlignment() took 2.40363 min
noneg pre
Starting GCAMregister()
label assignment complete, 0 changed (0.00%)
npasses = 1, nlevels = 6
#pass# 1 of 1 ************************
enabling zero nodes
setting smoothness cost coefficient to 0.008

#GCAMreg# pass 0 level1 5 level2 0 tsec 0 sigma 2
l_jacobian=1.00 l_label=1.00 l_log_likelihood=0.20 l_smoothness=0.01 
tol=5.00e-02, dt=5.00e-02, exp_k=20.0, momentum=0.90, levels=6, niter=500, lbl_dist=10.00, avgs=256, sigma=2.0,type=2, relabel=0, neg=no

blurring input image with Gaussian with sigma=2.000...
GCAMRegisterLevel(): init RMS 0.745868







































































#GCAMreg# pass 0 level1 5 level2 1 tsec 598.431 sigma 0.5
l_jacobian=1.00 l_label=1.00 l_log_likelihood=0.20 l_smoothness=0.01 
tol=5.00e-02, dt=5.00e-02, exp_k=20.0, momentum=0.90, levels=6, niter=500, lbl_dist=10.00, avgs=256, sigma=0.5,type=2, relabel=0, neg=no

blurring input image with Gaussian with sigma=0.500...
GCAMRegisterLevel(): init RMS 0.623638






















setting smoothness cost coefficient to 0.031

#GCAMreg# pass 0 level1 4 level2 0 tsec 0 sigma 2
l_jacobian=1.00 l_label=1.00 l_log_likelihood=0.20 l_smoothness=0.03 
tol=5.00e-02, dt=5.00e-02, exp_k=20.0, momentum=0.90, levels=6, niter=500, lbl_dist=10.00, avgs=64, sigma=2.0,type=2, relabel=0, neg=no

blurring input image with Gaussian with sigma=2.000...
GCAMRegisterLevel(): init RMS 0.621139









































































































































#GCAMreg# pass 0 level1 4 level2 1 tsec 1029.29 sigma 0.5
l_jacobian=1.00 l_label=1.00 l_log_likelihood=0.20 l_smoothness=0.03 
tol=5.00e-02, dt=5.00e-02, exp_k=20.0, momentum=0.90, levels=6, niter=500, lbl_dist=10.00, avgs=64, sigma=0.5,type=2, relabel=0, neg=no

blurring input image with Gaussian with sigma=0.500...
GCAMRegisterLevel(): init RMS 0.541726














































setting smoothness cost coefficient to 0.118

#GCAMreg# pass 0 level1 3 level2 0 tsec 0 sigma 2
l_jacobian=1.00 l_label=1.00 l_log_likelihood=0.20 l_smoothness=0.12 
tol=5.00e-02, dt=5.00e-02, exp_k=20.0, momentum=0.90, levels=6, niter=500, lbl_dist=10.00, avgs=16, sigma=2.0,type=2, relabel=0, neg=no

blurring input image with Gaussian with sigma=2.000...
GCAMRegisterLevel(): init RMS 0.544018




#GCAMreg# pass 0 level1 3 level2 1 tsec 40.792 sigma 0.5
l_jacobian=1.00 l_label=1.00 l_log_likelihood=0.20 l_smoothness=0.12 
tol=5.00e-02, dt=5.00e-02, exp_k=20.0, momentum=0.90, levels=6, niter=500, lbl_dist=10.00, avgs=16, sigma=0.5,type=2, relabel=0, neg=no

blurring input image with Gaussian with sigma=0.500...
GCAMRegisterLevel(): init RMS 0.54358













































































