GCCcore/11.3.0
zlib/1.2.12-GCCcore-11.3.0
binutils/2.38-GCCcore-11.3.0
GCC/11.3.0
numactl/2.0.14-GCCcore-11.3.0
XZ/5.2.5-GCCcore-11.3.0
libxml2/2.9.13-GCCcore-11.3.0
libpciaccess/0.16-GCCcore-11.3.0
hwloc/2.7.1-GCCcore-11.3.0
OpenSSL/1.1
libevent/2.1.12-GCCcore-11.3.0
UCX/1.12.1-GCCcore-11.3.0
libfabric/1.15.1-GCCcore-11.3.0
PMIx/4.1.2-GCCcore-11.3.0
UCC/1.0.0-GCCcore-11.3.0
OpenMPI/4.1.4-GCC-11.3.0
OpenBLAS/0.3.20-GCC-11.3.0
FlexiBLAS/3.2.0-GCC-11.3.0
FFTW/3.3.10-GCC-11.3.0
gompi/2022a
FFTW.MPI/3.3.10-gompi-2022a
ScaLAPACK/2.2.0-gompi-2022a-fb
foss/2022a
bzip2/1.0.8-GCCcore-11.3.0
ncurses/6.3-GCCcore-11.3.0
libreadline/8.1.2-GCCcore-11.3.0
ncurses/6.3-GCCcore-11.3.0
Tcl/8.6.12-GCCcore-11.3.0
SQLite/3.38.3-GCCcore-11.3.0
GMP/6.2.1-GCCcore-11.3.0
libffi/3.4.2-GCCcore-11.3.0
Python/3.10.4-GCCcore-11.3.0
pybind11/2.9.2-GCCcore-11.3.0
SciPy-bundle/2022.05-foss-2022a
libxml2/2.9.13-GCCcore-11.3.0
libxslt/1.1.34-GCCcore-11.3.0
libpng/1.6.37-GCCcore-11.3.0
Brotli/1.0.9-GCCcore-11.3.0
freetype/2.12.1-GCCcore-11.3.0
expat/2.4.8-GCCcore-11.3.0
util-linux/2.38-GCCcore-11.3.0
fontconfig/2.14.0-GCCcore-11.3.0
xorg-macros/1.19.3-GCCcore-11.3.0
X11/20220504-GCCcore-11.3.0
Tk/8.6.12-GCCcore-11.3.0
Tkinter/3.10.4-GCCcore-11.3.0
NASM/2.15.05-GCCcore-11.3.0
libjpeg-turbo/2.1.3-GCCcore-11.3.0
jbigkit/2.1-GCCcore-11.3.0
gzip/1.12-GCCcore-11.3.0
lz4/1.9.3-GCCcore-11.3.0
zstd/1.5.2-GCCcore-11.3.0
libdeflate/1.10-GCCcore-11.3.0
LibTIFF/4.3.0-GCCcore-11.3.0
Pillow/9.1.1-GCCcore-11.3.0
Qhull/2020.2-GCCcore-11.3.0
matplotlib/3.5.2-foss-2022a
tqdm/4.64.0-GCCcore-11.3.0
scikit-learn/1.1.2-foss-2022a
LLVM/12.0.1-GCCcore-11.3.0
numba/0.56.4-foss-2022a
pydicom/2.3.0-GCCcore-11.3.0
NiBabel/4.0.2-foss-2022a
Szip/2.1.1-GCCcore-11.3.0
HDF5/1.12.2-gompi-2022a
h5py/3.7.0-foss-2022a
imageio/2.22.2-foss-2022a
libdrm/2.4.110-GCCcore-11.3.0
libglvnd/1.4.0-GCCcore-11.3.0
libunwind/1.6.2-GCCcore-11.3.0
Mesa/22.0.3-GCCcore-11.3.0
libGLU/9.0.2-GCCcore-11.3.0
VTK/9.2.2-foss-2022a
MNE-Python/1.3.1-foss-2022a
MCR/R2019b.8
FreeSurfer/7.4.1-centos8_x86_64
fs-check-version --s sub-CC120462_T1w --o /tmp/tmp.XuEolT
Mon Sep 23 17:52:06 BST 2024

setenv SUBJECTS_DIR /rds/projects/q/quinna-camcan/cc700/mri/pipeline/release004/BIDS_20190411/anat
cd /rds/projects/q/quinna-camcan/ghafarit-scripts/github/camcan-laterality/mne_python/source
/rds/bear-apps/2022a/EL8-ice/software/FreeSurfer/7.4.1-centos8_x86_64/bin/fs-check-version --s sub-CC120462_T1w --o /tmp/tmp.XuEolT
-rwxrwxr-x 1 branfosj-admin build 18565 Jun 14  2023 /rds/bear-apps/2022a/EL8-ice/software/FreeSurfer/7.4.1-centos8_x86_64/bin/fs-check-version

freesurfer-linux-centos8_x86_64-7.4.1-20230613-7eb8460
$Id$
Linux bear-pg0210u07a.bear.cluster 4.18.0-372.32.1.el8_6.x86_64 #1 SMP Fri Oct 7 12:35:10 EDT 2022 x86_64 x86_64 x86_64 GNU/Linux
pid 1328166
Current FS Version freesurfer-linux-centos8_x86_64-7.4.1-20230613-7eb8460
Subject does not have a bstampfile, copying /rds/bear-apps/2022a/EL8-ice/software/FreeSurfer/7.4.1-centos8_x86_64/build-stamp.txt
Subject FS Version: freesurfer-linux-centos8_x86_64-7.4.1-20230613-7eb8460
No constraints on version because REQ=UnSet and FsVerFile=NotThere
#@#% fs-check-version match = 1
fs-check-version Done
INFO: SUBJECTS_DIR is /rds/projects/q/quinna-camcan/cc700/mri/pipeline/release004/BIDS_20190411/anat
Actual FREESURFER_HOME /rds/bear-apps/2022a/EL8-ice/software/FreeSurfer/7.4.1-centos8_x86_64
Linux bear-pg0210u07a.bear.cluster 4.18.0-372.32.1.el8_6.x86_64 #1 SMP Fri Oct 7 12:35:10 EDT 2022 x86_64 x86_64 x86_64 GNU/Linux
/rds/projects/q/quinna-camcan/cc700/mri/pipeline/release004/BIDS_20190411/anat/sub-CC120462_T1w

 mri_convert /rds/projects/q/quinna-camcan/cc700/mri/pipeline/release004/BIDS_20190411/anat/sub-CC120462/anat/sub-CC120462_T1w.nii.gz /rds/projects/q/quinna-camcan/cc700/mri/pipeline/release004/BIDS_20190411/anat/sub-CC120462_T1w/mri/orig/001.mgz 

mri_convert /rds/projects/q/quinna-camcan/cc700/mri/pipeline/release004/BIDS_20190411/anat/sub-CC120462/anat/sub-CC120462_T1w.nii.gz /rds/projects/q/quinna-camcan/cc700/mri/pipeline/release004/BIDS_20190411/anat/sub-CC120462_T1w/mri/orig/001.mgz 
reading from /rds/projects/q/quinna-camcan/cc700/mri/pipeline/release004/BIDS_20190411/anat/sub-CC120462/anat/sub-CC120462_T1w.nii.gz...
TR=0.00, TE=0.00, TI=0.00, flip angle=0.00
i_ras = (-0.003515, -0.999994, 0)
j_ras = (-0.00350904, 1.19805e-05, 0.999994)
k_ras = (0.999988, -0.00351512, 0.00350875)
writing to /rds/projects/q/quinna-camcan/cc700/mri/pipeline/release004/BIDS_20190411/anat/sub-CC120462_T1w/mri/orig/001.mgz...
@#@FSTIME  2024:09:23:17:52:13 mri_convert N 2 e 4.65 S 0.03 U 4.56 P 98% M 54560 F 0 R 1353 W 0 c 13 w 31 I 0 O 0 L 28.90 27.99 28.80
@#@FSLOADPOST 2024:09:23:17:52:18 mri_convert N 2 29.15 28.05 28.81
#--------------------------------------------
#@# MotionCor Mon Sep 23 17:52:19 BST 2024
Found 1 runs
/rds/projects/q/quinna-camcan/cc700/mri/pipeline/release004/BIDS_20190411/anat/sub-CC120462_T1w/mri/orig/001.mgz
Checking for (invalid) multi-frame inputs...
Only one run found so motion
correction will not be performed. I'll
copy the run to rawavg and continue.

 cp /rds/projects/q/quinna-camcan/cc700/mri/pipeline/release004/BIDS_20190411/anat/sub-CC120462_T1w/mri/orig/001.mgz /rds/projects/q/quinna-camcan/cc700/mri/pipeline/release004/BIDS_20190411/anat/sub-CC120462_T1w/mri/rawavg.mgz 


 mri_info /rds/projects/q/quinna-camcan/cc700/mri/pipeline/release004/BIDS_20190411/anat/sub-CC120462_T1w/mri/rawavg.mgz 

rawavg.mgz ========================================
Volume information for /rds/projects/q/quinna-camcan/cc700/mri/pipeline/release004/BIDS_20190411/anat/sub-CC120462_T1w/mri/rawavg.mgz
          type: MGH
    dimensions: 256 x 256 x 192
   voxel sizes: 1.000000, 1.000000, 1.000000
          type: FLOAT (3)
           fov: 256.000
           dof: 1
        xstart: -128.0, xend: 128.0
        ystart: -128.0, yend: 128.0
        zstart: -96.0, zend: 96.0
            TR: 0.00 msec, TE: 0.00 msec, TI: 0.00 msec, flip angle: 0.00 degrees
       nframes: 1
       PhEncDir: UNKNOWN
       FieldStrength: 0.000000
ras xform present
    xform info: x_r =  -0.0035, y_r =  -0.0035, z_r =   1.0000, c_r =     1.7803
              : x_a =  -1.0000, y_a =   0.0000, z_a =  -0.0035, c_a =    12.4920
              : x_s =   0.0000, y_s =   1.0000, z_s =   0.0035, c_s =   -11.0751

talairach xfm : 
Orientation   : PSR
Primary Slice Direction: sagittal

voxel to ras transform:
               -0.0035  -0.0035   1.0000   -93.3194
               -1.0000   0.0000  -0.0035   140.8271
                0.0000   1.0000   0.0035  -139.4112
                0.0000   0.0000   0.0000     1.0000

voxel-to-ras determinant -1

ras to voxel transform:
               -0.0035  -1.0000  -0.0000   140.4982
               -0.0035   0.0000   1.0000   139.0812
                1.0000  -0.0035   0.0035    94.3025
               -0.0000  -0.0000  -0.0000     1.0000
/rds/projects/q/quinna-camcan/cc700/mri/pipeline/release004/BIDS_20190411/anat/sub-CC120462_T1w

 mri_convert /rds/projects/q/quinna-camcan/cc700/mri/pipeline/release004/BIDS_20190411/anat/sub-CC120462_T1w/mri/rawavg.mgz /rds/projects/q/quinna-camcan/cc700/mri/pipeline/release004/BIDS_20190411/anat/sub-CC120462_T1w/mri/orig.mgz --conform 

mri_convert /rds/projects/q/quinna-camcan/cc700/mri/pipeline/release004/BIDS_20190411/anat/sub-CC120462_T1w/mri/rawavg.mgz /rds/projects/q/quinna-camcan/cc700/mri/pipeline/release004/BIDS_20190411/anat/sub-CC120462_T1w/mri/orig.mgz --conform 
reading from /rds/projects/q/quinna-camcan/cc700/mri/pipeline/release004/BIDS_20190411/anat/sub-CC120462_T1w/mri/rawavg.mgz...
TR=0.00, TE=0.00, TI=0.00, flip angle=0.00
i_ras = (-0.003515, -0.999994, 0)
j_ras = (-0.00350904, 1.19805e-05, 0.999994)
k_ras = (0.999988, -0.00351512, 0.00350875)
changing data type from float to uchar (noscale = 0)...
MRIchangeType: Building histogram 0 954 1000, flo=0, fhi=0.999, dest_type=0
Reslicing using trilinear interpolation 
writing to /rds/projects/q/quinna-camcan/cc700/mri/pipeline/release004/BIDS_20190411/anat/sub-CC120462_T1w/mri/orig.mgz...
@#@FSTIME  2024:09:23:17:52:22 mri_convert N 3 e 3.55 S 0.03 U 3.51 P 99% M 66840 F 0 R 6617 W 0 c 9 w 16 I 0 O 0 L 29.14 28.07 28.81
@#@FSLOADPOST 2024:09:23:17:52:26 mri_convert N 3 29.29 28.12 28.83

 mri_add_xform_to_header -c /rds/projects/q/quinna-camcan/cc700/mri/pipeline/release004/BIDS_20190411/anat/sub-CC120462_T1w/mri/transforms/talairach.xfm /rds/projects/q/quinna-camcan/cc700/mri/pipeline/release004/BIDS_20190411/anat/sub-CC120462_T1w/mri/orig.mgz /rds/projects/q/quinna-camcan/cc700/mri/pipeline/release004/BIDS_20190411/anat/sub-CC120462_T1w/mri/orig.mgz 

INFO: extension is mgz
@#@FSTIME  2024:09:23:17:52:26 mri_add_xform_to_header N 4 e 1.46 S 0.01 U 1.31 P 90% M 21600 F 0 R 1306 W 0 c 5 w 19 I 0 O 0 L 29.29 28.12 28.83
@#@FSLOADPOST 2024:09:23:17:52:28 mri_add_xform_to_header N 4 29.29 28.12 28.83

 mri_info /rds/projects/q/quinna-camcan/cc700/mri/pipeline/release004/BIDS_20190411/anat/sub-CC120462_T1w/mri/orig.mgz 

orig.mgz ========================================
Volume information for /rds/projects/q/quinna-camcan/cc700/mri/pipeline/release004/BIDS_20190411/anat/sub-CC120462_T1w/mri/orig.mgz
          type: MGH
    dimensions: 256 x 256 x 256
   voxel sizes: 1.000000, 1.000000, 1.000000
          type: UCHAR (0)
           fov: 256.000
           dof: 1
        xstart: -128.0, xend: 128.0
        ystart: -128.0, yend: 128.0
        zstart: -128.0, zend: 128.0
            TR: 0.00 msec, TE: 0.00 msec, TI: 0.00 msec, flip angle: 0.00 degrees
       nframes: 1
       PhEncDir: UNKNOWN
       FieldStrength: 0.000000
ras xform present
    xform info: x_r =  -1.0000, y_r =   0.0000, z_r =   0.0000, c_r =     1.7803
              : x_a =   0.0000, y_a =  -0.0000, z_a =   1.0000, c_a =    12.4920
              : x_s =   0.0000, y_s =  -1.0000, z_s =  -0.0000, c_s =   -11.0751

talairach xfm : /rds/projects/q/quinna-camcan/cc700/mri/pipeline/release004/BIDS_20190411/anat/sub-CC120462_T1w/mri/transforms/talairach.xfm
Orientation   : LIA
Primary Slice Direction: coronal

voxel to ras transform:
               -1.0000   0.0000   0.0000   129.7803
                0.0000  -0.0000   1.0000  -115.5080
                0.0000  -1.0000  -0.0000   116.9249
                0.0000   0.0000   0.0000     1.0000

voxel-to-ras determinant -1

ras to voxel transform:
               -1.0000  -0.0000  -0.0000   129.7803
               -0.0000  -0.0000  -1.0000   116.9249
               -0.0000   1.0000  -0.0000   115.5080
               -0.0000  -0.0000  -0.0000     1.0000
#--------------------------------------------
#@# Talairach Mon Sep 23 17:52:28 BST 2024
/rds/projects/q/quinna-camcan/cc700/mri/pipeline/release004/BIDS_20190411/anat/sub-CC120462_T1w/mri

 mri_nu_correct.mni --no-rescale --i orig.mgz --o orig_nu.mgz --ants-n4 --n 1 --proto-iters 1000 --distance 50 

/usr/bin/bc
/rds/projects/q/quinna-camcan/cc700/mri/pipeline/release004/BIDS_20190411/anat/sub-CC120462_T1w/mri
/rds/bear-apps/2022a/EL8-ice/software/FreeSurfer/7.4.1-centos8_x86_64/bin/mri_nu_correct.mni
--no-rescale --i orig.mgz --o orig_nu.mgz --ants-n4 --n 1 --proto-iters 1000 --distance 50
nIters 1
mri_nu_correct.mni 7.4.1
Linux bear-pg0210u07a.bear.cluster 4.18.0-372.32.1.el8_6.x86_64 #1 SMP Fri Oct 7 12:35:10 EDT 2022 x86_64 x86_64 x86_64 GNU/Linux
Mon Sep 23 17:52:28 BST 2024
tmpdir is ./tmp.mri_nu_correct.mni.1329390
cd /rds/projects/q/quinna-camcan/cc700/mri/pipeline/release004/BIDS_20190411/anat/sub-CC120462_T1w/mri
AntsN4BiasFieldCorrectionFs -i orig.mgz -o ./tmp.mri_nu_correct.mni.1329390/nu0.mgz --dtype uchar
AntsN4BiasFieldCorrectionFs done
mri_convert ./tmp.mri_nu_correct.mni.1329390/nu0.mgz orig_nu.mgz --like orig.mgz --conform
mri_convert ./tmp.mri_nu_correct.mni.1329390/nu0.mgz orig_nu.mgz --like orig.mgz --conform 
reading from ./tmp.mri_nu_correct.mni.1329390/nu0.mgz...
TR=0.00, TE=0.00, TI=0.00, flip angle=0.00
i_ras = (-1, 0, 0)
j_ras = (0, -9.09495e-13, -1)
k_ras = (0, 1, -9.09495e-13)
INFO: transform src into the like-volume: orig.mgz
writing to orig_nu.mgz...
 
 
Mon Sep 23 17:54:19 BST 2024
mri_nu_correct.mni done
@#@FSTIME  2024:09:23:17:52:28 mri_nu_correct.mni N 12 e 110.82 S 0.51 U 110.08 P 99% M 517472 F 0 R 30915 W 0 c 86 w 1925 I 0 O 0 L 29.29 28.12 28.83
@#@FSLOADPOST 2024:09:23:17:54:19 mri_nu_correct.mni N 12 31.14 29.26 29.17

 talairach_avi --i orig_nu.mgz --xfm transforms/talairach.auto.xfm 

talairach_avi log file is transforms/talairach_avi.log...
mv -f /rds/projects/q/quinna-camcan/cc700/mri/pipeline/release004/BIDS_20190411/anat/sub-CC120462_T1w/mri/talsrcimg_to_711-2C_as_mni_average_305_t4_vox2vox.txt /rds/projects/q/quinna-camcan/cc700/mri/pipeline/release004/BIDS_20190411/anat/sub-CC120462_T1w/mri/transforms/talsrcimg_to_711-2C_as_mni_average_305_t4_vox2vox.txt
Started at Mon Sep 23 17:54:19 BST 2024
Ended   at Mon Sep 23 17:54:37 BST 2024
talairach_avi done
@#@FSTIME  2024:09:23:17:54:19 talairach_avi N 4 e 17.44 S 1.06 U 10.27 P 64% M 256052 F 0 R 38022 W 0 c 66 w 2593 I 0 O 32 L 31.14 29.26 29.17
@#@FSLOADPOST 2024:09:23:17:54:37 talairach_avi N 4 30.78 29.31 29.19

 cp transforms/talairach.auto.xfm transforms/talairach.xfm 

lta_convert --src orig.mgz --trg /rds/bear-apps/2022a/EL8-ice/software/FreeSurfer/7.4.1-centos8_x86_64/average/mni305.cor.mgz --inxfm transforms/talairach.xfm --outlta transforms/talairach.xfm.lta --subject fsaverage --ltavox2vox
7.4.1

--src: orig.mgz src image (geometry).
--trg: /rds/bear-apps/2022a/EL8-ice/software/FreeSurfer/7.4.1-centos8_x86_64/average/mni305.cor.mgz trg image (geometry).
--inmni: transforms/talairach.xfm input MNI/XFM transform.
--outlta: transforms/talairach.xfm.lta output LTA.
--s: fsaverage subject name
--ltavox2vox: output LTA as VOX_TO_VOX transform.
 LTA read, type : 1
 1.08017  -0.00517  -0.06836  -2.74344;
-0.03713   1.05791   0.20898  -23.86076;
 0.06126  -0.19684   1.17470   40.30565;
 0.00000   0.00000   0.00000   1.00000;
setting subject to fsaverage
Writing  LTA to file transforms/talairach.xfm.lta...
lta_convert successful.
/rds/projects/q/quinna-camcan/cc700/mri/pipeline/release004/BIDS_20190411/anat/sub-CC120462_T1w/mri/transforms /rds/projects/q/quinna-camcan/cc700/mri/pipeline/release004/BIDS_20190411/anat/sub-CC120462_T1w/mri 
/rds/projects/q/quinna-camcan/cc700/mri/pipeline/release004/BIDS_20190411/anat/sub-CC120462_T1w/mri 
#--------------------------------------------
#@# Nu Intensity Correction Mon Sep 23 17:54:39 BST 2024

 mri_nu_correct.mni --i orig.mgz --o nu.mgz --uchar transforms/talairach.xfm --n 2 --ants-n4 

/usr/bin/bc
/rds/projects/q/quinna-camcan/cc700/mri/pipeline/release004/BIDS_20190411/anat/sub-CC120462_T1w/mri
/rds/bear-apps/2022a/EL8-ice/software/FreeSurfer/7.4.1-centos8_x86_64/bin/mri_nu_correct.mni
--i orig.mgz --o nu.mgz --uchar transforms/talairach.xfm --n 2 --ants-n4
nIters 2
mri_nu_correct.mni 7.4.1
Linux bear-pg0210u07a.bear.cluster 4.18.0-372.32.1.el8_6.x86_64 #1 SMP Fri Oct 7 12:35:10 EDT 2022 x86_64 x86_64 x86_64 GNU/Linux
Mon Sep 23 17:54:39 BST 2024
tmpdir is ./tmp.mri_nu_correct.mni.1331910
cd /rds/projects/q/quinna-camcan/cc700/mri/pipeline/release004/BIDS_20190411/anat/sub-CC120462_T1w/mri
AntsN4BiasFieldCorrectionFs -i orig.mgz -o ./tmp.mri_nu_correct.mni.1331910/nu0.mgz --dtype uchar
AntsN4BiasFieldCorrectionFs done
mri_binarize --i ./tmp.mri_nu_correct.mni.1331910/nu0.mgz --min -1 --o ./tmp.mri_nu_correct.mni.1331910/ones.mgz

7.4.1
cwd /rds/projects/q/quinna-camcan/cc700/mri/pipeline/release004/BIDS_20190411/anat/sub-CC120462_T1w/mri
cmdline mri_binarize --i ./tmp.mri_nu_correct.mni.1331910/nu0.mgz --min -1 --o ./tmp.mri_nu_correct.mni.1331910/ones.mgz 
sysname  Linux
hostname bear-pg0210u07a.bear.cluster
machine  x86_64
user     ghafarit

input      ./tmp.mri_nu_correct.mni.1331910/nu0.mgz
frame      0
nErode3d   0
nErode2d   0
output     ./tmp.mri_nu_correct.mni.1331910/ones.mgz
Binarizing based on threshold
min        -1
max        +infinity
binval        1
binvalnot     0
fstart = 0, fend = 0, nframes = 1
Starting parallel 1
Found 16777216 values in range
Counting number of voxels in first frame
Found 16777215 voxels in final mask
Writing output to ./tmp.mri_nu_correct.mni.1331910/ones.mgz
Count: 16777215 16777215.000000 16777216 99.999994
mri_binarize done
mri_segstats --id 1 --seg ./tmp.mri_nu_correct.mni.1331910/ones.mgz --i orig.mgz --sum ./tmp.mri_nu_correct.mni.1331910/sum.junk --avgwf ./tmp.mri_nu_correct.mni.1331910/input.mean.dat

7.4.1
cwd 
cmdline mri_segstats --id 1 --seg ./tmp.mri_nu_correct.mni.1331910/ones.mgz --i orig.mgz --sum ./tmp.mri_nu_correct.mni.1331910/sum.junk --avgwf ./tmp.mri_nu_correct.mni.1331910/input.mean.dat 
sysname  Linux
hostname bear-pg0210u07a.bear.cluster
machine  x86_64
user     ghafarit
whitesurfname  white
UseRobust  0
Loading ./tmp.mri_nu_correct.mni.1331910/ones.mgz
Loading orig.mgz
Voxel Volume is 1 mm^3
Generating list of segmentation ids
Found   1 segmentations
Computing statistics for each segmentation

Reporting on   1 segmentations
Using PrintSegStat
Computing spatial average of each frame

Writing to ./tmp.mri_nu_correct.mni.1331910/input.mean.dat
mri_segstats done
mri_segstats --id 1 --seg ./tmp.mri_nu_correct.mni.1331910/ones.mgz --i ./tmp.mri_nu_correct.mni.1331910/nu0.mgz --sum ./tmp.mri_nu_correct.mni.1331910/sum.junk --avgwf ./tmp.mri_nu_correct.mni.1331910/output.mean.dat

7.4.1
cwd 
cmdline mri_segstats --id 1 --seg ./tmp.mri_nu_correct.mni.1331910/ones.mgz --i ./tmp.mri_nu_correct.mni.1331910/nu0.mgz --sum ./tmp.mri_nu_correct.mni.1331910/sum.junk --avgwf ./tmp.mri_nu_correct.mni.1331910/output.mean.dat 
sysname  Linux
hostname bear-pg0210u07a.bear.cluster
machine  x86_64
user     ghafarit
whitesurfname  white
UseRobust  0
Loading ./tmp.mri_nu_correct.mni.1331910/ones.mgz
Loading ./tmp.mri_nu_correct.mni.1331910/nu0.mgz
Voxel Volume is 1 mm^3
Generating list of segmentation ids
Found   1 segmentations
Computing statistics for each segmentation

Reporting on   1 segmentations
Using PrintSegStat
Computing spatial average of each frame

Writing to ./tmp.mri_nu_correct.mni.1331910/output.mean.dat
mri_segstats done
mris_calc -o ./tmp.mri_nu_correct.mni.1331910/nu0.mgz ./tmp.mri_nu_correct.mni.1331910/nu0.mgz mul 1.12037736762415991867
Saving result to './tmp.mri_nu_correct.mni.1331910/nu0.mgz' (type = MGH )                       [ ok ]
mri_convert ./tmp.mri_nu_correct.mni.1331910/nu0.mgz nu.mgz --like orig.mgz
mri_convert ./tmp.mri_nu_correct.mni.1331910/nu0.mgz nu.mgz --like orig.mgz 
reading from ./tmp.mri_nu_correct.mni.1331910/nu0.mgz...
TR=0.00, TE=0.00, TI=0.00, flip angle=0.00
i_ras = (-1, 0, 0)
j_ras = (0, -9.09495e-13, -1)
k_ras = (0, 1, -9.09495e-13)
INFO: transform src into the like-volume: orig.mgz
writing to nu.mgz...
mri_make_uchar nu.mgz transforms/talairach.xfm nu.mgz
type change took 0 minutes and 3 seconds.
FIRST_PERCENTILE 0.010000
WM_PERCENTILE    0.900000
MAX_R 50.000000
i1 = 2, i2 = 44
#mri_make_uchar# mapping  5 113 to  3 110  :  b -2.56667 m 0.993235 : thresh 2.58415 maxsat 259.321 : nzero 13107913 nsat 44
 
 
Mon Sep 23 17:56:44 BST 2024
mri_nu_correct.mni done
@#@FSTIME  2024:09:23:17:54:39 mri_nu_correct.mni N 9 e 124.58 S 1.58 U 122.59 P 99% M 612324 F 0 R 175519 W 0 c 351 w 98035 I 0 O 0 L 30.78 29.31 29.19
@#@FSLOADPOST 2024:09:23:17:56:44 mri_nu_correct.mni N 9 31.94 30.13 29.50

 mri_add_xform_to_header -c /rds/projects/q/quinna-camcan/cc700/mri/pipeline/release004/BIDS_20190411/anat/sub-CC120462_T1w/mri/transforms/talairach.xfm nu.mgz nu.mgz 

INFO: extension is mgz
@#@FSTIME  2024:09:23:17:56:44 mri_add_xform_to_header N 4 e 0.58 S 0.01 U 0.38 P 68% M 21540 F 0 R 1310 W 0 c 2 w 19 I 0 O 0 L 31.94 30.13 29.50
@#@FSLOADPOST 2024:09:23:17:56:44 mri_add_xform_to_header N 4 31.78 30.13 29.50
#--------------------------------------------
#@# Intensity Normalization Mon Sep 23 17:56:44 BST 2024
/rds/projects/q/quinna-camcan/cc700/mri/pipeline/release004/BIDS_20190411/anat/sub-CC120462_T1w/mri

 mri_normalize -g 1 -seed 1234 -mprage nu.mgz T1.mgz 

using max gradient = 1.000
setting seed for random number genererator to 1234
assuming input volume is MGH (Van der Kouwe) MP-RAGE
reading mri_src from nu.mgz...
normalizing image...
NOT doing gentle normalization with control points/label
talairach transform
 1.08017  -0.00517  -0.06836  -2.74344;
-0.03713   1.05791   0.20898  -23.86076;
 0.06126  -0.19684   1.17470   40.30565;
 0.00000   0.00000   0.00000   1.00000;
processing without aseg, no1d=0
MRInormInit(): 
INFO: Modifying talairach volume c_(r,a,s) based on average_305
MRInormalize(): 
MRIsplineNormalize(): npeaks = 9
Starting OpenSpline(): npoints = 9
building Voronoi diagram...
performing soap bubble smoothing, sigma = 8...

Iterating 2 times
---------------------------------
3d normalization pass 1 of 2
white matter peak found at 110
white matter peak found at 110
gm peak at 82 (82), valley at 56 (56)
csf peak at 33, setting threshold to 65
building Voronoi diagram...
performing soap bubble smoothing, sigma = 8...
---------------------------------
3d normalization pass 2 of 2
white matter peak found at 110
white matter peak found at 110
gm peak at 80 (80), valley at 54 (54)
csf peak at 33, setting threshold to 64
building Voronoi diagram...
performing soap bubble smoothing, sigma = 8...
Done iterating ---------------------------------
writing output to T1.mgz
3D bias adjustment took 1 minutes and 9 seconds.
@#@FSTIME  2024:09:23:17:56:45 mri_normalize N 7 e 69.76 S 0.13 U 69.40 P 99% M 583964 F 0 R 11924 W 0 c 161 w 11 I 0 O 0 L 31.78 30.13 29.50
@#@FSLOADPOST 2024:09:23:17:57:55 mri_normalize N 7 31.12 30.27 29.60
#--------------------------------------------
#@# Skull Stripping Mon Sep 23 17:57:55 BST 2024
/rds/projects/q/quinna-camcan/cc700/mri/pipeline/release004/BIDS_20190411/anat/sub-CC120462_T1w/mri

 mri_em_register -skull nu.mgz /rds/bear-apps/2022a/EL8-ice/software/FreeSurfer/7.4.1-centos8_x86_64/average/RB_all_withskull_2020_01_02.gca transforms/talairach_with_skull.lta 

aligning to atlas containing skull, setting unknown_nbr_spacing = 5

== Number of threads available to mri_em_register for OpenMP = 1 == 
reading 1 input volumes...
logging results to talairach_with_skull.log
reading '/rds/bear-apps/2022a/EL8-ice/software/FreeSurfer/7.4.1-centos8_x86_64/average/RB_all_withskull_2020_01_02.gca'...
GCAread took 0 minutes and 1 seconds.
average std = 23.0   using min determinant for regularization = 52.8
0 singular and 9205 ill-conditioned covariance matrices regularized
reading 'nu.mgz'...
freeing gibbs priors...done.
accounting for voxel sizes in initial transform
bounding unknown intensity as < 8.9 or > 556.0 
total sample mean = 77.3 (1403 zeros)
************************************************
spacing=8, using 3292 sample points, tol=1.00e-05...
************************************************
register_mri: find_optimal_transform
find_optimal_transform: nsamples 3292, passno 0, spacing 8
resetting wm mean[0]: 100 --> 108
resetting gm mean[0]: 61 --> 61
input volume #1 is the most T1-like
using real data threshold=6.0
skull bounding box = (45, 67, 32) --> (212, 255, 229)
finding center of left hemi white matter
using (101, 130, 131) as brain centroid of Right_Cerebral_White_Matter...
MRImask(): AllowDiffGeom = 1
mean wm in atlas = 108, using box (80,107,107) --> (121, 153,155) to find MRI wm
before smoothing, mri peak at 105
robust fit to distribution - 104 +- 5.9
after smoothing, mri peak at 104, scaling input intensities by 1.038
scaling channel 0 by 1.03846
initial log_p = -4.790
************************************************
First Search limited to translation only.
************************************************
max log p =    -4.624968 @ (-10.526, -31.579, -31.579)
max log p =    -4.534405 @ (5.263, 15.789, 15.789)
max log p =    -4.497557 @ (2.632, -2.632, 2.632)
max log p =    -4.493927 @ (1.316, -9.211, -3.947)
max log p =    -4.489674 @ (-3.289, -1.974, 1.974)
max log p =    -4.483721 @ (0.329, -0.329, -0.329)
max log p =    -4.483721 @ (0.000, 0.000, 0.000)
max log p =    -4.483721 @ (0.000, 0.000, 0.000)
Found translation: (-4.3, -29.9, -15.5): log p = -4.484
****************************************
Nine parameter search.  iteration 0 nscales = 0 ...
****************************************
Result so far: scale 1.000: max_log_p=-4.303, old_max_log_p =-4.484 (thresh=-4.5)
 1.15000   0.00000   0.00000  -23.68313;
 0.00000   0.98772   0.43171  -77.09395;
 0.00000  -0.45276   1.14759   27.75813;
 0.00000   0.00000   0.00000   1.00000;
iteration took 1 minutes and 13 seconds.
****************************************
Nine parameter search.  iteration 1 nscales = 0 ...
****************************************
Result so far: scale 1.000: max_log_p=-4.279, old_max_log_p =-4.303 (thresh=-4.3)
 1.06375   0.00000   0.00000  -12.52421;
 0.00000   1.11625   0.29910  -79.81466;
 0.00000  -0.29597   1.10457   8.20790;
 0.00000   0.00000   0.00000   1.00000;
iteration took 1 minutes and 7 seconds.
****************************************
Nine parameter search.  iteration 2 nscales = 0 ...
****************************************
Result so far: scale 1.000: max_log_p=-4.276, old_max_log_p =-4.279 (thresh=-4.3)
 1.06375   0.00000   0.00000  -12.52421;
 0.00000   1.24143   0.00325  -59.68349;
 0.00000   0.00280   1.05852  -26.45548;
 0.00000   0.00000   0.00000   1.00000;
reducing scale to 0.2500
iteration took 1 minutes and 7 seconds.
****************************************
Nine parameter search.  iteration 3 nscales = 1 ...
****************************************
Result so far: scale 0.250: max_log_p=-4.227, old_max_log_p =-4.276 (thresh=-4.3)
 1.08237  -0.04059  -0.00690  -5.77219;
 0.03679   1.28720   0.21890  -95.87827;
 0.00000  -0.24247   1.03720   15.84637;
 0.00000   0.00000   0.00000   1.00000;
iteration took 0 minutes and 59 seconds.
****************************************
Nine parameter search.  iteration 4 nscales = 1 ...
****************************************
Result so far: scale 0.250: max_log_p=-4.213, old_max_log_p =-4.227 (thresh=-4.2)
 1.05979  -0.08777   0.02079  -0.82620;
 0.07214   1.29221   0.18564  -95.02148;
-0.03485  -0.20251   1.06303   8.72194;
 0.00000   0.00000   0.00000   1.00000;
iteration took 0 minutes and 59 seconds.
****************************************
Nine parameter search.  iteration 5 nscales = 1 ...
****************************************
Result so far: scale 0.250: max_log_p=-4.213, old_max_log_p =-4.213 (thresh=-4.2)
 1.05979  -0.08777   0.02079  -0.82620;
 0.07214   1.29221   0.18564  -95.02148;
-0.03485  -0.20251   1.06303   8.72194;
 0.00000   0.00000   0.00000   1.00000;
reducing scale to 0.0625
iteration took 1 minutes and 1 seconds.
****************************************
Nine parameter search.  iteration 6 nscales = 2 ...
****************************************
Result so far: scale 0.062: max_log_p=-4.201, old_max_log_p =-4.213 (thresh=-4.2)
 1.05889  -0.06119  -0.00192  -1.92955;
 0.05470   1.29797   0.18629  -94.22594;
-0.00907  -0.20359   1.05953   5.54729;
 0.00000   0.00000   0.00000   1.00000;
iteration took 0 minutes and 51 seconds.
****************************************
Nine parameter search.  iteration 7 nscales = 2 ...
****************************************
Result so far: scale 0.062: max_log_p=-4.200, old_max_log_p =-4.201 (thresh=-4.2)
 1.05889  -0.06119  -0.00192  -1.92955;
 0.05470   1.29797   0.18629  -94.22594;
-0.00906  -0.20335   1.05829   5.67106;
 0.00000   0.00000   0.00000   1.00000;
min search scale 0.025000 reached
***********************************************
Computing MAP estimate using 3292 samples...
***********************************************
dt = 5.00e-06, momentum=0.80, tol=1.00e-05
l_intensity = 1.0000
Aligning input volume to GCA...
Transform matrix
 1.05889  -0.06119  -0.00192  -1.92955;
 0.05470   1.29797   0.18629  -94.22594;
-0.00906  -0.20335   1.05829   5.67106;
 0.00000   0.00000   0.00000   1.00000;
nsamples 3292
Quasinewton: input matrix
 1.05889  -0.06119  -0.00192  -1.92955;
 0.05470   1.29797   0.18629  -94.22594;
-0.00906  -0.20335   1.05829   5.67106;
 0.00000   0.00000   0.00000   1.00000;
 IFLAG= -1  LINE SEARCH FAILED. SEE DOCUMENTATION OF ROUTINE MCSRCH ERROR RETURN OF LINE SEARCH: INFO= 4 POSSIBLE CAUSES: FUNCTION OR GRADIENT ARE INCORRECT OR INCORRECT TOLERANCESoutof QuasiNewtonEMA: 010: -log(p) =   -0.0  tol 0.000010
Resulting transform:
 1.05889  -0.06119  -0.00192  -1.92955;
 0.05470   1.29797   0.18629  -94.22594;
-0.00906  -0.20335   1.05829   5.67106;
 0.00000   0.00000   0.00000   1.00000;

pass 1, spacing 8: log(p) = -4.200 (old=-4.790)
transform before final EM align:
 1.05889  -0.06119  -0.00192  -1.92955;
 0.05470   1.29797   0.18629  -94.22594;
-0.00906  -0.20335   1.05829   5.67106;
 0.00000   0.00000   0.00000   1.00000;

**************************************************
 EM alignment process ...
 Computing final MAP estimate using 364986 samples. 
**************************************************
dt = 5.00e-06, momentum=0.80, tol=1.00e-07
l_intensity = 1.0000
Aligning input volume to GCA...
Transform matrix
 1.05889  -0.06119  -0.00192  -1.92955;
 0.05470   1.29797   0.18629  -94.22594;
-0.00906  -0.20335   1.05829   5.67106;
 0.00000   0.00000   0.00000   1.00000;
nsamples 364986
Quasinewton: input matrix
 1.05889  -0.06119  -0.00192  -1.92955;
 0.05470   1.29797   0.18629  -94.22594;
-0.00906  -0.20335   1.05829   5.67106;
 0.00000   0.00000   0.00000   1.00000;
 IFLAG= -1  LINE SEARCH FAILED. SEE DOCUMENTATION OF ROUTINE MCSRCH ERROR RETURN OF LINE SEARCH: INFO= 6 POSSIBLE CAUSES: FUNCTION OR GRADIENT ARE INCORRECT OR INCORRECT TOLERANCESoutof QuasiNewtonEMA: 012: -log(p) =    4.6  tol 0.000000
final transform:
 1.05889  -0.06119  -0.00192  -1.92955;
 0.05470   1.29797   0.18629  -94.22594;
-0.00906  -0.20335   1.05829   5.67106;
 0.00000   0.00000   0.00000   1.00000;

writing output transformation to transforms/talairach_with_skull.lta...
#VMPC# mri_em_register VmPeak  796884
FSRUNTIME@ mri_em_register  0.1482 hours 1 threads
registration took 8 minutes and 54 seconds.
@#@FSTIME  2024:09:23:17:57:55 mri_em_register N 4 e 533.73 S 0.78 U 531.45 P 99% M 627256 F 0 R 116961 W 0 c 168 w 14 I 0 O 0 L 31.12 30.27 29.60
@#@FSLOADPOST 2024:09:23:18:06:49 mri_em_register N 4 40.16 35.15 31.91

 mri_watershed -T1 -brain_atlas /rds/bear-apps/2022a/EL8-ice/software/FreeSurfer/7.4.1-centos8_x86_64/average/RB_all_withskull_2020_01_02.gca transforms/talairach_with_skull.lta T1.mgz brainmask.auto.mgz 


Mode:          T1 normalized volume
Mode:          Use the information of atlas (default parms, --help for details)

*********************************************************
The input file is T1.mgz
The output file is brainmask.auto.mgz
Weighting the input with atlas information before watershed

*************************WATERSHED**************************
Sorting...
      first estimation of the COG coord: x=128 y=138 z=127 r=74
      first estimation of the main basin volume: 1734468 voxels
      Looking for seedpoints 
        2 found in the cerebellum 
        15 found in the rest of the brain 
      global maximum in x=101, y=137, z=91, Imax=255
      CSF=18, WM_intensity=110, WM_VARIANCE=5
      WM_MIN=110, WM_HALF_MIN=110, WM_HALF_MAX=110, WM_MAX=110 
      preflooding height equal to 10 percent
done.
Analyze...

      main basin size=8001225674 voxels, voxel volume =1.000 
                     = 8001225674 mmm3 = 8001225.728 cm3
done.
PostAnalyze...Basin Prior
 27 basins merged thanks to atlas 
      ***** 0 basin(s) merged in 1 iteration(s)
      ***** 0 voxel(s) added to the main basin
done.
Weighting the input with prior template 

****************TEMPLATE DEFORMATION****************

      second estimation of the COG coord: x=128,y=144, z=122, r=9658 iterations
^^^^^^^^ couldn't find WM with original limits - expanding ^^^^^^

   GLOBAL      CSF_MIN=0, CSF_intensity=9, CSF_MAX=40 , nb = 44766
  RIGHT_CER    CSF_MIN=0, CSF_intensity=3, CSF_MAX=24 , nb = 3834
  LEFT_CER     CSF_MIN=0, CSF_intensity=3, CSF_MAX=17 , nb = 3222
 RIGHT_BRAIN   CSF_MIN=0, CSF_intensity=9, CSF_MAX=39 , nb = 18738
 LEFT_BRAIN    CSF_MIN=0, CSF_intensity=10, CSF_MAX=40 , nb = 18576
    OTHER      CSF_MIN=0, CSF_intensity=3, CSF_MAX=11 , nb = 396
 Problem with the least square interpolation in GM_MIN calculation.
   
                     CSF_MAX  TRANSITION  GM_MIN  GM
    GLOBAL     
  before analyzing :    40,      46,        52,   77
  after  analyzing :    40,      50,        52,   56
   RIGHT_CER   
  before analyzing :    24,      35,        50,   78
  after  analyzing :    24,      45,        50,   53
   LEFT_CER    
  before analyzing :    17,      27,        49,   77
  after  analyzing :    17,      41,        49,   50
  RIGHT_BRAIN  
  before analyzing :    39,      44,        50,   77
  after  analyzing :    39,      48,        50,   55
  LEFT_BRAIN   
  before analyzing :    40,      47,        53,   76
  after  analyzing :    40,      51,        53,   57
     OTHER     
  before analyzing :    11,      25,        69,   93
  after  analyzing :    11,      54,        69,   63
      mri_strip_skull: done peeling brain
      highly tesselated surface with 10242 vertices
      matching...65 iterations

*********************VALIDATION*********************
curvature mean = -0.014, std = 0.010
curvature mean = 67.804, std = 7.193

No Rigid alignment: -atlas Mode Off (basic atlas / no registration)
      before rotation: sse = 2.67, sigma = 3.95
      after  rotation: sse = 2.67, sigma = 3.95
Localization of inacurate regions: Erosion-Dilation steps
      the sse mean is  2.68, its var is  3.01   
      before Erosion-Dilatation  0.00% of inacurate vertices
      after  Erosion-Dilatation  0.00% of inacurate vertices
      Validation of the shape of the surface done.
Scaling of atlas fields onto current surface fields

********FINAL ITERATIVE TEMPLATE DEFORMATION********
Compute Local values csf/gray
Fine Segmentation...45 iterations

      mri_strip_skull: done peeling brain

Brain Size = 1534013 voxels, voxel volume = 1.000 mm3
           = 1534013 mmm3 = 1534.013 cm3


******************************
Saving brainmask.auto.mgz
done
mri_watershed done
@#@FSTIME  2024:09:23:18:06:49 mri_watershed N 6 e 11.58 S 0.36 U 11.10 P 98% M 811272 F 0 R 186905 W 0 c 32 w 53 I 0 O 0 L 40.16 35.15 31.91
@#@FSLOADPOST 2024:09:23:18:07:01 mri_watershed N 6 38.85 35.12 31.95

 cp brainmask.auto.mgz brainmask.mgz 

#-------------------------------------
#@# EM Registration Mon Sep 23 18:07:02 BST 2024
/rds/projects/q/quinna-camcan/cc700/mri/pipeline/release004/BIDS_20190411/anat/sub-CC120462_T1w/mri

 mri_em_register -uns 3 -mask brainmask.mgz nu.mgz /rds/bear-apps/2022a/EL8-ice/software/FreeSurfer/7.4.1-centos8_x86_64/average/RB_all_2020-01-02.gca transforms/talairach.lta 

setting unknown_nbr_spacing = 3
using MR volume brainmask.mgz to mask input volume...

== Number of threads available to mri_em_register for OpenMP = 1 == 
reading 1 input volumes...
logging results to talairach.log
reading '/rds/bear-apps/2022a/EL8-ice/software/FreeSurfer/7.4.1-centos8_x86_64/average/RB_all_2020-01-02.gca'...
GCAread took 0 minutes and 1 seconds.
average std = 7.2   using min determinant for regularization = 5.2
0 singular and 884 ill-conditioned covariance matrices regularized
reading 'nu.mgz'...
MRImask(): AllowDiffGeom = 1
MRImask(): AllowDiffGeom = 1
MRImask(): AllowDiffGeom = 1
MRImask(): AllowDiffGeom = 1
MRImask(): AllowDiffGeom = 1
freeing gibbs priors...done.
accounting for voxel sizes in initial transform
bounding unknown intensity as < 5.9 or > 519.0 
total sample mean = 79.1 (1017 zeros)
************************************************
spacing=8, using 2841 sample points, tol=1.00e-05...
************************************************
register_mri: find_optimal_transform
find_optimal_transform: nsamples 2841, passno 0, spacing 8
resetting wm mean[0]: 98 --> 107
resetting gm mean[0]: 61 --> 61
input volume #1 is the most T1-like
using real data threshold=22.1
skull bounding box = (60, 82, 49) --> (198, 200, 209)
finding center of left hemi white matter
using (106, 121, 129) as brain centroid of Right_Cerebral_White_Matter...
MRImask(): AllowDiffGeom = 1
mean wm in atlas = 107, using box (89,107,109) --> (122, 135,148) to find MRI wm
before smoothing, mri peak at 106
robust fit to distribution - 105 +- 5.4
after smoothing, mri peak at 105, scaling input intensities by 1.019
scaling channel 0 by 1.01905
initial log_p = -4.583
************************************************
First Search limited to translation only.
************************************************
max log p =    -4.214800 @ (-10.526, -31.579, -10.526)
max log p =    -3.893555 @ (5.263, 5.263, -15.789)
max log p =    -3.857730 @ (2.632, 2.632, 7.895)
max log p =    -3.852668 @ (1.316, -3.947, 1.316)
max log p =    -3.835142 @ (1.974, 3.289, 0.658)
max log p =    -3.832861 @ (-1.645, -0.987, 0.987)
max log p =    -3.832861 @ (0.000, 0.000, 0.000)
max log p =    -3.832861 @ (0.000, 0.000, 0.000)
Found translation: (-1.0, -25.3, -15.5): log p = -3.833
****************************************
Nine parameter search.  iteration 0 nscales = 0 ...
****************************************
Result so far: scale 1.000: max_log_p=-3.727, old_max_log_p =-3.833 (thresh=-3.8)
 1.00000   0.00000   0.00000  -0.98685;
 0.00000   1.13509   0.16902  -65.29717;
 0.00000  -0.11161   0.99651   1.10266;
 0.00000   0.00000   0.00000   1.00000;
iteration took 1 minutes and 8 seconds.
****************************************
Nine parameter search.  iteration 1 nscales = 0 ...
****************************************
Result so far: scale 1.000: max_log_p=-3.727, old_max_log_p =-3.727 (thresh=-3.7)
 1.00000   0.00000   0.00000  -0.98685;
 0.00000   1.13509   0.16902  -65.29717;
 0.00000  -0.11161   0.99651   1.10266;
 0.00000   0.00000   0.00000   1.00000;
reducing scale to 0.2500
iteration took 1 minutes and 7 seconds.
****************************************
Nine parameter search.  iteration 2 nscales = 1 ...
****************************************
Result so far: scale 0.250: max_log_p=-3.656, old_max_log_p =-3.727 (thresh=-3.7)
 0.97862  -0.04503   0.05973  -0.83756;
 0.03265   1.08796   0.19366  -65.63195;
-0.06663  -0.15963   1.04403   8.94224;
 0.00000   0.00000   0.00000   1.00000;
iteration took 0 minutes and 58 seconds.
****************************************
Nine parameter search.  iteration 3 nscales = 1 ...
****************************************
Result so far: scale 0.250: max_log_p=-3.646, old_max_log_p =-3.656 (thresh=-3.7)
 0.98024  -0.04095   0.02534   2.58376;
 0.03546   1.11309   0.16238  -65.78248;
-0.03347  -0.12536   1.05120  -1.17797;
 0.00000   0.00000   0.00000   1.00000;
iteration took 0 minutes and 58 seconds.
****************************************
Nine parameter search.  iteration 4 nscales = 1 ...
****************************************
Result so far: scale 0.250: max_log_p=-3.646, old_max_log_p =-3.646 (thresh=-3.6)
 0.98024  -0.04095   0.02534   2.58376;
 0.03546   1.11309   0.16238  -65.78248;
-0.03347  -0.12536   1.05120  -1.17797;
 0.00000   0.00000   0.00000   1.00000;
reducing scale to 0.0625
iteration took 0 minutes and 58 seconds.
****************************************
Nine parameter search.  iteration 5 nscales = 2 ...
****************************************
Result so far: scale 0.062: max_log_p=-3.629, old_max_log_p =-3.646 (thresh=-3.6)
 0.98306  -0.05139   0.03252   2.38019;
 0.04303   1.11313   0.18011  -68.93752;
-0.04205  -0.14289   1.04695   3.46161;
 0.00000   0.00000   0.00000   1.00000;
iteration took 0 minutes and 46 seconds.
****************************************
Nine parameter search.  iteration 6 nscales = 2 ...
****************************************
Result so far: scale 0.062: max_log_p=-3.627, old_max_log_p =-3.629 (thresh=-3.6)
 0.98306  -0.05139   0.03252   2.38019;
 0.04293   1.11052   0.17969  -68.49635;
-0.04205  -0.14289   1.04695   3.46161;
 0.00000   0.00000   0.00000   1.00000;
min search scale 0.025000 reached
***********************************************
Computing MAP estimate using 2841 samples...
***********************************************
dt = 5.00e-06, momentum=0.80, tol=1.00e-05
l_intensity = 1.0000
Aligning input volume to GCA...
Transform matrix
 0.98306  -0.05139   0.03252   2.38019;
 0.04293   1.11052   0.17969  -68.49635;
-0.04205  -0.14289   1.04695   3.46161;
 0.00000   0.00000   0.00000   1.00000;
nsamples 2841
Quasinewton: input matrix
 0.98306  -0.05139   0.03252   2.38019;
 0.04293   1.11052   0.17969  -68.49635;
-0.04205  -0.14289   1.04695   3.46161;
 0.00000   0.00000   0.00000   1.00000;
 IFLAG= -1  LINE SEARCH FAILED. SEE DOCUMENTATION OF ROUTINE MCSRCH ERROR RETURN OF LINE SEARCH: INFO= 3 POSSIBLE CAUSES: FUNCTION OR GRADIENT ARE INCORRECT OR INCORRECT TOLERANCESoutof QuasiNewtonEMA: 009: -log(p) =   -0.0  tol 0.000010
Resulting transform:
 0.98306  -0.05139   0.03252   2.38019;
 0.04293   1.11052   0.17969  -68.49635;
-0.04205  -0.14289   1.04695   3.46161;
 0.00000   0.00000   0.00000   1.00000;

pass 1, spacing 8: log(p) = -3.627 (old=-4.583)
transform before final EM align:
 0.98306  -0.05139   0.03252   2.38019;
 0.04293   1.11052   0.17969  -68.49635;
-0.04205  -0.14289   1.04695   3.46161;
 0.00000   0.00000   0.00000   1.00000;

**************************************************
 EM alignment process ...
 Computing final MAP estimate using 315638 samples. 
**************************************************
dt = 5.00e-06, momentum=0.80, tol=1.00e-07
l_intensity = 1.0000
Aligning input volume to GCA...
Transform matrix
 0.98306  -0.05139   0.03252   2.38019;
 0.04293   1.11052   0.17969  -68.49635;
-0.04205  -0.14289   1.04695   3.46161;
 0.00000   0.00000   0.00000   1.00000;
nsamples 315638
Quasinewton: input matrix
 0.98306  -0.05139   0.03252   2.38019;
 0.04293   1.11052   0.17969  -68.49635;
-0.04205  -0.14289   1.04695   3.46161;
 0.00000   0.00000   0.00000   1.00000;
 IFLAG= -1  LINE SEARCH FAILED. SEE DOCUMENTATION OF ROUTINE MCSRCH ERROR RETURN OF LINE SEARCH: INFO= 6 POSSIBLE CAUSES: FUNCTION OR GRADIENT ARE INCORRECT OR INCORRECT TOLERANCESoutof QuasiNewtonEMA: 011: -log(p) =    4.0  tol 0.000000
final transform:
 0.98306  -0.05139   0.03252   2.38019;
 0.04293   1.11052   0.17969  -68.49635;
-0.04205  -0.14289   1.04695   3.46161;
 0.00000   0.00000   0.00000   1.00000;

writing output transformation to transforms/talairach.lta...
#VMPC# mri_em_register VmPeak  784336
FSRUNTIME@ mri_em_register  0.1229 hours 1 threads
registration took 7 minutes and 22 seconds.
@#@FSTIME  2024:09:23:18:07:02 mri_em_register N 7 e 442.41 S 0.70 U 440.33 P 99% M 614800 F 0 R 113972 W 0 c 138 w 363 I 0 O 0 L 38.85 35.12 31.95
@#@FSLOADPOST 2024:09:23:18:14:25 mri_em_register N 7 39.41 38.60 34.92
#--------------------------------------
#@# CA Normalize Mon Sep 23 18:14:25 BST 2024
/rds/projects/q/quinna-camcan/cc700/mri/pipeline/release004/BIDS_20190411/anat/sub-CC120462_T1w/mri

 mri_ca_normalize -c ctrl_pts.mgz -mask brainmask.mgz nu.mgz /rds/bear-apps/2022a/EL8-ice/software/FreeSurfer/7.4.1-centos8_x86_64/average/RB_all_2020-01-02.gca transforms/talairach.lta norm.mgz 

writing control point volume to ctrl_pts.mgz
using MR volume brainmask.mgz to mask input volume...
reading 1 input volume
reading atlas from '/rds/bear-apps/2022a/EL8-ice/software/FreeSurfer/7.4.1-centos8_x86_64/average/RB_all_2020-01-02.gca'...
reading transform from 'transforms/talairach.lta'...
reading input volume from nu.mgz...
resetting wm mean[0]: 98 --> 107
resetting gm mean[0]: 61 --> 61
input volume #1 is the most T1-like
using real data threshold=22.1
skull bounding box = (60, 82, 49) --> (199, 200, 209)
finding center of left hemi white matter
using (106, 121, 129) as brain centroid of Right_Cerebral_White_Matter...
mean wm in atlas = 107, using box (89,107,109) --> (123, 135,148) to find MRI wm
before smoothing, mri peak at 106
robust fit to distribution - 105 +- 5.4
after smoothing, mri peak at 105, scaling input intensities by 1.019
scaling channel 0 by 1.01905
using 246437 sample points...
INFO: compute sample coordinates transform
 0.98306  -0.05139   0.03252   2.38019;
 0.04293   1.11052   0.17969  -68.49635;
-0.04205  -0.14289   1.04695   3.46161;
 0.00000   0.00000   0.00000   1.00000;
INFO: transform used
finding control points in Left_Cerebral_White_Matter....
found 40230 control points for structure...
bounding box (129, 84, 49) --> (198, 185, 207)
Left_Cerebral_White_Matter: limiting intensities to 98.0 --> 132.0
1 of 1360 (0.1%) samples deleted
finding control points in Right_Cerebral_White_Matter....
found 39478 control points for structure...
bounding box (64, 87, 48) --> (130, 190, 206)
Right_Cerebral_White_Matter: limiting intensities to 96.0 --> 132.0
1 of 1164 (0.1%) samples deleted
finding control points in Left_Cerebellum_White_Matter....
found 3105 control points for structure...
bounding box (133, 161, 74) --> (183, 202, 125)
Left_Cerebellum_White_Matter: limiting intensities to 105.0 --> 132.0
0 of 11 (0.0%) samples deleted
finding control points in Right_Cerebellum_White_Matter....
found 2710 control points for structure...
bounding box (88, 162, 71) --> (133, 203, 125)
Right_Cerebellum_White_Matter: limiting intensities to 103.0 --> 132.0
0 of 10 (0.0%) samples deleted
finding control points in Brain_Stem....
found 3475 control points for structure...
bounding box (114, 154, 108) --> (150, 216, 136)
Brain_Stem: limiting intensities to 110.0 --> 132.0
14 of 16 (87.5%) samples deleted
using 2561 total control points for intensity normalization...
bias field = 0.949 +- 0.050
9 of 2545 control points discarded
finding control points in Left_Cerebral_White_Matter....
found 40230 control points for structure...
bounding box (129, 84, 49) --> (198, 185, 207)
Left_Cerebral_White_Matter: limiting intensities to 90.0 --> 132.0
0 of 1771 (0.0%) samples deleted
finding control points in Right_Cerebral_White_Matter....
found 39478 control points for structure...
bounding box (64, 87, 48) --> (130, 190, 206)
Right_Cerebral_White_Matter: limiting intensities to 88.0 --> 132.0
2 of 1677 (0.1%) samples deleted
finding control points in Left_Cerebellum_White_Matter....
found 3105 control points for structure...
bounding box (133, 161, 74) --> (183, 202, 125)
Left_Cerebellum_White_Matter: limiting intensities to 88.0 --> 132.0
1 of 62 (1.6%) samples deleted
finding control points in Right_Cerebellum_White_Matter....
found 2710 control points for structure...
bounding box (88, 162, 71) --> (133, 203, 125)
Right_Cerebellum_White_Matter: limiting intensities to 88.0 --> 132.0
9 of 56 (16.1%) samples deleted
finding control points in Brain_Stem....
found 3475 control points for structure...
bounding box (114, 154, 108) --> (150, 216, 136)
Brain_Stem: limiting intensities to 91.0 --> 132.0
34 of 71 (47.9%) samples deleted
using 3637 total control points for intensity normalization...
bias field = 1.030 +- 0.056
14 of 3555 control points discarded
finding control points in Left_Cerebral_White_Matter....
found 40230 control points for structure...
bounding box (129, 84, 49) --> (198, 185, 207)
Left_Cerebral_White_Matter: limiting intensities to 89.0 --> 132.0
19 of 1793 (1.1%) samples deleted
finding control points in Right_Cerebral_White_Matter....
found 39478 control points for structure...
bounding box (64, 87, 48) --> (130, 190, 206)
Right_Cerebral_White_Matter: limiting intensities to 89.0 --> 132.0
14 of 1724 (0.8%) samples deleted
finding control points in Left_Cerebellum_White_Matter....
found 3105 control points for structure...
bounding box (133, 161, 74) --> (183, 202, 125)
Left_Cerebellum_White_Matter: limiting intensities to 88.0 --> 132.0
28 of 100 (28.0%) samples deleted
finding control points in Right_Cerebellum_White_Matter....
found 2710 control points for structure...
bounding box (88, 162, 71) --> (133, 203, 125)
Right_Cerebellum_White_Matter: limiting intensities to 88.0 --> 132.0
34 of 58 (58.6%) samples deleted
finding control points in Brain_Stem....
found 3475 control points for structure...
bounding box (114, 154, 108) --> (150, 216, 136)
Brain_Stem: limiting intensities to 88.0 --> 132.0
92 of 178 (51.7%) samples deleted
using 3853 total control points for intensity normalization...
bias field = 1.029 +- 0.052
8 of 3572 control points discarded
writing normalized volume to norm.mgz...
writing control points to ctrl_pts.mgz
freeing GCA...done.
normalization took 0 minutes and 42 seconds.
@#@FSTIME  2024:09:23:18:14:25 mri_ca_normalize N 8 e 42.00 S 0.32 U 41.50 P 99% M 893976 F 0 R 135095 W 0 c 109 w 29 I 0 O 0 L 39.41 38.60 34.92
@#@FSLOADPOST 2024:09:23:18:15:07 mri_ca_normalize N 8 39.43 38.70 35.11
#--------------------------------------
#@# CA Reg Mon Sep 23 18:15:07 BST 2024
/rds/projects/q/quinna-camcan/cc700/mri/pipeline/release004/BIDS_20190411/anat/sub-CC120462_T1w/mri

 mri_ca_register -nobigventricles -T transforms/talairach.lta -align-after -mask brainmask.mgz norm.mgz /rds/bear-apps/2022a/EL8-ice/software/FreeSurfer/7.4.1-centos8_x86_64/average/RB_all_2020-01-02.gca transforms/talairach.m3z 

not handling expanded ventricles...
using previously computed transform transforms/talairach.lta
renormalizing sequences with structure alignment, equivalent to:
	-renormalize
	-regularize_mean 0.500
	-regularize 0.500
using MR volume brainmask.mgz to mask input volume...

== Number of threads available to mri_ca_register for OpenMP = 1 == 
reading 1 input volumes...
logging results to talairach.log
reading input volume 'norm.mgz'...
reading GCA '/rds/bear-apps/2022a/EL8-ice/software/FreeSurfer/7.4.1-centos8_x86_64/average/RB_all_2020-01-02.gca'...
label assignment complete, 0 changed (0.00%)
freeing gibbs priors...done.
average std[0] = 5.0
Starting GCAMregister()
label assignment complete, 0 changed (0.00%)
npasses = 1, nlevels = 6
#pass# 1 of 1 ************************
enabling zero nodes
setting smoothness cost coefficient to 0.156

#GCAMreg# pass 0 level1 5 level2 0 tsec 0 sigma 2
l_jacobian=1.00 l_label=1.00 l_log_likelihood=0.20 l_smoothness=0.16 
tol=2.50e-01, dt=5.00e-02, exp_k=20.0, momentum=0.90, levels=6, niter=500, lbl_dist=10.00, avgs=256, sigma=2.0,type=2, relabel=0, neg=no

blurring input image with Gaussian with sigma=2.000...
GCAMRegisterLevel(): init RMS 0.879456

























#GCAMreg# pass 0 level1 5 level2 1 tsec 255.47 sigma 0.5
l_jacobian=1.00 l_label=1.00 l_log_likelihood=0.20 l_smoothness=0.16 
tol=2.50e-01, dt=5.00e-02, exp_k=20.0, momentum=0.90, levels=6, niter=500, lbl_dist=10.00, avgs=256, sigma=0.5,type=2, relabel=0, neg=no

blurring input image with Gaussian with sigma=0.500...
GCAMRegisterLevel(): init RMS 0.684058










setting smoothness cost coefficient to 0.615

#GCAMreg# pass 0 level1 4 level2 0 tsec 0 sigma 2
l_jacobian=1.00 l_label=1.00 l_log_likelihood=0.20 l_smoothness=0.62 
tol=2.50e-01, dt=5.00e-02, exp_k=20.0, momentum=0.90, levels=6, niter=500, lbl_dist=10.00, avgs=64, sigma=2.0,type=2, relabel=0, neg=no

blurring input image with Gaussian with sigma=2.000...
GCAMRegisterLevel(): init RMS 0.687841





#GCAMreg# pass 0 level1 4 level2 1 tsec 45.624 sigma 0.5
l_jacobian=1.00 l_label=1.00 l_log_likelihood=0.20 l_smoothness=0.62 
tol=2.50e-01, dt=5.00e-02, exp_k=20.0, momentum=0.90, levels=6, niter=500, lbl_dist=10.00, avgs=64, sigma=0.5,type=2, relabel=0, neg=no

blurring input image with Gaussian with sigma=0.500...
GCAMRegisterLevel(): init RMS 0.687226

















setting smoothness cost coefficient to 2.353

#GCAMreg# pass 0 level1 3 level2 0 tsec 0 sigma 2
l_jacobian=1.00 l_label=1.00 l_log_likelihood=0.20 l_smoothness=2.35 
tol=2.50e-01, dt=5.00e-02, exp_k=20.0, momentum=0.90, levels=6, niter=500, lbl_dist=10.00, avgs=16, sigma=2.0,type=2, relabel=0, neg=no

blurring input image with Gaussian with sigma=2.000...
GCAMRegisterLevel(): init RMS 0.693247


#GCAMreg# pass 0 level1 3 level2 1 tsec 26.368 sigma 0.5
l_jacobian=1.00 l_label=1.00 l_log_likelihood=0.20 l_smoothness=2.35 
tol=2.50e-01, dt=5.00e-02, exp_k=20.0, momentum=0.90, levels=6, niter=500, lbl_dist=10.00, avgs=16, sigma=0.5,type=2, relabel=0, neg=no

blurring input image with Gaussian with sigma=0.500...
GCAMRegisterLevel(): init RMS 0.693247

setting smoothness cost coefficient to 8.000

#GCAMreg# pass 0 level1 2 level2 0 tsec 0 sigma 2
l_jacobian=1.00 l_label=1.00 l_log_likelihood=0.20 l_smoothness=8.00 
tol=2.50e-01, dt=5.00e-02, exp_k=20.0, momentum=0.90, levels=6, niter=500, lbl_dist=10.00, avgs=4, sigma=2.0,type=2, relabel=0, neg=no

blurring input image with Gaussian with sigma=2.000...
GCAMRegisterLevel(): init RMS 0.775559




#GCAMreg# pass 0 level1 2 level2 1 tsec 43.397 sigma 0.5
l_jacobian=1.00 l_label=1.00 l_log_likelihood=0.20 l_smoothness=8.00 
tol=2.50e-01, dt=5.00e-02, exp_k=20.0, momentum=0.90, levels=6, niter=500, lbl_dist=10.00, avgs=4, sigma=0.5,type=2, relabel=0, neg=no

blurring input image with Gaussian with sigma=0.500...
GCAMRegisterLevel(): init RMS 0.750088



setting smoothness cost coefficient to 20.000

#GCAMreg# pass 0 level1 1 level2 0 tsec 0 sigma 2
l_jacobian=1.00 l_label=1.00 l_log_likelihood=0.20 l_smoothness=20.00 
tol=2.50e-01, dt=5.00e-02, exp_k=20.0, momentum=0.90, levels=6, niter=500, lbl_dist=10.00, avgs=1, sigma=2.0,type=2, relabel=0, neg=no

blurring input image with Gaussian with sigma=2.000...
GCAMRegisterLevel(): init RMS 0.823069
















#GCAMreg# pass 0 level1 1 level2 1 tsec 119.292 sigma 0.5
l_jacobian=1.00 l_label=1.00 l_log_likelihood=0.20 l_smoothness=20.00 
tol=2.50e-01, dt=5.00e-02, exp_k=20.0, momentum=0.90, levels=6, niter=500, lbl_dist=10.00, avgs=1, sigma=0.5,type=2, relabel=0, neg=no

blurring input image with Gaussian with sigma=0.500...
GCAMRegisterLevel(): init RMS 0.800569







resetting metric properties...
setting smoothness cost coefficient to 40.000

#GCAMreg# pass 0 level1 0 level2 0 tsec 0 sigma 2
l_jacobian=1.00 l_label=1.00 l_log_likelihood=0.20 l_smoothness=40.00 
tol=2.50e-01, dt=5.00e-02, exp_k=20.0, momentum=0.90, levels=6, niter=500, lbl_dist=10.00, avgs=0, sigma=2.0,type=2, relabel=0, neg=no

blurring input image with Gaussian with sigma=2.000...
GCAMRegisterLevel(): init RMS 0.751549



#GCAMreg# pass 0 level1 0 level2 1 tsec 29.171 sigma 0.5
l_jacobian=1.00 l_label=1.00 l_log_likelihood=0.20 l_smoothness=40.00 
tol=2.50e-01, dt=5.00e-02, exp_k=20.0, momentum=0.90, levels=6, niter=500, lbl_dist=10.00, avgs=0, sigma=0.5,type=2, relabel=0, neg=no

blurring input image with Gaussian with sigma=0.500...
GCAMRegisterLevel(): init RMS 0.747655



GCAMregister done in 15.0485 min
Starting GCAmapRenormalizeWithAlignment() without scales
renormalizing by structure alignment....
renormalizing input #0
gca peak = 0.10253 (16)
mri peak = 0.11403 (31)
Left_Lateral_Ventricle (4): linear fit = 1.59 x + 0.0 (1014 voxels, overlap=0.358)
Left_Lateral_Ventricle (4): linear fit = 1.50 x + 0.0 (1014 voxels, peak = 25), gca=24.0
gca peak = 0.17690 (16)
mri peak = 0.11650 (30)
Right_Lateral_Ventricle (43): linear fit = 1.84 x + 0.0 (1355 voxels, overlap=0.196)
Right_Lateral_Ventricle (43): linear fit = 1.50 x + 0.0 (1355 voxels, peak = 29), gca=24.0
gca peak = 0.28275 (96)
mri peak = 0.09753 (94)
Right_Pallidum (52): linear fit = 1.00 x + 0.0 (836 voxels, overlap=0.969)
Right_Pallidum (52): linear fit = 1.00 x + 0.0 (836 voxels, peak = 96), gca=95.5
gca peak = 0.18948 (93)
mri peak = 0.07173 (87)
Left_Pallidum (13): linear fit = 0.95 x + 0.0 (710 voxels, overlap=0.834)
Left_Pallidum (13): linear fit = 0.95 x + 0.0 (710 voxels, peak = 89), gca=88.8
gca peak = 0.20755 (55)
mri peak = 0.07446 (77)
Right_Hippocampus (53): linear fit = 1.26 x + 0.0 (727 voxels, overlap=0.023)
Right_Hippocampus (53): linear fit = 1.26 x + 0.0 (727 voxels, peak = 70), gca=69.6
gca peak = 0.31831 (58)
mri peak = 0.11179 (72)
Left_Hippocampus (17): linear fit = 1.25 x + 0.0 (711 voxels, overlap=0.013)
Left_Hippocampus (17): linear fit = 1.25 x + 0.0 (711 voxels, peak = 73), gca=72.8
gca peak = 0.11957 (102)
mri peak = 0.08739 (104)
Right_Cerebral_White_Matter (41): linear fit = 1.02 x + 0.0 (65853 voxels, overlap=0.827)
Right_Cerebral_White_Matter (41): linear fit = 1.02 x + 0.0 (65853 voxels, peak = 105), gca=104.5
gca peak = 0.11429 (102)
mri peak = 0.08686 (105)
Left_Cerebral_White_Matter (2): linear fit = 1.02 x + 0.0 (67846 voxels, overlap=0.785)
Left_Cerebral_White_Matter (2): linear fit = 1.02 x + 0.0 (67846 voxels, peak = 105), gca=104.5
gca peak = 0.14521 (59)
mri peak = 0.04882 (75)
Left_Cerebral_Cortex (3): linear fit = 1.27 x + 0.0 (23220 voxels, overlap=0.005)
Left_Cerebral_Cortex (3): linear fit = 1.27 x + 0.0 (23220 voxels, peak = 75), gca=75.2
gca peak = 0.14336 (58)
mri peak = 0.04810 (72)
Right_Cerebral_Cortex (42): linear fit = 1.26 x + 0.0 (24516 voxels, overlap=0.004)
Right_Cerebral_Cortex (42): linear fit = 1.26 x + 0.0 (24516 voxels, peak = 73), gca=73.4
gca peak = 0.13305 (70)
mri peak = 0.14447 (81)
Right_Caudate (50): linear fit = 1.20 x + 0.0 (952 voxels, overlap=0.021)
Right_Caudate (50): linear fit = 1.20 x + 0.0 (952 voxels, peak = 84), gca=83.7
gca peak = 0.15761 (71)
mri peak = 0.10957 (84)
Left_Caudate (11): linear fit = 1.12 x + 0.0 (1045 voxels, overlap=0.108)
Left_Caudate (11): linear fit = 1.12 x + 0.0 (1045 voxels, peak = 79), gca=79.2
gca peak = 0.13537 (57)
mri peak = 0.03909 (68)
Left_Cerebellum_Cortex (8): linear fit = 1.26 x + 0.0 (15452 voxels, overlap=0.012)
Left_Cerebellum_Cortex (8): linear fit = 1.26 x + 0.0 (15452 voxels, peak = 72), gca=72.1
gca peak = 0.13487 (56)
mri peak = 0.03439 (72)
Right_Cerebellum_Cortex (47): linear fit = 1.29 x + 0.0 (15699 voxels, overlap=0.000)
Right_Cerebellum_Cortex (47): linear fit = 1.29 x + 0.0 (15699 voxels, peak = 73), gca=72.5
gca peak = 0.19040 (84)
mri peak = 0.05035 (91)
Left_Cerebellum_White_Matter (7): linear fit = 1.12 x + 0.0 (8395 voxels, overlap=0.005)
Left_Cerebellum_White_Matter (7): linear fit = 1.12 x + 0.0 (8395 voxels, peak = 94), gca=93.7
gca peak = 0.18871 (83)
mri peak = 0.04200 (70)
Right_Cerebellum_White_Matter (46): linear fit = 0.98 x + 0.0 (6927 voxels, overlap=0.806)
Right_Cerebellum_White_Matter (46): linear fit = 0.98 x + 0.0 (6927 voxels, peak = 81), gca=80.9
gca peak = 0.24248 (57)
mri peak = 0.09426 (75)
Left_Amygdala (18): linear fit = 1.27 x + 0.0 (409 voxels, overlap=0.061)
Left_Amygdala (18): linear fit = 1.27 x + 0.0 (409 voxels, peak = 73), gca=72.7
gca peak = 0.35833 (56)
mri peak = 0.11523 (74)
Right_Amygdala (54): linear fit = 1.29 x + 0.0 (495 voxels, overlap=0.047)
Right_Amygdala (54): linear fit = 1.29 x + 0.0 (495 voxels, peak = 73), gca=72.5
gca peak = 0.12897 (85)
mri peak = 0.07275 (95)
Left_Thalamus (10): linear fit = 1.11 x + 0.0 (5774 voxels, overlap=0.620)
Left_Thalamus (10): linear fit = 1.11 x + 0.0 (5774 voxels, peak = 94), gca=93.9
gca peak = 0.13127 (83)
mri peak = 0.06680 (86)
Right_Thalamus (49): linear fit = 1.08 x + 0.0 (4373 voxels, overlap=0.816)
Right_Thalamus (49): linear fit = 1.08 x + 0.0 (4373 voxels, peak = 89), gca=89.2
gca peak = 0.12974 (78)
mri peak = 0.08191 (88)
Left_Putamen (12): linear fit = 1.12 x + 0.0 (2408 voxels, overlap=0.168)
Left_Putamen (12): linear fit = 1.12 x + 0.0 (2408 voxels, peak = 87), gca=87.0
gca peak = 0.17796 (79)
mri peak = 0.11164 (86)
Right_Putamen (51): linear fit = 1.10 x + 0.0 (2511 voxels, overlap=0.200)
Right_Putamen (51): linear fit = 1.10 x + 0.0 (2511 voxels, peak = 87), gca=86.5
gca peak = 0.10999 (80)
mri peak = 0.08413 (85)
Brain_Stem (16): linear fit = 1.10 x + 0.0 (10425 voxels, overlap=0.416)
Brain_Stem (16): linear fit = 1.10 x + 0.0 (10425 voxels, peak = 88), gca=87.6
gca peak = 0.13215 (88)
mri peak = 0.07927 (91)
Right_VentralDC (60): linear fit = 1.09 x + 0.0 (1053 voxels, overlap=0.633)
Right_VentralDC (60): linear fit = 1.09 x + 0.0 (1053 voxels, peak = 95), gca=95.5
gca peak = 0.11941 (89)
mri peak = 0.07552 (98)
Left_VentralDC (28): linear fit = 1.10 x + 0.0 (1050 voxels, overlap=0.591)
Left_VentralDC (28): linear fit = 1.10 x + 0.0 (1050 voxels, peak = 97), gca=97.5
gca peak = 0.20775 (25)
uniform distribution in MR - rejecting arbitrary fit
gca peak = 0.13297 (21)
mri peak = 0.14062 (28)
Fourth_Ventricle (15): linear fit = 1.51 x + 0.0 (494 voxels, overlap=0.288)
Fourth_Ventricle (15): linear fit = 1.51 x + 0.0 (494 voxels, peak = 32), gca=31.8
gca peak Unknown = 0.94777 ( 0)
gca peak Left_Inf_Lat_Vent = 0.19087 (28)
gca peak Third_Ventricle = 0.20775 (25)
gca peak Fourth_Ventricle = 0.13297 (21)
gca peak CSF = 0.16821 (33)
gca peak Left_Accumbens_area = 0.32850 (63)
gca peak Left_undetermined = 0.98480 (28)
gca peak Left_vessel = 0.40887 (53)
gca peak Left_choroid_plexus = 0.10898 (46)
gca peak Right_Inf_Lat_Vent = 0.17798 (26)
gca peak Right_Accumbens_area = 0.30137 (64)
gca peak Right_vessel = 0.47828 (52)
gca peak Right_choroid_plexus = 0.11612 (45)
gca peak Fifth_Ventricle = 0.59466 (35)
gca peak WM_hypointensities = 0.10053 (78)
gca peak non_WM_hypointensities = 0.07253 (60)
gca peak Optic_Chiasm = 0.25330 (73)
not using caudate to estimate GM means
estimating mean gm scale to be 1.27 x + 0.0
estimating mean wm scale to be 1.02 x + 0.0
estimating mean csf scale to be 1.50 x + 0.0
saving intensity scales to talairach.label_intensities.txt
GCAmapRenormalizeWithAlignment() took 2.34377 min
noneg pre
Starting GCAMregister()
label assignment complete, 0 changed (0.00%)
npasses = 1, nlevels = 6
#pass# 1 of 1 ************************
enabling zero nodes
setting smoothness cost coefficient to 0.008

#GCAMreg# pass 0 level1 5 level2 0 tsec 0 sigma 2
l_jacobian=1.00 l_label=1.00 l_log_likelihood=0.20 l_smoothness=0.01 
tol=5.00e-02, dt=5.00e-02, exp_k=20.0, momentum=0.90, levels=6, niter=500, lbl_dist=10.00, avgs=256, sigma=2.0,type=2, relabel=0, neg=no

blurring input image with Gaussian with sigma=2.000...
GCAMRegisterLevel(): init RMS 0.75006




















