GCCcore/11.3.0
zlib/1.2.12-GCCcore-11.3.0
binutils/2.38-GCCcore-11.3.0
GCC/11.3.0
numactl/2.0.14-GCCcore-11.3.0
XZ/5.2.5-GCCcore-11.3.0
libxml2/2.9.13-GCCcore-11.3.0
libpciaccess/0.16-GCCcore-11.3.0
hwloc/2.7.1-GCCcore-11.3.0
OpenSSL/1.1
libevent/2.1.12-GCCcore-11.3.0
UCX/1.12.1-GCCcore-11.3.0
libfabric/1.15.1-GCCcore-11.3.0
PMIx/4.1.2-GCCcore-11.3.0
UCC/1.0.0-GCCcore-11.3.0
OpenMPI/4.1.4-GCC-11.3.0
OpenBLAS/0.3.20-GCC-11.3.0
FlexiBLAS/3.2.0-GCC-11.3.0
FFTW/3.3.10-GCC-11.3.0
gompi/2022a
FFTW.MPI/3.3.10-gompi-2022a
ScaLAPACK/2.2.0-gompi-2022a-fb
foss/2022a
bzip2/1.0.8-GCCcore-11.3.0
ncurses/6.3-GCCcore-11.3.0
libreadline/8.1.2-GCCcore-11.3.0
ncurses/6.3-GCCcore-11.3.0
Tcl/8.6.12-GCCcore-11.3.0
SQLite/3.38.3-GCCcore-11.3.0
GMP/6.2.1-GCCcore-11.3.0
libffi/3.4.2-GCCcore-11.3.0
Python/3.10.4-GCCcore-11.3.0
pybind11/2.9.2-GCCcore-11.3.0
SciPy-bundle/2022.05-foss-2022a
XZ/5.2.5-GCCcore-11.3.0
gzip/1.12-GCCcore-11.3.0
lz4/1.9.3-GCCcore-11.3.0
zstd/1.5.2-GCCcore-11.3.0
expat/2.4.8-GCCcore-11.3.0
libpng/1.6.37-GCCcore-11.3.0
Brotli/1.0.9-GCCcore-11.3.0
freetype/2.12.1-GCCcore-11.3.0
util-linux/2.38-GCCcore-11.3.0
fontconfig/2.14.0-GCCcore-11.3.0
freetype/2.12.1-GCCcore-11.3.0
xorg-macros/1.19.3-GCCcore-11.3.0
X11/20220504-GCCcore-11.3.0
libdrm/2.4.110-GCCcore-11.3.0
libglvnd/1.4.0-GCCcore-11.3.0
libunwind/1.6.2-GCCcore-11.3.0
X11/20220504-GCCcore-11.3.0
LLVM/12.0.1-GCCcore-11.3.0
Mesa/22.0.3-GCCcore-11.3.0
libGLU/9.0.2-GCCcore-11.3.0
X11/20220504-GCCcore-11.3.0
VTK/9.2.2-foss-2022a
libxslt/1.1.34-GCCcore-11.3.0
Tk/8.6.12-GCCcore-11.3.0
Tkinter/3.10.4-GCCcore-11.3.0
NASM/2.15.05-GCCcore-11.3.0
libjpeg-turbo/2.1.3-GCCcore-11.3.0
jbigkit/2.1-GCCcore-11.3.0
libdeflate/1.10-GCCcore-11.3.0
LibTIFF/4.3.0-GCCcore-11.3.0
Pillow/9.1.1-GCCcore-11.3.0
Qhull/2020.2-GCCcore-11.3.0
matplotlib/3.5.2-foss-2022a
tqdm/4.64.0-GCCcore-11.3.0
scikit-learn/1.1.2-foss-2022a
numba/0.56.4-foss-2022a
pydicom/2.3.0-GCCcore-11.3.0
NiBabel/4.0.2-foss-2022a
Szip/2.1.1-GCCcore-11.3.0
HDF5/1.12.2-gompi-2022a
h5py/3.7.0-foss-2022a
imageio/2.22.2-foss-2022a
MNE-Python/1.3.1-foss-2022a
MCR/R2019b.8
FreeSurfer/7.4.1-centos8_x86_64
fs-check-version --s sub-CC120470_T1w --o /tmp/tmp.0OFTGW
Wed Sep 25 10:44:41 BST 2024

setenv SUBJECTS_DIR /rds/projects/q/quinna-camcan/cc700/mri/pipeline/release004/BIDS_20190411/anat
cd /rds/projects/q/quinna-camcan/ghafarit-scripts/github/camcan-laterality/mne_python/source
/rds/bear-apps/2022a/EL8-ice/software/FreeSurfer/7.4.1-centos8_x86_64/bin/fs-check-version --s sub-CC120470_T1w --o /tmp/tmp.0OFTGW
-rwxrwxr-x 1 branfosj-admin build 18565 Jun 14  2023 /rds/bear-apps/2022a/EL8-ice/software/FreeSurfer/7.4.1-centos8_x86_64/bin/fs-check-version

freesurfer-linux-centos8_x86_64-7.4.1-20230613-7eb8460
$Id$
Linux bear-pg0210u12b.bear.cluster 4.18.0-372.32.1.el8_6.x86_64 #1 SMP Fri Oct 7 12:35:10 EDT 2022 x86_64 x86_64 x86_64 GNU/Linux
pid 1953106
Current FS Version freesurfer-linux-centos8_x86_64-7.4.1-20230613-7eb8460
Subject does not have a bstampfile, copying /rds/bear-apps/2022a/EL8-ice/software/FreeSurfer/7.4.1-centos8_x86_64/build-stamp.txt
Subject FS Version: freesurfer-linux-centos8_x86_64-7.4.1-20230613-7eb8460
No constraints on version because REQ=UnSet and FsVerFile=NotThere
#@#% fs-check-version match = 1
fs-check-version Done
INFO: SUBJECTS_DIR is /rds/projects/q/quinna-camcan/cc700/mri/pipeline/release004/BIDS_20190411/anat
Actual FREESURFER_HOME /rds/bear-apps/2022a/EL8-ice/software/FreeSurfer/7.4.1-centos8_x86_64
Linux bear-pg0210u12b.bear.cluster 4.18.0-372.32.1.el8_6.x86_64 #1 SMP Fri Oct 7 12:35:10 EDT 2022 x86_64 x86_64 x86_64 GNU/Linux
/rds/projects/q/quinna-camcan/cc700/mri/pipeline/release004/BIDS_20190411/anat/sub-CC120470_T1w

 mri_convert /rds/projects/q/quinna-camcan/cc700/mri/pipeline/release004/BIDS_20190411/anat/sub-CC120470/anat/sub-CC120470_T1w.nii.gz /rds/projects/q/quinna-camcan/cc700/mri/pipeline/release004/BIDS_20190411/anat/sub-CC120470_T1w/mri/orig/001.mgz 

mri_convert /rds/projects/q/quinna-camcan/cc700/mri/pipeline/release004/BIDS_20190411/anat/sub-CC120470/anat/sub-CC120470_T1w.nii.gz /rds/projects/q/quinna-camcan/cc700/mri/pipeline/release004/BIDS_20190411/anat/sub-CC120470_T1w/mri/orig/001.mgz 
reading from /rds/projects/q/quinna-camcan/cc700/mri/pipeline/release004/BIDS_20190411/anat/sub-CC120470/anat/sub-CC120470_T1w.nii.gz...
TR=0.00, TE=0.00, TI=0.00, flip angle=0.00
i_ras = (0.024405, -0.999702, 0)
j_ras = (-0.036651, -0.000895023, 0.999328)
k_ras = (0.99903, 0.024389, 0.0366616)
writing to /rds/projects/q/quinna-camcan/cc700/mri/pipeline/release004/BIDS_20190411/anat/sub-CC120470_T1w/mri/orig/001.mgz...
@#@FSTIME  2024:09:25:10:44:46 mri_convert N 2 e 5.02 S 0.03 U 4.91 P 98% M 54568 F 1 R 1391 W 0 c 15 w 29 I 80 O 0 L 98.90 100.31 102.73
@#@FSLOADPOST 2024:09:25:10:44:51 mri_convert N 2 98.91 100.29 102.71
#--------------------------------------------
#@# MotionCor Wed Sep 25 10:44:52 BST 2024
Found 1 runs
/rds/projects/q/quinna-camcan/cc700/mri/pipeline/release004/BIDS_20190411/anat/sub-CC120470_T1w/mri/orig/001.mgz
Checking for (invalid) multi-frame inputs...
Only one run found so motion
correction will not be performed. I'll
copy the run to rawavg and continue.

 cp /rds/projects/q/quinna-camcan/cc700/mri/pipeline/release004/BIDS_20190411/anat/sub-CC120470_T1w/mri/orig/001.mgz /rds/projects/q/quinna-camcan/cc700/mri/pipeline/release004/BIDS_20190411/anat/sub-CC120470_T1w/mri/rawavg.mgz 


 mri_info /rds/projects/q/quinna-camcan/cc700/mri/pipeline/release004/BIDS_20190411/anat/sub-CC120470_T1w/mri/rawavg.mgz 

rawavg.mgz ========================================
Volume information for /rds/projects/q/quinna-camcan/cc700/mri/pipeline/release004/BIDS_20190411/anat/sub-CC120470_T1w/mri/rawavg.mgz
          type: MGH
    dimensions: 256 x 256 x 192
   voxel sizes: 1.000000, 1.000000, 1.000000
          type: FLOAT (3)
           fov: 256.000
           dof: 1
        xstart: -128.0, xend: 128.0
        ystart: -128.0, yend: 128.0
        zstart: -96.0, zend: 96.0
            TR: 0.00 msec, TE: 0.00 msec, TI: 0.00 msec, flip angle: 0.00 degrees
       nframes: 1
       PhEncDir: UNKNOWN
       FieldStrength: 0.000000
ras xform present
    xform info: x_r =   0.0244, y_r =  -0.0367, z_r =   0.9990, c_r =    -4.6417
              : x_a =  -0.9997, y_a =  -0.0009, z_a =   0.0244, c_a =    40.3566
              : x_s =   0.0000, y_s =   0.9993, z_s =   0.0367, c_s =    -5.2869

talairach xfm : 
Orientation   : PSR
Primary Slice Direction: sagittal

voxel to ras transform:
                0.0244  -0.0367   0.9990   -98.9811
               -0.9997  -0.0009   0.0244   166.0916
                0.0000   0.9993   0.0367  -136.7204
                0.0000   0.0000   0.0000     1.0000

voxel-to-ras determinant -1

ras to voxel transform:
                0.0244  -0.9997  -0.0000   168.4578
               -0.0367  -0.0009   0.9993   133.1494
                0.9990   0.0244   0.0367    99.8468
               -0.0000  -0.0000  -0.0000     1.0000
/rds/projects/q/quinna-camcan/cc700/mri/pipeline/release004/BIDS_20190411/anat/sub-CC120470_T1w

 mri_convert /rds/projects/q/quinna-camcan/cc700/mri/pipeline/release004/BIDS_20190411/anat/sub-CC120470_T1w/mri/rawavg.mgz /rds/projects/q/quinna-camcan/cc700/mri/pipeline/release004/BIDS_20190411/anat/sub-CC120470_T1w/mri/orig.mgz --conform 

mri_convert /rds/projects/q/quinna-camcan/cc700/mri/pipeline/release004/BIDS_20190411/anat/sub-CC120470_T1w/mri/rawavg.mgz /rds/projects/q/quinna-camcan/cc700/mri/pipeline/release004/BIDS_20190411/anat/sub-CC120470_T1w/mri/orig.mgz --conform 
reading from /rds/projects/q/quinna-camcan/cc700/mri/pipeline/release004/BIDS_20190411/anat/sub-CC120470_T1w/mri/rawavg.mgz...
TR=0.00, TE=0.00, TI=0.00, flip angle=0.00
i_ras = (0.024405, -0.999702, 0)
j_ras = (-0.036651, -0.000895023, 0.999328)
k_ras = (0.99903, 0.024389, 0.0366616)
changing data type from float to uchar (noscale = 0)...
MRIchangeType: Building histogram 0 783 1000, flo=0, fhi=0.999, dest_type=0
Reslicing using trilinear interpolation 
writing to /rds/projects/q/quinna-camcan/cc700/mri/pipeline/release004/BIDS_20190411/anat/sub-CC120470_T1w/mri/orig.mgz...
@#@FSTIME  2024:09:25:10:44:56 mri_convert N 3 e 3.23 S 0.03 U 3.11 P 97% M 66896 F 0 R 6821 W 0 c 14 w 15 I 0 O 0 L 98.84 100.25 102.68
@#@FSLOADPOST 2024:09:25:10:44:59 mri_convert N 3 98.93 100.25 102.67

 mri_add_xform_to_header -c /rds/projects/q/quinna-camcan/cc700/mri/pipeline/release004/BIDS_20190411/anat/sub-CC120470_T1w/mri/transforms/talairach.xfm /rds/projects/q/quinna-camcan/cc700/mri/pipeline/release004/BIDS_20190411/anat/sub-CC120470_T1w/mri/orig.mgz /rds/projects/q/quinna-camcan/cc700/mri/pipeline/release004/BIDS_20190411/anat/sub-CC120470_T1w/mri/orig.mgz 

INFO: extension is mgz
@#@FSTIME  2024:09:25:10:44:59 mri_add_xform_to_header N 4 e 1.29 S 0.01 U 1.26 P 98% M 21600 F 0 R 1306 W 0 c 7 w 19 I 0 O 0 L 98.93 100.25 102.67
@#@FSLOADPOST 2024:09:25:10:45:01 mri_add_xform_to_header N 4 98.93 100.25 102.67

 mri_info /rds/projects/q/quinna-camcan/cc700/mri/pipeline/release004/BIDS_20190411/anat/sub-CC120470_T1w/mri/orig.mgz 

orig.mgz ========================================
Volume information for /rds/projects/q/quinna-camcan/cc700/mri/pipeline/release004/BIDS_20190411/anat/sub-CC120470_T1w/mri/orig.mgz
          type: MGH
    dimensions: 256 x 256 x 256
   voxel sizes: 1.000000, 1.000000, 1.000000
          type: UCHAR (0)
           fov: 256.000
           dof: 1
        xstart: -128.0, xend: 128.0
        ystart: -128.0, yend: 128.0
        zstart: -128.0, zend: 128.0
            TR: 0.00 msec, TE: 0.00 msec, TI: 0.00 msec, flip angle: 0.00 degrees
       nframes: 1
       PhEncDir: UNKNOWN
       FieldStrength: 0.000000
ras xform present
    xform info: x_r =  -1.0000, y_r =   0.0000, z_r =   0.0000, c_r =    -4.6418
              : x_a =  -0.0000, y_a =   0.0000, z_a =   1.0000, c_a =    40.3566
              : x_s =   0.0000, y_s =  -1.0000, z_s =   0.0000, c_s =    -5.2869

talairach xfm : /rds/projects/q/quinna-camcan/cc700/mri/pipeline/release004/BIDS_20190411/anat/sub-CC120470_T1w/mri/transforms/talairach.xfm
Orientation   : LIA
Primary Slice Direction: coronal

voxel to ras transform:
               -1.0000   0.0000   0.0000   123.3582
               -0.0000   0.0000   1.0000   -87.6434
                0.0000  -1.0000   0.0000   122.7131
                0.0000   0.0000   0.0000     1.0000

voxel-to-ras determinant -1

ras to voxel transform:
               -1.0000  -0.0000  -0.0000   123.3583
               -0.0000  -0.0000  -1.0000   122.7131
               -0.0000   1.0000  -0.0000    87.6434
               -0.0000  -0.0000  -0.0000     1.0000
#--------------------------------------------
#@# Talairach Wed Sep 25 10:45:01 BST 2024
/rds/projects/q/quinna-camcan/cc700/mri/pipeline/release004/BIDS_20190411/anat/sub-CC120470_T1w/mri

 mri_nu_correct.mni --no-rescale --i orig.mgz --o orig_nu.mgz --ants-n4 --n 1 --proto-iters 1000 --distance 50 

/usr/bin/bc
/rds/projects/q/quinna-camcan/cc700/mri/pipeline/release004/BIDS_20190411/anat/sub-CC120470_T1w/mri
/rds/bear-apps/2022a/EL8-ice/software/FreeSurfer/7.4.1-centos8_x86_64/bin/mri_nu_correct.mni
--no-rescale --i orig.mgz --o orig_nu.mgz --ants-n4 --n 1 --proto-iters 1000 --distance 50
nIters 1
mri_nu_correct.mni 7.4.1
Linux bear-pg0210u12b.bear.cluster 4.18.0-372.32.1.el8_6.x86_64 #1 SMP Fri Oct 7 12:35:10 EDT 2022 x86_64 x86_64 x86_64 GNU/Linux
Wed Sep 25 10:45:01 BST 2024
tmpdir is ./tmp.mri_nu_correct.mni.1953525
cd /rds/projects/q/quinna-camcan/cc700/mri/pipeline/release004/BIDS_20190411/anat/sub-CC120470_T1w/mri
AntsN4BiasFieldCorrectionFs -i orig.mgz -o ./tmp.mri_nu_correct.mni.1953525/nu0.mgz --dtype uchar
AntsN4BiasFieldCorrectionFs done
mri_convert ./tmp.mri_nu_correct.mni.1953525/nu0.mgz orig_nu.mgz --like orig.mgz --conform
mri_convert ./tmp.mri_nu_correct.mni.1953525/nu0.mgz orig_nu.mgz --like orig.mgz --conform 
reading from ./tmp.mri_nu_correct.mni.1953525/nu0.mgz...
TR=0.00, TE=0.00, TI=0.00, flip angle=0.00
i_ras = (-1, -1.86265e-09, 0)
j_ras = (3.72529e-09, 0, -1)
k_ras = (0, 1, 0)
INFO: transform src into the like-volume: orig.mgz
writing to orig_nu.mgz...
 
 
Wed Sep 25 10:47:08 BST 2024
mri_nu_correct.mni done
@#@FSTIME  2024:09:25:10:45:01 mri_nu_correct.mni N 12 e 127.04 S 0.50 U 125.96 P 99% M 517212 F 0 R 57254 W 0 c 135 w 143 I 0 O 0 L 98.93 100.25 102.67
@#@FSLOADPOST 2024:09:25:10:47:08 mri_nu_correct.mni N 12 99.36 99.96 102.24

 talairach_avi --i orig_nu.mgz --xfm transforms/talairach.auto.xfm 

talairach_avi log file is transforms/talairach_avi.log...
mv -f /rds/projects/q/quinna-camcan/cc700/mri/pipeline/release004/BIDS_20190411/anat/sub-CC120470_T1w/mri/talsrcimg_to_711-2C_as_mni_average_305_t4_vox2vox.txt /rds/projects/q/quinna-camcan/cc700/mri/pipeline/release004/BIDS_20190411/anat/sub-CC120470_T1w/mri/transforms/talsrcimg_to_711-2C_as_mni_average_305_t4_vox2vox.txt
Started at Wed Sep 25 10:47:08 BST 2024
Ended   at Wed Sep 25 10:47:28 BST 2024
talairach_avi done
@#@FSTIME  2024:09:25:10:47:08 talairach_avi N 4 e 19.70 S 1.16 U 12.36 P 68% M 256040 F 0 R 37860 W 0 c 90 w 513 I 0 O 32 L 99.36 99.96 102.24
@#@FSLOADPOST 2024:09:25:10:47:28 talairach_avi N 4 99.20 99.88 102.17

 cp transforms/talairach.auto.xfm transforms/talairach.xfm 

lta_convert --src orig.mgz --trg /rds/bear-apps/2022a/EL8-ice/software/FreeSurfer/7.4.1-centos8_x86_64/average/mni305.cor.mgz --inxfm transforms/talairach.xfm --outlta transforms/talairach.xfm.lta --subject fsaverage --ltavox2vox
7.4.1

--src: orig.mgz src image (geometry).
--trg: /rds/bear-apps/2022a/EL8-ice/software/FreeSurfer/7.4.1-centos8_x86_64/average/mni305.cor.mgz trg image (geometry).
--inmni: transforms/talairach.xfm input MNI/XFM transform.
--outlta: transforms/talairach.xfm.lta output LTA.
--s: fsaverage subject name
--ltavox2vox: output LTA as VOX_TO_VOX transform.
 LTA read, type : 1
 1.15290   0.09021   0.03594   4.48575;
-0.07397   1.02412   0.11186  -36.19444;
-0.02612  -0.09954   1.14841   21.86011;
 0.00000   0.00000   0.00000   1.00000;
setting subject to fsaverage
Writing  LTA to file transforms/talairach.xfm.lta...
lta_convert successful.
/rds/projects/q/quinna-camcan/cc700/mri/pipeline/release004/BIDS_20190411/anat/sub-CC120470_T1w/mri/transforms /rds/projects/q/quinna-camcan/cc700/mri/pipeline/release004/BIDS_20190411/anat/sub-CC120470_T1w/mri 
/rds/projects/q/quinna-camcan/cc700/mri/pipeline/release004/BIDS_20190411/anat/sub-CC120470_T1w/mri 
#--------------------------------------------
#@# Nu Intensity Correction Wed Sep 25 10:47:30 BST 2024

 mri_nu_correct.mni --i orig.mgz --o nu.mgz --uchar transforms/talairach.xfm --n 2 --ants-n4 

/usr/bin/bc
/rds/projects/q/quinna-camcan/cc700/mri/pipeline/release004/BIDS_20190411/anat/sub-CC120470_T1w/mri
/rds/bear-apps/2022a/EL8-ice/software/FreeSurfer/7.4.1-centos8_x86_64/bin/mri_nu_correct.mni
--i orig.mgz --o nu.mgz --uchar transforms/talairach.xfm --n 2 --ants-n4
nIters 2
mri_nu_correct.mni 7.4.1
Linux bear-pg0210u12b.bear.cluster 4.18.0-372.32.1.el8_6.x86_64 #1 SMP Fri Oct 7 12:35:10 EDT 2022 x86_64 x86_64 x86_64 GNU/Linux
Wed Sep 25 10:47:31 BST 2024
tmpdir is ./tmp.mri_nu_correct.mni.1955717
cd /rds/projects/q/quinna-camcan/cc700/mri/pipeline/release004/BIDS_20190411/anat/sub-CC120470_T1w/mri
AntsN4BiasFieldCorrectionFs -i orig.mgz -o ./tmp.mri_nu_correct.mni.1955717/nu0.mgz --dtype uchar
AntsN4BiasFieldCorrectionFs done
mri_binarize --i ./tmp.mri_nu_correct.mni.1955717/nu0.mgz --min -1 --o ./tmp.mri_nu_correct.mni.1955717/ones.mgz

7.4.1
cwd /rds/projects/q/quinna-camcan/cc700/mri/pipeline/release004/BIDS_20190411/anat/sub-CC120470_T1w/mri
cmdline mri_binarize --i ./tmp.mri_nu_correct.mni.1955717/nu0.mgz --min -1 --o ./tmp.mri_nu_correct.mni.1955717/ones.mgz 
sysname  Linux
hostname bear-pg0210u12b.bear.cluster
machine  x86_64
user     ghafarit

input      ./tmp.mri_nu_correct.mni.1955717/nu0.mgz
frame      0
nErode3d   0
nErode2d   0
output     ./tmp.mri_nu_correct.mni.1955717/ones.mgz
Binarizing based on threshold
min        -1
max        +infinity
binval        1
binvalnot     0
fstart = 0, fend = 0, nframes = 1
Starting parallel 1
Found 16777216 values in range
Counting number of voxels in first frame
Found 16777215 voxels in final mask
Writing output to ./tmp.mri_nu_correct.mni.1955717/ones.mgz
Count: 16777215 16777215.000000 16777216 99.999994
mri_binarize done
mri_segstats --id 1 --seg ./tmp.mri_nu_correct.mni.1955717/ones.mgz --i orig.mgz --sum ./tmp.mri_nu_correct.mni.1955717/sum.junk --avgwf ./tmp.mri_nu_correct.mni.1955717/input.mean.dat

7.4.1
cwd 
cmdline mri_segstats --id 1 --seg ./tmp.mri_nu_correct.mni.1955717/ones.mgz --i orig.mgz --sum ./tmp.mri_nu_correct.mni.1955717/sum.junk --avgwf ./tmp.mri_nu_correct.mni.1955717/input.mean.dat 
sysname  Linux
hostname bear-pg0210u12b.bear.cluster
machine  x86_64
user     ghafarit
whitesurfname  white
UseRobust  0
Loading ./tmp.mri_nu_correct.mni.1955717/ones.mgz
Loading orig.mgz
Voxel Volume is 1 mm^3
Generating list of segmentation ids
Found   1 segmentations
Computing statistics for each segmentation

Reporting on   1 segmentations
Using PrintSegStat
Computing spatial average of each frame

Writing to ./tmp.mri_nu_correct.mni.1955717/input.mean.dat
mri_segstats done
mri_segstats --id 1 --seg ./tmp.mri_nu_correct.mni.1955717/ones.mgz --i ./tmp.mri_nu_correct.mni.1955717/nu0.mgz --sum ./tmp.mri_nu_correct.mni.1955717/sum.junk --avgwf ./tmp.mri_nu_correct.mni.1955717/output.mean.dat

7.4.1
cwd 
cmdline mri_segstats --id 1 --seg ./tmp.mri_nu_correct.mni.1955717/ones.mgz --i ./tmp.mri_nu_correct.mni.1955717/nu0.mgz --sum ./tmp.mri_nu_correct.mni.1955717/sum.junk --avgwf ./tmp.mri_nu_correct.mni.1955717/output.mean.dat 
sysname  Linux
hostname bear-pg0210u12b.bear.cluster
machine  x86_64
user     ghafarit
whitesurfname  white
UseRobust  0
Loading ./tmp.mri_nu_correct.mni.1955717/ones.mgz
Loading ./tmp.mri_nu_correct.mni.1955717/nu0.mgz
Voxel Volume is 1 mm^3
Generating list of segmentation ids
Found   1 segmentations
Computing statistics for each segmentation

Reporting on   1 segmentations
Using PrintSegStat
Computing spatial average of each frame

Writing to ./tmp.mri_nu_correct.mni.1955717/output.mean.dat
mri_segstats done
mris_calc -o ./tmp.mri_nu_correct.mni.1955717/nu0.mgz ./tmp.mri_nu_correct.mni.1955717/nu0.mgz mul 1.09628279849831030317
Saving result to './tmp.mri_nu_correct.mni.1955717/nu0.mgz' (type = MGH )                       [ ok ]
mri_convert ./tmp.mri_nu_correct.mni.1955717/nu0.mgz nu.mgz --like orig.mgz
mri_convert ./tmp.mri_nu_correct.mni.1955717/nu0.mgz nu.mgz --like orig.mgz 
reading from ./tmp.mri_nu_correct.mni.1955717/nu0.mgz...
TR=0.00, TE=0.00, TI=0.00, flip angle=0.00
i_ras = (-1, -1.86265e-09, 0)
j_ras = (3.72529e-09, 0, -1)
k_ras = (0, 1, 0)
INFO: transform src into the like-volume: orig.mgz
writing to nu.mgz...
mri_make_uchar nu.mgz transforms/talairach.xfm nu.mgz
type change took 0 minutes and 3 seconds.
FIRST_PERCENTILE 0.010000
WM_PERCENTILE    0.900000
MAX_R 50.000000
i1 = 2, i2 = 52
#mri_make_uchar# mapping  5 133 to  3 110  :  b -1.748 m 0.840913 : thresh 2.07869 maxsat 305.321 : nzero 12460508 nsat 0
 
 
Wed Sep 25 10:49:52 BST 2024
mri_nu_correct.mni done
@#@FSTIME  2024:09:25:10:47:30 mri_nu_correct.mni N 9 e 141.44 S 1.17 U 139.56 P 99% M 612144 F 0 R 204722 W 0 c 207 w 313 I 0 O 0 L 99.20 99.88 102.17
@#@FSLOADPOST 2024:09:25:10:49:52 mri_nu_correct.mni N 9 99.46 99.71 101.78

 mri_add_xform_to_header -c /rds/projects/q/quinna-camcan/cc700/mri/pipeline/release004/BIDS_20190411/anat/sub-CC120470_T1w/mri/transforms/talairach.xfm nu.mgz nu.mgz 

INFO: extension is mgz
@#@FSTIME  2024:09:25:10:49:52 mri_add_xform_to_header N 4 e 0.55 S 0.02 U 0.49 P 92% M 21580 F 0 R 1312 W 0 c 5 w 16 I 0 O 0 L 99.46 99.71 101.78
@#@FSLOADPOST 2024:09:25:10:49:53 mri_add_xform_to_header N 4 99.46 99.71 101.78
#--------------------------------------------
#@# Intensity Normalization Wed Sep 25 10:49:53 BST 2024
/rds/projects/q/quinna-camcan/cc700/mri/pipeline/release004/BIDS_20190411/anat/sub-CC120470_T1w/mri

 mri_normalize -g 1 -seed 1234 -mprage nu.mgz T1.mgz 

using max gradient = 1.000
setting seed for random number genererator to 1234
assuming input volume is MGH (Van der Kouwe) MP-RAGE
reading mri_src from nu.mgz...
normalizing image...
NOT doing gentle normalization with control points/label
talairach transform
 1.15290   0.09021   0.03594   4.48575;
-0.07397   1.02412   0.11186  -36.19444;
-0.02612  -0.09954   1.14841   21.86011;
 0.00000   0.00000   0.00000   1.00000;
processing without aseg, no1d=0
MRInormInit(): 
INFO: Modifying talairach volume c_(r,a,s) based on average_305
MRInormalize(): 
MRIsplineNormalize(): npeaks = 15
Starting OpenSpline(): npoints = 15
building Voronoi diagram...
performing soap bubble smoothing, sigma = 8...

Iterating 2 times
---------------------------------
3d normalization pass 1 of 2
white matter peak found at 110
white matter peak found at 110
gm peak at 80 (80), valley at 47 (47)
csf peak at 31, setting threshold to 63
building Voronoi diagram...
performing soap bubble smoothing, sigma = 8...
---------------------------------
3d normalization pass 2 of 2
white matter peak found at 110
white matter peak found at 110
gm peak at 81 (81), valley at 47 (47)
csf peak at 32, setting threshold to 64
building Voronoi diagram...
performing soap bubble smoothing, sigma = 8...
Done iterating ---------------------------------
writing output to T1.mgz
3D bias adjustment took 1 minutes and 22 seconds.
@#@FSTIME  2024:09:25:10:49:53 mri_normalize N 7 e 82.19 S 0.17 U 81.61 P 99% M 584072 F 0 R 14361 W 0 c 83 w 15 I 0 O 0 L 99.42 99.70 101.76
@#@FSLOADPOST 2024:09:25:10:51:15 mri_normalize N 7 99.64 99.69 101.58
#--------------------------------------------
#@# Skull Stripping Wed Sep 25 10:51:15 BST 2024
/rds/projects/q/quinna-camcan/cc700/mri/pipeline/release004/BIDS_20190411/anat/sub-CC120470_T1w/mri

 mri_em_register -skull nu.mgz /rds/bear-apps/2022a/EL8-ice/software/FreeSurfer/7.4.1-centos8_x86_64/average/RB_all_withskull_2020_01_02.gca transforms/talairach_with_skull.lta 

aligning to atlas containing skull, setting unknown_nbr_spacing = 5

== Number of threads available to mri_em_register for OpenMP = 1 == 
reading 1 input volumes...
logging results to talairach_with_skull.log
reading '/rds/bear-apps/2022a/EL8-ice/software/FreeSurfer/7.4.1-centos8_x86_64/average/RB_all_withskull_2020_01_02.gca'...
GCAread took 0 minutes and 1 seconds.
average std = 23.0   using min determinant for regularization = 52.8
0 singular and 9205 ill-conditioned covariance matrices regularized
reading 'nu.mgz'...
freeing gibbs priors...done.
accounting for voxel sizes in initial transform
bounding unknown intensity as < 8.9 or > 556.0 
total sample mean = 77.3 (1403 zeros)
************************************************
spacing=8, using 3292 sample points, tol=1.00e-05...
************************************************
register_mri: find_optimal_transform
find_optimal_transform: nsamples 3292, passno 0, spacing 8
resetting wm mean[0]: 100 --> 108
resetting gm mean[0]: 61 --> 61
input volume #1 is the most T1-like
using real data threshold=6.0
skull bounding box = (52, 58, 0) --> (201, 240, 206)
finding center of left hemi white matter
using (102, 119, 103) as brain centroid of Right_Cerebral_White_Matter...
MRImask(): AllowDiffGeom = 1
mean wm in atlas = 108, using box (84,97,78) --> (120, 141,128) to find MRI wm
before smoothing, mri peak at 109
robust fit to distribution - 107 +- 5.1
after smoothing, mri peak at 108, scaling input intensities by 1.000
scaling channel 0 by 1
initial log_p = -4.645
************************************************
First Search limited to translation only.
************************************************
max log p =    -4.544829 @ (-10.526, -10.526, 10.526)
max log p =    -4.425812 @ (5.263, -5.263, -5.263)
max log p =    -4.425812 @ (0.000, 0.000, 0.000)
max log p =    -4.404775 @ (3.947, -3.947, -1.316)
max log p =    -4.403812 @ (0.658, 0.658, 0.658)
max log p =    -4.398146 @ (-0.329, -0.329, -0.987)
max log p =    -4.398146 @ (0.000, 0.000, 0.000)
max log p =    -4.398146 @ (0.000, 0.000, 0.000)
Found translation: (-1.0, -19.4, 3.6): log p = -4.398
****************************************
Nine parameter search.  iteration 0 nscales = 0 ...
****************************************
Result so far: scale 1.000: max_log_p=-4.124, old_max_log_p =-4.398 (thresh=-4.4)
 1.14016   0.01959  -0.14882  -6.07430;
 0.00000   1.22567   0.16136  -57.22565;
 0.13885  -0.13766   1.04563   5.23418;
 0.00000   0.00000   0.00000   1.00000;
iteration took 1 minutes and 7 seconds.
****************************************
Nine parameter search.  iteration 1 nscales = 0 ...
****************************************
Result so far: scale 1.000: max_log_p=-4.124, old_max_log_p =-4.124 (thresh=-4.1)
 1.14016   0.01959  -0.14882  -6.07430;
 0.00000   1.22567   0.16136  -57.22565;
 0.13885  -0.13766   1.04563   5.23418;
 0.00000   0.00000   0.00000   1.00000;
reducing scale to 0.2500
iteration took 1 minutes and 7 seconds.
****************************************
Nine parameter search.  iteration 2 nscales = 1 ...
****************************************
Result so far: scale 0.250: max_log_p=-4.031, old_max_log_p =-4.124 (thresh=-4.1)
 1.14582   0.05464  -0.07771  -21.40640;
-0.04916   1.20814   0.05935  -39.47935;
 0.06098  -0.01734   1.02399  -2.60588;
 0.00000   0.00000   0.00000   1.00000;
iteration took 1 minutes and 4 seconds.
****************************************
Nine parameter search.  iteration 3 nscales = 1 ...
****************************************
Result so far: scale 0.250: max_log_p=-4.019, old_max_log_p =-4.031 (thresh=-4.0)
 1.12433   0.05362  -0.07625  -18.65936;
-0.05101   1.25344   0.06157  -46.28896;
 0.06098  -0.01734   1.02399  -2.60588;
 0.00000   0.00000   0.00000   1.00000;
iteration took 1 minutes and 4 seconds.
****************************************
Nine parameter search.  iteration 4 nscales = 1 ...
****************************************
Result so far: scale 0.250: max_log_p=-4.019, old_max_log_p =-4.019 (thresh=-4.0)
 1.12433   0.05362  -0.07625  -18.65936;
-0.05101   1.25344   0.06157  -46.28896;
 0.06098  -0.01734   1.02399  -2.60588;
 0.00000   0.00000   0.00000   1.00000;
reducing scale to 0.0625
iteration took 1 minutes and 4 seconds.
****************************************
Nine parameter search.  iteration 5 nscales = 2 ...
****************************************
Result so far: scale 0.062: max_log_p=-3.995, old_max_log_p =-4.019 (thresh=-4.0)
 1.12520   0.06392  -0.07570  -19.90776;
-0.05929   1.25397   0.07903  -47.15333;
 0.06188  -0.03789   1.02404  -0.57641;
 0.00000   0.00000   0.00000   1.00000;
iteration took 0 minutes and 57 seconds.
****************************************
Nine parameter search.  iteration 6 nscales = 2 ...
****************************************
Result so far: scale 0.062: max_log_p=-3.984, old_max_log_p =-3.995 (thresh=-4.0)
 1.12916   0.06414  -0.07596  -20.41796;
-0.05922   1.25250   0.07894  -46.93102;
 0.06188  -0.03789   1.02404  -0.57641;
 0.00000   0.00000   0.00000   1.00000;
iteration took 0 minutes and 56 seconds.
****************************************
Nine parameter search.  iteration 7 nscales = 2 ...
****************************************
Result so far: scale 0.062: max_log_p=-3.984, old_max_log_p =-3.984 (thresh=-4.0)
 1.12916   0.06414  -0.07596  -20.41796;
-0.05922   1.25250   0.07894  -46.93102;
 0.06188  -0.03789   1.02404  -0.57641;
 0.00000   0.00000   0.00000   1.00000;
min search scale 0.025000 reached
***********************************************
Computing MAP estimate using 3292 samples...
***********************************************
dt = 5.00e-06, momentum=0.80, tol=1.00e-05
l_intensity = 1.0000
Aligning input volume to GCA...
Transform matrix
 1.12916   0.06414  -0.07596  -20.41796;
-0.05922   1.25250   0.07894  -46.93102;
 0.06188  -0.03789   1.02404  -0.57641;
 0.00000   0.00000   0.00000   1.00000;
nsamples 3292
Quasinewton: input matrix
 1.12916   0.06414  -0.07596  -20.41796;
-0.05922   1.25250   0.07894  -46.93102;
 0.06188  -0.03789   1.02404  -0.57641;
 0.00000   0.00000   0.00000   1.00000;
 IFLAG= -1  LINE SEARCH FAILED. SEE DOCUMENTATION OF ROUTINE MCSRCH ERROR RETURN OF LINE SEARCH: INFO= 3 POSSIBLE CAUSES: FUNCTION OR GRADIENT ARE INCORRECT OR INCORRECT TOLERANCESoutof QuasiNewtonEMA: 010: -log(p) =   -0.0  tol 0.000010
Resulting transform:
 1.12916   0.06414  -0.07596  -20.41796;
-0.05922   1.25250   0.07894  -46.93102;
 0.06188  -0.03789   1.02404  -0.57641;
 0.00000   0.00000   0.00000   1.00000;

pass 1, spacing 8: log(p) = -3.984 (old=-4.645)
transform before final EM align:
 1.12916   0.06414  -0.07596  -20.41796;
-0.05922   1.25250   0.07894  -46.93102;
 0.06188  -0.03789   1.02404  -0.57641;
 0.00000   0.00000   0.00000   1.00000;

**************************************************
 EM alignment process ...
 Computing final MAP estimate using 364986 samples. 
**************************************************
dt = 5.00e-06, momentum=0.80, tol=1.00e-07
l_intensity = 1.0000
Aligning input volume to GCA...
Transform matrix
 1.12916   0.06414  -0.07596  -20.41796;
-0.05922   1.25250   0.07894  -46.93102;
 0.06188  -0.03789   1.02404  -0.57641;
 0.00000   0.00000   0.00000   1.00000;
nsamples 364986
Quasinewton: input matrix
 1.12916   0.06414  -0.07596  -20.41796;
-0.05922   1.25250   0.07894  -46.93102;
 0.06188  -0.03789   1.02404  -0.57641;
 0.00000   0.00000   0.00000   1.00000;
 IFLAG= -1  LINE SEARCH FAILED. SEE DOCUMENTATION OF ROUTINE MCSRCH ERROR RETURN OF LINE SEARCH: INFO= 6 POSSIBLE CAUSES: FUNCTION OR GRADIENT ARE INCORRECT OR INCORRECT TOLERANCESoutof QuasiNewtonEMA: 012: -log(p) =    4.4  tol 0.000000
final transform:
 1.12916   0.06414  -0.07596  -20.41796;
-0.05922   1.25250   0.07894  -46.93102;
 0.06188  -0.03789   1.02404  -0.57641;
 0.00000   0.00000   0.00000   1.00000;

writing output transformation to transforms/talairach_with_skull.lta...
#VMPC# mri_em_register VmPeak  796884
FSRUNTIME@ mri_em_register  0.1518 hours 1 threads
registration took 9 minutes and 7 seconds.
@#@FSTIME  2024:09:25:10:51:15 mri_em_register N 4 e 546.62 S 0.96 U 542.77 P 99% M 628952 F 0 R 178133 W 0 c 182 w 19 I 0 O 0 L 99.64 99.69 101.58
@#@FSLOADPOST 2024:09:25:11:00:22 mri_em_register N 4 99.34 99.36 100.56

 mri_watershed -T1 -brain_atlas /rds/bear-apps/2022a/EL8-ice/software/FreeSurfer/7.4.1-centos8_x86_64/average/RB_all_withskull_2020_01_02.gca transforms/talairach_with_skull.lta T1.mgz brainmask.auto.mgz 


Mode:          T1 normalized volume
Mode:          Use the information of atlas (default parms, --help for details)

*********************************************************
The input file is T1.mgz
The output file is brainmask.auto.mgz
Weighting the input with atlas information before watershed

*************************WATERSHED**************************
Sorting...
      first estimation of the COG coord: x=129 y=130 z=108 r=73
      first estimation of the main basin volume: 1676784 voxels
      Looking for seedpoints 
        2 found in the cerebellum 
        17 found in the rest of the brain 
      global maximum in x=109, y=115, z=73, Imax=255
      CSF=19, WM_intensity=110, WM_VARIANCE=5
      WM_MIN=110, WM_HALF_MIN=110, WM_HALF_MAX=110, WM_MAX=110 
      preflooding height equal to 10 percent
done.
Analyze...

      main basin size=9288191791 voxels, voxel volume =1.000 
                     = 9288191791 mmm3 = 9288192.000 cm3
done.
PostAnalyze...Basin Prior
 1 basins merged thanks to atlas 
      ***** 0 basin(s) merged in 1 iteration(s)
      ***** 0 voxel(s) added to the main basin
done.
Weighting the input with prior template 

****************TEMPLATE DEFORMATION****************

      second estimation of the COG coord: x=127,y=132, z=100, r=9752 iterations
^^^^^^^^ couldn't find WM with original limits - expanding ^^^^^^

   GLOBAL      CSF_MIN=0, CSF_intensity=8, CSF_MAX=26 , nb = 44766
  RIGHT_CER    CSF_MIN=0, CSF_intensity=4, CSF_MAX=18 , nb = 3366
  LEFT_CER     CSF_MIN=0, CSF_intensity=6, CSF_MAX=22 , nb = 2988
 RIGHT_BRAIN   CSF_MIN=0, CSF_intensity=8, CSF_MAX=26 , nb = 18954
 LEFT_BRAIN    CSF_MIN=0, CSF_intensity=8, CSF_MAX=25 , nb = 18612
    OTHER      CSF_MIN=1, CSF_intensity=2, CSF_MAX=12 , nb = 846
 Problem with the least square interpolation in GM_MIN calculation.
   
                     CSF_MAX  TRANSITION  GM_MIN  GM
    GLOBAL     
  before analyzing :    26,      38,        54,   77
  after  analyzing :    26,      48,        54,   55
   RIGHT_CER   
  before analyzing :    18,      27,        51,   88
  after  analyzing :    18,      43,        51,   54
   LEFT_CER    
  before analyzing :    22,      29,        48,   88
  after  analyzing :    22,      41,        48,   52
  RIGHT_BRAIN  
  before analyzing :    26,      37,        52,   76
  after  analyzing :    26,      47,        52,   54
  LEFT_BRAIN   
  before analyzing :    25,      37,        54,   76
  after  analyzing :    25,      48,        54,   55
     OTHER     
  before analyzing :    12,      42,        78,   90
  after  analyzing :    12,      66,        78,   72
      mri_strip_skull: done peeling brain
      highly tesselated surface with 10242 vertices
      matching...63 iterations

*********************VALIDATION*********************
curvature mean = -0.014, std = 0.010
curvature mean = 68.302, std = 7.672

No Rigid alignment: -atlas Mode Off (basic atlas / no registration)
      before rotation: sse = 3.87, sigma = 5.58
      after  rotation: sse = 3.87, sigma = 5.58
Localization of inacurate regions: Erosion-Dilation steps
      the sse mean is  4.06, its var is  4.64   
      before Erosion-Dilatation  0.45% of inacurate vertices
      after  Erosion-Dilatation  0.00% of inacurate vertices
      Validation of the shape of the surface done.
Scaling of atlas fields onto current surface fields

********FINAL ITERATIVE TEMPLATE DEFORMATION********
Compute Local values csf/gray
Fine Segmentation...42 iterations

      mri_strip_skull: done peeling brain

Brain Size = 1539077 voxels, voxel volume = 1.000 mm3
           = 1539077 mmm3 = 1539.077 cm3


******************************
Saving brainmask.auto.mgz
done
mri_watershed done
@#@FSTIME  2024:09:25:11:00:22 mri_watershed N 6 e 11.96 S 0.49 U 11.27 P 98% M 808320 F 0 R 225053 W 0 c 31 w 40 I 0 O 0 L 99.34 99.36 100.56
@#@FSLOADPOST 2024:09:25:11:00:34 mri_watershed N 6 99.26 99.34 100.53

 cp brainmask.auto.mgz brainmask.mgz 

#-------------------------------------
#@# EM Registration Wed Sep 25 11:00:35 BST 2024
/rds/projects/q/quinna-camcan/cc700/mri/pipeline/release004/BIDS_20190411/anat/sub-CC120470_T1w/mri

 mri_em_register -uns 3 -mask brainmask.mgz nu.mgz /rds/bear-apps/2022a/EL8-ice/software/FreeSurfer/7.4.1-centos8_x86_64/average/RB_all_2020-01-02.gca transforms/talairach.lta 

setting unknown_nbr_spacing = 3
using MR volume brainmask.mgz to mask input volume...

== Number of threads available to mri_em_register for OpenMP = 1 == 
reading 1 input volumes...
logging results to talairach.log
reading '/rds/bear-apps/2022a/EL8-ice/software/FreeSurfer/7.4.1-centos8_x86_64/average/RB_all_2020-01-02.gca'...
GCAread took 0 minutes and 1 seconds.
average std = 7.2   using min determinant for regularization = 5.2
0 singular and 884 ill-conditioned covariance matrices regularized
reading 'nu.mgz'...
MRImask(): AllowDiffGeom = 1
MRImask(): AllowDiffGeom = 1
MRImask(): AllowDiffGeom = 1
MRImask(): AllowDiffGeom = 1
MRImask(): AllowDiffGeom = 1
freeing gibbs priors...done.
accounting for voxel sizes in initial transform
bounding unknown intensity as < 5.9 or > 519.0 
total sample mean = 79.1 (1017 zeros)
************************************************
spacing=8, using 2841 sample points, tol=1.00e-05...
************************************************
register_mri: find_optimal_transform
find_optimal_transform: nsamples 2841, passno 0, spacing 8
resetting wm mean[0]: 98 --> 107
resetting gm mean[0]: 61 --> 61
input volume #1 is the most T1-like
using real data threshold=21.9
skull bounding box = (65, 72, 19) --> (189, 192, 194)
finding center of left hemi white matter
using (106, 112, 107) as brain centroid of Right_Cerebral_White_Matter...
MRImask(): AllowDiffGeom = 1
mean wm in atlas = 107, using box (91,97,85) --> (121, 126,128) to find MRI wm
before smoothing, mri peak at 109
robust fit to distribution - 109 +- 3.8
after smoothing, mri peak at 109, scaling input intensities by 0.982
scaling channel 0 by 0.981651
initial log_p = -4.182
************************************************
First Search limited to translation only.
************************************************
max log p =    -4.034202 @ (-10.526, -10.526, 10.526)
max log p =    -3.834211 @ (5.263, -5.263, -5.263)
max log p =    -3.834211 @ (0.000, 0.000, 0.000)
max log p =    -3.834211 @ (0.000, 0.000, 0.000)
max log p =    -3.803992 @ (0.658, 0.658, 1.974)
max log p =    -3.803992 @ (0.000, 0.000, 0.000)
max log p =    -3.803992 @ (0.000, 0.000, 0.000)
max log p =    -3.803992 @ (0.000, 0.000, 0.000)
Found translation: (-4.6, -15.1, 7.2): log p = -3.804
****************************************
Nine parameter search.  iteration 0 nscales = 0 ...
****************************************
Result so far: scale 1.000: max_log_p=-3.655, old_max_log_p =-3.804 (thresh=-3.8)
 1.14016   0.01704  -0.12941  -12.60773;
 0.00000   1.06580   0.14032  -37.75375;
 0.15011  -0.12941   0.98296   6.58015;
 0.00000   0.00000   0.00000   1.00000;
iteration took 0 minutes and 56 seconds.
****************************************
Nine parameter search.  iteration 1 nscales = 0 ...
****************************************
Result so far: scale 1.000: max_log_p=-3.655, old_max_log_p =-3.655 (thresh=-3.7)
 1.14016   0.01704  -0.12941  -12.60773;
 0.00000   1.06580   0.14032  -37.75375;
 0.15011  -0.12941   0.98296   6.58015;
 0.00000   0.00000   0.00000   1.00000;
reducing scale to 0.2500
iteration took 0 minutes and 57 seconds.
****************************************
Nine parameter search.  iteration 2 nscales = 1 ...
****************************************
Result so far: scale 0.250: max_log_p=-3.468, old_max_log_p =-3.655 (thresh=-3.7)
 1.12187   0.04583  -0.09619  -13.66028;
-0.04129   1.12536   0.14893  -41.05521;
 0.11440  -0.13485   0.96651   13.49249;
 0.00000   0.00000   0.00000   1.00000;
iteration took 0 minutes and 55 seconds.
****************************************
Nine parameter search.  iteration 3 nscales = 1 ...
****************************************
Result so far: scale 0.250: max_log_p=-3.460, old_max_log_p =-3.468 (thresh=-3.5)
 1.14366   0.00915  -0.10290  -10.87261;
-0.00447   1.10514   0.14297  -40.59912;
 0.11655  -0.13737   0.98463   11.76884;
 0.00000   0.00000   0.00000   1.00000;
iteration took 0 minutes and 55 seconds.
****************************************
Nine parameter search.  iteration 4 nscales = 1 ...
****************************************
Result so far: scale 0.250: max_log_p=-3.451, old_max_log_p =-3.460 (thresh=-3.5)
 1.12462   0.04005  -0.06468  -18.16007;
-0.04278   1.12511   0.14793  -40.69609;
 0.08055  -0.14018   1.00599   12.77800;
 0.00000   0.00000   0.00000   1.00000;
iteration took 0 minutes and 55 seconds.
****************************************
Nine parameter search.  iteration 5 nscales = 1 ...
****************************************
Result so far: scale 0.250: max_log_p=-3.451, old_max_log_p =-3.451 (thresh=-3.4)
 1.12462   0.04005  -0.06468  -18.16007;
-0.04278   1.12511   0.14793  -40.69609;
 0.08055  -0.14018   1.00599   12.77800;
 0.00000   0.00000   0.00000   1.00000;
reducing scale to 0.0625
iteration took 0 minutes and 55 seconds.
****************************************
Nine parameter search.  iteration 6 nscales = 2 ...
****************************************
Result so far: scale 0.062: max_log_p=-3.438, old_max_log_p =-3.451 (thresh=-3.4)
 1.12290   0.04922  -0.06346  -18.82034;
-0.05256   1.12453   0.14005  -38.55912;
 0.08010  -0.13082   1.00599   11.58232;
 0.00000   0.00000   0.00000   1.00000;
iteration took 0 minutes and 48 seconds.
****************************************
Nine parameter search.  iteration 7 nscales = 2 ...
****************************************
Result so far: scale 0.062: max_log_p=-3.434, old_max_log_p =-3.438 (thresh=-3.4)
 1.12290   0.04922  -0.06346  -18.82034;
-0.05249   1.12321   0.13989  -38.37370;
 0.07992  -0.13051   1.00363   11.80226;
 0.00000   0.00000   0.00000   1.00000;
iteration took 0 minutes and 48 seconds.
****************************************
Nine parameter search.  iteration 8 nscales = 2 ...
****************************************
Result so far: scale 0.062: max_log_p=-3.434, old_max_log_p =-3.434 (thresh=-3.4)
 1.12290   0.04922  -0.06346  -18.82034;
-0.05249   1.12321   0.13989  -38.37370;
 0.07992  -0.13051   1.00363   11.80226;
 0.00000   0.00000   0.00000   1.00000;
min search scale 0.025000 reached
***********************************************
Computing MAP estimate using 2841 samples...
***********************************************
dt = 5.00e-06, momentum=0.80, tol=1.00e-05
l_intensity = 1.0000
Aligning input volume to GCA...
Transform matrix
 1.12290   0.04922  -0.06346  -18.82034;
-0.05249   1.12321   0.13989  -38.37370;
 0.07992  -0.13051   1.00363   11.80226;
 0.00000   0.00000   0.00000   1.00000;
nsamples 2841
Quasinewton: input matrix
 1.12290   0.04922  -0.06346  -18.82034;
-0.05249   1.12321   0.13989  -38.37370;
 0.07992  -0.13051   1.00363   11.80226;
 0.00000   0.00000   0.00000   1.00000;
 IFLAG= -1  LINE SEARCH FAILED. SEE DOCUMENTATION OF ROUTINE MCSRCH ERROR RETURN OF LINE SEARCH: INFO= 3 POSSIBLE CAUSES: FUNCTION OR GRADIENT ARE INCORRECT OR INCORRECT TOLERANCESoutof QuasiNewtonEMA: 011: -log(p) =   -0.0  tol 0.000010
Resulting transform:
 1.12290   0.04922  -0.06346  -18.82034;
-0.05249   1.12321   0.13989  -38.37370;
 0.07992  -0.13051   1.00363   11.80226;
 0.00000   0.00000   0.00000   1.00000;

pass 1, spacing 8: log(p) = -3.434 (old=-4.182)
transform before final EM align:
 1.12290   0.04922  -0.06346  -18.82034;
-0.05249   1.12321   0.13989  -38.37370;
 0.07992  -0.13051   1.00363   11.80226;
 0.00000   0.00000   0.00000   1.00000;

**************************************************
 EM alignment process ...
 Computing final MAP estimate using 315638 samples. 
**************************************************
dt = 5.00e-06, momentum=0.80, tol=1.00e-07
l_intensity = 1.0000
Aligning input volume to GCA...
Transform matrix
 1.12290   0.04922  -0.06346  -18.82034;
-0.05249   1.12321   0.13989  -38.37370;
 0.07992  -0.13051   1.00363   11.80226;
 0.00000   0.00000   0.00000   1.00000;
nsamples 315638
Quasinewton: input matrix
 1.12290   0.04922  -0.06346  -18.82034;
-0.05249   1.12321   0.13989  -38.37370;
 0.07992  -0.13051   1.00363   11.80226;
 0.00000   0.00000   0.00000   1.00000;
 IFLAG= -1  LINE SEARCH FAILED. SEE DOCUMENTATION OF ROUTINE MCSRCH ERROR RETURN OF LINE SEARCH: INFO= 3 POSSIBLE CAUSES: FUNCTION OR GRADIENT ARE INCORRECT OR INCORRECT TOLERANCESoutof QuasiNewtonEMA: 013: -log(p) =    4.0  tol 0.000000
final transform:
 1.12290   0.04922  -0.06346  -18.82034;
-0.05249   1.12321   0.13989  -38.37370;
 0.07992  -0.13051   1.00363   11.80226;
 0.00000   0.00000   0.00000   1.00000;

writing output transformation to transforms/talairach.lta...
#VMPC# mri_em_register VmPeak  784340
FSRUNTIME@ mri_em_register  0.1475 hours 1 threads
registration took 8 minutes and 51 seconds.
@#@FSTIME  2024:09:25:11:00:35 mri_em_register N 7 e 530.95 S 1.09 U 527.31 P 99% M 614612 F 0 R 223108 W 0 c 164 w 21 I 0 O 0 L 99.26 99.34 100.53
@#@FSLOADPOST 2024:09:25:11:09:26 mri_em_register N 7 91.16 92.73 96.61
#--------------------------------------
#@# CA Normalize Wed Sep 25 11:09:26 BST 2024
/rds/projects/q/quinna-camcan/cc700/mri/pipeline/release004/BIDS_20190411/anat/sub-CC120470_T1w/mri

 mri_ca_normalize -c ctrl_pts.mgz -mask brainmask.mgz nu.mgz /rds/bear-apps/2022a/EL8-ice/software/FreeSurfer/7.4.1-centos8_x86_64/average/RB_all_2020-01-02.gca transforms/talairach.lta norm.mgz 

writing control point volume to ctrl_pts.mgz
using MR volume brainmask.mgz to mask input volume...
reading 1 input volume
reading atlas from '/rds/bear-apps/2022a/EL8-ice/software/FreeSurfer/7.4.1-centos8_x86_64/average/RB_all_2020-01-02.gca'...
reading transform from 'transforms/talairach.lta'...
reading input volume from nu.mgz...
resetting wm mean[0]: 98 --> 107
resetting gm mean[0]: 61 --> 61
input volume #1 is the most T1-like
using real data threshold=20.9
skull bounding box = (64, 71, 19) --> (189, 192, 195)
finding center of left hemi white matter
using (106, 111, 107) as brain centroid of Right_Cerebral_White_Matter...
mean wm in atlas = 107, using box (91,96,85) --> (121, 125,128) to find MRI wm
before smoothing, mri peak at 109
robust fit to distribution - 109 +- 3.8
after smoothing, mri peak at 109, scaling input intensities by 0.982
scaling channel 0 by 0.981651
using 246437 sample points...
INFO: compute sample coordinates transform
 1.12290   0.04922  -0.06346  -18.82034;
-0.05249   1.12321   0.13989  -38.37370;
 0.07992  -0.13051   1.00363   11.80226;
 0.00000   0.00000   0.00000   1.00000;
INFO: transform used
finding control points in Left_Cerebral_White_Matter....
found 40230 control points for structure...
bounding box (124, 75, 23) --> (188, 178, 188)
Left_Cerebral_White_Matter: limiting intensities to 96.0 --> 132.0
5 of 7377 (0.1%) samples deleted
finding control points in Right_Cerebral_White_Matter....
found 39478 control points for structure...
bounding box (71, 76, 24) --> (133, 176, 190)
Right_Cerebral_White_Matter: limiting intensities to 94.0 --> 132.0
2 of 8073 (0.0%) samples deleted
finding control points in Left_Cerebellum_White_Matter....
found 3105 control points for structure...
bounding box (127, 150, 47) --> (170, 194, 101)
Left_Cerebellum_White_Matter: limiting intensities to 96.0 --> 132.0
0 of 145 (0.0%) samples deleted
finding control points in Right_Cerebellum_White_Matter....
found 2710 control points for structure...
bounding box (86, 150, 48) --> (127, 189, 105)
Right_Cerebellum_White_Matter: limiting intensities to 91.0 --> 132.0
0 of 147 (0.0%) samples deleted
finding control points in Brain_Stem....
found 3475 control points for structure...
bounding box (113, 143, 84) --> (144, 205, 114)
Brain_Stem: limiting intensities to 88.0 --> 132.0
0 of 126 (0.0%) samples deleted
using 15868 total control points for intensity normalization...
bias field = 0.996 +- 0.049
216 of 15861 control points discarded
finding control points in Left_Cerebral_White_Matter....
found 40230 control points for structure...
bounding box (124, 75, 23) --> (188, 178, 188)
Left_Cerebral_White_Matter: limiting intensities to 92.0 --> 132.0
1 of 7479 (0.0%) samples deleted
finding control points in Right_Cerebral_White_Matter....
found 39478 control points for structure...
bounding box (71, 76, 24) --> (133, 176, 190)
Right_Cerebral_White_Matter: limiting intensities to 90.0 --> 132.0
1 of 8243 (0.0%) samples deleted
finding control points in Left_Cerebellum_White_Matter....
found 3105 control points for structure...
bounding box (127, 150, 47) --> (170, 194, 101)
Left_Cerebellum_White_Matter: limiting intensities to 88.0 --> 132.0
7 of 238 (2.9%) samples deleted
finding control points in Right_Cerebellum_White_Matter....
found 2710 control points for structure...
bounding box (86, 150, 48) --> (127, 189, 105)
Right_Cerebellum_White_Matter: limiting intensities to 88.0 --> 132.0
9 of 171 (5.3%) samples deleted
finding control points in Brain_Stem....
found 3475 control points for structure...
bounding box (113, 143, 84) --> (144, 205, 114)
Brain_Stem: limiting intensities to 88.0 --> 132.0
10 of 174 (5.7%) samples deleted
using 16305 total control points for intensity normalization...
bias field = 1.029 +- 0.046
120 of 16176 control points discarded
finding control points in Left_Cerebral_White_Matter....
found 40230 control points for structure...
bounding box (124, 75, 23) --> (188, 178, 188)
Left_Cerebral_White_Matter: limiting intensities to 93.0 --> 132.0
2 of 7482 (0.0%) samples deleted
finding control points in Right_Cerebral_White_Matter....
found 39478 control points for structure...
bounding box (71, 76, 24) --> (133, 176, 190)
Right_Cerebral_White_Matter: limiting intensities to 90.0 --> 132.0
1 of 8218 (0.0%) samples deleted
finding control points in Left_Cerebellum_White_Matter....
found 3105 control points for structure...
bounding box (127, 150, 47) --> (170, 194, 101)
Left_Cerebellum_White_Matter: limiting intensities to 88.0 --> 132.0
39 of 283 (13.8%) samples deleted
finding control points in Right_Cerebellum_White_Matter....
found 2710 control points for structure...
bounding box (86, 150, 48) --> (127, 189, 105)
Right_Cerebellum_White_Matter: limiting intensities to 88.0 --> 132.0
66 of 203 (32.5%) samples deleted
finding control points in Brain_Stem....
found 3475 control points for structure...
bounding box (113, 143, 84) --> (144, 205, 114)
Brain_Stem: limiting intensities to 88.0 --> 132.0
83 of 258 (32.2%) samples deleted
using 16444 total control points for intensity normalization...
bias field = 1.023 +- 0.041
58 of 16112 control points discarded
writing normalized volume to norm.mgz...
writing control points to ctrl_pts.mgz
freeing GCA...done.
normalization took 0 minutes and 44 seconds.
@#@FSTIME  2024:09:25:11:09:27 mri_ca_normalize N 8 e 43.91 S 0.45 U 43.03 P 99% M 906312 F 0 R 245565 W 0 c 60 w 25 I 0 O 0 L 91.16 92.73 96.61
@#@FSLOADPOST 2024:09:25:11:10:11 mri_ca_normalize N 8 91.40 92.57 96.37
#--------------------------------------
#@# CA Reg Wed Sep 25 11:10:11 BST 2024
/rds/projects/q/quinna-camcan/cc700/mri/pipeline/release004/BIDS_20190411/anat/sub-CC120470_T1w/mri

 mri_ca_register -nobigventricles -T transforms/talairach.lta -align-after -mask brainmask.mgz norm.mgz /rds/bear-apps/2022a/EL8-ice/software/FreeSurfer/7.4.1-centos8_x86_64/average/RB_all_2020-01-02.gca transforms/talairach.m3z 

not handling expanded ventricles...
using previously computed transform transforms/talairach.lta
renormalizing sequences with structure alignment, equivalent to:
	-renormalize
	-regularize_mean 0.500
	-regularize 0.500
using MR volume brainmask.mgz to mask input volume...

== Number of threads available to mri_ca_register for OpenMP = 1 == 
reading 1 input volumes...
logging results to talairach.log
reading input volume 'norm.mgz'...
reading GCA '/rds/bear-apps/2022a/EL8-ice/software/FreeSurfer/7.4.1-centos8_x86_64/average/RB_all_2020-01-02.gca'...
label assignment complete, 0 changed (0.00%)
freeing gibbs priors...done.
average std[0] = 5.0
Starting GCAMregister()
label assignment complete, 0 changed (0.00%)
npasses = 1, nlevels = 6
#pass# 1 of 1 ************************
enabling zero nodes
setting smoothness cost coefficient to 0.156

#GCAMreg# pass 0 level1 5 level2 0 tsec 0 sigma 2
l_jacobian=1.00 l_label=1.00 l_log_likelihood=0.20 l_smoothness=0.16 
tol=2.50e-01, dt=5.00e-02, exp_k=20.0, momentum=0.90, levels=6, niter=500, lbl_dist=10.00, avgs=256, sigma=2.0,type=2, relabel=0, neg=no

blurring input image with Gaussian with sigma=2.000...
GCAMRegisterLevel(): init RMS 0.831907












#GCAMreg# pass 0 level1 5 level2 1 tsec 200.962 sigma 0.5
l_jacobian=1.00 l_label=1.00 l_log_likelihood=0.20 l_smoothness=0.16 
tol=2.50e-01, dt=5.00e-02, exp_k=20.0, momentum=0.90, levels=6, niter=500, lbl_dist=10.00, avgs=256, sigma=0.5,type=2, relabel=0, neg=no

blurring input image with Gaussian with sigma=0.500...
GCAMRegisterLevel(): init RMS 0.700007











setting smoothness cost coefficient to 0.615

#GCAMreg# pass 0 level1 4 level2 0 tsec 0 sigma 2
l_jacobian=1.00 l_label=1.00 l_log_likelihood=0.20 l_smoothness=0.62 
tol=2.50e-01, dt=5.00e-02, exp_k=20.0, momentum=0.90, levels=6, niter=500, lbl_dist=10.00, avgs=64, sigma=2.0,type=2, relabel=0, neg=no

blurring input image with Gaussian with sigma=2.000...
GCAMRegisterLevel(): init RMS 0.696862





#GCAMreg# pass 0 level1 4 level2 1 tsec 67.795 sigma 0.5
l_jacobian=1.00 l_label=1.00 l_log_likelihood=0.20 l_smoothness=0.62 
tol=2.50e-01, dt=5.00e-02, exp_k=20.0, momentum=0.90, levels=6, niter=500, lbl_dist=10.00, avgs=64, sigma=0.5,type=2, relabel=0, neg=no

blurring input image with Gaussian with sigma=0.500...
GCAMRegisterLevel(): init RMS 0.673355



setting smoothness cost coefficient to 2.353

#GCAMreg# pass 0 level1 3 level2 0 tsec 0 sigma 2
l_jacobian=1.00 l_label=1.00 l_log_likelihood=0.20 l_smoothness=2.35 
tol=2.50e-01, dt=5.00e-02, exp_k=20.0, momentum=0.90, levels=6, niter=500, lbl_dist=10.00, avgs=16, sigma=2.0,type=2, relabel=0, neg=no

blurring input image with Gaussian with sigma=2.000...
GCAMRegisterLevel(): init RMS 0.702969



#GCAMreg# pass 0 level1 3 level2 1 tsec 33.37 sigma 0.5
l_jacobian=1.00 l_label=1.00 l_log_likelihood=0.20 l_smoothness=2.35 
tol=2.50e-01, dt=5.00e-02, exp_k=20.0, momentum=0.90, levels=6, niter=500, lbl_dist=10.00, avgs=16, sigma=0.5,type=2, relabel=0, neg=no

blurring input image with Gaussian with sigma=0.500...
GCAMRegisterLevel(): init RMS 0.700585

setting smoothness cost coefficient to 8.000

#GCAMreg# pass 0 level1 2 level2 0 tsec 0 sigma 2
l_jacobian=1.00 l_label=1.00 l_log_likelihood=0.20 l_smoothness=8.00 
tol=2.50e-01, dt=5.00e-02, exp_k=20.0, momentum=0.90, levels=6, niter=500, lbl_dist=10.00, avgs=4, sigma=2.0,type=2, relabel=0, neg=no

blurring input image with Gaussian with sigma=2.000...
GCAMRegisterLevel(): init RMS 0.761059




#GCAMreg# pass 0 level1 2 level2 1 tsec 44.31 sigma 0.5
l_jacobian=1.00 l_label=1.00 l_log_likelihood=0.20 l_smoothness=8.00 
tol=2.50e-01, dt=5.00e-02, exp_k=20.0, momentum=0.90, levels=6, niter=500, lbl_dist=10.00, avgs=4, sigma=0.5,type=2, relabel=0, neg=no

blurring input image with Gaussian with sigma=0.500...
GCAMRegisterLevel(): init RMS 0.742176

setting smoothness cost coefficient to 20.000

#GCAMreg# pass 0 level1 1 level2 0 tsec 0 sigma 2
l_jacobian=1.00 l_label=1.00 l_log_likelihood=0.20 l_smoothness=20.00 
tol=2.50e-01, dt=5.00e-02, exp_k=20.0, momentum=0.90, levels=6, niter=500, lbl_dist=10.00, avgs=1, sigma=2.0,type=2, relabel=0, neg=no

blurring input image with Gaussian with sigma=2.000...
GCAMRegisterLevel(): init RMS 0.787446




















#GCAMreg# pass 0 level1 1 level2 1 tsec 105.343 sigma 0.5
l_jacobian=1.00 l_label=1.00 l_log_likelihood=0.20 l_smoothness=20.00 
tol=2.50e-01, dt=5.00e-02, exp_k=20.0, momentum=0.90, levels=6, niter=500, lbl_dist=10.00, avgs=1, sigma=0.5,type=2, relabel=0, neg=no

blurring input image with Gaussian with sigma=0.500...
GCAMRegisterLevel(): init RMS 0.772928

resetting metric properties...
setting smoothness cost coefficient to 40.000

#GCAMreg# pass 0 level1 0 level2 0 tsec 0 sigma 2
l_jacobian=1.00 l_label=1.00 l_log_likelihood=0.20 l_smoothness=40.00 
tol=2.50e-01, dt=5.00e-02, exp_k=20.0, momentum=0.90, levels=6, niter=500, lbl_dist=10.00, avgs=0, sigma=2.0,type=2, relabel=0, neg=no

blurring input image with Gaussian with sigma=2.000...
GCAMRegisterLevel(): init RMS 0.741848



#GCAMreg# pass 0 level1 0 level2 1 tsec 30.719 sigma 0.5
l_jacobian=1.00 l_label=1.00 l_log_likelihood=0.20 l_smoothness=40.00 
tol=2.50e-01, dt=5.00e-02, exp_k=20.0, momentum=0.90, levels=6, niter=500, lbl_dist=10.00, avgs=0, sigma=0.5,type=2, relabel=0, neg=no

blurring input image with Gaussian with sigma=0.500...
GCAMRegisterLevel(): init RMS 0.737776


GCAMregister done in 12.5853 min
Starting GCAmapRenormalizeWithAlignment() without scales
renormalizing by structure alignment....
renormalizing input #0
gca peak = 0.10253 (16)
mri peak = 0.27591 (30)
Left_Lateral_Ventricle (4): linear fit = 1.78 x + 0.0 (731 voxels, overlap=0.207)
Left_Lateral_Ventricle (4): linear fit = 1.50 x + 0.0 (731 voxels, peak = 29), gca=24.0
gca peak = 0.17690 (16)
mri peak = 0.21824 (30)
Right_Lateral_Ventricle (43): linear fit = 1.84 x + 0.0 (730 voxels, overlap=0.101)
Right_Lateral_Ventricle (43): linear fit = 1.50 x + 0.0 (730 voxels, peak = 29), gca=24.0
gca peak = 0.28275 (96)
mri peak = 0.15941 (99)
Right_Pallidum (52): linear fit = 1.04 x + 0.0 (875 voxels, overlap=0.820)
Right_Pallidum (52): linear fit = 1.04 x + 0.0 (875 voxels, peak = 100), gca=100.3
gca peak = 0.18948 (93)
mri peak = 0.13004 (104)
Left_Pallidum (13): linear fit = 1.08 x + 0.0 (767 voxels, overlap=0.444)
Left_Pallidum (13): linear fit = 1.08 x + 0.0 (767 voxels, peak = 100), gca=100.0
gca peak = 0.20755 (55)
mri peak = 0.08959 (74)
Right_Hippocampus (53): linear fit = 1.30 x + 0.0 (842 voxels, overlap=0.017)
Right_Hippocampus (53): linear fit = 1.30 x + 0.0 (842 voxels, peak = 72), gca=71.8
gca peak = 0.31831 (58)
mri peak = 0.10519 (75)
Left_Hippocampus (17): linear fit = 1.30 x + 0.0 (749 voxels, overlap=0.012)
Left_Hippocampus (17): linear fit = 1.30 x + 0.0 (749 voxels, peak = 76), gca=75.7
gca peak = 0.11957 (102)
mri peak = 0.13552 (106)
Right_Cerebral_White_Matter (41): linear fit = 1.03 x + 0.0 (59933 voxels, overlap=0.644)
Right_Cerebral_White_Matter (41): linear fit = 1.03 x + 0.0 (59933 voxels, peak = 106), gca=105.6
gca peak = 0.11429 (102)
mri peak = 0.15825 (106)
Left_Cerebral_White_Matter (2): linear fit = 1.02 x + 0.0 (61363 voxels, overlap=0.597)
Left_Cerebral_White_Matter (2): linear fit = 1.02 x + 0.0 (61363 voxels, peak = 105), gca=104.5
gca peak = 0.14521 (59)
mri peak = 0.05054 (75)
Left_Cerebral_Cortex (3): linear fit = 1.27 x + 0.0 (22162 voxels, overlap=0.003)
Left_Cerebral_Cortex (3): linear fit = 1.27 x + 0.0 (22162 voxels, peak = 75), gca=75.2
gca peak = 0.14336 (58)
mri peak = 0.04676 (74)
Right_Cerebral_Cortex (42): linear fit = 1.26 x + 0.0 (24487 voxels, overlap=0.004)
Right_Cerebral_Cortex (42): linear fit = 1.26 x + 0.0 (24487 voxels, peak = 73), gca=73.4
gca peak = 0.13305 (70)
mri peak = 0.20344 (86)
Right_Caudate (50): linear fit = 1.25 x + 0.0 (845 voxels, overlap=0.010)
Right_Caudate (50): linear fit = 1.25 x + 0.0 (845 voxels, peak = 87), gca=87.2
gca peak = 0.15761 (71)
mri peak = 0.21693 (86)
Left_Caudate (11): linear fit = 1.20 x + 0.0 (958 voxels, overlap=0.009)
Left_Caudate (11): linear fit = 1.20 x + 0.0 (958 voxels, peak = 85), gca=84.8
gca peak = 0.13537 (57)
mri peak = 0.05128 (78)
Left_Cerebellum_Cortex (8): linear fit = 1.35 x + 0.0 (18173 voxels, overlap=0.001)
Left_Cerebellum_Cortex (8): linear fit = 1.35 x + 0.0 (18173 voxels, peak = 77), gca=76.7
gca peak = 0.13487 (56)
mri peak = 0.04541 (75)
Right_Cerebellum_Cortex (47): linear fit = 1.33 x + 0.0 (23696 voxels, overlap=0.001)
Right_Cerebellum_Cortex (47): linear fit = 1.33 x + 0.0 (23696 voxels, peak = 74), gca=74.2
gca peak = 0.19040 (84)
mri peak = 0.08446 (94)
Left_Cerebellum_White_Matter (7): linear fit = 1.12 x + 0.0 (8457 voxels, overlap=0.081)
Left_Cerebellum_White_Matter (7): linear fit = 1.12 x + 0.0 (8457 voxels, peak = 94), gca=94.5
gca peak = 0.18871 (83)
mri peak = 0.07090 (87)
Right_Cerebellum_White_Matter (46): linear fit = 1.04 x + 0.0 (7215 voxels, overlap=0.816)
Right_Cerebellum_White_Matter (46): linear fit = 1.04 x + 0.0 (7215 voxels, peak = 87), gca=86.7
gca peak = 0.24248 (57)
mri peak = 0.08643 (76)
Left_Amygdala (18): linear fit = 1.33 x + 0.0 (403 voxels, overlap=0.053)
Left_Amygdala (18): linear fit = 1.33 x + 0.0 (403 voxels, peak = 76), gca=75.5
gca peak = 0.35833 (56)
mri peak = 0.12779 (74)
Right_Amygdala (54): linear fit = 1.29 x + 0.0 (505 voxels, overlap=0.043)
Right_Amygdala (54): linear fit = 1.29 x + 0.0 (505 voxels, peak = 73), gca=72.5
gca peak = 0.12897 (85)
mri peak = 0.09107 (97)
Left_Thalamus (10): linear fit = 1.09 x + 0.0 (5095 voxels, overlap=0.719)
Left_Thalamus (10): linear fit = 1.09 x + 0.0 (5095 voxels, peak = 92), gca=92.2
gca peak = 0.13127 (83)
mri peak = 0.09595 (85)
Right_Thalamus (49): linear fit = 1.08 x + 0.0 (4273 voxels, overlap=0.654)
Right_Thalamus (49): linear fit = 1.08 x + 0.0 (4273 voxels, peak = 89), gca=89.2
gca peak = 0.12974 (78)
mri peak = 0.08552 (92)
Left_Putamen (12): linear fit = 1.18 x + 0.0 (2172 voxels, overlap=0.008)
Left_Putamen (12): linear fit = 1.18 x + 0.0 (2172 voxels, peak = 92), gca=92.4
gca peak = 0.17796 (79)
mri peak = 0.10549 (90)
Right_Putamen (51): linear fit = 1.14 x + 0.0 (2356 voxels, overlap=0.020)
Right_Putamen (51): linear fit = 1.14 x + 0.0 (2356 voxels, peak = 90), gca=90.5
gca peak = 0.10999 (80)
mri peak = 0.09173 (88)
Brain_Stem (16): linear fit = 1.11 x + 0.0 (10238 voxels, overlap=0.319)
Brain_Stem (16): linear fit = 1.11 x + 0.0 (10238 voxels, peak = 88), gca=88.4
gca peak = 0.13215 (88)
mri peak = 0.10656 (99)
Right_VentralDC (60): linear fit = 1.12 x + 0.0 (1250 voxels, overlap=0.176)
Right_VentralDC (60): linear fit = 1.12 x + 0.0 (1250 voxels, peak = 98), gca=98.1
gca peak = 0.11941 (89)
mri peak = 0.11829 (100)
Left_VentralDC (28): linear fit = 1.12 x + 0.0 (1368 voxels, overlap=0.018)
Left_VentralDC (28): linear fit = 1.12 x + 0.0 (1368 voxels, peak = 100), gca=100.1
gca peak = 0.20775 (25)
uniform distribution in MR - rejecting arbitrary fit
gca peak = 0.13297 (21)
mri peak = 0.09954 (27)
Fourth_Ventricle (15): linear fit = 1.97 x + 0.0 (282 voxels, overlap=0.135)
Fourth_Ventricle (15): linear fit = 1.97 x + 0.0 (282 voxels, peak = 41), gca=41.3
gca peak Unknown = 0.94777 ( 0)
gca peak Left_Inf_Lat_Vent = 0.19087 (28)
gca peak Third_Ventricle = 0.20775 (25)
gca peak Fourth_Ventricle = 0.13297 (21)
gca peak CSF = 0.16821 (33)
gca peak Left_Accumbens_area = 0.32850 (63)
gca peak Left_undetermined = 0.98480 (28)
gca peak Left_vessel = 0.40887 (53)
gca peak Left_choroid_plexus = 0.10898 (46)
gca peak Right_Inf_Lat_Vent = 0.17798 (26)
gca peak Right_Accumbens_area = 0.30137 (64)
gca peak Right_vessel = 0.47828 (52)
gca peak Right_choroid_plexus = 0.11612 (45)
gca peak Fifth_Ventricle = 0.59466 (35)
gca peak WM_hypointensities = 0.10053 (78)
gca peak non_WM_hypointensities = 0.07253 (60)
gca peak Optic_Chiasm = 0.25330 (73)
not using caudate to estimate GM means
estimating mean gm scale to be 1.29 x + 0.0
estimating mean wm scale to be 1.03 x + 0.0
estimating mean csf scale to be 1.50 x + 0.0
saving intensity scales to talairach.label_intensities.txt
GCAmapRenormalizeWithAlignment() took 2.16418 min
noneg pre
Starting GCAMregister()
label assignment complete, 0 changed (0.00%)
npasses = 1, nlevels = 6
#pass# 1 of 1 ************************
enabling zero nodes
setting smoothness cost coefficient to 0.008

#GCAMreg# pass 0 level1 5 level2 0 tsec 0 sigma 2
l_jacobian=1.00 l_label=1.00 l_log_likelihood=0.20 l_smoothness=0.01 
tol=5.00e-02, dt=5.00e-02, exp_k=20.0, momentum=0.90, levels=6, niter=500, lbl_dist=10.00, avgs=256, sigma=2.0,type=2, relabel=0, neg=no

blurring input image with Gaussian with sigma=2.000...
GCAMRegisterLevel(): init RMS 0.730952

































#GCAMreg# pass 0 level1 5 level2 1 tsec 544.062 sigma 0.5
l_jacobian=1.00 l_label=1.00 l_log_likelihood=0.20 l_smoothness=0.01 
tol=5.00e-02, dt=5.00e-02, exp_k=20.0, momentum=0.90, levels=6, niter=500, lbl_dist=10.00, avgs=256, sigma=0.5,type=2, relabel=0, neg=no

blurring input image with Gaussian with sigma=0.500...
GCAMRegisterLevel(): init RMS 0.632663









setting smoothness cost coefficient to 0.031

#GCAMreg# pass 0 level1 4 level2 0 tsec 0 sigma 2
l_jacobian=1.00 l_label=1.00 l_log_likelihood=0.20 l_smoothness=0.03 
tol=5.00e-02, dt=5.00e-02, exp_k=20.0, momentum=0.90, levels=6, niter=500, lbl_dist=10.00, avgs=64, sigma=2.0,type=2, relabel=0, neg=no

blurring input image with Gaussian with sigma=2.000...
GCAMRegisterLevel(): init RMS 0.62753











































































































#GCAMreg# pass 0 level1 4 level2 1 tsec 983.179 sigma 0.5
l_jacobian=1.00 l_label=1.00 l_log_likelihood=0.20 l_smoothness=0.03 
tol=5.00e-02, dt=5.00e-02, exp_k=20.0, momentum=0.90, levels=6, niter=500, lbl_dist=10.00, avgs=64, sigma=0.5,type=2, relabel=0, neg=no

blurring input image with Gaussian with sigma=0.500...
GCAMRegisterLevel(): init RMS 0.531677








































setting smoothness cost coefficient to 0.118

#GCAMreg# pass 0 level1 3 level2 0 tsec 0 sigma 2
l_jacobian=1.00 l_label=1.00 l_log_likelihood=0.20 l_smoothness=0.12 
tol=5.00e-02, dt=5.00e-02, exp_k=20.0, momentum=0.90, levels=6, niter=500, lbl_dist=10.00, avgs=16, sigma=2.0,type=2, relabel=0, neg=no

blurring input image with Gaussian with sigma=2.000...
GCAMRegisterLevel(): init RMS 0.533766







































































#GCAMreg# pass 0 level1 3 level2 1 tsec 477.12 sigma 0.5
l_jacobian=1.00 l_label=1.00 l_log_likelihood=0.20 l_smoothness=0.12 
tol=5.00e-02, dt=5.00e-02, exp_k=20.0, momentum=0.90, levels=6, niter=500, lbl_dist=10.00, avgs=16, sigma=0.5,type=2, relabel=0, neg=no

blurring input image with Gaussian with sigma=0.500...
GCAMRegisterLevel(): init RMS 0.501394





















































setting smoothness cost coefficient to 0.400

#GCAMreg# pass 0 level1 2 level2 0 tsec 0 sigma 2
l_jacobian=1.00 l_label=1.00 l_log_likelihood=0.20 l_smoothness=0.40 
tol=5.00e-02, dt=5.00e-02, exp_k=20.0, momentum=0.90, levels=6, niter=500, lbl_dist=10.00, avgs=4, sigma=2.0,type=2, relabel=0, neg=no

blurring input image with Gaussian with sigma=2.000...
GCAMRegisterLevel(): init RMS 0.512311



#GCAMreg# pass 0 level1 2 level2 1 tsec 33.559 sigma 0.5
l_jacobian=1.00 l_label=1.00 l_log_likelihood=0.20 l_smoothness=0.40 
tol=5.00e-02, dt=5.00e-02, exp_k=20.0, momentum=0.90, levels=6, niter=500, lbl_dist=10.00, avgs=4, sigma=0.5,type=2, relabel=0, neg=no

blurring input image with Gaussian with sigma=0.500...
GCAMRegisterLevel(): init RMS 0.512311


setting smoothness cost coefficient to 1.000

#GCAMreg# pass 0 level1 1 level2 0 tsec 0 sigma 2
l_jacobian=1.00 l_label=1.00 l_log_likelihood=0.20 l_smoothness=1.00 
tol=5.00e-02, dt=5.00e-02, exp_k=20.0, momentum=0.90, levels=6, niter=500, lbl_dist=10.00, avgs=1, sigma=2.0,type=2, relabel=0, neg=no

blurring input image with Gaussian with sigma=2.000...
GCAMRegisterLevel(): init RMS 0.55991



#GCAMreg# pass 0 level1 1 level2 1 tsec 32.485 sigma 0.5
l_jacobian=1.00 l_label=1.00 l_log_likelihood=0.20 l_smoothness=1.00 
tol=5.00e-02, dt=5.00e-02, exp_k=20.0, momentum=0.90, levels=6, niter=500, lbl_dist=10.00, avgs=1, sigma=0.5,type=2, relabel=0, neg=no

blurring input image with Gaussian with sigma=0.500...
GCAMRegisterLevel(): init RMS 0.556113


resetting metric properties...
setting smoothness cost coefficient to 2.000

#GCAMreg# pass 0 level1 0 level2 0 tsec 0 sigma 2
l_jacobian=1.00 l_label=1.00 l_log_likelihood=0.20 l_smoothness=2.00 
tol=5.00e-02, dt=5.00e-02, exp_k=20.0, momentum=0.90, levels=6, niter=500, lbl_dist=10.00, avgs=0, sigma=2.0,type=2, relabel=0, neg=no

blurring input image with Gaussian with sigma=2.000...
GCAMRegisterLevel(): init RMS 0.499349





#GCAMreg# pass 0 level1 0 level2 1 tsec 44.805 sigma 0.5
l_jacobian=1.00 l_label=1.00 l_log_likelihood=0.20 l_smoothness=2.00 
tol=5.00e-02, dt=5.00e-02, exp_k=20.0, momentum=0.90, levels=6, niter=500, lbl_dist=10.00, avgs=0, sigma=0.5,type=2, relabel=0, neg=no

blurring input image with Gaussian with sigma=0.500...
GCAMRegisterLevel(): init RMS 0.4812

















GCAMregister done in 50.1646 min
********************* ALLOWING NEGATIVE NODES IN DEFORMATION********************************
noneg post
Starting GCAMregister()
label assignment complete, 0 changed (0.00%)
npasses = 1, nlevels = 6
#pass# 1 of 1 ************************
enabling zero nodes
setting smoothness cost coefficient to 0.008

#GCAMreg# pass 0 level1 5 level2 0 tsec 0 sigma 2
l_jacobian=1.00 l_label=1.00 l_log_likelihood=0.20 l_smoothness=0.01 
tol=2.50e-01, dt=5.00e-02, exp_k=20.0, momentum=0.90, levels=6, niter=500, lbl_dist=10.00, avgs=256, sigma=2.0,type=2, relabel=0, neg=yes

blurring input image with Gaussian with sigma=2.000...
GCAMRegisterLevel(): init RMS 0.470439

