GCCcore/11.3.0
zlib/1.2.12-GCCcore-11.3.0
binutils/2.38-GCCcore-11.3.0
GCC/11.3.0
numactl/2.0.14-GCCcore-11.3.0
XZ/5.2.5-GCCcore-11.3.0
libxml2/2.9.13-GCCcore-11.3.0
libpciaccess/0.16-GCCcore-11.3.0
hwloc/2.7.1-GCCcore-11.3.0
OpenSSL/1.1
libevent/2.1.12-GCCcore-11.3.0
UCX/1.12.1-GCCcore-11.3.0
libfabric/1.15.1-GCCcore-11.3.0
PMIx/4.1.2-GCCcore-11.3.0
UCC/1.0.0-GCCcore-11.3.0
OpenMPI/4.1.4-GCC-11.3.0
OpenBLAS/0.3.20-GCC-11.3.0
FlexiBLAS/3.2.0-GCC-11.3.0
FFTW/3.3.10-GCC-11.3.0
gompi/2022a
FFTW.MPI/3.3.10-gompi-2022a
ScaLAPACK/2.2.0-gompi-2022a-fb
foss/2022a
bzip2/1.0.8-GCCcore-11.3.0
ncurses/6.3-GCCcore-11.3.0
libreadline/8.1.2-GCCcore-11.3.0
ncurses/6.3-GCCcore-11.3.0
Tcl/8.6.12-GCCcore-11.3.0
SQLite/3.38.3-GCCcore-11.3.0
GMP/6.2.1-GCCcore-11.3.0
libffi/3.4.2-GCCcore-11.3.0
Python/3.10.4-GCCcore-11.3.0
pybind11/2.9.2-GCCcore-11.3.0
SciPy-bundle/2022.05-foss-2022a
libxml2/2.9.13-GCCcore-11.3.0
libxslt/1.1.34-GCCcore-11.3.0
libpng/1.6.37-GCCcore-11.3.0
Brotli/1.0.9-GCCcore-11.3.0
freetype/2.12.1-GCCcore-11.3.0
expat/2.4.8-GCCcore-11.3.0
util-linux/2.38-GCCcore-11.3.0
fontconfig/2.14.0-GCCcore-11.3.0
xorg-macros/1.19.3-GCCcore-11.3.0
X11/20220504-GCCcore-11.3.0
Tk/8.6.12-GCCcore-11.3.0
Tkinter/3.10.4-GCCcore-11.3.0
NASM/2.15.05-GCCcore-11.3.0
libjpeg-turbo/2.1.3-GCCcore-11.3.0
jbigkit/2.1-GCCcore-11.3.0
gzip/1.12-GCCcore-11.3.0
lz4/1.9.3-GCCcore-11.3.0
zstd/1.5.2-GCCcore-11.3.0
libdeflate/1.10-GCCcore-11.3.0
LibTIFF/4.3.0-GCCcore-11.3.0
Pillow/9.1.1-GCCcore-11.3.0
Qhull/2020.2-GCCcore-11.3.0
matplotlib/3.5.2-foss-2022a
tqdm/4.64.0-GCCcore-11.3.0
scikit-learn/1.1.2-foss-2022a
LLVM/12.0.1-GCCcore-11.3.0
numba/0.56.4-foss-2022a
pydicom/2.3.0-GCCcore-11.3.0
NiBabel/4.0.2-foss-2022a
Szip/2.1.1-GCCcore-11.3.0
HDF5/1.12.2-gompi-2022a
h5py/3.7.0-foss-2022a
imageio/2.22.2-foss-2022a
libdrm/2.4.110-GCCcore-11.3.0
libglvnd/1.4.0-GCCcore-11.3.0
libunwind/1.6.2-GCCcore-11.3.0
Mesa/22.0.3-GCCcore-11.3.0
libGLU/9.0.2-GCCcore-11.3.0
VTK/9.2.2-foss-2022a
MNE-Python/1.3.1-foss-2022a
MCR/R2019b.8
FreeSurfer/7.4.1-centos8_x86_64
fs-check-version --s sub-CC120208_T1w --o /tmp/tmp.nlnUPJ
Fri Sep 20 15:53:44 BST 2024

setenv SUBJECTS_DIR /rds/projects/q/quinna-camcan/cc700/mri/pipeline/release004/BIDS_20190411/anat
cd /rds/projects/q/quinna-camcan/ghafarit-scripts/github/camcan-laterality/mne_python/source
/rds/bear-apps/2022a/EL8-ice/software/FreeSurfer/7.4.1-centos8_x86_64/bin/fs-check-version --s sub-CC120208_T1w --o /tmp/tmp.nlnUPJ
-rwxrwxr-x 1 branfosj-admin build 18565 Jun 14  2023 /rds/bear-apps/2022a/EL8-ice/software/FreeSurfer/7.4.1-centos8_x86_64/bin/fs-check-version

freesurfer-linux-centos8_x86_64-7.4.1-20230613-7eb8460
$Id$
Linux bear-pg0210u29b.bear.cluster 4.18.0-372.32.1.el8_6.x86_64 #1 SMP Fri Oct 7 12:35:10 EDT 2022 x86_64 x86_64 x86_64 GNU/Linux
pid 2558212
Current FS Version freesurfer-linux-centos8_x86_64-7.4.1-20230613-7eb8460
Subject does not have a bstampfile, copying /rds/bear-apps/2022a/EL8-ice/software/FreeSurfer/7.4.1-centos8_x86_64/build-stamp.txt
Subject FS Version: freesurfer-linux-centos8_x86_64-7.4.1-20230613-7eb8460
No constraints on version because REQ=UnSet and FsVerFile=NotThere
#@#% fs-check-version match = 1
fs-check-version Done
INFO: SUBJECTS_DIR is /rds/projects/q/quinna-camcan/cc700/mri/pipeline/release004/BIDS_20190411/anat
Actual FREESURFER_HOME /rds/bear-apps/2022a/EL8-ice/software/FreeSurfer/7.4.1-centos8_x86_64
Linux bear-pg0210u29b.bear.cluster 4.18.0-372.32.1.el8_6.x86_64 #1 SMP Fri Oct 7 12:35:10 EDT 2022 x86_64 x86_64 x86_64 GNU/Linux
/rds/projects/q/quinna-camcan/cc700/mri/pipeline/release004/BIDS_20190411/anat/sub-CC120208_T1w

 mri_convert /rds/projects/q/quinna-camcan/cc700/mri/pipeline/release004/BIDS_20190411/anat/sub-CC120208/anat/sub-CC120208_T1w.nii.gz /rds/projects/q/quinna-camcan/cc700/mri/pipeline/release004/BIDS_20190411/anat/sub-CC120208_T1w/mri/orig/001.mgz 

mri_convert /rds/projects/q/quinna-camcan/cc700/mri/pipeline/release004/BIDS_20190411/anat/sub-CC120208/anat/sub-CC120208_T1w.nii.gz /rds/projects/q/quinna-camcan/cc700/mri/pipeline/release004/BIDS_20190411/anat/sub-CC120208_T1w/mri/orig/001.mgz 
reading from /rds/projects/q/quinna-camcan/cc700/mri/pipeline/release004/BIDS_20190411/anat/sub-CC120208/anat/sub-CC120208_T1w.nii.gz...
TR=0.00, TE=0.00, TI=0.00, flip angle=0.00
i_ras = (-0.003515, -0.999994, 0)
j_ras = (0.013944, -4.8995e-05, 0.999903)
k_ras = (0.999897, -0.00351501, -0.013944)
writing to /rds/projects/q/quinna-camcan/cc700/mri/pipeline/release004/BIDS_20190411/anat/sub-CC120208_T1w/mri/orig/001.mgz...
@#@FSTIME  2024:09:20:15:53:49 mri_convert N 2 e 4.28 S 0.02 U 4.20 P 98% M 54592 F 0 R 1350 W 0 c 8 w 26 I 0 O 0 L 14.88 15.64 16.73
@#@FSLOADPOST 2024:09:20:15:53:53 mri_convert N 2 14.49 15.55 16.70
#--------------------------------------------
#@# MotionCor Fri Sep 20 15:53:54 BST 2024
Found 1 runs
/rds/projects/q/quinna-camcan/cc700/mri/pipeline/release004/BIDS_20190411/anat/sub-CC120208_T1w/mri/orig/001.mgz
Checking for (invalid) multi-frame inputs...
Only one run found so motion
correction will not be performed. I'll
copy the run to rawavg and continue.

 cp /rds/projects/q/quinna-camcan/cc700/mri/pipeline/release004/BIDS_20190411/anat/sub-CC120208_T1w/mri/orig/001.mgz /rds/projects/q/quinna-camcan/cc700/mri/pipeline/release004/BIDS_20190411/anat/sub-CC120208_T1w/mri/rawavg.mgz 


 mri_info /rds/projects/q/quinna-camcan/cc700/mri/pipeline/release004/BIDS_20190411/anat/sub-CC120208_T1w/mri/rawavg.mgz 

rawavg.mgz ========================================
Volume information for /rds/projects/q/quinna-camcan/cc700/mri/pipeline/release004/BIDS_20190411/anat/sub-CC120208_T1w/mri/rawavg.mgz
          type: MGH
    dimensions: 256 x 256 x 192
   voxel sizes: 1.000000, 1.000000, 1.000000
          type: FLOAT (3)
           fov: 256.000
           dof: 1
        xstart: -128.0, xend: 128.0
        ystart: -128.0, yend: 128.0
        zstart: -96.0, zend: 96.0
            TR: 0.00 msec, TE: 0.00 msec, TI: 0.00 msec, flip angle: 0.00 degrees
       nframes: 1
       PhEncDir: UNKNOWN
       FieldStrength: 0.000000
ras xform present
    xform info: x_r =  -0.0035, y_r =   0.0139, z_r =   0.9999, c_r =    -2.4396
              : x_a =  -1.0000, y_a =  -0.0000, z_a =  -0.0035, c_a =    33.0730
              : x_s =   0.0000, y_s =   0.9999, z_s =  -0.0139, c_s =   -10.4779

talairach xfm : 
Orientation   : PSR
Primary Slice Direction: sagittal

voxel to ras transform:
               -0.0035   0.0139   0.9999   -99.7646
               -1.0000  -0.0000  -0.0035   161.4159
                0.0000   0.9999  -0.0139  -137.1269
                0.0000   0.0000   0.0000     1.0000

voxel-to-ras determinant -1

ras to voxel transform:
               -0.0035  -1.0000   0.0000   161.0642
                0.0139  -0.0000   0.9999   138.5126
                0.9999  -0.0035  -0.0139    98.4095
               -0.0000  -0.0000  -0.0000     1.0000
/rds/projects/q/quinna-camcan/cc700/mri/pipeline/release004/BIDS_20190411/anat/sub-CC120208_T1w

 mri_convert /rds/projects/q/quinna-camcan/cc700/mri/pipeline/release004/BIDS_20190411/anat/sub-CC120208_T1w/mri/rawavg.mgz /rds/projects/q/quinna-camcan/cc700/mri/pipeline/release004/BIDS_20190411/anat/sub-CC120208_T1w/mri/orig.mgz --conform 

mri_convert /rds/projects/q/quinna-camcan/cc700/mri/pipeline/release004/BIDS_20190411/anat/sub-CC120208_T1w/mri/rawavg.mgz /rds/projects/q/quinna-camcan/cc700/mri/pipeline/release004/BIDS_20190411/anat/sub-CC120208_T1w/mri/orig.mgz --conform 
reading from /rds/projects/q/quinna-camcan/cc700/mri/pipeline/release004/BIDS_20190411/anat/sub-CC120208_T1w/mri/rawavg.mgz...
TR=0.00, TE=0.00, TI=0.00, flip angle=0.00
i_ras = (-0.003515, -0.999994, 0)
j_ras = (0.013944, -4.8995e-05, 0.999903)
k_ras = (0.999897, -0.00351501, -0.013944)
changing data type from float to uchar (noscale = 0)...
MRIchangeType: Building histogram 0 1171 1000, flo=0, fhi=0.999, dest_type=0
Reslicing using trilinear interpolation 
writing to /rds/projects/q/quinna-camcan/cc700/mri/pipeline/release004/BIDS_20190411/anat/sub-CC120208_T1w/mri/orig.mgz...
@#@FSTIME  2024:09:20:15:53:58 mri_convert N 3 e 2.41 S 0.02 U 2.38 P 99% M 66816 F 0 R 6614 W 0 c 5 w 16 I 0 O 0 L 14.49 15.55 16.70
@#@FSLOADPOST 2024:09:20:15:54:00 mri_convert N 3 14.21 15.47 16.66

 mri_add_xform_to_header -c /rds/projects/q/quinna-camcan/cc700/mri/pipeline/release004/BIDS_20190411/anat/sub-CC120208_T1w/mri/transforms/talairach.xfm /rds/projects/q/quinna-camcan/cc700/mri/pipeline/release004/BIDS_20190411/anat/sub-CC120208_T1w/mri/orig.mgz /rds/projects/q/quinna-camcan/cc700/mri/pipeline/release004/BIDS_20190411/anat/sub-CC120208_T1w/mri/orig.mgz 

INFO: extension is mgz
@#@FSTIME  2024:09:20:15:54:00 mri_add_xform_to_header N 4 e 1.12 S 0.01 U 1.05 P 95% M 21528 F 0 R 1305 W 0 c 2 w 20 I 0 O 0 L 14.21 15.47 16.66
@#@FSLOADPOST 2024:09:20:15:54:01 mri_add_xform_to_header N 4 14.21 15.47 16.66

 mri_info /rds/projects/q/quinna-camcan/cc700/mri/pipeline/release004/BIDS_20190411/anat/sub-CC120208_T1w/mri/orig.mgz 

orig.mgz ========================================
Volume information for /rds/projects/q/quinna-camcan/cc700/mri/pipeline/release004/BIDS_20190411/anat/sub-CC120208_T1w/mri/orig.mgz
          type: MGH
    dimensions: 256 x 256 x 256
   voxel sizes: 1.000000, 1.000000, 1.000000
          type: UCHAR (0)
           fov: 256.000
           dof: 1
        xstart: -128.0, xend: 128.0
        ystart: -128.0, yend: 128.0
        zstart: -128.0, zend: 128.0
            TR: 0.00 msec, TE: 0.00 msec, TI: 0.00 msec, flip angle: 0.00 degrees
       nframes: 1
       PhEncDir: UNKNOWN
       FieldStrength: 0.000000
ras xform present
    xform info: x_r =  -1.0000, y_r =   0.0000, z_r =   0.0000, c_r =    -2.4396
              : x_a =   0.0000, y_a =   0.0000, z_a =   1.0000, c_a =    33.0730
              : x_s =   0.0000, y_s =  -1.0000, z_s =   0.0000, c_s =   -10.4779

talairach xfm : /rds/projects/q/quinna-camcan/cc700/mri/pipeline/release004/BIDS_20190411/anat/sub-CC120208_T1w/mri/transforms/talairach.xfm
Orientation   : LIA
Primary Slice Direction: coronal

voxel to ras transform:
               -1.0000   0.0000   0.0000   125.5604
                0.0000   0.0000   1.0000   -94.9270
                0.0000  -1.0000   0.0000   117.5221
                0.0000   0.0000   0.0000     1.0000

voxel-to-ras determinant -1

ras to voxel transform:
               -1.0000  -0.0000  -0.0000   125.5604
               -0.0000  -0.0000  -1.0000   117.5221
               -0.0000   1.0000  -0.0000    94.9270
               -0.0000  -0.0000  -0.0000     1.0000
#--------------------------------------------
#@# Talairach Fri Sep 20 15:54:01 BST 2024
/rds/projects/q/quinna-camcan/cc700/mri/pipeline/release004/BIDS_20190411/anat/sub-CC120208_T1w/mri

 mri_nu_correct.mni --no-rescale --i orig.mgz --o orig_nu.mgz --ants-n4 --n 1 --proto-iters 1000 --distance 50 

/usr/bin/bc
/rds/projects/q/quinna-camcan/cc700/mri/pipeline/release004/BIDS_20190411/anat/sub-CC120208_T1w/mri
/rds/bear-apps/2022a/EL8-ice/software/FreeSurfer/7.4.1-centos8_x86_64/bin/mri_nu_correct.mni
--no-rescale --i orig.mgz --o orig_nu.mgz --ants-n4 --n 1 --proto-iters 1000 --distance 50
nIters 1
mri_nu_correct.mni 7.4.1
Linux bear-pg0210u29b.bear.cluster 4.18.0-372.32.1.el8_6.x86_64 #1 SMP Fri Oct 7 12:35:10 EDT 2022 x86_64 x86_64 x86_64 GNU/Linux
Fri Sep 20 15:54:02 BST 2024
tmpdir is ./tmp.mri_nu_correct.mni.2558787
cd /rds/projects/q/quinna-camcan/cc700/mri/pipeline/release004/BIDS_20190411/anat/sub-CC120208_T1w/mri
AntsN4BiasFieldCorrectionFs -i orig.mgz -o ./tmp.mri_nu_correct.mni.2558787/nu0.mgz --dtype uchar
AntsN4BiasFieldCorrectionFs done
mri_convert ./tmp.mri_nu_correct.mni.2558787/nu0.mgz orig_nu.mgz --like orig.mgz --conform
mri_convert ./tmp.mri_nu_correct.mni.2558787/nu0.mgz orig_nu.mgz --like orig.mgz --conform 
reading from ./tmp.mri_nu_correct.mni.2558787/nu0.mgz...
TR=0.00, TE=0.00, TI=0.00, flip angle=0.00
i_ras = (-1, 0, 0)
j_ras = (9.31323e-10, 0, -1)
k_ras = (0, 1, 0)
INFO: transform src into the like-volume: orig.mgz
writing to orig_nu.mgz...
 
 
Fri Sep 20 15:55:40 BST 2024
mri_nu_correct.mni done
@#@FSTIME  2024:09:20:15:54:02 mri_nu_correct.mni N 12 e 98.21 S 0.34 U 97.50 P 99% M 517096 F 0 R 31356 W 0 c 75 w 162 I 0 O 0 L 14.21 15.47 16.66
@#@FSLOADPOST 2024:09:20:15:55:40 mri_nu_correct.mni N 12 10.79 13.91 15.98

 talairach_avi --i orig_nu.mgz --xfm transforms/talairach.auto.xfm 

talairach_avi log file is transforms/talairach_avi.log...
mv -f /rds/projects/q/quinna-camcan/cc700/mri/pipeline/release004/BIDS_20190411/anat/sub-CC120208_T1w/mri/talsrcimg_to_711-2C_as_mni_average_305_t4_vox2vox.txt /rds/projects/q/quinna-camcan/cc700/mri/pipeline/release004/BIDS_20190411/anat/sub-CC120208_T1w/mri/transforms/talsrcimg_to_711-2C_as_mni_average_305_t4_vox2vox.txt
Started at Fri Sep 20 15:55:40 BST 2024
Ended   at Fri Sep 20 15:55:56 BST 2024
talairach_avi done
@#@FSTIME  2024:09:20:15:55:40 talairach_avi N 4 e 15.68 S 0.89 U 8.37 P 59% M 255736 F 0 R 37898 W 0 c 38 w 542 I 0 O 32 L 10.79 13.91 15.98
@#@FSLOADPOST 2024:09:20:15:55:56 talairach_avi N 4 12.24 14.08 16.00

 cp transforms/talairach.auto.xfm transforms/talairach.xfm 

lta_convert --src orig.mgz --trg /rds/bear-apps/2022a/EL8-ice/software/FreeSurfer/7.4.1-centos8_x86_64/average/mni305.cor.mgz --inxfm transforms/talairach.xfm --outlta transforms/talairach.xfm.lta --subject fsaverage --ltavox2vox
7.4.1

--src: orig.mgz src image (geometry).
--trg: /rds/bear-apps/2022a/EL8-ice/software/FreeSurfer/7.4.1-centos8_x86_64/average/mni305.cor.mgz trg image (geometry).
--inmni: transforms/talairach.xfm input MNI/XFM transform.
--outlta: transforms/talairach.xfm.lta output LTA.
--s: fsaverage subject name
--ltavox2vox: output LTA as VOX_TO_VOX transform.
 LTA read, type : 1
 1.04777   0.01115   0.02599   3.27748;
-0.01915   1.00865   0.05892  -29.11189;
-0.02722  -0.00517   1.10045   18.10128;
 0.00000   0.00000   0.00000   1.00000;
setting subject to fsaverage
Writing  LTA to file transforms/talairach.xfm.lta...
lta_convert successful.
/rds/projects/q/quinna-camcan/cc700/mri/pipeline/release004/BIDS_20190411/anat/sub-CC120208_T1w/mri/transforms /rds/projects/q/quinna-camcan/cc700/mri/pipeline/release004/BIDS_20190411/anat/sub-CC120208_T1w/mri 
/rds/projects/q/quinna-camcan/cc700/mri/pipeline/release004/BIDS_20190411/anat/sub-CC120208_T1w/mri 
#--------------------------------------------
#@# Nu Intensity Correction Fri Sep 20 15:55:58 BST 2024

 mri_nu_correct.mni --i orig.mgz --o nu.mgz --uchar transforms/talairach.xfm --n 2 --ants-n4 

/usr/bin/bc
/rds/projects/q/quinna-camcan/cc700/mri/pipeline/release004/BIDS_20190411/anat/sub-CC120208_T1w/mri
/rds/bear-apps/2022a/EL8-ice/software/FreeSurfer/7.4.1-centos8_x86_64/bin/mri_nu_correct.mni
--i orig.mgz --o nu.mgz --uchar transforms/talairach.xfm --n 2 --ants-n4
nIters 2
mri_nu_correct.mni 7.4.1
Linux bear-pg0210u29b.bear.cluster 4.18.0-372.32.1.el8_6.x86_64 #1 SMP Fri Oct 7 12:35:10 EDT 2022 x86_64 x86_64 x86_64 GNU/Linux
Fri Sep 20 15:55:58 BST 2024
tmpdir is ./tmp.mri_nu_correct.mni.2561649
cd /rds/projects/q/quinna-camcan/cc700/mri/pipeline/release004/BIDS_20190411/anat/sub-CC120208_T1w/mri
AntsN4BiasFieldCorrectionFs -i orig.mgz -o ./tmp.mri_nu_correct.mni.2561649/nu0.mgz --dtype uchar
AntsN4BiasFieldCorrectionFs done
mri_binarize --i ./tmp.mri_nu_correct.mni.2561649/nu0.mgz --min -1 --o ./tmp.mri_nu_correct.mni.2561649/ones.mgz

7.4.1
cwd /rds/projects/q/quinna-camcan/cc700/mri/pipeline/release004/BIDS_20190411/anat/sub-CC120208_T1w/mri
cmdline mri_binarize --i ./tmp.mri_nu_correct.mni.2561649/nu0.mgz --min -1 --o ./tmp.mri_nu_correct.mni.2561649/ones.mgz 
sysname  Linux
hostname bear-pg0210u29b.bear.cluster
machine  x86_64
user     ghafarit

input      ./tmp.mri_nu_correct.mni.2561649/nu0.mgz
frame      0
nErode3d   0
nErode2d   0
output     ./tmp.mri_nu_correct.mni.2561649/ones.mgz
Binarizing based on threshold
min        -1
max        +infinity
binval        1
binvalnot     0
fstart = 0, fend = 0, nframes = 1
Starting parallel 1
Found 16777216 values in range
Counting number of voxels in first frame
Found 16777215 voxels in final mask
Writing output to ./tmp.mri_nu_correct.mni.2561649/ones.mgz
Count: 16777215 16777215.000000 16777216 99.999994
mri_binarize done
mri_segstats --id 1 --seg ./tmp.mri_nu_correct.mni.2561649/ones.mgz --i orig.mgz --sum ./tmp.mri_nu_correct.mni.2561649/sum.junk --avgwf ./tmp.mri_nu_correct.mni.2561649/input.mean.dat

7.4.1
cwd 
cmdline mri_segstats --id 1 --seg ./tmp.mri_nu_correct.mni.2561649/ones.mgz --i orig.mgz --sum ./tmp.mri_nu_correct.mni.2561649/sum.junk --avgwf ./tmp.mri_nu_correct.mni.2561649/input.mean.dat 
sysname  Linux
hostname bear-pg0210u29b.bear.cluster
machine  x86_64
user     ghafarit
whitesurfname  white
UseRobust  0
Loading ./tmp.mri_nu_correct.mni.2561649/ones.mgz
Loading orig.mgz
Voxel Volume is 1 mm^3
Generating list of segmentation ids
Found   1 segmentations
Computing statistics for each segmentation

Reporting on   1 segmentations
Using PrintSegStat
Computing spatial average of each frame

Writing to ./tmp.mri_nu_correct.mni.2561649/input.mean.dat
mri_segstats done
mri_segstats --id 1 --seg ./tmp.mri_nu_correct.mni.2561649/ones.mgz --i ./tmp.mri_nu_correct.mni.2561649/nu0.mgz --sum ./tmp.mri_nu_correct.mni.2561649/sum.junk --avgwf ./tmp.mri_nu_correct.mni.2561649/output.mean.dat

7.4.1
cwd 
cmdline mri_segstats --id 1 --seg ./tmp.mri_nu_correct.mni.2561649/ones.mgz --i ./tmp.mri_nu_correct.mni.2561649/nu0.mgz --sum ./tmp.mri_nu_correct.mni.2561649/sum.junk --avgwf ./tmp.mri_nu_correct.mni.2561649/output.mean.dat 
sysname  Linux
hostname bear-pg0210u29b.bear.cluster
machine  x86_64
user     ghafarit
whitesurfname  white
UseRobust  0
Loading ./tmp.mri_nu_correct.mni.2561649/ones.mgz
Loading ./tmp.mri_nu_correct.mni.2561649/nu0.mgz
Voxel Volume is 1 mm^3
Generating list of segmentation ids
Found   1 segmentations
Computing statistics for each segmentation

Reporting on   1 segmentations
Using PrintSegStat
Computing spatial average of each frame

Writing to ./tmp.mri_nu_correct.mni.2561649/output.mean.dat
mri_segstats done
mris_calc -o ./tmp.mri_nu_correct.mni.2561649/nu0.mgz ./tmp.mri_nu_correct.mni.2561649/nu0.mgz mul 1.12754394239973364038
Saving result to './tmp.mri_nu_correct.mni.2561649/nu0.mgz' (type = MGH )                       [ ok ]
mri_convert ./tmp.mri_nu_correct.mni.2561649/nu0.mgz nu.mgz --like orig.mgz
mri_convert ./tmp.mri_nu_correct.mni.2561649/nu0.mgz nu.mgz --like orig.mgz 
reading from ./tmp.mri_nu_correct.mni.2561649/nu0.mgz...
TR=0.00, TE=0.00, TI=0.00, flip angle=0.00
i_ras = (-1, 0, 0)
j_ras = (9.31323e-10, 0, -1)
k_ras = (0, 1, 0)
INFO: transform src into the like-volume: orig.mgz
writing to nu.mgz...
mri_make_uchar nu.mgz transforms/talairach.xfm nu.mgz
type change took 0 minutes and 2 seconds.
FIRST_PERCENTILE 0.010000
WM_PERCENTILE    0.900000
MAX_R 50.000000
i1 = 3, i2 = 52
#mri_make_uchar# mapping  7 113 to  3 110  :  b -4.02857 m 1.00973 : thresh 3.98973 maxsat 256.531 : nzero 13340970 nsat 66
 
 
Fri Sep 20 15:57:47 BST 2024
mri_nu_correct.mni done
@#@FSTIME  2024:09:20:15:55:58 mri_nu_correct.mni N 9 e 108.65 S 0.95 U 107.32 P 99% M 612244 F 0 R 176865 W 0 c 112 w 16725 I 0 O 0 L 12.24 14.08 16.00
@#@FSLOADPOST 2024:09:20:15:57:47 mri_nu_correct.mni N 9 20.38 15.94 16.42

 mri_add_xform_to_header -c /rds/projects/q/quinna-camcan/cc700/mri/pipeline/release004/BIDS_20190411/anat/sub-CC120208_T1w/mri/transforms/talairach.xfm nu.mgz nu.mgz 

INFO: extension is mgz
@#@FSTIME  2024:09:20:15:57:47 mri_add_xform_to_header N 4 e 0.30 S 0.01 U 0.29 P 99% M 21568 F 0 R 1311 W 0 c 1 w 16 I 0 O 0 L 20.38 15.94 16.42
@#@FSLOADPOST 2024:09:20:15:57:47 mri_add_xform_to_header N 4 20.38 15.94 16.42
#--------------------------------------------
#@# Intensity Normalization Fri Sep 20 15:57:47 BST 2024
/rds/projects/q/quinna-camcan/cc700/mri/pipeline/release004/BIDS_20190411/anat/sub-CC120208_T1w/mri

 mri_normalize -g 1 -seed 1234 -mprage nu.mgz T1.mgz 

using max gradient = 1.000
setting seed for random number genererator to 1234
assuming input volume is MGH (Van der Kouwe) MP-RAGE
reading mri_src from nu.mgz...
normalizing image...
NOT doing gentle normalization with control points/label
talairach transform
 1.04777   0.01115   0.02599   3.27748;
-0.01915   1.00865   0.05892  -29.11189;
-0.02722  -0.00517   1.10045   18.10128;
 0.00000   0.00000   0.00000   1.00000;
processing without aseg, no1d=0
MRInormInit(): 
INFO: Modifying talairach volume c_(r,a,s) based on average_305
MRInormalize(): 
MRIsplineNormalize(): npeaks = 17
Starting OpenSpline(): npoints = 17
building Voronoi diagram...
performing soap bubble smoothing, sigma = 8...

Iterating 2 times
---------------------------------
3d normalization pass 1 of 2
white matter peak found at 110
white matter peak found at 110
gm peak at 79 (79), valley at 55 (55)
csf peak at 29, setting threshold to 62
building Voronoi diagram...
performing soap bubble smoothing, sigma = 8...
---------------------------------
3d normalization pass 2 of 2
white matter peak found at 110
white matter peak found at 110
gm peak at 79 (79), valley at 49 (49)
csf peak at 29, setting threshold to 62
building Voronoi diagram...
performing soap bubble smoothing, sigma = 8...
Done iterating ---------------------------------
writing output to T1.mgz
3D bias adjustment took 1 minutes and 6 seconds.
@#@FSTIME  2024:09:20:15:57:47 mri_normalize N 7 e 66.24 S 0.12 U 65.96 P 99% M 583948 F 0 R 16451 W 0 c 69 w 16 I 0 O 0 L 20.38 15.94 16.42
@#@FSLOADPOST 2024:09:20:15:58:54 mri_normalize N 7 21.26 17.25 16.84
#--------------------------------------------
#@# Skull Stripping Fri Sep 20 15:58:54 BST 2024
/rds/projects/q/quinna-camcan/cc700/mri/pipeline/release004/BIDS_20190411/anat/sub-CC120208_T1w/mri

 mri_em_register -skull nu.mgz /rds/bear-apps/2022a/EL8-ice/software/FreeSurfer/7.4.1-centos8_x86_64/average/RB_all_withskull_2020_01_02.gca transforms/talairach_with_skull.lta 

aligning to atlas containing skull, setting unknown_nbr_spacing = 5

== Number of threads available to mri_em_register for OpenMP = 1 == 
reading 1 input volumes...
logging results to talairach_with_skull.log
reading '/rds/bear-apps/2022a/EL8-ice/software/FreeSurfer/7.4.1-centos8_x86_64/average/RB_all_withskull_2020_01_02.gca'...
GCAread took 0 minutes and 1 seconds.
average std = 23.0   using min determinant for regularization = 52.8
0 singular and 9205 ill-conditioned covariance matrices regularized
reading 'nu.mgz'...
freeing gibbs priors...done.
accounting for voxel sizes in initial transform
bounding unknown intensity as < 8.9 or > 556.0 
total sample mean = 77.3 (1403 zeros)
************************************************
spacing=8, using 3292 sample points, tol=1.00e-05...
************************************************
register_mri: find_optimal_transform
find_optimal_transform: nsamples 3292, passno 0, spacing 8
resetting wm mean[0]: 100 --> 108
resetting gm mean[0]: 61 --> 61
input volume #1 is the most T1-like
using real data threshold=18.0
skull bounding box = (46, 48, 9) --> (209, 236, 208)
finding center of left hemi white matter
using (100, 111, 109) as brain centroid of Right_Cerebral_White_Matter...
MRImask(): AllowDiffGeom = 1
mean wm in atlas = 108, using box (80,88,84) --> (120, 134,133) to find MRI wm
before smoothing, mri peak at 110
robust fit to distribution - 109 +- 3.6
after smoothing, mri peak at 110, scaling input intensities by 0.982
scaling channel 0 by 0.981818
initial log_p = -4.409
************************************************
First Search limited to translation only.
************************************************
max log p =    -4.368606 @ (0.000, 0.000, 0.000)
max log p =    -4.329377 @ (-5.263, -5.263, 5.263)
max log p =    -4.213457 @ (2.632, -2.632, -2.632)
max log p =    -4.197841 @ (1.316, -3.947, 1.316)
max log p =    -4.166399 @ (-0.658, 0.658, -1.974)
max log p =    -4.166399 @ (0.000, 0.000, 0.000)
max log p =    -4.166399 @ (0.000, 0.000, 0.000)
max log p =    -4.166399 @ (0.000, 0.000, 0.000)
Found translation: (-2.0, -11.2, 2.0): log p = -4.166
****************************************
Nine parameter search.  iteration 0 nscales = 0 ...
****************************************
Result so far: scale 1.000: max_log_p=-4.141, old_max_log_p =-4.166 (thresh=-4.2)
 1.06375   0.00000   0.00000  -10.07479;
 0.00000   1.06580   0.14032  -29.09308;
 0.00000  -0.14032   1.06580   16.29797;
 0.00000   0.00000   0.00000   1.00000;
iteration took 0 minutes and 52 seconds.
****************************************
Nine parameter search.  iteration 1 nscales = 0 ...
****************************************
Result so far: scale 1.000: max_log_p=-4.058, old_max_log_p =-4.141 (thresh=-4.1)
 1.06375   0.00000   0.00000  -10.07479;
 0.00000   1.15563   0.00000  -27.04714;
 0.00000  -0.00000   0.99438   3.49341;
 0.00000   0.00000   0.00000   1.00000;
iteration took 0 minutes and 50 seconds.
****************************************
Nine parameter search.  iteration 2 nscales = 0 ...
****************************************
Result so far: scale 1.000: max_log_p=-4.058, old_max_log_p =-4.058 (thresh=-4.1)
 1.06375   0.00000   0.00000  -10.07479;
 0.00000   1.15563   0.00000  -27.04714;
 0.00000  -0.00000   0.99438   3.49341;
 0.00000   0.00000   0.00000   1.00000;
reducing scale to 0.2500
iteration took 0 minutes and 50 seconds.
****************************************
Nine parameter search.  iteration 3 nscales = 1 ...
****************************************
Result so far: scale 0.250: max_log_p=-4.021, old_max_log_p =-4.058 (thresh=-4.1)
 1.08278   0.00278   0.00000  -14.77427;
 0.00260   1.15581   0.00000  -29.28012;
 0.00000  -0.00000   0.99438   1.61841;
 0.00000   0.00000   0.00000   1.00000;
iteration took 0 minutes and 47 seconds.
****************************************
Nine parameter search.  iteration 4 nscales = 1 ...
****************************************
Result so far: scale 0.250: max_log_p=-4.010, old_max_log_p =-4.021 (thresh=-4.0)
 1.04115   0.04060  -0.03356  -9.31802;
-0.03197   1.22028  -0.03204  -27.02199;
 0.03419   0.03930   0.99331  -6.48661;
 0.00000   0.00000   0.00000   1.00000;
iteration took 0 minutes and 47 seconds.
****************************************
Nine parameter search.  iteration 5 nscales = 1 ...
****************************************
Result so far: scale 0.250: max_log_p=-4.009, old_max_log_p =-4.010 (thresh=-4.0)
 1.04115   0.04060  -0.03356  -9.31802;
-0.03137   1.19740  -0.03144  -23.85076;
 0.03419   0.03930   0.99331  -6.48661;
 0.00000   0.00000   0.00000   1.00000;
reducing scale to 0.0625
iteration took 0 minutes and 48 seconds.
****************************************
Nine parameter search.  iteration 6 nscales = 2 ...
****************************************
Result so far: scale 0.062: max_log_p=-3.987, old_max_log_p =-4.009 (thresh=-4.0)
 1.04568   0.01157  -0.01692  -8.42639;
-0.00537   1.19974  -0.02375  -29.26258;
 0.01750   0.02880   0.99162  -4.07805;
 0.00000   0.00000   0.00000   1.00000;
iteration took 0 minutes and 43 seconds.
****************************************
Nine parameter search.  iteration 7 nscales = 2 ...
****************************************
Result so far: scale 0.062: max_log_p=-3.982, old_max_log_p =-3.987 (thresh=-4.0)
 1.04568   0.01157  -0.01692  -8.42639;
-0.00537   1.20114  -0.02378  -29.46294;
 0.01750   0.02880   0.99162  -4.07805;
 0.00000   0.00000   0.00000   1.00000;
iteration took 0 minutes and 42 seconds.
****************************************
Nine parameter search.  iteration 8 nscales = 2 ...
****************************************
