GCCcore/11.3.0
zlib/1.2.12-GCCcore-11.3.0
binutils/2.38-GCCcore-11.3.0
GCC/11.3.0
numactl/2.0.14-GCCcore-11.3.0
XZ/5.2.5-GCCcore-11.3.0
libxml2/2.9.13-GCCcore-11.3.0
libpciaccess/0.16-GCCcore-11.3.0
hwloc/2.7.1-GCCcore-11.3.0
OpenSSL/1.1
libevent/2.1.12-GCCcore-11.3.0
UCX/1.12.1-GCCcore-11.3.0
libfabric/1.15.1-GCCcore-11.3.0
PMIx/4.1.2-GCCcore-11.3.0
UCC/1.0.0-GCCcore-11.3.0
OpenMPI/4.1.4-GCC-11.3.0
OpenBLAS/0.3.20-GCC-11.3.0
FlexiBLAS/3.2.0-GCC-11.3.0
FFTW/3.3.10-GCC-11.3.0
gompi/2022a
FFTW.MPI/3.3.10-gompi-2022a
ScaLAPACK/2.2.0-gompi-2022a-fb
foss/2022a
bzip2/1.0.8-GCCcore-11.3.0
ncurses/6.3-GCCcore-11.3.0
libreadline/8.1.2-GCCcore-11.3.0
ncurses/6.3-GCCcore-11.3.0
Tcl/8.6.12-GCCcore-11.3.0
SQLite/3.38.3-GCCcore-11.3.0
GMP/6.2.1-GCCcore-11.3.0
libffi/3.4.2-GCCcore-11.3.0
Python/3.10.4-GCCcore-11.3.0
pybind11/2.9.2-GCCcore-11.3.0
SciPy-bundle/2022.05-foss-2022a
libxml2/2.9.13-GCCcore-11.3.0
libxslt/1.1.34-GCCcore-11.3.0
libpng/1.6.37-GCCcore-11.3.0
Brotli/1.0.9-GCCcore-11.3.0
freetype/2.12.1-GCCcore-11.3.0
expat/2.4.8-GCCcore-11.3.0
util-linux/2.38-GCCcore-11.3.0
fontconfig/2.14.0-GCCcore-11.3.0
xorg-macros/1.19.3-GCCcore-11.3.0
X11/20220504-GCCcore-11.3.0
Tk/8.6.12-GCCcore-11.3.0
Tkinter/3.10.4-GCCcore-11.3.0
NASM/2.15.05-GCCcore-11.3.0
libjpeg-turbo/2.1.3-GCCcore-11.3.0
jbigkit/2.1-GCCcore-11.3.0
gzip/1.12-GCCcore-11.3.0
lz4/1.9.3-GCCcore-11.3.0
zstd/1.5.2-GCCcore-11.3.0
libdeflate/1.10-GCCcore-11.3.0
LibTIFF/4.3.0-GCCcore-11.3.0
Pillow/9.1.1-GCCcore-11.3.0
Qhull/2020.2-GCCcore-11.3.0
matplotlib/3.5.2-foss-2022a
tqdm/4.64.0-GCCcore-11.3.0
scikit-learn/1.1.2-foss-2022a
LLVM/12.0.1-GCCcore-11.3.0
numba/0.56.4-foss-2022a
pydicom/2.3.0-GCCcore-11.3.0
NiBabel/4.0.2-foss-2022a
Szip/2.1.1-GCCcore-11.3.0
HDF5/1.12.2-gompi-2022a
h5py/3.7.0-foss-2022a
imageio/2.22.2-foss-2022a
libdrm/2.4.110-GCCcore-11.3.0
libglvnd/1.4.0-GCCcore-11.3.0
libunwind/1.6.2-GCCcore-11.3.0
Mesa/22.0.3-GCCcore-11.3.0
libGLU/9.0.2-GCCcore-11.3.0
VTK/9.2.2-foss-2022a
MNE-Python/1.3.1-foss-2022a
MCR/R2019b.8
FreeSurfer/7.4.1-centos8_x86_64
fs-check-version --s sub-CC110182_T1w --o /tmp/tmp.sNM6vC
Thu Sep 19 16:35:13 BST 2024

setenv SUBJECTS_DIR /rds/projects/q/quinna-camcan/cc700/mri/pipeline/release004/BIDS_20190411/anat
cd /rds/projects/q/quinna-camcan/ghafarit-scripts/github/camcan-laterality/mne_python/source
/rds/bear-apps/2022a/EL8-ice/software/FreeSurfer/7.4.1-centos8_x86_64/bin/fs-check-version --s sub-CC110182_T1w --o /tmp/tmp.sNM6vC
-rwxrwxr-x 1 branfosj-admin build 18565 Jun 14  2023 /rds/bear-apps/2022a/EL8-ice/software/FreeSurfer/7.4.1-centos8_x86_64/bin/fs-check-version

freesurfer-linux-centos8_x86_64-7.4.1-20230613-7eb8460
$Id$
Linux bear-pg0210u35b.bear.cluster 4.18.0-372.32.1.el8_6.x86_64 #1 SMP Fri Oct 7 12:35:10 EDT 2022 x86_64 x86_64 x86_64 GNU/Linux
pid 1085623
Current FS Version freesurfer-linux-centos8_x86_64-7.4.1-20230613-7eb8460
Subject does not have a bstampfile, copying /rds/bear-apps/2022a/EL8-ice/software/FreeSurfer/7.4.1-centos8_x86_64/build-stamp.txt
Subject FS Version: freesurfer-linux-centos8_x86_64-7.4.1-20230613-7eb8460
No constraints on version because REQ=UnSet and FsVerFile=NotThere
#@#% fs-check-version match = 1
fs-check-version Done
INFO: SUBJECTS_DIR is /rds/projects/q/quinna-camcan/cc700/mri/pipeline/release004/BIDS_20190411/anat
Actual FREESURFER_HOME /rds/bear-apps/2022a/EL8-ice/software/FreeSurfer/7.4.1-centos8_x86_64
Linux bear-pg0210u35b.bear.cluster 4.18.0-372.32.1.el8_6.x86_64 #1 SMP Fri Oct 7 12:35:10 EDT 2022 x86_64 x86_64 x86_64 GNU/Linux
/rds/projects/q/quinna-camcan/cc700/mri/pipeline/release004/BIDS_20190411/anat/sub-CC110182_T1w

 mri_convert /rds/projects/q/quinna-camcan/cc700/mri/pipeline/release004/BIDS_20190411/anat/sub-CC110182/anat/sub-CC110182_T1w.nii.gz /rds/projects/q/quinna-camcan/cc700/mri/pipeline/release004/BIDS_20190411/anat/sub-CC110182_T1w/mri/orig/001.mgz 

mri_convert /rds/projects/q/quinna-camcan/cc700/mri/pipeline/release004/BIDS_20190411/anat/sub-CC110182/anat/sub-CC110182_T1w.nii.gz /rds/projects/q/quinna-camcan/cc700/mri/pipeline/release004/BIDS_20190411/anat/sub-CC110182_T1w/mri/orig/001.mgz 
reading from /rds/projects/q/quinna-camcan/cc700/mri/pipeline/release004/BIDS_20190411/anat/sub-CC110182/anat/sub-CC110182_T1w.nii.gz...
TR=0.00, TE=0.00, TI=0.00, flip angle=0.00
i_ras = (-0.003515, -0.999994, 0)
j_ras = (0.00696301, -2.39611e-05, 0.999976)
k_ras = (0.99997, -0.00351512, -0.00696313)
writing to /rds/projects/q/quinna-camcan/cc700/mri/pipeline/release004/BIDS_20190411/anat/sub-CC110182_T1w/mri/orig/001.mgz...
@#@FSTIME  2024:09:19:16:35:17 mri_convert N 2 e 4.30 S 0.02 U 4.20 P 98% M 54596 F 1 R 1352 W 0 c 17 w 29 I 80 O 0 L 33.88 31.97 30.17
@#@FSLOADPOST 2024:09:19:16:35:22 mri_convert N 2 33.81 31.99 30.18
#--------------------------------------------
#@# MotionCor Thu Sep 19 16:35:22 BST 2024
Found 1 runs
/rds/projects/q/quinna-camcan/cc700/mri/pipeline/release004/BIDS_20190411/anat/sub-CC110182_T1w/mri/orig/001.mgz
Checking for (invalid) multi-frame inputs...
Only one run found so motion
correction will not be performed. I'll
copy the run to rawavg and continue.

 cp /rds/projects/q/quinna-camcan/cc700/mri/pipeline/release004/BIDS_20190411/anat/sub-CC110182_T1w/mri/orig/001.mgz /rds/projects/q/quinna-camcan/cc700/mri/pipeline/release004/BIDS_20190411/anat/sub-CC110182_T1w/mri/rawavg.mgz 


 mri_info /rds/projects/q/quinna-camcan/cc700/mri/pipeline/release004/BIDS_20190411/anat/sub-CC110182_T1w/mri/rawavg.mgz 

rawavg.mgz ========================================
Volume information for /rds/projects/q/quinna-camcan/cc700/mri/pipeline/release004/BIDS_20190411/anat/sub-CC110182_T1w/mri/rawavg.mgz
          type: MGH
    dimensions: 256 x 256 x 192
   voxel sizes: 1.000000, 1.000000, 1.000000
          type: FLOAT (3)
           fov: 256.000
           dof: 1
        xstart: -128.0, xend: 128.0
        ystart: -128.0, yend: 128.0
        zstart: -96.0, zend: 96.0
            TR: 0.00 msec, TE: 0.00 msec, TI: 0.00 msec, flip angle: 0.00 degrees
       nframes: 1
       PhEncDir: UNKNOWN
       FieldStrength: 0.000000
ras xform present
    xform info: x_r =  -0.0035, y_r =   0.0070, z_r =   1.0000, c_r =    -1.2359
              : x_a =  -1.0000, y_a =  -0.0000, z_a =  -0.0035, c_a =    20.9664
              : x_s =   0.0000, y_s =   1.0000, z_s =  -0.0070, c_s =     0.4214

talairach xfm : 
Orientation   : PSR
Primary Slice Direction: sagittal

voxel to ras transform:
               -0.0035   0.0070   1.0000   -97.6743
               -1.0000  -0.0000  -0.0035   149.3062
                0.0000   1.0000  -0.0070  -126.9070
                0.0000   0.0000   0.0000     1.0000

voxel-to-ras determinant -1

ras to voxel transform:
               -0.0035  -1.0000   0.0000   148.9619
                0.0070  -0.0000   1.0000   127.5877
                1.0000  -0.0035  -0.0070    97.3125
               -0.0000  -0.0000  -0.0000     1.0000
/rds/projects/q/quinna-camcan/cc700/mri/pipeline/release004/BIDS_20190411/anat/sub-CC110182_T1w

 mri_convert /rds/projects/q/quinna-camcan/cc700/mri/pipeline/release004/BIDS_20190411/anat/sub-CC110182_T1w/mri/rawavg.mgz /rds/projects/q/quinna-camcan/cc700/mri/pipeline/release004/BIDS_20190411/anat/sub-CC110182_T1w/mri/orig.mgz --conform 

mri_convert /rds/projects/q/quinna-camcan/cc700/mri/pipeline/release004/BIDS_20190411/anat/sub-CC110182_T1w/mri/rawavg.mgz /rds/projects/q/quinna-camcan/cc700/mri/pipeline/release004/BIDS_20190411/anat/sub-CC110182_T1w/mri/orig.mgz --conform 
reading from /rds/projects/q/quinna-camcan/cc700/mri/pipeline/release004/BIDS_20190411/anat/sub-CC110182_T1w/mri/rawavg.mgz...
TR=0.00, TE=0.00, TI=0.00, flip angle=0.00
i_ras = (-0.003515, -0.999994, 0)
j_ras = (0.00696301, -2.39611e-05, 0.999976)
k_ras = (0.99997, -0.00351512, -0.00696313)
changing data type from float to uchar (noscale = 0)...
MRIchangeType: Building histogram 0 1017 1000, flo=0, fhi=0.999, dest_type=0
Reslicing using trilinear interpolation 
writing to /rds/projects/q/quinna-camcan/cc700/mri/pipeline/release004/BIDS_20190411/anat/sub-CC110182_T1w/mri/orig.mgz...
@#@FSTIME  2024:09:19:16:35:26 mri_convert N 3 e 2.42 S 0.02 U 2.38 P 99% M 66896 F 0 R 6617 W 0 c 10 w 16 I 0 O 0 L 33.58 31.97 30.19
@#@FSLOADPOST 2024:09:19:16:35:28 mri_convert N 3 33.58 31.97 30.19

 mri_add_xform_to_header -c /rds/projects/q/quinna-camcan/cc700/mri/pipeline/release004/BIDS_20190411/anat/sub-CC110182_T1w/mri/transforms/talairach.xfm /rds/projects/q/quinna-camcan/cc700/mri/pipeline/release004/BIDS_20190411/anat/sub-CC110182_T1w/mri/orig.mgz /rds/projects/q/quinna-camcan/cc700/mri/pipeline/release004/BIDS_20190411/anat/sub-CC110182_T1w/mri/orig.mgz 

INFO: extension is mgz
@#@FSTIME  2024:09:19:16:35:28 mri_add_xform_to_header N 4 e 1.07 S 0.02 U 1.02 P 97% M 21600 F 0 R 1306 W 0 c 4 w 20 I 0 O 0 L 33.58 31.97 30.19
@#@FSLOADPOST 2024:09:19:16:35:29 mri_add_xform_to_header N 4 33.58 31.97 30.19

 mri_info /rds/projects/q/quinna-camcan/cc700/mri/pipeline/release004/BIDS_20190411/anat/sub-CC110182_T1w/mri/orig.mgz 

orig.mgz ========================================
Volume information for /rds/projects/q/quinna-camcan/cc700/mri/pipeline/release004/BIDS_20190411/anat/sub-CC110182_T1w/mri/orig.mgz
          type: MGH
    dimensions: 256 x 256 x 256
   voxel sizes: 1.000000, 1.000000, 1.000000
          type: UCHAR (0)
           fov: 256.000
           dof: 1
        xstart: -128.0, xend: 128.0
        ystart: -128.0, yend: 128.0
        zstart: -128.0, zend: 128.0
            TR: 0.00 msec, TE: 0.00 msec, TI: 0.00 msec, flip angle: 0.00 degrees
       nframes: 1
       PhEncDir: UNKNOWN
       FieldStrength: 0.000000
ras xform present
    xform info: x_r =  -1.0000, y_r =   0.0000, z_r =   0.0000, c_r =    -1.2359
              : x_a =   0.0000, y_a =  -0.0000, z_a =   1.0000, c_a =    20.9664
              : x_s =   0.0000, y_s =  -1.0000, z_s =  -0.0000, c_s =     0.4214

talairach xfm : /rds/projects/q/quinna-camcan/cc700/mri/pipeline/release004/BIDS_20190411/anat/sub-CC110182_T1w/mri/transforms/talairach.xfm
Orientation   : LIA
Primary Slice Direction: coronal

voxel to ras transform:
               -1.0000   0.0000   0.0000   126.7641
                0.0000  -0.0000   1.0000  -107.0336
                0.0000  -1.0000  -0.0000   128.4214
                0.0000   0.0000   0.0000     1.0000

voxel-to-ras determinant -1

ras to voxel transform:
               -1.0000  -0.0000  -0.0000   126.7641
               -0.0000  -0.0000  -1.0000   128.4214
               -0.0000   1.0000  -0.0000   107.0336
               -0.0000  -0.0000  -0.0000     1.0000
#--------------------------------------------
#@# Talairach Thu Sep 19 16:35:30 BST 2024
/rds/projects/q/quinna-camcan/cc700/mri/pipeline/release004/BIDS_20190411/anat/sub-CC110182_T1w/mri

 mri_nu_correct.mni --no-rescale --i orig.mgz --o orig_nu.mgz --ants-n4 --n 1 --proto-iters 1000 --distance 50 

/usr/bin/bc
/rds/projects/q/quinna-camcan/cc700/mri/pipeline/release004/BIDS_20190411/anat/sub-CC110182_T1w/mri
/rds/bear-apps/2022a/EL8-ice/software/FreeSurfer/7.4.1-centos8_x86_64/bin/mri_nu_correct.mni
--no-rescale --i orig.mgz --o orig_nu.mgz --ants-n4 --n 1 --proto-iters 1000 --distance 50
nIters 1
mri_nu_correct.mni 7.4.1
Linux bear-pg0210u35b.bear.cluster 4.18.0-372.32.1.el8_6.x86_64 #1 SMP Fri Oct 7 12:35:10 EDT 2022 x86_64 x86_64 x86_64 GNU/Linux
Thu Sep 19 16:35:30 BST 2024
tmpdir is ./tmp.mri_nu_correct.mni.1086798
cd /rds/projects/q/quinna-camcan/cc700/mri/pipeline/release004/BIDS_20190411/anat/sub-CC110182_T1w/mri
AntsN4BiasFieldCorrectionFs -i orig.mgz -o ./tmp.mri_nu_correct.mni.1086798/nu0.mgz --dtype uchar
AntsN4BiasFieldCorrectionFs done
mri_convert ./tmp.mri_nu_correct.mni.1086798/nu0.mgz orig_nu.mgz --like orig.mgz --conform
mri_convert ./tmp.mri_nu_correct.mni.1086798/nu0.mgz orig_nu.mgz --like orig.mgz --conform 
reading from ./tmp.mri_nu_correct.mni.1086798/nu0.mgz...
TR=0.00, TE=0.00, TI=0.00, flip angle=0.00
i_ras = (-1, 0, 0)
j_ras = (0, -3.63798e-12, -1)
k_ras = (0, 1, -1.81899e-12)
INFO: transform src into the like-volume: orig.mgz
writing to orig_nu.mgz...
 
 
Thu Sep 19 16:37:09 BST 2024
mri_nu_correct.mni done
@#@FSTIME  2024:09:19:16:35:30 mri_nu_correct.mni N 12 e 99.08 S 0.29 U 98.30 P 99% M 517284 F 0 R 31369 W 0 c 290 w 148 I 0 O 0 L 33.58 31.97 30.19
@#@FSLOADPOST 2024:09:19:16:37:09 mri_nu_correct.mni N 12 34.18 32.57 30.58

 talairach_avi --i orig_nu.mgz --xfm transforms/talairach.auto.xfm 

talairach_avi log file is transforms/talairach_avi.log...
mv -f /rds/projects/q/quinna-camcan/cc700/mri/pipeline/release004/BIDS_20190411/anat/sub-CC110182_T1w/mri/talsrcimg_to_711-2C_as_mni_average_305_t4_vox2vox.txt /rds/projects/q/quinna-camcan/cc700/mri/pipeline/release004/BIDS_20190411/anat/sub-CC110182_T1w/mri/transforms/talsrcimg_to_711-2C_as_mni_average_305_t4_vox2vox.txt
Started at Thu Sep 19 16:37:09 BST 2024
Ended   at Thu Sep 19 16:37:26 BST 2024
talairach_avi done
@#@FSTIME  2024:09:19:16:37:09 talairach_avi N 4 e 17.36 S 0.94 U 8.94 P 56% M 256068 F 0 R 38032 W 0 c 63 w 6668 I 0 O 32 L 34.18 32.57 30.58
@#@FSLOADPOST 2024:09:19:16:37:27 talairach_avi N 4 35.52 32.98 30.76

 cp transforms/talairach.auto.xfm transforms/talairach.xfm 

lta_convert --src orig.mgz --trg /rds/bear-apps/2022a/EL8-ice/software/FreeSurfer/7.4.1-centos8_x86_64/average/mni305.cor.mgz --inxfm transforms/talairach.xfm --outlta transforms/talairach.xfm.lta --subject fsaverage --ltavox2vox
7.4.1

--src: orig.mgz src image (geometry).
--trg: /rds/bear-apps/2022a/EL8-ice/software/FreeSurfer/7.4.1-centos8_x86_64/average/mni305.cor.mgz trg image (geometry).
--inmni: transforms/talairach.xfm input MNI/XFM transform.
--outlta: transforms/talairach.xfm.lta output LTA.
--s: fsaverage subject name
--ltavox2vox: output LTA as VOX_TO_VOX transform.
 LTA read, type : 1
 1.09797  -0.01594   0.04076   5.28384;
-0.03688   1.04361   0.21220  -33.27754;
-0.00430  -0.12776   1.12584   5.11578;
 0.00000   0.00000   0.00000   1.00000;
setting subject to fsaverage
Writing  LTA to file transforms/talairach.xfm.lta...
lta_convert successful.
/rds/projects/q/quinna-camcan/cc700/mri/pipeline/release004/BIDS_20190411/anat/sub-CC110182_T1w/mri/transforms /rds/projects/q/quinna-camcan/cc700/mri/pipeline/release004/BIDS_20190411/anat/sub-CC110182_T1w/mri 
/rds/projects/q/quinna-camcan/cc700/mri/pipeline/release004/BIDS_20190411/anat/sub-CC110182_T1w/mri 
#--------------------------------------------
#@# Nu Intensity Correction Thu Sep 19 16:37:29 BST 2024

 mri_nu_correct.mni --i orig.mgz --o nu.mgz --uchar transforms/talairach.xfm --n 2 --ants-n4 

/usr/bin/bc
/rds/projects/q/quinna-camcan/cc700/mri/pipeline/release004/BIDS_20190411/anat/sub-CC110182_T1w/mri
/rds/bear-apps/2022a/EL8-ice/software/FreeSurfer/7.4.1-centos8_x86_64/bin/mri_nu_correct.mni
--i orig.mgz --o nu.mgz --uchar transforms/talairach.xfm --n 2 --ants-n4
nIters 2
mri_nu_correct.mni 7.4.1
Linux bear-pg0210u35b.bear.cluster 4.18.0-372.32.1.el8_6.x86_64 #1 SMP Fri Oct 7 12:35:10 EDT 2022 x86_64 x86_64 x86_64 GNU/Linux
Thu Sep 19 16:37:29 BST 2024
tmpdir is ./tmp.mri_nu_correct.mni.1093489
cd /rds/projects/q/quinna-camcan/cc700/mri/pipeline/release004/BIDS_20190411/anat/sub-CC110182_T1w/mri
AntsN4BiasFieldCorrectionFs -i orig.mgz -o ./tmp.mri_nu_correct.mni.1093489/nu0.mgz --dtype uchar
AntsN4BiasFieldCorrectionFs done
mri_binarize --i ./tmp.mri_nu_correct.mni.1093489/nu0.mgz --min -1 --o ./tmp.mri_nu_correct.mni.1093489/ones.mgz

7.4.1
cwd /rds/projects/q/quinna-camcan/cc700/mri/pipeline/release004/BIDS_20190411/anat/sub-CC110182_T1w/mri
cmdline mri_binarize --i ./tmp.mri_nu_correct.mni.1093489/nu0.mgz --min -1 --o ./tmp.mri_nu_correct.mni.1093489/ones.mgz 
sysname  Linux
hostname bear-pg0210u35b.bear.cluster
machine  x86_64
user     ghafarit

input      ./tmp.mri_nu_correct.mni.1093489/nu0.mgz
frame      0
nErode3d   0
nErode2d   0
output     ./tmp.mri_nu_correct.mni.1093489/ones.mgz
Binarizing based on threshold
min        -1
max        +infinity
binval        1
binvalnot     0
fstart = 0, fend = 0, nframes = 1
Starting parallel 1
Found 16777216 values in range
Counting number of voxels in first frame
Found 16777215 voxels in final mask
Writing output to ./tmp.mri_nu_correct.mni.1093489/ones.mgz
Count: 16777215 16777215.000000 16777216 99.999994
mri_binarize done
mri_segstats --id 1 --seg ./tmp.mri_nu_correct.mni.1093489/ones.mgz --i orig.mgz --sum ./tmp.mri_nu_correct.mni.1093489/sum.junk --avgwf ./tmp.mri_nu_correct.mni.1093489/input.mean.dat

7.4.1
cwd 
cmdline mri_segstats --id 1 --seg ./tmp.mri_nu_correct.mni.1093489/ones.mgz --i orig.mgz --sum ./tmp.mri_nu_correct.mni.1093489/sum.junk --avgwf ./tmp.mri_nu_correct.mni.1093489/input.mean.dat 
sysname  Linux
hostname bear-pg0210u35b.bear.cluster
machine  x86_64
user     ghafarit
whitesurfname  white
UseRobust  0
Loading ./tmp.mri_nu_correct.mni.1093489/ones.mgz
Loading orig.mgz
Voxel Volume is 1 mm^3
Generating list of segmentation ids
Found   1 segmentations
Computing statistics for each segmentation

Reporting on   1 segmentations
Using PrintSegStat
Computing spatial average of each frame

Writing to ./tmp.mri_nu_correct.mni.1093489/input.mean.dat
mri_segstats done
mri_segstats --id 1 --seg ./tmp.mri_nu_correct.mni.1093489/ones.mgz --i ./tmp.mri_nu_correct.mni.1093489/nu0.mgz --sum ./tmp.mri_nu_correct.mni.1093489/sum.junk --avgwf ./tmp.mri_nu_correct.mni.1093489/output.mean.dat

7.4.1
cwd 
cmdline mri_segstats --id 1 --seg ./tmp.mri_nu_correct.mni.1093489/ones.mgz --i ./tmp.mri_nu_correct.mni.1093489/nu0.mgz --sum ./tmp.mri_nu_correct.mni.1093489/sum.junk --avgwf ./tmp.mri_nu_correct.mni.1093489/output.mean.dat 
sysname  Linux
hostname bear-pg0210u35b.bear.cluster
machine  x86_64
user     ghafarit
whitesurfname  white
UseRobust  0
Loading ./tmp.mri_nu_correct.mni.1093489/ones.mgz
Loading ./tmp.mri_nu_correct.mni.1093489/nu0.mgz
Voxel Volume is 1 mm^3
Generating list of segmentation ids
Found   1 segmentations
Computing statistics for each segmentation

Reporting on   1 segmentations
Using PrintSegStat
Computing spatial average of each frame

Writing to ./tmp.mri_nu_correct.mni.1093489/output.mean.dat
mri_segstats done
mris_calc -o ./tmp.mri_nu_correct.mni.1093489/nu0.mgz ./tmp.mri_nu_correct.mni.1093489/nu0.mgz mul 1.13853440459291324258
Saving result to './tmp.mri_nu_correct.mni.1093489/nu0.mgz' (type = MGH )                       [ ok ]
mri_convert ./tmp.mri_nu_correct.mni.1093489/nu0.mgz nu.mgz --like orig.mgz
mri_convert ./tmp.mri_nu_correct.mni.1093489/nu0.mgz nu.mgz --like orig.mgz 
reading from ./tmp.mri_nu_correct.mni.1093489/nu0.mgz...
TR=0.00, TE=0.00, TI=0.00, flip angle=0.00
i_ras = (-1, 0, 0)
j_ras = (0, -3.63798e-12, -1)
k_ras = (0, 1, -1.81899e-12)
INFO: transform src into the like-volume: orig.mgz
writing to nu.mgz...
mri_make_uchar nu.mgz transforms/talairach.xfm nu.mgz
type change took 0 minutes and 3 seconds.
FIRST_PERCENTILE 0.010000
WM_PERCENTILE    0.900000
MAX_R 50.000000
i1 = 2, i2 = 52
#mri_make_uchar# mapping  5 134 to  3 110  :  b -1.748 m 0.834318 : thresh 2.09513 maxsat 307.734 : nzero 12361359 nsat 0
 
 
Thu Sep 19 16:39:22 BST 2024
mri_nu_correct.mni done
@#@FSTIME  2024:09:19:16:37:29 mri_nu_correct.mni N 9 e 112.95 S 0.73 U 110.72 P 98% M 612052 F 0 R 175723 W 0 c 357 w 982 I 0 O 0 L 35.52 32.98 30.76
@#@FSLOADPOST 2024:09:19:16:39:22 mri_nu_correct.mni N 9 38.91 35.23 31.85

 mri_add_xform_to_header -c /rds/projects/q/quinna-camcan/cc700/mri/pipeline/release004/BIDS_20190411/anat/sub-CC110182_T1w/mri/transforms/talairach.xfm nu.mgz nu.mgz 

INFO: extension is mgz
@#@FSTIME  2024:09:19:16:39:22 mri_add_xform_to_header N 4 e 0.39 S 0.01 U 0.34 P 91% M 21460 F 0 R 1310 W 0 c 3 w 18 I 0 O 0 L 38.91 35.23 31.85
@#@FSLOADPOST 2024:09:19:16:39:22 mri_add_xform_to_header N 4 38.91 35.23 31.85
#--------------------------------------------
#@# Intensity Normalization Thu Sep 19 16:39:23 BST 2024
/rds/projects/q/quinna-camcan/cc700/mri/pipeline/release004/BIDS_20190411/anat/sub-CC110182_T1w/mri

 mri_normalize -g 1 -seed 1234 -mprage nu.mgz T1.mgz 

using max gradient = 1.000
setting seed for random number genererator to 1234
assuming input volume is MGH (Van der Kouwe) MP-RAGE
reading mri_src from nu.mgz...
normalizing image...
NOT doing gentle normalization with control points/label
talairach transform
 1.09797  -0.01594   0.04076   5.28384;
-0.03688   1.04361   0.21220  -33.27754;
-0.00430  -0.12776   1.12584   5.11578;
 0.00000   0.00000   0.00000   1.00000;
processing without aseg, no1d=0
MRInormInit(): 
INFO: Modifying talairach volume c_(r,a,s) based on average_305
MRInormalize(): 
MRIsplineNormalize(): npeaks = 16
Starting OpenSpline(): npoints = 16
building Voronoi diagram...
performing soap bubble smoothing, sigma = 8...

Iterating 2 times
---------------------------------
3d normalization pass 1 of 2
white matter peak found at 110
white matter peak found at 110
gm peak at 80 (80), valley at 53 (53)
csf peak at 31, setting threshold to 63
building Voronoi diagram...
performing soap bubble smoothing, sigma = 8...
---------------------------------
3d normalization pass 2 of 2
white matter peak found at 110
white matter peak found at 110
gm peak at 81 (81), valley at 53 (53)
csf peak at 32, setting threshold to 64
building Voronoi diagram...
performing soap bubble smoothing, sigma = 8...
Done iterating ---------------------------------
writing output to T1.mgz
3D bias adjustment took 1 minutes and 4 seconds.
@#@FSTIME  2024:09:19:16:39:23 mri_normalize N 7 e 64.04 S 0.11 U 63.72 P 99% M 584004 F 0 R 16472 W 0 c 197 w 19 I 0 O 0 L 38.91 35.23 31.85
@#@FSLOADPOST 2024:09:19:16:40:27 mri_normalize N 7 37.11 35.51 32.18
#--------------------------------------------
#@# Skull Stripping Thu Sep 19 16:40:27 BST 2024
/rds/projects/q/quinna-camcan/cc700/mri/pipeline/release004/BIDS_20190411/anat/sub-CC110182_T1w/mri

 mri_em_register -skull nu.mgz /rds/bear-apps/2022a/EL8-ice/software/FreeSurfer/7.4.1-centos8_x86_64/average/RB_all_withskull_2020_01_02.gca transforms/talairach_with_skull.lta 

aligning to atlas containing skull, setting unknown_nbr_spacing = 5

== Number of threads available to mri_em_register for OpenMP = 1 == 
reading 1 input volumes...
logging results to talairach_with_skull.log
reading '/rds/bear-apps/2022a/EL8-ice/software/FreeSurfer/7.4.1-centos8_x86_64/average/RB_all_withskull_2020_01_02.gca'...
GCAread took 0 minutes and 1 seconds.
average std = 23.0   using min determinant for regularization = 52.8
0 singular and 9205 ill-conditioned covariance matrices regularized
reading 'nu.mgz'...
freeing gibbs priors...done.
accounting for voxel sizes in initial transform
bounding unknown intensity as < 8.9 or > 556.0 
total sample mean = 77.3 (1403 zeros)
************************************************
spacing=8, using 3292 sample points, tol=1.00e-05...
************************************************
register_mri: find_optimal_transform
find_optimal_transform: nsamples 3292, passno 0, spacing 8
resetting wm mean[0]: 100 --> 108
resetting gm mean[0]: 61 --> 61
input volume #1 is the most T1-like
using real data threshold=6.0
skull bounding box = (54, 49, 28) --> (208, 255, 220)
finding center of left hemi white matter
using (105, 118, 124) as brain centroid of Right_Cerebral_White_Matter...
MRImask(): AllowDiffGeom = 1
mean wm in atlas = 108, using box (86,93,100) --> (123, 143,147) to find MRI wm
before smoothing, mri peak at 107
robust fit to distribution - 108 +- 4.2
after smoothing, mri peak at 108, scaling input intensities by 1.000
scaling channel 0 by 1
initial log_p = -4.537
************************************************
First Search limited to translation only.
************************************************
max log p =    -4.443640 @ (-10.526, -10.526, -10.526)
max log p =    -4.352680 @ (5.263, 5.263, -5.263)
max log p =    -4.352680 @ (0.000, 0.000, 0.000)
max log p =    -4.340194 @ (1.316, -1.316, 9.211)
max log p =    -4.316610 @ (-0.658, 0.658, -1.974)
max log p =    -4.316610 @ (0.000, 0.000, 0.000)
max log p =    -4.316610 @ (0.000, 0.000, 0.000)
max log p =    -4.316610 @ (0.000, 0.000, 0.000)
Found translation: (-4.6, -5.9, -8.6): log p = -4.317
****************************************
Nine parameter search.  iteration 0 nscales = 0 ...
****************************************
Result so far: scale 1.000: max_log_p=-4.050, old_max_log_p =-4.317 (thresh=-4.3)
 1.06375   0.00000   0.00000  -12.87413;
 0.00000   1.14016   0.15011  -42.68203;
 0.00000  -0.13885   1.05465  -0.79786;
 0.00000   0.00000   0.00000   1.00000;
iteration took 1 minutes and 1 seconds.
****************************************
Nine parameter search.  iteration 1 nscales = 0 ...
****************************************
Result so far: scale 1.000: max_log_p=-4.050, old_max_log_p =-4.050 (thresh=-4.0)
 1.06375   0.00000   0.00000  -12.87413;
 0.00000   1.14016   0.15011  -42.68203;
 0.00000  -0.13885   1.05465  -0.79786;
 0.00000   0.00000   0.00000   1.00000;
reducing scale to 0.2500
iteration took 0 minutes and 59 seconds.
****************************************
Nine parameter search.  iteration 2 nscales = 1 ...
****************************************
Result so far: scale 0.250: max_log_p=-3.979, old_max_log_p =-4.050 (thresh=-4.0)
 1.08186   0.03241   0.03755  -24.77235;
-0.03676   1.19899   0.19476  -48.25794;
-0.03367  -0.17983   1.04811   10.23340;
 0.00000   0.00000   0.00000   1.00000;
iteration took 0 minutes and 50 seconds.
****************************************
Nine parameter search.  iteration 3 nscales = 1 ...
****************************************
Result so far: scale 0.250: max_log_p=-3.979, old_max_log_p =-3.979 (thresh=-4.0)
 1.08186   0.03241   0.03755  -24.77235;
-0.03676   1.19899   0.19476  -48.25794;
-0.03367  -0.17983   1.04811   10.23340;
 0.00000   0.00000   0.00000   1.00000;
reducing scale to 0.0625
iteration took 0 minutes and 49 seconds.
****************************************
Nine parameter search.  iteration 4 nscales = 2 ...
****************************************
Result so far: scale 0.062: max_log_p=-3.966, old_max_log_p =-3.979 (thresh=-4.0)
 1.08666   0.00596   0.01566  -19.83129;
-0.01017   1.19804   0.19526  -51.64818;
-0.01600  -0.18002   1.05098   7.11974;
 0.00000   0.00000   0.00000   1.00000;
iteration took 0 minutes and 42 seconds.
****************************************
Nine parameter search.  iteration 5 nscales = 2 ...
****************************************
Result so far: scale 0.062: max_log_p=-3.966, old_max_log_p =-3.966 (thresh=-4.0)
 1.08666   0.00596   0.01566  -19.83129;
-0.01017   1.19804   0.19526  -51.64818;
-0.01600  -0.18002   1.05098   7.11974;
 0.00000   0.00000   0.00000   1.00000;
min search scale 0.025000 reached
***********************************************
Computing MAP estimate using 3292 samples...
***********************************************
dt = 5.00e-06, momentum=0.80, tol=1.00e-05
l_intensity = 1.0000
Aligning input volume to GCA...
Transform matrix
 1.08666   0.00596   0.01566  -19.83129;
-0.01017   1.19804   0.19526  -51.64818;
-0.01600  -0.18002   1.05098   7.11974;
 0.00000   0.00000   0.00000   1.00000;
nsamples 3292
Quasinewton: input matrix
 1.08666   0.00596   0.01566  -19.83129;
-0.01017   1.19804   0.19526  -51.64818;
-0.01600  -0.18002   1.05098   7.11974;
 0.00000   0.00000   0.00000   1.00000;
 IFLAG= -1  LINE SEARCH FAILED. SEE DOCUMENTATION OF ROUTINE MCSRCH ERROR RETURN OF LINE SEARCH: INFO= 3 POSSIBLE CAUSES: FUNCTION OR GRADIENT ARE INCORRECT OR INCORRECT TOLERANCESoutof QuasiNewtonEMA: 008: -log(p) =   -0.0  tol 0.000010
Resulting transform:
 1.08666   0.00596   0.01566  -19.83129;
-0.01017   1.19804   0.19526  -51.64818;
-0.01600  -0.18002   1.05098   7.11974;
 0.00000   0.00000   0.00000   1.00000;

pass 1, spacing 8: log(p) = -3.966 (old=-4.537)
transform before final EM align:
 1.08666   0.00596   0.01566  -19.83129;
-0.01017   1.19804   0.19526  -51.64818;
-0.01600  -0.18002   1.05098   7.11974;
 0.00000   0.00000   0.00000   1.00000;

**************************************************
 EM alignment process ...
 Computing final MAP estimate using 364986 samples. 
**************************************************
dt = 5.00e-06, momentum=0.80, tol=1.00e-07
l_intensity = 1.0000
Aligning input volume to GCA...
Transform matrix
 1.08666   0.00596   0.01566  -19.83129;
-0.01017   1.19804   0.19526  -51.64818;
-0.01600  -0.18002   1.05098   7.11974;
 0.00000   0.00000   0.00000   1.00000;
nsamples 364986
Quasinewton: input matrix
 1.08666   0.00596   0.01566  -19.83129;
-0.01017   1.19804   0.19526  -51.64818;
-0.01600  -0.18002   1.05098   7.11974;
 0.00000   0.00000   0.00000   1.00000;
 IFLAG= -1  LINE SEARCH FAILED. SEE DOCUMENTATION OF ROUTINE MCSRCH ERROR RETURN OF LINE SEARCH: INFO= 6 POSSIBLE CAUSES: FUNCTION OR GRADIENT ARE INCORRECT OR INCORRECT TOLERANCESoutof QuasiNewtonEMA: 010: -log(p) =    4.3  tol 0.000000
final transform:
 1.08666   0.00596   0.01566  -19.83129;
-0.01017   1.19804   0.19526  -51.64818;
-0.01600  -0.18002   1.05098   7.11974;
 0.00000   0.00000   0.00000   1.00000;

writing output transformation to transforms/talairach_with_skull.lta...
#VMPC# mri_em_register VmPeak  796884
FSRUNTIME@ mri_em_register  0.0954 hours 1 threads
registration took 5 minutes and 44 seconds.
@#@FSTIME  2024:09:19:16:40:27 mri_em_register N 4 e 343.65 S 0.55 U 341.99 P 99% M 627412 F 0 R 116900 W 0 c 902 w 24 I 0 O 0 L 37.11 35.51 32.18
@#@FSLOADPOST 2024:09:19:16:46:11 mri_em_register N 4 36.77 36.68 33.79

 mri_watershed -T1 -brain_atlas /rds/bear-apps/2022a/EL8-ice/software/FreeSurfer/7.4.1-centos8_x86_64/average/RB_all_withskull_2020_01_02.gca transforms/talairach_with_skull.lta T1.mgz brainmask.auto.mgz 


Mode:          T1 normalized volume
Mode:          Use the information of atlas (default parms, --help for details)

*********************************************************
The input file is T1.mgz
The output file is brainmask.auto.mgz
Weighting the input with atlas information before watershed

*************************WATERSHED**************************
Sorting...
      first estimation of the COG coord: x=132 y=121 z=123 r=73
      first estimation of the main basin volume: 1639433 voxels
      Looking for seedpoints 
        2 found in the cerebellum 
        15 found in the rest of the brain 
      global maximum in x=114, y=105, z=89, Imax=255
      CSF=17, WM_intensity=110, WM_VARIANCE=5
      WM_MIN=110, WM_HALF_MIN=110, WM_HALF_MAX=110, WM_MAX=110 
      preflooding height equal to 10 percent
done.
Analyze...

      main basin size=8085836267 voxels, voxel volume =1.000 
                     = 8085836267 mmm3 = 8085836.288 cm3
done.
PostAnalyze...Basin Prior
 8 basins merged thanks to atlas 
      ***** 0 basin(s) merged in 1 iteration(s)
      ***** 0 voxel(s) added to the main basin
done.
Weighting the input with prior template 

****************TEMPLATE DEFORMATION****************

      second estimation of the COG coord: x=131,y=125, z=117, r=9251 iterations
^^^^^^^^ couldn't find WM with original limits - expanding ^^^^^^

   GLOBAL      CSF_MIN=0, CSF_intensity=9, CSF_MAX=41 , nb = 44964
  RIGHT_CER    CSF_MIN=0, CSF_intensity=5, CSF_MAX=21 , nb = 3384
  LEFT_CER     CSF_MIN=0, CSF_intensity=4, CSF_MAX=17 , nb = 2772
 RIGHT_BRAIN   CSF_MIN=0, CSF_intensity=9, CSF_MAX=41 , nb = 18612
 LEFT_BRAIN    CSF_MIN=0, CSF_intensity=9, CSF_MAX=38 , nb = 19584
    OTHER      CSF_MIN=0, CSF_intensity=30, CSF_MAX=52 , nb = 612
 Problem with the least square interpolation in GM_MIN calculation.
   
                     CSF_MAX  TRANSITION  GM_MIN  GM
    GLOBAL     
  before analyzing :    41,      47,        53,   76
  after  analyzing :    41,      51,        53,   57
   RIGHT_CER   
  before analyzing :    21,      29,        50,   87
  after  analyzing :    21,      43,        50,   54
   LEFT_CER    
  before analyzing :    17,      26,        55,   92
  after  analyzing :    17,      45,        55,   56
  RIGHT_BRAIN  
  before analyzing :    41,      47,        52,   76
  after  analyzing :    41,      50,        52,   56
  LEFT_BRAIN   
  before analyzing :    38,      47,        55,   76
  after  analyzing :    38,      52,        55,   58
     OTHER     
  before analyzing :    52,      65,        76,   94
  after  analyzing :    52,      72,        76,   77
      mri_strip_skull: done peeling brain
      highly tesselated surface with 10242 vertices
      matching...66 iterations

*********************VALIDATION*********************
curvature mean = -0.013, std = 0.012
curvature mean = 66.843, std = 7.689

No Rigid alignment: -atlas Mode Off (basic atlas / no registration)
      before rotation: sse = 1.91, sigma = 2.72
      after  rotation: sse = 1.91, sigma = 2.72
Localization of inacurate regions: Erosion-Dilation steps
      the sse mean is  1.93, its var is  2.19   
      before Erosion-Dilatation  0.02% of inacurate vertices
      after  Erosion-Dilatation  0.00% of inacurate vertices
      Validation of the shape of the surface done.
Scaling of atlas fields onto current surface fields

********FINAL ITERATIVE TEMPLATE DEFORMATION********
Compute Local values csf/gray
Fine Segmentation...51 iterations

      mri_strip_skull: done peeling brain

Brain Size = 1513267 voxels, voxel volume = 1.000 mm3
           = 1513267 mmm3 = 1513.267 cm3


******************************
Saving brainmask.auto.mgz
done
mri_watershed done
@#@FSTIME  2024:09:19:16:46:11 mri_watershed N 6 e 9.73 S 0.25 U 9.33 P 98% M 807048 F 0 R 186381 W 0 c 53 w 39 I 0 O 0 L 36.77 36.68 33.79
@#@FSLOADPOST 2024:09:19:16:46:20 mri_watershed N 6 36.81 36.69 33.82

 cp brainmask.auto.mgz brainmask.mgz 

#-------------------------------------
#@# EM Registration Thu Sep 19 16:46:22 BST 2024
/rds/projects/q/quinna-camcan/cc700/mri/pipeline/release004/BIDS_20190411/anat/sub-CC110182_T1w/mri

 mri_em_register -uns 3 -mask brainmask.mgz nu.mgz /rds/bear-apps/2022a/EL8-ice/software/FreeSurfer/7.4.1-centos8_x86_64/average/RB_all_2020-01-02.gca transforms/talairach.lta 

setting unknown_nbr_spacing = 3
using MR volume brainmask.mgz to mask input volume...

== Number of threads available to mri_em_register for OpenMP = 1 == 
reading 1 input volumes...
logging results to talairach.log
reading '/rds/bear-apps/2022a/EL8-ice/software/FreeSurfer/7.4.1-centos8_x86_64/average/RB_all_2020-01-02.gca'...
GCAread took 0 minutes and 1 seconds.
average std = 7.2   using min determinant for regularization = 5.2
0 singular and 884 ill-conditioned covariance matrices regularized
reading 'nu.mgz'...
MRImask(): AllowDiffGeom = 1
MRImask(): AllowDiffGeom = 1
MRImask(): AllowDiffGeom = 1
MRImask(): AllowDiffGeom = 1
MRImask(): AllowDiffGeom = 1
freeing gibbs priors...done.
accounting for voxel sizes in initial transform
bounding unknown intensity as < 5.9 or > 519.0 
total sample mean = 79.1 (1017 zeros)
************************************************
spacing=8, using 2841 sample points, tol=1.00e-05...
************************************************
register_mri: find_optimal_transform
find_optimal_transform: nsamples 2841, passno 0, spacing 8
resetting wm mean[0]: 98 --> 107
resetting gm mean[0]: 61 --> 61
input volume #1 is the most T1-like
using real data threshold=27.9
skull bounding box = (67, 67, 43) --> (194, 191, 204)
finding center of left hemi white matter
using (109, 108, 124) as brain centroid of Right_Cerebral_White_Matter...
MRImask(): AllowDiffGeom = 1
mean wm in atlas = 107, using box (93,93,104) --> (124, 123,143) to find MRI wm
before smoothing, mri peak at 107
robust fit to distribution - 108 +- 3.9
after smoothing, mri peak at 108, scaling input intensities by 0.991
scaling channel 0 by 0.990741
initial log_p = -4.138
************************************************
First Search limited to translation only.
************************************************
max log p =    -3.887607 @ (-10.526, -10.526, -10.526)
max log p =    -3.818494 @ (5.263, 5.263, -5.263)
max log p =    -3.754854 @ (2.632, -2.632, 2.632)
max log p =    -3.747360 @ (-1.316, -1.316, -1.316)
max log p =    -3.726487 @ (-0.658, 0.658, -0.658)
max log p =    -3.726487 @ (0.000, 0.000, 0.000)
max log p =    -3.726487 @ (0.000, 0.000, 0.000)
max log p =    -3.726487 @ (0.000, 0.000, 0.000)
Found translation: (-4.6, -8.6, -15.1): log p = -3.726
****************************************
Nine parameter search.  iteration 0 nscales = 0 ...
****************************************
Result so far: scale 1.000: max_log_p=-3.591, old_max_log_p =-3.726 (thresh=-3.7)
 0.99144   0.14882   0.01704  -24.56062;
-0.14032   1.21519   0.13912  -26.89508;
 0.00000  -0.15011   0.99144   12.58963;
 0.00000   0.00000   0.00000   1.00000;
iteration took 0 minutes and 49 seconds.
****************************************
Nine parameter search.  iteration 1 nscales = 0 ...
****************************************
Result so far: scale 1.000: max_log_p=-3.586, old_max_log_p =-3.591 (thresh=-3.6)
 0.99144   0.14882   0.01704  -24.56062;
-0.12979   1.12405   0.12868  -15.93118;
 0.00000  -0.15011   0.99144   12.58963;
 0.00000   0.00000   0.00000   1.00000;
iteration took 0 minutes and 48 seconds.
****************************************
Nine parameter search.  iteration 2 nscales = 0 ...
****************************************
Result so far: scale 1.000: max_log_p=-3.582, old_max_log_p =-3.586 (thresh=-3.6)
 0.99144   0.14882   0.01704  -24.56062;
-0.13953   1.20835   0.13833  -26.07280;
 0.00000  -0.15011   0.99144   12.58963;
 0.00000   0.00000   0.00000   1.00000;
iteration took 0 minutes and 46 seconds.
****************************************
Nine parameter search.  iteration 3 nscales = 0 ...
****************************************
Result so far: scale 1.000: max_log_p=-3.582, old_max_log_p =-3.582 (thresh=-3.6)
 0.99144   0.14882   0.01704  -24.56062;
-0.13953   1.20835   0.13833  -26.07280;
 0.00000  -0.15011   0.99144   12.58963;
 0.00000   0.00000   0.00000   1.00000;
reducing scale to 0.2500
iteration took 0 minutes and 47 seconds.
****************************************
Nine parameter search.  iteration 4 nscales = 1 ...
****************************************
Result so far: scale 0.250: max_log_p=-3.457, old_max_log_p =-3.582 (thresh=-3.6)
 1.03244   0.10519   0.04626  -28.15423;
-0.10345   1.14522   0.13001  -25.83651;
-0.03389  -0.15801   1.02780   8.34146;
 0.00000   0.00000   0.00000   1.00000;
iteration took 0 minutes and 45 seconds.
****************************************
Nine parameter search.  iteration 5 nscales = 1 ...
****************************************
Result so far: scale 0.250: max_log_p=-3.457, old_max_log_p =-3.457 (thresh=-3.5)
 1.03244   0.10519   0.04626  -28.15423;
-0.10345   1.14522   0.13001  -25.83651;
-0.03389  -0.15801   1.02780   8.34146;
 0.00000   0.00000   0.00000   1.00000;
reducing scale to 0.0625
iteration took 0 minutes and 46 seconds.
****************************************
Nine parameter search.  iteration 6 nscales = 2 ...
****************************************
Result so far: scale 0.062: max_log_p=-3.423, old_max_log_p =-3.457 (thresh=-3.5)
 1.03041   0.10781   0.02941  -27.16216;
-0.10375   1.13980   0.14646  -26.12415;
-0.01528  -0.17478   1.02495   9.72786;
 0.00000   0.00000   0.00000   1.00000;
iteration took 0 minutes and 39 seconds.
****************************************
Nine parameter search.  iteration 7 nscales = 2 ...
****************************************
Result so far: scale 0.062: max_log_p=-3.423, old_max_log_p =-3.423 (thresh=-3.4)
 1.03041   0.10781   0.02941  -27.16216;
-0.10375   1.13980   0.14646  -26.12415;
-0.01528  -0.17478   1.02495   9.72786;
 0.00000   0.00000   0.00000   1.00000;
min search scale 0.025000 reached
***********************************************
Computing MAP estimate using 2841 samples...
***********************************************
dt = 5.00e-06, momentum=0.80, tol=1.00e-05
l_intensity = 1.0000
Aligning input volume to GCA...
Transform matrix
 1.03041   0.10781   0.02941  -27.16216;
-0.10375   1.13980   0.14646  -26.12415;
-0.01528  -0.17478   1.02495   9.72786;
 0.00000   0.00000   0.00000   1.00000;
nsamples 2841
Quasinewton: input matrix
 1.03041   0.10781   0.02941  -27.16216;
-0.10375   1.13980   0.14646  -26.12415;
-0.01528  -0.17478   1.02495   9.72786;
 0.00000   0.00000   0.00000   1.00000;
 IFLAG= -1  LINE SEARCH FAILED. SEE DOCUMENTATION OF ROUTINE MCSRCH ERROR RETURN OF LINE SEARCH: INFO= 3 POSSIBLE CAUSES: FUNCTION OR GRADIENT ARE INCORRECT OR INCORRECT TOLERANCESoutof QuasiNewtonEMA: 010: -log(p) =   -0.0  tol 0.000010
Resulting transform:
 1.03041   0.10781   0.02941  -27.16216;
-0.10375   1.13980   0.14646  -26.12415;
-0.01528  -0.17478   1.02495   9.72786;
 0.00000   0.00000   0.00000   1.00000;

pass 1, spacing 8: log(p) = -3.423 (old=-4.138)
transform before final EM align:
 1.03041   0.10781   0.02941  -27.16216;
-0.10375   1.13980   0.14646  -26.12415;
-0.01528  -0.17478   1.02495   9.72786;
 0.00000   0.00000   0.00000   1.00000;

**************************************************
 EM alignment process ...
 Computing final MAP estimate using 315638 samples. 
**************************************************
dt = 5.00e-06, momentum=0.80, tol=1.00e-07
l_intensity = 1.0000
Aligning input volume to GCA...
Transform matrix
 1.03041   0.10781   0.02941  -27.16216;
-0.10375   1.13980   0.14646  -26.12415;
-0.01528  -0.17478   1.02495   9.72786;
 0.00000   0.00000   0.00000   1.00000;
nsamples 315638
Quasinewton: input matrix
 1.03041   0.10781   0.02941  -27.16216;
-0.10375   1.13980   0.14646  -26.12415;
-0.01528  -0.17478   1.02495   9.72786;
 0.00000   0.00000   0.00000   1.00000;
 IFLAG= -1  LINE SEARCH FAILED. SEE DOCUMENTATION OF ROUTINE MCSRCH ERROR RETURN OF LINE SEARCH: INFO= 3 POSSIBLE CAUSES: FUNCTION OR GRADIENT ARE INCORRECT OR INCORRECT TOLERANCESoutof QuasiNewtonEMA: 012: -log(p) =    3.9  tol 0.000000
final transform:
 1.03041   0.10781   0.02941  -27.16216;
-0.10375   1.13980   0.14646  -26.12415;
-0.01528  -0.17478   1.02495   9.72786;
 0.00000   0.00000   0.00000   1.00000;

writing output transformation to transforms/talairach.lta...
#VMPC# mri_em_register VmPeak  784332
FSRUNTIME@ mri_em_register  0.1109 hours 1 threads
registration took 6 minutes and 39 seconds.
@#@FSTIME  2024:09:19:16:46:22 mri_em_register N 7 e 399.20 S 0.61 U 397.43 P 99% M 614688 F 0 R 115956 W 0 c 1022 w 22 I 0 O 0 L 36.81 36.69 33.82
@#@FSLOADPOST 2024:09:19:16:53:01 mri_em_register N 7 38.44 37.60 35.25
#--------------------------------------
#@# CA Normalize Thu Sep 19 16:53:01 BST 2024
/rds/projects/q/quinna-camcan/cc700/mri/pipeline/release004/BIDS_20190411/anat/sub-CC110182_T1w/mri

 mri_ca_normalize -c ctrl_pts.mgz -mask brainmask.mgz nu.mgz /rds/bear-apps/2022a/EL8-ice/software/FreeSurfer/7.4.1-centos8_x86_64/average/RB_all_2020-01-02.gca transforms/talairach.lta norm.mgz 

writing control point volume to ctrl_pts.mgz
using MR volume brainmask.mgz to mask input volume...
reading 1 input volume
reading atlas from '/rds/bear-apps/2022a/EL8-ice/software/FreeSurfer/7.4.1-centos8_x86_64/average/RB_all_2020-01-02.gca'...
reading transform from 'transforms/talairach.lta'...
reading input volume from nu.mgz...
resetting wm mean[0]: 98 --> 107
resetting gm mean[0]: 61 --> 61
input volume #1 is the most T1-like
using real data threshold=27.9
skull bounding box = (67, 67, 43) --> (194, 191, 204)
finding center of left hemi white matter
using (109, 108, 124) as brain centroid of Right_Cerebral_White_Matter...
mean wm in atlas = 107, using box (93,93,104) --> (124, 123,143) to find MRI wm
before smoothing, mri peak at 107
robust fit to distribution - 108 +- 3.9
after smoothing, mri peak at 108, scaling input intensities by 0.991
scaling channel 0 by 0.990741
using 246437 sample points...
INFO: compute sample coordinates transform
 1.03041   0.10781   0.02941  -27.16216;
-0.10375   1.13980   0.14646  -26.12415;
-0.01528  -0.17478   1.02495   9.72786;
 0.00000   0.00000   0.00000   1.00000;
INFO: transform used
finding control points in Left_Cerebral_White_Matter....
found 40230 control points for structure...
bounding box (131, 68, 42) --> (198, 169, 203)
Left_Cerebral_White_Matter: limiting intensities to 97.0 --> 132.0
1 of 6699 (0.0%) samples deleted
finding control points in Right_Cerebral_White_Matter....
found 39478 control points for structure...
bounding box (69, 67, 40) --> (136, 164, 203)
Right_Cerebral_White_Matter: limiting intensities to 97.0 --> 132.0
13 of 5825 (0.2%) samples deleted
finding control points in Left_Cerebellum_White_Matter....
found 3105 control points for structure...
bounding box (131, 141, 68) --> (176, 184, 121)
Left_Cerebellum_White_Matter: limiting intensities to 88.0 --> 132.0
3 of 75 (4.0%) samples deleted
finding control points in Right_Cerebellum_White_Matter....
found 2710 control points for structure...
bounding box (85, 141, 65) --> (131, 178, 121)
Right_Cerebellum_White_Matter: limiting intensities to 88.0 --> 132.0
17 of 72 (23.6%) samples deleted
finding control points in Brain_Stem....
found 3475 control points for structure...
bounding box (113, 134, 103) --> (147, 194, 131)
Brain_Stem: limiting intensities to 88.0 --> 132.0
44 of 141 (31.2%) samples deleted
using 12812 total control points for intensity normalization...
bias field = 0.985 +- 0.035
50 of 12734 control points discarded
finding control points in Left_Cerebral_White_Matter....
found 40230 control points for structure...
bounding box (131, 68, 42) --> (198, 169, 203)
Left_Cerebral_White_Matter: limiting intensities to 92.0 --> 132.0
3 of 6945 (0.0%) samples deleted
finding control points in Right_Cerebral_White_Matter....
found 39478 control points for structure...
bounding box (69, 67, 40) --> (136, 164, 203)
Right_Cerebral_White_Matter: limiting intensities to 91.0 --> 132.0
10 of 6020 (0.2%) samples deleted
finding control points in Left_Cerebellum_White_Matter....
found 3105 control points for structure...
bounding box (131, 141, 68) --> (176, 184, 121)
Left_Cerebellum_White_Matter: limiting intensities to 88.0 --> 132.0
58 of 131 (44.3%) samples deleted
finding control points in Right_Cerebellum_White_Matter....
found 2710 control points for structure...
bounding box (85, 141, 65) --> (131, 178, 121)
Right_Cerebellum_White_Matter: limiting intensities to 88.0 --> 132.0
114 of 123 (92.7%) samples deleted
finding control points in Brain_Stem....
found 3475 control points for structure...
bounding box (113, 134, 103) --> (147, 194, 131)
Brain_Stem: limiting intensities to 88.0 --> 132.0
163 of 182 (89.6%) samples deleted
using 13401 total control points for intensity normalization...
bias field = 1.034 +- 0.034
28 of 12997 control points discarded
finding control points in Left_Cerebral_White_Matter....
found 40230 control points for structure...
bounding box (131, 68, 42) --> (198, 169, 203)
Left_Cerebral_White_Matter: limiting intensities to 93.0 --> 132.0
3 of 6969 (0.0%) samples deleted
finding control points in Right_Cerebral_White_Matter....
found 39478 control points for structure...
bounding box (69, 67, 40) --> (136, 164, 203)
Right_Cerebral_White_Matter: limiting intensities to 90.0 --> 132.0
9 of 6091 (0.1%) samples deleted
finding control points in Left_Cerebellum_White_Matter....
found 3105 control points for structure...
bounding box (131, 141, 68) --> (176, 184, 121)
Left_Cerebellum_White_Matter: limiting intensities to 88.0 --> 132.0
133 of 204 (65.2%) samples deleted
finding control points in Right_Cerebellum_White_Matter....
found 2710 control points for structure...
bounding box (85, 141, 65) --> (131, 178, 121)
Right_Cerebellum_White_Matter: limiting intensities to 88.0 --> 132.0
191 of 193 (99.0%) samples deleted
finding control points in Brain_Stem....
found 3475 control points for structure...
bounding box (113, 134, 103) --> (147, 194, 131)
Brain_Stem: limiting intensities to 88.0 --> 132.0
242 of 256 (94.5%) samples deleted
using 13713 total control points for intensity normalization...
bias field = 1.028 +- 0.034
18 of 12975 control points discarded
writing normalized volume to norm.mgz...
writing control points to ctrl_pts.mgz
freeing GCA...done.
normalization took 0 minutes and 36 seconds.
@#@FSTIME  2024:09:19:16:53:01 mri_ca_normalize N 8 e 35.62 S 0.27 U 35.23 P 99% M 909140 F 0 R 137778 W 0 c 135 w 34 I 0 O 0 L 38.44 37.60 35.25
@#@FSLOADPOST 2024:09:19:16:53:37 mri_ca_normalize N 8 37.91 37.56 35.32
#--------------------------------------
#@# CA Reg Thu Sep 19 16:53:37 BST 2024
/rds/projects/q/quinna-camcan/cc700/mri/pipeline/release004/BIDS_20190411/anat/sub-CC110182_T1w/mri

 mri_ca_register -nobigventricles -T transforms/talairach.lta -align-after -mask brainmask.mgz norm.mgz /rds/bear-apps/2022a/EL8-ice/software/FreeSurfer/7.4.1-centos8_x86_64/average/RB_all_2020-01-02.gca transforms/talairach.m3z 

not handling expanded ventricles...
using previously computed transform transforms/talairach.lta
renormalizing sequences with structure alignment, equivalent to:
	-renormalize
	-regularize_mean 0.500
	-regularize 0.500
using MR volume brainmask.mgz to mask input volume...

== Number of threads available to mri_ca_register for OpenMP = 1 == 
reading 1 input volumes...
logging results to talairach.log
reading input volume 'norm.mgz'...
reading GCA '/rds/bear-apps/2022a/EL8-ice/software/FreeSurfer/7.4.1-centos8_x86_64/average/RB_all_2020-01-02.gca'...
label assignment complete, 0 changed (0.00%)
freeing gibbs priors...done.
average std[0] = 5.0
Starting GCAMregister()
label assignment complete, 0 changed (0.00%)
npasses = 1, nlevels = 6
#pass# 1 of 1 ************************
enabling zero nodes
setting smoothness cost coefficient to 0.156

#GCAMreg# pass 0 level1 5 level2 0 tsec 0 sigma 2
l_jacobian=1.00 l_label=1.00 l_log_likelihood=0.20 l_smoothness=0.16 
tol=2.50e-01, dt=5.00e-02, exp_k=20.0, momentum=0.90, levels=6, niter=500, lbl_dist=10.00, avgs=256, sigma=2.0,type=2, relabel=0, neg=no

blurring input image with Gaussian with sigma=2.000...
GCAMRegisterLevel(): init RMS 0.84061

























#GCAMreg# pass 0 level1 5 level2 1 tsec 219.659 sigma 0.5
l_jacobian=1.00 l_label=1.00 l_log_likelihood=0.20 l_smoothness=0.16 
tol=2.50e-01, dt=5.00e-02, exp_k=20.0, momentum=0.90, levels=6, niter=500, lbl_dist=10.00, avgs=256, sigma=0.5,type=2, relabel=0, neg=no

blurring input image with Gaussian with sigma=0.500...
GCAMRegisterLevel(): init RMS 0.697573








setting smoothness cost coefficient to 0.615

#GCAMreg# pass 0 level1 4 level2 0 tsec 0 sigma 2
l_jacobian=1.00 l_label=1.00 l_log_likelihood=0.20 l_smoothness=0.62 
tol=2.50e-01, dt=5.00e-02, exp_k=20.0, momentum=0.90, levels=6, niter=500, lbl_dist=10.00, avgs=64, sigma=2.0,type=2, relabel=0, neg=no

blurring input image with Gaussian with sigma=2.000...
GCAMRegisterLevel(): init RMS 0.706098





#GCAMreg# pass 0 level1 4 level2 1 tsec 56.991 sigma 0.5
l_jacobian=1.00 l_label=1.00 l_log_likelihood=0.20 l_smoothness=0.62 
tol=2.50e-01, dt=5.00e-02, exp_k=20.0, momentum=0.90, levels=6, niter=500, lbl_dist=10.00, avgs=64, sigma=0.5,type=2, relabel=0, neg=no

blurring input image with Gaussian with sigma=0.500...
GCAMRegisterLevel(): init RMS 0.68229

setting smoothness cost coefficient to 2.353

#GCAMreg# pass 0 level1 3 level2 0 tsec 0 sigma 2
l_jacobian=1.00 l_label=1.00 l_log_likelihood=0.20 l_smoothness=2.35 
tol=2.50e-01, dt=5.00e-02, exp_k=20.0, momentum=0.90, levels=6, niter=500, lbl_dist=10.00, avgs=16, sigma=2.0,type=2, relabel=0, neg=no

blurring input image with Gaussian with sigma=2.000...
GCAMRegisterLevel(): init RMS 0.713452



#GCAMreg# pass 0 level1 3 level2 1 tsec 27.553 sigma 0.5
l_jacobian=1.00 l_label=1.00 l_log_likelihood=0.20 l_smoothness=2.35 
tol=2.50e-01, dt=5.00e-02, exp_k=20.0, momentum=0.90, levels=6, niter=500, lbl_dist=10.00, avgs=16, sigma=0.5,type=2, relabel=0, neg=no

blurring input image with Gaussian with sigma=0.500...
GCAMRegisterLevel(): init RMS 0.710462



setting smoothness cost coefficient to 8.000

#GCAMreg# pass 0 level1 2 level2 0 tsec 0 sigma 2
l_jacobian=1.00 l_label=1.00 l_log_likelihood=0.20 l_smoothness=8.00 
tol=2.50e-01, dt=5.00e-02, exp_k=20.0, momentum=0.90, levels=6, niter=500, lbl_dist=10.00, avgs=4, sigma=2.0,type=2, relabel=0, neg=no

blurring input image with Gaussian with sigma=2.000...
GCAMRegisterLevel(): init RMS 0.775346






#GCAMreg# pass 0 level1 2 level2 1 tsec 51.429 sigma 0.5
l_jacobian=1.00 l_label=1.00 l_log_likelihood=0.20 l_smoothness=8.00 
tol=2.50e-01, dt=5.00e-02, exp_k=20.0, momentum=0.90, levels=6, niter=500, lbl_dist=10.00, avgs=4, sigma=0.5,type=2, relabel=0, neg=no

blurring input image with Gaussian with sigma=0.500...
GCAMRegisterLevel(): init RMS 0.7557

setting smoothness cost coefficient to 20.000

#GCAMreg# pass 0 level1 1 level2 0 tsec 0 sigma 2
l_jacobian=1.00 l_label=1.00 l_log_likelihood=0.20 l_smoothness=20.00 
tol=2.50e-01, dt=5.00e-02, exp_k=20.0, momentum=0.90, levels=6, niter=500, lbl_dist=10.00, avgs=1, sigma=2.0,type=2, relabel=0, neg=no

blurring input image with Gaussian with sigma=2.000...
GCAMRegisterLevel(): init RMS 0.80396





#GCAMreg# pass 0 level1 1 level2 1 tsec 32.052 sigma 0.5
l_jacobian=1.00 l_label=1.00 l_log_likelihood=0.20 l_smoothness=20.00 
tol=2.50e-01, dt=5.00e-02, exp_k=20.0, momentum=0.90, levels=6, niter=500, lbl_dist=10.00, avgs=1, sigma=0.5,type=2, relabel=0, neg=no

blurring input image with Gaussian with sigma=0.500...
GCAMRegisterLevel(): init RMS 0.803821


















resetting metric properties...
setting smoothness cost coefficient to 40.000

#GCAMreg# pass 0 level1 0 level2 0 tsec 0 sigma 2
l_jacobian=1.00 l_label=1.00 l_log_likelihood=0.20 l_smoothness=40.00 
tol=2.50e-01, dt=5.00e-02, exp_k=20.0, momentum=0.90, levels=6, niter=500, lbl_dist=10.00, avgs=0, sigma=2.0,type=2, relabel=0, neg=no

blurring input image with Gaussian with sigma=2.000...
GCAMRegisterLevel(): init RMS 0.761492



#GCAMreg# pass 0 level1 0 level2 1 tsec 25.655 sigma 0.5
l_jacobian=1.00 l_label=1.00 l_log_likelihood=0.20 l_smoothness=40.00 
tol=2.50e-01, dt=5.00e-02, exp_k=20.0, momentum=0.90, levels=6, niter=500, lbl_dist=10.00, avgs=0, sigma=0.5,type=2, relabel=0, neg=no

blurring input image with Gaussian with sigma=0.500...
GCAMRegisterLevel(): init RMS 0.757287

GCAMregister done in 11.5362 min
Starting GCAmapRenormalizeWithAlignment() without scales
renormalizing by structure alignment....
renormalizing input #0
gca peak = 0.10253 (16)
mri peak = 0.30254 (30)
Left_Lateral_Ventricle (4): linear fit = 1.78 x + 0.0 (1137 voxels, overlap=0.246)
Left_Lateral_Ventricle (4): linear fit = 1.50 x + 0.0 (1137 voxels, peak = 29), gca=24.0
gca peak = 0.17690 (16)
mri peak = 0.25532 (30)
Right_Lateral_Ventricle (43): linear fit = 1.84 x + 0.0 (1159 voxels, overlap=0.075)
Right_Lateral_Ventricle (43): linear fit = 1.50 x + 0.0 (1159 voxels, peak = 29), gca=24.0
gca peak = 0.28275 (96)
mri peak = 0.18842 (101)
Right_Pallidum (52): linear fit = 1.04 x + 0.0 (947 voxels, overlap=0.550)
Right_Pallidum (52): linear fit = 1.04 x + 0.0 (947 voxels, peak = 100), gca=100.3
gca peak = 0.18948 (93)
mri peak = 0.12296 (103)
Left_Pallidum (13): linear fit = 1.08 x + 0.0 (794 voxels, overlap=0.874)
Left_Pallidum (13): linear fit = 1.08 x + 0.0 (794 voxels, peak = 100), gca=100.0
gca peak = 0.20755 (55)
mri peak = 0.07435 (72)
Right_Hippocampus (53): linear fit = 1.23 x + 0.0 (952 voxels, overlap=0.033)
Right_Hippocampus (53): linear fit = 1.23 x + 0.0 (952 voxels, peak = 67), gca=67.4
gca peak = 0.31831 (58)
mri peak = 0.08533 (74)
Left_Hippocampus (17): linear fit = 1.28 x + 0.0 (768 voxels, overlap=0.012)
Left_Hippocampus (17): linear fit = 1.28 x + 0.0 (768 voxels, peak = 75), gca=74.5
gca peak = 0.11957 (102)
mri peak = 0.13156 (105)
Right_Cerebral_White_Matter (41): linear fit = 1.03 x + 0.0 (57765 voxels, overlap=0.644)
Right_Cerebral_White_Matter (41): linear fit = 1.03 x + 0.0 (57765 voxels, peak = 106), gca=105.6
gca peak = 0.11429 (102)
mri peak = 0.19222 (105)
Left_Cerebral_White_Matter (2): linear fit = 1.02 x + 0.0 (60861 voxels, overlap=0.521)
Left_Cerebral_White_Matter (2): linear fit = 1.02 x + 0.0 (60861 voxels, peak = 105), gca=104.5
gca peak = 0.14521 (59)
mri peak = 0.04340 (75)
Left_Cerebral_Cortex (3): linear fit = 1.29 x + 0.0 (21365 voxels, overlap=0.005)
Left_Cerebral_Cortex (3): linear fit = 1.29 x + 0.0 (21365 voxels, peak = 76), gca=76.4
gca peak = 0.14336 (58)
mri peak = 0.04714 (75)
Right_Cerebral_Cortex (42): linear fit = 1.27 x + 0.0 (24958 voxels, overlap=0.004)
Right_Cerebral_Cortex (42): linear fit = 1.27 x + 0.0 (24958 voxels, peak = 74), gca=73.9
gca peak = 0.13305 (70)
mri peak = 0.12270 (80)
Right_Caudate (50): linear fit = 1.18 x + 0.0 (524 voxels, overlap=0.014)
Right_Caudate (50): linear fit = 1.18 x + 0.0 (524 voxels, peak = 83), gca=82.9
gca peak = 0.15761 (71)
mri peak = 0.15664 (84)
Left_Caudate (11): linear fit = 1.17 x + 0.0 (1021 voxels, overlap=0.019)
Left_Caudate (11): linear fit = 1.17 x + 0.0 (1021 voxels, peak = 83), gca=83.4
gca peak = 0.13537 (57)
mri peak = 0.05075 (77)
Left_Cerebellum_Cortex (8): linear fit = 1.38 x + 0.0 (21400 voxels, overlap=0.001)
Left_Cerebellum_Cortex (8): linear fit = 1.38 x + 0.0 (21400 voxels, peak = 79), gca=78.9
gca peak = 0.13487 (56)
mri peak = 0.05379 (72)
Right_Cerebellum_Cortex (47): linear fit = 1.29 x + 0.0 (28202 voxels, overlap=0.003)
Right_Cerebellum_Cortex (47): linear fit = 1.29 x + 0.0 (28202 voxels, peak = 73), gca=72.5
gca peak = 0.19040 (84)
mri peak = 0.06610 (87)
Left_Cerebellum_White_Matter (7): linear fit = 1.02 x + 0.0 (9678 voxels, overlap=0.980)
Left_Cerebellum_White_Matter (7): linear fit = 1.02 x + 0.0 (9678 voxels, peak = 86), gca=86.1
gca peak = 0.18871 (83)
mri peak = 0.09395 (81)
Right_Cerebellum_White_Matter (46): linear fit = 0.96 x + 0.0 (8507 voxels, overlap=0.983)
Right_Cerebellum_White_Matter (46): linear fit = 0.96 x + 0.0 (8507 voxels, peak = 80), gca=80.1
gca peak = 0.24248 (57)
mri peak = 0.11572 (80)
Left_Amygdala (18): linear fit = 1.38 x + 0.0 (410 voxels, overlap=0.061)
Left_Amygdala (18): linear fit = 1.38 x + 0.0 (410 voxels, peak = 79), gca=78.9
gca peak = 0.35833 (56)
mri peak = 0.11819 (78)
Right_Amygdala (54): linear fit = 1.32 x + 0.0 (543 voxels, overlap=0.040)
Right_Amygdala (54): linear fit = 1.32 x + 0.0 (543 voxels, peak = 74), gca=73.6
gca peak = 0.12897 (85)
mri peak = 0.08444 (103)
Left_Thalamus (10): linear fit = 1.15 x + 0.0 (5382 voxels, overlap=0.250)
Left_Thalamus (10): linear fit = 1.15 x + 0.0 (5382 voxels, peak = 98), gca=98.2
gca peak = 0.13127 (83)
mri peak = 0.06590 (90)
Right_Thalamus (49): linear fit = 1.08 x + 0.0 (3693 voxels, overlap=0.696)
Right_Thalamus (49): linear fit = 1.08 x + 0.0 (3693 voxels, peak = 89), gca=89.2
gca peak = 0.12974 (78)
mri peak = 0.08172 (92)
Left_Putamen (12): linear fit = 1.16 x + 0.0 (2235 voxels, overlap=0.079)
Left_Putamen (12): linear fit = 1.16 x + 0.0 (2235 voxels, peak = 91), gca=90.9
gca peak = 0.17796 (79)
mri peak = 0.08419 (92)
Right_Putamen (51): linear fit = 1.14 x + 0.0 (2444 voxels, overlap=0.059)
Right_Putamen (51): linear fit = 1.14 x + 0.0 (2444 voxels, peak = 90), gca=90.5
gca peak = 0.10999 (80)
mri peak = 0.18296 (80)
Brain_Stem (16): linear fit = 1.05 x + 0.0 (12556 voxels, overlap=0.415)
Brain_Stem (16): linear fit = 1.05 x + 0.0 (12556 voxels, peak = 84), gca=84.4
gca peak = 0.13215 (88)
mri peak = 0.09060 (85)
Right_VentralDC (60): linear fit = 1.03 x + 0.0 (1554 voxels, overlap=0.694)
Right_VentralDC (60): linear fit = 1.03 x + 0.0 (1554 voxels, peak = 91), gca=91.1
gca peak = 0.11941 (89)
mri peak = 0.07255 (91)
Left_VentralDC (28): linear fit = 1.10 x + 0.0 (1533 voxels, overlap=0.618)
Left_VentralDC (28): linear fit = 1.10 x + 0.0 (1533 voxels, peak = 97), gca=97.5
gca peak = 0.20775 (25)
mri peak = 0.33333 (35)
gca peak = 0.13297 (21)
mri peak = 0.19916 (26)
Fourth_Ventricle (15): linear fit = 1.47 x + 0.0 (308 voxels, overlap=0.418)
Fourth_Ventricle (15): linear fit = 1.47 x + 0.0 (308 voxels, peak = 31), gca=30.8
gca peak Unknown = 0.94777 ( 0)
gca peak Left_Inf_Lat_Vent = 0.19087 (28)
gca peak Third_Ventricle = 0.20775 (25)
gca peak CSF = 0.16821 (33)
gca peak Left_Accumbens_area = 0.32850 (63)
gca peak Left_undetermined = 0.98480 (28)
gca peak Left_vessel = 0.40887 (53)
gca peak Left_choroid_plexus = 0.10898 (46)
gca peak Right_Inf_Lat_Vent = 0.17798 (26)
gca peak Right_Accumbens_area = 0.30137 (64)
gca peak Right_vessel = 0.47828 (52)
gca peak Right_choroid_plexus = 0.11612 (45)
gca peak Fifth_Ventricle = 0.59466 (35)
gca peak WM_hypointensities = 0.10053 (78)
gca peak non_WM_hypointensities = 0.07253 (60)
gca peak Optic_Chiasm = 0.25330 (73)
not using caudate to estimate GM means
estimating mean gm scale to be 1.30 x + 0.0
estimating mean wm scale to be 1.03 x + 0.0
estimating mean csf scale to be 1.49 x + 0.0
saving intensity scales to talairach.label_intensities.txt
GCAmapRenormalizeWithAlignment() took 2.0212 min
noneg pre
Starting GCAMregister()
label assignment complete, 0 changed (0.00%)
npasses = 1, nlevels = 6
#pass# 1 of 1 ************************
enabling zero nodes
setting smoothness cost coefficient to 0.008

#GCAMreg# pass 0 level1 5 level2 0 tsec 0 sigma 2
l_jacobian=1.00 l_label=1.00 l_log_likelihood=0.20 l_smoothness=0.01 
tol=5.00e-02, dt=5.00e-02, exp_k=20.0, momentum=0.90, levels=6, niter=500, lbl_dist=10.00, avgs=256, sigma=2.0,type=2, relabel=0, neg=no

blurring input image with Gaussian with sigma=2.000...
GCAMRegisterLevel(): init RMS 0.761349








































































































#GCAMreg# pass 0 level1 5 level2 1 tsec 887.962 sigma 0.5
l_jacobian=1.00 l_label=1.00 l_log_likelihood=0.20 l_smoothness=0.01 
tol=5.00e-02, dt=5.00e-02, exp_k=20.0, momentum=0.90, levels=6, niter=500, lbl_dist=10.00, avgs=256, sigma=0.5,type=2, relabel=0, neg=no

blurring input image with Gaussian with sigma=0.500...
GCAMRegisterLevel(): init RMS 0.620283

























setting smoothness cost coefficient to 0.031

#GCAMreg# pass 0 level1 4 level2 0 tsec 0 sigma 2
l_jacobian=1.00 l_label=1.00 l_log_likelihood=0.20 l_smoothness=0.03 
tol=5.00e-02, dt=5.00e-02, exp_k=20.0, momentum=0.90, levels=6, niter=500, lbl_dist=10.00, avgs=64, sigma=2.0,type=2, relabel=0, neg=no

blurring input image with Gaussian with sigma=2.000...
GCAMRegisterLevel(): init RMS 0.617833






















































































































#GCAMreg# pass 0 level1 4 level2 1 tsec 733.815 sigma 0.5
l_jacobian=1.00 l_label=1.00 l_log_likelihood=0.20 l_smoothness=0.03 
tol=5.00e-02, dt=5.00e-02, exp_k=20.0, momentum=0.90, levels=6, niter=500, lbl_dist=10.00, avgs=64, sigma=0.5,type=2, relabel=0, neg=no

blurring input image with Gaussian with sigma=0.500...
GCAMRegisterLevel(): init RMS 0.54088






































































setting smoothness cost coefficient to 0.118

#GCAMreg# pass 0 level1 3 level2 0 tsec 0 sigma 2
l_jacobian=1.00 l_label=1.00 l_log_likelihood=0.20 l_smoothness=0.12 
tol=5.00e-02, dt=5.00e-02, exp_k=20.0, momentum=0.90, levels=6, niter=500, lbl_dist=10.00, avgs=16, sigma=2.0,type=2, relabel=0, neg=no

blurring input image with Gaussian with sigma=2.000...
GCAMRegisterLevel(): init RMS 0.538967










































#GCAMreg# pass 0 level1 3 level2 1 tsec 356.532 sigma 0.5
l_jacobian=1.00 l_label=1.00 l_log_likelihood=0.20 l_smoothness=0.12 
tol=5.00e-02, dt=5.00e-02, exp_k=20.0, momentum=0.90, levels=6, niter=500, lbl_dist=10.00, avgs=16, sigma=0.5,type=2, relabel=0, neg=no

blurring input image with Gaussian with sigma=0.500...
GCAMRegisterLevel(): init RMS 0.505921














































setting smoothness cost coefficient to 0.400

#GCAMreg# pass 0 level1 2 level2 0 tsec 0 sigma 2
l_jacobian=1.00 l_label=1.00 l_log_likelihood=0.20 l_smoothness=0.40 
tol=5.00e-02, dt=5.00e-02, exp_k=20.0, momentum=0.90, levels=6, niter=500, lbl_dist=10.00, avgs=4, sigma=2.0,type=2, relabel=0, neg=no

blurring input image with Gaussian with sigma=2.000...
GCAMRegisterLevel(): init RMS 0.516177



#GCAMreg# pass 0 level1 2 level2 1 tsec 25.798 sigma 0.5
l_jacobian=1.00 l_label=1.00 l_log_likelihood=0.20 l_smoothness=0.40 
tol=5.00e-02, dt=5.00e-02, exp_k=20.0, momentum=0.90, levels=6, niter=500, lbl_dist=10.00, avgs=4, sigma=0.5,type=2, relabel=0, neg=no

blurring input image with Gaussian with sigma=0.500...
GCAMRegisterLevel(): init RMS 0.516177


setting smoothness cost coefficient to 1.000

#GCAMreg# pass 0 level1 1 level2 0 tsec 0 sigma 2
l_jacobian=1.00 l_label=1.00 l_log_likelihood=0.20 l_smoothness=1.00 
tol=5.00e-02, dt=5.00e-02, exp_k=20.0, momentum=0.90, levels=6, niter=500, lbl_dist=10.00, avgs=1, sigma=2.0,type=2, relabel=0, neg=no

blurring input image with Gaussian with sigma=2.000...
GCAMRegisterLevel(): init RMS 0.567112




#GCAMreg# pass 0 level1 1 level2 1 tsec 28.142 sigma 0.5
l_jacobian=1.00 l_label=1.00 l_log_likelihood=0.20 l_smoothness=1.00 
tol=5.00e-02, dt=5.00e-02, exp_k=20.0, momentum=0.90, levels=6, niter=500, lbl_dist=10.00, avgs=1, sigma=0.5,type=2, relabel=0, neg=no

blurring input image with Gaussian with sigma=0.500...
GCAMRegisterLevel(): init RMS 0.563748


resetting metric properties...
setting smoothness cost coefficient to 2.000

#GCAMreg# pass 0 level1 0 level2 0 tsec 0 sigma 2
l_jacobian=1.00 l_label=1.00 l_log_likelihood=0.20 l_smoothness=2.00 
tol=5.00e-02, dt=5.00e-02, exp_k=20.0, momentum=0.90, levels=6, niter=500, lbl_dist=10.00, avgs=0, sigma=2.0,type=2, relabel=0, neg=no

blurring input image with Gaussian with sigma=2.000...
GCAMRegisterLevel(): init RMS 0.500275



































#GCAMreg# pass 0 level1 0 level2 1 tsec 171.029 sigma 0.5
l_jacobian=1.00 l_label=1.00 l_log_likelihood=0.20 l_smoothness=2.00 
tol=5.00e-02, dt=5.00e-02, exp_k=20.0, momentum=0.90, levels=6, niter=500, lbl_dist=10.00, avgs=0, sigma=0.5,type=2, relabel=0, neg=no

blurring input image with Gaussian with sigma=0.500...
GCAMRegisterLevel(): init RMS 0.478119













GCAMregister done in 49.1761 min
********************* ALLOWING NEGATIVE NODES IN DEFORMATION********************************
noneg post
Starting GCAMregister()
label assignment complete, 0 changed (0.00%)
npasses = 1, nlevels = 6
#pass# 1 of 1 ************************
enabling zero nodes
setting smoothness cost coefficient to 0.008

#GCAMreg# pass 0 level1 5 level2 0 tsec 0 sigma 2
l_jacobian=1.00 l_label=1.00 l_log_likelihood=0.20 l_smoothness=0.01 
tol=2.50e-01, dt=5.00e-02, exp_k=20.0, momentum=0.90, levels=6, niter=500, lbl_dist=10.00, avgs=256, sigma=2.0,type=2, relabel=0, neg=yes

blurring input image with Gaussian with sigma=2.000...
GCAMRegisterLevel(): init RMS 0.471178



#GCAMreg# pass 0 level1 5 level2 1 tsec 38.335 sigma 0.5
l_jacobian=1.00 l_label=1.00 l_log_likelihood=0.20 l_smoothness=0.01 
tol=2.50e-01, dt=5.00e-02, exp_k=20.0, momentum=0.90, levels=6, niter=500, lbl_dist=10.00, avgs=256, sigma=0.5,type=2, relabel=0, neg=yes

blurring input image with Gaussian with sigma=0.500...
GCAMRegisterLevel(): init RMS 0.471175



setting smoothness cost coefficient to 0.031

#GCAMreg# pass 0 level1 4 level2 0 tsec 0 sigma 2
l_jacobian=1.00 l_label=1.00 l_log_likelihood=0.20 l_smoothness=0.03 
tol=2.50e-01, dt=5.00e-02, exp_k=20.0, momentum=0.90, levels=6, niter=500, lbl_dist=10.00, avgs=64, sigma=2.0,type=2, relabel=0, neg=yes

blurring input image with Gaussian with sigma=2.000...
GCAMRegisterLevel(): init RMS 0.470963




#GCAMreg# pass 0 level1 4 level2 1 tsec 36.678 sigma 0.5
l_jacobian=1.00 l_label=1.00 l_log_likelihood=0.20 l_smoothness=0.03 
tol=2.50e-01, dt=5.00e-02, exp_k=20.0, momentum=0.90, levels=6, niter=500, lbl_dist=10.00, avgs=64, sigma=0.5,type=2, relabel=0, neg=yes

blurring input image with Gaussian with sigma=0.500...
GCAMRegisterLevel(): init RMS 0.470368


setting smoothness cost coefficient to 0.118

#GCAMreg# pass 0 level1 3 level2 0 tsec 0 sigma 2
l_jacobian=1.00 l_label=1.00 l_log_likelihood=0.20 l_smoothness=0.12 
tol=2.50e-01, dt=5.00e-02, exp_k=20.0, momentum=0.90, levels=6, niter=500, lbl_dist=10.00, avgs=16, sigma=2.0,type=2, relabel=0, neg=yes

blurring input image with Gaussian with sigma=2.000...
GCAMRegisterLevel(): init RMS 0.468482
iter 0, gcam->neg = 3
after 3 iterations, nbhd size=0, neg = 0


iter 0, gcam->neg = 2
after 4 iterations, nbhd size=0, neg = 0

iter 0, gcam->neg = 2
after 5 iterations, nbhd size=0, neg = 0

iter 0, gcam->neg = 2
after 4 iterations, nbhd size=0, neg = 0

iter 0, gcam->neg = 3
after 3 iterations, nbhd size=0, neg = 0

iter 0, gcam->neg = 3
after 3 iterations, nbhd size=0, neg = 0

iter 0, gcam->neg = 4
after 3 iterations, nbhd size=0, neg = 0

iter 0, gcam->neg = 6
after 5 iterations, nbhd size=0, neg = 0

iter 0, gcam->neg = 6
after 6 iterations, nbhd size=0, neg = 0




iter 0, gcam->neg = 1
after 2 iterations, nbhd size=0, neg = 0

iter 0, gcam->neg = 6
after 3 iterations, nbhd size=0, neg = 0

iter 0, gcam->neg = 5
after 3 iterations, nbhd size=0, neg = 0

iter 0, gcam->neg = 8
after 1 iterations, nbhd size=0, neg = 0

iter 0, gcam->neg = 14
after 6 iterations, nbhd size=0, neg = 0

iter 0, gcam->neg = 2
after 4 iterations, nbhd size=0, neg = 0


iter 0, gcam->neg = 1
after 0 iterations, nbhd size=0, neg = 0

iter 0, gcam->neg = 2
after 1 iterations, nbhd size=0, neg = 0

#GCAMreg# pass 0 level1 3 level2 1 tsec 142.486 sigma 0.5
l_jacobian=1.00 l_label=1.00 l_log_likelihood=0.20 l_smoothness=0.12 
tol=2.50e-01, dt=5.00e-02, exp_k=20.0, momentum=0.90, levels=6, niter=500, lbl_dist=10.00, avgs=16, sigma=0.5,type=2, relabel=0, neg=yes

blurring input image with Gaussian with sigma=0.500...
GCAMRegisterLevel(): init RMS 0.454146


iter 0, gcam->neg = 1
after 0 iterations, nbhd size=0, neg = 0



iter 0, gcam->neg = 2
after 2 iterations, nbhd size=0, neg = 0

iter 0, gcam->neg = 2
after 0 iterations, nbhd size=0, neg = 0

iter 0, gcam->neg = 12
after 6 iterations, nbhd size=0, neg = 0

iter 0, gcam->neg = 9
after 2 iterations, nbhd size=0, neg = 0

iter 0, gcam->neg = 1
after 3 iterations, nbhd size=0, neg = 0



setting smoothness cost coefficient to 0.400

#GCAMreg# pass 0 level1 2 level2 0 tsec 0 sigma 2
l_jacobian=1.00 l_label=1.00 l_log_likelihood=0.20 l_smoothness=0.40 
tol=2.50e-01, dt=5.00e-02, exp_k=20.0, momentum=0.90, levels=6, niter=500, lbl_dist=10.00, avgs=4, sigma=2.0,type=2, relabel=0, neg=yes

blurring input image with Gaussian with sigma=2.000...
GCAMRegisterLevel(): init RMS 0.448989



#GCAMreg# pass 0 level1 2 level2 1 tsec 29.364 sigma 0.5
l_jacobian=1.00 l_label=1.00 l_log_likelihood=0.20 l_smoothness=0.40 
tol=2.50e-01, dt=5.00e-02, exp_k=20.0, momentum=0.90, levels=6, niter=500, lbl_dist=10.00, avgs=4, sigma=0.5,type=2, relabel=0, neg=yes

blurring input image with Gaussian with sigma=0.500...
GCAMRegisterLevel(): init RMS 0.448968

iter 0, gcam->neg = 2
after 4 iterations, nbhd size=0, neg = 0


iter 0, gcam->neg = 4
after 3 iterations, nbhd size=0, neg = 0

iter 0, gcam->neg = 12
after 3 iterations, nbhd size=0, neg = 0
setting smoothness cost coefficient to 1.000

#GCAMreg# pass 0 level1 1 level2 0 tsec 0 sigma 2
l_jacobian=1.00 l_label=1.00 l_log_likelihood=0.20 l_smoothness=1.00 
tol=2.50e-01, dt=5.00e-02, exp_k=20.0, momentum=0.90, levels=6, niter=500, lbl_dist=10.00, avgs=1, sigma=2.0,type=2, relabel=0, neg=yes

blurring input image with Gaussian with sigma=2.000...
GCAMRegisterLevel(): init RMS 0.45214



#GCAMreg# pass 0 level1 1 level2 1 tsec 30.958 sigma 0.5
l_jacobian=1.00 l_label=1.00 l_log_likelihood=0.20 l_smoothness=1.00 
tol=2.50e-01, dt=5.00e-02, exp_k=20.0, momentum=0.90, levels=6, niter=500, lbl_dist=10.00, avgs=1, sigma=0.5,type=2, relabel=0, neg=yes

blurring input image with Gaussian with sigma=0.500...
GCAMRegisterLevel(): init RMS 0.45214

resetting metric properties...
setting smoothness cost coefficient to 2.000

#GCAMreg# pass 0 level1 0 level2 0 tsec 0 sigma 2
l_jacobian=1.00 l_label=1.00 l_log_likelihood=0.20 l_smoothness=2.00 
tol=2.50e-01, dt=5.00e-02, exp_k=20.0, momentum=0.90, levels=6, niter=500, lbl_dist=10.00, avgs=0, sigma=2.0,type=2, relabel=0, neg=yes

blurring input image with Gaussian with sigma=2.000...
GCAMRegisterLevel(): init RMS 0.445369
iter 0, gcam->neg = 592
after 15 iterations, nbhd size=1, neg = 0




#GCAMreg# pass 0 level1 0 level2 1 tsec 35.199 sigma 0.5
l_jacobian=1.00 l_label=1.00 l_log_likelihood=0.20 l_smoothness=2.00 
tol=2.50e-01, dt=5.00e-02, exp_k=20.0, momentum=0.90, levels=6, niter=500, lbl_dist=10.00, avgs=0, sigma=0.5,type=2, relabel=0, neg=yes

blurring input image with Gaussian with sigma=0.500...
GCAMRegisterLevel(): init RMS 0.423875

label assignment complete, 0 changed (0.00%)
GCAMregister done in 9.63802 min
Starting GCAMcomputeMaxPriorLabels()
Morphing with label term set to 0 *******************************
Starting GCAMregister()
label assignment complete, 0 changed (0.00%)
npasses = 1, nlevels = 6
#pass# 1 of 1 ************************
enabling zero nodes
setting smoothness cost coefficient to 0.008

#GCAMreg# pass 0 level1 5 level2 0 tsec 0 sigma 2
l_jacobian=1.00 l_log_likelihood=0.20 l_smoothness=0.01 
tol=2.50e-01, dt=5.00e-02, exp_k=20.0, momentum=0.90, levels=6, niter=500, lbl_dist=10.00, avgs=256, sigma=2.0,type=2, relabel=0, neg=yes

blurring input image with Gaussian with sigma=2.000...
GCAMRegisterLevel(): init RMS 0.412535

#GCAMreg# pass 0 level1 5 level2 1 tsec 16.488 sigma 0.5
l_jacobian=1.00 l_log_likelihood=0.20 l_smoothness=0.01 
tol=2.50e-01, dt=5.00e-02, exp_k=20.0, momentum=0.90, levels=6, niter=500, lbl_dist=10.00, avgs=256, sigma=0.5,type=2, relabel=0, neg=yes

blurring input image with Gaussian with sigma=0.500...
GCAMRegisterLevel(): init RMS 0.412535



setting smoothness cost coefficient to 0.031

#GCAMreg# pass 0 level1 4 level2 0 tsec 0 sigma 2
l_jacobian=1.00 l_log_likelihood=0.20 l_smoothness=0.03 
tol=2.50e-01, dt=5.00e-02, exp_k=20.0, momentum=0.90, levels=6, niter=500, lbl_dist=10.00, avgs=64, sigma=2.0,type=2, relabel=0, neg=yes

blurring input image with Gaussian with sigma=2.000...
GCAMRegisterLevel(): init RMS 0.412658

#GCAMreg# pass 0 level1 4 level2 1 tsec 14.737 sigma 0.5
l_jacobian=1.00 l_log_likelihood=0.20 l_smoothness=0.03 
tol=2.50e-01, dt=5.00e-02, exp_k=20.0, momentum=0.90, levels=6, niter=500, lbl_dist=10.00, avgs=64, sigma=0.5,type=2, relabel=0, neg=yes

blurring input image with Gaussian with sigma=0.500...
GCAMRegisterLevel(): init RMS 0.412658








setting smoothness cost coefficient to 0.118

#GCAMreg# pass 0 level1 3 level2 0 tsec 0 sigma 2
l_jacobian=1.00 l_log_likelihood=0.20 l_smoothness=0.12 
tol=2.50e-01, dt=5.00e-02, exp_k=20.0, momentum=0.90, levels=6, niter=500, lbl_dist=10.00, avgs=16, sigma=2.0,type=2, relabel=0, neg=yes

blurring input image with Gaussian with sigma=2.000...
GCAMRegisterLevel(): init RMS 0.412197



#GCAMreg# pass 0 level1 3 level2 1 tsec 27.729 sigma 0.5
l_jacobian=1.00 l_log_likelihood=0.20 l_smoothness=0.12 
tol=2.50e-01, dt=5.00e-02, exp_k=20.0, momentum=0.90, levels=6, niter=500, lbl_dist=10.00, avgs=16, sigma=0.5,type=2, relabel=0, neg=yes

blurring input image with Gaussian with sigma=0.500...
GCAMRegisterLevel(): init RMS 0.412025
iter 0, gcam->neg = 1
after 1 iterations, nbhd size=0, neg = 0




iter 0, gcam->neg = 4
after 7 iterations, nbhd size=1, neg = 0

iter 0, gcam->neg = 6
after 8 iterations, nbhd size=1, neg = 0

iter 0, gcam->neg = 4
after 10 iterations, nbhd size=1, neg = 0

iter 0, gcam->neg = 6
after 1 iterations, nbhd size=0, neg = 0

iter 0, gcam->neg = 3
after 1 iterations, nbhd size=0, neg = 0

iter 0, gcam->neg = 11
after 10 iterations, nbhd size=1, neg = 0

iter 0, gcam->neg = 1
after 0 iterations, nbhd size=0, neg = 0

iter 0, gcam->neg = 2
after 3 iterations, nbhd size=0, neg = 0

iter 0, gcam->neg = 3
after 0 iterations, nbhd size=0, neg = 0

iter 0, gcam->neg = 4
after 7 iterations, nbhd size=0, neg = 0

iter 0, gcam->neg = 2
after 10 iterations, nbhd size=1, neg = 0
setting smoothness cost coefficient to 0.400

#GCAMreg# pass 0 level1 2 level2 0 tsec 0 sigma 2
l_jacobian=1.00 l_log_likelihood=0.20 l_smoothness=0.40 
tol=2.50e-01, dt=5.00e-02, exp_k=20.0, momentum=0.90, levels=6, niter=500, lbl_dist=10.00, avgs=4, sigma=2.0,type=2, relabel=0, neg=yes

blurring input image with Gaussian with sigma=2.000...
GCAMRegisterLevel(): init RMS 0.407569
iter 0, gcam->neg = 1
after 1 iterations, nbhd size=0, neg = 0



#GCAMreg# pass 0 level1 2 level2 1 tsec 28.082 sigma 0.5
l_jacobian=1.00 l_log_likelihood=0.20 l_smoothness=0.40 
tol=2.50e-01, dt=5.00e-02, exp_k=20.0, momentum=0.90, levels=6, niter=500, lbl_dist=10.00, avgs=4, sigma=0.5,type=2, relabel=0, neg=yes

blurring input image with Gaussian with sigma=0.500...
GCAMRegisterLevel(): init RMS 0.407556
iter 0, gcam->neg = 2
after 5 iterations, nbhd size=0, neg = 0

iter 0, gcam->neg = 9
after 6 iterations, nbhd size=0, neg = 0

iter 0, gcam->neg = 24
after 6 iterations, nbhd size=0, neg = 0

iter 0, gcam->neg = 10
after 6 iterations, nbhd size=0, neg = 0

iter 0, gcam->neg = 35
after 6 iterations, nbhd size=0, neg = 0

iter 0, gcam->neg = 65
after 7 iterations, nbhd size=0, neg = 0

iter 0, gcam->neg = 108
after 7 iterations, nbhd size=0, neg = 0

iter 0, gcam->neg = 92
after 6 iterations, nbhd size=0, neg = 0

iter 0, gcam->neg = 121
after 16 iterations, nbhd size=1, neg = 0

iter 0, gcam->neg = 174
after 7 iterations, nbhd size=0, neg = 0

iter 0, gcam->neg = 7
after 2 iterations, nbhd size=0, neg = 0

iter 0, gcam->neg = 18
after 4 iterations, nbhd size=0, neg = 0
setting smoothness cost coefficient to 1.000

#GCAMreg# pass 0 level1 1 level2 0 tsec 0 sigma 2
l_jacobian=1.00 l_log_likelihood=0.20 l_smoothness=1.00 
tol=2.50e-01, dt=5.00e-02, exp_k=20.0, momentum=0.90, levels=6, niter=500, lbl_dist=10.00, avgs=1, sigma=2.0,type=2, relabel=0, neg=yes

blurring input image with Gaussian with sigma=2.000...
GCAMRegisterLevel(): init RMS 0.408627



#GCAMreg# pass 0 level1 1 level2 1 tsec 29.102 sigma 0.5
l_jacobian=1.00 l_log_likelihood=0.20 l_smoothness=1.00 
tol=2.50e-01, dt=5.00e-02, exp_k=20.0, momentum=0.90, levels=6, niter=500, lbl_dist=10.00, avgs=1, sigma=0.5,type=2, relabel=0, neg=yes

blurring input image with Gaussian with sigma=0.500...
GCAMRegisterLevel(): init RMS 0.408627
resetting metric properties...
setting smoothness cost coefficient to 2.000

#GCAMreg# pass 0 level1 0 level2 0 tsec 0 sigma 2
l_jacobian=1.00 l_log_likelihood=0.20 l_smoothness=2.00 
tol=2.50e-01, dt=5.00e-02, exp_k=20.0, momentum=0.90, levels=6, niter=500, lbl_dist=10.00, avgs=0, sigma=2.0,type=2, relabel=0, neg=yes

blurring input image with Gaussian with sigma=2.000...
GCAMRegisterLevel(): init RMS 0.399226
iter 0, gcam->neg = 502
after 18 iterations, nbhd size=1, neg = 0



#GCAMreg# pass 0 level1 0 level2 1 tsec 34.028 sigma 0.5
l_jacobian=1.00 l_log_likelihood=0.20 l_smoothness=2.00 
tol=2.50e-01, dt=5.00e-02, exp_k=20.0, momentum=0.90, levels=6, niter=500, lbl_dist=10.00, avgs=0, sigma=0.5,type=2, relabel=0, neg=yes

blurring input image with Gaussian with sigma=0.500...
GCAMRegisterLevel(): init RMS 0.392338




GCAMregister done in 8.0471 min
writing output transformation to transforms/talairach.m3z...
GCAMwrite
Calls to gcamLogLikelihoodEnergy 5098 tmin = 11.0741
Calls to gcamLabelEnergy         4494 tmin = 1.33602
Calls to gcamJacobianEnergy      5098 tmin = 7.13982
Calls to gcamSmoothnessEnergy    5098 tmin = 9.64272
Calls to gcamLogLikelihoodTerm 683 tmin = 2.95477
Calls to gcamLabelTerm         623 tmin = 4.6674
Calls to gcamJacobianTerm      683 tmin = 6.40808
Calls to gcamSmoothnessTerm    683 tmin = 1.70635
Calls to gcamComputeGradient    683 tmin = 32.9995
Calls to gcamComputeMetricProperties    7143 tmin = 9.15652
mri_ca_register took 1 hours, 20 minutes and 34 seconds.
#VMPC# mri_ca_register VmPeak  2041900
FSRUNTIME@ mri_ca_register  1.3429 hours 1 threads
@#@FSTIME  2024:09:19:16:53:37 mri_ca_register N 9 e 4834.35 S 0.97 U 4804.49 P 99% M 1350944 F 0 R 364990 W 0 c 12902 w 47 I 0 O 0 L 37.91 37.56 35.32
@#@FSLOADPOST 2024:09:19:18:14:13 mri_ca_register N 9 32.70 32.24 32.51
#--------------------------------------
#@# SubCort Seg Thu Sep 19 18:14:13 BST 2024

 mri_ca_label -relabel_unlikely 9 .3 -prior 0.5 -align norm.mgz transforms/talairach.m3z /rds/bear-apps/2022a/EL8-ice/software/FreeSurfer/7.4.1-centos8_x86_64/average/RB_all_2020-01-02.gca aseg.auto_noCCseg.mgz 

sysname  Linux
hostname bear-pg0210u35b.bear.cluster
machine  x86_64

setenv SUBJECTS_DIR /rds/projects/q/quinna-camcan/cc700/mri/pipeline/release004/BIDS_20190411/anat
cd /rds/projects/q/quinna-camcan/cc700/mri/pipeline/release004/BIDS_20190411/anat/sub-CC110182_T1w/mri
mri_ca_label -relabel_unlikely 9 .3 -prior 0.5 -align norm.mgz transforms/talairach.m3z /rds/bear-apps/2022a/EL8-ice/software/FreeSurfer/7.4.1-centos8_x86_64/average/RB_all_2020-01-02.gca aseg.auto_noCCseg.mgz 

relabeling unlikely voxels with window_size = 9 and prior threshold 0.30
using Gibbs prior factor = 0.500
renormalizing sequences with structure alignment, equivalent to:
	-renormalize
	-renormalize_mean 0.500
	-regularize 0.500

== Number of threads available to for OpenMP = 1 == 
reading 1 input volumes
reading classifier array from /rds/bear-apps/2022a/EL8-ice/software/FreeSurfer/7.4.1-centos8_x86_64/average/RB_all_2020-01-02.gca
reading input volume from norm.mgz
average std[0] = 7.2
reading transform from transforms/talairach.m3z
setting orig areas to linear transform determinant scaled 6.44
Atlas used for the 3D morph was /rds/bear-apps/2022a/EL8-ice/software/FreeSurfer/7.4.1-centos8_x86_64/average/RB_all_2020-01-02.gca
average std = 7.2   using min determinant for regularization = 5.2
0 singular and 0 ill-conditioned covariance matrices regularized
labeling volume...
renormalizing by structure alignment....
renormalizing input #0
gca peak = 0.15521 (20)
mri peak = 0.28104 (30)
Left_Lateral_Ventricle (4): linear fit = 1.47 x + 0.0 (3060 voxels, overlap=0.091)
Left_Lateral_Ventricle (4): linear fit = 1.47 x + 0.0 (3060 voxels, peak = 29), gca=29.3
gca peak = 0.20380 (13)
mri peak = 0.25746 (30)
Right_Lateral_Ventricle (43): linear fit = 2.22 x + 0.0 (3194 voxels, overlap=0.086)
Right_Lateral_Ventricle (43): linear fit = 1.50 x + 0.0 (3194 voxels, peak = 29), gca=19.5
gca peak = 0.26283 (96)
mri peak = 0.22238 (101)
Right_Pallidum (52): linear fit = 1.05 x + 0.0 (714 voxels, overlap=0.782)
Right_Pallidum (52): linear fit = 1.05 x + 0.0 (714 voxels, peak = 101), gca=101.3
gca peak = 0.15814 (97)
mri peak = 0.17681 (103)
Left_Pallidum (13): linear fit = 1.09 x + 0.0 (769 voxels, overlap=0.216)
Left_Pallidum (13): linear fit = 1.09 x + 0.0 (769 voxels, peak = 105), gca=105.2
gca peak = 0.27624 (56)
mri peak = 0.08290 (70)
Right_Hippocampus (53): linear fit = 1.23 x + 0.0 (953 voxels, overlap=0.022)
Right_Hippocampus (53): linear fit = 1.23 x + 0.0 (953 voxels, peak = 69), gca=68.6
gca peak = 0.28723 (59)
mri peak = 0.09352 (74)
Left_Hippocampus (17): linear fit = 1.29 x + 0.0 (807 voxels, overlap=0.018)
Left_Hippocampus (17): linear fit = 1.29 x + 0.0 (807 voxels, peak = 76), gca=76.4
gca peak = 0.07623 (103)
mri peak = 0.14905 (105)
Right_Cerebral_White_Matter (41): linear fit = 1.01 x + 0.0 (32416 voxels, overlap=0.618)
Right_Cerebral_White_Matter (41): linear fit = 1.01 x + 0.0 (32416 voxels, peak = 105), gca=104.5
gca peak = 0.07837 (105)
mri peak = 0.19725 (105)
Left_Cerebral_White_Matter (2): linear fit = 1.00 x + 0.0 (38874 voxels, overlap=0.525)
Left_Cerebral_White_Matter (2): linear fit = 1.00 x + 0.0 (38874 voxels, peak = 105), gca=105.0
gca peak = 0.10165 (58)
mri peak = 0.05054 (74)
Left_Cerebral_Cortex (3): linear fit = 1.26 x + 0.0 (29889 voxels, overlap=0.021)
Left_Cerebral_Cortex (3): linear fit = 1.26 x + 0.0 (29889 voxels, peak = 73), gca=73.4
gca peak = 0.11113 (58)
mri peak = 0.05201 (72)
Right_Cerebral_Cortex (42): linear fit = 1.25 x + 0.0 (31595 voxels, overlap=0.046)
Right_Cerebral_Cortex (42): linear fit = 1.25 x + 0.0 (31595 voxels, peak = 72), gca=72.2
gca peak = 0.27796 (67)
mri peak = 0.23863 (84)
Right_Caudate (50): linear fit = 1.25 x + 0.0 (1077 voxels, overlap=0.018)
Right_Caudate (50): linear fit = 1.25 x + 0.0 (1077 voxels, peak = 83), gca=83.4
gca peak = 0.14473 (69)
mri peak = 0.19721 (84)
Left_Caudate (11): linear fit = 1.12 x + 0.0 (1075 voxels, overlap=0.016)
Left_Caudate (11): linear fit = 1.12 x + 0.0 (1075 voxels, peak = 78), gca=77.6
gca peak = 0.14301 (56)
mri peak = 0.06659 (77)
Left_Cerebellum_Cortex (8): linear fit = 1.38 x + 0.0 (26485 voxels, overlap=0.002)
Left_Cerebellum_Cortex (8): linear fit = 1.38 x + 0.0 (26485 voxels, peak = 77), gca=77.0
gca peak = 0.14610 (55)
mri peak = 0.06605 (73)
Right_Cerebellum_Cortex (47): linear fit = 1.26 x + 0.0 (28306 voxels, overlap=0.004)
Right_Cerebellum_Cortex (47): linear fit = 1.26 x + 0.0 (28306 voxels, peak = 70), gca=69.6
gca peak = 0.16309 (85)
mri peak = 0.08841 (87)
Left_Cerebellum_White_Matter (7): linear fit = 1.02 x + 0.0 (5316 voxels, overlap=0.952)
Left_Cerebellum_White_Matter (7): linear fit = 1.02 x + 0.0 (5316 voxels, peak = 87), gca=87.1
gca peak = 0.15172 (84)
mri peak = 0.10469 (80)
Right_Cerebellum_White_Matter (46): linear fit = 0.95 x + 0.0 (5671 voxels, overlap=0.925)
Right_Cerebellum_White_Matter (46): linear fit = 0.95 x + 0.0 (5671 voxels, peak = 80), gca=80.2
gca peak = 0.30461 (58)
mri peak = 0.10278 (80)
Left_Amygdala (18): linear fit = 1.37 x + 0.0 (473 voxels, overlap=0.065)
Left_Amygdala (18): linear fit = 1.37 x + 0.0 (473 voxels, peak = 79), gca=79.2
gca peak = 0.32293 (57)
mri peak = 0.11722 (78)
Right_Amygdala (54): linear fit = 1.33 x + 0.0 (555 voxels, overlap=0.047)
Right_Amygdala (54): linear fit = 1.33 x + 0.0 (555 voxels, peak = 76), gca=75.5
gca peak = 0.11083 (90)
mri peak = 0.07632 (98)
Left_Thalamus (10): linear fit = 1.11 x + 0.0 (4584 voxels, overlap=0.493)
Left_Thalamus (10): linear fit = 1.11 x + 0.0 (4584 voxels, peak = 99), gca=99.5
gca peak = 0.11393 (83)
mri peak = 0.07064 (93)
Right_Thalamus (49): linear fit = 1.11 x + 0.0 (3940 voxels, overlap=0.520)
Right_Thalamus (49): linear fit = 1.11 x + 0.0 (3940 voxels, peak = 92), gca=91.7
gca peak = 0.08575 (81)
mri peak = 0.09839 (94)
Left_Putamen (12): linear fit = 1.15 x + 0.0 (1929 voxels, overlap=0.106)
Left_Putamen (12): linear fit = 1.15 x + 0.0 (1929 voxels, peak = 94), gca=93.6
gca peak = 0.08618 (78)
mri peak = 0.08634 (91)
Right_Putamen (51): linear fit = 1.15 x + 0.0 (2106 voxels, overlap=0.176)
Right_Putamen (51): linear fit = 1.15 x + 0.0 (2106 voxels, peak = 90), gca=90.1
gca peak = 0.08005 (78)
mri peak = 0.16638 (80)
Brain_Stem: unreasonable value (79.2/80.0), not in range [80, 110] - rejecting
gca peak = 0.12854 (88)
mri peak = 0.06926 (91)
Right_VentralDC (60): linear fit = 1.02 x + 0.0 (1457 voxels, overlap=0.803)
Right_VentralDC (60): linear fit = 1.02 x + 0.0 (1457 voxels, peak = 90), gca=90.2
gca peak = 0.15703 (87)
mri peak = 0.07305 (96)
Left_VentralDC (28): linear fit = 1.10 x + 0.0 (1248 voxels, overlap=0.487)
Left_VentralDC (28): linear fit = 1.10 x + 0.0 (1248 voxels, peak = 95), gca=95.3
gca peak = 0.17522 (25)
mri peak = 0.15927 (29)
Third_Ventricle (14): linear fit = 1.13 x + 0.0 (55 voxels, overlap=0.813)
Third_Ventricle (14): linear fit = 1.13 x + 0.0 (55 voxels, peak = 28), gca=28.4
gca peak = 0.17113 (14)
mri peak = 0.22413 (26)
Fourth_Ventricle (15): linear fit = 1.65 x + 0.0 (242 voxels, overlap=0.169)
Fourth_Ventricle (15): linear fit = 1.65 x + 0.0 (242 voxels, peak = 23), gca=23.2
gca peak Unknown = 0.94777 ( 0)
gca peak Left_Inf_Lat_Vent = 0.16627 (28)
gca peak Fourth_Ventricle = 0.17113 (14)
gca peak Brain_Stem = 0.08005 (78)
gca peak CSF = 0.20346 (36)
gca peak Left_Accumbens_area = 0.70646 (62)
gca peak Left_undetermined = 1.00000 (28)
gca peak Left_vessel = 0.89917 (53)
gca peak Left_choroid_plexus = 0.11689 (35)
gca peak Right_Inf_Lat_Vent = 0.25504 (23)
gca peak Right_Accumbens_area = 0.31650 (65)
gca peak Right_vessel = 0.77268 (52)
gca peak Right_choroid_plexus = 0.13275 (38)
gca peak Fifth_Ventricle = 0.60973 (33)
gca peak WM_hypointensities = 0.11013 (77)
gca peak non_WM_hypointensities = 0.11354 (41)
gca peak Optic_Chiasm = 0.51646 (76)
not using caudate to estimate GM means
estimating mean gm scale to be 1.29 x + 0.0
estimating mean wm scale to be 1.01 x + 0.0
estimating mean csf scale to be 1.37 x + 0.0
Left_Pallidum too bright - rescaling by 0.966 (from 1.085) to 101.6 (was 105.2)
saving intensity scales to aseg.auto_noCCseg.label_intensities.txt
renormalizing by structure alignment....
renormalizing input #0
gca peak = 0.15193 (27)
mri peak = 0.28104 (30)
Left_Lateral_Ventricle (4): linear fit = 1.08 x + 0.0 (3060 voxels, overlap=0.605)
Left_Lateral_Ventricle (4): linear fit = 1.08 x + 0.0 (3060 voxels, peak = 29), gca=29.0
gca peak = 0.16931 (19)
mri peak = 0.25746 (30)
Right_Lateral_Ventricle (43): linear fit = 1.50 x + 0.0 (3194 voxels, overlap=0.239)
Right_Lateral_Ventricle (43): linear fit = 1.50 x + 0.0 (3194 voxels, peak = 29), gca=28.5
gca peak = 0.20888 (101)
mri peak = 0.22238 (101)
Right_Pallidum (52): linear fit = 1.00 x + 0.0 (714 voxels, overlap=1.002)
Right_Pallidum (52): linear fit = 1.00 x + 0.0 (714 voxels, peak = 100), gca=100.5
gca peak = 0.18231 (99)
mri peak = 0.17681 (103)
Left_Pallidum (13): linear fit = 1.03 x + 0.0 (769 voxels, overlap=0.789)
Left_Pallidum (13): linear fit = 1.03 x + 0.0 (769 voxels, peak = 102), gca=102.5
gca peak = 0.24411 (68)
mri peak = 0.08290 (70)
Right_Hippocampus (53): linear fit = 1.00 x + 0.0 (953 voxels, overlap=1.005)
Right_Hippocampus (53): linear fit = 1.00 x + 0.0 (953 voxels, peak = 68), gca=68.0
gca peak = 0.29195 (73)
mri peak = 0.09352 (74)
Left_Hippocampus (17): linear fit = 0.99 x + 0.0 (807 voxels, overlap=1.003)
Left_Hippocampus (17): linear fit = 0.99 x + 0.0 (807 voxels, peak = 72), gca=71.9
gca peak = 0.07884 (105)
mri peak = 0.14905 (105)
Right_Cerebral_White_Matter (41): linear fit = 1.00 x + 0.0 (32416 voxels, overlap=0.677)
Right_Cerebral_White_Matter (41): linear fit = 1.00 x + 0.0 (32416 voxels, peak = 105), gca=105.0
gca peak = 0.07837 (105)
mri peak = 0.19725 (105)
Left_Cerebral_White_Matter (2): linear fit = 1.00 x + 0.0 (38874 voxels, overlap=0.525)
Left_Cerebral_White_Matter (2): linear fit = 1.00 x + 0.0 (38874 voxels, peak = 105), gca=105.0
gca peak = 0.07702 (73)
mri peak = 0.05054 (74)
Left_Cerebral_Cortex (3): linear fit = 1.01 x + 0.0 (29889 voxels, overlap=0.955)
Left_Cerebral_Cortex (3): linear fit = 1.01 x + 0.0 (29889 voxels, peak = 74), gca=74.1
gca peak = 0.09050 (73)
mri peak = 0.05201 (72)
Right_Cerebral_Cortex (42): linear fit = 0.99 x + 0.0 (31595 voxels, overlap=0.944)
Right_Cerebral_Cortex (42): linear fit = 0.99 x + 0.0 (31595 voxels, peak = 72), gca=71.9
gca peak = 0.20498 (82)
mri peak = 0.23863 (84)
Right_Caudate (50): linear fit = 1.00 x + 0.0 (1077 voxels, overlap=0.998)
Right_Caudate (50): linear fit = 1.00 x + 0.0 (1077 voxels, peak = 82), gca=82.0
gca peak = 0.14148 (77)
mri peak = 0.19721 (84)
Left_Caudate (11): linear fit = 1.01 x + 0.0 (1075 voxels, overlap=0.727)
Left_Caudate (11): linear fit = 1.01 x + 0.0 (1075 voxels, peak = 78), gca=78.2
gca peak = 0.10057 (76)
mri peak = 0.06659 (77)
Left_Cerebellum_Cortex (8): linear fit = 0.99 x + 0.0 (26485 voxels, overlap=0.960)
Left_Cerebellum_Cortex (8): linear fit = 0.99 x + 0.0 (26485 voxels, peak = 75), gca=74.9
gca peak = 0.12889 (70)
mri peak = 0.06605 (73)
Right_Cerebellum_Cortex (47): linear fit = 1.03 x + 0.0 (28306 voxels, overlap=0.975)
Right_Cerebellum_Cortex (47): linear fit = 1.03 x + 0.0 (28306 voxels, peak = 72), gca=72.4
gca peak = 0.15741 (87)
mri peak = 0.08841 (87)
Left_Cerebellum_White_Matter (7): linear fit = 1.00 x + 0.0 (5316 voxels, overlap=0.983)
Left_Cerebellum_White_Matter (7): linear fit = 1.00 x + 0.0 (5316 voxels, peak = 87), gca=86.6
gca peak = 0.16510 (80)
mri peak = 0.10469 (80)
Right_Cerebellum_White_Matter (46): linear fit = 1.00 x + 0.0 (5671 voxels, overlap=0.946)
Right_Cerebellum_White_Matter (46): linear fit = 1.00 x + 0.0 (5671 voxels, peak = 80), gca=80.0
gca peak = 0.30937 (79)
mri peak = 0.10278 (80)
Left_Amygdala (18): linear fit = 1.00 x + 0.0 (473 voxels, overlap=1.012)
Left_Amygdala (18): linear fit = 1.00 x + 0.0 (473 voxels, peak = 79), gca=79.0
gca peak = 0.22235 (76)
mri peak = 0.11722 (78)
Right_Amygdala (54): linear fit = 1.01 x + 0.0 (555 voxels, overlap=1.004)
Right_Amygdala (54): linear fit = 1.01 x + 0.0 (555 voxels, peak = 77), gca=77.1
gca peak = 0.09715 (98)
mri peak = 0.07632 (98)
Left_Thalamus (10): linear fit = 1.01 x + 0.0 (4584 voxels, overlap=0.922)
Left_Thalamus (10): linear fit = 1.01 x + 0.0 (4584 voxels, peak = 99), gca=99.5
gca peak = 0.10427 (89)
mri peak = 0.07064 (93)
Right_Thalamus (49): linear fit = 1.00 x + 0.0 (3940 voxels, overlap=0.947)
Right_Thalamus (49): linear fit = 1.00 x + 0.0 (3940 voxels, peak = 89), gca=88.6
gca peak = 0.08378 (87)
mri peak = 0.09839 (94)
Left_Putamen (12): linear fit = 1.01 x + 0.0 (1929 voxels, overlap=0.802)
Left_Putamen (12): linear fit = 1.01 x + 0.0 (1929 voxels, peak = 88), gca=88.3
gca peak = 0.07915 (90)
mri peak = 0.08634 (91)
Right_Putamen (51): linear fit = 1.00 x + 0.0 (2106 voxels, overlap=0.799)
Right_Putamen (51): linear fit = 1.00 x + 0.0 (2106 voxels, peak = 90), gca=89.6
gca peak = 0.09134 (79)
mri peak = 0.16638 (80)
Brain_Stem (16): linear fit = 1.03 x + 0.0 (12868 voxels, overlap=0.538)
Brain_Stem (16): linear fit = 1.03 x + 0.0 (12868 voxels, peak = 82), gca=81.8
gca peak = 0.11697 (90)
mri peak = 0.06926 (91)
Right_VentralDC (60): linear fit = 1.00 x + 0.0 (1457 voxels, overlap=0.826)
Right_VentralDC (60): linear fit = 1.00 x + 0.0 (1457 voxels, peak = 90), gca=89.6
gca peak = 0.12888 (95)
mri peak = 0.07305 (96)
Left_VentralDC (28): linear fit = 1.00 x + 0.0 (1248 voxels, overlap=0.895)
Left_VentralDC (28): linear fit = 1.00 x + 0.0 (1248 voxels, peak = 95), gca=95.0
gca peak = 0.20010 (30)
mri peak = 0.15927 (29)
Third_Ventricle (14): linear fit = 1.04 x + 0.0 (55 voxels, overlap=1.004)
Third_Ventricle (14): linear fit = 1.04 x + 0.0 (55 voxels, peak = 31), gca=31.3
gca peak = 0.15149 (20)
mri peak = 0.22413 (26)
Fourth_Ventricle (15): linear fit = 1.23 x + 0.0 (242 voxels, overlap=0.431)
Fourth_Ventricle (15): linear fit = 1.23 x + 0.0 (242 voxels, peak = 24), gca=24.5
gca peak Unknown = 0.94777 ( 0)
gca peak Left_Inf_Lat_Vent = 0.14083 (36)
gca peak CSF = 0.15661 (42)
gca peak Left_Accumbens_area = 0.60261 (70)
gca peak Left_undetermined = 0.99358 (34)
gca peak Left_vessel = 0.63642 (53)
gca peak Left_choroid_plexus = 0.10470 (35)
gca peak Right_Inf_Lat_Vent = 0.22619 (28)
gca peak Right_Accumbens_area = 0.28264 (82)
gca peak Right_vessel = 0.77268 (52)
gca peak Right_choroid_plexus = 0.13294 (38)
gca peak Fifth_Ventricle = 0.59466 (43)
gca peak WM_hypointensities = 0.11197 (77)
gca peak non_WM_hypointensities = 0.14216 (41)
gca peak Optic_Chiasm = 0.51663 (76)
not using caudate to estimate GM means
estimating mean gm scale to be 1.00 x + 0.0
estimating mean wm scale to be 1.00 x + 0.0
estimating mean csf scale to be 1.21 x + 0.0
Left_Pallidum too bright - rescaling by 0.994 (from 1.035) to 101.8 (was 102.5)
saving intensity scales to aseg.auto_noCCseg.label_intensities.txt
saving sequentially combined intensity scales to aseg.auto_noCCseg.label_intensities.txt
