GCCcore/11.3.0
zlib/1.2.12-GCCcore-11.3.0
binutils/2.38-GCCcore-11.3.0
GCC/11.3.0
numactl/2.0.14-GCCcore-11.3.0
XZ/5.2.5-GCCcore-11.3.0
libxml2/2.9.13-GCCcore-11.3.0
libpciaccess/0.16-GCCcore-11.3.0
hwloc/2.7.1-GCCcore-11.3.0
OpenSSL/1.1
libevent/2.1.12-GCCcore-11.3.0
UCX/1.12.1-GCCcore-11.3.0
libfabric/1.15.1-GCCcore-11.3.0
PMIx/4.1.2-GCCcore-11.3.0
UCC/1.0.0-GCCcore-11.3.0
OpenMPI/4.1.4-GCC-11.3.0
OpenBLAS/0.3.20-GCC-11.3.0
FlexiBLAS/3.2.0-GCC-11.3.0
FFTW/3.3.10-GCC-11.3.0
gompi/2022a
FFTW.MPI/3.3.10-gompi-2022a
ScaLAPACK/2.2.0-gompi-2022a-fb
foss/2022a
bzip2/1.0.8-GCCcore-11.3.0
ncurses/6.3-GCCcore-11.3.0
libreadline/8.1.2-GCCcore-11.3.0
ncurses/6.3-GCCcore-11.3.0
Tcl/8.6.12-GCCcore-11.3.0
SQLite/3.38.3-GCCcore-11.3.0
GMP/6.2.1-GCCcore-11.3.0
libffi/3.4.2-GCCcore-11.3.0
Python/3.10.4-GCCcore-11.3.0
pybind11/2.9.2-GCCcore-11.3.0
SciPy-bundle/2022.05-foss-2022a
libxml2/2.9.13-GCCcore-11.3.0
libxslt/1.1.34-GCCcore-11.3.0
libpng/1.6.37-GCCcore-11.3.0
Brotli/1.0.9-GCCcore-11.3.0
freetype/2.12.1-GCCcore-11.3.0
expat/2.4.8-GCCcore-11.3.0
util-linux/2.38-GCCcore-11.3.0
fontconfig/2.14.0-GCCcore-11.3.0
xorg-macros/1.19.3-GCCcore-11.3.0
X11/20220504-GCCcore-11.3.0
Tk/8.6.12-GCCcore-11.3.0
Tkinter/3.10.4-GCCcore-11.3.0
NASM/2.15.05-GCCcore-11.3.0
libjpeg-turbo/2.1.3-GCCcore-11.3.0
jbigkit/2.1-GCCcore-11.3.0
gzip/1.12-GCCcore-11.3.0
lz4/1.9.3-GCCcore-11.3.0
zstd/1.5.2-GCCcore-11.3.0
libdeflate/1.10-GCCcore-11.3.0
LibTIFF/4.3.0-GCCcore-11.3.0
Pillow/9.1.1-GCCcore-11.3.0
Qhull/2020.2-GCCcore-11.3.0
matplotlib/3.5.2-foss-2022a
tqdm/4.64.0-GCCcore-11.3.0
scikit-learn/1.1.2-foss-2022a
LLVM/12.0.1-GCCcore-11.3.0
numba/0.56.4-foss-2022a
pydicom/2.3.0-GCCcore-11.3.0
NiBabel/4.0.2-foss-2022a
Szip/2.1.1-GCCcore-11.3.0
HDF5/1.12.2-gompi-2022a
h5py/3.7.0-foss-2022a
imageio/2.22.2-foss-2022a
libdrm/2.4.110-GCCcore-11.3.0
libglvnd/1.4.0-GCCcore-11.3.0
libunwind/1.6.2-GCCcore-11.3.0
Mesa/22.0.3-GCCcore-11.3.0
libGLU/9.0.2-GCCcore-11.3.0
VTK/9.2.2-foss-2022a
MNE-Python/1.3.1-foss-2022a
MCR/R2019b.8
FreeSurfer/7.4.1-centos8_x86_64
fs-check-version --s sub-CC120120_T1w --o /tmp/tmp.NLAQsa
Fri Sep 20 11:38:41 BST 2024

setenv SUBJECTS_DIR /rds/projects/q/quinna-camcan/cc700/mri/pipeline/release004/BIDS_20190411/anat
cd /rds/projects/q/quinna-camcan/ghafarit-scripts/github/camcan-laterality/mne_python/source
/rds/bear-apps/2022a/EL8-ice/software/FreeSurfer/7.4.1-centos8_x86_64/bin/fs-check-version --s sub-CC120120_T1w --o /tmp/tmp.NLAQsa
-rwxrwxr-x 1 branfosj-admin build 18565 Jun 14  2023 /rds/bear-apps/2022a/EL8-ice/software/FreeSurfer/7.4.1-centos8_x86_64/bin/fs-check-version

freesurfer-linux-centos8_x86_64-7.4.1-20230613-7eb8460
$Id$
Linux bear-pg0210u19b.bear.cluster 4.18.0-372.32.1.el8_6.x86_64 #1 SMP Fri Oct 7 12:35:10 EDT 2022 x86_64 x86_64 x86_64 GNU/Linux
pid 3381738
Current FS Version freesurfer-linux-centos8_x86_64-7.4.1-20230613-7eb8460
Subject does not have a bstampfile, copying /rds/bear-apps/2022a/EL8-ice/software/FreeSurfer/7.4.1-centos8_x86_64/build-stamp.txt
Subject FS Version: freesurfer-linux-centos8_x86_64-7.4.1-20230613-7eb8460
No constraints on version because REQ=UnSet and FsVerFile=NotThere
#@#% fs-check-version match = 1
fs-check-version Done
INFO: SUBJECTS_DIR is /rds/projects/q/quinna-camcan/cc700/mri/pipeline/release004/BIDS_20190411/anat
Actual FREESURFER_HOME /rds/bear-apps/2022a/EL8-ice/software/FreeSurfer/7.4.1-centos8_x86_64
Linux bear-pg0210u19b.bear.cluster 4.18.0-372.32.1.el8_6.x86_64 #1 SMP Fri Oct 7 12:35:10 EDT 2022 x86_64 x86_64 x86_64 GNU/Linux
/rds/projects/q/quinna-camcan/cc700/mri/pipeline/release004/BIDS_20190411/anat/sub-CC120120_T1w

 mri_convert /rds/projects/q/quinna-camcan/cc700/mri/pipeline/release004/BIDS_20190411/anat/sub-CC120120/anat/sub-CC120120_T1w.nii.gz /rds/projects/q/quinna-camcan/cc700/mri/pipeline/release004/BIDS_20190411/anat/sub-CC120120_T1w/mri/orig/001.mgz 

mri_convert /rds/projects/q/quinna-camcan/cc700/mri/pipeline/release004/BIDS_20190411/anat/sub-CC120120/anat/sub-CC120120_T1w.nii.gz /rds/projects/q/quinna-camcan/cc700/mri/pipeline/release004/BIDS_20190411/anat/sub-CC120120_T1w/mri/orig/001.mgz 
reading from /rds/projects/q/quinna-camcan/cc700/mri/pipeline/release004/BIDS_20190411/anat/sub-CC120120/anat/sub-CC120120_T1w.nii.gz...
TR=0.00, TE=0.00, TI=0.00, flip angle=0.00
i_ras = (-0.019222, -0.999815, 0)
j_ras = (0.013941, -0.000267982, 0.999903)
k_ras = (0.999718, -0.0192204, -0.0139439)
writing to /rds/projects/q/quinna-camcan/cc700/mri/pipeline/release004/BIDS_20190411/anat/sub-CC120120_T1w/mri/orig/001.mgz...
@#@FSTIME  2024:09:20:11:38:47 mri_convert N 2 e 4.49 S 0.02 U 4.38 P 98% M 54636 F 1 R 1354 W 0 c 14 w 30 I 48 O 0 L 51.78 52.23 52.48
@#@FSLOADPOST 2024:09:20:11:38:51 mri_convert N 2 51.80 52.23 52.47
#--------------------------------------------
#@# MotionCor Fri Sep 20 11:38:52 BST 2024
Found 1 runs
/rds/projects/q/quinna-camcan/cc700/mri/pipeline/release004/BIDS_20190411/anat/sub-CC120120_T1w/mri/orig/001.mgz
Checking for (invalid) multi-frame inputs...
Only one run found so motion
correction will not be performed. I'll
copy the run to rawavg and continue.

 cp /rds/projects/q/quinna-camcan/cc700/mri/pipeline/release004/BIDS_20190411/anat/sub-CC120120_T1w/mri/orig/001.mgz /rds/projects/q/quinna-camcan/cc700/mri/pipeline/release004/BIDS_20190411/anat/sub-CC120120_T1w/mri/rawavg.mgz 


 mri_info /rds/projects/q/quinna-camcan/cc700/mri/pipeline/release004/BIDS_20190411/anat/sub-CC120120_T1w/mri/rawavg.mgz 

rawavg.mgz ========================================
Volume information for /rds/projects/q/quinna-camcan/cc700/mri/pipeline/release004/BIDS_20190411/anat/sub-CC120120_T1w/mri/rawavg.mgz
          type: MGH
    dimensions: 256 x 256 x 192
   voxel sizes: 1.000000, 1.000000, 1.000000
          type: FLOAT (3)
           fov: 256.000
           dof: 1
        xstart: -128.0, xend: 128.0
        ystart: -128.0, yend: 128.0
        zstart: -96.0, zend: 96.0
            TR: 0.00 msec, TE: 0.00 msec, TI: 0.00 msec, flip angle: 0.00 degrees
       nframes: 1
       PhEncDir: UNKNOWN
       FieldStrength: 0.000000
ras xform present
    xform info: x_r =  -0.0192, y_r =   0.0139, z_r =   0.9997, c_r =    -0.6236
              : x_a =  -0.9998, y_a =  -0.0003, z_a =  -0.0192, c_a =    31.8574
              : x_s =   0.0000, y_s =   0.9999, z_s =  -0.0139, c_s =   -13.5045

talairach xfm : 
Orientation   : PSR
Primary Slice Direction: sagittal

voxel to ras transform:
               -0.0192   0.0139   0.9997   -95.9206
               -0.9998  -0.0003  -0.0192   161.7131
                0.0000   0.9999  -0.0139  -140.1535
                0.0000   0.0000   0.0000     1.0000

voxel-to-ras determinant -1

ras to voxel transform:
               -0.0192  -0.9998   0.0000   159.8395
                0.0139  -0.0003   0.9999   141.5205
                0.9997  -0.0192  -0.0139    97.0475
               -0.0000  -0.0000  -0.0000     1.0000
/rds/projects/q/quinna-camcan/cc700/mri/pipeline/release004/BIDS_20190411/anat/sub-CC120120_T1w

 mri_convert /rds/projects/q/quinna-camcan/cc700/mri/pipeline/release004/BIDS_20190411/anat/sub-CC120120_T1w/mri/rawavg.mgz /rds/projects/q/quinna-camcan/cc700/mri/pipeline/release004/BIDS_20190411/anat/sub-CC120120_T1w/mri/orig.mgz --conform 

mri_convert /rds/projects/q/quinna-camcan/cc700/mri/pipeline/release004/BIDS_20190411/anat/sub-CC120120_T1w/mri/rawavg.mgz /rds/projects/q/quinna-camcan/cc700/mri/pipeline/release004/BIDS_20190411/anat/sub-CC120120_T1w/mri/orig.mgz --conform 
reading from /rds/projects/q/quinna-camcan/cc700/mri/pipeline/release004/BIDS_20190411/anat/sub-CC120120_T1w/mri/rawavg.mgz...
TR=0.00, TE=0.00, TI=0.00, flip angle=0.00
i_ras = (-0.019222, -0.999815, 0)
j_ras = (0.013941, -0.000267982, 0.999903)
k_ras = (0.999718, -0.0192204, -0.0139439)
changing data type from float to uchar (noscale = 0)...
MRIchangeType: Building histogram 0 797 1000, flo=0, fhi=0.999, dest_type=0
Reslicing using trilinear interpolation 
writing to /rds/projects/q/quinna-camcan/cc700/mri/pipeline/release004/BIDS_20190411/anat/sub-CC120120_T1w/mri/orig.mgz...
@#@FSTIME  2024:09:20:11:38:56 mri_convert N 3 e 2.96 S 0.03 U 2.92 P 99% M 66848 F 0 R 6616 W 0 c 13 w 16 I 0 O 0 L 51.73 52.21 52.46
@#@FSLOADPOST 2024:09:20:11:38:59 mri_convert N 3 51.67 52.19 52.46

 mri_add_xform_to_header -c /rds/projects/q/quinna-camcan/cc700/mri/pipeline/release004/BIDS_20190411/anat/sub-CC120120_T1w/mri/transforms/talairach.xfm /rds/projects/q/quinna-camcan/cc700/mri/pipeline/release004/BIDS_20190411/anat/sub-CC120120_T1w/mri/orig.mgz /rds/projects/q/quinna-camcan/cc700/mri/pipeline/release004/BIDS_20190411/anat/sub-CC120120_T1w/mri/orig.mgz 

INFO: extension is mgz
@#@FSTIME  2024:09:20:11:38:59 mri_add_xform_to_header N 4 e 1.39 S 0.01 U 1.33 P 96% M 21540 F 0 R 1304 W 0 c 7 w 22 I 0 O 0 L 51.67 52.19 52.46
@#@FSLOADPOST 2024:09:20:11:39:00 mri_add_xform_to_header N 4 51.67 52.19 52.46

 mri_info /rds/projects/q/quinna-camcan/cc700/mri/pipeline/release004/BIDS_20190411/anat/sub-CC120120_T1w/mri/orig.mgz 

orig.mgz ========================================
Volume information for /rds/projects/q/quinna-camcan/cc700/mri/pipeline/release004/BIDS_20190411/anat/sub-CC120120_T1w/mri/orig.mgz
          type: MGH
    dimensions: 256 x 256 x 256
   voxel sizes: 1.000000, 1.000000, 1.000000
          type: UCHAR (0)
           fov: 256.000
           dof: 1
        xstart: -128.0, xend: 128.0
        ystart: -128.0, yend: 128.0
        zstart: -128.0, zend: 128.0
            TR: 0.00 msec, TE: 0.00 msec, TI: 0.00 msec, flip angle: 0.00 degrees
       nframes: 1
       PhEncDir: UNKNOWN
       FieldStrength: 0.000000
ras xform present
    xform info: x_r =  -1.0000, y_r =   0.0000, z_r =   0.0000, c_r =    -0.6236
              : x_a =   0.0000, y_a =   0.0000, z_a =   1.0000, c_a =    31.8574
              : x_s =   0.0000, y_s =  -1.0000, z_s =   0.0000, c_s =   -13.5045

talairach xfm : /rds/projects/q/quinna-camcan/cc700/mri/pipeline/release004/BIDS_20190411/anat/sub-CC120120_T1w/mri/transforms/talairach.xfm
Orientation   : LIA
Primary Slice Direction: coronal

voxel to ras transform:
               -1.0000   0.0000   0.0000   127.3764
                0.0000   0.0000   1.0000   -96.1426
                0.0000  -1.0000   0.0000   114.4955
                0.0000   0.0000   0.0000     1.0000

voxel-to-ras determinant -1

ras to voxel transform:
               -1.0000  -0.0000  -0.0000   127.3764
               -0.0000  -0.0000  -1.0000   114.4955
               -0.0000   1.0000  -0.0000    96.1426
               -0.0000  -0.0000  -0.0000     1.0000
#--------------------------------------------
#@# Talairach Fri Sep 20 11:39:00 BST 2024
/rds/projects/q/quinna-camcan/cc700/mri/pipeline/release004/BIDS_20190411/anat/sub-CC120120_T1w/mri

 mri_nu_correct.mni --no-rescale --i orig.mgz --o orig_nu.mgz --ants-n4 --n 1 --proto-iters 1000 --distance 50 

/usr/bin/bc
/rds/projects/q/quinna-camcan/cc700/mri/pipeline/release004/BIDS_20190411/anat/sub-CC120120_T1w/mri
/rds/bear-apps/2022a/EL8-ice/software/FreeSurfer/7.4.1-centos8_x86_64/bin/mri_nu_correct.mni
--no-rescale --i orig.mgz --o orig_nu.mgz --ants-n4 --n 1 --proto-iters 1000 --distance 50
nIters 1
mri_nu_correct.mni 7.4.1
Linux bear-pg0210u19b.bear.cluster 4.18.0-372.32.1.el8_6.x86_64 #1 SMP Fri Oct 7 12:35:10 EDT 2022 x86_64 x86_64 x86_64 GNU/Linux
Fri Sep 20 11:39:01 BST 2024
tmpdir is ./tmp.mri_nu_correct.mni.3382287
cd /rds/projects/q/quinna-camcan/cc700/mri/pipeline/release004/BIDS_20190411/anat/sub-CC120120_T1w/mri
AntsN4BiasFieldCorrectionFs -i orig.mgz -o ./tmp.mri_nu_correct.mni.3382287/nu0.mgz --dtype uchar
AntsN4BiasFieldCorrectionFs done
mri_convert ./tmp.mri_nu_correct.mni.3382287/nu0.mgz orig_nu.mgz --like orig.mgz --conform
mri_convert ./tmp.mri_nu_correct.mni.3382287/nu0.mgz orig_nu.mgz --like orig.mgz --conform 
reading from ./tmp.mri_nu_correct.mni.3382287/nu0.mgz...
TR=0.00, TE=0.00, TI=0.00, flip angle=0.00
i_ras = (-1, 0, 0)
j_ras = (9.31323e-10, 0, -1)
k_ras = (0, 1, 0)
INFO: transform src into the like-volume: orig.mgz
writing to orig_nu.mgz...
 
 
Fri Sep 20 11:40:56 BST 2024
mri_nu_correct.mni done
@#@FSTIME  2024:09:20:11:39:01 mri_nu_correct.mni N 12 e 115.52 S 0.34 U 114.61 P 99% M 517044 F 0 R 30315 W 0 c 500 w 155 I 0 O 0 L 51.67 52.19 52.46
@#@FSLOADPOST 2024:09:20:11:40:56 mri_nu_correct.mni N 12 51.44 51.94 52.33

 talairach_avi --i orig_nu.mgz --xfm transforms/talairach.auto.xfm 

talairach_avi log file is transforms/talairach_avi.log...
mv -f /rds/projects/q/quinna-camcan/cc700/mri/pipeline/release004/BIDS_20190411/anat/sub-CC120120_T1w/mri/talsrcimg_to_711-2C_as_mni_average_305_t4_vox2vox.txt /rds/projects/q/quinna-camcan/cc700/mri/pipeline/release004/BIDS_20190411/anat/sub-CC120120_T1w/mri/transforms/talsrcimg_to_711-2C_as_mni_average_305_t4_vox2vox.txt
Started at Fri Sep 20 11:40:56 BST 2024
Ended   at Fri Sep 20 11:41:14 BST 2024
talairach_avi done
@#@FSTIME  2024:09:20:11:40:56 talairach_avi N 4 e 17.57 S 0.99 U 10.34 P 64% M 255980 F 0 R 37954 W 0 c 60 w 540 I 0 O 32 L 51.44 51.94 52.33
@#@FSLOADPOST 2024:09:20:11:41:14 talairach_avi N 4 51.40 51.90 52.31

 cp transforms/talairach.auto.xfm transforms/talairach.xfm 

lta_convert --src orig.mgz --trg /rds/bear-apps/2022a/EL8-ice/software/FreeSurfer/7.4.1-centos8_x86_64/average/mni305.cor.mgz --inxfm transforms/talairach.xfm --outlta transforms/talairach.xfm.lta --subject fsaverage --ltavox2vox
7.4.1

--src: orig.mgz src image (geometry).
--trg: /rds/bear-apps/2022a/EL8-ice/software/FreeSurfer/7.4.1-centos8_x86_64/average/mni305.cor.mgz trg image (geometry).
--inmni: transforms/talairach.xfm input MNI/XFM transform.
--outlta: transforms/talairach.xfm.lta output LTA.
--s: fsaverage subject name
--ltavox2vox: output LTA as VOX_TO_VOX transform.
 LTA read, type : 1
 1.10554  -0.04602  -0.00229   2.86708;
 0.00386   1.01503   0.18955  -22.99418;
 0.00996  -0.16206   1.10224   29.92224;
 0.00000   0.00000   0.00000   1.00000;
setting subject to fsaverage
Writing  LTA to file transforms/talairach.xfm.lta...
lta_convert successful.
/rds/projects/q/quinna-camcan/cc700/mri/pipeline/release004/BIDS_20190411/anat/sub-CC120120_T1w/mri/transforms /rds/projects/q/quinna-camcan/cc700/mri/pipeline/release004/BIDS_20190411/anat/sub-CC120120_T1w/mri 
/rds/projects/q/quinna-camcan/cc700/mri/pipeline/release004/BIDS_20190411/anat/sub-CC120120_T1w/mri 
#--------------------------------------------
#@# Nu Intensity Correction Fri Sep 20 11:41:16 BST 2024

 mri_nu_correct.mni --i orig.mgz --o nu.mgz --uchar transforms/talairach.xfm --n 2 --ants-n4 

/usr/bin/bc
/rds/projects/q/quinna-camcan/cc700/mri/pipeline/release004/BIDS_20190411/anat/sub-CC120120_T1w/mri
/rds/bear-apps/2022a/EL8-ice/software/FreeSurfer/7.4.1-centos8_x86_64/bin/mri_nu_correct.mni
--i orig.mgz --o nu.mgz --uchar transforms/talairach.xfm --n 2 --ants-n4
nIters 2
mri_nu_correct.mni 7.4.1
Linux bear-pg0210u19b.bear.cluster 4.18.0-372.32.1.el8_6.x86_64 #1 SMP Fri Oct 7 12:35:10 EDT 2022 x86_64 x86_64 x86_64 GNU/Linux
Fri Sep 20 11:41:17 BST 2024
tmpdir is ./tmp.mri_nu_correct.mni.3384126
cd /rds/projects/q/quinna-camcan/cc700/mri/pipeline/release004/BIDS_20190411/anat/sub-CC120120_T1w/mri
AntsN4BiasFieldCorrectionFs -i orig.mgz -o ./tmp.mri_nu_correct.mni.3384126/nu0.mgz --dtype uchar
AntsN4BiasFieldCorrectionFs done
mri_binarize --i ./tmp.mri_nu_correct.mni.3384126/nu0.mgz --min -1 --o ./tmp.mri_nu_correct.mni.3384126/ones.mgz

7.4.1
cwd /rds/projects/q/quinna-camcan/cc700/mri/pipeline/release004/BIDS_20190411/anat/sub-CC120120_T1w/mri
cmdline mri_binarize --i ./tmp.mri_nu_correct.mni.3384126/nu0.mgz --min -1 --o ./tmp.mri_nu_correct.mni.3384126/ones.mgz 
sysname  Linux
hostname bear-pg0210u19b.bear.cluster
machine  x86_64
user     ghafarit

input      ./tmp.mri_nu_correct.mni.3384126/nu0.mgz
frame      0
nErode3d   0
nErode2d   0
output     ./tmp.mri_nu_correct.mni.3384126/ones.mgz
Binarizing based on threshold
min        -1
max        +infinity
binval        1
binvalnot     0
fstart = 0, fend = 0, nframes = 1
Starting parallel 1
Found 16777216 values in range
Counting number of voxels in first frame
Found 16777215 voxels in final mask
Writing output to ./tmp.mri_nu_correct.mni.3384126/ones.mgz
Count: 16777215 16777215.000000 16777216 99.999994
mri_binarize done
mri_segstats --id 1 --seg ./tmp.mri_nu_correct.mni.3384126/ones.mgz --i orig.mgz --sum ./tmp.mri_nu_correct.mni.3384126/sum.junk --avgwf ./tmp.mri_nu_correct.mni.3384126/input.mean.dat

7.4.1
cwd 
cmdline mri_segstats --id 1 --seg ./tmp.mri_nu_correct.mni.3384126/ones.mgz --i orig.mgz --sum ./tmp.mri_nu_correct.mni.3384126/sum.junk --avgwf ./tmp.mri_nu_correct.mni.3384126/input.mean.dat 
sysname  Linux
hostname bear-pg0210u19b.bear.cluster
machine  x86_64
user     ghafarit
whitesurfname  white
UseRobust  0
Loading ./tmp.mri_nu_correct.mni.3384126/ones.mgz
Loading orig.mgz
Voxel Volume is 1 mm^3
Generating list of segmentation ids
Found   1 segmentations
Computing statistics for each segmentation

Reporting on   1 segmentations
Using PrintSegStat
Computing spatial average of each frame

Writing to ./tmp.mri_nu_correct.mni.3384126/input.mean.dat
mri_segstats done
mri_segstats --id 1 --seg ./tmp.mri_nu_correct.mni.3384126/ones.mgz --i ./tmp.mri_nu_correct.mni.3384126/nu0.mgz --sum ./tmp.mri_nu_correct.mni.3384126/sum.junk --avgwf ./tmp.mri_nu_correct.mni.3384126/output.mean.dat

7.4.1
cwd 
cmdline mri_segstats --id 1 --seg ./tmp.mri_nu_correct.mni.3384126/ones.mgz --i ./tmp.mri_nu_correct.mni.3384126/nu0.mgz --sum ./tmp.mri_nu_correct.mni.3384126/sum.junk --avgwf ./tmp.mri_nu_correct.mni.3384126/output.mean.dat 
sysname  Linux
hostname bear-pg0210u19b.bear.cluster
machine  x86_64
user     ghafarit
whitesurfname  white
UseRobust  0
Loading ./tmp.mri_nu_correct.mni.3384126/ones.mgz
Loading ./tmp.mri_nu_correct.mni.3384126/nu0.mgz
Voxel Volume is 1 mm^3
Generating list of segmentation ids
Found   1 segmentations
Computing statistics for each segmentation

Reporting on   1 segmentations
Using PrintSegStat
Computing spatial average of each frame

Writing to ./tmp.mri_nu_correct.mni.3384126/output.mean.dat
mri_segstats done
mris_calc -o ./tmp.mri_nu_correct.mni.3384126/nu0.mgz ./tmp.mri_nu_correct.mni.3384126/nu0.mgz mul 1.13971059003479328075
Saving result to './tmp.mri_nu_correct.mni.3384126/nu0.mgz' (type = MGH )                       [ ok ]
mri_convert ./tmp.mri_nu_correct.mni.3384126/nu0.mgz nu.mgz --like orig.mgz
mri_convert ./tmp.mri_nu_correct.mni.3384126/nu0.mgz nu.mgz --like orig.mgz 
reading from ./tmp.mri_nu_correct.mni.3384126/nu0.mgz...
TR=0.00, TE=0.00, TI=0.00, flip angle=0.00
i_ras = (-1, 0, 0)
j_ras = (9.31323e-10, 0, -1)
k_ras = (0, 1, 0)
INFO: transform src into the like-volume: orig.mgz
writing to nu.mgz...
mri_make_uchar nu.mgz transforms/talairach.xfm nu.mgz
type change took 0 minutes and 3 seconds.
FIRST_PERCENTILE 0.010000
WM_PERCENTILE    0.900000
MAX_R 50.000000
i1 = 3, i2 = 54
#mri_make_uchar# mapping  7 126 to  3 110  :  b -3.77059 m 0.902941 : thresh 4.1759 maxsat 286.586 : nzero 13008875 nsat 0
 
 
Fri Sep 20 11:43:26 BST 2024
mri_nu_correct.mni done
@#@FSTIME  2024:09:20:11:41:16 mri_nu_correct.mni N 9 e 129.51 S 0.79 U 128.18 P 99% M 612328 F 0 R 175822 W 0 c 379 w 317 I 0 O 0 L 51.40 51.90 52.31
@#@FSLOADPOST 2024:09:20:11:43:26 mri_nu_correct.mni N 9 51.39 51.76 52.20

 mri_add_xform_to_header -c /rds/projects/q/quinna-camcan/cc700/mri/pipeline/release004/BIDS_20190411/anat/sub-CC120120_T1w/mri/transforms/talairach.xfm nu.mgz nu.mgz 

INFO: extension is mgz
@#@FSTIME  2024:09:20:11:43:26 mri_add_xform_to_header N 4 e 0.35 S 0.01 U 0.33 P 98% M 21540 F 0 R 1310 W 0 c 3 w 17 I 0 O 0 L 51.39 51.76 52.20
@#@FSLOADPOST 2024:09:20:11:43:26 mri_add_xform_to_header N 4 51.39 51.76 52.20
#--------------------------------------------
#@# Intensity Normalization Fri Sep 20 11:43:26 BST 2024
/rds/projects/q/quinna-camcan/cc700/mri/pipeline/release004/BIDS_20190411/anat/sub-CC120120_T1w/mri

 mri_normalize -g 1 -seed 1234 -mprage nu.mgz T1.mgz 

using max gradient = 1.000
setting seed for random number genererator to 1234
assuming input volume is MGH (Van der Kouwe) MP-RAGE
reading mri_src from nu.mgz...
normalizing image...
NOT doing gentle normalization with control points/label
talairach transform
 1.10554  -0.04602  -0.00229   2.86708;
 0.00386   1.01503   0.18955  -22.99418;
 0.00996  -0.16206   1.10224   29.92224;
 0.00000   0.00000   0.00000   1.00000;
processing without aseg, no1d=0
MRInormInit(): 
INFO: Modifying talairach volume c_(r,a,s) based on average_305
MRInormalize(): 
MRIsplineNormalize(): npeaks = 19
Starting OpenSpline(): npoints = 19
building Voronoi diagram...
performing soap bubble smoothing, sigma = 8...

Iterating 2 times
---------------------------------
3d normalization pass 1 of 2
white matter peak found at 110
white matter peak found at 109
gm peak at 83 (83), valley at 49 (49)
csf peak at 30, setting threshold to 65
building Voronoi diagram...
performing soap bubble smoothing, sigma = 8...
---------------------------------
3d normalization pass 2 of 2
white matter peak found at 110
white matter peak found at 110
gm peak at 84 (84), valley at 40 (40)
csf peak at 10, setting threshold to 59
building Voronoi diagram...
performing soap bubble smoothing, sigma = 8...
Done iterating ---------------------------------
writing output to T1.mgz
3D bias adjustment took 1 minutes and 15 seconds.
@#@FSTIME  2024:09:20:11:43:27 mri_normalize N 7 e 75.60 S 0.14 U 75.20 P 99% M 583852 F 0 R 11895 W 0 c 394 w 17 I 0 O 0 L 51.39 51.76 52.20
@#@FSLOADPOST 2024:09:20:11:44:42 mri_normalize N 7 51.94 51.78 52.17
#--------------------------------------------
#@# Skull Stripping Fri Sep 20 11:44:42 BST 2024
/rds/projects/q/quinna-camcan/cc700/mri/pipeline/release004/BIDS_20190411/anat/sub-CC120120_T1w/mri

 mri_em_register -skull nu.mgz /rds/bear-apps/2022a/EL8-ice/software/FreeSurfer/7.4.1-centos8_x86_64/average/RB_all_withskull_2020_01_02.gca transforms/talairach_with_skull.lta 

aligning to atlas containing skull, setting unknown_nbr_spacing = 5

== Number of threads available to mri_em_register for OpenMP = 1 == 
reading 1 input volumes...
logging results to talairach_with_skull.log
reading '/rds/bear-apps/2022a/EL8-ice/software/FreeSurfer/7.4.1-centos8_x86_64/average/RB_all_withskull_2020_01_02.gca'...
GCAread took 0 minutes and 1 seconds.
average std = 23.0   using min determinant for regularization = 52.8
0 singular and 9205 ill-conditioned covariance matrices regularized
reading 'nu.mgz'...
freeing gibbs priors...done.
accounting for voxel sizes in initial transform
bounding unknown intensity as < 8.9 or > 556.0 
total sample mean = 77.3 (1403 zeros)
************************************************
spacing=8, using 3292 sample points, tol=1.00e-05...
************************************************
register_mri: find_optimal_transform
find_optimal_transform: nsamples 3292, passno 0, spacing 8
resetting wm mean[0]: 100 --> 108
resetting gm mean[0]: 61 --> 61
input volume #1 is the most T1-like
using real data threshold=18.0
skull bounding box = (48, 57, 0) --> (206, 255, 208)
finding center of left hemi white matter
using (101, 123, 104) as brain centroid of Right_Cerebral_White_Matter...
MRImask(): AllowDiffGeom = 1
mean wm in atlas = 108, using box (82,99,78) --> (120, 147,129) to find MRI wm
before smoothing, mri peak at 107
robust fit to distribution - 106 +- 4.4
after smoothing, mri peak at 106, scaling input intensities by 1.019
scaling channel 0 by 1.01887
initial log_p = -4.563
************************************************
First Search limited to translation only.
************************************************
max log p =    -4.513446 @ (-10.526, -10.526, 10.526)
max log p =    -4.404008 @ (5.263, -5.263, -5.263)
max log p =    -4.360210 @ (2.632, -2.632, -2.632)
max log p =    -4.350638 @ (1.316, -3.947, 1.316)
max log p =    -4.335086 @ (0.658, 4.605, -0.658)
max log p =    -4.335086 @ (0.000, 0.000, 0.000)
max log p =    -4.335086 @ (0.000, 0.000, 0.000)
max log p =    -4.335086 @ (0.000, 0.000, 0.000)
Found translation: (-0.7, -17.8, 3.3): log p = -4.335
****************************************
Nine parameter search.  iteration 0 nscales = 0 ...
****************************************
Result so far: scale 1.000: max_log_p=-4.182, old_max_log_p =-4.335 (thresh=-4.3)
 1.15000   0.00000   0.00000  -19.52195;
 0.00000   1.14016   0.15011  -46.90639;
 0.00000  -0.15011   1.14016   4.79525;
 0.00000   0.00000   0.00000   1.00000;
iteration took 1 minutes and 2 seconds.
****************************************
Nine parameter search.  iteration 1 nscales = 0 ...
****************************************
Result so far: scale 1.000: max_log_p=-4.137, old_max_log_p =-4.182 (thresh=-4.2)
 1.15000   0.00000   0.00000  -27.02195;
 0.00000   1.14016   0.15011  -46.90639;
 0.00000  -0.13885   1.05465   20.27316;
 0.00000   0.00000   0.00000   1.00000;
iteration took 1 minutes and 1 seconds.
****************************************
Nine parameter search.  iteration 2 nscales = 0 ...
****************************************
Result so far: scale 1.000: max_log_p=-4.137, old_max_log_p =-4.137 (thresh=-4.1)
 1.15000   0.00000   0.00000  -27.02195;
 0.00000   1.14016   0.15011  -46.90639;
 0.00000  -0.13885   1.05465   20.27316;
 0.00000   0.00000   0.00000   1.00000;
reducing scale to 0.2500
iteration took 1 minutes and 1 seconds.
****************************************
Nine parameter search.  iteration 3 nscales = 1 ...
****************************************
Result so far: scale 0.250: max_log_p=-4.052, old_max_log_p =-4.137 (thresh=-4.1)
 1.08380   0.07616   0.00786  -25.10455;
-0.07104   1.16191   0.11988  -37.72374;
 0.00000  -0.09664   1.03877   13.60913;
 0.00000   0.00000   0.00000   1.00000;
iteration took 0 minutes and 56 seconds.
****************************************
Nine parameter search.  iteration 4 nscales = 1 ...
****************************************
Result so far: scale 0.250: max_log_p=-4.048, old_max_log_p =-4.052 (thresh=-4.0)
 1.08148   0.06967   0.07578  -31.16357;
-0.07237   1.18370   0.12213  -39.22060;
-0.06955  -0.09952   1.01661   27.15812;
 0.00000   0.00000   0.00000   1.00000;
iteration took 0 minutes and 58 seconds.
****************************************
Nine parameter search.  iteration 5 nscales = 1 ...
****************************************
Result so far: scale 0.250: max_log_p=-4.045, old_max_log_p =-4.048 (thresh=-4.0)
 1.08612  -0.00155   0.00112  -15.02783;
-0.00133   1.18614   0.12247  -48.67141;
 0.00130  -0.09297   1.00027   17.00613;
 0.00000   0.00000   0.00000   1.00000;
reducing scale to 0.0625
iteration took 0 minutes and 59 seconds.
****************************************
Nine parameter search.  iteration 6 nscales = 2 ...
****************************************
Result so far: scale 0.062: max_log_p=-4.039, old_max_log_p =-4.045 (thresh=-4.0)
 1.08808   0.00557   0.03483  -19.05458;
-0.01038   1.18268   0.11360  -46.97312;
-0.03429  -0.08307   0.99949   20.19540;
 0.00000   0.00000   0.00000   1.00000;
iteration took 0 minutes and 50 seconds.
****************************************
Nine parameter search.  iteration 7 nscales = 2 ...
****************************************
Result so far: scale 0.062: max_log_p=-4.032, old_max_log_p =-4.039 (thresh=-4.0)
 1.08344   0.05577   0.01487  -22.46135;
-0.05475   1.17864   0.11255  -41.50370;
-0.00756  -0.08230   0.99656   16.03839;
 0.00000   0.00000   0.00000   1.00000;
iteration took 0 minutes and 50 seconds.
****************************************
Nine parameter search.  iteration 8 nscales = 2 ...
****************************************
Result so far: scale 0.062: max_log_p=-4.030, old_max_log_p =-4.032 (thresh=-4.0)
 1.08344   0.05577   0.01487  -22.46135;
-0.05463   1.17587   0.11229  -41.07336;
-0.00755  -0.08221   0.99539   16.15013;
 0.00000   0.00000   0.00000   1.00000;
min search scale 0.025000 reached
***********************************************
Computing MAP estimate using 3292 samples...
***********************************************
dt = 5.00e-06, momentum=0.80, tol=1.00e-05
l_intensity = 1.0000
Aligning input volume to GCA...
Transform matrix
 1.08344   0.05577   0.01487  -22.46135;
-0.05463   1.17587   0.11229  -41.07336;
-0.00755  -0.08221   0.99539   16.15013;
 0.00000   0.00000   0.00000   1.00000;
nsamples 3292
Quasinewton: input matrix
 1.08344   0.05577   0.01487  -22.46135;
-0.05463   1.17587   0.11229  -41.07336;
-0.00755  -0.08221   0.99539   16.15013;
 0.00000   0.00000   0.00000   1.00000;
 IFLAG= -1  LINE SEARCH FAILED. SEE DOCUMENTATION OF ROUTINE MCSRCH ERROR RETURN OF LINE SEARCH: INFO= 4 POSSIBLE CAUSES: FUNCTION OR GRADIENT ARE INCORRECT OR INCORRECT TOLERANCESoutof QuasiNewtonEMA: 011: -log(p) =   -0.0  tol 0.000010
Resulting transform:
 1.08344   0.05577   0.01487  -22.46135;
-0.05463   1.17587   0.11229  -41.07336;
-0.00755  -0.08221   0.99539   16.15013;
 0.00000   0.00000   0.00000   1.00000;

pass 1, spacing 8: log(p) = -4.030 (old=-4.563)
transform before final EM align:
 1.08344   0.05577   0.01487  -22.46135;
-0.05463   1.17587   0.11229  -41.07336;
-0.00755  -0.08221   0.99539   16.15013;
 0.00000   0.00000   0.00000   1.00000;

**************************************************
 EM alignment process ...
 Computing final MAP estimate using 364986 samples. 
**************************************************
dt = 5.00e-06, momentum=0.80, tol=1.00e-07
l_intensity = 1.0000
Aligning input volume to GCA...
Transform matrix
 1.08344   0.05577   0.01487  -22.46135;
-0.05463   1.17587   0.11229  -41.07336;
-0.00755  -0.08221   0.99539   16.15013;
 0.00000   0.00000   0.00000   1.00000;
nsamples 364986
Quasinewton: input matrix
 1.08344   0.05577   0.01487  -22.46135;
-0.05463   1.17587   0.11229  -41.07336;
-0.00755  -0.08221   0.99539   16.15013;
 0.00000   0.00000   0.00000   1.00000;
 IFLAG= -1  LINE SEARCH FAILED. SEE DOCUMENTATION OF ROUTINE MCSRCH ERROR RETURN OF LINE SEARCH: INFO= 6 POSSIBLE CAUSES: FUNCTION OR GRADIENT ARE INCORRECT OR INCORRECT TOLERANCESoutof QuasiNewtonEMA: 013: -log(p) =    4.4  tol 0.000000
final transform:
 1.08344   0.05577   0.01487  -22.46135;
-0.05463   1.17587   0.11229  -41.07336;
-0.00755  -0.08221   0.99539   16.15013;
 0.00000   0.00000   0.00000   1.00000;

writing output transformation to transforms/talairach_with_skull.lta...
#VMPC# mri_em_register VmPeak  796892
FSRUNTIME@ mri_em_register  0.1540 hours 1 threads
registration took 9 minutes and 14 seconds.
@#@FSTIME  2024:09:20:11:44:42 mri_em_register N 4 e 554.37 S 0.87 U 551.49 P 99% M 627320 F 0 R 115921 W 0 c 1680 w 22 I 0 O 0 L 51.94 51.78 52.17
@#@FSLOADPOST 2024:09:20:11:53:57 mri_em_register N 4 50.02 50.45 51.31

 mri_watershed -T1 -brain_atlas /rds/bear-apps/2022a/EL8-ice/software/FreeSurfer/7.4.1-centos8_x86_64/average/RB_all_withskull_2020_01_02.gca transforms/talairach_with_skull.lta T1.mgz brainmask.auto.mgz 


Mode:          T1 normalized volume
Mode:          Use the information of atlas (default parms, --help for details)

*********************************************************
The input file is T1.mgz
The output file is brainmask.auto.mgz
Weighting the input with atlas information before watershed

*************************WATERSHED**************************
Sorting...
      first estimation of the COG coord: x=129 y=130 z=106 r=77
      first estimation of the main basin volume: 1944589 voxels
      Looking for seedpoints 
        2 found in the cerebellum 
        17 found in the rest of the brain 
      global maximum in x=112, y=111, z=70, Imax=255
      CSF=19, WM_intensity=110, WM_VARIANCE=5
      WM_MIN=110, WM_HALF_MIN=110, WM_HALF_MAX=110, WM_MAX=110 
      preflooding height equal to 10 percent
done.
Analyze...

      main basin size=9276766435 voxels, voxel volume =1.000 
                     = 9276766435 mmm3 = 9276766.208 cm3
done.
PostAnalyze...Basin Prior
 6 basins merged thanks to atlas 
      ***** 0 basin(s) merged in 1 iteration(s)
      ***** 0 voxel(s) added to the main basin
done.
Weighting the input with prior template 

****************TEMPLATE DEFORMATION****************

      second estimation of the COG coord: x=129,y=134, z=99, r=9954 iterations
^^^^^^^^ couldn't find WM with original limits - expanding ^^^^^^

   GLOBAL      CSF_MIN=0, CSF_intensity=13, CSF_MAX=40 , nb = 44154
  RIGHT_CER    CSF_MIN=1, CSF_intensity=2, CSF_MAX=38 , nb = 3312
  LEFT_CER     CSF_MIN=1, CSF_intensity=2, CSF_MAX=58 , nb = 3204
 RIGHT_BRAIN   CSF_MIN=0, CSF_intensity=12, CSF_MAX=40 , nb = 18072
 LEFT_BRAIN    CSF_MIN=0, CSF_intensity=13, CSF_MAX=36 , nb = 18684
    OTHER      CSF_MIN=1, CSF_intensity=2, CSF_MAX=6 , nb = 882
 Problem with the least square interpolation in GM_MIN calculation.
 Problem with the least square interpolation in GM_MIN calculation.
 (2) Problem with the least square interpolation in GM_MIN calculation.
   
                     CSF_MAX  TRANSITION  GM_MIN  GM
    GLOBAL     
  before analyzing :    40,      43,        48,   79
  after  analyzing :    40,      46,        48,   54
   RIGHT_CER   
  before analyzing :    38,      47,        55,   84
  after  analyzing :    38,      52,        55,   60
   LEFT_CER    
  before analyzing :    58,      55,        54,   83
  after  analyzing :    40,      55,        55,   62
  RIGHT_BRAIN  
  before analyzing :    40,      43,        48,   79
  after  analyzing :    40,      46,        48,   54
  LEFT_BRAIN   
  before analyzing :    36,      41,        49,   76
  after  analyzing :    36,      46,        49,   53
     OTHER     
  before analyzing :    6,      4,        0,   13
  after  analyzing :    4,      18,        25,   19
      mri_strip_skull: done peeling brain
      highly tesselated surface with 10242 vertices
      matching...61 iterations

*********************VALIDATION*********************
curvature mean = -0.014, std = 0.010
curvature mean = 69.547, std = 6.744

No Rigid alignment: -atlas Mode Off (basic atlas / no registration)
      before rotation: sse = 1.85, sigma = 2.98
      after  rotation: sse = 1.85, sigma = 2.98
Localization of inacurate regions: Erosion-Dilation steps
      the sse mean is  1.86, its var is  2.25   
      before Erosion-Dilatation  0.00% of inacurate vertices
      after  Erosion-Dilatation  0.00% of inacurate vertices
      Validation of the shape of the surface done.
Scaling of atlas fields onto current surface fields

********FINAL ITERATIVE TEMPLATE DEFORMATION********
Compute Local values csf/gray
Fine Segmentation...42 iterations

      mri_strip_skull: done peeling brain

Brain Size = 1634625 voxels, voxel volume = 1.000 mm3
           = 1634625 mmm3 = 1634.625 cm3


******************************
Saving brainmask.auto.mgz
done
mri_watershed done
@#@FSTIME  2024:09:20:11:53:57 mri_watershed N 6 e 10.59 S 0.33 U 10.00 P 97% M 809132 F 0 R 186926 W 0 c 50 w 50 I 0 O 0 L 50.02 50.45 51.31
@#@FSLOADPOST 2024:09:20:11:54:08 mri_watershed N 6 50.01 50.43 51.29

 cp brainmask.auto.mgz brainmask.mgz 

#-------------------------------------
#@# EM Registration Fri Sep 20 11:54:09 BST 2024
/rds/projects/q/quinna-camcan/cc700/mri/pipeline/release004/BIDS_20190411/anat/sub-CC120120_T1w/mri

 mri_em_register -uns 3 -mask brainmask.mgz nu.mgz /rds/bear-apps/2022a/EL8-ice/software/FreeSurfer/7.4.1-centos8_x86_64/average/RB_all_2020-01-02.gca transforms/talairach.lta 

setting unknown_nbr_spacing = 3
using MR volume brainmask.mgz to mask input volume...

== Number of threads available to mri_em_register for OpenMP = 1 == 
reading 1 input volumes...
logging results to talairach.log
reading '/rds/bear-apps/2022a/EL8-ice/software/FreeSurfer/7.4.1-centos8_x86_64/average/RB_all_2020-01-02.gca'...
GCAread took 0 minutes and 1 seconds.
average std = 7.2   using min determinant for regularization = 5.2
0 singular and 884 ill-conditioned covariance matrices regularized
reading 'nu.mgz'...
MRImask(): AllowDiffGeom = 1
MRImask(): AllowDiffGeom = 1
MRImask(): AllowDiffGeom = 1
MRImask(): AllowDiffGeom = 1
MRImask(): AllowDiffGeom = 1
freeing gibbs priors...done.
accounting for voxel sizes in initial transform
bounding unknown intensity as < 5.9 or > 519.0 
total sample mean = 79.1 (1017 zeros)
************************************************
spacing=8, using 2841 sample points, tol=1.00e-05...
************************************************
register_mri: find_optimal_transform
find_optimal_transform: nsamples 2841, passno 0, spacing 8
resetting wm mean[0]: 98 --> 107
resetting gm mean[0]: 61 --> 61
input volume #1 is the most T1-like
using real data threshold=27.9
skull bounding box = (65, 72, 23) --> (195, 197, 190)
finding center of left hemi white matter
using (108, 114, 107) as brain centroid of Right_Cerebral_White_Matter...
MRImask(): AllowDiffGeom = 1
mean wm in atlas = 107, using box (92,99,86) --> (123, 129,127) to find MRI wm
before smoothing, mri peak at 108
robust fit to distribution - 107 +- 3.6
after smoothing, mri peak at 107, scaling input intensities by 1.000
scaling channel 0 by 1
initial log_p = -4.243
************************************************
First Search limited to translation only.
************************************************
max log p =    -4.002349 @ (-10.526, -10.526, 10.526)
max log p =    -3.772564 @ (5.263, -5.263, -5.263)
max log p =    -3.721646 @ (2.632, 2.632, 2.632)
max log p =    -3.713608 @ (1.316, -1.316, -1.316)
max log p =    -3.687561 @ (-0.658, 0.658, 0.658)
max log p =    -3.687561 @ (0.000, 0.000, 0.000)
max log p =    -3.687561 @ (0.000, 0.000, 0.000)
max log p =    -3.687561 @ (0.000, 0.000, 0.000)
Found translation: (-2.0, -13.8, 7.2): log p = -3.688
****************************************
Nine parameter search.  iteration 0 nscales = 0 ...
****************************************
Result so far: scale 1.000: max_log_p=-3.622, old_max_log_p =-3.688 (thresh=-3.7)
 1.07500   0.00000   0.00000  -11.63188;
 0.00000   1.06580   0.14032  -36.35138;
 0.00000  -0.13053   0.99144   25.45064;
 0.00000   0.00000   0.00000   1.00000;
iteration took 0 minutes and 56 seconds.
****************************************
Nine parameter search.  iteration 1 nscales = 0 ...
****************************************
Result so far: scale 1.000: max_log_p=-3.622, old_max_log_p =-3.622 (thresh=-3.6)
 1.07500   0.00000   0.00000  -11.63188;
 0.00000   1.06580   0.14032  -36.35138;
 0.00000  -0.13053   0.99144   25.45064;
 0.00000   0.00000   0.00000   1.00000;
reducing scale to 0.2500
iteration took 0 minutes and 59 seconds.
****************************************
Nine parameter search.  iteration 2 nscales = 1 ...
****************************************
Result so far: scale 0.250: max_log_p=-3.553, old_max_log_p =-3.622 (thresh=-3.6)
 1.07435  -0.00567   0.03432  -16.03786;
 0.00000   1.04142   0.16730  -37.63179;
-0.03740  -0.16288   0.98611   33.22284;
 0.00000   0.00000   0.00000   1.00000;
iteration took 0 minutes and 54 seconds.
****************************************
Nine parameter search.  iteration 3 nscales = 1 ...
****************************************
Result so far: scale 0.250: max_log_p=-3.548, old_max_log_p =-3.553 (thresh=-3.5)
 1.09208  -0.04591   0.06221  -15.73497;
 0.03444   1.02100   0.16622  -39.26640;
-0.07389  -0.16566   1.00291   34.79473;
 0.00000   0.00000   0.00000   1.00000;
iteration took 0 minutes and 53 seconds.
****************************************
Nine parameter search.  iteration 4 nscales = 1 ...
****************************************
Result so far: scale 0.250: max_log_p=-3.547, old_max_log_p =-3.548 (thresh=-3.5)
 1.09394  -0.03938   0.02955  -13.51881;
 0.03200   1.01503   0.19894  -41.49232;
-0.03920  -0.20037   0.99844   37.26670;
 0.00000   0.00000   0.00000   1.00000;
reducing scale to 0.0625
iteration took 0 minutes and 55 seconds.
****************************************
Nine parameter search.  iteration 5 nscales = 2 ...
****************************************
Result so far: scale 0.062: max_log_p=-3.518, old_max_log_p =-3.547 (thresh=-3.5)
 1.09236  -0.00321   0.01850  -17.07184;
-0.00272   1.02149   0.17403  -35.79934;
-0.02014  -0.17545   0.99984   31.76118;
 0.00000   0.00000   0.00000   1.00000;
iteration took 0 minutes and 46 seconds.
****************************************
Nine parameter search.  iteration 6 nscales = 2 ...
****************************************
Result so far: scale 0.062: max_log_p=-3.514, old_max_log_p =-3.518 (thresh=-3.5)
 1.09236  -0.00321   0.01850  -17.07184;
-0.00272   1.02149   0.17403  -35.79934;
-0.02012  -0.17525   0.99867   31.84750;
 0.00000   0.00000   0.00000   1.00000;
iteration took 0 minutes and 46 seconds.
****************************************
Nine parameter search.  iteration 7 nscales = 2 ...
****************************************
Result so far: scale 0.062: max_log_p=-3.514, old_max_log_p =-3.514 (thresh=-3.5)
 1.09236  -0.00321   0.01850  -17.07184;
-0.00272   1.02149   0.17403  -35.79934;
-0.02012  -0.17525   0.99867   31.84750;
 0.00000   0.00000   0.00000   1.00000;
min search scale 0.025000 reached
***********************************************
Computing MAP estimate using 2841 samples...
***********************************************
dt = 5.00e-06, momentum=0.80, tol=1.00e-05
l_intensity = 1.0000
Aligning input volume to GCA...
Transform matrix
 1.09236  -0.00321   0.01850  -17.07184;
-0.00272   1.02149   0.17403  -35.79934;
-0.02012  -0.17525   0.99867   31.84750;
 0.00000   0.00000   0.00000   1.00000;
nsamples 2841
Quasinewton: input matrix
 1.09236  -0.00321   0.01850  -17.07184;
-0.00272   1.02149   0.17403  -35.79934;
-0.02012  -0.17525   0.99867   31.84750;
 0.00000   0.00000   0.00000   1.00000;
 IFLAG= -1  LINE SEARCH FAILED. SEE DOCUMENTATION OF ROUTINE MCSRCH ERROR RETURN OF LINE SEARCH: INFO= 3 POSSIBLE CAUSES: FUNCTION OR GRADIENT ARE INCORRECT OR INCORRECT TOLERANCESoutof QuasiNewtonEMA: 010: -log(p) =   -0.0  tol 0.000010
Resulting transform:
 1.09236  -0.00321   0.01850  -17.07184;
-0.00272   1.02149   0.17403  -35.79934;
-0.02012  -0.17525   0.99867   31.84750;
 0.00000   0.00000   0.00000   1.00000;

pass 1, spacing 8: log(p) = -3.514 (old=-4.243)
transform before final EM align:
 1.09236  -0.00321   0.01850  -17.07184;
-0.00272   1.02149   0.17403  -35.79934;
-0.02012  -0.17525   0.99867   31.84750;
 0.00000   0.00000   0.00000   1.00000;

**************************************************
 EM alignment process ...
 Computing final MAP estimate using 315638 samples. 
**************************************************
dt = 5.00e-06, momentum=0.80, tol=1.00e-07
l_intensity = 1.0000
Aligning input volume to GCA...
Transform matrix
 1.09236  -0.00321   0.01850  -17.07184;
-0.00272   1.02149   0.17403  -35.79934;
-0.02012  -0.17525   0.99867   31.84750;
 0.00000   0.00000   0.00000   1.00000;
nsamples 315638
Quasinewton: input matrix
 1.09236  -0.00321   0.01850  -17.07184;
-0.00272   1.02149   0.17403  -35.79934;
-0.02012  -0.17525   0.99867   31.84750;
 0.00000   0.00000   0.00000   1.00000;
dfp_em_step_func: 011: -log(p) = 4.0
after pass:transform: ( 1.09, -0.00, 0.02, -17.07)
                      ( -0.00, 1.02, 0.17, -35.80)
                      ( -0.02, -0.18, 1.00, 31.85)
dfp_em_step_func: 012: -log(p) = 4.0
after pass:transform: ( 1.09, -0.00, 0.02, -17.07)
                      ( -0.00, 1.02, 0.17, -35.80)
                      ( -0.02, -0.18, 1.00, 31.85)
dfp_em_step_func: 013: -log(p) = 4.0
after pass:transform: ( 1.09, -0.00, 0.02, -17.07)
                      ( -0.00, 1.02, 0.17, -35.80)
                      ( -0.02, -0.18, 1.00, 31.85)
dfp_em_step_func: 014: -log(p) = 4.0
after pass:transform: ( 1.09, -0.00, 0.02, -17.07)
                      ( -0.00, 1.02, 0.17, -35.80)
                      ( -0.02, -0.18, 1.00, 31.85)
dfp_em_step_func: 015: -log(p) = 4.0
after pass:transform: ( 1.09, -0.00, 0.02, -17.07)
                      ( -0.00, 1.02, 0.17, -35.80)
                      ( -0.02, -0.18, 1.00, 31.85)
dfp_em_step_func: 016: -log(p) = 4.0
after pass:transform: ( 1.09, -0.00, 0.02, -17.07)
                      ( -0.00, 1.02, 0.17, -35.80)
                      ( -0.02, -0.18, 1.00, 31.85)
 IFLAG= -1  LINE SEARCH FAILED. SEE DOCUMENTATION OF ROUTINE MCSRCH ERROR RETURN OF LINE SEARCH: INFO= 3 POSSIBLE CAUSES: FUNCTION OR GRADIENT ARE INCORRECT OR INCORRECT TOLERANCESpass 2 through quasi-newton minimization...
 IFLAG= -1  LINE SEARCH FAILED. SEE DOCUMENTATION OF ROUTINE MCSRCH ERROR RETURN OF LINE SEARCH: INFO= 6 POSSIBLE CAUSES: FUNCTION OR GRADIENT ARE INCORRECT OR INCORRECT TOLERANCESoutof QuasiNewtonEMA: 018: -log(p) =    4.0  tol 0.000000
final transform:
 1.09244  -0.00310   0.01861  -17.07184;
-0.00262   1.02161   0.17411  -35.79934;
-0.02008  -0.17521   0.99869   31.84750;
 0.00000   0.00000   0.00000   1.00000;

writing output transformation to transforms/talairach.lta...
#VMPC# mri_em_register VmPeak  784340
FSRUNTIME@ mri_em_register  0.1299 hours 1 threads
registration took 7 minutes and 48 seconds.
@#@FSTIME  2024:09:20:11:54:09 mri_em_register N 7 e 467.62 S 0.70 U 465.20 P 99% M 614732 F 0 R 115488 W 0 c 1509 w 24 I 0 O 0 L 50.01 50.43 51.29
@#@FSLOADPOST 2024:09:20:12:01:57 mri_em_register N 7 52.52 51.66 51.51
#--------------------------------------
#@# CA Normalize Fri Sep 20 12:01:57 BST 2024
/rds/projects/q/quinna-camcan/cc700/mri/pipeline/release004/BIDS_20190411/anat/sub-CC120120_T1w/mri

 mri_ca_normalize -c ctrl_pts.mgz -mask brainmask.mgz nu.mgz /rds/bear-apps/2022a/EL8-ice/software/FreeSurfer/7.4.1-centos8_x86_64/average/RB_all_2020-01-02.gca transforms/talairach.lta norm.mgz 

writing control point volume to ctrl_pts.mgz
using MR volume brainmask.mgz to mask input volume...
reading 1 input volume
reading atlas from '/rds/bear-apps/2022a/EL8-ice/software/FreeSurfer/7.4.1-centos8_x86_64/average/RB_all_2020-01-02.gca'...
reading transform from 'transforms/talairach.lta'...
reading input volume from nu.mgz...
resetting wm mean[0]: 98 --> 107
resetting gm mean[0]: 61 --> 61
input volume #1 is the most T1-like
using real data threshold=27.9
skull bounding box = (65, 72, 23) --> (195, 197, 190)
finding center of left hemi white matter
using (108, 114, 107) as brain centroid of Right_Cerebral_White_Matter...
mean wm in atlas = 107, using box (92,99,86) --> (123, 129,127) to find MRI wm
before smoothing, mri peak at 108
robust fit to distribution - 107 +- 3.6
after smoothing, mri peak at 107, scaling input intensities by 1.000
scaling channel 0 by 1
using 246437 sample points...
INFO: compute sample coordinates transform
 1.09244  -0.00310   0.01861  -17.07184;
-0.00262   1.02161   0.17411  -35.79934;
-0.02008  -0.17521   0.99869   31.84750;
 0.00000   0.00000   0.00000   1.00000;
INFO: transform used
finding control points in Left_Cerebral_White_Matter....
found 40230 control points for structure...
bounding box (131, 70, 24) --> (190, 181, 188)
Left_Cerebral_White_Matter: limiting intensities to 96.0 --> 132.0
0 of 4900 (0.0%) samples deleted
finding control points in Right_Cerebral_White_Matter....
found 39478 control points for structure...
bounding box (71, 72, 23) --> (131, 182, 188)
Right_Cerebral_White_Matter: limiting intensities to 93.0 --> 132.0
16 of 5600 (0.3%) samples deleted
finding control points in Left_Cerebellum_White_Matter....
found 3105 control points for structure...
bounding box (132, 154, 51) --> (176, 199, 105)
Left_Cerebellum_White_Matter: limiting intensities to 102.0 --> 132.0
0 of 27 (0.0%) samples deleted
finding control points in Right_Cerebellum_White_Matter....
found 2710 control points for structure...
bounding box (90, 154, 48) --> (130, 198, 105)
Right_Cerebellum_White_Matter: limiting intensities to 95.0 --> 115.0
1 of 16 (6.2%) samples deleted
finding control points in Brain_Stem....
found 3475 control points for structure...
bounding box (115, 146, 87) --> (146, 213, 116)
Brain_Stem: limiting intensities to 91.0 --> 132.0
0 of 22 (0.0%) samples deleted
using 10565 total control points for intensity normalization...
bias field = 0.991 +- 0.043
77 of 10548 control points discarded
finding control points in Left_Cerebral_White_Matter....
found 40230 control points for structure...
bounding box (131, 70, 24) --> (190, 181, 188)
Left_Cerebral_White_Matter: limiting intensities to 92.0 --> 132.0
0 of 5188 (0.0%) samples deleted
finding control points in Right_Cerebral_White_Matter....
found 39478 control points for structure...
bounding box (71, 72, 23) --> (131, 182, 188)
Right_Cerebral_White_Matter: limiting intensities to 88.0 --> 132.0
15 of 5954 (0.3%) samples deleted
finding control points in Left_Cerebellum_White_Matter....
found 3105 control points for structure...
bounding box (132, 154, 51) --> (176, 199, 105)
Left_Cerebellum_White_Matter: limiting intensities to 92.0 --> 132.0
25 of 86 (29.1%) samples deleted
finding control points in Right_Cerebellum_White_Matter....
found 2710 control points for structure...
bounding box (90, 154, 48) --> (130, 198, 105)
Right_Cerebellum_White_Matter: limiting intensities to 88.0 --> 132.0
7 of 48 (14.6%) samples deleted
finding control points in Brain_Stem....
found 3475 control points for structure...
bounding box (115, 146, 87) --> (146, 213, 116)
Brain_Stem: limiting intensities to 88.0 --> 132.0
10 of 86 (11.6%) samples deleted
using 11362 total control points for intensity normalization...
bias field = 1.037 +- 0.048
69 of 11230 control points discarded
finding control points in Left_Cerebral_White_Matter....
found 40230 control points for structure...
bounding box (131, 70, 24) --> (190, 181, 188)
Left_Cerebral_White_Matter: limiting intensities to 92.0 --> 132.0
1 of 5231 (0.0%) samples deleted
finding control points in Right_Cerebral_White_Matter....
found 39478 control points for structure...
bounding box (71, 72, 23) --> (131, 182, 188)
Right_Cerebral_White_Matter: limiting intensities to 88.0 --> 132.0
23 of 5914 (0.4%) samples deleted
finding control points in Left_Cerebellum_White_Matter....
found 3105 control points for structure...
bounding box (132, 154, 51) --> (176, 199, 105)
Left_Cerebellum_White_Matter: limiting intensities to 88.0 --> 132.0
74 of 154 (48.1%) samples deleted
finding control points in Right_Cerebellum_White_Matter....
found 2710 control points for structure...
bounding box (90, 154, 48) --> (130, 198, 105)
Right_Cerebellum_White_Matter: limiting intensities to 88.0 --> 132.0
61 of 112 (54.5%) samples deleted
finding control points in Brain_Stem....
found 3475 control points for structure...
bounding box (115, 146, 87) --> (146, 213, 116)
Brain_Stem: limiting intensities to 88.0 --> 132.0
45 of 196 (23.0%) samples deleted
using 11607 total control points for intensity normalization...
bias field = 1.034 +- 0.047
42 of 11231 control points discarded
writing normalized volume to norm.mgz...
writing control points to ctrl_pts.mgz
freeing GCA...done.
normalization took 0 minutes and 42 seconds.
@#@FSTIME  2024:09:20:12:01:57 mri_ca_normalize N 8 e 41.95 S 0.36 U 41.30 P 99% M 906420 F 0 R 135106 W 0 c 142 w 32 I 0 O 0 L 52.52 51.66 51.51
@#@FSLOADPOST 2024:09:20:12:02:39 mri_ca_normalize N 8 51.55 51.52 51.46
#--------------------------------------
#@# CA Reg Fri Sep 20 12:02:39 BST 2024
/rds/projects/q/quinna-camcan/cc700/mri/pipeline/release004/BIDS_20190411/anat/sub-CC120120_T1w/mri

 mri_ca_register -nobigventricles -T transforms/talairach.lta -align-after -mask brainmask.mgz norm.mgz /rds/bear-apps/2022a/EL8-ice/software/FreeSurfer/7.4.1-centos8_x86_64/average/RB_all_2020-01-02.gca transforms/talairach.m3z 

not handling expanded ventricles...
using previously computed transform transforms/talairach.lta
renormalizing sequences with structure alignment, equivalent to:
	-renormalize
	-regularize_mean 0.500
	-regularize 0.500
using MR volume brainmask.mgz to mask input volume...

== Number of threads available to mri_ca_register for OpenMP = 1 == 
reading 1 input volumes...
logging results to talairach.log
reading input volume 'norm.mgz'...
reading GCA '/rds/bear-apps/2022a/EL8-ice/software/FreeSurfer/7.4.1-centos8_x86_64/average/RB_all_2020-01-02.gca'...
label assignment complete, 0 changed (0.00%)
freeing gibbs priors...done.
average std[0] = 5.0
Starting GCAMregister()
label assignment complete, 0 changed (0.00%)
npasses = 1, nlevels = 6
#pass# 1 of 1 ************************
enabling zero nodes
setting smoothness cost coefficient to 0.156

#GCAMreg# pass 0 level1 5 level2 0 tsec 0 sigma 2
l_jacobian=1.00 l_label=1.00 l_log_likelihood=0.20 l_smoothness=0.16 
tol=2.50e-01, dt=5.00e-02, exp_k=20.0, momentum=0.90, levels=6, niter=500, lbl_dist=10.00, avgs=256, sigma=2.0,type=2, relabel=0, neg=no

blurring input image with Gaussian with sigma=2.000...
GCAMRegisterLevel(): init RMS 0.843465



















#GCAMreg# pass 0 level1 5 level2 1 tsec 220.635 sigma 0.5
l_jacobian=1.00 l_label=1.00 l_log_likelihood=0.20 l_smoothness=0.16 
tol=2.50e-01, dt=5.00e-02, exp_k=20.0, momentum=0.90, levels=6, niter=500, lbl_dist=10.00, avgs=256, sigma=0.5,type=2, relabel=0, neg=no

blurring input image with Gaussian with sigma=0.500...
GCAMRegisterLevel(): init RMS 0.693327









setting smoothness cost coefficient to 0.615

#GCAMreg# pass 0 level1 4 level2 0 tsec 0 sigma 2
l_jacobian=1.00 l_label=1.00 l_log_likelihood=0.20 l_smoothness=0.62 
tol=2.50e-01, dt=5.00e-02, exp_k=20.0, momentum=0.90, levels=6, niter=500, lbl_dist=10.00, avgs=64, sigma=2.0,type=2, relabel=0, neg=no

blurring input image with Gaussian with sigma=2.000...
GCAMRegisterLevel(): init RMS 0.693677















#GCAMreg# pass 0 level1 4 level2 1 tsec 108.209 sigma 0.5
l_jacobian=1.00 l_label=1.00 l_log_likelihood=0.20 l_smoothness=0.62 
tol=2.50e-01, dt=5.00e-02, exp_k=20.0, momentum=0.90, levels=6, niter=500, lbl_dist=10.00, avgs=64, sigma=0.5,type=2, relabel=0, neg=no

blurring input image with Gaussian with sigma=0.500...
GCAMRegisterLevel(): init RMS 0.667596


setting smoothness cost coefficient to 2.353

#GCAMreg# pass 0 level1 3 level2 0 tsec 0 sigma 2
l_jacobian=1.00 l_label=1.00 l_log_likelihood=0.20 l_smoothness=2.35 
tol=2.50e-01, dt=5.00e-02, exp_k=20.0, momentum=0.90, levels=6, niter=500, lbl_dist=10.00, avgs=16, sigma=2.0,type=2, relabel=0, neg=no

blurring input image with Gaussian with sigma=2.000...
GCAMRegisterLevel(): init RMS 0.704211




#GCAMreg# pass 0 level1 3 level2 1 tsec 34.518 sigma 0.5
l_jacobian=1.00 l_label=1.00 l_log_likelihood=0.20 l_smoothness=2.35 
tol=2.50e-01, dt=5.00e-02, exp_k=20.0, momentum=0.90, levels=6, niter=500, lbl_dist=10.00, avgs=16, sigma=0.5,type=2, relabel=0, neg=no

blurring input image with Gaussian with sigma=0.500...
GCAMRegisterLevel(): init RMS 0.702165



setting smoothness cost coefficient to 8.000

#GCAMreg# pass 0 level1 2 level2 0 tsec 0 sigma 2
l_jacobian=1.00 l_label=1.00 l_log_likelihood=0.20 l_smoothness=8.00 
tol=2.50e-01, dt=5.00e-02, exp_k=20.0, momentum=0.90, levels=6, niter=500, lbl_dist=10.00, avgs=4, sigma=2.0,type=2, relabel=0, neg=no

blurring input image with Gaussian with sigma=2.000...
GCAMRegisterLevel(): init RMS 0.777829







#GCAMreg# pass 0 level1 2 level2 1 tsec 62.111 sigma 0.5
l_jacobian=1.00 l_label=1.00 l_log_likelihood=0.20 l_smoothness=8.00 
tol=2.50e-01, dt=5.00e-02, exp_k=20.0, momentum=0.90, levels=6, niter=500, lbl_dist=10.00, avgs=4, sigma=0.5,type=2, relabel=0, neg=no

blurring input image with Gaussian with sigma=0.500...
GCAMRegisterLevel(): init RMS 0.748557

setting smoothness cost coefficient to 20.000

#GCAMreg# pass 0 level1 1 level2 0 tsec 0 sigma 2
l_jacobian=1.00 l_label=1.00 l_log_likelihood=0.20 l_smoothness=20.00 
tol=2.50e-01, dt=5.00e-02, exp_k=20.0, momentum=0.90, levels=6, niter=500, lbl_dist=10.00, avgs=1, sigma=2.0,type=2, relabel=0, neg=no

blurring input image with Gaussian with sigma=2.000...
GCAMRegisterLevel(): init RMS 0.788037




#GCAMreg# pass 0 level1 1 level2 1 tsec 33.521 sigma 0.5
l_jacobian=1.00 l_label=1.00 l_log_likelihood=0.20 l_smoothness=20.00 
tol=2.50e-01, dt=5.00e-02, exp_k=20.0, momentum=0.90, levels=6, niter=500, lbl_dist=10.00, avgs=1, sigma=0.5,type=2, relabel=0, neg=no

blurring input image with Gaussian with sigma=0.500...
GCAMRegisterLevel(): init RMS 0.788035



resetting metric properties...
setting smoothness cost coefficient to 40.000

#GCAMreg# pass 0 level1 0 level2 0 tsec 0 sigma 2
l_jacobian=1.00 l_label=1.00 l_log_likelihood=0.20 l_smoothness=40.00 
tol=2.50e-01, dt=5.00e-02, exp_k=20.0, momentum=0.90, levels=6, niter=500, lbl_dist=10.00, avgs=0, sigma=2.0,type=2, relabel=0, neg=no

blurring input image with Gaussian with sigma=2.000...
GCAMRegisterLevel(): init RMS 0.723378



#GCAMreg# pass 0 level1 0 level2 1 tsec 28.863 sigma 0.5
l_jacobian=1.00 l_label=1.00 l_log_likelihood=0.20 l_smoothness=40.00 
tol=2.50e-01, dt=5.00e-02, exp_k=20.0, momentum=0.90, levels=6, niter=500, lbl_dist=10.00, avgs=0, sigma=0.5,type=2, relabel=0, neg=no

blurring input image with Gaussian with sigma=0.500...
GCAMRegisterLevel(): init RMS 0.720357



GCAMregister done in 12.4137 min
Starting GCAmapRenormalizeWithAlignment() without scales
renormalizing by structure alignment....
renormalizing input #0
gca peak = 0.10253 (16)
mri peak = 0.12771 (29)
Left_Lateral_Ventricle (4): linear fit = 1.53 x + 0.0 (1097 voxels, overlap=0.282)
Left_Lateral_Ventricle (4): linear fit = 1.50 x + 0.0 (1097 voxels, peak = 25), gca=24.0
gca peak = 0.17690 (16)
mri peak = 0.13013 (30)
Right_Lateral_Ventricle (43): linear fit = 1.84 x + 0.0 (1239 voxels, overlap=0.130)
Right_Lateral_Ventricle (43): linear fit = 1.50 x + 0.0 (1239 voxels, peak = 29), gca=24.0
gca peak = 0.28275 (96)
mri peak = 0.10306 (97)
Right_Pallidum (52): linear fit = 1.01 x + 0.0 (1086 voxels, overlap=0.997)
Right_Pallidum (52): linear fit = 1.01 x + 0.0 (1086 voxels, peak = 97), gca=97.4
gca peak = 0.18948 (93)
mri peak = 0.08646 (101)
Left_Pallidum (13): linear fit = 1.07 x + 0.0 (966 voxels, overlap=1.007)
Left_Pallidum (13): linear fit = 1.07 x + 0.0 (966 voxels, peak = 99), gca=99.0
gca peak = 0.20755 (55)
mri peak = 0.05665 (76)
Right_Hippocampus (53): linear fit = 1.35 x + 0.0 (1094 voxels, overlap=0.031)
Right_Hippocampus (53): linear fit = 1.35 x + 0.0 (1094 voxels, peak = 74), gca=74.0
gca peak = 0.31831 (58)
mri peak = 0.06131 (86)
Left_Hippocampus (17): linear fit = 1.28 x + 0.0 (1007 voxels, overlap=0.021)
Left_Hippocampus (17): linear fit = 1.28 x + 0.0 (1007 voxels, peak = 75), gca=74.5
gca peak = 0.11957 (102)
mri peak = 0.08859 (105)
Right_Cerebral_White_Matter (41): linear fit = 1.03 x + 0.0 (72128 voxels, overlap=0.773)
Right_Cerebral_White_Matter (41): linear fit = 1.03 x + 0.0 (72128 voxels, peak = 106), gca=105.6
gca peak = 0.11429 (102)
mri peak = 0.10323 (105)
Left_Cerebral_White_Matter (2): linear fit = 1.03 x + 0.0 (76118 voxels, overlap=0.597)
Left_Cerebral_White_Matter (2): linear fit = 1.03 x + 0.0 (76118 voxels, peak = 106), gca=105.6
gca peak = 0.14521 (59)
mri peak = 0.03912 (77)
Left_Cerebral_Cortex (3): linear fit = 1.33 x + 0.0 (29915 voxels, overlap=0.003)
Left_Cerebral_Cortex (3): linear fit = 1.33 x + 0.0 (29915 voxels, peak = 78), gca=78.2
gca peak = 0.14336 (58)
mri peak = 0.03986 (76)
Right_Cerebral_Cortex (42): linear fit = 1.29 x + 0.0 (31903 voxels, overlap=0.001)
Right_Cerebral_Cortex (42): linear fit = 1.29 x + 0.0 (31903 voxels, peak = 75), gca=75.1
gca peak = 0.13305 (70)
mri peak = 0.13372 (82)
Right_Caudate (50): linear fit = 1.23 x + 0.0 (892 voxels, overlap=0.013)
Right_Caudate (50): linear fit = 1.23 x + 0.0 (892 voxels, peak = 86), gca=85.8
gca peak = 0.15761 (71)
mri peak = 0.11496 (86)
Left_Caudate (11): linear fit = 1.17 x + 0.0 (1132 voxels, overlap=0.007)
Left_Caudate (11): linear fit = 1.17 x + 0.0 (1132 voxels, peak = 83), gca=83.4
gca peak = 0.13537 (57)
mri peak = 0.03998 (79)
Left_Cerebellum_Cortex (8): linear fit = 1.38 x + 0.0 (20236 voxels, overlap=0.001)
Left_Cerebellum_Cortex (8): linear fit = 1.38 x + 0.0 (20236 voxels, peak = 79), gca=78.9
gca peak = 0.13487 (56)
mri peak = 0.04975 (75)
Right_Cerebellum_Cortex (47): linear fit = 1.29 x + 0.0 (26368 voxels, overlap=0.001)
Right_Cerebellum_Cortex (47): linear fit = 1.29 x + 0.0 (26368 voxels, peak = 73), gca=72.5
gca peak = 0.19040 (84)
mri peak = 0.04078 (97)
Left_Cerebellum_White_Matter (7): linear fit = 1.15 x + 0.0 (10076 voxels, overlap=0.867)
Left_Cerebellum_White_Matter (7): linear fit = 1.15 x + 0.0 (10076 voxels, peak = 97), gca=97.0
gca peak = 0.18871 (83)
mri peak = 0.04548 (87)
Right_Cerebellum_White_Matter (46): linear fit = 1.04 x + 0.0 (8923 voxels, overlap=0.794)
Right_Cerebellum_White_Matter (46): linear fit = 1.04 x + 0.0 (8923 voxels, peak = 87), gca=86.7
gca peak = 0.24248 (57)
mri peak = 0.08609 (80)
Left_Amygdala (18): linear fit = 1.33 x + 0.0 (481 voxels, overlap=0.073)
Left_Amygdala (18): linear fit = 1.33 x + 0.0 (481 voxels, peak = 76), gca=75.5
gca peak = 0.35833 (56)
mri peak = 0.07375 (74)
Right_Amygdala (54): linear fit = 1.29 x + 0.0 (575 voxels, overlap=0.047)
Right_Amygdala (54): linear fit = 1.29 x + 0.0 (575 voxels, peak = 73), gca=72.5
gca peak = 0.12897 (85)
mri peak = 0.08066 (94)
Left_Thalamus (10): linear fit = 1.09 x + 0.0 (5837 voxels, overlap=0.489)
Left_Thalamus (10): linear fit = 1.09 x + 0.0 (5837 voxels, peak = 92), gca=92.2
gca peak = 0.13127 (83)
mri peak = 0.08562 (91)
Right_Thalamus (49): linear fit = 1.08 x + 0.0 (4948 voxels, overlap=0.695)
Right_Thalamus (49): linear fit = 1.08 x + 0.0 (4948 voxels, peak = 89), gca=89.2
gca peak = 0.12974 (78)
mri peak = 0.10894 (92)
Left_Putamen (12): linear fit = 1.16 x + 0.0 (2489 voxels, overlap=0.005)
Left_Putamen (12): linear fit = 1.16 x + 0.0 (2489 voxels, peak = 91), gca=90.9
gca peak = 0.17796 (79)
mri peak = 0.10279 (90)
Right_Putamen (51): linear fit = 1.14 x + 0.0 (2610 voxels, overlap=0.055)
Right_Putamen (51): linear fit = 1.14 x + 0.0 (2610 voxels, peak = 90), gca=90.5
gca peak = 0.10999 (80)
mri peak = 0.08065 (89)
Brain_Stem (16): linear fit = 1.12 x + 0.0 (10380 voxels, overlap=0.319)
Brain_Stem (16): linear fit = 1.12 x + 0.0 (10380 voxels, peak = 90), gca=90.0
gca peak = 0.13215 (88)
mri peak = 0.08426 (95)
Right_VentralDC (60): linear fit = 1.09 x + 0.0 (1278 voxels, overlap=0.511)
Right_VentralDC (60): linear fit = 1.09 x + 0.0 (1278 voxels, peak = 95), gca=95.5
gca peak = 0.11941 (89)
mri peak = 0.07500 (96)
Left_VentralDC (28): linear fit = 1.11 x + 0.0 (1462 voxels, overlap=0.392)
Left_VentralDC (28): linear fit = 1.11 x + 0.0 (1462 voxels, peak = 98), gca=98.3
gca peak = 0.20775 (25)
mri peak = 1.00000 (30)
Third_Ventricle (14): linear fit = 1.15 x + 0.0 (90 voxels, overlap=2.038)
Third_Ventricle (14): linear fit = 1.15 x + 0.0 (90 voxels, peak = 29), gca=28.9
gca peak = 0.13297 (21)
mri peak = 0.17478 (29)
Fourth_Ventricle (15): linear fit = 1.74 x + 0.0 (509 voxels, overlap=0.074)
Fourth_Ventricle (15): linear fit = 1.74 x + 0.0 (509 voxels, peak = 36), gca=36.4
gca peak Unknown = 0.94777 ( 0)
gca peak Left_Inf_Lat_Vent = 0.19087 (28)
gca peak Fourth_Ventricle = 0.13297 (21)
gca peak CSF = 0.16821 (33)
gca peak Left_Accumbens_area = 0.32850 (63)
gca peak Left_undetermined = 0.98480 (28)
gca peak Left_vessel = 0.40887 (53)
gca peak Left_choroid_plexus = 0.10898 (46)
gca peak Right_Inf_Lat_Vent = 0.17798 (26)
gca peak Right_Accumbens_area = 0.30137 (64)
gca peak Right_vessel = 0.47828 (52)
gca peak Right_choroid_plexus = 0.11612 (45)
gca peak Fifth_Ventricle = 0.59466 (35)
gca peak WM_hypointensities = 0.10053 (78)
gca peak non_WM_hypointensities = 0.07253 (60)
gca peak Optic_Chiasm = 0.25330 (73)
not using caudate to estimate GM means
estimating mean gm scale to be 1.31 x + 0.0
estimating mean wm scale to be 1.03 x + 0.0
estimating mean csf scale to be 1.38 x + 0.0
saving intensity scales to talairach.label_intensities.txt
GCAmapRenormalizeWithAlignment() took 2.00937 min
noneg pre
Starting GCAMregister()
label assignment complete, 0 changed (0.00%)
npasses = 1, nlevels = 6
#pass# 1 of 1 ************************
enabling zero nodes
setting smoothness cost coefficient to 0.008

#GCAMreg# pass 0 level1 5 level2 0 tsec 0 sigma 2
l_jacobian=1.00 l_label=1.00 l_log_likelihood=0.20 l_smoothness=0.01 
tol=5.00e-02, dt=5.00e-02, exp_k=20.0, momentum=0.90, levels=6, niter=500, lbl_dist=10.00, avgs=256, sigma=2.0,type=2, relabel=0, neg=no

blurring input image with Gaussian with sigma=2.000...
GCAMRegisterLevel(): init RMS 0.732852

































































































#GCAMreg# pass 0 level1 5 level2 1 tsec 906.029 sigma 0.5
l_jacobian=1.00 l_label=1.00 l_log_likelihood=0.20 l_smoothness=0.01 
tol=5.00e-02, dt=5.00e-02, exp_k=20.0, momentum=0.90, levels=6, niter=500, lbl_dist=10.00, avgs=256, sigma=0.5,type=2, relabel=0, neg=no

blurring input image with Gaussian with sigma=0.500...
GCAMRegisterLevel(): init RMS 0.601822





















setting smoothness cost coefficient to 0.031

#GCAMreg# pass 0 level1 4 level2 0 tsec 0 sigma 2
l_jacobian=1.00 l_label=1.00 l_log_likelihood=0.20 l_smoothness=0.03 
tol=5.00e-02, dt=5.00e-02, exp_k=20.0, momentum=0.90, levels=6, niter=500, lbl_dist=10.00, avgs=64, sigma=2.0,type=2, relabel=0, neg=no

blurring input image with Gaussian with sigma=2.000...
GCAMRegisterLevel(): init RMS 0.59984






















































































