GCCcore/11.3.0
zlib/1.2.12-GCCcore-11.3.0
binutils/2.38-GCCcore-11.3.0
GCC/11.3.0
numactl/2.0.14-GCCcore-11.3.0
XZ/5.2.5-GCCcore-11.3.0
libxml2/2.9.13-GCCcore-11.3.0
libpciaccess/0.16-GCCcore-11.3.0
hwloc/2.7.1-GCCcore-11.3.0
OpenSSL/1.1
libevent/2.1.12-GCCcore-11.3.0
UCX/1.12.1-GCCcore-11.3.0
libfabric/1.15.1-GCCcore-11.3.0
PMIx/4.1.2-GCCcore-11.3.0
UCC/1.0.0-GCCcore-11.3.0
OpenMPI/4.1.4-GCC-11.3.0
OpenBLAS/0.3.20-GCC-11.3.0
FlexiBLAS/3.2.0-GCC-11.3.0
FFTW/3.3.10-GCC-11.3.0
gompi/2022a
FFTW.MPI/3.3.10-gompi-2022a
ScaLAPACK/2.2.0-gompi-2022a-fb
foss/2022a
bzip2/1.0.8-GCCcore-11.3.0
ncurses/6.3-GCCcore-11.3.0
libreadline/8.1.2-GCCcore-11.3.0
ncurses/6.3-GCCcore-11.3.0
Tcl/8.6.12-GCCcore-11.3.0
SQLite/3.38.3-GCCcore-11.3.0
GMP/6.2.1-GCCcore-11.3.0
libffi/3.4.2-GCCcore-11.3.0
Python/3.10.4-GCCcore-11.3.0
pybind11/2.9.2-GCCcore-11.3.0
SciPy-bundle/2022.05-foss-2022a
libxml2/2.9.13-GCCcore-11.3.0
libxslt/1.1.34-GCCcore-11.3.0
libpng/1.6.37-GCCcore-11.3.0
Brotli/1.0.9-GCCcore-11.3.0
freetype/2.12.1-GCCcore-11.3.0
expat/2.4.8-GCCcore-11.3.0
util-linux/2.38-GCCcore-11.3.0
fontconfig/2.14.0-GCCcore-11.3.0
xorg-macros/1.19.3-GCCcore-11.3.0
X11/20220504-GCCcore-11.3.0
Tk/8.6.12-GCCcore-11.3.0
Tkinter/3.10.4-GCCcore-11.3.0
NASM/2.15.05-GCCcore-11.3.0
libjpeg-turbo/2.1.3-GCCcore-11.3.0
jbigkit/2.1-GCCcore-11.3.0
gzip/1.12-GCCcore-11.3.0
lz4/1.9.3-GCCcore-11.3.0
zstd/1.5.2-GCCcore-11.3.0
libdeflate/1.10-GCCcore-11.3.0
LibTIFF/4.3.0-GCCcore-11.3.0
Pillow/9.1.1-GCCcore-11.3.0
Qhull/2020.2-GCCcore-11.3.0
matplotlib/3.5.2-foss-2022a
tqdm/4.64.0-GCCcore-11.3.0
scikit-learn/1.1.2-foss-2022a
LLVM/12.0.1-GCCcore-11.3.0
numba/0.56.4-foss-2022a
pydicom/2.3.0-GCCcore-11.3.0
NiBabel/4.0.2-foss-2022a
Szip/2.1.1-GCCcore-11.3.0
HDF5/1.12.2-gompi-2022a
h5py/3.7.0-foss-2022a
imageio/2.22.2-foss-2022a
libdrm/2.4.110-GCCcore-11.3.0
libglvnd/1.4.0-GCCcore-11.3.0
libunwind/1.6.2-GCCcore-11.3.0
Mesa/22.0.3-GCCcore-11.3.0
libGLU/9.0.2-GCCcore-11.3.0
VTK/9.2.2-foss-2022a
MNE-Python/1.3.1-foss-2022a
MCR/R2019b.8
FreeSurfer/7.4.1-centos8_x86_64
fs-check-version --s sub-CC120008_T1w --o /tmp/tmp.DeUOv5
Thu Sep 19 16:35:15 BST 2024

setenv SUBJECTS_DIR /rds/projects/q/quinna-camcan/cc700/mri/pipeline/release004/BIDS_20190411/anat
cd /rds/projects/q/quinna-camcan/ghafarit-scripts/github/camcan-laterality/mne_python/source
/rds/bear-apps/2022a/EL8-ice/software/FreeSurfer/7.4.1-centos8_x86_64/bin/fs-check-version --s sub-CC120008_T1w --o /tmp/tmp.DeUOv5
-rwxrwxr-x 1 branfosj-admin build 18565 Jun 14  2023 /rds/bear-apps/2022a/EL8-ice/software/FreeSurfer/7.4.1-centos8_x86_64/bin/fs-check-version

freesurfer-linux-centos8_x86_64-7.4.1-20230613-7eb8460
$Id$
Linux bear-pg0202u11a.bear.cluster 4.18.0-372.32.1.el8_6.x86_64 #1 SMP Fri Oct 7 12:35:10 EDT 2022 x86_64 x86_64 x86_64 GNU/Linux
pid 2220584
Current FS Version freesurfer-linux-centos8_x86_64-7.4.1-20230613-7eb8460
Subject does not have a bstampfile, copying /rds/bear-apps/2022a/EL8-ice/software/FreeSurfer/7.4.1-centos8_x86_64/build-stamp.txt
Subject FS Version: freesurfer-linux-centos8_x86_64-7.4.1-20230613-7eb8460
No constraints on version because REQ=UnSet and FsVerFile=NotThere
#@#% fs-check-version match = 1
fs-check-version Done
INFO: SUBJECTS_DIR is /rds/projects/q/quinna-camcan/cc700/mri/pipeline/release004/BIDS_20190411/anat
Actual FREESURFER_HOME /rds/bear-apps/2022a/EL8-ice/software/FreeSurfer/7.4.1-centos8_x86_64
Linux bear-pg0202u11a.bear.cluster 4.18.0-372.32.1.el8_6.x86_64 #1 SMP Fri Oct 7 12:35:10 EDT 2022 x86_64 x86_64 x86_64 GNU/Linux
/rds/projects/q/quinna-camcan/cc700/mri/pipeline/release004/BIDS_20190411/anat/sub-CC120008_T1w

 mri_convert /rds/projects/q/quinna-camcan/cc700/mri/pipeline/release004/BIDS_20190411/anat/sub-CC120008/anat/sub-CC120008_T1w.nii.gz /rds/projects/q/quinna-camcan/cc700/mri/pipeline/release004/BIDS_20190411/anat/sub-CC120008_T1w/mri/orig/001.mgz 

mri_convert /rds/projects/q/quinna-camcan/cc700/mri/pipeline/release004/BIDS_20190411/anat/sub-CC120008/anat/sub-CC120008_T1w.nii.gz /rds/projects/q/quinna-camcan/cc700/mri/pipeline/release004/BIDS_20190411/anat/sub-CC120008_T1w/mri/orig/001.mgz 
reading from /rds/projects/q/quinna-camcan/cc700/mri/pipeline/release004/BIDS_20190411/anat/sub-CC120008/anat/sub-CC120008_T1w.nii.gz...
TR=0.00, TE=0.00, TI=0.00, flip angle=0.00
i_ras = (-0.003515, -0.999994, 0)
j_ras = (-0.00176299, 6.02007e-06, 0.999998)
k_ras = (0.999992, -0.00351501, 0.0017634)
writing to /rds/projects/q/quinna-camcan/cc700/mri/pipeline/release004/BIDS_20190411/anat/sub-CC120008_T1w/mri/orig/001.mgz...
@#@FSTIME  2024:09:19:16:35:20 mri_convert N 2 e 4.73 S 0.03 U 4.64 P 98% M 54628 F 1 R 1365 W 0 c 12 w 56 I 24 O 0 L 84.81 83.06 83.01
@#@FSLOADPOST 2024:09:19:16:35:25 mri_convert N 2 84.75 83.08 83.02
#--------------------------------------------
#@# MotionCor Thu Sep 19 16:35:26 BST 2024
Found 1 runs
/rds/projects/q/quinna-camcan/cc700/mri/pipeline/release004/BIDS_20190411/anat/sub-CC120008_T1w/mri/orig/001.mgz
Checking for (invalid) multi-frame inputs...
Only one run found so motion
correction will not be performed. I'll
copy the run to rawavg and continue.

 cp /rds/projects/q/quinna-camcan/cc700/mri/pipeline/release004/BIDS_20190411/anat/sub-CC120008_T1w/mri/orig/001.mgz /rds/projects/q/quinna-camcan/cc700/mri/pipeline/release004/BIDS_20190411/anat/sub-CC120008_T1w/mri/rawavg.mgz 


 mri_info /rds/projects/q/quinna-camcan/cc700/mri/pipeline/release004/BIDS_20190411/anat/sub-CC120008_T1w/mri/rawavg.mgz 

rawavg.mgz ========================================
Volume information for /rds/projects/q/quinna-camcan/cc700/mri/pipeline/release004/BIDS_20190411/anat/sub-CC120008_T1w/mri/rawavg.mgz
          type: MGH
    dimensions: 256 x 256 x 192
   voxel sizes: 1.000000, 1.000000, 1.000000
          type: FLOAT (3)
           fov: 256.000
           dof: 1
        xstart: -128.0, xend: 128.0
        ystart: -128.0, yend: 128.0
        zstart: -96.0, zend: 96.0
            TR: 0.00 msec, TE: 0.00 msec, TI: 0.00 msec, flip angle: 0.00 degrees
       nframes: 1
       PhEncDir: UNKNOWN
       FieldStrength: 0.000000
ras xform present
    xform info: x_r =  -0.0035, y_r =  -0.0018, z_r =   1.0000, c_r =     3.5979
              : x_a =  -1.0000, y_a =   0.0000, z_a =  -0.0035, c_a =    27.6251
              : x_s =   0.0000, y_s =   1.0000, z_s =   0.0018, c_s =   -21.3655

talairach xfm : 
Orientation   : PSR
Primary Slice Direction: sagittal

voxel to ras transform:
               -0.0035  -0.0018   1.0000   -91.7257
               -1.0000   0.0000  -0.0035   155.9610
                0.0000   1.0000   0.0018  -149.5346
                0.0000   0.0000   0.0000     1.0000

voxel-to-ras determinant -1

ras to voxel transform:
               -0.0035  -1.0000  -0.0000   155.6376
               -0.0018   0.0000   1.0000   149.3717
                1.0000  -0.0035   0.0018    92.5368
               -0.0000  -0.0000  -0.0000     1.0000
/rds/projects/q/quinna-camcan/cc700/mri/pipeline/release004/BIDS_20190411/anat/sub-CC120008_T1w

 mri_convert /rds/projects/q/quinna-camcan/cc700/mri/pipeline/release004/BIDS_20190411/anat/sub-CC120008_T1w/mri/rawavg.mgz /rds/projects/q/quinna-camcan/cc700/mri/pipeline/release004/BIDS_20190411/anat/sub-CC120008_T1w/mri/orig.mgz --conform 

mri_convert /rds/projects/q/quinna-camcan/cc700/mri/pipeline/release004/BIDS_20190411/anat/sub-CC120008_T1w/mri/rawavg.mgz /rds/projects/q/quinna-camcan/cc700/mri/pipeline/release004/BIDS_20190411/anat/sub-CC120008_T1w/mri/orig.mgz --conform 
reading from /rds/projects/q/quinna-camcan/cc700/mri/pipeline/release004/BIDS_20190411/anat/sub-CC120008_T1w/mri/rawavg.mgz...
TR=0.00, TE=0.00, TI=0.00, flip angle=0.00
i_ras = (-0.003515, -0.999994, 0)
j_ras = (-0.00176299, 6.02007e-06, 0.999998)
k_ras = (0.999992, -0.00351501, 0.0017634)
changing data type from float to uchar (noscale = 0)...
MRIchangeType: Building histogram 0 839 1000, flo=0, fhi=0.999, dest_type=0
Reslicing using trilinear interpolation 
writing to /rds/projects/q/quinna-camcan/cc700/mri/pipeline/release004/BIDS_20190411/anat/sub-CC120008_T1w/mri/orig.mgz...
@#@FSTIME  2024:09:19:16:35:29 mri_convert N 3 e 2.84 S 0.04 U 2.78 P 99% M 66848 F 0 R 6106 W 0 c 16 w 18 I 0 O 0 L 84.69 83.10 83.02
@#@FSLOADPOST 2024:09:19:16:35:32 mri_convert N 3 84.69 83.10 83.02

 mri_add_xform_to_header -c /rds/projects/q/quinna-camcan/cc700/mri/pipeline/release004/BIDS_20190411/anat/sub-CC120008_T1w/mri/transforms/talairach.xfm /rds/projects/q/quinna-camcan/cc700/mri/pipeline/release004/BIDS_20190411/anat/sub-CC120008_T1w/mri/orig.mgz /rds/projects/q/quinna-camcan/cc700/mri/pipeline/release004/BIDS_20190411/anat/sub-CC120008_T1w/mri/orig.mgz 

INFO: extension is mgz
@#@FSTIME  2024:09:19:16:35:32 mri_add_xform_to_header N 4 e 1.27 S 0.02 U 1.23 P 99% M 21456 F 0 R 1302 W 0 c 10 w 137 I 0 O 0 L 84.69 83.10 83.02
@#@FSLOADPOST 2024:09:19:16:35:34 mri_add_xform_to_header N 4 84.69 83.10 83.02

 mri_info /rds/projects/q/quinna-camcan/cc700/mri/pipeline/release004/BIDS_20190411/anat/sub-CC120008_T1w/mri/orig.mgz 

orig.mgz ========================================
Volume information for /rds/projects/q/quinna-camcan/cc700/mri/pipeline/release004/BIDS_20190411/anat/sub-CC120008_T1w/mri/orig.mgz
          type: MGH
    dimensions: 256 x 256 x 256
   voxel sizes: 1.000000, 1.000000, 1.000000
          type: UCHAR (0)
           fov: 256.000
           dof: 1
        xstart: -128.0, xend: 128.0
        ystart: -128.0, yend: 128.0
        zstart: -128.0, zend: 128.0
            TR: 0.00 msec, TE: 0.00 msec, TI: 0.00 msec, flip angle: 0.00 degrees
       nframes: 1
       PhEncDir: UNKNOWN
       FieldStrength: 0.000000
ras xform present
    xform info: x_r =  -1.0000, y_r =   0.0000, z_r =   0.0000, c_r =     3.5979
              : x_a =   0.0000, y_a =  -0.0000, z_a =   1.0000, c_a =    27.6251
              : x_s =   0.0000, y_s =  -1.0000, z_s =   0.0000, c_s =   -21.3655

talairach xfm : /rds/projects/q/quinna-camcan/cc700/mri/pipeline/release004/BIDS_20190411/anat/sub-CC120008_T1w/mri/transforms/talairach.xfm
Orientation   : LIA
Primary Slice Direction: coronal

voxel to ras transform:
               -1.0000   0.0000   0.0000   131.5980
                0.0000  -0.0000   1.0000  -100.3749
                0.0000  -1.0000   0.0000   106.6345
                0.0000   0.0000   0.0000     1.0000

voxel-to-ras determinant -1

ras to voxel transform:
               -1.0000   0.0000  -0.0000   131.5979
               -0.0000  -0.0000  -1.0000   106.6345
                0.0000   1.0000  -0.0000   100.3749
               -0.0000  -0.0000  -0.0000     1.0000
#--------------------------------------------
#@# Talairach Thu Sep 19 16:35:34 BST 2024
/rds/projects/q/quinna-camcan/cc700/mri/pipeline/release004/BIDS_20190411/anat/sub-CC120008_T1w/mri

 mri_nu_correct.mni --no-rescale --i orig.mgz --o orig_nu.mgz --ants-n4 --n 1 --proto-iters 1000 --distance 50 

/usr/bin/bc
/rds/projects/q/quinna-camcan/cc700/mri/pipeline/release004/BIDS_20190411/anat/sub-CC120008_T1w/mri
/rds/bear-apps/2022a/EL8-ice/software/FreeSurfer/7.4.1-centos8_x86_64/bin/mri_nu_correct.mni
--no-rescale --i orig.mgz --o orig_nu.mgz --ants-n4 --n 1 --proto-iters 1000 --distance 50
nIters 1
mri_nu_correct.mni 7.4.1
Linux bear-pg0202u11a.bear.cluster 4.18.0-372.32.1.el8_6.x86_64 #1 SMP Fri Oct 7 12:35:10 EDT 2022 x86_64 x86_64 x86_64 GNU/Linux
Thu Sep 19 16:35:35 BST 2024
tmpdir is ./tmp.mri_nu_correct.mni.2221584
cd /rds/projects/q/quinna-camcan/cc700/mri/pipeline/release004/BIDS_20190411/anat/sub-CC120008_T1w/mri
AntsN4BiasFieldCorrectionFs -i orig.mgz -o ./tmp.mri_nu_correct.mni.2221584/nu0.mgz --dtype uchar
AntsN4BiasFieldCorrectionFs done
mri_convert ./tmp.mri_nu_correct.mni.2221584/nu0.mgz orig_nu.mgz --like orig.mgz --conform
mri_convert ./tmp.mri_nu_correct.mni.2221584/nu0.mgz orig_nu.mgz --like orig.mgz --conform 
reading from ./tmp.mri_nu_correct.mni.2221584/nu0.mgz...
TR=0.00, TE=0.00, TI=0.00, flip angle=0.00
i_ras = (-1, 2.32831e-10, 0)
j_ras = (0, -4.54747e-13, -1)
k_ras = (2.32831e-10, 1, 0)
INFO: transform src into the like-volume: orig.mgz
writing to orig_nu.mgz...
 
 
Thu Sep 19 16:37:27 BST 2024
mri_nu_correct.mni done
@#@FSTIME  2024:09:19:16:35:34 mri_nu_correct.mni N 12 e 112.43 S 0.50 U 111.41 P 99% M 517268 F 0 R 30327 W 0 c 345 w 11823 I 0 O 0 L 85.43 83.28 83.08
@#@FSLOADPOST 2024:09:19:16:37:27 mri_nu_correct.mni N 12 85.77 83.86 83.30

 talairach_avi --i orig_nu.mgz --xfm transforms/talairach.auto.xfm 

talairach_avi log file is transforms/talairach_avi.log...
mv -f /rds/projects/q/quinna-camcan/cc700/mri/pipeline/release004/BIDS_20190411/anat/sub-CC120008_T1w/mri/talsrcimg_to_711-2C_as_mni_average_305_t4_vox2vox.txt /rds/projects/q/quinna-camcan/cc700/mri/pipeline/release004/BIDS_20190411/anat/sub-CC120008_T1w/mri/transforms/talsrcimg_to_711-2C_as_mni_average_305_t4_vox2vox.txt
Started at Thu Sep 19 16:37:27 BST 2024
Ended   at Thu Sep 19 16:37:44 BST 2024
talairach_avi done
@#@FSTIME  2024:09:19:16:37:27 talairach_avi N 4 e 17.38 S 1.02 U 9.89 P 62% M 256016 F 0 R 38039 W 0 c 69 w 483 I 0 O 32 L 85.77 83.86 83.30
@#@FSLOADPOST 2024:09:19:16:37:44 talairach_avi N 4 85.25 83.83 83.30

 cp transforms/talairach.auto.xfm transforms/talairach.xfm 

lta_convert --src orig.mgz --trg /rds/bear-apps/2022a/EL8-ice/software/FreeSurfer/7.4.1-centos8_x86_64/average/mni305.cor.mgz --inxfm transforms/talairach.xfm --outlta transforms/talairach.xfm.lta --subject fsaverage --ltavox2vox
7.4.1

--src: orig.mgz src image (geometry).
--trg: /rds/bear-apps/2022a/EL8-ice/software/FreeSurfer/7.4.1-centos8_x86_64/average/mni305.cor.mgz trg image (geometry).
--inmni: transforms/talairach.xfm input MNI/XFM transform.
--outlta: transforms/talairach.xfm.lta output LTA.
--s: fsaverage subject name
--ltavox2vox: output LTA as VOX_TO_VOX transform.
 LTA read, type : 1
 1.03609  -0.04843  -0.07997  -3.39648;
 0.04257   0.95905   0.16447  -24.99882;
 0.08488  -0.14644   1.02948   28.22060;
 0.00000   0.00000   0.00000   1.00000;
setting subject to fsaverage
Writing  LTA to file transforms/talairach.xfm.lta...
lta_convert successful.
/rds/projects/q/quinna-camcan/cc700/mri/pipeline/release004/BIDS_20190411/anat/sub-CC120008_T1w/mri/transforms /rds/projects/q/quinna-camcan/cc700/mri/pipeline/release004/BIDS_20190411/anat/sub-CC120008_T1w/mri 
/rds/projects/q/quinna-camcan/cc700/mri/pipeline/release004/BIDS_20190411/anat/sub-CC120008_T1w/mri 
#--------------------------------------------
#@# Nu Intensity Correction Thu Sep 19 16:37:47 BST 2024

 mri_nu_correct.mni --i orig.mgz --o nu.mgz --uchar transforms/talairach.xfm --n 2 --ants-n4 

/usr/bin/bc
/rds/projects/q/quinna-camcan/cc700/mri/pipeline/release004/BIDS_20190411/anat/sub-CC120008_T1w/mri
/rds/bear-apps/2022a/EL8-ice/software/FreeSurfer/7.4.1-centos8_x86_64/bin/mri_nu_correct.mni
--i orig.mgz --o nu.mgz --uchar transforms/talairach.xfm --n 2 --ants-n4
nIters 2
mri_nu_correct.mni 7.4.1
Linux bear-pg0202u11a.bear.cluster 4.18.0-372.32.1.el8_6.x86_64 #1 SMP Fri Oct 7 12:35:10 EDT 2022 x86_64 x86_64 x86_64 GNU/Linux
Thu Sep 19 16:37:47 BST 2024
tmpdir is ./tmp.mri_nu_correct.mni.2223516
cd /rds/projects/q/quinna-camcan/cc700/mri/pipeline/release004/BIDS_20190411/anat/sub-CC120008_T1w/mri
AntsN4BiasFieldCorrectionFs -i orig.mgz -o ./tmp.mri_nu_correct.mni.2223516/nu0.mgz --dtype uchar
AntsN4BiasFieldCorrectionFs done
mri_binarize --i ./tmp.mri_nu_correct.mni.2223516/nu0.mgz --min -1 --o ./tmp.mri_nu_correct.mni.2223516/ones.mgz

7.4.1
cwd /rds/projects/q/quinna-camcan/cc700/mri/pipeline/release004/BIDS_20190411/anat/sub-CC120008_T1w/mri
cmdline mri_binarize --i ./tmp.mri_nu_correct.mni.2223516/nu0.mgz --min -1 --o ./tmp.mri_nu_correct.mni.2223516/ones.mgz 
sysname  Linux
hostname bear-pg0202u11a.bear.cluster
machine  x86_64
user     ghafarit

input      ./tmp.mri_nu_correct.mni.2223516/nu0.mgz
frame      0
nErode3d   0
nErode2d   0
output     ./tmp.mri_nu_correct.mni.2223516/ones.mgz
Binarizing based on threshold
min        -1
max        +infinity
binval        1
binvalnot     0
fstart = 0, fend = 0, nframes = 1
Starting parallel 1
Found 16777216 values in range
Counting number of voxels in first frame
Found 16777215 voxels in final mask
Writing output to ./tmp.mri_nu_correct.mni.2223516/ones.mgz
Count: 16777215 16777215.000000 16777216 99.999994
mri_binarize done
mri_segstats --id 1 --seg ./tmp.mri_nu_correct.mni.2223516/ones.mgz --i orig.mgz --sum ./tmp.mri_nu_correct.mni.2223516/sum.junk --avgwf ./tmp.mri_nu_correct.mni.2223516/input.mean.dat

7.4.1
cwd 
cmdline mri_segstats --id 1 --seg ./tmp.mri_nu_correct.mni.2223516/ones.mgz --i orig.mgz --sum ./tmp.mri_nu_correct.mni.2223516/sum.junk --avgwf ./tmp.mri_nu_correct.mni.2223516/input.mean.dat 
sysname  Linux
hostname bear-pg0202u11a.bear.cluster
machine  x86_64
user     ghafarit
whitesurfname  white
UseRobust  0
Loading ./tmp.mri_nu_correct.mni.2223516/ones.mgz
Loading orig.mgz
Voxel Volume is 1 mm^3
Generating list of segmentation ids
Found   1 segmentations
Computing statistics for each segmentation

Reporting on   1 segmentations
Using PrintSegStat
Computing spatial average of each frame

Writing to ./tmp.mri_nu_correct.mni.2223516/input.mean.dat
mri_segstats done
mri_segstats --id 1 --seg ./tmp.mri_nu_correct.mni.2223516/ones.mgz --i ./tmp.mri_nu_correct.mni.2223516/nu0.mgz --sum ./tmp.mri_nu_correct.mni.2223516/sum.junk --avgwf ./tmp.mri_nu_correct.mni.2223516/output.mean.dat

7.4.1
cwd 
cmdline mri_segstats --id 1 --seg ./tmp.mri_nu_correct.mni.2223516/ones.mgz --i ./tmp.mri_nu_correct.mni.2223516/nu0.mgz --sum ./tmp.mri_nu_correct.mni.2223516/sum.junk --avgwf ./tmp.mri_nu_correct.mni.2223516/output.mean.dat 
sysname  Linux
hostname bear-pg0202u11a.bear.cluster
machine  x86_64
user     ghafarit
whitesurfname  white
UseRobust  0
Loading ./tmp.mri_nu_correct.mni.2223516/ones.mgz
Loading ./tmp.mri_nu_correct.mni.2223516/nu0.mgz
Voxel Volume is 1 mm^3
Generating list of segmentation ids
Found   1 segmentations
Computing statistics for each segmentation

Reporting on   1 segmentations
Using PrintSegStat
Computing spatial average of each frame

Writing to ./tmp.mri_nu_correct.mni.2223516/output.mean.dat
mri_segstats done
mris_calc -o ./tmp.mri_nu_correct.mni.2223516/nu0.mgz ./tmp.mri_nu_correct.mni.2223516/nu0.mgz mul 1.12719946124889038928
Saving result to './tmp.mri_nu_correct.mni.2223516/nu0.mgz' (type = MGH )                       [ ok ]
mri_convert ./tmp.mri_nu_correct.mni.2223516/nu0.mgz nu.mgz --like orig.mgz
mri_convert ./tmp.mri_nu_correct.mni.2223516/nu0.mgz nu.mgz --like orig.mgz 
reading from ./tmp.mri_nu_correct.mni.2223516/nu0.mgz...
TR=0.00, TE=0.00, TI=0.00, flip angle=0.00
i_ras = (-1, 2.32831e-10, 0)
j_ras = (0, -4.54747e-13, -1)
k_ras = (2.32831e-10, 1, 0)
INFO: transform src into the like-volume: orig.mgz
writing to nu.mgz...
mri_make_uchar nu.mgz transforms/talairach.xfm nu.mgz
type change took 0 minutes and 3 seconds.
FIRST_PERCENTILE 0.010000
WM_PERCENTILE    0.900000
MAX_R 50.000000
i1 = 2, i2 = 49
#mri_make_uchar# mapping  5 126 to  3 110  :  b -2.02234 m 0.891066 : thresh 2.26957 maxsat 288.444 : nzero 12496217 nsat 0
 
 
Thu Sep 19 16:39:54 BST 2024
mri_nu_correct.mni done
@#@FSTIME  2024:09:19:16:37:47 mri_nu_correct.mni N 9 e 126.81 S 0.90 U 125.17 P 99% M 612232 F 0 R 174869 W 0 c 397 w 292 I 0 O 0 L 85.25 83.83 83.30
@#@FSLOADPOST 2024:09:19:16:39:54 mri_nu_correct.mni N 9 87.15 85.16 83.86

 mri_add_xform_to_header -c /rds/projects/q/quinna-camcan/cc700/mri/pipeline/release004/BIDS_20190411/anat/sub-CC120008_T1w/mri/transforms/talairach.xfm nu.mgz nu.mgz 

INFO: extension is mgz
@#@FSTIME  2024:09:19:16:39:54 mri_add_xform_to_header N 4 e 0.47 S 0.01 U 0.45 P 98% M 21536 F 0 R 1310 W 0 c 3 w 11 I 0 O 0 L 87.15 85.16 83.86
@#@FSLOADPOST 2024:09:19:16:39:54 mri_add_xform_to_header N 4 86.10 84.97 83.80
#--------------------------------------------
#@# Intensity Normalization Thu Sep 19 16:39:55 BST 2024
/rds/projects/q/quinna-camcan/cc700/mri/pipeline/release004/BIDS_20190411/anat/sub-CC120008_T1w/mri

 mri_normalize -g 1 -seed 1234 -mprage nu.mgz T1.mgz 

using max gradient = 1.000
setting seed for random number genererator to 1234
assuming input volume is MGH (Van der Kouwe) MP-RAGE
reading mri_src from nu.mgz...
normalizing image...
NOT doing gentle normalization with control points/label
talairach transform
 1.03609  -0.04843  -0.07997  -3.39648;
 0.04257   0.95905   0.16447  -24.99882;
 0.08488  -0.14644   1.02948   28.22060;
 0.00000   0.00000   0.00000   1.00000;
processing without aseg, no1d=0
MRInormInit(): 
INFO: Modifying talairach volume c_(r,a,s) based on average_305
MRInormalize(): 
MRIsplineNormalize(): npeaks = 22
Starting OpenSpline(): npoints = 22
building Voronoi diagram...
performing soap bubble smoothing, sigma = 8...

Iterating 2 times
---------------------------------
3d normalization pass 1 of 2
white matter peak found at 110
white matter peak found at 110
gm peak at 79 (79), valley at 35 (35)
csf peak at 39, setting threshold to 65
building Voronoi diagram...
performing soap bubble smoothing, sigma = 8...
---------------------------------
3d normalization pass 2 of 2
white matter peak found at 110
white matter peak found at 110
gm peak at 78 (78), valley at 38 (38)
csf peak at 39, setting threshold to 65
building Voronoi diagram...
performing soap bubble smoothing, sigma = 8...
Done iterating ---------------------------------
writing output to T1.mgz
3D bias adjustment took 1 minutes and 20 seconds.
@#@FSTIME  2024:09:19:16:39:55 mri_normalize N 7 e 80.83 S 0.15 U 80.37 P 99% M 583828 F 0 R 12377 W 0 c 231 w 11 I 0 O 0 L 86.10 84.97 83.80
@#@FSLOADPOST 2024:09:19:16:41:16 mri_normalize N 7 84.40 84.82 83.86
#--------------------------------------------
#@# Skull Stripping Thu Sep 19 16:41:16 BST 2024
/rds/projects/q/quinna-camcan/cc700/mri/pipeline/release004/BIDS_20190411/anat/sub-CC120008_T1w/mri

 mri_em_register -skull nu.mgz /rds/bear-apps/2022a/EL8-ice/software/FreeSurfer/7.4.1-centos8_x86_64/average/RB_all_withskull_2020_01_02.gca transforms/talairach_with_skull.lta 

aligning to atlas containing skull, setting unknown_nbr_spacing = 5

== Number of threads available to mri_em_register for OpenMP = 1 == 
reading 1 input volumes...
logging results to talairach_with_skull.log
reading '/rds/bear-apps/2022a/EL8-ice/software/FreeSurfer/7.4.1-centos8_x86_64/average/RB_all_withskull_2020_01_02.gca'...
GCAread took 0 minutes and 1 seconds.
average std = 23.0   using min determinant for regularization = 52.8
0 singular and 9205 ill-conditioned covariance matrices regularized
reading 'nu.mgz'...
freeing gibbs priors...done.
accounting for voxel sizes in initial transform
bounding unknown intensity as < 8.9 or > 556.0 
total sample mean = 77.3 (1403 zeros)
************************************************
spacing=8, using 3292 sample points, tol=1.00e-05...
************************************************
register_mri: find_optimal_transform
find_optimal_transform: nsamples 3292, passno 0, spacing 8
resetting wm mean[0]: 100 --> 108
resetting gm mean[0]: 61 --> 61
input volume #1 is the most T1-like
using real data threshold=6.0
skull bounding box = (47, 47, 0) --> (214, 255, 220)
finding center of left hemi white matter
using (103, 116, 110) as brain centroid of Right_Cerebral_White_Matter...
MRImask(): AllowDiffGeom = 1
mean wm in atlas = 108, using box (82,90,83) --> (123, 141,137) to find MRI wm
before smoothing, mri peak at 106
robust fit to distribution - 106 +- 4.5
after smoothing, mri peak at 106, scaling input intensities by 1.019
scaling channel 0 by 1.01887
initial log_p = -4.276
************************************************
First Search limited to translation only.
************************************************
max log p =    -4.302394 @ (0.000, 0.000, 0.000)
max log p =    -4.277503 @ (-5.263, -5.263, -5.263)
max log p =    -4.255130 @ (2.632, 2.632, 2.632)
max log p =    -4.245228 @ (-1.316, -1.316, 1.316)
max log p =    -4.220852 @ (0.658, -0.658, -0.658)
max log p =    -4.220852 @ (0.000, 0.000, 0.000)
max log p =    -4.220852 @ (0.000, 0.000, 0.000)
max log p =    -4.220852 @ (0.000, 0.000, 0.000)
Found translation: (-3.3, -4.6, -2.0): log p = -4.221
****************************************
Nine parameter search.  iteration 0 nscales = 0 ...
****************************************
Result so far: scale 1.000: max_log_p=-4.155, old_max_log_p =-4.221 (thresh=-4.2)
 1.00000   0.00000   0.00000  -3.28948;
 0.00000   1.14016   0.13053  -39.93700;
 0.00000  -0.13885   0.91709   27.77826;
 0.00000   0.00000   0.00000   1.00000;
iteration took 1 minutes and 9 seconds.
****************************************
Nine parameter search.  iteration 1 nscales = 0 ...
****************************************
Result so far: scale 1.000: max_log_p=-4.152, old_max_log_p =-4.155 (thresh=-4.2)
 1.06580   0.00157   0.12997  -26.67296;
 0.00000   1.14853   0.00971  -27.49509;
-0.13053   0.01107   0.91835   22.39884;
 0.00000   0.00000   0.00000   1.00000;
reducing scale to 0.2500
iteration took 1 minutes and 6 seconds.
****************************************
Nine parameter search.  iteration 2 nscales = 1 ...
****************************************
Result so far: scale 0.250: max_log_p=-4.061, old_max_log_p =-4.152 (thresh=-4.1)
 1.04769  -0.10468   0.06145  -2.93099;
 0.09477   1.12043   0.07482  -41.22510;
-0.06135  -0.06499   0.93894   20.54171;
 0.00000   0.00000   0.00000   1.00000;
iteration took 0 minutes and 58 seconds.
****************************************
Nine parameter search.  iteration 3 nscales = 1 ...
****************************************
Result so far: scale 0.250: max_log_p=-4.052, old_max_log_p =-4.061 (thresh=-4.1)
 1.01247  -0.06293   0.02857   1.25175;
 0.06371   1.12469   0.04200  -34.03123;
-0.02749  -0.03401   0.97749   7.21651;
 0.00000   0.00000   0.00000   1.00000;
iteration took 0 minutes and 57 seconds.
****************************************
Nine parameter search.  iteration 4 nscales = 1 ...
****************************************
Result so far: scale 0.250: max_log_p=-4.052, old_max_log_p =-4.052 (thresh=-4.0)
 1.01247  -0.06293   0.02857   1.25175;
 0.06371   1.12469   0.04200  -34.03123;
-0.02749  -0.03401   0.97749   7.21651;
 0.00000   0.00000   0.00000   1.00000;
reducing scale to 0.0625
iteration took 0 minutes and 57 seconds.
****************************************
Nine parameter search.  iteration 5 nscales = 2 ...
****************************************
Result so far: scale 0.062: max_log_p=-4.038, old_max_log_p =-4.052 (thresh=-4.0)
 1.00952  -0.06333   0.04446  -0.13826;
 0.06327   1.12307   0.04995  -34.64599;
-0.04473  -0.04230   0.97995   10.81423;
 0.00000   0.00000   0.00000   1.00000;
iteration took 0 minutes and 49 seconds.
****************************************
Nine parameter search.  iteration 6 nscales = 2 ...
****************************************
Result so far: scale 0.062: max_log_p=-4.038, old_max_log_p =-4.038 (thresh=-4.0)
 1.00952  -0.06333   0.04446  -0.13826;
 0.06327   1.12307   0.04995  -34.64599;
-0.04473  -0.04230   0.97995   10.81423;
 0.00000   0.00000   0.00000   1.00000;
min search scale 0.025000 reached
***********************************************
Computing MAP estimate using 3292 samples...
***********************************************
dt = 5.00e-06, momentum=0.80, tol=1.00e-05
l_intensity = 1.0000
Aligning input volume to GCA...
Transform matrix
 1.00952  -0.06333   0.04446  -0.13826;
 0.06327   1.12307   0.04995  -34.64599;
-0.04473  -0.04230   0.97995   10.81423;
 0.00000   0.00000   0.00000   1.00000;
nsamples 3292
Quasinewton: input matrix
 1.00952  -0.06333   0.04446  -0.13826;
 0.06327   1.12307   0.04995  -34.64599;
-0.04473  -0.04230   0.97995   10.81423;
 0.00000   0.00000   0.00000   1.00000;
 IFLAG= -1  LINE SEARCH FAILED. SEE DOCUMENTATION OF ROUTINE MCSRCH ERROR RETURN OF LINE SEARCH: INFO= 4 POSSIBLE CAUSES: FUNCTION OR GRADIENT ARE INCORRECT OR INCORRECT TOLERANCESoutof QuasiNewtonEMA: 009: -log(p) =   -0.0  tol 0.000010
Resulting transform:
 1.00952  -0.06333   0.04446  -0.13826;
 0.06327   1.12307   0.04995  -34.64599;
-0.04473  -0.04230   0.97995   10.81423;
 0.00000   0.00000   0.00000   1.00000;

pass 1, spacing 8: log(p) = -4.038 (old=-4.276)
transform before final EM align:
 1.00952  -0.06333   0.04446  -0.13826;
 0.06327   1.12307   0.04995  -34.64599;
-0.04473  -0.04230   0.97995   10.81423;
 0.00000   0.00000   0.00000   1.00000;

**************************************************
 EM alignment process ...
 Computing final MAP estimate using 364986 samples. 
**************************************************
dt = 5.00e-06, momentum=0.80, tol=1.00e-07
l_intensity = 1.0000
Aligning input volume to GCA...
Transform matrix
 1.00952  -0.06333   0.04446  -0.13826;
 0.06327   1.12307   0.04995  -34.64599;
-0.04473  -0.04230   0.97995   10.81423;
 0.00000   0.00000   0.00000   1.00000;
nsamples 364986
Quasinewton: input matrix
 1.00952  -0.06333   0.04446  -0.13826;
 0.06327   1.12307   0.04995  -34.64599;
-0.04473  -0.04230   0.97995   10.81423;
 0.00000   0.00000   0.00000   1.00000;
 IFLAG= -1  LINE SEARCH FAILED. SEE DOCUMENTATION OF ROUTINE MCSRCH ERROR RETURN OF LINE SEARCH: INFO= 6 POSSIBLE CAUSES: FUNCTION OR GRADIENT ARE INCORRECT OR INCORRECT TOLERANCESoutof QuasiNewtonEMA: 011: -log(p) =    4.4  tol 0.000000
final transform:
 1.00952  -0.06333   0.04446  -0.13826;
 0.06327   1.12307   0.04995  -34.64599;
-0.04473  -0.04230   0.97995   10.81423;
 0.00000   0.00000   0.00000   1.00000;

writing output transformation to transforms/talairach_with_skull.lta...
#VMPC# mri_em_register VmPeak  796888
FSRUNTIME@ mri_em_register  0.1257 hours 1 threads
registration took 7 minutes and 32 seconds.
@#@FSTIME  2024:09:19:16:41:16 mri_em_register N 4 e 452.49 S 0.71 U 450.03 P 99% M 627272 F 0 R 117967 W 0 c 1133 w 12 I 0 O 0 L 84.40 84.82 83.86
@#@FSLOADPOST 2024:09:19:16:48:48 mri_em_register N 4 85.13 85.12 84.47

 mri_watershed -T1 -brain_atlas /rds/bear-apps/2022a/EL8-ice/software/FreeSurfer/7.4.1-centos8_x86_64/average/RB_all_withskull_2020_01_02.gca transforms/talairach_with_skull.lta T1.mgz brainmask.auto.mgz 


Mode:          T1 normalized volume
Mode:          Use the information of atlas (default parms, --help for details)

*********************************************************
The input file is T1.mgz
The output file is brainmask.auto.mgz
Weighting the input with atlas information before watershed

*************************WATERSHED**************************
Sorting...
      first estimation of the COG coord: x=127 y=122 z=114 r=78
      first estimation of the main basin volume: 2055561 voxels
      Looking for seedpoints 
        2 found in the cerebellum 
        18 found in the rest of the brain 
      global maximum in x=149, y=104, z=76, Imax=255
      CSF=17, WM_intensity=110, WM_VARIANCE=5
      WM_MIN=110, WM_HALF_MIN=110, WM_HALF_MAX=110, WM_MAX=110 
      preflooding height equal to 10 percent
done.
Analyze...

      main basin size=9650603166 voxels, voxel volume =1.000 
                     = 9650603166 mmm3 = 9650603.008 cm3
done.
PostAnalyze...Basin Prior
 10 basins merged thanks to atlas 
      ***** 0 basin(s) merged in 1 iteration(s)
      ***** 0 voxel(s) added to the main basin
done.
Weighting the input with prior template 

****************TEMPLATE DEFORMATION****************

      second estimation of the COG coord: x=129,y=125, z=105, r=10358 iterations
^^^^^^^^ couldn't find WM with original limits - expanding ^^^^^^

   GLOBAL      CSF_MIN=0, CSF_intensity=9, CSF_MAX=34 , nb = 44154
  RIGHT_CER    CSF_MIN=0, CSF_intensity=4, CSF_MAX=30 , nb = 3348
  LEFT_CER     CSF_MIN=0, CSF_intensity=4, CSF_MAX=30 , nb = 3204
 RIGHT_BRAIN   CSF_MIN=0, CSF_intensity=9, CSF_MAX=32 , nb = 17766
 LEFT_BRAIN    CSF_MIN=0, CSF_intensity=9, CSF_MAX=35 , nb = 19188
    OTHER      CSF_MIN=0, CSF_intensity=20, CSF_MAX=37 , nb = 648
   
                     CSF_MAX  TRANSITION  GM_MIN  GM
    GLOBAL     
  before analyzing :    34,      42,        51,   74
  after  analyzing :    34,      48,        51,   54
   RIGHT_CER   
  before analyzing :    30,      39,        51,   81
  after  analyzing :    30,      47,        51,   55
   LEFT_CER    
  before analyzing :    30,      39,        50,   79
  after  analyzing :    30,      46,        50,   54
  RIGHT_BRAIN  
  before analyzing :    32,      41,        51,   74
  after  analyzing :    32,      47,        51,   53
  LEFT_BRAIN   
  before analyzing :    35,      43,        51,   74
  after  analyzing :    35,      48,        51,   54
     OTHER     
  before analyzing :    37,      40,        49,   95
  after  analyzing :    37,      46,        49,   58
      mri_strip_skull: done peeling brain
      highly tesselated surface with 10242 vertices
      matching...64 iterations

*********************VALIDATION*********************
curvature mean = -0.013, std = 0.010
curvature mean = 73.553, std = 8.403

No Rigid alignment: -atlas Mode Off (basic atlas / no registration)
      before rotation: sse = 1.53, sigma = 2.45
      after  rotation: sse = 1.53, sigma = 2.45
Localization of inacurate regions: Erosion-Dilation steps
      the sse mean is  1.58, its var is  1.99   
      before Erosion-Dilatation  0.00% of inacurate vertices
      after  Erosion-Dilatation  0.00% of inacurate vertices
      Validation of the shape of the surface done.
Scaling of atlas fields onto current surface fields

********FINAL ITERATIVE TEMPLATE DEFORMATION********
Compute Local values csf/gray
Fine Segmentation...41 iterations

      mri_strip_skull: done peeling brain

Brain Size = 1938525 voxels, voxel volume = 1.000 mm3
           = 1938525 mmm3 = 1938.525 cm3


******************************
Saving brainmask.auto.mgz
done
mri_watershed done
@#@FSTIME  2024:09:19:16:48:49 mri_watershed N 6 e 10.33 S 0.31 U 9.96 P 99% M 816096 F 0 R 188092 W 0 c 49 w 24 I 0 O 0 L 85.13 85.12 84.47
@#@FSLOADPOST 2024:09:19:16:48:59 mri_watershed N 6 86.26 85.37 84.56

 cp brainmask.auto.mgz brainmask.mgz 

#-------------------------------------
#@# EM Registration Thu Sep 19 16:49:00 BST 2024
/rds/projects/q/quinna-camcan/cc700/mri/pipeline/release004/BIDS_20190411/anat/sub-CC120008_T1w/mri

 mri_em_register -uns 3 -mask brainmask.mgz nu.mgz /rds/bear-apps/2022a/EL8-ice/software/FreeSurfer/7.4.1-centos8_x86_64/average/RB_all_2020-01-02.gca transforms/talairach.lta 

setting unknown_nbr_spacing = 3
using MR volume brainmask.mgz to mask input volume...

== Number of threads available to mri_em_register for OpenMP = 1 == 
reading 1 input volumes...
logging results to talairach.log
reading '/rds/bear-apps/2022a/EL8-ice/software/FreeSurfer/7.4.1-centos8_x86_64/average/RB_all_2020-01-02.gca'...
GCAread took 0 minutes and 1 seconds.
average std = 7.2   using min determinant for regularization = 5.2
0 singular and 884 ill-conditioned covariance matrices regularized
reading 'nu.mgz'...
MRImask(): AllowDiffGeom = 1
MRImask(): AllowDiffGeom = 1
MRImask(): AllowDiffGeom = 1
MRImask(): AllowDiffGeom = 1
MRImask(): AllowDiffGeom = 1
freeing gibbs priors...done.
accounting for voxel sizes in initial transform
bounding unknown intensity as < 5.9 or > 519.0 
total sample mean = 79.1 (1017 zeros)
************************************************
spacing=8, using 2841 sample points, tol=1.00e-05...
************************************************
register_mri: find_optimal_transform
find_optimal_transform: nsamples 2841, passno 0, spacing 8
resetting wm mean[0]: 98 --> 107
resetting gm mean[0]: 61 --> 61
input volume #1 is the most T1-like
using real data threshold=28.0
skull bounding box = (61, 58, 21) --> (198, 192, 199)
finding center of left hemi white matter
using (107, 103, 110) as brain centroid of Right_Cerebral_White_Matter...
MRImask(): AllowDiffGeom = 1
mean wm in atlas = 107, using box (90,87,88) --> (123, 119,131) to find MRI wm
before smoothing, mri peak at 106
robust fit to distribution - 106 +- 4.1
after smoothing, mri peak at 106, scaling input intensities by 1.009
scaling channel 0 by 1.00943
initial log_p = -3.825
************************************************
First Search limited to translation only.
************************************************
max log p =    -3.839705 @ (0.000, 0.000, 0.000)
max log p =    -3.839705 @ (0.000, 0.000, 0.000)
max log p =    -3.776230 @ (-2.632, -2.632, -2.632)
max log p =    -3.761948 @ (1.316, -3.947, 1.316)
max log p =    -3.746318 @ (0.658, 1.974, -1.974)
max log p =    -3.746318 @ (0.000, 0.000, 0.000)
max log p =    -3.746318 @ (0.000, 0.000, 0.000)
max log p =    -3.746318 @ (0.000, 0.000, 0.000)
Found translation: (-0.7, -4.6, -3.3): log p = -3.746
****************************************
Nine parameter search.  iteration 0 nscales = 0 ...
****************************************
Result so far: scale 1.000: max_log_p=-3.624, old_max_log_p =-3.746 (thresh=-3.7)
 0.99144  -0.13053   0.00000   16.60415;
 0.14032   1.06580   0.00000  -30.64264;
 0.00000   0.00000   0.85000   13.01708;
 0.00000   0.00000   0.00000   1.00000;
iteration took 1 minutes and 0 seconds.
****************************************
Nine parameter search.  iteration 1 nscales = 0 ...
****************************************
Result so far: scale 1.000: max_log_p=-3.624, old_max_log_p =-3.624 (thresh=-3.6)
 0.99144  -0.13053   0.00000   16.60415;
 0.14032   1.06580   0.00000  -30.64264;
 0.00000   0.00000   0.85000   13.01708;
 0.00000   0.00000   0.00000   1.00000;
reducing scale to 0.2500
iteration took 1 minutes and 1 seconds.
****************************************
Nine parameter search.  iteration 2 nscales = 1 ...
****************************************
Result so far: scale 0.250: max_log_p=-3.521, old_max_log_p =-3.624 (thresh=-3.6)
 1.01544  -0.06460   0.03562  -2.29286;
 0.06711   1.03269   0.16086  -36.33058;
-0.05815  -0.21058   0.88146   46.78278;
 0.00000   0.00000   0.00000   1.00000;
iteration took 0 minutes and 56 seconds.
****************************************
Nine parameter search.  iteration 3 nscales = 1 ...
****************************************
Result so far: scale 0.250: max_log_p=-3.520, old_max_log_p =-3.521 (thresh=-3.5)
 0.99640  -0.06339   0.03495   0.12767;
 0.06768   1.01954   0.12946  -29.57331;
-0.05697  -0.17999   0.90287   40.52806;
 0.00000   0.00000   0.00000   1.00000;
reducing scale to 0.0625
iteration took 0 minutes and 54 seconds.
****************************************
Nine parameter search.  iteration 4 nscales = 2 ...
****************************************
Result so far: scale 0.062: max_log_p=-3.493, old_max_log_p =-3.520 (thresh=-3.5)
 0.99648  -0.07318   0.04144   1.11877;
 0.07683   1.02301   0.11503  -31.10560;
-0.06409  -0.16281   0.90562   39.50658;
 0.00000   0.00000   0.00000   1.00000;
iteration took 0 minutes and 45 seconds.
****************************************
Nine parameter search.  iteration 5 nscales = 2 ...
****************************************
Result so far: scale 0.062: max_log_p=-3.488, old_max_log_p =-3.493 (thresh=-3.5)
 0.99710  -0.07453   0.04891   0.42575;
 0.07744   1.02550   0.10774  -31.20566;
-0.07152  -0.15365   0.90510   38.91757;
 0.00000   0.00000   0.00000   1.00000;
iteration took 0 minutes and 46 seconds.
****************************************
Nine parameter search.  iteration 6 nscales = 2 ...
****************************************
Result so far: scale 0.062: max_log_p=-3.487, old_max_log_p =-3.488 (thresh=-3.5)
 0.99826  -0.07462   0.04897   0.27766;
 0.07753   1.02671   0.10787  -31.38201;
-0.07152  -0.15365   0.90510   38.91757;
 0.00000   0.00000   0.00000   1.00000;
min search scale 0.025000 reached
***********************************************
Computing MAP estimate using 2841 samples...
***********************************************
dt = 5.00e-06, momentum=0.80, tol=1.00e-05
l_intensity = 1.0000
Aligning input volume to GCA...
Transform matrix
 0.99826  -0.07462   0.04897   0.27766;
 0.07753   1.02671   0.10787  -31.38201;
-0.07152  -0.15365   0.90510   38.91757;
 0.00000   0.00000   0.00000   1.00000;
nsamples 2841
Quasinewton: input matrix
 0.99826  -0.07462   0.04897   0.27766;
 0.07753   1.02671   0.10787  -31.38201;
-0.07152  -0.15365   0.90510   38.91757;
 0.00000   0.00000   0.00000   1.00000;
 IFLAG= -1  LINE SEARCH FAILED. SEE DOCUMENTATION OF ROUTINE MCSRCH ERROR RETURN OF LINE SEARCH: INFO= 3 POSSIBLE CAUSES: FUNCTION OR GRADIENT ARE INCORRECT OR INCORRECT TOLERANCESoutof QuasiNewtonEMA: 009: -log(p) =   -0.0  tol 0.000010
Resulting transform:
 0.99826  -0.07462   0.04897   0.27766;
 0.07753   1.02671   0.10787  -31.38201;
-0.07152  -0.15365   0.90510   38.91757;
 0.00000   0.00000   0.00000   1.00000;

pass 1, spacing 8: log(p) = -3.487 (old=-3.825)
transform before final EM align:
 0.99826  -0.07462   0.04897   0.27766;
 0.07753   1.02671   0.10787  -31.38201;
-0.07152  -0.15365   0.90510   38.91757;
 0.00000   0.00000   0.00000   1.00000;

**************************************************
 EM alignment process ...
 Computing final MAP estimate using 315638 samples. 
**************************************************
dt = 5.00e-06, momentum=0.80, tol=1.00e-07
l_intensity = 1.0000
Aligning input volume to GCA...
Transform matrix
 0.99826  -0.07462   0.04897   0.27766;
 0.07753   1.02671   0.10787  -31.38201;
-0.07152  -0.15365   0.90510   38.91757;
 0.00000   0.00000   0.00000   1.00000;
nsamples 315638
Quasinewton: input matrix
 0.99826  -0.07462   0.04897   0.27766;
 0.07753   1.02671   0.10787  -31.38201;
-0.07152  -0.15365   0.90510   38.91757;
 0.00000   0.00000   0.00000   1.00000;
dfp_em_step_func: 010: -log(p) = 4.0
after pass:transform: ( 1.00, -0.07, 0.05, 0.28)
                      ( 0.08, 1.03, 0.11, -31.38)
                      ( -0.07, -0.15, 0.91, 38.92)
dfp_em_step_func: 011: -log(p) = 4.0
after pass:transform: ( 1.00, -0.07, 0.05, 0.28)
                      ( 0.08, 1.03, 0.11, -31.38)
                      ( -0.07, -0.15, 0.91, 38.92)
dfp_em_step_func: 012: -log(p) = 4.0
after pass:transform: ( 1.00, -0.07, 0.05, 0.28)
                      ( 0.08, 1.03, 0.11, -31.38)
                      ( -0.07, -0.15, 0.91, 38.92)
dfp_em_step_func: 013: -log(p) = 4.0
after pass:transform: ( 1.00, -0.07, 0.05, 0.28)
                      ( 0.08, 1.03, 0.11, -31.38)
                      ( -0.07, -0.15, 0.91, 38.92)
 IFLAG= -1  LINE SEARCH FAILED. SEE DOCUMENTATION OF ROUTINE MCSRCH ERROR RETURN OF LINE SEARCH: INFO= 3 POSSIBLE CAUSES: FUNCTION OR GRADIENT ARE INCORRECT OR INCORRECT TOLERANCESpass 2 through quasi-newton minimization...
 IFLAG= -1  LINE SEARCH FAILED. SEE DOCUMENTATION OF ROUTINE MCSRCH ERROR RETURN OF LINE SEARCH: INFO= 6 POSSIBLE CAUSES: FUNCTION OR GRADIENT ARE INCORRECT OR INCORRECT TOLERANCESoutof QuasiNewtonEMA: 015: -log(p) =    4.0  tol 0.000000
final transform:
 0.99882  -0.07406   0.04953   0.27766;
 0.07789   1.02704   0.10834  -31.38201;
-0.07152  -0.15363   0.90511   38.91757;
 0.00000   0.00000   0.00000   1.00000;

writing output transformation to transforms/talairach.lta...
#VMPC# mri_em_register VmPeak  784340
FSRUNTIME@ mri_em_register  0.1173 hours 1 threads
registration took 7 minutes and 2 seconds.
@#@FSTIME  2024:09:19:16:49:00 mri_em_register N 7 e 422.34 S 0.71 U 420.14 P 99% M 614588 F 0 R 114975 W 0 c 1071 w 15 I 0 O 0 L 85.28 85.18 84.50
@#@FSLOADPOST 2024:09:19:16:56:03 mri_em_register N 7 83.85 84.94 84.81
#--------------------------------------
#@# CA Normalize Thu Sep 19 16:56:03 BST 2024
/rds/projects/q/quinna-camcan/cc700/mri/pipeline/release004/BIDS_20190411/anat/sub-CC120008_T1w/mri

 mri_ca_normalize -c ctrl_pts.mgz -mask brainmask.mgz nu.mgz /rds/bear-apps/2022a/EL8-ice/software/FreeSurfer/7.4.1-centos8_x86_64/average/RB_all_2020-01-02.gca transforms/talairach.lta norm.mgz 

writing control point volume to ctrl_pts.mgz
using MR volume brainmask.mgz to mask input volume...
reading 1 input volume
reading atlas from '/rds/bear-apps/2022a/EL8-ice/software/FreeSurfer/7.4.1-centos8_x86_64/average/RB_all_2020-01-02.gca'...
reading transform from 'transforms/talairach.lta'...
reading input volume from nu.mgz...
resetting wm mean[0]: 98 --> 107
resetting gm mean[0]: 61 --> 61
input volume #1 is the most T1-like
using real data threshold=28.0
skull bounding box = (61, 58, 21) --> (198, 192, 199)
finding center of left hemi white matter
using (107, 103, 110) as brain centroid of Right_Cerebral_White_Matter...
mean wm in atlas = 107, using box (90,87,88) --> (123, 119,131) to find MRI wm
before smoothing, mri peak at 106
robust fit to distribution - 106 +- 4.1
after smoothing, mri peak at 106, scaling input intensities by 1.009
scaling channel 0 by 1.00943
using 246437 sample points...
INFO: compute sample coordinates transform
 0.99882  -0.07406   0.04953   0.27766;
 0.07789   1.02704   0.10834  -31.38201;
-0.07152  -0.15363   0.90511   38.91757;
 0.00000   0.00000   0.00000   1.00000;
INFO: transform used
finding control points in Left_Cerebral_White_Matter....
found 40230 control points for structure...
bounding box (129, 60, 21) --> (198, 170, 204)
Left_Cerebral_White_Matter: limiting intensities to 97.0 --> 132.0
0 of 1837 (0.0%) samples deleted
finding control points in Right_Cerebral_White_Matter....
found 39478 control points for structure...
bounding box (65, 64, 18) --> (132, 177, 203)
Right_Cerebral_White_Matter: limiting intensities to 96.0 --> 132.0
1 of 1808 (0.1%) samples deleted
finding control points in Left_Cerebellum_White_Matter....
found 3105 control points for structure...
bounding box (135, 143, 51) --> (185, 186, 110)
Left_Cerebellum_White_Matter: limiting intensities to 116.0 --> 132.0
10 of 12 (83.3%) samples deleted
finding control points in Right_Cerebellum_White_Matter....
found 2710 control points for structure...
bounding box (91, 143, 46) --> (135, 188, 109)
Right_Cerebellum_White_Matter: limiting intensities to 116.0 --> 132.0
7 of 10 (70.0%) samples deleted
finding control points in Brain_Stem....
found 3475 control points for structure...
bounding box (115, 136, 89) --> (151, 203, 122)
Brain_Stem: limiting intensities to 98.0 --> 132.0
10 of 19 (52.6%) samples deleted
using 3686 total control points for intensity normalization...
bias field = 0.974 +- 0.042
14 of 3658 control points discarded
finding control points in Left_Cerebral_White_Matter....
found 40230 control points for structure...
bounding box (129, 60, 21) --> (198, 170, 204)
Left_Cerebral_White_Matter: limiting intensities to 91.0 --> 132.0
1 of 2250 (0.0%) samples deleted
finding control points in Right_Cerebral_White_Matter....
found 39478 control points for structure...
bounding box (65, 64, 18) --> (132, 177, 203)
Right_Cerebral_White_Matter: limiting intensities to 91.0 --> 132.0
3 of 2434 (0.1%) samples deleted
finding control points in Left_Cerebellum_White_Matter....
found 3105 control points for structure...
bounding box (135, 143, 51) --> (185, 186, 110)
Left_Cerebellum_White_Matter: limiting intensities to 94.0 --> 132.0
4 of 55 (7.3%) samples deleted
finding control points in Right_Cerebellum_White_Matter....
found 2710 control points for structure...
bounding box (91, 143, 46) --> (135, 188, 109)
Right_Cerebellum_White_Matter: limiting intensities to 90.0 --> 132.0
1 of 59 (1.7%) samples deleted
finding control points in Brain_Stem....
found 3475 control points for structure...
bounding box (115, 136, 89) --> (151, 203, 122)
Brain_Stem: limiting intensities to 90.0 --> 132.0
19 of 110 (17.3%) samples deleted
using 4908 total control points for intensity normalization...
bias field = 1.022 +- 0.056
51 of 4812 control points discarded
finding control points in Left_Cerebral_White_Matter....
found 40230 control points for structure...
bounding box (129, 60, 21) --> (198, 170, 204)
Left_Cerebral_White_Matter: limiting intensities to 89.0 --> 132.0
7 of 2236 (0.3%) samples deleted
finding control points in Right_Cerebral_White_Matter....
found 39478 control points for structure...
bounding box (65, 64, 18) --> (132, 177, 203)
Right_Cerebral_White_Matter: limiting intensities to 89.0 --> 132.0
12 of 2469 (0.5%) samples deleted
finding control points in Left_Cerebellum_White_Matter....
found 3105 control points for structure...
bounding box (135, 143, 51) --> (185, 186, 110)
Left_Cerebellum_White_Matter: limiting intensities to 88.0 --> 132.0
27 of 119 (22.7%) samples deleted
finding control points in Right_Cerebellum_White_Matter....
found 2710 control points for structure...
bounding box (91, 143, 46) --> (135, 188, 109)
Right_Cerebellum_White_Matter: limiting intensities to 88.0 --> 132.0
16 of 103 (15.5%) samples deleted
finding control points in Brain_Stem....
found 3475 control points for structure...
bounding box (115, 136, 89) --> (151, 203, 122)
Brain_Stem: limiting intensities to 88.0 --> 132.0
75 of 166 (45.2%) samples deleted
using 5093 total control points for intensity normalization...
bias field = 1.027 +- 0.050
13 of 4889 control points discarded
writing normalized volume to norm.mgz...
writing control points to ctrl_pts.mgz
freeing GCA...done.
normalization took 0 minutes and 41 seconds.
@#@FSTIME  2024:09:19:16:56:03 mri_ca_normalize N 8 e 41.02 S 0.34 U 40.52 P 99% M 930984 F 0 R 137628 W 0 c 148 w 19 I 0 O 0 L 83.85 84.94 84.81
@#@FSLOADPOST 2024:09:19:16:56:44 mri_ca_normalize N 8 84.88 85.06 84.86
#--------------------------------------
#@# CA Reg Thu Sep 19 16:56:44 BST 2024
/rds/projects/q/quinna-camcan/cc700/mri/pipeline/release004/BIDS_20190411/anat/sub-CC120008_T1w/mri

 mri_ca_register -nobigventricles -T transforms/talairach.lta -align-after -mask brainmask.mgz norm.mgz /rds/bear-apps/2022a/EL8-ice/software/FreeSurfer/7.4.1-centos8_x86_64/average/RB_all_2020-01-02.gca transforms/talairach.m3z 

not handling expanded ventricles...
using previously computed transform transforms/talairach.lta
renormalizing sequences with structure alignment, equivalent to:
	-renormalize
	-regularize_mean 0.500
	-regularize 0.500
using MR volume brainmask.mgz to mask input volume...

== Number of threads available to mri_ca_register for OpenMP = 1 == 
reading 1 input volumes...
logging results to talairach.log
reading input volume 'norm.mgz'...
reading GCA '/rds/bear-apps/2022a/EL8-ice/software/FreeSurfer/7.4.1-centos8_x86_64/average/RB_all_2020-01-02.gca'...
label assignment complete, 0 changed (0.00%)
freeing gibbs priors...done.
average std[0] = 5.0
Starting GCAMregister()
label assignment complete, 0 changed (0.00%)
npasses = 1, nlevels = 6
#pass# 1 of 1 ************************
enabling zero nodes
setting smoothness cost coefficient to 0.156

#GCAMreg# pass 0 level1 5 level2 0 tsec 0 sigma 2
l_jacobian=1.00 l_label=1.00 l_log_likelihood=0.20 l_smoothness=0.16 
tol=2.50e-01, dt=5.00e-02, exp_k=20.0, momentum=0.90, levels=6, niter=500, lbl_dist=10.00, avgs=256, sigma=2.0,type=2, relabel=0, neg=no

blurring input image with Gaussian with sigma=2.000...
GCAMRegisterLevel(): init RMS 0.850036





























#GCAMreg# pass 0 level1 5 level2 1 tsec 285.211 sigma 0.5
l_jacobian=1.00 l_label=1.00 l_log_likelihood=0.20 l_smoothness=0.16 
tol=2.50e-01, dt=5.00e-02, exp_k=20.0, momentum=0.90, levels=6, niter=500, lbl_dist=10.00, avgs=256, sigma=0.5,type=2, relabel=0, neg=no

blurring input image with Gaussian with sigma=0.500...
GCAMRegisterLevel(): init RMS 0.699856







setting smoothness cost coefficient to 0.615

#GCAMreg# pass 0 level1 4 level2 0 tsec 0 sigma 2
l_jacobian=1.00 l_label=1.00 l_log_likelihood=0.20 l_smoothness=0.62 
tol=2.50e-01, dt=5.00e-02, exp_k=20.0, momentum=0.90, levels=6, niter=500, lbl_dist=10.00, avgs=64, sigma=2.0,type=2, relabel=0, neg=no

blurring input image with Gaussian with sigma=2.000...
GCAMRegisterLevel(): init RMS 0.704898














#GCAMreg# pass 0 level1 4 level2 1 tsec 105.266 sigma 0.5
l_jacobian=1.00 l_label=1.00 l_log_likelihood=0.20 l_smoothness=0.62 
tol=2.50e-01, dt=5.00e-02, exp_k=20.0, momentum=0.90, levels=6, niter=500, lbl_dist=10.00, avgs=64, sigma=0.5,type=2, relabel=0, neg=no

blurring input image with Gaussian with sigma=0.500...
GCAMRegisterLevel(): init RMS 0.675354


setting smoothness cost coefficient to 2.353

#GCAMreg# pass 0 level1 3 level2 0 tsec 0 sigma 2
l_jacobian=1.00 l_label=1.00 l_log_likelihood=0.20 l_smoothness=2.35 
tol=2.50e-01, dt=5.00e-02, exp_k=20.0, momentum=0.90, levels=6, niter=500, lbl_dist=10.00, avgs=16, sigma=2.0,type=2, relabel=0, neg=no

blurring input image with Gaussian with sigma=2.000...
GCAMRegisterLevel(): init RMS 0.708213



#GCAMreg# pass 0 level1 3 level2 1 tsec 29.914 sigma 0.5
l_jacobian=1.00 l_label=1.00 l_log_likelihood=0.20 l_smoothness=2.35 
tol=2.50e-01, dt=5.00e-02, exp_k=20.0, momentum=0.90, levels=6, niter=500, lbl_dist=10.00, avgs=16, sigma=0.5,type=2, relabel=0, neg=no

blurring input image with Gaussian with sigma=0.500...
GCAMRegisterLevel(): init RMS 0.706818


setting smoothness cost coefficient to 8.000

#GCAMreg# pass 0 level1 2 level2 0 tsec 0 sigma 2
l_jacobian=1.00 l_label=1.00 l_log_likelihood=0.20 l_smoothness=8.00 
tol=2.50e-01, dt=5.00e-02, exp_k=20.0, momentum=0.90, levels=6, niter=500, lbl_dist=10.00, avgs=4, sigma=2.0,type=2, relabel=0, neg=no

blurring input image with Gaussian with sigma=2.000...
GCAMRegisterLevel(): init RMS 0.782089




#GCAMreg# pass 0 level1 2 level2 1 tsec 41.189 sigma 0.5
l_jacobian=1.00 l_label=1.00 l_log_likelihood=0.20 l_smoothness=8.00 
tol=2.50e-01, dt=5.00e-02, exp_k=20.0, momentum=0.90, levels=6, niter=500, lbl_dist=10.00, avgs=4, sigma=0.5,type=2, relabel=0, neg=no

blurring input image with Gaussian with sigma=0.500...
GCAMRegisterLevel(): init RMS 0.750293

setting smoothness cost coefficient to 20.000

#GCAMreg# pass 0 level1 1 level2 0 tsec 0 sigma 2
l_jacobian=1.00 l_label=1.00 l_log_likelihood=0.20 l_smoothness=20.00 
tol=2.50e-01, dt=5.00e-02, exp_k=20.0, momentum=0.90, levels=6, niter=500, lbl_dist=10.00, avgs=1, sigma=2.0,type=2, relabel=0, neg=no

blurring input image with Gaussian with sigma=2.000...
GCAMRegisterLevel(): init RMS 0.79593













#GCAMreg# pass 0 level1 1 level2 1 tsec 102.073 sigma 0.5
l_jacobian=1.00 l_label=1.00 l_log_likelihood=0.20 l_smoothness=20.00 
tol=2.50e-01, dt=5.00e-02, exp_k=20.0, momentum=0.90, levels=6, niter=500, lbl_dist=10.00, avgs=1, sigma=0.5,type=2, relabel=0, neg=no

blurring input image with Gaussian with sigma=0.500...
GCAMRegisterLevel(): init RMS 0.781751


resetting metric properties...
setting smoothness cost coefficient to 40.000

#GCAMreg# pass 0 level1 0 level2 0 tsec 0 sigma 2
l_jacobian=1.00 l_label=1.00 l_log_likelihood=0.20 l_smoothness=40.00 
tol=2.50e-01, dt=5.00e-02, exp_k=20.0, momentum=0.90, levels=6, niter=500, lbl_dist=10.00, avgs=0, sigma=2.0,type=2, relabel=0, neg=no

blurring input image with Gaussian with sigma=2.000...
GCAMRegisterLevel(): init RMS 0.750323



#GCAMreg# pass 0 level1 0 level2 1 tsec 27.679 sigma 0.5
l_jacobian=1.00 l_label=1.00 l_log_likelihood=0.20 l_smoothness=40.00 
tol=2.50e-01, dt=5.00e-02, exp_k=20.0, momentum=0.90, levels=6, niter=500, lbl_dist=10.00, avgs=0, sigma=0.5,type=2, relabel=0, neg=no

blurring input image with Gaussian with sigma=0.500...
GCAMRegisterLevel(): init RMS 0.747034

GCAMregister done in 13.6682 min
Starting GCAmapRenormalizeWithAlignment() without scales
renormalizing by structure alignment....
renormalizing input #0
gca peak = 0.10253 (16)
mri peak = 0.17877 (30)
Left_Lateral_Ventricle (4): linear fit = 1.60 x + 0.0 (1682 voxels, overlap=0.349)
Left_Lateral_Ventricle (4): linear fit = 1.50 x + 0.0 (1682 voxels, peak = 26), gca=24.0
gca peak = 0.17690 (16)
mri peak = 0.13783 (29)
Right_Lateral_Ventricle (43): linear fit = 1.77 x + 0.0 (1232 voxels, overlap=0.134)
Right_Lateral_Ventricle (43): linear fit = 1.50 x + 0.0 (1232 voxels, peak = 28), gca=24.0
gca peak = 0.28275 (96)
mri peak = 0.06977 (95)
Right_Pallidum (52): linear fit = 1.00 x + 0.0 (1052 voxels, overlap=1.006)
Right_Pallidum (52): linear fit = 1.00 x + 0.0 (1052 voxels, peak = 96), gca=95.5
gca peak = 0.18948 (93)
mri peak = 0.05585 (101)
Left_Pallidum (13): linear fit = 0.96 x + 0.0 (942 voxels, overlap=1.013)
Left_Pallidum (13): linear fit = 0.96 x + 0.0 (942 voxels, peak = 90), gca=89.7
gca peak = 0.20755 (55)
mri peak = 0.07692 (73)
Right_Hippocampus (53): linear fit = 1.26 x + 0.0 (765 voxels, overlap=0.026)
Right_Hippocampus (53): linear fit = 1.26 x + 0.0 (765 voxels, peak = 70), gca=69.6
gca peak = 0.31831 (58)
mri peak = 0.07937 (71)
Left_Hippocampus (17): linear fit = 1.22 x + 0.0 (681 voxels, overlap=0.008)
Left_Hippocampus (17): linear fit = 1.22 x + 0.0 (681 voxels, peak = 70), gca=70.5
gca peak = 0.11957 (102)
mri peak = 0.08919 (105)
Right_Cerebral_White_Matter (41): linear fit = 1.03 x + 0.0 (86580 voxels, overlap=0.711)
Right_Cerebral_White_Matter (41): linear fit = 1.03 x + 0.0 (86580 voxels, peak = 106), gca=105.6
gca peak = 0.11429 (102)
mri peak = 0.09353 (106)
Left_Cerebral_White_Matter (2): linear fit = 1.03 x + 0.0 (87808 voxels, overlap=0.729)
Left_Cerebral_White_Matter (2): linear fit = 1.03 x + 0.0 (87808 voxels, peak = 106), gca=105.6
gca peak = 0.14521 (59)
mri peak = 0.03970 (75)
Left_Cerebral_Cortex (3): linear fit = 1.25 x + 0.0 (31819 voxels, overlap=0.013)
Left_Cerebral_Cortex (3): linear fit = 1.25 x + 0.0 (31819 voxels, peak = 73), gca=73.5
gca peak = 0.14336 (58)
mri peak = 0.03573 (74)
Right_Cerebral_Cortex (42): linear fit = 1.26 x + 0.0 (34538 voxels, overlap=0.004)
Right_Cerebral_Cortex (42): linear fit = 1.26 x + 0.0 (34538 voxels, peak = 73), gca=73.4
gca peak = 0.13305 (70)
mri peak = 0.09735 (80)
Right_Caudate (50): linear fit = 1.16 x + 0.0 (991 voxels, overlap=0.037)
Right_Caudate (50): linear fit = 1.16 x + 0.0 (991 voxels, peak = 82), gca=81.5
gca peak = 0.15761 (71)
mri peak = 0.11788 (84)
Left_Caudate (11): linear fit = 1.15 x + 0.0 (1353 voxels, overlap=0.108)
Left_Caudate (11): linear fit = 1.15 x + 0.0 (1353 voxels, peak = 82), gca=82.0
gca peak = 0.13537 (57)
mri peak = 0.04555 (67)
Left_Cerebellum_Cortex (8): linear fit = 1.24 x + 0.0 (25376 voxels, overlap=0.104)
Left_Cerebellum_Cortex (8): linear fit = 1.24 x + 0.0 (25376 voxels, peak = 70), gca=70.4
gca peak = 0.13487 (56)
mri peak = 0.05150 (71)
Right_Cerebellum_Cortex (47): linear fit = 1.26 x + 0.0 (29514 voxels, overlap=0.006)
Right_Cerebellum_Cortex (47): linear fit = 1.26 x + 0.0 (29514 voxels, peak = 71), gca=70.8
gca peak = 0.19040 (84)
mri peak = 0.06128 (90)
Left_Cerebellum_White_Matter (7): linear fit = 1.11 x + 0.0 (11550 voxels, overlap=0.306)
Left_Cerebellum_White_Matter (7): linear fit = 1.11 x + 0.0 (11550 voxels, peak = 93), gca=92.8
gca peak = 0.18871 (83)
mri peak = 0.06133 (90)
Right_Cerebellum_White_Matter (46): linear fit = 1.09 x + 0.0 (10061 voxels, overlap=0.635)
Right_Cerebellum_White_Matter (46): linear fit = 1.09 x + 0.0 (10061 voxels, peak = 90), gca=90.1
gca peak = 0.24248 (57)
mri peak = 0.07632 (75)
Left_Amygdala (18): linear fit = 1.33 x + 0.0 (529 voxels, overlap=0.057)
Left_Amygdala (18): linear fit = 1.33 x + 0.0 (529 voxels, peak = 76), gca=75.5
gca peak = 0.35833 (56)
mri peak = 0.08947 (72)
Right_Amygdala (54): linear fit = 1.27 x + 0.0 (575 voxels, overlap=0.040)
Right_Amygdala (54): linear fit = 1.27 x + 0.0 (575 voxels, peak = 71), gca=71.4
gca peak = 0.12897 (85)
mri peak = 0.06779 (98)
Left_Thalamus (10): linear fit = 1.13 x + 0.0 (7142 voxels, overlap=0.430)
Left_Thalamus (10): linear fit = 1.13 x + 0.0 (7142 voxels, peak = 96), gca=96.5
gca peak = 0.13127 (83)
mri peak = 0.07018 (91)
Right_Thalamus (49): linear fit = 1.11 x + 0.0 (5255 voxels, overlap=0.641)
Right_Thalamus (49): linear fit = 1.11 x + 0.0 (5255 voxels, peak = 92), gca=91.7
gca peak = 0.12974 (78)
mri peak = 0.07075 (92)
Left_Putamen (12): linear fit = 1.18 x + 0.0 (2901 voxels, overlap=0.025)
Left_Putamen (12): linear fit = 1.18 x + 0.0 (2901 voxels, peak = 92), gca=92.4
gca peak = 0.17796 (79)
mri peak = 0.07481 (91)
Right_Putamen (51): linear fit = 1.14 x + 0.0 (3067 voxels, overlap=0.205)
Right_Putamen (51): linear fit = 1.14 x + 0.0 (3067 voxels, peak = 90), gca=90.5
gca peak = 0.10999 (80)
mri peak = 0.08363 (84)
Brain_Stem (16): linear fit = 1.10 x + 0.0 (14494 voxels, overlap=0.415)
Brain_Stem (16): linear fit = 1.10 x + 0.0 (14494 voxels, peak = 88), gca=87.6
gca peak = 0.13215 (88)
mri peak = 0.08658 (97)
Right_VentralDC (60): linear fit = 1.10 x + 0.0 (1513 voxels, overlap=0.423)
Right_VentralDC (60): linear fit = 1.10 x + 0.0 (1513 voxels, peak = 96), gca=96.4
gca peak = 0.11941 (89)
mri peak = 0.06907 (97)
Left_VentralDC (28): linear fit = 1.10 x + 0.0 (1587 voxels, overlap=0.663)
Left_VentralDC (28): linear fit = 1.10 x + 0.0 (1587 voxels, peak = 97), gca=97.5
gca peak = 0.20775 (25)
uniform distribution in MR - rejecting arbitrary fit
gca peak = 0.13297 (21)
mri peak = 0.08539 (27)
Fourth_Ventricle (15): linear fit = 1.45 x + 0.0 (397 voxels, overlap=0.309)
Fourth_Ventricle (15): linear fit = 1.45 x + 0.0 (397 voxels, peak = 30), gca=30.3
gca peak Unknown = 0.94777 ( 0)
gca peak Left_Inf_Lat_Vent = 0.19087 (28)
gca peak Third_Ventricle = 0.20775 (25)
gca peak CSF = 0.16821 (33)
gca peak Left_Accumbens_area = 0.32850 (63)
gca peak Left_undetermined = 0.98480 (28)
gca peak Left_vessel = 0.40887 (53)
gca peak Left_choroid_plexus = 0.10898 (46)
gca peak Right_Inf_Lat_Vent = 0.17798 (26)
gca peak Right_Accumbens_area = 0.30137 (64)
gca peak Right_vessel = 0.47828 (52)
gca peak Right_choroid_plexus = 0.11612 (45)
gca peak Fifth_Ventricle = 0.59466 (35)
gca peak WM_hypointensities = 0.10053 (78)
gca peak non_WM_hypointensities = 0.07253 (60)
gca peak Optic_Chiasm = 0.25330 (73)
not using caudate to estimate GM means
estimating mean gm scale to be 1.26 x + 0.0
estimating mean wm scale to be 1.03 x + 0.0
estimating mean csf scale to be 1.48 x + 0.0
saving intensity scales to talairach.label_intensities.txt
GCAmapRenormalizeWithAlignment() took 2.09242 min
noneg pre
Starting GCAMregister()
label assignment complete, 0 changed (0.00%)
npasses = 1, nlevels = 6
#pass# 1 of 1 ************************
enabling zero nodes
setting smoothness cost coefficient to 0.008

#GCAMreg# pass 0 level1 5 level2 0 tsec 0 sigma 2
l_jacobian=1.00 l_label=1.00 l_log_likelihood=0.20 l_smoothness=0.01 
tol=5.00e-02, dt=5.00e-02, exp_k=20.0, momentum=0.90, levels=6, niter=500, lbl_dist=10.00, avgs=256, sigma=2.0,type=2, relabel=0, neg=no

blurring input image with Gaussian with sigma=2.000...
GCAMRegisterLevel(): init RMS 0.744855









































































































#GCAMreg# pass 0 level1 5 level2 1 tsec 832.008 sigma 0.5
l_jacobian=1.00 l_label=1.00 l_log_likelihood=0.20 l_smoothness=0.01 
tol=5.00e-02, dt=5.00e-02, exp_k=20.0, momentum=0.90, levels=6, niter=500, lbl_dist=10.00, avgs=256, sigma=0.5,type=2, relabel=0, neg=no

blurring input image with Gaussian with sigma=0.500...
GCAMRegisterLevel(): init RMS 0.621437























setting smoothness cost coefficient to 0.031

#GCAMreg# pass 0 level1 4 level2 0 tsec 0 sigma 2
l_jacobian=1.00 l_label=1.00 l_log_likelihood=0.20 l_smoothness=0.03 
tol=5.00e-02, dt=5.00e-02, exp_k=20.0, momentum=0.90, levels=6, niter=500, lbl_dist=10.00, avgs=64, sigma=2.0,type=2, relabel=0, neg=no

blurring input image with Gaussian with sigma=2.000...
GCAMRegisterLevel(): init RMS 0.619194














































































































#GCAMreg# pass 0 level1 4 level2 1 tsec 763.431 sigma 0.5
l_jacobian=1.00 l_label=1.00 l_log_likelihood=0.20 l_smoothness=0.03 
tol=5.00e-02, dt=5.00e-02, exp_k=20.0, momentum=0.90, levels=6, niter=500, lbl_dist=10.00, avgs=64, sigma=0.5,type=2, relabel=0, neg=no

blurring input image with Gaussian with sigma=0.500...
GCAMRegisterLevel(): init RMS 0.541388































setting smoothness cost coefficient to 0.118

#GCAMreg# pass 0 level1 3 level2 0 tsec 0 sigma 2
l_jacobian=1.00 l_label=1.00 l_log_likelihood=0.20 l_smoothness=0.12 
tol=5.00e-02, dt=5.00e-02, exp_k=20.0, momentum=0.90, levels=6, niter=500, lbl_dist=10.00, avgs=16, sigma=2.0,type=2, relabel=0, neg=no

blurring input image with Gaussian with sigma=2.000...
GCAMRegisterLevel(): init RMS 0.545434





#GCAMreg# pass 0 level1 3 level2 1 tsec 36.595 sigma 0.5
l_jacobian=1.00 l_label=1.00 l_log_likelihood=0.20 l_smoothness=0.12 
tol=5.00e-02, dt=5.00e-02, exp_k=20.0, momentum=0.90, levels=6, niter=500, lbl_dist=10.00, avgs=16, sigma=0.5,type=2, relabel=0, neg=no

blurring input image with Gaussian with sigma=0.500...
GCAMRegisterLevel(): init RMS 0.544666








































































setting smoothness cost coefficient to 0.400

#GCAMreg# pass 0 level1 2 level2 0 tsec 0 sigma 2
l_jacobian=1.00 l_label=1.00 l_log_likelihood=0.20 l_smoothness=0.40 
tol=5.00e-02, dt=5.00e-02, exp_k=20.0, momentum=0.90, levels=6, niter=500, lbl_dist=10.00, avgs=4, sigma=2.0,type=2, relabel=0, neg=no

blurring input image with Gaussian with sigma=2.000...
GCAMRegisterLevel(): init RMS 0.528611



#GCAMreg# pass 0 level1 2 level2 1 tsec 29.546 sigma 0.5
l_jacobian=1.00 l_label=1.00 l_log_likelihood=0.20 l_smoothness=0.40 
tol=5.00e-02, dt=5.00e-02, exp_k=20.0, momentum=0.90, levels=6, niter=500, lbl_dist=10.00, avgs=4, sigma=0.5,type=2, relabel=0, neg=no

blurring input image with Gaussian with sigma=0.500...
GCAMRegisterLevel(): init RMS 0.528611


setting smoothness cost coefficient to 1.000

#GCAMreg# pass 0 level1 1 level2 0 tsec 0 sigma 2
l_jacobian=1.00 l_label=1.00 l_log_likelihood=0.20 l_smoothness=1.00 
tol=5.00e-02, dt=5.00e-02, exp_k=20.0, momentum=0.90, levels=6, niter=500, lbl_dist=10.00, avgs=1, sigma=2.0,type=2, relabel=0, neg=no

blurring input image with Gaussian with sigma=2.000...
GCAMRegisterLevel(): init RMS 0.578208




#GCAMreg# pass 0 level1 1 level2 1 tsec 30.972 sigma 0.5
l_jacobian=1.00 l_label=1.00 l_log_likelihood=0.20 l_smoothness=1.00 
tol=5.00e-02, dt=5.00e-02, exp_k=20.0, momentum=0.90, levels=6, niter=500, lbl_dist=10.00, avgs=1, sigma=0.5,type=2, relabel=0, neg=no

blurring input image with Gaussian with sigma=0.500...
GCAMRegisterLevel(): init RMS 0.574077


resetting metric properties...
setting smoothness cost coefficient to 2.000

#GCAMreg# pass 0 level1 0 level2 0 tsec 0 sigma 2
l_jacobian=1.00 l_label=1.00 l_log_likelihood=0.20 l_smoothness=2.00 
tol=5.00e-02, dt=5.00e-02, exp_k=20.0, momentum=0.90, levels=6, niter=500, lbl_dist=10.00, avgs=0, sigma=2.0,type=2, relabel=0, neg=no

blurring input image with Gaussian with sigma=2.000...
GCAMRegisterLevel(): init RMS 0.515601


















#GCAMreg# pass 0 level1 0 level2 1 tsec 134.545 sigma 0.5
l_jacobian=1.00 l_label=1.00 l_log_likelihood=0.20 l_smoothness=2.00 
tol=5.00e-02, dt=5.00e-02, exp_k=20.0, momentum=0.90, levels=6, niter=500, lbl_dist=10.00, avgs=0, sigma=0.5,type=2, relabel=0, neg=no

blurring input image with Gaussian with sigma=0.500...
GCAMRegisterLevel(): init RMS 0.493502





GCAMregister done in 46.189 min
********************* ALLOWING NEGATIVE NODES IN DEFORMATION********************************
noneg post
Starting GCAMregister()
label assignment complete, 0 changed (0.00%)
npasses = 1, nlevels = 6
#pass# 1 of 1 ************************
enabling zero nodes
setting smoothness cost coefficient to 0.008

#GCAMreg# pass 0 level1 5 level2 0 tsec 0 sigma 2
l_jacobian=1.00 l_label=1.00 l_log_likelihood=0.20 l_smoothness=0.01 
tol=2.50e-01, dt=5.00e-02, exp_k=20.0, momentum=0.90, levels=6, niter=500, lbl_dist=10.00, avgs=256, sigma=2.0,type=2, relabel=0, neg=yes

blurring input image with Gaussian with sigma=2.000...
GCAMRegisterLevel(): init RMS 0.486236



#GCAMreg# pass 0 level1 5 level2 1 tsec 40.21 sigma 0.5
l_jacobian=1.00 l_label=1.00 l_log_likelihood=0.20 l_smoothness=0.01 
tol=2.50e-01, dt=5.00e-02, exp_k=20.0, momentum=0.90, levels=6, niter=500, lbl_dist=10.00, avgs=256, sigma=0.5,type=2, relabel=0, neg=yes

blurring input image with Gaussian with sigma=0.500...
GCAMRegisterLevel(): init RMS 0.48622


setting smoothness cost coefficient to 0.031

#GCAMreg# pass 0 level1 4 level2 0 tsec 0 sigma 2
l_jacobian=1.00 l_label=1.00 l_log_likelihood=0.20 l_smoothness=0.03 
tol=2.50e-01, dt=5.00e-02, exp_k=20.0, momentum=0.90, levels=6, niter=500, lbl_dist=10.00, avgs=64, sigma=2.0,type=2, relabel=0, neg=yes

blurring input image with Gaussian with sigma=2.000...
GCAMRegisterLevel(): init RMS 0.485686




#GCAMreg# pass 0 level1 4 level2 1 tsec 37.786 sigma 0.5
l_jacobian=1.00 l_label=1.00 l_log_likelihood=0.20 l_smoothness=0.03 
tol=2.50e-01, dt=5.00e-02, exp_k=20.0, momentum=0.90, levels=6, niter=500, lbl_dist=10.00, avgs=64, sigma=0.5,type=2, relabel=0, neg=yes

blurring input image with Gaussian with sigma=0.500...
GCAMRegisterLevel(): init RMS 0.484909

















iter 0, gcam->neg = 1
after 0 iterations, nbhd size=0, neg = 0
setting smoothness cost coefficient to 0.118

#GCAMreg# pass 0 level1 3 level2 0 tsec 0 sigma 2
l_jacobian=1.00 l_label=1.00 l_log_likelihood=0.20 l_smoothness=0.12 
tol=2.50e-01, dt=5.00e-02, exp_k=20.0, momentum=0.90, levels=6, niter=500, lbl_dist=10.00, avgs=16, sigma=2.0,type=2, relabel=0, neg=yes

blurring input image with Gaussian with sigma=2.000...
GCAMRegisterLevel(): init RMS 0.475947


iter 0, gcam->neg = 1
after 0 iterations, nbhd size=0, neg = 0


iter 0, gcam->neg = 3
after 1 iterations, nbhd size=0, neg = 0

#GCAMreg# pass 0 level1 3 level2 1 tsec 40.119 sigma 0.5
l_jacobian=1.00 l_label=1.00 l_log_likelihood=0.20 l_smoothness=0.12 
tol=2.50e-01, dt=5.00e-02, exp_k=20.0, momentum=0.90, levels=6, niter=500, lbl_dist=10.00, avgs=16, sigma=0.5,type=2, relabel=0, neg=yes

blurring input image with Gaussian with sigma=0.500...
GCAMRegisterLevel(): init RMS 0.475019




iter 0, gcam->neg = 1
after 1 iterations, nbhd size=0, neg = 0

iter 0, gcam->neg = 2
after 13 iterations, nbhd size=1, neg = 0

iter 0, gcam->neg = 2
after 3 iterations, nbhd size=0, neg = 0


iter 0, gcam->neg = 1
after 0 iterations, nbhd size=0, neg = 0

iter 0, gcam->neg = 1
after 4 iterations, nbhd size=0, neg = 0

iter 0, gcam->neg = 5
after 1 iterations, nbhd size=0, neg = 0

iter 0, gcam->neg = 2
after 3 iterations, nbhd size=0, neg = 0


iter 0, gcam->neg = 3
after 3 iterations, nbhd size=0, neg = 0


setting smoothness cost coefficient to 0.400

#GCAMreg# pass 0 level1 2 level2 0 tsec 0 sigma 2
l_jacobian=1.00 l_label=1.00 l_log_likelihood=0.20 l_smoothness=0.40 
tol=2.50e-01, dt=5.00e-02, exp_k=20.0, momentum=0.90, levels=6, niter=500, lbl_dist=10.00, avgs=4, sigma=2.0,type=2, relabel=0, neg=yes

blurring input image with Gaussian with sigma=2.000...
GCAMRegisterLevel(): init RMS 0.460569
iter 0, gcam->neg = 1
after 0 iterations, nbhd size=0, neg = 0



#GCAMreg# pass 0 level1 2 level2 1 tsec 32.547 sigma 0.5
l_jacobian=1.00 l_label=1.00 l_log_likelihood=0.20 l_smoothness=0.40 
tol=2.50e-01, dt=5.00e-02, exp_k=20.0, momentum=0.90, levels=6, niter=500, lbl_dist=10.00, avgs=4, sigma=0.5,type=2, relabel=0, neg=yes

blurring input image with Gaussian with sigma=0.500...
GCAMRegisterLevel(): init RMS 0.460561


setting smoothness cost coefficient to 1.000

#GCAMreg# pass 0 level1 1 level2 0 tsec 0 sigma 2
l_jacobian=1.00 l_label=1.00 l_log_likelihood=0.20 l_smoothness=1.00 
tol=2.50e-01, dt=5.00e-02, exp_k=20.0, momentum=0.90, levels=6, niter=500, lbl_dist=10.00, avgs=1, sigma=2.0,type=2, relabel=0, neg=yes

blurring input image with Gaussian with sigma=2.000...
GCAMRegisterLevel(): init RMS 0.470267




#GCAMreg# pass 0 level1 1 level2 1 tsec 35.189 sigma 0.5
l_jacobian=1.00 l_label=1.00 l_log_likelihood=0.20 l_smoothness=1.00 
tol=2.50e-01, dt=5.00e-02, exp_k=20.0, momentum=0.90, levels=6, niter=500, lbl_dist=10.00, avgs=1, sigma=0.5,type=2, relabel=0, neg=yes

blurring input image with Gaussian with sigma=0.500...
GCAMRegisterLevel(): init RMS 0.4697



iter 0, gcam->neg = 1
after 0 iterations, nbhd size=0, neg = 0
resetting metric properties...
setting smoothness cost coefficient to 2.000

#GCAMreg# pass 0 level1 0 level2 0 tsec 0 sigma 2
l_jacobian=1.00 l_label=1.00 l_log_likelihood=0.20 l_smoothness=2.00 
tol=2.50e-01, dt=5.00e-02, exp_k=20.0, momentum=0.90, levels=6, niter=500, lbl_dist=10.00, avgs=0, sigma=2.0,type=2, relabel=0, neg=yes

blurring input image with Gaussian with sigma=2.000...
GCAMRegisterLevel(): init RMS 0.460472
iter 0, gcam->neg = 397
after 14 iterations, nbhd size=1, neg = 0



#GCAMreg# pass 0 level1 0 level2 1 tsec 35.613 sigma 0.5
l_jacobian=1.00 l_label=1.00 l_log_likelihood=0.20 l_smoothness=2.00 
tol=2.50e-01, dt=5.00e-02, exp_k=20.0, momentum=0.90, levels=6, niter=500, lbl_dist=10.00, avgs=0, sigma=0.5,type=2, relabel=0, neg=yes

blurring input image with Gaussian with sigma=0.500...
GCAMRegisterLevel(): init RMS 0.436422


label assignment complete, 0 changed (0.00%)
GCAMregister done in 9.59228 min
Starting GCAMcomputeMaxPriorLabels()
Morphing with label term set to 0 *******************************
Starting GCAMregister()
label assignment complete, 0 changed (0.00%)
npasses = 1, nlevels = 6
#pass# 1 of 1 ************************
enabling zero nodes
setting smoothness cost coefficient to 0.008

#GCAMreg# pass 0 level1 5 level2 0 tsec 0 sigma 2
l_jacobian=1.00 l_log_likelihood=0.20 l_smoothness=0.01 
tol=2.50e-01, dt=5.00e-02, exp_k=20.0, momentum=0.90, levels=6, niter=500, lbl_dist=10.00, avgs=256, sigma=2.0,type=2, relabel=0, neg=yes

blurring input image with Gaussian with sigma=2.000...
GCAMRegisterLevel(): init RMS 0.423542

#GCAMreg# pass 0 level1 5 level2 1 tsec 17.37 sigma 0.5
l_jacobian=1.00 l_log_likelihood=0.20 l_smoothness=0.01 
tol=2.50e-01, dt=5.00e-02, exp_k=20.0, momentum=0.90, levels=6, niter=500, lbl_dist=10.00, avgs=256, sigma=0.5,type=2, relabel=0, neg=yes

blurring input image with Gaussian with sigma=0.500...
GCAMRegisterLevel(): init RMS 0.423542



setting smoothness cost coefficient to 0.031

#GCAMreg# pass 0 level1 4 level2 0 tsec 0 sigma 2
l_jacobian=1.00 l_log_likelihood=0.20 l_smoothness=0.03 
tol=2.50e-01, dt=5.00e-02, exp_k=20.0, momentum=0.90, levels=6, niter=500, lbl_dist=10.00, avgs=64, sigma=2.0,type=2, relabel=0, neg=yes

blurring input image with Gaussian with sigma=2.000...
GCAMRegisterLevel(): init RMS 0.423682

#GCAMreg# pass 0 level1 4 level2 1 tsec 15.581 sigma 0.5
l_jacobian=1.00 l_log_likelihood=0.20 l_smoothness=0.03 
tol=2.50e-01, dt=5.00e-02, exp_k=20.0, momentum=0.90, levels=6, niter=500, lbl_dist=10.00, avgs=64, sigma=0.5,type=2, relabel=0, neg=yes

blurring input image with Gaussian with sigma=0.500...
GCAMRegisterLevel(): init RMS 0.423682








setting smoothness cost coefficient to 0.118

#GCAMreg# pass 0 level1 3 level2 0 tsec 0 sigma 2
l_jacobian=1.00 l_log_likelihood=0.20 l_smoothness=0.12 
tol=2.50e-01, dt=5.00e-02, exp_k=20.0, momentum=0.90, levels=6, niter=500, lbl_dist=10.00, avgs=16, sigma=2.0,type=2, relabel=0, neg=yes

blurring input image with Gaussian with sigma=2.000...
GCAMRegisterLevel(): init RMS 0.423218



#GCAMreg# pass 0 level1 3 level2 1 tsec 30.665 sigma 0.5
l_jacobian=1.00 l_log_likelihood=0.20 l_smoothness=0.12 
tol=2.50e-01, dt=5.00e-02, exp_k=20.0, momentum=0.90, levels=6, niter=500, lbl_dist=10.00, avgs=16, sigma=0.5,type=2, relabel=0, neg=yes

blurring input image with Gaussian with sigma=0.500...
GCAMRegisterLevel(): init RMS 0.423148
iter 0, gcam->neg = 1
after 0 iterations, nbhd size=0, neg = 0







iter 0, gcam->neg = 1
after 0 iterations, nbhd size=0, neg = 0

iter 0, gcam->neg = 1
after 1 iterations, nbhd size=0, neg = 0

iter 0, gcam->neg = 1
after 0 iterations, nbhd size=0, neg = 0

iter 0, gcam->neg = 1
after 0 iterations, nbhd size=0, neg = 0

iter 0, gcam->neg = 1
after 0 iterations, nbhd size=0, neg = 0

setting smoothness cost coefficient to 0.400

#GCAMreg# pass 0 level1 2 level2 0 tsec 0 sigma 2
l_jacobian=1.00 l_log_likelihood=0.20 l_smoothness=0.40 
tol=2.50e-01, dt=5.00e-02, exp_k=20.0, momentum=0.90, levels=6, niter=500, lbl_dist=10.00, avgs=4, sigma=2.0,type=2, relabel=0, neg=yes

blurring input image with Gaussian with sigma=2.000...
GCAMRegisterLevel(): init RMS 0.418306



#GCAMreg# pass 0 level1 2 level2 1 tsec 29.869 sigma 0.5
l_jacobian=1.00 l_log_likelihood=0.20 l_smoothness=0.40 
tol=2.50e-01, dt=5.00e-02, exp_k=20.0, momentum=0.90, levels=6, niter=500, lbl_dist=10.00, avgs=4, sigma=0.5,type=2, relabel=0, neg=yes

blurring input image with Gaussian with sigma=0.500...
GCAMRegisterLevel(): init RMS 0.418304



iter 0, gcam->neg = 1
after 1 iterations, nbhd size=0, neg = 0

iter 0, gcam->neg = 5
after 4 iterations, nbhd size=0, neg = 0

iter 0, gcam->neg = 5
after 2 iterations, nbhd size=0, neg = 0

iter 0, gcam->neg = 2
after 2 iterations, nbhd size=0, neg = 0

iter 0, gcam->neg = 3
after 2 iterations, nbhd size=0, neg = 0

iter 0, gcam->neg = 3
after 5 iterations, nbhd size=0, neg = 0

iter 0, gcam->neg = 2
after 1 iterations, nbhd size=0, neg = 0


setting smoothness cost coefficient to 1.000

#GCAMreg# pass 0 level1 1 level2 0 tsec 0 sigma 2
l_jacobian=1.00 l_log_likelihood=0.20 l_smoothness=1.00 
tol=2.50e-01, dt=5.00e-02, exp_k=20.0, momentum=0.90, levels=6, niter=500, lbl_dist=10.00, avgs=1, sigma=2.0,type=2, relabel=0, neg=yes

blurring input image with Gaussian with sigma=2.000...
GCAMRegisterLevel(): init RMS 0.419594


#GCAMreg# pass 0 level1 1 level2 1 tsec 17.245 sigma 0.5
l_jacobian=1.00 l_log_likelihood=0.20 l_smoothness=1.00 
tol=2.50e-01, dt=5.00e-02, exp_k=20.0, momentum=0.90, levels=6, niter=500, lbl_dist=10.00, avgs=1, sigma=0.5,type=2, relabel=0, neg=yes

blurring input image with Gaussian with sigma=0.500...
GCAMRegisterLevel(): init RMS 0.419594

resetting metric properties...
setting smoothness cost coefficient to 2.000

#GCAMreg# pass 0 level1 0 level2 0 tsec 0 sigma 2
l_jacobian=1.00 l_log_likelihood=0.20 l_smoothness=2.00 
tol=2.50e-01, dt=5.00e-02, exp_k=20.0, momentum=0.90, levels=6, niter=500, lbl_dist=10.00, avgs=0, sigma=2.0,type=2, relabel=0, neg=yes

blurring input image with Gaussian with sigma=2.000...
GCAMRegisterLevel(): init RMS 0.409282
iter 0, gcam->neg = 387
after 14 iterations, nbhd size=1, neg = 0



#GCAMreg# pass 0 level1 0 level2 1 tsec 36.261 sigma 0.5
l_jacobian=1.00 l_log_likelihood=0.20 l_smoothness=2.00 
tol=2.50e-01, dt=5.00e-02, exp_k=20.0, momentum=0.90, levels=6, niter=500, lbl_dist=10.00, avgs=0, sigma=0.5,type=2, relabel=0, neg=yes

blurring input image with Gaussian with sigma=0.500...
GCAMRegisterLevel(): init RMS 0.400846



GCAMregister done in 7.5278 min
writing output transformation to transforms/talairach.m3z...
GCAMwrite
Calls to gcamLogLikelihoodEnergy 4531 tmin = 10.6762
Calls to gcamLabelEnergy         3969 tmin = 1.25205
Calls to gcamJacobianEnergy      4531 tmin = 6.98912
Calls to gcamSmoothnessEnergy    4531 tmin = 9.39348
Calls to gcamLogLikelihoodTerm 599 tmin = 3.03522
Calls to gcamLabelTerm         542 tmin = 4.79448
Calls to gcamJacobianTerm      599 tmin = 6.2194
Calls to gcamSmoothnessTerm    599 tmin = 1.60213
Calls to gcamComputeGradient    599 tmin = 34.1229
Calls to gcamComputeMetricProperties    6139 tmin = 8.54478
mri_ca_register took 1 hours, 19 minutes and 14 seconds.
#VMPC# mri_ca_register VmPeak  2041600
FSRUNTIME@ mri_ca_register  1.3205 hours 1 threads
@#@FSTIME  2024:09:19:16:56:44 mri_ca_register N 9 e 4753.87 S 1.71 U 4727.38 P 99% M 1350104 F 0 R 301352 W 0 c 12203 w 17 I 0 O 0 L 84.88 85.06 84.86
@#@FSLOADPOST 2024:09:19:18:15:58 mri_ca_register N 9 83.37 83.03 82.46
#--------------------------------------
#@# SubCort Seg Thu Sep 19 18:15:58 BST 2024

 mri_ca_label -relabel_unlikely 9 .3 -prior 0.5 -align norm.mgz transforms/talairach.m3z /rds/bear-apps/2022a/EL8-ice/software/FreeSurfer/7.4.1-centos8_x86_64/average/RB_all_2020-01-02.gca aseg.auto_noCCseg.mgz 

sysname  Linux
hostname bear-pg0202u11a.bear.cluster
machine  x86_64

setenv SUBJECTS_DIR /rds/projects/q/quinna-camcan/cc700/mri/pipeline/release004/BIDS_20190411/anat
cd /rds/projects/q/quinna-camcan/cc700/mri/pipeline/release004/BIDS_20190411/anat/sub-CC120008_T1w/mri
mri_ca_label -relabel_unlikely 9 .3 -prior 0.5 -align norm.mgz transforms/talairach.m3z /rds/bear-apps/2022a/EL8-ice/software/FreeSurfer/7.4.1-centos8_x86_64/average/RB_all_2020-01-02.gca aseg.auto_noCCseg.mgz 

relabeling unlikely voxels with window_size = 9 and prior threshold 0.30
using Gibbs prior factor = 0.500
renormalizing sequences with structure alignment, equivalent to:
	-renormalize
	-renormalize_mean 0.500
	-regularize 0.500

== Number of threads available to for OpenMP = 1 == 
reading 1 input volumes
reading classifier array from /rds/bear-apps/2022a/EL8-ice/software/FreeSurfer/7.4.1-centos8_x86_64/average/RB_all_2020-01-02.gca
reading input volume from norm.mgz
average std[0] = 7.2
reading transform from transforms/talairach.m3z
setting orig areas to linear transform determinant scaled 8.39
Atlas used for the 3D morph was /rds/bear-apps/2022a/EL8-ice/software/FreeSurfer/7.4.1-centos8_x86_64/average/RB_all_2020-01-02.gca
average std = 7.2   using min determinant for regularization = 5.2
0 singular and 0 ill-conditioned covariance matrices regularized
labeling volume...
renormalizing by structure alignment....
renormalizing input #0
gca peak = 0.15521 (20)
mri peak = 0.15058 (30)
Left_Lateral_Ventricle (4): linear fit = 1.42 x + 0.0 (3227 voxels, overlap=0.146)
Left_Lateral_Ventricle (4): linear fit = 1.42 x + 0.0 (3227 voxels, peak = 28), gca=28.5
gca peak = 0.20380 (13)
mri peak = 0.14588 (29)
Right_Lateral_Ventricle (43): linear fit = 2.08 x + 0.0 (1896 voxels, overlap=0.141)
Right_Lateral_Ventricle (43): linear fit = 1.50 x + 0.0 (1896 voxels, peak = 27), gca=19.5
gca peak = 0.26283 (96)
mri peak = 0.09168 (97)
Right_Pallidum (52): linear fit = 1.02 x + 0.0 (878 voxels, overlap=1.012)
Right_Pallidum (52): linear fit = 1.02 x + 0.0 (878 voxels, peak = 98), gca=98.4
gca peak = 0.15814 (97)
mri peak = 0.09509 (103)
Left_Pallidum (13): linear fit = 1.08 x + 0.0 (947 voxels, overlap=0.749)
Left_Pallidum (13): linear fit = 1.08 x + 0.0 (947 voxels, peak = 104), gca=104.3
gca peak = 0.27624 (56)
mri peak = 0.10859 (72)
Right_Hippocampus (53): linear fit = 1.27 x + 0.0 (948 voxels, overlap=0.020)
Right_Hippocampus (53): linear fit = 1.27 x + 0.0 (948 voxels, peak = 71), gca=71.4
gca peak = 0.28723 (59)
mri peak = 0.09311 (71)
Left_Hippocampus (17): linear fit = 1.25 x + 0.0 (783 voxels, overlap=0.023)
Left_Hippocampus (17): linear fit = 1.25 x + 0.0 (783 voxels, peak = 74), gca=74.0
gca peak = 0.07623 (103)
mri peak = 0.09855 (105)
Right_Cerebral_White_Matter (41): linear fit = 1.01 x + 0.0 (61879 voxels, overlap=0.713)
Right_Cerebral_White_Matter (41): linear fit = 1.01 x + 0.0 (61879 voxels, peak = 105), gca=104.5
gca peak = 0.07837 (105)
mri peak = 0.10437 (106)
Left_Cerebral_White_Matter (2): linear fit = 1.01 x + 0.0 (63123 voxels, overlap=0.666)
Left_Cerebral_White_Matter (2): linear fit = 1.01 x + 0.0 (63123 voxels, peak = 107), gca=106.6
gca peak = 0.10165 (58)
mri peak = 0.04408 (72)
Left_Cerebral_Cortex (3): linear fit = 1.25 x + 0.0 (43574 voxels, overlap=0.204)
Left_Cerebral_Cortex (3): linear fit = 1.25 x + 0.0 (43574 voxels, peak = 72), gca=72.2
gca peak = 0.11113 (58)
mri peak = 0.04189 (71)
Right_Cerebral_Cortex (42): linear fit = 1.22 x + 0.0 (41112 voxels, overlap=0.166)
Right_Cerebral_Cortex (42): linear fit = 1.22 x + 0.0 (41112 voxels, peak = 70), gca=70.5
gca peak = 0.27796 (67)
mri peak = 0.12977 (83)
Right_Caudate (50): linear fit = 1.23 x + 0.0 (1310 voxels, overlap=0.021)
Right_Caudate (50): linear fit = 1.23 x + 0.0 (1310 voxels, peak = 82), gca=82.1
gca peak = 0.14473 (69)
mri peak = 0.11270 (82)
Left_Caudate (11): linear fit = 1.12 x + 0.0 (1331 voxels, overlap=0.340)
Left_Caudate (11): linear fit = 1.12 x + 0.0 (1331 voxels, peak = 78), gca=77.6
gca peak = 0.14301 (56)
mri peak = 0.05813 (70)
Left_Cerebellum_Cortex (8): linear fit = 1.26 x + 0.0 (26384 voxels, overlap=0.088)
Left_Cerebellum_Cortex (8): linear fit = 1.26 x + 0.0 (26384 voxels, peak = 71), gca=70.8
gca peak = 0.14610 (55)
mri peak = 0.05724 (73)
Right_Cerebellum_Cortex (47): linear fit = 1.26 x + 0.0 (28695 voxels, overlap=0.018)
Right_Cerebellum_Cortex (47): linear fit = 1.26 x + 0.0 (28695 voxels, peak = 70), gca=69.6
gca peak = 0.16309 (85)
mri peak = 0.09164 (90)
Left_Cerebellum_White_Matter (7): linear fit = 1.10 x + 0.0 (7405 voxels, overlap=0.562)
Left_Cerebellum_White_Matter (7): linear fit = 1.10 x + 0.0 (7405 voxels, peak = 93), gca=93.1
gca peak = 0.15172 (84)
mri peak = 0.08628 (90)
Right_Cerebellum_White_Matter (46): linear fit = 1.12 x + 0.0 (7568 voxels, overlap=0.507)
Right_Cerebellum_White_Matter (46): linear fit = 1.12 x + 0.0 (7568 voxels, peak = 94), gca=93.7
gca peak = 0.30461 (58)
mri peak = 0.09279 (75)
Left_Amygdala (18): linear fit = 1.35 x + 0.0 (503 voxels, overlap=0.061)
Left_Amygdala (18): linear fit = 1.35 x + 0.0 (503 voxels, peak = 78), gca=78.0
gca peak = 0.32293 (57)
mri peak = 0.08805 (74)
Right_Amygdala (54): linear fit = 1.30 x + 0.0 (636 voxels, overlap=0.050)
Right_Amygdala (54): linear fit = 1.30 x + 0.0 (636 voxels, peak = 74), gca=74.4
gca peak = 0.11083 (90)
mri peak = 0.07111 (96)
Left_Thalamus (10): linear fit = 1.08 x + 0.0 (5853 voxels, overlap=0.632)
Left_Thalamus (10): linear fit = 1.08 x + 0.0 (5853 voxels, peak = 97), gca=96.8
gca peak = 0.11393 (83)
mri peak = 0.08108 (93)
Right_Thalamus (49): linear fit = 1.12 x + 0.0 (5299 voxels, overlap=0.521)
Right_Thalamus (49): linear fit = 1.12 x + 0.0 (5299 voxels, peak = 93), gca=92.5
gca peak = 0.08575 (81)
mri peak = 0.09364 (92)
Left_Putamen (12): linear fit = 1.15 x + 0.0 (2206 voxels, overlap=0.157)
Left_Putamen (12): linear fit = 1.15 x + 0.0 (2206 voxels, peak = 94), gca=93.6
gca peak = 0.08618 (78)
mri peak = 0.09076 (89)
Right_Putamen (51): linear fit = 1.12 x + 0.0 (2490 voxels, overlap=0.334)
Right_Putamen (51): linear fit = 1.12 x + 0.0 (2490 voxels, peak = 88), gca=87.8
gca peak = 0.08005 (78)
mri peak = 0.07988 (84)
Brain_Stem (16): linear fit = 1.10 x + 0.0 (15536 voxels, overlap=0.492)
Brain_Stem (16): linear fit = 1.10 x + 0.0 (15536 voxels, peak = 85), gca=85.4
gca peak = 0.12854 (88)
mri peak = 0.07863 (97)
Right_VentralDC (60): linear fit = 1.12 x + 0.0 (1725 voxels, overlap=0.424)
Right_VentralDC (60): linear fit = 1.12 x + 0.0 (1725 voxels, peak = 99), gca=99.0
gca peak = 0.15703 (87)
mri peak = 0.07807 (99)
Left_VentralDC (28): linear fit = 1.13 x + 0.0 (1514 voxels, overlap=0.490)
Left_VentralDC (28): linear fit = 1.13 x + 0.0 (1514 voxels, peak = 99), gca=98.7
gca peak = 0.17522 (25)
mri peak = 0.13462 (29)
gca peak = 0.17113 (14)
mri peak = 0.11519 (27)
Fourth_Ventricle (15): linear fit = 1.83 x + 0.0 (189 voxels, overlap=0.196)
Fourth_Ventricle (15): linear fit = 1.83 x + 0.0 (189 voxels, peak = 26), gca=25.6
gca peak Unknown = 0.94777 ( 0)
gca peak Left_Inf_Lat_Vent = 0.16627 (28)
gca peak Third_Ventricle = 0.17522 (25)
gca peak Fourth_Ventricle = 0.17113 (14)
gca peak CSF = 0.20346 (36)
gca peak Left_Accumbens_area = 0.70646 (62)
gca peak Left_undetermined = 1.00000 (28)
gca peak Left_vessel = 0.89917 (53)
gca peak Left_choroid_plexus = 0.11689 (35)
gca peak Right_Inf_Lat_Vent = 0.25504 (23)
gca peak Right_Accumbens_area = 0.31650 (65)
gca peak Right_vessel = 0.77268 (52)
gca peak Right_choroid_plexus = 0.13275 (38)
gca peak Fifth_Ventricle = 0.60973 (33)
gca peak WM_hypointensities = 0.11013 (77)
gca peak non_WM_hypointensities = 0.11354 (41)
gca peak Optic_Chiasm = 0.51646 (76)
not using caudate to estimate GM means
estimating mean gm scale to be 1.27 x + 0.0
estimating mean wm scale to be 1.01 x + 0.0
estimating mean csf scale to be 1.46 x + 0.0
Left_Pallidum too bright - rescaling by 0.982 (from 1.075) to 102.4 (was 104.3)
saving intensity scales to aseg.auto_noCCseg.label_intensities.txt
renormalizing by structure alignment....
renormalizing input #0
gca peak = 0.11872 (26)
mri peak = 0.15058 (30)
Left_Lateral_Ventricle (4): linear fit = 1.01 x + 0.0 (3227 voxels, overlap=0.761)
Left_Lateral_Ventricle (4): linear fit = 1.01 x + 0.0 (3227 voxels, peak = 26), gca=26.4
gca peak = 0.16931 (19)
mri peak = 0.14588 (29)
Right_Lateral_Ventricle (43): linear fit = 1.40 x + 0.0 (1896 voxels, overlap=0.322)
Right_Lateral_Ventricle (43): linear fit = 1.40 x + 0.0 (1896 voxels, peak = 27), gca=26.7
gca peak = 0.21929 (98)
mri peak = 0.09168 (97)
Right_Pallidum (52): linear fit = 1.00 x + 0.0 (878 voxels, overlap=1.008)
Right_Pallidum (52): linear fit = 1.00 x + 0.0 (878 voxels, peak = 98), gca=98.5
gca peak = 0.17597 (100)
mri peak = 0.09509 (103)
Left_Pallidum (13): linear fit = 1.01 x + 0.0 (947 voxels, overlap=1.002)
Left_Pallidum (13): linear fit = 1.01 x + 0.0 (947 voxels, peak = 102), gca=101.5
gca peak = 0.26792 (71)
mri peak = 0.10859 (72)
Right_Hippocampus (53): linear fit = 1.00 x + 0.0 (948 voxels, overlap=0.966)
Right_Hippocampus (53): linear fit = 1.00 x + 0.0 (948 voxels, peak = 71), gca=71.0
gca peak = 0.29255 (71)
mri peak = 0.09311 (71)
Left_Hippocampus (17): linear fit = 0.99 x + 0.0 (783 voxels, overlap=1.006)
Left_Hippocampus (17): linear fit = 0.99 x + 0.0 (783 voxels, peak = 70), gca=69.9
gca peak = 0.07895 (105)
mri peak = 0.09855 (105)
Right_Cerebral_White_Matter (41): linear fit = 1.00 x + 0.0 (61879 voxels, overlap=0.768)
Right_Cerebral_White_Matter (41): linear fit = 1.00 x + 0.0 (61879 voxels, peak = 105), gca=105.0
gca peak = 0.07852 (106)
mri peak = 0.10437 (106)
Left_Cerebral_White_Matter (2): linear fit = 1.00 x + 0.0 (63123 voxels, overlap=0.731)
Left_Cerebral_White_Matter (2): linear fit = 1.00 x + 0.0 (63123 voxels, peak = 106), gca=106.0
gca peak = 0.08125 (72)
mri peak = 0.04408 (72)
Left_Cerebral_Cortex (3): linear fit = 0.99 x + 0.0 (43574 voxels, overlap=0.966)
Left_Cerebral_Cortex (3): linear fit = 0.99 x + 0.0 (43574 voxels, peak = 71), gca=70.9
gca peak = 0.09444 (71)
mri peak = 0.04189 (71)
Right_Cerebral_Cortex (42): linear fit = 1.03 x + 0.0 (41112 voxels, overlap=0.957)
Right_Cerebral_Cortex (42): linear fit = 1.03 x + 0.0 (41112 voxels, peak = 73), gca=73.5
gca peak = 0.19881 (82)
mri peak = 0.12977 (83)
Right_Caudate (50): linear fit = 1.00 x + 0.0 (1310 voxels, overlap=1.000)
Right_Caudate (50): linear fit = 1.00 x + 0.0 (1310 voxels, peak = 82), gca=82.0
gca peak = 0.14149 (77)
mri peak = 0.11270 (82)
Left_Caudate (11): linear fit = 0.99 x + 0.0 (1331 voxels, overlap=0.995)
Left_Caudate (11): linear fit = 0.99 x + 0.0 (1331 voxels, peak = 76), gca=75.8
gca peak = 0.10871 (70)
mri peak = 0.05813 (70)
Left_Cerebellum_Cortex (8): linear fit = 0.99 x + 0.0 (26384 voxels, overlap=0.977)
Left_Cerebellum_Cortex (8): linear fit = 0.99 x + 0.0 (26384 voxels, peak = 69), gca=69.0
gca peak = 0.12846 (70)
mri peak = 0.05724 (73)
Right_Cerebellum_Cortex (47): linear fit = 1.03 x + 0.0 (28695 voxels, overlap=0.985)
Right_Cerebellum_Cortex (47): linear fit = 1.03 x + 0.0 (28695 voxels, peak = 72), gca=72.4
gca peak = 0.14900 (93)
mri peak = 0.09164 (90)
Left_Cerebellum_White_Matter (7): linear fit = 1.00 x + 0.0 (7405 voxels, overlap=0.970)
Left_Cerebellum_White_Matter (7): linear fit = 1.00 x + 0.0 (7405 voxels, peak = 93), gca=92.5
gca peak = 0.15159 (94)
mri peak = 0.08628 (90)
Right_Cerebellum_White_Matter (46): linear fit = 0.98 x + 0.0 (7568 voxels, overlap=0.980)
Right_Cerebellum_White_Matter (46): linear fit = 0.98 x + 0.0 (7568 voxels, peak = 92), gca=91.7
gca peak = 0.27349 (78)
mri peak = 0.09279 (75)
Left_Amygdala (18): linear fit = 1.00 x + 0.0 (503 voxels, overlap=1.016)
Left_Amygdala (18): linear fit = 1.00 x + 0.0 (503 voxels, peak = 78), gca=78.0
gca peak = 0.27866 (74)
mri peak = 0.08805 (74)
Right_Amygdala (54): linear fit = 1.00 x + 0.0 (636 voxels, overlap=1.011)
Right_Amygdala (54): linear fit = 1.00 x + 0.0 (636 voxels, peak = 74), gca=74.0
gca peak = 0.10266 (95)
mri peak = 0.07111 (96)
Left_Thalamus (10): linear fit = 1.00 x + 0.0 (5853 voxels, overlap=0.914)
Left_Thalamus (10): linear fit = 1.00 x + 0.0 (5853 voxels, peak = 95), gca=95.5
gca peak = 0.10082 (90)
mri peak = 0.08108 (93)
Right_Thalamus (49): linear fit = 1.00 x + 0.0 (5299 voxels, overlap=0.960)
Right_Thalamus (49): linear fit = 1.00 x + 0.0 (5299 voxels, peak = 90), gca=90.4
gca peak = 0.08383 (87)
mri peak = 0.09364 (92)
Left_Putamen (12): linear fit = 1.00 x + 0.0 (2206 voxels, overlap=0.827)
Left_Putamen (12): linear fit = 1.00 x + 0.0 (2206 voxels, peak = 87), gca=86.6
gca peak = 0.09539 (87)
mri peak = 0.09076 (89)
Right_Putamen (51): linear fit = 1.01 x + 0.0 (2490 voxels, overlap=0.879)
Right_Putamen (51): linear fit = 1.01 x + 0.0 (2490 voxels, peak = 88), gca=88.3
gca peak = 0.08700 (86)
mri peak = 0.07988 (84)
Brain_Stem (16): linear fit = 1.01 x + 0.0 (15536 voxels, overlap=0.770)
Brain_Stem (16): linear fit = 1.01 x + 0.0 (15536 voxels, peak = 87), gca=87.3
gca peak = 0.11963 (99)
mri peak = 0.07863 (97)
Right_VentralDC (60): linear fit = 1.01 x + 0.0 (1725 voxels, overlap=0.860)
Right_VentralDC (60): linear fit = 1.01 x + 0.0 (1725 voxels, peak = 100), gca=100.5
gca peak = 0.15265 (97)
mri peak = 0.07807 (99)
Left_VentralDC (28): linear fit = 0.99 x + 0.0 (1514 voxels, overlap=0.909)
Left_VentralDC (28): linear fit = 0.99 x + 0.0 (1514 voxels, peak = 96), gca=95.5
gca peak = 0.13275 (39)
mri peak = 0.13462 (29)
gca peak = 0.12566 (22)
mri peak = 0.11519 (27)
Fourth_Ventricle (15): linear fit = 1.16 x + 0.0 (189 voxels, overlap=0.567)
Fourth_Ventricle (15): linear fit = 1.16 x + 0.0 (189 voxels, peak = 26), gca=25.6
gca peak Unknown = 0.94777 ( 0)
gca peak Left_Inf_Lat_Vent = 0.14006 (35)
gca peak Third_Ventricle = 0.13275 (39)
gca peak CSF = 0.17830 (53)
gca peak Left_Accumbens_area = 0.70635 (70)
gca peak Left_undetermined = 0.99358 (33)
gca peak Left_vessel = 0.89837 (53)
gca peak Left_choroid_plexus = 0.11374 (35)
gca peak Right_Inf_Lat_Vent = 0.17464 (37)
gca peak Right_Accumbens_area = 0.32947 (79)
gca peak Right_vessel = 0.77268 (52)
gca peak Right_choroid_plexus = 0.13882 (38)
gca peak Fifth_Ventricle = 0.59466 (46)
gca peak WM_hypointensities = 0.10779 (77)
gca peak non_WM_hypointensities = 0.14069 (41)
gca peak Optic_Chiasm = 0.53541 (76)
not using caudate to estimate GM means
estimating mean gm scale to be 1.00 x + 0.0
estimating mean wm scale to be 1.00 x + 0.0
estimating mean csf scale to be 1.20 x + 0.0
saving intensity scales to aseg.auto_noCCseg.label_intensities.txt
saving sequentially combined intensity scales to aseg.auto_noCCseg.label_intensities.txt
