GCCcore/11.3.0
zlib/1.2.12-GCCcore-11.3.0
binutils/2.38-GCCcore-11.3.0
GCC/11.3.0
numactl/2.0.14-GCCcore-11.3.0
XZ/5.2.5-GCCcore-11.3.0
libxml2/2.9.13-GCCcore-11.3.0
libpciaccess/0.16-GCCcore-11.3.0
hwloc/2.7.1-GCCcore-11.3.0
OpenSSL/1.1
libevent/2.1.12-GCCcore-11.3.0
UCX/1.12.1-GCCcore-11.3.0
libfabric/1.15.1-GCCcore-11.3.0
PMIx/4.1.2-GCCcore-11.3.0
UCC/1.0.0-GCCcore-11.3.0
OpenMPI/4.1.4-GCC-11.3.0
OpenBLAS/0.3.20-GCC-11.3.0
FlexiBLAS/3.2.0-GCC-11.3.0
FFTW/3.3.10-GCC-11.3.0
gompi/2022a
FFTW.MPI/3.3.10-gompi-2022a
ScaLAPACK/2.2.0-gompi-2022a-fb
foss/2022a
bzip2/1.0.8-GCCcore-11.3.0
ncurses/6.3-GCCcore-11.3.0
libreadline/8.1.2-GCCcore-11.3.0
ncurses/6.3-GCCcore-11.3.0
Tcl/8.6.12-GCCcore-11.3.0
SQLite/3.38.3-GCCcore-11.3.0
GMP/6.2.1-GCCcore-11.3.0
libffi/3.4.2-GCCcore-11.3.0
Python/3.10.4-GCCcore-11.3.0
pybind11/2.9.2-GCCcore-11.3.0
SciPy-bundle/2022.05-foss-2022a
libxml2/2.9.13-GCCcore-11.3.0
libxslt/1.1.34-GCCcore-11.3.0
libpng/1.6.37-GCCcore-11.3.0
Brotli/1.0.9-GCCcore-11.3.0
freetype/2.12.1-GCCcore-11.3.0
expat/2.4.8-GCCcore-11.3.0
util-linux/2.38-GCCcore-11.3.0
fontconfig/2.14.0-GCCcore-11.3.0
xorg-macros/1.19.3-GCCcore-11.3.0
X11/20220504-GCCcore-11.3.0
Tk/8.6.12-GCCcore-11.3.0
Tkinter/3.10.4-GCCcore-11.3.0
NASM/2.15.05-GCCcore-11.3.0
libjpeg-turbo/2.1.3-GCCcore-11.3.0
jbigkit/2.1-GCCcore-11.3.0
gzip/1.12-GCCcore-11.3.0
lz4/1.9.3-GCCcore-11.3.0
zstd/1.5.2-GCCcore-11.3.0
libdeflate/1.10-GCCcore-11.3.0
LibTIFF/4.3.0-GCCcore-11.3.0
Pillow/9.1.1-GCCcore-11.3.0
Qhull/2020.2-GCCcore-11.3.0
matplotlib/3.5.2-foss-2022a
tqdm/4.64.0-GCCcore-11.3.0
scikit-learn/1.1.2-foss-2022a
LLVM/12.0.1-GCCcore-11.3.0
numba/0.56.4-foss-2022a
pydicom/2.3.0-GCCcore-11.3.0
NiBabel/4.0.2-foss-2022a
Szip/2.1.1-GCCcore-11.3.0
HDF5/1.12.2-gompi-2022a
h5py/3.7.0-foss-2022a
imageio/2.22.2-foss-2022a
libdrm/2.4.110-GCCcore-11.3.0
libglvnd/1.4.0-GCCcore-11.3.0
libunwind/1.6.2-GCCcore-11.3.0
Mesa/22.0.3-GCCcore-11.3.0
libGLU/9.0.2-GCCcore-11.3.0
VTK/9.2.2-foss-2022a
MNE-Python/1.3.1-foss-2022a
MCR/R2019b.8
FreeSurfer/7.4.1-centos8_x86_64
fs-check-version --s sub-CC110411_T1w --o /tmp/tmp.NQkKNu
Thu Sep 19 16:35:16 BST 2024

setenv SUBJECTS_DIR /rds/projects/q/quinna-camcan/cc700/mri/pipeline/release004/BIDS_20190411/anat
cd /rds/projects/q/quinna-camcan/ghafarit-scripts/github/camcan-laterality/mne_python/source
/rds/bear-apps/2022a/EL8-ice/software/FreeSurfer/7.4.1-centos8_x86_64/bin/fs-check-version --s sub-CC110411_T1w --o /tmp/tmp.NQkKNu
-rwxrwxr-x 1 branfosj-admin build 18565 Jun 14  2023 /rds/bear-apps/2022a/EL8-ice/software/FreeSurfer/7.4.1-centos8_x86_64/bin/fs-check-version

freesurfer-linux-centos8_x86_64-7.4.1-20230613-7eb8460
$Id$
Linux bear-pg0202u10a.bear.cluster 4.18.0-372.32.1.el8_6.x86_64 #1 SMP Fri Oct 7 12:35:10 EDT 2022 x86_64 x86_64 x86_64 GNU/Linux
pid 2398358
Current FS Version freesurfer-linux-centos8_x86_64-7.4.1-20230613-7eb8460
Subject does not have a bstampfile, copying /rds/bear-apps/2022a/EL8-ice/software/FreeSurfer/7.4.1-centos8_x86_64/build-stamp.txt
Subject FS Version: freesurfer-linux-centos8_x86_64-7.4.1-20230613-7eb8460
No constraints on version because REQ=UnSet and FsVerFile=NotThere
#@#% fs-check-version match = 1
fs-check-version Done
INFO: SUBJECTS_DIR is /rds/projects/q/quinna-camcan/cc700/mri/pipeline/release004/BIDS_20190411/anat
Actual FREESURFER_HOME /rds/bear-apps/2022a/EL8-ice/software/FreeSurfer/7.4.1-centos8_x86_64
Linux bear-pg0202u10a.bear.cluster 4.18.0-372.32.1.el8_6.x86_64 #1 SMP Fri Oct 7 12:35:10 EDT 2022 x86_64 x86_64 x86_64 GNU/Linux
/rds/projects/q/quinna-camcan/cc700/mri/pipeline/release004/BIDS_20190411/anat/sub-CC110411_T1w

 mri_convert /rds/projects/q/quinna-camcan/cc700/mri/pipeline/release004/BIDS_20190411/anat/sub-CC110411/anat/sub-CC110411_T1w.nii.gz /rds/projects/q/quinna-camcan/cc700/mri/pipeline/release004/BIDS_20190411/anat/sub-CC110411_T1w/mri/orig/001.mgz 

mri_convert /rds/projects/q/quinna-camcan/cc700/mri/pipeline/release004/BIDS_20190411/anat/sub-CC110411/anat/sub-CC110411_T1w.nii.gz /rds/projects/q/quinna-camcan/cc700/mri/pipeline/release004/BIDS_20190411/anat/sub-CC110411_T1w/mri/orig/001.mgz 
reading from /rds/projects/q/quinna-camcan/cc700/mri/pipeline/release004/BIDS_20190411/anat/sub-CC110411/anat/sub-CC110411_T1w.nii.gz...
TR=0.00, TE=0.00, TI=0.00, flip angle=0.00
i_ras = (-0.003515, -0.999994, 0)
j_ras = (0.013944, -4.8995e-05, 0.999903)
k_ras = (0.999897, -0.00351501, -0.013944)
writing to /rds/projects/q/quinna-camcan/cc700/mri/pipeline/release004/BIDS_20190411/anat/sub-CC110411_T1w/mri/orig/001.mgz...
@#@FSTIME  2024:09:19:16:35:20 mri_convert N 2 e 5.66 S 0.03 U 5.49 P 97% M 54648 F 1 R 1355 W 0 c 16 w 33 I 80 O 0 L 70.15 69.20 62.07
@#@FSLOADPOST 2024:09:19:16:35:25 mri_convert N 2 69.90 69.16 62.10
#--------------------------------------------
#@# MotionCor Thu Sep 19 16:35:26 BST 2024
Found 1 runs
/rds/projects/q/quinna-camcan/cc700/mri/pipeline/release004/BIDS_20190411/anat/sub-CC110411_T1w/mri/orig/001.mgz
Checking for (invalid) multi-frame inputs...
Only one run found so motion
correction will not be performed. I'll
copy the run to rawavg and continue.

 cp /rds/projects/q/quinna-camcan/cc700/mri/pipeline/release004/BIDS_20190411/anat/sub-CC110411_T1w/mri/orig/001.mgz /rds/projects/q/quinna-camcan/cc700/mri/pipeline/release004/BIDS_20190411/anat/sub-CC110411_T1w/mri/rawavg.mgz 


 mri_info /rds/projects/q/quinna-camcan/cc700/mri/pipeline/release004/BIDS_20190411/anat/sub-CC110411_T1w/mri/rawavg.mgz 

rawavg.mgz ========================================
Volume information for /rds/projects/q/quinna-camcan/cc700/mri/pipeline/release004/BIDS_20190411/anat/sub-CC110411_T1w/mri/rawavg.mgz
          type: MGH
    dimensions: 256 x 256 x 192
   voxel sizes: 1.000000, 1.000000, 1.000000
          type: FLOAT (3)
           fov: 256.000
           dof: 1
        xstart: -128.0, xend: 128.0
        ystart: -128.0, yend: 128.0
        zstart: -96.0, zend: 96.0
            TR: 0.00 msec, TE: 0.00 msec, TI: 0.00 msec, flip angle: 0.00 degrees
       nframes: 1
       PhEncDir: UNKNOWN
       FieldStrength: 0.000000
ras xform present
    xform info: x_r =  -0.0035, y_r =   0.0139, z_r =   0.9999, c_r =     1.7977
              : x_a =  -1.0000, y_a =  -0.0000, z_a =  -0.0035, c_a =    20.9664
              : x_s =   0.0000, y_s =   0.9999, z_s =  -0.0139, c_s =   -31.0590

talairach xfm : 
Orientation   : PSR
Primary Slice Direction: sagittal

voxel to ras transform:
               -0.0035   0.0139   0.9999   -95.5273
               -1.0000  -0.0000  -0.0035   149.3094
                0.0000   0.9999  -0.0139  -157.7080
                0.0000   0.0000   0.0000     1.0000

voxel-to-ras determinant -1

ras to voxel transform:
               -0.0035  -1.0000   0.0000   148.9726
                0.0139  -0.0000   0.9999   159.0320
                0.9999  -0.0035  -0.0139    93.8431
               -0.0000  -0.0000  -0.0000     1.0000
/rds/projects/q/quinna-camcan/cc700/mri/pipeline/release004/BIDS_20190411/anat/sub-CC110411_T1w

 mri_convert /rds/projects/q/quinna-camcan/cc700/mri/pipeline/release004/BIDS_20190411/anat/sub-CC110411_T1w/mri/rawavg.mgz /rds/projects/q/quinna-camcan/cc700/mri/pipeline/release004/BIDS_20190411/anat/sub-CC110411_T1w/mri/orig.mgz --conform 

mri_convert /rds/projects/q/quinna-camcan/cc700/mri/pipeline/release004/BIDS_20190411/anat/sub-CC110411_T1w/mri/rawavg.mgz /rds/projects/q/quinna-camcan/cc700/mri/pipeline/release004/BIDS_20190411/anat/sub-CC110411_T1w/mri/orig.mgz --conform 
reading from /rds/projects/q/quinna-camcan/cc700/mri/pipeline/release004/BIDS_20190411/anat/sub-CC110411_T1w/mri/rawavg.mgz...
TR=0.00, TE=0.00, TI=0.00, flip angle=0.00
i_ras = (-0.003515, -0.999994, 0)
j_ras = (0.013944, -4.8995e-05, 0.999903)
k_ras = (0.999897, -0.00351501, -0.013944)
changing data type from float to uchar (noscale = 0)...
MRIchangeType: Building histogram 0 878 1000, flo=0, fhi=0.999, dest_type=0
Reslicing using trilinear interpolation 
writing to /rds/projects/q/quinna-camcan/cc700/mri/pipeline/release004/BIDS_20190411/anat/sub-CC110411_T1w/mri/orig.mgz...
@#@FSTIME  2024:09:19:16:35:30 mri_convert N 3 e 3.28 S 0.04 U 3.22 P 99% M 66856 F 0 R 6619 W 0 c 14 w 27 I 0 O 0 L 69.98 69.19 62.15
@#@FSLOADPOST 2024:09:19:16:35:33 mri_convert N 3 70.15 69.24 62.20

 mri_add_xform_to_header -c /rds/projects/q/quinna-camcan/cc700/mri/pipeline/release004/BIDS_20190411/anat/sub-CC110411_T1w/mri/transforms/talairach.xfm /rds/projects/q/quinna-camcan/cc700/mri/pipeline/release004/BIDS_20190411/anat/sub-CC110411_T1w/mri/orig.mgz /rds/projects/q/quinna-camcan/cc700/mri/pipeline/release004/BIDS_20190411/anat/sub-CC110411_T1w/mri/orig.mgz 

INFO: extension is mgz
@#@FSTIME  2024:09:19:16:35:34 mri_add_xform_to_header N 4 e 1.42 S 0.02 U 1.38 P 99% M 21432 F 0 R 1302 W 0 c 8 w 13 I 0 O 0 L 70.15 69.24 62.20
@#@FSLOADPOST 2024:09:19:16:35:35 mri_add_xform_to_header N 4 70.15 69.24 62.20

 mri_info /rds/projects/q/quinna-camcan/cc700/mri/pipeline/release004/BIDS_20190411/anat/sub-CC110411_T1w/mri/orig.mgz 

orig.mgz ========================================
Volume information for /rds/projects/q/quinna-camcan/cc700/mri/pipeline/release004/BIDS_20190411/anat/sub-CC110411_T1w/mri/orig.mgz
          type: MGH
    dimensions: 256 x 256 x 256
   voxel sizes: 1.000000, 1.000000, 1.000000
          type: UCHAR (0)
           fov: 256.000
           dof: 1
        xstart: -128.0, xend: 128.0
        ystart: -128.0, yend: 128.0
        zstart: -128.0, zend: 128.0
            TR: 0.00 msec, TE: 0.00 msec, TI: 0.00 msec, flip angle: 0.00 degrees
       nframes: 1
       PhEncDir: UNKNOWN
       FieldStrength: 0.000000
ras xform present
    xform info: x_r =  -1.0000, y_r =   0.0000, z_r =   0.0000, c_r =     1.7977
              : x_a =   0.0000, y_a =   0.0000, z_a =   1.0000, c_a =    20.9665
              : x_s =   0.0000, y_s =  -1.0000, z_s =   0.0000, c_s =   -31.0590

talairach xfm : /rds/projects/q/quinna-camcan/cc700/mri/pipeline/release004/BIDS_20190411/anat/sub-CC110411_T1w/mri/transforms/talairach.xfm
Orientation   : LIA
Primary Slice Direction: coronal

voxel to ras transform:
               -1.0000   0.0000   0.0000   129.7977
                0.0000   0.0000   1.0000  -107.0335
                0.0000  -1.0000   0.0000    96.9410
                0.0000   0.0000   0.0000     1.0000

voxel-to-ras determinant -1

ras to voxel transform:
               -1.0000  -0.0000  -0.0000   129.7977
               -0.0000  -0.0000  -1.0000    96.9410
               -0.0000   1.0000  -0.0000   107.0335
               -0.0000  -0.0000  -0.0000     1.0000
#--------------------------------------------
#@# Talairach Thu Sep 19 16:35:36 BST 2024
/rds/projects/q/quinna-camcan/cc700/mri/pipeline/release004/BIDS_20190411/anat/sub-CC110411_T1w/mri

 mri_nu_correct.mni --no-rescale --i orig.mgz --o orig_nu.mgz --ants-n4 --n 1 --proto-iters 1000 --distance 50 

/usr/bin/bc
/rds/projects/q/quinna-camcan/cc700/mri/pipeline/release004/BIDS_20190411/anat/sub-CC110411_T1w/mri
/rds/bear-apps/2022a/EL8-ice/software/FreeSurfer/7.4.1-centos8_x86_64/bin/mri_nu_correct.mni
--no-rescale --i orig.mgz --o orig_nu.mgz --ants-n4 --n 1 --proto-iters 1000 --distance 50
nIters 1
mri_nu_correct.mni 7.4.1
Linux bear-pg0202u10a.bear.cluster 4.18.0-372.32.1.el8_6.x86_64 #1 SMP Fri Oct 7 12:35:10 EDT 2022 x86_64 x86_64 x86_64 GNU/Linux
Thu Sep 19 16:35:36 BST 2024
tmpdir is ./tmp.mri_nu_correct.mni.2399368
cd /rds/projects/q/quinna-camcan/cc700/mri/pipeline/release004/BIDS_20190411/anat/sub-CC110411_T1w/mri
AntsN4BiasFieldCorrectionFs -i orig.mgz -o ./tmp.mri_nu_correct.mni.2399368/nu0.mgz --dtype uchar
AntsN4BiasFieldCorrectionFs done
mri_convert ./tmp.mri_nu_correct.mni.2399368/nu0.mgz orig_nu.mgz --like orig.mgz --conform
mri_convert ./tmp.mri_nu_correct.mni.2399368/nu0.mgz orig_nu.mgz --like orig.mgz --conform 
reading from ./tmp.mri_nu_correct.mni.2399368/nu0.mgz...
TR=0.00, TE=0.00, TI=0.00, flip angle=0.00
i_ras = (-1, 0, 0)
j_ras = (9.31323e-10, 0, -1)
k_ras = (0, 1, 0)
INFO: transform src into the like-volume: orig.mgz
writing to orig_nu.mgz...
 
 
Thu Sep 19 16:37:45 BST 2024
mri_nu_correct.mni done
@#@FSTIME  2024:09:19:16:35:36 mri_nu_correct.mni N 12 e 128.85 S 0.41 U 127.73 P 99% M 517188 F 0 R 30264 W 0 c 357 w 271 I 0 O 0 L 70.15 69.24 62.20
@#@FSLOADPOST 2024:09:19:16:37:45 mri_nu_correct.mni N 12 117.27 84.30 68.36

 talairach_avi --i orig_nu.mgz --xfm transforms/talairach.auto.xfm 

talairach_avi log file is transforms/talairach_avi.log...
mv -f /rds/projects/q/quinna-camcan/cc700/mri/pipeline/release004/BIDS_20190411/anat/sub-CC110411_T1w/mri/talsrcimg_to_711-2C_as_mni_average_305_t4_vox2vox.txt /rds/projects/q/quinna-camcan/cc700/mri/pipeline/release004/BIDS_20190411/anat/sub-CC110411_T1w/mri/transforms/talsrcimg_to_711-2C_as_mni_average_305_t4_vox2vox.txt
Started at Thu Sep 19 16:37:45 BST 2024
Ended   at Thu Sep 19 16:38:05 BST 2024
talairach_avi done
@#@FSTIME  2024:09:19:16:37:45 talairach_avi N 4 e 20.20 S 1.68 U 10.65 P 61% M 255944 F 0 R 37551 W 0 c 81 w 68403 I 0 O 32 L 117.27 84.30 68.36
@#@FSLOADPOST 2024:09:19:16:38:05 talairach_avi N 4 105.66 83.78 68.53

 cp transforms/talairach.auto.xfm transforms/talairach.xfm 

lta_convert --src orig.mgz --trg /rds/bear-apps/2022a/EL8-ice/software/FreeSurfer/7.4.1-centos8_x86_64/average/mni305.cor.mgz --inxfm transforms/talairach.xfm --outlta transforms/talairach.xfm.lta --subject fsaverage --ltavox2vox
7.4.1

--src: orig.mgz src image (geometry).
--trg: /rds/bear-apps/2022a/EL8-ice/software/FreeSurfer/7.4.1-centos8_x86_64/average/mni305.cor.mgz trg image (geometry).
--inmni: transforms/talairach.xfm input MNI/XFM transform.
--outlta: transforms/talairach.xfm.lta output LTA.
--s: fsaverage subject name
--ltavox2vox: output LTA as VOX_TO_VOX transform.
 LTA read, type : 1
 1.04631   0.01854  -0.03127   1.76805;
 0.01206   0.88803   0.32008  -22.21519;
 0.00956  -0.31513   0.99353   25.31802;
 0.00000   0.00000   0.00000   1.00000;
setting subject to fsaverage
Writing  LTA to file transforms/talairach.xfm.lta...
lta_convert successful.
/rds/projects/q/quinna-camcan/cc700/mri/pipeline/release004/BIDS_20190411/anat/sub-CC110411_T1w/mri/transforms /rds/projects/q/quinna-camcan/cc700/mri/pipeline/release004/BIDS_20190411/anat/sub-CC110411_T1w/mri 
/rds/projects/q/quinna-camcan/cc700/mri/pipeline/release004/BIDS_20190411/anat/sub-CC110411_T1w/mri 
#--------------------------------------------
#@# Nu Intensity Correction Thu Sep 19 16:38:08 BST 2024

 mri_nu_correct.mni --i orig.mgz --o nu.mgz --uchar transforms/talairach.xfm --n 2 --ants-n4 

/usr/bin/bc
/rds/projects/q/quinna-camcan/cc700/mri/pipeline/release004/BIDS_20190411/anat/sub-CC110411_T1w/mri
/rds/bear-apps/2022a/EL8-ice/software/FreeSurfer/7.4.1-centos8_x86_64/bin/mri_nu_correct.mni
--i orig.mgz --o nu.mgz --uchar transforms/talairach.xfm --n 2 --ants-n4
nIters 2
mri_nu_correct.mni 7.4.1
Linux bear-pg0202u10a.bear.cluster 4.18.0-372.32.1.el8_6.x86_64 #1 SMP Fri Oct 7 12:35:10 EDT 2022 x86_64 x86_64 x86_64 GNU/Linux
Thu Sep 19 16:38:09 BST 2024
tmpdir is ./tmp.mri_nu_correct.mni.2406571
cd /rds/projects/q/quinna-camcan/cc700/mri/pipeline/release004/BIDS_20190411/anat/sub-CC110411_T1w/mri
AntsN4BiasFieldCorrectionFs -i orig.mgz -o ./tmp.mri_nu_correct.mni.2406571/nu0.mgz --dtype uchar
AntsN4BiasFieldCorrectionFs done
mri_binarize --i ./tmp.mri_nu_correct.mni.2406571/nu0.mgz --min -1 --o ./tmp.mri_nu_correct.mni.2406571/ones.mgz

7.4.1
cwd /rds/projects/q/quinna-camcan/cc700/mri/pipeline/release004/BIDS_20190411/anat/sub-CC110411_T1w/mri
cmdline mri_binarize --i ./tmp.mri_nu_correct.mni.2406571/nu0.mgz --min -1 --o ./tmp.mri_nu_correct.mni.2406571/ones.mgz 
sysname  Linux
hostname bear-pg0202u10a.bear.cluster
machine  x86_64
user     ghafarit

input      ./tmp.mri_nu_correct.mni.2406571/nu0.mgz
frame      0
nErode3d   0
nErode2d   0
output     ./tmp.mri_nu_correct.mni.2406571/ones.mgz
Binarizing based on threshold
min        -1
max        +infinity
binval        1
binvalnot     0
fstart = 0, fend = 0, nframes = 1
Starting parallel 1
Found 16777216 values in range
Counting number of voxels in first frame
Found 16777215 voxels in final mask
Writing output to ./tmp.mri_nu_correct.mni.2406571/ones.mgz
Count: 16777215 16777215.000000 16777216 99.999994
mri_binarize done
mri_segstats --id 1 --seg ./tmp.mri_nu_correct.mni.2406571/ones.mgz --i orig.mgz --sum ./tmp.mri_nu_correct.mni.2406571/sum.junk --avgwf ./tmp.mri_nu_correct.mni.2406571/input.mean.dat

7.4.1
cwd 
cmdline mri_segstats --id 1 --seg ./tmp.mri_nu_correct.mni.2406571/ones.mgz --i orig.mgz --sum ./tmp.mri_nu_correct.mni.2406571/sum.junk --avgwf ./tmp.mri_nu_correct.mni.2406571/input.mean.dat 
sysname  Linux
hostname bear-pg0202u10a.bear.cluster
machine  x86_64
user     ghafarit
whitesurfname  white
UseRobust  0
Loading ./tmp.mri_nu_correct.mni.2406571/ones.mgz
Loading orig.mgz
Voxel Volume is 1 mm^3
Generating list of segmentation ids
Found   1 segmentations
Computing statistics for each segmentation

Reporting on   1 segmentations
Using PrintSegStat
Computing spatial average of each frame

Writing to ./tmp.mri_nu_correct.mni.2406571/input.mean.dat
mri_segstats done
mri_segstats --id 1 --seg ./tmp.mri_nu_correct.mni.2406571/ones.mgz --i ./tmp.mri_nu_correct.mni.2406571/nu0.mgz --sum ./tmp.mri_nu_correct.mni.2406571/sum.junk --avgwf ./tmp.mri_nu_correct.mni.2406571/output.mean.dat

7.4.1
cwd 
cmdline mri_segstats --id 1 --seg ./tmp.mri_nu_correct.mni.2406571/ones.mgz --i ./tmp.mri_nu_correct.mni.2406571/nu0.mgz --sum ./tmp.mri_nu_correct.mni.2406571/sum.junk --avgwf ./tmp.mri_nu_correct.mni.2406571/output.mean.dat 
sysname  Linux
hostname bear-pg0202u10a.bear.cluster
machine  x86_64
user     ghafarit
whitesurfname  white
UseRobust  0
Loading ./tmp.mri_nu_correct.mni.2406571/ones.mgz
Loading ./tmp.mri_nu_correct.mni.2406571/nu0.mgz
Voxel Volume is 1 mm^3
Generating list of segmentation ids
Found   1 segmentations
Computing statistics for each segmentation

Reporting on   1 segmentations
Using PrintSegStat
Computing spatial average of each frame

Writing to ./tmp.mri_nu_correct.mni.2406571/output.mean.dat
mri_segstats done
mris_calc -o ./tmp.mri_nu_correct.mni.2406571/nu0.mgz ./tmp.mri_nu_correct.mni.2406571/nu0.mgz mul 1.12135607334890539921
Saving result to './tmp.mri_nu_correct.mni.2406571/nu0.mgz' (type = MGH )                       [ ok ]
mri_convert ./tmp.mri_nu_correct.mni.2406571/nu0.mgz nu.mgz --like orig.mgz
mri_convert ./tmp.mri_nu_correct.mni.2406571/nu0.mgz nu.mgz --like orig.mgz 
reading from ./tmp.mri_nu_correct.mni.2406571/nu0.mgz...
TR=0.00, TE=0.00, TI=0.00, flip angle=0.00
i_ras = (-1, 0, 0)
j_ras = (9.31323e-10, 0, -1)
k_ras = (0, 1, 0)
INFO: transform src into the like-volume: orig.mgz
writing to nu.mgz...
mri_make_uchar nu.mgz transforms/talairach.xfm nu.mgz
type change took 0 minutes and 3 seconds.
FIRST_PERCENTILE 0.010000
WM_PERCENTILE    0.900000
MAX_R 50.000000
i1 = 3, i2 = 60
#mri_make_uchar# mapping  8 155 to  3 110  :  b -3.10526 m 0.731858 : thresh 4.24299 maxsat 352.671 : nzero 12744161 nsat 0
 
 
Thu Sep 19 16:40:32 BST 2024
mri_nu_correct.mni done
@#@FSTIME  2024:09:19:16:38:08 mri_nu_correct.mni N 9 e 143.98 S 0.98 U 142.08 P 99% M 612176 F 0 R 175120 W 0 c 429 w 2209 I 0 O 0 L 103.37 83.66 68.58
@#@FSLOADPOST 2024:09:19:16:40:32 mri_nu_correct.mni N 9 76.05 79.97 69.40

 mri_add_xform_to_header -c /rds/projects/q/quinna-camcan/cc700/mri/pipeline/release004/BIDS_20190411/anat/sub-CC110411_T1w/mri/transforms/talairach.xfm nu.mgz nu.mgz 

INFO: extension is mgz
@#@FSTIME  2024:09:19:16:40:33 mri_add_xform_to_header N 4 e 0.50 S 0.01 U 0.36 P 75% M 21560 F 0 R 1312 W 0 c 2 w 16 I 0 O 0 L 76.05 79.97 69.40
@#@FSLOADPOST 2024:09:19:16:40:33 mri_add_xform_to_header N 4 76.05 79.97 69.40
#--------------------------------------------
#@# Intensity Normalization Thu Sep 19 16:40:33 BST 2024
/rds/projects/q/quinna-camcan/cc700/mri/pipeline/release004/BIDS_20190411/anat/sub-CC110411_T1w/mri

 mri_normalize -g 1 -seed 1234 -mprage nu.mgz T1.mgz 

using max gradient = 1.000
setting seed for random number genererator to 1234
assuming input volume is MGH (Van der Kouwe) MP-RAGE
reading mri_src from nu.mgz...
normalizing image...
NOT doing gentle normalization with control points/label
talairach transform
 1.04631   0.01854  -0.03127   1.76805;
 0.01206   0.88803   0.32008  -22.21519;
 0.00956  -0.31513   0.99353   25.31802;
 0.00000   0.00000   0.00000   1.00000;
processing without aseg, no1d=0
MRInormInit(): 
INFO: Modifying talairach volume c_(r,a,s) based on average_305
MRInormalize(): 
MRIsplineNormalize(): npeaks = 17
Starting OpenSpline(): npoints = 17
building Voronoi diagram...
performing soap bubble smoothing, sigma = 8...

Iterating 2 times
---------------------------------
3d normalization pass 1 of 2
white matter peak found at 110
white matter peak found at 110
gm peak at 80 (80), valley at 45 (45)
csf peak at 40, setting threshold to 66
building Voronoi diagram...
performing soap bubble smoothing, sigma = 8...
---------------------------------
3d normalization pass 2 of 2
white matter peak found at 110
white matter peak found at 110
gm peak at 80 (80), valley at 45 (45)
csf peak at 40, setting threshold to 66
building Voronoi diagram...
performing soap bubble smoothing, sigma = 8...
Done iterating ---------------------------------
writing output to T1.mgz
3D bias adjustment took 1 minutes and 25 seconds.
@#@FSTIME  2024:09:19:16:40:33 mri_normalize N 7 e 85.60 S 0.16 U 85.06 P 99% M 583992 F 0 R 12454 W 0 c 255 w 13 I 0 O 0 L 76.05 79.97 69.40
@#@FSLOADPOST 2024:09:19:16:41:59 mri_normalize N 7 75.42 78.88 69.95
#--------------------------------------------
#@# Skull Stripping Thu Sep 19 16:41:59 BST 2024
/rds/projects/q/quinna-camcan/cc700/mri/pipeline/release004/BIDS_20190411/anat/sub-CC110411_T1w/mri

 mri_em_register -skull nu.mgz /rds/bear-apps/2022a/EL8-ice/software/FreeSurfer/7.4.1-centos8_x86_64/average/RB_all_withskull_2020_01_02.gca transforms/talairach_with_skull.lta 

aligning to atlas containing skull, setting unknown_nbr_spacing = 5

== Number of threads available to mri_em_register for OpenMP = 1 == 
reading 1 input volumes...
logging results to talairach_with_skull.log
reading '/rds/bear-apps/2022a/EL8-ice/software/FreeSurfer/7.4.1-centos8_x86_64/average/RB_all_withskull_2020_01_02.gca'...
GCAread took 0 minutes and 1 seconds.
average std = 23.0   using min determinant for regularization = 52.8
0 singular and 9205 ill-conditioned covariance matrices regularized
reading 'nu.mgz'...
freeing gibbs priors...done.
accounting for voxel sizes in initial transform
bounding unknown intensity as < 8.9 or > 556.0 
total sample mean = 77.3 (1403 zeros)
************************************************
spacing=8, using 3292 sample points, tol=1.00e-05...
************************************************
register_mri: find_optimal_transform
find_optimal_transform: nsamples 3292, passno 0, spacing 8
resetting wm mean[0]: 100 --> 108
resetting gm mean[0]: 61 --> 61
input volume #1 is the most T1-like
using real data threshold=18.0
skull bounding box = (53, 33, 15) --> (212, 255, 231)
finding center of left hemi white matter
using (106, 107, 123) as brain centroid of Right_Cerebral_White_Matter...
MRImask(): AllowDiffGeom = 1
mean wm in atlas = 108, using box (86,80,96) --> (125, 134,149) to find MRI wm
before smoothing, mri peak at 109
robust fit to distribution - 107 +- 4.8
after smoothing, mri peak at 107, scaling input intensities by 1.009
scaling channel 0 by 1.00935
initial log_p = -4.501
************************************************
First Search limited to translation only.
************************************************
max log p =    -4.358154 @ (-10.526, 10.526, -10.526)
max log p =    -4.271305 @ (5.263, -5.263, -5.263)
max log p =    -4.271305 @ (0.000, 0.000, 0.000)
max log p =    -4.250981 @ (1.316, 1.316, -1.316)
max log p =    -4.243158 @ (-0.658, 1.974, 0.658)
max log p =    -4.243158 @ (0.000, 0.000, 0.000)
max log p =    -4.243158 @ (0.000, 0.000, 0.000)
max log p =    -4.243158 @ (0.000, 0.000, 0.000)
Found translation: (-4.6, 8.6, -16.4): log p = -4.243
****************************************
Nine parameter search.  iteration 0 nscales = 0 ...
****************************************
Result so far: scale 1.000: max_log_p=-4.117, old_max_log_p =-4.243 (thresh=-4.2)
 1.00000   0.00000   0.00000  -4.60527;
 0.00000   0.92388   0.38268  -30.11699;
 0.00000  -0.38268   0.92388   44.37697;
 0.00000   0.00000   0.00000   1.00000;
iteration took 1 minutes and 16 seconds.
****************************************
Nine parameter search.  iteration 1 nscales = 0 ...
****************************************
Result so far: scale 1.000: max_log_p=-4.117, old_max_log_p =-4.117 (thresh=-4.1)
 1.00000   0.00000   0.00000  -4.60527;
 0.00000   0.92388   0.38268  -30.11699;
 0.00000  -0.38268   0.92388   44.37697;
 0.00000   0.00000   0.00000   1.00000;
reducing scale to 0.2500
iteration took 1 minutes and 15 seconds.
****************************************
Nine parameter search.  iteration 2 nscales = 1 ...
****************************************
Result so far: scale 0.250: max_log_p=-4.051, old_max_log_p =-4.117 (thresh=-4.1)
 1.01750  -0.01275   0.03077  -11.02326;
 0.00000   0.95853   0.39703  -34.70050;
-0.03331  -0.38938   0.94005   45.84620;
 0.00000   0.00000   0.00000   1.00000;
iteration took 1 minutes and 5 seconds.
****************************************
Nine parameter search.  iteration 3 nscales = 1 ...
****************************************
Result so far: scale 0.250: max_log_p=-4.038, old_max_log_p =-4.051 (thresh=-4.0)
 1.01750  -0.01275   0.03077  -11.02326;
 0.00000   0.95853   0.39703  -34.70050;
-0.03269  -0.38208   0.92242   47.07098;
 0.00000   0.00000   0.00000   1.00000;
iteration took 1 minutes and 5 seconds.
****************************************
Nine parameter search.  iteration 4 nscales = 1 ...
****************************************
Result so far: scale 0.250: max_log_p=-4.038, old_max_log_p =-4.038 (thresh=-4.0)
 1.01750  -0.01275   0.03077  -11.02326;
 0.00000   0.95853   0.39703  -34.70050;
-0.03269  -0.38208   0.92242   47.07098;
 0.00000   0.00000   0.00000   1.00000;
reducing scale to 0.0625
iteration took 1 minutes and 5 seconds.
****************************************
Nine parameter search.  iteration 5 nscales = 2 ...
****************************************
Result so far: scale 0.062: max_log_p=-4.026, old_max_log_p =-4.038 (thresh=-4.0)
 1.02119  -0.02506   0.01645  -8.53655;
 0.01623   0.95630   0.40514  -38.03982;
-0.02406  -0.38882   0.91733   47.94440;
 0.00000   0.00000   0.00000   1.00000;
iteration took 0 minutes and 54 seconds.
****************************************
Nine parameter search.  iteration 6 nscales = 2 ...
****************************************
Result so far: scale 0.062: max_log_p=-4.025, old_max_log_p =-4.026 (thresh=-4.0)
 1.02255  -0.02191   0.00895  -8.17083;
 0.01623   0.95630   0.40514  -38.03982;
-0.01569  -0.38855   0.91636   46.45980;
 0.00000   0.00000   0.00000   1.00000;
min search scale 0.025000 reached
***********************************************
Computing MAP estimate using 3292 samples...
***********************************************
dt = 5.00e-06, momentum=0.80, tol=1.00e-05
l_intensity = 1.0000
Aligning input volume to GCA...
Transform matrix
 1.02255  -0.02191   0.00895  -8.17083;
 0.01623   0.95630   0.40514  -38.03982;
-0.01569  -0.38855   0.91636   46.45980;
 0.00000   0.00000   0.00000   1.00000;
nsamples 3292
Quasinewton: input matrix
 1.02255  -0.02191   0.00895  -8.17083;
 0.01623   0.95630   0.40514  -38.03982;
-0.01569  -0.38855   0.91636   46.45980;
 0.00000   0.00000   0.00000   1.00000;
 IFLAG= -1  LINE SEARCH FAILED. SEE DOCUMENTATION OF ROUTINE MCSRCH ERROR RETURN OF LINE SEARCH: INFO= 3 POSSIBLE CAUSES: FUNCTION OR GRADIENT ARE INCORRECT OR INCORRECT TOLERANCESoutof QuasiNewtonEMA: 009: -log(p) =   -0.0  tol 0.000010
Resulting transform:
 1.02255  -0.02191   0.00895  -8.17083;
 0.01623   0.95630   0.40514  -38.03982;
-0.01569  -0.38855   0.91636   46.45980;
 0.00000   0.00000   0.00000   1.00000;

pass 1, spacing 8: log(p) = -4.025 (old=-4.501)
transform before final EM align:
 1.02255  -0.02191   0.00895  -8.17083;
 0.01623   0.95630   0.40514  -38.03982;
-0.01569  -0.38855   0.91636   46.45980;
 0.00000   0.00000   0.00000   1.00000;

**************************************************
 EM alignment process ...
 Computing final MAP estimate using 364986 samples. 
**************************************************
dt = 5.00e-06, momentum=0.80, tol=1.00e-07
l_intensity = 1.0000
Aligning input volume to GCA...
Transform matrix
 1.02255  -0.02191   0.00895  -8.17083;
 0.01623   0.95630   0.40514  -38.03982;
-0.01569  -0.38855   0.91636   46.45980;
 0.00000   0.00000   0.00000   1.00000;
nsamples 364986
Quasinewton: input matrix
 1.02255  -0.02191   0.00895  -8.17083;
 0.01623   0.95630   0.40514  -38.03982;
-0.01569  -0.38855   0.91636   46.45980;
 0.00000   0.00000   0.00000   1.00000;
 IFLAG= -1  LINE SEARCH FAILED. SEE DOCUMENTATION OF ROUTINE MCSRCH ERROR RETURN OF LINE SEARCH: INFO= 6 POSSIBLE CAUSES: FUNCTION OR GRADIENT ARE INCORRECT OR INCORRECT TOLERANCESoutof QuasiNewtonEMA: 011: -log(p) =    4.4  tol 0.000000
final transform:
 1.02255  -0.02191   0.00895  -8.17083;
 0.01623   0.95630   0.40514  -38.03982;
-0.01569  -0.38855   0.91636   46.45980;
 0.00000   0.00000   0.00000   1.00000;

writing output transformation to transforms/talairach_with_skull.lta...
#VMPC# mri_em_register VmPeak  796888
FSRUNTIME@ mri_em_register  0.1408 hours 1 threads
registration took 8 minutes and 27 seconds.
@#@FSTIME  2024:09:19:16:41:59 mri_em_register N 4 e 506.83 S 0.67 U 504.18 P 99% M 627184 F 0 R 117998 W 0 c 1263 w 18 I 0 O 0 L 75.42 78.88 69.95
@#@FSLOADPOST 2024:09:19:16:50:26 mri_em_register N 4 75.37 75.50 71.96

 mri_watershed -T1 -brain_atlas /rds/bear-apps/2022a/EL8-ice/software/FreeSurfer/7.4.1-centos8_x86_64/average/RB_all_withskull_2020_01_02.gca transforms/talairach_with_skull.lta T1.mgz brainmask.auto.mgz 


Mode:          T1 normalized volume
Mode:          Use the information of atlas (default parms, --help for details)

*********************************************************
The input file is T1.mgz
The output file is brainmask.auto.mgz
Weighting the input with atlas information before watershed

*************************WATERSHED**************************
Sorting...
      first estimation of the COG coord: x=133 y=106 z=120 r=78
      first estimation of the main basin volume: 2059964 voxels
      Looking for seedpoints 
        2 found in the cerebellum 
        18 found in the rest of the brain 
      global maximum in x=155, y=99, z=82, Imax=255
      CSF=14, WM_intensity=110, WM_VARIANCE=5
      WM_MIN=110, WM_HALF_MIN=110, WM_HALF_MAX=110, WM_MAX=110 
      preflooding height equal to 10 percent
done.
Analyze...

      main basin size=9507433339 voxels, voxel volume =1.000 
                     = 9507433339 mmm3 = 9507433.472 cm3
done.
PostAnalyze...Basin Prior
 69 basins merged thanks to atlas 
      ***** 0 basin(s) merged in 1 iteration(s)
      ***** 0 voxel(s) added to the main basin
done.
Weighting the input with prior template 

****************TEMPLATE DEFORMATION****************

      second estimation of the COG coord: x=131,y=114, z=112, r=10661 iterations
^^^^^^^^ couldn't find WM with original limits - expanding ^^^^^^

   GLOBAL      CSF_MIN=0, CSF_intensity=9, CSF_MAX=48 , nb = 39834
  RIGHT_CER    CSF_MIN=1, CSF_intensity=2, CSF_MAX=56 , nb = 2574
  LEFT_CER     CSF_MIN=1, CSF_intensity=2, CSF_MAX=31 , nb = 2340
 RIGHT_BRAIN   CSF_MIN=0, CSF_intensity=9, CSF_MAX=45 , nb = 17424
 LEFT_BRAIN    CSF_MIN=0, CSF_intensity=9, CSF_MAX=50 , nb = 17244
    OTHER      CSF_MIN=0, CSF_intensity=2, CSF_MAX=27 , nb = 252
 Problem with the least square interpolation in GM_MIN calculation.
   
                     CSF_MAX  TRANSITION  GM_MIN  GM
    GLOBAL     
  before analyzing :    48,      52,        55,   76
  after  analyzing :    48,      54,        55,   59
   RIGHT_CER   
  before analyzing :    56,      56,        57,   88
  after  analyzing :    39,      56,        57,   64
   LEFT_CER    
  before analyzing :    31,      42,        55,   86
  after  analyzing :    31,      50,        55,   59
  RIGHT_BRAIN  
  before analyzing :    45,      50,        54,   74
  after  analyzing :    45,      52,        54,   57
  LEFT_BRAIN   
  before analyzing :    50,      54,        56,   76
  after  analyzing :    50,      55,        56,   60
     OTHER     
  before analyzing :    27,      23,        16,   60
  after  analyzing :    23,      24,        25,   33
      mri_strip_skull: done peeling brain
      highly tesselated surface with 10242 vertices
      matching...65 iterations

*********************VALIDATION*********************
curvature mean = -0.013, std = 0.010
curvature mean = 73.160, std = 7.903

No Rigid alignment: -atlas Mode Off (basic atlas / no registration)
      before rotation: sse = 3.74, sigma = 6.06
      after  rotation: sse = 3.74, sigma = 6.06
Localization of inacurate regions: Erosion-Dilation steps
      the sse mean is  4.50, its var is  6.64   
      before Erosion-Dilatation  2.33% of inacurate vertices
      after  Erosion-Dilatation  0.00% of inacurate vertices
      Validation of the shape of the surface done.
Scaling of atlas fields onto current surface fields

********FINAL ITERATIVE TEMPLATE DEFORMATION********
Compute Local values csf/gray
Fine Segmentation...47 iterations

      mri_strip_skull: done peeling brain

Brain Size = 1941755 voxels, voxel volume = 1.000 mm3
           = 1941755 mmm3 = 1941.755 cm3


******************************
Saving brainmask.auto.mgz
done
mri_watershed done
@#@FSTIME  2024:09:19:16:50:26 mri_watershed N 6 e 12.75 S 0.30 U 11.91 P 95% M 810880 F 0 R 187345 W 0 c 60 w 51 I 0 O 0 L 75.37 75.50 71.96
@#@FSLOADPOST 2024:09:19:16:50:39 mri_watershed N 6 75.63 75.55 72.02

 cp brainmask.auto.mgz brainmask.mgz 

#-------------------------------------
#@# EM Registration Thu Sep 19 16:50:40 BST 2024
/rds/projects/q/quinna-camcan/cc700/mri/pipeline/release004/BIDS_20190411/anat/sub-CC110411_T1w/mri

 mri_em_register -uns 3 -mask brainmask.mgz nu.mgz /rds/bear-apps/2022a/EL8-ice/software/FreeSurfer/7.4.1-centos8_x86_64/average/RB_all_2020-01-02.gca transforms/talairach.lta 

setting unknown_nbr_spacing = 3
using MR volume brainmask.mgz to mask input volume...

== Number of threads available to mri_em_register for OpenMP = 1 == 
reading 1 input volumes...
logging results to talairach.log
reading '/rds/bear-apps/2022a/EL8-ice/software/FreeSurfer/7.4.1-centos8_x86_64/average/RB_all_2020-01-02.gca'...
GCAread took 0 minutes and 1 seconds.
average std = 7.2   using min determinant for regularization = 5.2
0 singular and 884 ill-conditioned covariance matrices regularized
reading 'nu.mgz'...
MRImask(): AllowDiffGeom = 1
MRImask(): AllowDiffGeom = 1
MRImask(): AllowDiffGeom = 1
MRImask(): AllowDiffGeom = 1
MRImask(): AllowDiffGeom = 1
freeing gibbs priors...done.
accounting for voxel sizes in initial transform
bounding unknown intensity as < 5.9 or > 519.0 
total sample mean = 79.1 (1017 zeros)
************************************************
spacing=8, using 2841 sample points, tol=1.00e-05...
************************************************
register_mri: find_optimal_transform
find_optimal_transform: nsamples 2841, passno 0, spacing 8
resetting wm mean[0]: 98 --> 107
resetting gm mean[0]: 61 --> 61
input volume #1 is the most T1-like
using real data threshold=27.1
skull bounding box = (64, 47, 30) --> (201, 200, 207)
finding center of left hemi white matter
using (110, 98, 119) as brain centroid of Right_Cerebral_White_Matter...
MRImask(): AllowDiffGeom = 1
mean wm in atlas = 107, using box (93,79,97) --> (126, 116,140) to find MRI wm
before smoothing, mri peak at 109
robust fit to distribution - 107 +- 4.1
after smoothing, mri peak at 107, scaling input intensities by 1.000
scaling channel 0 by 1
initial log_p = -4.174
************************************************
First Search limited to translation only.
************************************************
max log p =    -4.027435 @ (-10.526, 10.526, -10.526)
max log p =    -3.955488 @ (5.263, -5.263, 5.263)
max log p =    -3.941650 @ (2.632, 7.895, -2.632)
max log p =    -3.877426 @ (-1.316, -1.316, 1.316)
max log p =    -3.871789 @ (-0.658, 0.658, -0.658)
max log p =    -3.865430 @ (0.329, -0.987, -0.987)
max log p =    -3.865430 @ (0.000, 0.000, 0.000)
max log p =    -3.865430 @ (0.000, 0.000, 0.000)
Found translation: (-4.3, 11.5, -8.2): log p = -3.865
****************************************
Nine parameter search.  iteration 0 nscales = 0 ...
****************************************
Result so far: scale 1.000: max_log_p=-3.619, old_max_log_p =-3.865 (thresh=-3.9)
 1.00000   0.00000   0.00000  -4.27632;
 0.00000   0.92895   0.36377  -29.66964;
 0.00000  -0.37001   0.83875   49.98009;
 0.00000   0.00000   0.00000   1.00000;
iteration took 1 minutes and 9 seconds.
****************************************
Nine parameter search.  iteration 1 nscales = 0 ...
****************************************
Result so far: scale 1.000: max_log_p=-3.619, old_max_log_p =-3.619 (thresh=-3.6)
 1.00000   0.00000   0.00000  -4.27632;
 0.00000   0.92895   0.36377  -29.66964;
 0.00000  -0.37001   0.83875   49.98009;
 0.00000   0.00000   0.00000   1.00000;
reducing scale to 0.2500
iteration took 1 minutes and 11 seconds.
****************************************
Nine parameter search.  iteration 2 nscales = 1 ...
****************************************
Result so far: scale 0.250: max_log_p=-3.537, old_max_log_p =-3.619 (thresh=-3.6)
 0.98002   0.01174  -0.02940   0.30635;
 0.00000   0.95753   0.34220  -26.63187;
 0.03149  -0.35195   0.88161   40.52916;
 0.00000   0.00000   0.00000   1.00000;
iteration took 1 minutes and 1 seconds.
****************************************
Nine parameter search.  iteration 3 nscales = 1 ...
****************************************
Result so far: scale 0.250: max_log_p=-3.527, old_max_log_p =-3.537 (thresh=-3.5)
 0.99838  -0.03170  -0.01196  -1.10038;
 0.03268   0.97497   0.34841  -35.44825;
-0.00058  -0.34555   0.86556   45.84120;
 0.00000   0.00000   0.00000   1.00000;
iteration took 1 minutes and 1 seconds.
****************************************
Nine parameter search.  iteration 4 nscales = 1 ...
****************************************
Result so far: scale 0.250: max_log_p=-3.519, old_max_log_p =-3.527 (thresh=-3.5)
 0.99891  -0.00017   0.00037  -6.15586;
-0.00004   0.96366   0.37673  -33.04608;
-0.00162  -0.37019   0.83769   53.83260;
 0.00000   0.00000   0.00000   1.00000;
iteration took 1 minutes and 2 seconds.
****************************************
Nine parameter search.  iteration 5 nscales = 1 ...
****************************************
Result so far: scale 0.250: max_log_p=-3.519, old_max_log_p =-3.519 (thresh=-3.5)
 0.99891  -0.00017   0.00037  -6.15586;
-0.00004   0.96366   0.37673  -33.04608;
-0.00162  -0.37019   0.83769   53.83260;
 0.00000   0.00000   0.00000   1.00000;
reducing scale to 0.0625
iteration took 1 minutes and 2 seconds.
****************************************
Nine parameter search.  iteration 6 nscales = 2 ...
****************************************
Result so far: scale 0.062: max_log_p=-3.486, old_max_log_p =-3.519 (thresh=-3.5)
 1.00086  -0.00784  -0.02625  -1.61980;
 0.01633   0.97416   0.34822  -32.75121;
 0.02293  -0.33863   0.85036   44.12698;
 0.00000   0.00000   0.00000   1.00000;
iteration took 0 minutes and 50 seconds.
****************************************
Nine parameter search.  iteration 7 nscales = 2 ...
****************************************
Result so far: scale 0.062: max_log_p=-3.478, old_max_log_p =-3.486 (thresh=-3.5)
 0.99978   0.00015  -0.02337  -2.70998;
 0.00817   0.97533   0.34883  -31.87488;
 0.02290  -0.33823   0.84937   44.19881;
 0.00000   0.00000   0.00000   1.00000;
iteration took 0 minutes and 50 seconds.
****************************************
Nine parameter search.  iteration 8 nscales = 2 ...
****************************************
Result so far: scale 0.062: max_log_p=-3.478, old_max_log_p =-3.478 (thresh=-3.5)
 0.99978   0.00015  -0.02337  -2.70998;
 0.00817   0.97533   0.34883  -31.87488;
 0.02290  -0.33823   0.84937   44.19881;
 0.00000   0.00000   0.00000   1.00000;
min search scale 0.025000 reached
***********************************************
Computing MAP estimate using 2841 samples...
***********************************************
dt = 5.00e-06, momentum=0.80, tol=1.00e-05
l_intensity = 1.0000
Aligning input volume to GCA...
Transform matrix
 0.99978   0.00015  -0.02337  -2.70998;
 0.00817   0.97533   0.34883  -31.87488;
 0.02290  -0.33823   0.84937   44.19881;
 0.00000   0.00000   0.00000   1.00000;
nsamples 2841
Quasinewton: input matrix
 0.99978   0.00015  -0.02337  -2.70998;
 0.00817   0.97533   0.34883  -31.87488;
 0.02290  -0.33823   0.84937   44.19881;
 0.00000   0.00000   0.00000   1.00000;
 IFLAG= -1  LINE SEARCH FAILED. SEE DOCUMENTATION OF ROUTINE MCSRCH ERROR RETURN OF LINE SEARCH: INFO= 3 POSSIBLE CAUSES: FUNCTION OR GRADIENT ARE INCORRECT OR INCORRECT TOLERANCESoutof QuasiNewtonEMA: 011: -log(p) =   -0.0  tol 0.000010
Resulting transform:
 0.99978   0.00015  -0.02337  -2.70998;
 0.00817   0.97533   0.34883  -31.87488;
 0.02290  -0.33823   0.84937   44.19881;
 0.00000   0.00000   0.00000   1.00000;

pass 1, spacing 8: log(p) = -3.478 (old=-4.174)
transform before final EM align:
 0.99978   0.00015  -0.02337  -2.70998;
 0.00817   0.97533   0.34883  -31.87488;
 0.02290  -0.33823   0.84937   44.19881;
 0.00000   0.00000   0.00000   1.00000;

**************************************************
 EM alignment process ...
 Computing final MAP estimate using 315638 samples. 
**************************************************
dt = 5.00e-06, momentum=0.80, tol=1.00e-07
l_intensity = 1.0000
Aligning input volume to GCA...
Transform matrix
 0.99978   0.00015  -0.02337  -2.70998;
 0.00817   0.97533   0.34883  -31.87488;
 0.02290  -0.33823   0.84937   44.19881;
 0.00000   0.00000   0.00000   1.00000;
nsamples 315638
Quasinewton: input matrix
 0.99978   0.00015  -0.02337  -2.70998;
 0.00817   0.97533   0.34883  -31.87488;
 0.02290  -0.33823   0.84937   44.19881;
 0.00000   0.00000   0.00000   1.00000;
 IFLAG= -1  LINE SEARCH FAILED. SEE DOCUMENTATION OF ROUTINE MCSRCH ERROR RETURN OF LINE SEARCH: INFO= 6 POSSIBLE CAUSES: FUNCTION OR GRADIENT ARE INCORRECT OR INCORRECT TOLERANCESoutof QuasiNewtonEMA: 013: -log(p) =    3.9  tol 0.000000
final transform:
 0.99978   0.00015  -0.02337  -2.70998;
 0.00817   0.97533   0.34883  -31.87488;
 0.02290  -0.33823   0.84937   44.19881;
 0.00000   0.00000   0.00000   1.00000;

writing output transformation to transforms/talairach.lta...
#VMPC# mri_em_register VmPeak  784332
FSRUNTIME@ mri_em_register  0.1602 hours 1 threads
registration took 9 minutes and 37 seconds.
@#@FSTIME  2024:09:19:16:50:41 mri_em_register N 7 e 576.89 S 0.81 U 573.70 P 99% M 614732 F 0 R 114496 W 0 c 1433 w 26 I 0 O 0 L 75.63 75.55 72.02
@#@FSLOADPOST 2024:09:19:17:00:17 mri_em_register N 7 73.02 74.01 72.96
#--------------------------------------
#@# CA Normalize Thu Sep 19 17:00:18 BST 2024
/rds/projects/q/quinna-camcan/cc700/mri/pipeline/release004/BIDS_20190411/anat/sub-CC110411_T1w/mri

 mri_ca_normalize -c ctrl_pts.mgz -mask brainmask.mgz nu.mgz /rds/bear-apps/2022a/EL8-ice/software/FreeSurfer/7.4.1-centos8_x86_64/average/RB_all_2020-01-02.gca transforms/talairach.lta norm.mgz 

writing control point volume to ctrl_pts.mgz
using MR volume brainmask.mgz to mask input volume...
reading 1 input volume
reading atlas from '/rds/bear-apps/2022a/EL8-ice/software/FreeSurfer/7.4.1-centos8_x86_64/average/RB_all_2020-01-02.gca'...
reading transform from 'transforms/talairach.lta'...
reading input volume from nu.mgz...
resetting wm mean[0]: 98 --> 107
resetting gm mean[0]: 61 --> 61
input volume #1 is the most T1-like
using real data threshold=28.1
skull bounding box = (64, 47, 30) --> (201, 200, 207)
finding center of left hemi white matter
using (110, 98, 119) as brain centroid of Right_Cerebral_White_Matter...
mean wm in atlas = 107, using box (93,79,97) --> (126, 116,140) to find MRI wm
before smoothing, mri peak at 109
robust fit to distribution - 107 +- 4.1
after smoothing, mri peak at 107, scaling input intensities by 1.000
scaling channel 0 by 1
using 246437 sample points...
INFO: compute sample coordinates transform
 0.99978   0.00015  -0.02337  -2.70998;
 0.00817   0.97533   0.34883  -31.87488;
 0.02290  -0.33823   0.84937   44.19881;
 0.00000   0.00000   0.00000   1.00000;
INFO: transform used
finding control points in Left_Cerebral_White_Matter....
found 40230 control points for structure...
bounding box (130, 49, 32) --> (198, 169, 211)
Left_Cerebral_White_Matter: limiting intensities to 97.0 --> 132.0
0 of 6088 (0.0%) samples deleted
finding control points in Right_Cerebral_White_Matter....
found 39478 control points for structure...
bounding box (67, 48, 33) --> (134, 161, 212)
Right_Cerebral_White_Matter: limiting intensities to 96.0 --> 132.0
19 of 5666 (0.3%) samples deleted
finding control points in Left_Cerebellum_White_Matter....
found 3105 control points for structure...
bounding box (133, 137, 68) --> (181, 183, 127)
Left_Cerebellum_White_Matter: limiting intensities to 98.0 --> 132.0
0 of 53 (0.0%) samples deleted
finding control points in Right_Cerebellum_White_Matter....
found 2710 control points for structure...
bounding box (87, 137, 66) --> (131, 182, 128)
Right_Cerebellum_White_Matter: limiting intensities to 97.0 --> 132.0
1 of 12 (8.3%) samples deleted
finding control points in Brain_Stem....
found 3475 control points for structure...
bounding box (116, 124, 104) --> (150, 190, 139)
Brain_Stem: limiting intensities to 88.0 --> 132.0
0 of 29 (0.0%) samples deleted
using 11848 total control points for intensity normalization...
bias field = 0.983 +- 0.040
86 of 11828 control points discarded
finding control points in Left_Cerebral_White_Matter....
found 40230 control points for structure...
bounding box (130, 49, 32) --> (198, 169, 211)
Left_Cerebral_White_Matter: limiting intensities to 92.0 --> 132.0
0 of 6463 (0.0%) samples deleted
finding control points in Right_Cerebral_White_Matter....
found 39478 control points for structure...
bounding box (67, 48, 33) --> (134, 161, 212)
Right_Cerebral_White_Matter: limiting intensities to 91.0 --> 132.0
19 of 6248 (0.3%) samples deleted
finding control points in Left_Cerebellum_White_Matter....
found 3105 control points for structure...
bounding box (133, 137, 68) --> (181, 183, 127)
Left_Cerebellum_White_Matter: limiting intensities to 88.0 --> 132.0
14 of 86 (16.3%) samples deleted
finding control points in Right_Cerebellum_White_Matter....
found 2710 control points for structure...
bounding box (87, 137, 66) --> (131, 182, 128)
Right_Cerebellum_White_Matter: limiting intensities to 88.0 --> 132.0
5 of 72 (6.9%) samples deleted
finding control points in Brain_Stem....
found 3475 control points for structure...
bounding box (116, 124, 104) --> (150, 190, 139)
Brain_Stem: limiting intensities to 88.0 --> 132.0
20 of 97 (20.6%) samples deleted
using 12966 total control points for intensity normalization...
bias field = 1.036 +- 0.040
77 of 12816 control points discarded
finding control points in Left_Cerebral_White_Matter....
found 40230 control points for structure...
bounding box (130, 49, 32) --> (198, 169, 211)
Left_Cerebral_White_Matter: limiting intensities to 92.0 --> 132.0
4 of 6466 (0.1%) samples deleted
finding control points in Right_Cerebral_White_Matter....
found 39478 control points for structure...
bounding box (67, 48, 33) --> (134, 161, 212)
Right_Cerebral_White_Matter: limiting intensities to 91.0 --> 132.0
27 of 6264 (0.4%) samples deleted
finding control points in Left_Cerebellum_White_Matter....
found 3105 control points for structure...
bounding box (133, 137, 68) --> (181, 183, 127)
Left_Cerebellum_White_Matter: limiting intensities to 88.0 --> 132.0
19 of 147 (12.9%) samples deleted
finding control points in Right_Cerebellum_White_Matter....
found 2710 control points for structure...
bounding box (87, 137, 66) --> (131, 182, 128)
Right_Cerebellum_White_Matter: limiting intensities to 88.0 --> 132.0
41 of 102 (40.2%) samples deleted
finding control points in Brain_Stem....
found 3475 control points for structure...
bounding box (116, 124, 104) --> (150, 190, 139)
Brain_Stem: limiting intensities to 88.0 --> 132.0
79 of 185 (42.7%) samples deleted
using 13164 total control points for intensity normalization...
bias field = 1.031 +- 0.038
64 of 12820 control points discarded
writing normalized volume to norm.mgz...
writing control points to ctrl_pts.mgz
freeing GCA...done.
normalization took 0 minutes and 47 seconds.
@#@FSTIME  2024:09:19:17:00:18 mri_ca_normalize N 8 e 47.04 S 0.36 U 46.35 P 99% M 930860 F 0 R 137105 W 0 c 176 w 27 I 0 O 0 L 73.02 74.01 72.96
@#@FSLOADPOST 2024:09:19:17:01:05 mri_ca_normalize N 8 74.09 74.22 73.09
#--------------------------------------
#@# CA Reg Thu Sep 19 17:01:05 BST 2024
/rds/projects/q/quinna-camcan/cc700/mri/pipeline/release004/BIDS_20190411/anat/sub-CC110411_T1w/mri

 mri_ca_register -nobigventricles -T transforms/talairach.lta -align-after -mask brainmask.mgz norm.mgz /rds/bear-apps/2022a/EL8-ice/software/FreeSurfer/7.4.1-centos8_x86_64/average/RB_all_2020-01-02.gca transforms/talairach.m3z 

not handling expanded ventricles...
using previously computed transform transforms/talairach.lta
renormalizing sequences with structure alignment, equivalent to:
	-renormalize
	-regularize_mean 0.500
	-regularize 0.500
using MR volume brainmask.mgz to mask input volume...

== Number of threads available to mri_ca_register for OpenMP = 1 == 
reading 1 input volumes...
logging results to talairach.log
reading input volume 'norm.mgz'...
reading GCA '/rds/bear-apps/2022a/EL8-ice/software/FreeSurfer/7.4.1-centos8_x86_64/average/RB_all_2020-01-02.gca'...
label assignment complete, 0 changed (0.00%)
freeing gibbs priors...done.
average std[0] = 5.0
Starting GCAMregister()
label assignment complete, 0 changed (0.00%)
npasses = 1, nlevels = 6
#pass# 1 of 1 ************************
enabling zero nodes
setting smoothness cost coefficient to 0.156

#GCAMreg# pass 0 level1 5 level2 0 tsec 0 sigma 2
l_jacobian=1.00 l_label=1.00 l_log_likelihood=0.20 l_smoothness=0.16 
tol=2.50e-01, dt=5.00e-02, exp_k=20.0, momentum=0.90, levels=6, niter=500, lbl_dist=10.00, avgs=256, sigma=2.0,type=2, relabel=0, neg=no

blurring input image with Gaussian with sigma=2.000...
GCAMRegisterLevel(): init RMS 0.831928






























#GCAMreg# pass 0 level1 5 level2 1 tsec 334.976 sigma 0.5
l_jacobian=1.00 l_label=1.00 l_log_likelihood=0.20 l_smoothness=0.16 
tol=2.50e-01, dt=5.00e-02, exp_k=20.0, momentum=0.90, levels=6, niter=500, lbl_dist=10.00, avgs=256, sigma=0.5,type=2, relabel=0, neg=no

blurring input image with Gaussian with sigma=0.500...
GCAMRegisterLevel(): init RMS 0.703505










setting smoothness cost coefficient to 0.615

#GCAMreg# pass 0 level1 4 level2 0 tsec 0 sigma 2
l_jacobian=1.00 l_label=1.00 l_log_likelihood=0.20 l_smoothness=0.62 
tol=2.50e-01, dt=5.00e-02, exp_k=20.0, momentum=0.90, levels=6, niter=500, lbl_dist=10.00, avgs=64, sigma=2.0,type=2, relabel=0, neg=no

blurring input image with Gaussian with sigma=2.000...
GCAMRegisterLevel(): init RMS 0.708797















#GCAMreg# pass 0 level1 4 level2 1 tsec 107.113 sigma 0.5
l_jacobian=1.00 l_label=1.00 l_log_likelihood=0.20 l_smoothness=0.62 
tol=2.50e-01, dt=5.00e-02, exp_k=20.0, momentum=0.90, levels=6, niter=500, lbl_dist=10.00, avgs=64, sigma=0.5,type=2, relabel=0, neg=no

blurring input image with Gaussian with sigma=0.500...
GCAMRegisterLevel(): init RMS 0.681368


setting smoothness cost coefficient to 2.353

#GCAMreg# pass 0 level1 3 level2 0 tsec 0 sigma 2
l_jacobian=1.00 l_label=1.00 l_log_likelihood=0.20 l_smoothness=2.35 
tol=2.50e-01, dt=5.00e-02, exp_k=20.0, momentum=0.90, levels=6, niter=500, lbl_dist=10.00, avgs=16, sigma=2.0,type=2, relabel=0, neg=no

blurring input image with Gaussian with sigma=2.000...
GCAMRegisterLevel(): init RMS 0.713613



#GCAMreg# pass 0 level1 3 level2 1 tsec 32.687 sigma 0.5
l_jacobian=1.00 l_label=1.00 l_log_likelihood=0.20 l_smoothness=2.35 
tol=2.50e-01, dt=5.00e-02, exp_k=20.0, momentum=0.90, levels=6, niter=500, lbl_dist=10.00, avgs=16, sigma=0.5,type=2, relabel=0, neg=no

blurring input image with Gaussian with sigma=0.500...
GCAMRegisterLevel(): init RMS 0.712146



setting smoothness cost coefficient to 8.000

#GCAMreg# pass 0 level1 2 level2 0 tsec 0 sigma 2
l_jacobian=1.00 l_label=1.00 l_log_likelihood=0.20 l_smoothness=8.00 
tol=2.50e-01, dt=5.00e-02, exp_k=20.0, momentum=0.90, levels=6, niter=500, lbl_dist=10.00, avgs=4, sigma=2.0,type=2, relabel=0, neg=no

blurring input image with Gaussian with sigma=2.000...
GCAMRegisterLevel(): init RMS 0.783801





#GCAMreg# pass 0 level1 2 level2 1 tsec 48.625 sigma 0.5
l_jacobian=1.00 l_label=1.00 l_log_likelihood=0.20 l_smoothness=8.00 
tol=2.50e-01, dt=5.00e-02, exp_k=20.0, momentum=0.90, levels=6, niter=500, lbl_dist=10.00, avgs=4, sigma=0.5,type=2, relabel=0, neg=no

blurring input image with Gaussian with sigma=0.500...
GCAMRegisterLevel(): init RMS 0.753339

setting smoothness cost coefficient to 20.000

#GCAMreg# pass 0 level1 1 level2 0 tsec 0 sigma 2
l_jacobian=1.00 l_label=1.00 l_log_likelihood=0.20 l_smoothness=20.00 
tol=2.50e-01, dt=5.00e-02, exp_k=20.0, momentum=0.90, levels=6, niter=500, lbl_dist=10.00, avgs=1, sigma=2.0,type=2, relabel=0, neg=no

blurring input image with Gaussian with sigma=2.000...
GCAMRegisterLevel(): init RMS 0.790907











#GCAMreg# pass 0 level1 1 level2 1 tsec 58.134 sigma 0.5
l_jacobian=1.00 l_label=1.00 l_log_likelihood=0.20 l_smoothness=20.00 
tol=2.50e-01, dt=5.00e-02, exp_k=20.0, momentum=0.90, levels=6, niter=500, lbl_dist=10.00, avgs=1, sigma=0.5,type=2, relabel=0, neg=no

blurring input image with Gaussian with sigma=0.500...
GCAMRegisterLevel(): init RMS 0.78575


resetting metric properties...
setting smoothness cost coefficient to 40.000

#GCAMreg# pass 0 level1 0 level2 0 tsec 0 sigma 2
l_jacobian=1.00 l_label=1.00 l_log_likelihood=0.20 l_smoothness=40.00 
tol=2.50e-01, dt=5.00e-02, exp_k=20.0, momentum=0.90, levels=6, niter=500, lbl_dist=10.00, avgs=0, sigma=2.0,type=2, relabel=0, neg=no

blurring input image with Gaussian with sigma=2.000...
GCAMRegisterLevel(): init RMS 0.748469



#GCAMreg# pass 0 level1 0 level2 1 tsec 30.013 sigma 0.5
l_jacobian=1.00 l_label=1.00 l_log_likelihood=0.20 l_smoothness=40.00 
tol=2.50e-01, dt=5.00e-02, exp_k=20.0, momentum=0.90, levels=6, niter=500, lbl_dist=10.00, avgs=0, sigma=0.5,type=2, relabel=0, neg=no

blurring input image with Gaussian with sigma=0.500...
GCAMRegisterLevel(): init RMS 0.745225

GCAMregister done in 14.9113 min
Starting GCAmapRenormalizeWithAlignment() without scales
renormalizing by structure alignment....
renormalizing input #0
gca peak = 0.10253 (16)
mri peak = 0.22802 (30)
Left_Lateral_Ventricle (4): linear fit = 1.59 x + 0.0 (1590 voxels, overlap=0.246)
Left_Lateral_Ventricle (4): linear fit = 1.50 x + 0.0 (1590 voxels, peak = 25), gca=24.0
gca peak = 0.17690 (16)
mri peak = 0.19117 (30)
Right_Lateral_Ventricle (43): linear fit = 1.83 x + 0.0 (1717 voxels, overlap=0.100)
Right_Lateral_Ventricle (43): linear fit = 1.50 x + 0.0 (1717 voxels, peak = 29), gca=24.0
gca peak = 0.28275 (96)
mri peak = 0.08576 (97)
Right_Pallidum (52): linear fit = 1.04 x + 0.0 (1271 voxels, overlap=0.932)
Right_Pallidum (52): linear fit = 1.04 x + 0.0 (1271 voxels, peak = 100), gca=100.3
gca peak = 0.18948 (93)
mri peak = 0.09378 (104)
Left_Pallidum (13): linear fit = 1.11 x + 0.0 (1106 voxels, overlap=0.841)
Left_Pallidum (13): linear fit = 1.11 x + 0.0 (1106 voxels, peak = 103), gca=102.8
gca peak = 0.20755 (55)
mri peak = 0.12292 (72)
Right_Hippocampus (53): linear fit = 1.25 x + 0.0 (956 voxels, overlap=0.016)
Right_Hippocampus (53): linear fit = 1.25 x + 0.0 (956 voxels, peak = 68), gca=68.5
gca peak = 0.31831 (58)
mri peak = 0.08709 (80)
Left_Hippocampus (17): linear fit = 1.36 x + 0.0 (926 voxels, overlap=0.020)
Left_Hippocampus (17): linear fit = 1.36 x + 0.0 (926 voxels, peak = 79), gca=78.6
gca peak = 0.11957 (102)
mri peak = 0.11649 (104)
Right_Cerebral_White_Matter (41): linear fit = 1.03 x + 0.0 (88665 voxels, overlap=0.644)
Right_Cerebral_White_Matter (41): linear fit = 1.03 x + 0.0 (88665 voxels, peak = 106), gca=105.6
gca peak = 0.11429 (102)
mri peak = 0.11217 (107)
Left_Cerebral_White_Matter (2): linear fit = 1.03 x + 0.0 (95087 voxels, overlap=0.597)
Left_Cerebral_White_Matter (2): linear fit = 1.03 x + 0.0 (95087 voxels, peak = 106), gca=105.6
gca peak = 0.14521 (59)
mri peak = 0.04235 (74)
Left_Cerebral_Cortex (3): linear fit = 1.28 x + 0.0 (35746 voxels, overlap=0.000)
Left_Cerebral_Cortex (3): linear fit = 1.28 x + 0.0 (35746 voxels, peak = 76), gca=75.8
gca peak = 0.14336 (58)
mri peak = 0.04801 (74)
Right_Cerebral_Cortex (42): linear fit = 1.28 x + 0.0 (36175 voxels, overlap=0.001)
Right_Cerebral_Cortex (42): linear fit = 1.28 x + 0.0 (36175 voxels, peak = 75), gca=74.5
gca peak = 0.13305 (70)
mri peak = 0.14982 (82)
Right_Caudate (50): linear fit = 1.18 x + 0.0 (980 voxels, overlap=0.012)
Right_Caudate (50): linear fit = 1.18 x + 0.0 (980 voxels, peak = 83), gca=82.9
gca peak = 0.15761 (71)
mri peak = 0.15191 (83)
Left_Caudate (11): linear fit = 1.15 x + 0.0 (1479 voxels, overlap=0.053)
Left_Caudate (11): linear fit = 1.15 x + 0.0 (1479 voxels, peak = 82), gca=82.0
gca peak = 0.13537 (57)
mri peak = 0.04113 (77)
Left_Cerebellum_Cortex (8): linear fit = 1.38 x + 0.0 (28344 voxels, overlap=0.001)
Left_Cerebellum_Cortex (8): linear fit = 1.38 x + 0.0 (28344 voxels, peak = 79), gca=78.9
gca peak = 0.13487 (56)
mri peak = 0.04516 (76)
Right_Cerebellum_Cortex (47): linear fit = 1.38 x + 0.0 (30537 voxels, overlap=0.001)
Right_Cerebellum_Cortex (47): linear fit = 1.38 x + 0.0 (30537 voxels, peak = 77), gca=77.0
gca peak = 0.19040 (84)
mri peak = 0.05871 (94)
Left_Cerebellum_White_Matter (7): linear fit = 1.11 x + 0.0 (12485 voxels, overlap=0.358)
Left_Cerebellum_White_Matter (7): linear fit = 1.11 x + 0.0 (12485 voxels, peak = 93), gca=92.8
gca peak = 0.18871 (83)
mri peak = 0.06931 (88)
Right_Cerebellum_White_Matter (46): linear fit = 1.08 x + 0.0 (10381 voxels, overlap=0.554)
Right_Cerebellum_White_Matter (46): linear fit = 1.08 x + 0.0 (10381 voxels, peak = 89), gca=89.2
gca peak = 0.24248 (57)
mri peak = 0.07692 (74)
Left_Amygdala (18): linear fit = 1.40 x + 0.0 (563 voxels, overlap=0.069)
Left_Amygdala (18): linear fit = 1.40 x + 0.0 (563 voxels, peak = 80), gca=80.1
gca peak = 0.35833 (56)
mri peak = 0.09893 (77)
Right_Amygdala (54): linear fit = 1.37 x + 0.0 (723 voxels, overlap=0.061)
Right_Amygdala (54): linear fit = 1.37 x + 0.0 (723 voxels, peak = 76), gca=76.4
gca peak = 0.12897 (85)
mri peak = 0.07020 (99)
Left_Thalamus (10): linear fit = 1.11 x + 0.0 (7205 voxels, overlap=0.559)
Left_Thalamus (10): linear fit = 1.11 x + 0.0 (7205 voxels, peak = 94), gca=93.9
gca peak = 0.13127 (83)
mri peak = 0.07539 (92)
Right_Thalamus (49): linear fit = 1.09 x + 0.0 (6183 voxels, overlap=0.641)
Right_Thalamus (49): linear fit = 1.09 x + 0.0 (6183 voxels, peak = 90), gca=90.1
gca peak = 0.12974 (78)
mri peak = 0.10954 (95)
Left_Putamen (12): linear fit = 1.18 x + 0.0 (3309 voxels, overlap=0.008)
Left_Putamen (12): linear fit = 1.18 x + 0.0 (3309 voxels, peak = 92), gca=92.4
gca peak = 0.17796 (79)
mri peak = 0.08671 (89)
Right_Putamen (51): linear fit = 1.14 x + 0.0 (3357 voxels, overlap=0.380)
Right_Putamen (51): linear fit = 1.14 x + 0.0 (3357 voxels, peak = 90), gca=90.5
gca peak = 0.10999 (80)
mri peak = 0.09953 (85)
Brain_Stem (16): linear fit = 1.10 x + 0.0 (14091 voxels, overlap=0.416)
Brain_Stem (16): linear fit = 1.10 x + 0.0 (14091 voxels, peak = 88), gca=87.6
gca peak = 0.13215 (88)
mri peak = 0.08359 (92)
Right_VentralDC (60): linear fit = 1.09 x + 0.0 (1313 voxels, overlap=0.623)
Right_VentralDC (60): linear fit = 1.09 x + 0.0 (1313 voxels, peak = 95), gca=95.5
gca peak = 0.11941 (89)
mri peak = 0.07351 (92)
Left_VentralDC (28): linear fit = 1.09 x + 0.0 (1572 voxels, overlap=0.604)
Left_VentralDC (28): linear fit = 1.09 x + 0.0 (1572 voxels, peak = 97), gca=96.6
gca peak = 0.20775 (25)
mri peak = 0.11165 (30)
gca peak = 0.13297 (21)
mri peak = 0.13585 (30)
Fourth_Ventricle (15): linear fit = 1.60 x + 0.0 (593 voxels, overlap=0.156)
Fourth_Ventricle (15): linear fit = 1.60 x + 0.0 (593 voxels, peak = 33), gca=33.5
gca peak Unknown = 0.94777 ( 0)
gca peak Left_Inf_Lat_Vent = 0.19087 (28)
gca peak Third_Ventricle = 0.20775 (25)
gca peak Fourth_Ventricle = 0.13297 (21)
gca peak CSF = 0.16821 (33)
gca peak Left_Accumbens_area = 0.32850 (63)
gca peak Left_undetermined = 0.98480 (28)
gca peak Left_vessel = 0.40887 (53)
gca peak Left_choroid_plexus = 0.10898 (46)
gca peak Right_Inf_Lat_Vent = 0.17798 (26)
gca peak Right_Accumbens_area = 0.30137 (64)
gca peak Right_vessel = 0.47828 (52)
gca peak Right_choroid_plexus = 0.11612 (45)
gca peak Fifth_Ventricle = 0.59466 (35)
gca peak WM_hypointensities = 0.10053 (78)
gca peak non_WM_hypointensities = 0.07253 (60)
gca peak Optic_Chiasm = 0.25330 (73)
not using caudate to estimate GM means
estimating mean gm scale to be 1.32 x + 0.0
estimating mean wm scale to be 1.03 x + 0.0
estimating mean csf scale to be 1.50 x + 0.0
Left_Pallidum too bright - rescaling by 0.996 (from 1.105) to 102.4 (was 102.8)
saving intensity scales to talairach.label_intensities.txt
GCAmapRenormalizeWithAlignment() took 2.34407 min
noneg pre
Starting GCAMregister()
label assignment complete, 0 changed (0.00%)
npasses = 1, nlevels = 6
#pass# 1 of 1 ************************
enabling zero nodes
setting smoothness cost coefficient to 0.008

#GCAMreg# pass 0 level1 5 level2 0 tsec 0 sigma 2
l_jacobian=1.00 l_label=1.00 l_log_likelihood=0.20 l_smoothness=0.01 
tol=5.00e-02, dt=5.00e-02, exp_k=20.0, momentum=0.90, levels=6, niter=500, lbl_dist=10.00, avgs=256, sigma=2.0,type=2, relabel=0, neg=no

blurring input image with Gaussian with sigma=2.000...
GCAMRegisterLevel(): init RMS 0.744518


























#GCAMreg# pass 0 level1 5 level2 1 tsec 446.614 sigma 0.5
l_jacobian=1.00 l_label=1.00 l_log_likelihood=0.20 l_smoothness=0.01 
tol=5.00e-02, dt=5.00e-02, exp_k=20.0, momentum=0.90, levels=6, niter=500, lbl_dist=10.00, avgs=256, sigma=0.5,type=2, relabel=0, neg=no

blurring input image with Gaussian with sigma=0.500...
GCAMRegisterLevel(): init RMS 0.648984





























































































setting smoothness cost coefficient to 0.031

#GCAMreg# pass 0 level1 4 level2 0 tsec 0 sigma 2
l_jacobian=1.00 l_label=1.00 l_log_likelihood=0.20 l_smoothness=0.03 
tol=5.00e-02, dt=5.00e-02, exp_k=20.0, momentum=0.90, levels=6, niter=500, lbl_dist=10.00, avgs=64, sigma=2.0,type=2, relabel=0, neg=no

blurring input image with Gaussian with sigma=2.000...
GCAMRegisterLevel(): init RMS 0.617443


























































































#GCAMreg# pass 0 level1 4 level2 1 tsec 691.649 sigma 0.5
l_jacobian=1.00 l_label=1.00 l_log_likelihood=0.20 l_smoothness=0.03 
tol=5.00e-02, dt=5.00e-02, exp_k=20.0, momentum=0.90, levels=6, niter=500, lbl_dist=10.00, avgs=64, sigma=0.5,type=2, relabel=0, neg=no

blurring input image with Gaussian with sigma=0.500...
GCAMRegisterLevel(): init RMS 0.552858






























































setting smoothness cost coefficient to 0.118

#GCAMreg# pass 0 level1 3 level2 0 tsec 0 sigma 2
l_jacobian=1.00 l_label=1.00 l_log_likelihood=0.20 l_smoothness=0.12 
tol=5.00e-02, dt=5.00e-02, exp_k=20.0, momentum=0.90, levels=6, niter=500, lbl_dist=10.00, avgs=16, sigma=2.0,type=2, relabel=0, neg=no

blurring input image with Gaussian with sigma=2.000...
GCAMRegisterLevel(): init RMS 0.547234




#GCAMreg# pass 0 level1 3 level2 1 tsec 37.558 sigma 0.5
l_jacobian=1.00 l_label=1.00 l_log_likelihood=0.20 l_smoothness=0.12 
tol=5.00e-02, dt=5.00e-02, exp_k=20.0, momentum=0.90, levels=6, niter=500, lbl_dist=10.00, avgs=16, sigma=0.5,type=2, relabel=0, neg=no

blurring input image with Gaussian with sigma=0.500...
GCAMRegisterLevel(): init RMS 0.54675
























setting smoothness cost coefficient to 0.400

#GCAMreg# pass 0 level1 2 level2 0 tsec 0 sigma 2
l_jacobian=1.00 l_label=1.00 l_log_likelihood=0.20 l_smoothness=0.40 
tol=5.00e-02, dt=5.00e-02, exp_k=20.0, momentum=0.90, levels=6, niter=500, lbl_dist=10.00, avgs=4, sigma=2.0,type=2, relabel=0, neg=no

blurring input image with Gaussian with sigma=2.000...
GCAMRegisterLevel(): init RMS 0.54738


#GCAMreg# pass 0 level1 2 level2 1 tsec 29.029 sigma 0.5
l_jacobian=1.00 l_label=1.00 l_log_likelihood=0.20 l_smoothness=0.40 
tol=5.00e-02, dt=5.00e-02, exp_k=20.0, momentum=0.90, levels=6, niter=500, lbl_dist=10.00, avgs=4, sigma=0.5,type=2, relabel=0, neg=no

blurring input image with Gaussian with sigma=0.500...
GCAMRegisterLevel(): init RMS 0.54738

setting smoothness cost coefficient to 1.000

#GCAMreg# pass 0 level1 1 level2 0 tsec 0 sigma 2
l_jacobian=1.00 l_label=1.00 l_log_likelihood=0.20 l_smoothness=1.00 
tol=5.00e-02, dt=5.00e-02, exp_k=20.0, momentum=0.90, levels=6, niter=500, lbl_dist=10.00, avgs=1, sigma=2.0,type=2, relabel=0, neg=no

blurring input image with Gaussian with sigma=2.000...
GCAMRegisterLevel(): init RMS 0.592177




#GCAMreg# pass 0 level1 1 level2 1 tsec 35.067 sigma 0.5
l_jacobian=1.00 l_label=1.00 l_log_likelihood=0.20 l_smoothness=1.00 
tol=5.00e-02, dt=5.00e-02, exp_k=20.0, momentum=0.90, levels=6, niter=500, lbl_dist=10.00, avgs=1, sigma=0.5,type=2, relabel=0, neg=no

blurring input image with Gaussian with sigma=0.500...
GCAMRegisterLevel(): init RMS 0.58555



resetting metric properties...
setting smoothness cost coefficient to 2.000

#GCAMreg# pass 0 level1 0 level2 0 tsec 0 sigma 2
l_jacobian=1.00 l_label=1.00 l_log_likelihood=0.20 l_smoothness=2.00 
tol=5.00e-02, dt=5.00e-02, exp_k=20.0, momentum=0.90, levels=6, niter=500, lbl_dist=10.00, avgs=0, sigma=2.0,type=2, relabel=0, neg=no

blurring input image with Gaussian with sigma=2.000...
GCAMRegisterLevel(): init RMS 0.537316
























#GCAMreg# pass 0 level1 0 level2 1 tsec 180.244 sigma 0.5
l_jacobian=1.00 l_label=1.00 l_log_likelihood=0.20 l_smoothness=2.00 
tol=5.00e-02, dt=5.00e-02, exp_k=20.0, momentum=0.90, levels=6, niter=500, lbl_dist=10.00, avgs=0, sigma=0.5,type=2, relabel=0, neg=no

blurring input image with Gaussian with sigma=0.500...
GCAMRegisterLevel(): init RMS 0.509421





GCAMregister done in 49.9796 min
********************* ALLOWING NEGATIVE NODES IN DEFORMATION********************************
noneg post
Starting GCAMregister()
label assignment complete, 0 changed (0.00%)
npasses = 1, nlevels = 6
#pass# 1 of 1 ************************
enabling zero nodes
setting smoothness cost coefficient to 0.008

#GCAMreg# pass 0 level1 5 level2 0 tsec 0 sigma 2
l_jacobian=1.00 l_label=1.00 l_log_likelihood=0.20 l_smoothness=0.01 
tol=2.50e-01, dt=5.00e-02, exp_k=20.0, momentum=0.90, levels=6, niter=500, lbl_dist=10.00, avgs=256, sigma=2.0,type=2, relabel=0, neg=yes

blurring input image with Gaussian with sigma=2.000...
GCAMRegisterLevel(): init RMS 0.501216




#GCAMreg# pass 0 level1 5 level2 1 tsec 54.043 sigma 0.5
l_jacobian=1.00 l_label=1.00 l_log_likelihood=0.20 l_smoothness=0.01 
tol=2.50e-01, dt=5.00e-02, exp_k=20.0, momentum=0.90, levels=6, niter=500, lbl_dist=10.00, avgs=256, sigma=0.5,type=2, relabel=0, neg=yes

blurring input image with Gaussian with sigma=0.500...
GCAMRegisterLevel(): init RMS 0.501215


setting smoothness cost coefficient to 0.031

#GCAMreg# pass 0 level1 4 level2 0 tsec 0 sigma 2
l_jacobian=1.00 l_label=1.00 l_log_likelihood=0.20 l_smoothness=0.03 
tol=2.50e-01, dt=5.00e-02, exp_k=20.0, momentum=0.90, levels=6, niter=500, lbl_dist=10.00, avgs=64, sigma=2.0,type=2, relabel=0, neg=yes

blurring input image with Gaussian with sigma=2.000...
GCAMRegisterLevel(): init RMS 0.5005


iter 0, gcam->neg = 1
after 0 iterations, nbhd size=0, neg = 0

iter 0, gcam->neg = 1
after 0 iterations, nbhd size=0, neg = 0





#GCAMreg# pass 0 level1 4 level2 1 tsec 98.507 sigma 0.5
l_jacobian=1.00 l_label=1.00 l_log_likelihood=0.20 l_smoothness=0.03 
tol=2.50e-01, dt=5.00e-02, exp_k=20.0, momentum=0.90, levels=6, niter=500, lbl_dist=10.00, avgs=64, sigma=0.5,type=2, relabel=0, neg=yes

blurring input image with Gaussian with sigma=0.500...
GCAMRegisterLevel(): init RMS 0.496817










iter 0, gcam->neg = 1
after 0 iterations, nbhd size=0, neg = 0
setting smoothness cost coefficient to 0.118

#GCAMreg# pass 0 level1 3 level2 0 tsec 0 sigma 2
l_jacobian=1.00 l_label=1.00 l_log_likelihood=0.20 l_smoothness=0.12 
tol=2.50e-01, dt=5.00e-02, exp_k=20.0, momentum=0.90, levels=6, niter=500, lbl_dist=10.00, avgs=16, sigma=2.0,type=2, relabel=0, neg=yes

blurring input image with Gaussian with sigma=2.000...
GCAMRegisterLevel(): init RMS 0.490047
iter 0, gcam->neg = 8
after 8 iterations, nbhd size=1, neg = 0

iter 0, gcam->neg = 3
after 2 iterations, nbhd size=0, neg = 0






iter 0, gcam->neg = 2
after 7 iterations, nbhd size=1, neg = 0

iter 0, gcam->neg = 3
after 6 iterations, nbhd size=1, neg = 0

iter 0, gcam->neg = 1
after 6 iterations, nbhd size=1, neg = 0

iter 0, gcam->neg = 3
after 8 iterations, nbhd size=1, neg = 0

iter 0, gcam->neg = 4
after 2 iterations, nbhd size=0, neg = 0

iter 0, gcam->neg = 2
after 1 iterations, nbhd size=0, neg = 0

iter 0, gcam->neg = 3
after 9 iterations, nbhd size=1, neg = 0

iter 0, gcam->neg = 2
after 6 iterations, nbhd size=1, neg = 0




iter 0, gcam->neg = 1
after 0 iterations, nbhd size=0, neg = 0


#GCAMreg# pass 0 level1 3 level2 1 tsec 164.166 sigma 0.5
l_jacobian=1.00 l_label=1.00 l_log_likelihood=0.20 l_smoothness=0.12 
tol=2.50e-01, dt=5.00e-02, exp_k=20.0, momentum=0.90, levels=6, niter=500, lbl_dist=10.00, avgs=16, sigma=0.5,type=2, relabel=0, neg=yes

blurring input image with Gaussian with sigma=0.500...
GCAMRegisterLevel(): init RMS 0.469434






iter 0, gcam->neg = 1
after 1 iterations, nbhd size=0, neg = 0



setting smoothness cost coefficient to 0.400

#GCAMreg# pass 0 level1 2 level2 0 tsec 0 sigma 2
l_jacobian=1.00 l_label=1.00 l_log_likelihood=0.20 l_smoothness=0.40 
tol=2.50e-01, dt=5.00e-02, exp_k=20.0, momentum=0.90, levels=6, niter=500, lbl_dist=10.00, avgs=4, sigma=2.0,type=2, relabel=0, neg=yes

blurring input image with Gaussian with sigma=2.000...
GCAMRegisterLevel(): init RMS 0.469253



#GCAMreg# pass 0 level1 2 level2 1 tsec 35.94 sigma 0.5
l_jacobian=1.00 l_label=1.00 l_log_likelihood=0.20 l_smoothness=0.40 
tol=2.50e-01, dt=5.00e-02, exp_k=20.0, momentum=0.90, levels=6, niter=500, lbl_dist=10.00, avgs=4, sigma=0.5,type=2, relabel=0, neg=yes

blurring input image with Gaussian with sigma=0.500...
GCAMRegisterLevel(): init RMS 0.469243



setting smoothness cost coefficient to 1.000

#GCAMreg# pass 0 level1 1 level2 0 tsec 0 sigma 2
l_jacobian=1.00 l_label=1.00 l_log_likelihood=0.20 l_smoothness=1.00 
tol=2.50e-01, dt=5.00e-02, exp_k=20.0, momentum=0.90, levels=6, niter=500, lbl_dist=10.00, avgs=1, sigma=2.0,type=2, relabel=0, neg=yes

blurring input image with Gaussian with sigma=2.000...
GCAMRegisterLevel(): init RMS 0.481984



#GCAMreg# pass 0 level1 1 level2 1 tsec 36.197 sigma 0.5
l_jacobian=1.00 l_label=1.00 l_log_likelihood=0.20 l_smoothness=1.00 
tol=2.50e-01, dt=5.00e-02, exp_k=20.0, momentum=0.90, levels=6, niter=500, lbl_dist=10.00, avgs=1, sigma=0.5,type=2, relabel=0, neg=yes

blurring input image with Gaussian with sigma=0.500...
GCAMRegisterLevel(): init RMS 0.481531



resetting metric properties...
setting smoothness cost coefficient to 2.000

#GCAMreg# pass 0 level1 0 level2 0 tsec 0 sigma 2
l_jacobian=1.00 l_label=1.00 l_log_likelihood=0.20 l_smoothness=2.00 
tol=2.50e-01, dt=5.00e-02, exp_k=20.0, momentum=0.90, levels=6, niter=500, lbl_dist=10.00, avgs=0, sigma=2.0,type=2, relabel=0, neg=yes

blurring input image with Gaussian with sigma=2.000...
GCAMRegisterLevel(): init RMS 0.468524
iter 0, gcam->neg = 199
after 13 iterations, nbhd size=1, neg = 0



#GCAMreg# pass 0 level1 0 level2 1 tsec 39.149 sigma 0.5
l_jacobian=1.00 l_label=1.00 l_log_likelihood=0.20 l_smoothness=2.00 
tol=2.50e-01, dt=5.00e-02, exp_k=20.0, momentum=0.90, levels=6, niter=500, lbl_dist=10.00, avgs=0, sigma=0.5,type=2, relabel=0, neg=yes

blurring input image with Gaussian with sigma=0.500...
GCAMRegisterLevel(): init RMS 0.44157


label assignment complete, 0 changed (0.00%)
GCAMregister done in 12.8345 min
Starting GCAMcomputeMaxPriorLabels()
Morphing with label term set to 0 *******************************
Starting GCAMregister()
label assignment complete, 0 changed (0.00%)
npasses = 1, nlevels = 6
#pass# 1 of 1 ************************
enabling zero nodes
setting smoothness cost coefficient to 0.008

#GCAMreg# pass 0 level1 5 level2 0 tsec 0 sigma 2
l_jacobian=1.00 l_log_likelihood=0.20 l_smoothness=0.01 
tol=2.50e-01, dt=5.00e-02, exp_k=20.0, momentum=0.90, levels=6, niter=500, lbl_dist=10.00, avgs=256, sigma=2.0,type=2, relabel=0, neg=yes

blurring input image with Gaussian with sigma=2.000...
GCAMRegisterLevel(): init RMS 0.427668

#GCAMreg# pass 0 level1 5 level2 1 tsec 20.197 sigma 0.5
l_jacobian=1.00 l_log_likelihood=0.20 l_smoothness=0.01 
tol=2.50e-01, dt=5.00e-02, exp_k=20.0, momentum=0.90, levels=6, niter=500, lbl_dist=10.00, avgs=256, sigma=0.5,type=2, relabel=0, neg=yes

blurring input image with Gaussian with sigma=0.500...
GCAMRegisterLevel(): init RMS 0.427668



setting smoothness cost coefficient to 0.031

#GCAMreg# pass 0 level1 4 level2 0 tsec 0 sigma 2
l_jacobian=1.00 l_log_likelihood=0.20 l_smoothness=0.03 
tol=2.50e-01, dt=5.00e-02, exp_k=20.0, momentum=0.90, levels=6, niter=500, lbl_dist=10.00, avgs=64, sigma=2.0,type=2, relabel=0, neg=yes

blurring input image with Gaussian with sigma=2.000...
GCAMRegisterLevel(): init RMS 0.427823

#GCAMreg# pass 0 level1 4 level2 1 tsec 18.28 sigma 0.5
l_jacobian=1.00 l_log_likelihood=0.20 l_smoothness=0.03 
tol=2.50e-01, dt=5.00e-02, exp_k=20.0, momentum=0.90, levels=6, niter=500, lbl_dist=10.00, avgs=64, sigma=0.5,type=2, relabel=0, neg=yes

blurring input image with Gaussian with sigma=0.500...
GCAMRegisterLevel(): init RMS 0.427823


setting smoothness cost coefficient to 0.118

#GCAMreg# pass 0 level1 3 level2 0 tsec 0 sigma 2
l_jacobian=1.00 l_log_likelihood=0.20 l_smoothness=0.12 
tol=2.50e-01, dt=5.00e-02, exp_k=20.0, momentum=0.90, levels=6, niter=500, lbl_dist=10.00, avgs=16, sigma=2.0,type=2, relabel=0, neg=yes

blurring input image with Gaussian with sigma=2.000...
GCAMRegisterLevel(): init RMS 0.427704




#GCAMreg# pass 0 level1 3 level2 1 tsec 37.33 sigma 0.5
l_jacobian=1.00 l_log_likelihood=0.20 l_smoothness=0.12 
tol=2.50e-01, dt=5.00e-02, exp_k=20.0, momentum=0.90, levels=6, niter=500, lbl_dist=10.00, avgs=16, sigma=0.5,type=2, relabel=0, neg=yes

