GCCcore/11.3.0
zlib/1.2.12-GCCcore-11.3.0
binutils/2.38-GCCcore-11.3.0
GCC/11.3.0
numactl/2.0.14-GCCcore-11.3.0
XZ/5.2.5-GCCcore-11.3.0
libxml2/2.9.13-GCCcore-11.3.0
libpciaccess/0.16-GCCcore-11.3.0
hwloc/2.7.1-GCCcore-11.3.0
OpenSSL/1.1
libevent/2.1.12-GCCcore-11.3.0
UCX/1.12.1-GCCcore-11.3.0
libfabric/1.15.1-GCCcore-11.3.0
PMIx/4.1.2-GCCcore-11.3.0
UCC/1.0.0-GCCcore-11.3.0
OpenMPI/4.1.4-GCC-11.3.0
OpenBLAS/0.3.20-GCC-11.3.0
FlexiBLAS/3.2.0-GCC-11.3.0
FFTW/3.3.10-GCC-11.3.0
gompi/2022a
FFTW.MPI/3.3.10-gompi-2022a
ScaLAPACK/2.2.0-gompi-2022a-fb
foss/2022a
bzip2/1.0.8-GCCcore-11.3.0
ncurses/6.3-GCCcore-11.3.0
libreadline/8.1.2-GCCcore-11.3.0
ncurses/6.3-GCCcore-11.3.0
Tcl/8.6.12-GCCcore-11.3.0
SQLite/3.38.3-GCCcore-11.3.0
GMP/6.2.1-GCCcore-11.3.0
libffi/3.4.2-GCCcore-11.3.0
Python/3.10.4-GCCcore-11.3.0
pybind11/2.9.2-GCCcore-11.3.0
SciPy-bundle/2022.05-foss-2022a
libxml2/2.9.13-GCCcore-11.3.0
libxslt/1.1.34-GCCcore-11.3.0
libpng/1.6.37-GCCcore-11.3.0
Brotli/1.0.9-GCCcore-11.3.0
freetype/2.12.1-GCCcore-11.3.0
expat/2.4.8-GCCcore-11.3.0
util-linux/2.38-GCCcore-11.3.0
fontconfig/2.14.0-GCCcore-11.3.0
xorg-macros/1.19.3-GCCcore-11.3.0
X11/20220504-GCCcore-11.3.0
Tk/8.6.12-GCCcore-11.3.0
Tkinter/3.10.4-GCCcore-11.3.0
NASM/2.15.05-GCCcore-11.3.0
libjpeg-turbo/2.1.3-GCCcore-11.3.0
jbigkit/2.1-GCCcore-11.3.0
gzip/1.12-GCCcore-11.3.0
lz4/1.9.3-GCCcore-11.3.0
zstd/1.5.2-GCCcore-11.3.0
libdeflate/1.10-GCCcore-11.3.0
LibTIFF/4.3.0-GCCcore-11.3.0
Pillow/9.1.1-GCCcore-11.3.0
Qhull/2020.2-GCCcore-11.3.0
matplotlib/3.5.2-foss-2022a
tqdm/4.64.0-GCCcore-11.3.0
scikit-learn/1.1.2-foss-2022a
LLVM/12.0.1-GCCcore-11.3.0
numba/0.56.4-foss-2022a
pydicom/2.3.0-GCCcore-11.3.0
NiBabel/4.0.2-foss-2022a
Szip/2.1.1-GCCcore-11.3.0
HDF5/1.12.2-gompi-2022a
h5py/3.7.0-foss-2022a
imageio/2.22.2-foss-2022a
libdrm/2.4.110-GCCcore-11.3.0
libglvnd/1.4.0-GCCcore-11.3.0
libunwind/1.6.2-GCCcore-11.3.0
Mesa/22.0.3-GCCcore-11.3.0
libGLU/9.0.2-GCCcore-11.3.0
VTK/9.2.2-foss-2022a
MNE-Python/1.3.1-foss-2022a
MCR/R2019b.8
FreeSurfer/7.4.1-centos8_x86_64
fs-check-version --s sub-CC120049_T1w --o /tmp/tmp.yLtH6k
Thu Sep 19 16:35:20 BST 2024

setenv SUBJECTS_DIR /rds/projects/q/quinna-camcan/cc700/mri/pipeline/release004/BIDS_20190411/anat
cd /rds/projects/q/quinna-camcan/ghafarit-scripts/github/camcan-laterality/mne_python/source
/rds/bear-apps/2022a/EL8-ice/software/FreeSurfer/7.4.1-centos8_x86_64/bin/fs-check-version --s sub-CC120049_T1w --o /tmp/tmp.yLtH6k
-rwxrwxr-x 1 branfosj-admin build 18565 Jun 14  2023 /rds/bear-apps/2022a/EL8-ice/software/FreeSurfer/7.4.1-centos8_x86_64/bin/fs-check-version

freesurfer-linux-centos8_x86_64-7.4.1-20230613-7eb8460
$Id$
Linux bear-pg0202u12a.bear.cluster 4.18.0-372.32.1.el8_6.x86_64 #1 SMP Fri Oct 7 12:35:10 EDT 2022 x86_64 x86_64 x86_64 GNU/Linux
pid 2932287
Current FS Version freesurfer-linux-centos8_x86_64-7.4.1-20230613-7eb8460
Subject does not have a bstampfile, copying /rds/bear-apps/2022a/EL8-ice/software/FreeSurfer/7.4.1-centos8_x86_64/build-stamp.txt
Subject FS Version: freesurfer-linux-centos8_x86_64-7.4.1-20230613-7eb8460
No constraints on version because REQ=UnSet and FsVerFile=NotThere
#@#% fs-check-version match = 1
fs-check-version Done
INFO: SUBJECTS_DIR is /rds/projects/q/quinna-camcan/cc700/mri/pipeline/release004/BIDS_20190411/anat
Actual FREESURFER_HOME /rds/bear-apps/2022a/EL8-ice/software/FreeSurfer/7.4.1-centos8_x86_64
Linux bear-pg0202u12a.bear.cluster 4.18.0-372.32.1.el8_6.x86_64 #1 SMP Fri Oct 7 12:35:10 EDT 2022 x86_64 x86_64 x86_64 GNU/Linux
/rds/projects/q/quinna-camcan/cc700/mri/pipeline/release004/BIDS_20190411/anat/sub-CC120049_T1w

 mri_convert /rds/projects/q/quinna-camcan/cc700/mri/pipeline/release004/BIDS_20190411/anat/sub-CC120049/anat/sub-CC120049_T1w.nii.gz /rds/projects/q/quinna-camcan/cc700/mri/pipeline/release004/BIDS_20190411/anat/sub-CC120049_T1w/mri/orig/001.mgz 

mri_convert /rds/projects/q/quinna-camcan/cc700/mri/pipeline/release004/BIDS_20190411/anat/sub-CC120049/anat/sub-CC120049_T1w.nii.gz /rds/projects/q/quinna-camcan/cc700/mri/pipeline/release004/BIDS_20190411/anat/sub-CC120049_T1w/mri/orig/001.mgz 
reading from /rds/projects/q/quinna-camcan/cc700/mri/pipeline/release004/BIDS_20190411/anat/sub-CC120049/anat/sub-CC120049_T1w.nii.gz...
TR=0.00, TE=0.00, TI=0.00, flip angle=0.00
i_ras = (-0.003515, -0.999994, 0)
j_ras = (0.013944, -4.8995e-05, 0.999903)
k_ras = (0.999897, -0.00351501, -0.013944)
writing to /rds/projects/q/quinna-camcan/cc700/mri/pipeline/release004/BIDS_20190411/anat/sub-CC120049_T1w/mri/orig/001.mgz...
@#@FSTIME  2024:09:19:16:35:24 mri_convert N 2 e 5.81 S 0.04 U 5.65 P 97% M 54452 F 0 R 1376 W 0 c 18 w 77 I 0 O 0 L 108.27 106.58 106.23
@#@FSLOADPOST 2024:09:19:16:35:30 mri_convert N 2 108.25 106.61 106.24
#--------------------------------------------
#@# MotionCor Thu Sep 19 16:35:31 BST 2024
Found 1 runs
/rds/projects/q/quinna-camcan/cc700/mri/pipeline/release004/BIDS_20190411/anat/sub-CC120049_T1w/mri/orig/001.mgz
Checking for (invalid) multi-frame inputs...
Only one run found so motion
correction will not be performed. I'll
copy the run to rawavg and continue.

 cp /rds/projects/q/quinna-camcan/cc700/mri/pipeline/release004/BIDS_20190411/anat/sub-CC120049_T1w/mri/orig/001.mgz /rds/projects/q/quinna-camcan/cc700/mri/pipeline/release004/BIDS_20190411/anat/sub-CC120049_T1w/mri/rawavg.mgz 


 mri_info /rds/projects/q/quinna-camcan/cc700/mri/pipeline/release004/BIDS_20190411/anat/sub-CC120049_T1w/mri/rawavg.mgz 

rawavg.mgz ========================================
Volume information for /rds/projects/q/quinna-camcan/cc700/mri/pipeline/release004/BIDS_20190411/anat/sub-CC120049_T1w/mri/rawavg.mgz
          type: MGH
    dimensions: 256 x 256 x 192
   voxel sizes: 1.000000, 1.000000, 1.000000
          type: FLOAT (3)
           fov: 256.000
           dof: 1
        xstart: -128.0, xend: 128.0
        ystart: -128.0, yend: 128.0
        zstart: -96.0, zend: 96.0
            TR: 0.00 msec, TE: 0.00 msec, TI: 0.00 msec, flip angle: 0.00 degrees
       nframes: 1
       PhEncDir: UNKNOWN
       FieldStrength: 0.000000
ras xform present
    xform info: x_r =  -0.0035, y_r =   0.0139, z_r =   0.9999, c_r =     1.7977
              : x_a =  -1.0000, y_a =  -0.0000, z_a =  -0.0035, c_a =    31.2570
              : x_s =   0.0000, y_s =   0.9999, z_s =  -0.0139, c_s =   -34.0857

talairach xfm : 
Orientation   : PSR
Primary Slice Direction: sagittal

voxel to ras transform:
               -0.0035   0.0139   0.9999   -95.5273
               -1.0000  -0.0000  -0.0035   159.6000
                0.0000   0.9999  -0.0139  -160.7346
                0.0000   0.0000   0.0000     1.0000

voxel-to-ras determinant -1

ras to voxel transform:
               -0.0035  -1.0000   0.0000   159.2631
                0.0139  -0.0000   0.9999   162.0588
                0.9999  -0.0035  -0.0139    93.8370
               -0.0000  -0.0000  -0.0000     1.0000
/rds/projects/q/quinna-camcan/cc700/mri/pipeline/release004/BIDS_20190411/anat/sub-CC120049_T1w

 mri_convert /rds/projects/q/quinna-camcan/cc700/mri/pipeline/release004/BIDS_20190411/anat/sub-CC120049_T1w/mri/rawavg.mgz /rds/projects/q/quinna-camcan/cc700/mri/pipeline/release004/BIDS_20190411/anat/sub-CC120049_T1w/mri/orig.mgz --conform 

mri_convert /rds/projects/q/quinna-camcan/cc700/mri/pipeline/release004/BIDS_20190411/anat/sub-CC120049_T1w/mri/rawavg.mgz /rds/projects/q/quinna-camcan/cc700/mri/pipeline/release004/BIDS_20190411/anat/sub-CC120049_T1w/mri/orig.mgz --conform 
reading from /rds/projects/q/quinna-camcan/cc700/mri/pipeline/release004/BIDS_20190411/anat/sub-CC120049_T1w/mri/rawavg.mgz...
TR=0.00, TE=0.00, TI=0.00, flip angle=0.00
i_ras = (-0.003515, -0.999994, 0)
j_ras = (0.013944, -4.8995e-05, 0.999903)
k_ras = (0.999897, -0.00351501, -0.013944)
changing data type from float to uchar (noscale = 0)...
MRIchangeType: Building histogram 0 758 1000, flo=0, fhi=0.999, dest_type=0
Reslicing using trilinear interpolation 
writing to /rds/projects/q/quinna-camcan/cc700/mri/pipeline/release004/BIDS_20190411/anat/sub-CC120049_T1w/mri/orig.mgz...
@#@FSTIME  2024:09:19:16:35:35 mri_convert N 3 e 4.49 S 0.05 U 4.30 P 96% M 66896 F 0 R 6623 W 0 c 19 w 11 I 0 O 0 L 107.67 106.52 106.21
@#@FSLOADPOST 2024:09:19:16:35:39 mri_convert N 3 107.54 106.51 106.21

 mri_add_xform_to_header -c /rds/projects/q/quinna-camcan/cc700/mri/pipeline/release004/BIDS_20190411/anat/sub-CC120049_T1w/mri/transforms/talairach.xfm /rds/projects/q/quinna-camcan/cc700/mri/pipeline/release004/BIDS_20190411/anat/sub-CC120049_T1w/mri/orig.mgz /rds/projects/q/quinna-camcan/cc700/mri/pipeline/release004/BIDS_20190411/anat/sub-CC120049_T1w/mri/orig.mgz 

INFO: extension is mgz
@#@FSTIME  2024:09:19:16:35:39 mri_add_xform_to_header N 4 e 1.44 S 0.02 U 1.40 P 99% M 21552 F 0 R 1303 W 0 c 9 w 13 I 0 O 0 L 107.54 106.51 106.21
@#@FSLOADPOST 2024:09:19:16:35:41 mri_add_xform_to_header N 4 107.54 106.51 106.21

 mri_info /rds/projects/q/quinna-camcan/cc700/mri/pipeline/release004/BIDS_20190411/anat/sub-CC120049_T1w/mri/orig.mgz 

orig.mgz ========================================
Volume information for /rds/projects/q/quinna-camcan/cc700/mri/pipeline/release004/BIDS_20190411/anat/sub-CC120049_T1w/mri/orig.mgz
          type: MGH
    dimensions: 256 x 256 x 256
   voxel sizes: 1.000000, 1.000000, 1.000000
          type: UCHAR (0)
           fov: 256.000
           dof: 1
        xstart: -128.0, xend: 128.0
        ystart: -128.0, yend: 128.0
        zstart: -128.0, zend: 128.0
            TR: 0.00 msec, TE: 0.00 msec, TI: 0.00 msec, flip angle: 0.00 degrees
       nframes: 1
       PhEncDir: UNKNOWN
       FieldStrength: 0.000000
ras xform present
    xform info: x_r =  -1.0000, y_r =   0.0000, z_r =   0.0000, c_r =     1.7977
              : x_a =   0.0000, y_a =   0.0000, z_a =   1.0000, c_a =    31.2570
              : x_s =   0.0000, y_s =  -1.0000, z_s =   0.0000, c_s =   -34.0857

talairach xfm : /rds/projects/q/quinna-camcan/cc700/mri/pipeline/release004/BIDS_20190411/anat/sub-CC120049_T1w/mri/transforms/talairach.xfm
Orientation   : LIA
Primary Slice Direction: coronal

voxel to ras transform:
               -1.0000   0.0000   0.0000   129.7977
                0.0000   0.0000   1.0000   -96.7430
                0.0000  -1.0000   0.0000    93.9143
                0.0000   0.0000   0.0000     1.0000

voxel-to-ras determinant -1

ras to voxel transform:
               -1.0000  -0.0000  -0.0000   129.7977
               -0.0000  -0.0000  -1.0000    93.9144
               -0.0000   1.0000  -0.0000    96.7430
               -0.0000  -0.0000  -0.0000     1.0000
#--------------------------------------------
#@# Talairach Thu Sep 19 16:35:41 BST 2024
/rds/projects/q/quinna-camcan/cc700/mri/pipeline/release004/BIDS_20190411/anat/sub-CC120049_T1w/mri

 mri_nu_correct.mni --no-rescale --i orig.mgz --o orig_nu.mgz --ants-n4 --n 1 --proto-iters 1000 --distance 50 

/usr/bin/bc
/rds/projects/q/quinna-camcan/cc700/mri/pipeline/release004/BIDS_20190411/anat/sub-CC120049_T1w/mri
/rds/bear-apps/2022a/EL8-ice/software/FreeSurfer/7.4.1-centos8_x86_64/bin/mri_nu_correct.mni
--no-rescale --i orig.mgz --o orig_nu.mgz --ants-n4 --n 1 --proto-iters 1000 --distance 50
nIters 1
mri_nu_correct.mni 7.4.1
Linux bear-pg0202u12a.bear.cluster 4.18.0-372.32.1.el8_6.x86_64 #1 SMP Fri Oct 7 12:35:10 EDT 2022 x86_64 x86_64 x86_64 GNU/Linux
Thu Sep 19 16:35:42 BST 2024
tmpdir is ./tmp.mri_nu_correct.mni.2933542
cd /rds/projects/q/quinna-camcan/cc700/mri/pipeline/release004/BIDS_20190411/anat/sub-CC120049_T1w/mri
AntsN4BiasFieldCorrectionFs -i orig.mgz -o ./tmp.mri_nu_correct.mni.2933542/nu0.mgz --dtype uchar
AntsN4BiasFieldCorrectionFs done
mri_convert ./tmp.mri_nu_correct.mni.2933542/nu0.mgz orig_nu.mgz --like orig.mgz --conform
mri_convert ./tmp.mri_nu_correct.mni.2933542/nu0.mgz orig_nu.mgz --like orig.mgz --conform 
reading from ./tmp.mri_nu_correct.mni.2933542/nu0.mgz...
TR=0.00, TE=0.00, TI=0.00, flip angle=0.00
i_ras = (-1, 0, 0)
j_ras = (9.31323e-10, 0, -1)
k_ras = (0, 1, 0)
INFO: transform src into the like-volume: orig.mgz
writing to orig_nu.mgz...
 
 
Thu Sep 19 16:38:00 BST 2024
mri_nu_correct.mni done
@#@FSTIME  2024:09:19:16:35:41 mri_nu_correct.mni N 12 e 138.53 S 0.68 U 136.15 P 98% M 517188 F 0 R 31378 W 0 c 397 w 30561 I 0 O 0 L 107.54 106.51 106.21
@#@FSLOADPOST 2024:09:19:16:38:00 mri_nu_correct.mni N 12 113.50 108.75 107.05

 talairach_avi --i orig_nu.mgz --xfm transforms/talairach.auto.xfm 

talairach_avi log file is transforms/talairach_avi.log...
mv -f /rds/projects/q/quinna-camcan/cc700/mri/pipeline/release004/BIDS_20190411/anat/sub-CC120049_T1w/mri/talsrcimg_to_711-2C_as_mni_average_305_t4_vox2vox.txt /rds/projects/q/quinna-camcan/cc700/mri/pipeline/release004/BIDS_20190411/anat/sub-CC120049_T1w/mri/transforms/talsrcimg_to_711-2C_as_mni_average_305_t4_vox2vox.txt
Started at Thu Sep 19 16:38:00 BST 2024
Ended   at Thu Sep 19 16:38:29 BST 2024
talairach_avi done
@#@FSTIME  2024:09:19:16:38:00 talairach_avi N 4 e 28.42 S 1.56 U 13.29 P 52% M 256016 F 0 R 38091 W 0 c 95 w 26109 I 0 O 32 L 113.50 108.75 107.05
@#@FSLOADPOST 2024:09:19:16:38:29 talairach_avi N 4 115.60 109.71 107.43

 cp transforms/talairach.auto.xfm transforms/talairach.xfm 

lta_convert --src orig.mgz --trg /rds/bear-apps/2022a/EL8-ice/software/FreeSurfer/7.4.1-centos8_x86_64/average/mni305.cor.mgz --inxfm transforms/talairach.xfm --outlta transforms/talairach.xfm.lta --subject fsaverage --ltavox2vox
7.4.1

--src: orig.mgz src image (geometry).
--trg: /rds/bear-apps/2022a/EL8-ice/software/FreeSurfer/7.4.1-centos8_x86_64/average/mni305.cor.mgz trg image (geometry).
--inmni: transforms/talairach.xfm input MNI/XFM transform.
--outlta: transforms/talairach.xfm.lta output LTA.
--s: fsaverage subject name
--ltavox2vox: output LTA as VOX_TO_VOX transform.
 LTA read, type : 1
 1.04092   0.01113   0.04665   2.91823;
-0.06837   0.90240   0.27545  -26.23177;
-0.02661  -0.20437   1.05611   35.43233;
 0.00000   0.00000   0.00000   1.00000;
setting subject to fsaverage
Writing  LTA to file transforms/talairach.xfm.lta...
lta_convert successful.
/rds/projects/q/quinna-camcan/cc700/mri/pipeline/release004/BIDS_20190411/anat/sub-CC120049_T1w/mri/transforms /rds/projects/q/quinna-camcan/cc700/mri/pipeline/release004/BIDS_20190411/anat/sub-CC120049_T1w/mri 
/rds/projects/q/quinna-camcan/cc700/mri/pipeline/release004/BIDS_20190411/anat/sub-CC120049_T1w/mri 
#--------------------------------------------
#@# Nu Intensity Correction Thu Sep 19 16:38:31 BST 2024

 mri_nu_correct.mni --i orig.mgz --o nu.mgz --uchar transforms/talairach.xfm --n 2 --ants-n4 

/usr/bin/bc
/rds/projects/q/quinna-camcan/cc700/mri/pipeline/release004/BIDS_20190411/anat/sub-CC120049_T1w/mri
/rds/bear-apps/2022a/EL8-ice/software/FreeSurfer/7.4.1-centos8_x86_64/bin/mri_nu_correct.mni
--i orig.mgz --o nu.mgz --uchar transforms/talairach.xfm --n 2 --ants-n4
nIters 2
mri_nu_correct.mni 7.4.1
Linux bear-pg0202u12a.bear.cluster 4.18.0-372.32.1.el8_6.x86_64 #1 SMP Fri Oct 7 12:35:10 EDT 2022 x86_64 x86_64 x86_64 GNU/Linux
Thu Sep 19 16:38:32 BST 2024
tmpdir is ./tmp.mri_nu_correct.mni.2942609
cd /rds/projects/q/quinna-camcan/cc700/mri/pipeline/release004/BIDS_20190411/anat/sub-CC120049_T1w/mri
AntsN4BiasFieldCorrectionFs -i orig.mgz -o ./tmp.mri_nu_correct.mni.2942609/nu0.mgz --dtype uchar
AntsN4BiasFieldCorrectionFs done
mri_binarize --i ./tmp.mri_nu_correct.mni.2942609/nu0.mgz --min -1 --o ./tmp.mri_nu_correct.mni.2942609/ones.mgz

7.4.1
cwd /rds/projects/q/quinna-camcan/cc700/mri/pipeline/release004/BIDS_20190411/anat/sub-CC120049_T1w/mri
cmdline mri_binarize --i ./tmp.mri_nu_correct.mni.2942609/nu0.mgz --min -1 --o ./tmp.mri_nu_correct.mni.2942609/ones.mgz 
sysname  Linux
hostname bear-pg0202u12a.bear.cluster
machine  x86_64
user     ghafarit

input      ./tmp.mri_nu_correct.mni.2942609/nu0.mgz
frame      0
nErode3d   0
nErode2d   0
output     ./tmp.mri_nu_correct.mni.2942609/ones.mgz
Binarizing based on threshold
min        -1
max        +infinity
binval        1
binvalnot     0
fstart = 0, fend = 0, nframes = 1
Starting parallel 1
Found 16777216 values in range
Counting number of voxels in first frame
Found 16777215 voxels in final mask
Writing output to ./tmp.mri_nu_correct.mni.2942609/ones.mgz
Count: 16777215 16777215.000000 16777216 99.999994
mri_binarize done
mri_segstats --id 1 --seg ./tmp.mri_nu_correct.mni.2942609/ones.mgz --i orig.mgz --sum ./tmp.mri_nu_correct.mni.2942609/sum.junk --avgwf ./tmp.mri_nu_correct.mni.2942609/input.mean.dat

7.4.1
cwd 
cmdline mri_segstats --id 1 --seg ./tmp.mri_nu_correct.mni.2942609/ones.mgz --i orig.mgz --sum ./tmp.mri_nu_correct.mni.2942609/sum.junk --avgwf ./tmp.mri_nu_correct.mni.2942609/input.mean.dat 
sysname  Linux
hostname bear-pg0202u12a.bear.cluster
machine  x86_64
user     ghafarit
whitesurfname  white
UseRobust  0
Loading ./tmp.mri_nu_correct.mni.2942609/ones.mgz
Loading orig.mgz
Voxel Volume is 1 mm^3
Generating list of segmentation ids
Found   1 segmentations
Computing statistics for each segmentation

Reporting on   1 segmentations
Using PrintSegStat
Computing spatial average of each frame

Writing to ./tmp.mri_nu_correct.mni.2942609/input.mean.dat
mri_segstats done
mri_segstats --id 1 --seg ./tmp.mri_nu_correct.mni.2942609/ones.mgz --i ./tmp.mri_nu_correct.mni.2942609/nu0.mgz --sum ./tmp.mri_nu_correct.mni.2942609/sum.junk --avgwf ./tmp.mri_nu_correct.mni.2942609/output.mean.dat

7.4.1
cwd 
cmdline mri_segstats --id 1 --seg ./tmp.mri_nu_correct.mni.2942609/ones.mgz --i ./tmp.mri_nu_correct.mni.2942609/nu0.mgz --sum ./tmp.mri_nu_correct.mni.2942609/sum.junk --avgwf ./tmp.mri_nu_correct.mni.2942609/output.mean.dat 
sysname  Linux
hostname bear-pg0202u12a.bear.cluster
machine  x86_64
user     ghafarit
whitesurfname  white
UseRobust  0
Loading ./tmp.mri_nu_correct.mni.2942609/ones.mgz
Loading ./tmp.mri_nu_correct.mni.2942609/nu0.mgz
Voxel Volume is 1 mm^3
Generating list of segmentation ids
Found   1 segmentations
Computing statistics for each segmentation

Reporting on   1 segmentations
Using PrintSegStat
Computing spatial average of each frame

Writing to ./tmp.mri_nu_correct.mni.2942609/output.mean.dat
mri_segstats done
mris_calc -o ./tmp.mri_nu_correct.mni.2942609/nu0.mgz ./tmp.mri_nu_correct.mni.2942609/nu0.mgz mul 1.13994569034904611031
Saving result to './tmp.mri_nu_correct.mni.2942609/nu0.mgz' (type = MGH )                       [ ok ]
mri_convert ./tmp.mri_nu_correct.mni.2942609/nu0.mgz nu.mgz --like orig.mgz
mri_convert ./tmp.mri_nu_correct.mni.2942609/nu0.mgz nu.mgz --like orig.mgz 
reading from ./tmp.mri_nu_correct.mni.2942609/nu0.mgz...
TR=0.00, TE=0.00, TI=0.00, flip angle=0.00
i_ras = (-1, 0, 0)
j_ras = (9.31323e-10, 0, -1)
k_ras = (0, 1, 0)
INFO: transform src into the like-volume: orig.mgz
writing to nu.mgz...
mri_make_uchar nu.mgz transforms/talairach.xfm nu.mgz
type change took 0 minutes and 4 seconds.
FIRST_PERCENTILE 0.010000
WM_PERCENTILE    0.900000
MAX_R 50.000000
i1 = 4, i2 = 49
#mri_make_uchar# mapping 10 126 to  3 110  :  b -7.00111 m 0.92702 : thresh 7.55228 maxsat 282.627 : nzero 12931742 nsat 0
 
 
Thu Sep 19 16:41:12 BST 2024
mri_nu_correct.mni done
@#@FSTIME  2024:09:19:16:38:31 mri_nu_correct.mni N 9 e 160.73 S 1.10 U 158.60 P 99% M 612336 F 0 R 174893 W 0 c 485 w 308 I 0 O 0 L 115.60 109.71 107.43
@#@FSLOADPOST 2024:09:19:16:41:12 mri_nu_correct.mni N 9 113.56 111.19 108.37

 mri_add_xform_to_header -c /rds/projects/q/quinna-camcan/cc700/mri/pipeline/release004/BIDS_20190411/anat/sub-CC120049_T1w/mri/transforms/talairach.xfm nu.mgz nu.mgz 

INFO: extension is mgz
@#@FSTIME  2024:09:19:16:41:12 mri_add_xform_to_header N 4 e 0.61 S 0.01 U 0.58 P 98% M 21608 F 0 R 1313 W 0 c 5 w 16 I 0 O 0 L 113.56 111.19 108.37
@#@FSLOADPOST 2024:09:19:16:41:13 mri_add_xform_to_header N 4 113.56 111.19 108.37
#--------------------------------------------
#@# Intensity Normalization Thu Sep 19 16:41:13 BST 2024
/rds/projects/q/quinna-camcan/cc700/mri/pipeline/release004/BIDS_20190411/anat/sub-CC120049_T1w/mri

 mri_normalize -g 1 -seed 1234 -mprage nu.mgz T1.mgz 

using max gradient = 1.000
setting seed for random number genererator to 1234
assuming input volume is MGH (Van der Kouwe) MP-RAGE
reading mri_src from nu.mgz...
normalizing image...
NOT doing gentle normalization with control points/label
talairach transform
 1.04092   0.01113   0.04665   2.91823;
-0.06837   0.90240   0.27545  -26.23177;
-0.02661  -0.20437   1.05611   35.43233;
 0.00000   0.00000   0.00000   1.00000;
processing without aseg, no1d=0
MRInormInit(): 
INFO: Modifying talairach volume c_(r,a,s) based on average_305
MRInormalize(): 
MRIsplineNormalize(): npeaks = 16
Starting OpenSpline(): npoints = 16
building Voronoi diagram...
performing soap bubble smoothing, sigma = 8...

Iterating 2 times
---------------------------------
3d normalization pass 1 of 2
white matter peak found at 110
white matter peak found at 110
gm peak at 84 (84), valley at 50 (50)
csf peak at 43, setting threshold to 70
building Voronoi diagram...
performing soap bubble smoothing, sigma = 8...
---------------------------------
3d normalization pass 2 of 2
white matter peak found at 110
white matter peak found at 110
gm peak at 81 (81), valley at 48 (48)
csf peak at 41, setting threshold to 67
building Voronoi diagram...
performing soap bubble smoothing, sigma = 8...
Done iterating ---------------------------------
writing output to T1.mgz
3D bias adjustment took 1 minutes and 35 seconds.
@#@FSTIME  2024:09:19:16:41:13 mri_normalize N 7 e 95.78 S 0.22 U 95.08 P 99% M 583936 F 0 R 11938 W 0 c 277 w 15 I 0 O 0 L 113.56 111.19 108.37
@#@FSLOADPOST 2024:09:19:16:42:49 mri_normalize N 7 112.97 111.65 108.81
#--------------------------------------------
#@# Skull Stripping Thu Sep 19 16:42:49 BST 2024
/rds/projects/q/quinna-camcan/cc700/mri/pipeline/release004/BIDS_20190411/anat/sub-CC120049_T1w/mri

 mri_em_register -skull nu.mgz /rds/bear-apps/2022a/EL8-ice/software/FreeSurfer/7.4.1-centos8_x86_64/average/RB_all_withskull_2020_01_02.gca transforms/talairach_with_skull.lta 

aligning to atlas containing skull, setting unknown_nbr_spacing = 5

== Number of threads available to mri_em_register for OpenMP = 1 == 
reading 1 input volumes...
logging results to talairach_with_skull.log
reading '/rds/bear-apps/2022a/EL8-ice/software/FreeSurfer/7.4.1-centos8_x86_64/average/RB_all_withskull_2020_01_02.gca'...
GCAread took 0 minutes and 1 seconds.
average std = 23.0   using min determinant for regularization = 52.8
0 singular and 9205 ill-conditioned covariance matrices regularized
reading 'nu.mgz'...
freeing gibbs priors...done.
accounting for voxel sizes in initial transform
bounding unknown intensity as < 8.9 or > 556.0 
total sample mean = 77.3 (1403 zeros)
************************************************
spacing=8, using 3292 sample points, tol=1.00e-05...
************************************************
register_mri: find_optimal_transform
find_optimal_transform: nsamples 3292, passno 0, spacing 8
resetting wm mean[0]: 100 --> 108
resetting gm mean[0]: 61 --> 61
input volume #1 is the most T1-like
using real data threshold=18.0
skull bounding box = (51, 40, 9) --> (212, 255, 224)
finding center of left hemi white matter
using (105, 112, 117) as brain centroid of Right_Cerebral_White_Matter...
MRImask(): AllowDiffGeom = 1
mean wm in atlas = 108, using box (85,85,90) --> (124, 138,143) to find MRI wm
before smoothing, mri peak at 106
robust fit to distribution - 105 +- 4.5
after smoothing, mri peak at 106, scaling input intensities by 1.019
scaling channel 0 by 1.01887
initial log_p = -4.396
************************************************
First Search limited to translation only.
************************************************
max log p =    -4.420056 @ (0.000, 0.000, 0.000)
max log p =    -4.302737 @ (-5.263, 5.263, -5.263)
max log p =    -4.284040 @ (-2.632, 2.632, -2.632)
max log p =    -4.269127 @ (3.947, -3.947, 1.316)
max log p =    -4.269127 @ (0.000, 0.000, 0.000)
max log p =    -4.255137 @ (-0.987, -0.329, -1.645)
max log p =    -4.255137 @ (0.000, 0.000, 0.000)
max log p =    -4.255137 @ (0.000, 0.000, 0.000)
Found translation: (-4.9, 3.6, -8.2): log p = -4.255
****************************************
Nine parameter search.  iteration 0 nscales = 0 ...
****************************************
Result so far: scale 1.000: max_log_p=-4.122, old_max_log_p =-4.255 (thresh=-4.3)
 1.07500   0.00000   0.00000  -14.68697;
 0.00000   1.02750   0.27532  -33.06120;
 0.00000  -0.23941   0.89348   37.64966;
 0.00000   0.00000   0.00000   1.00000;
iteration took 1 minutes and 45 seconds.
****************************************
Nine parameter search.  iteration 1 nscales = 0 ...
****************************************
Result so far: scale 1.000: max_log_p=-4.122, old_max_log_p =-4.122 (thresh=-4.1)
 1.07500   0.00000   0.00000  -14.68697;
 0.00000   1.02750   0.27532  -33.06120;
 0.00000  -0.23941   0.89348   37.64966;
 0.00000   0.00000   0.00000   1.00000;
reducing scale to 0.2500
iteration took 1 minutes and 44 seconds.
****************************************
Nine parameter search.  iteration 2 nscales = 1 ...
****************************************
Result so far: scale 0.250: max_log_p=-4.074, old_max_log_p =-4.122 (thresh=-4.1)
 1.06909   0.10983  -0.00706  -28.28576;
-0.10997   1.08850   0.25869  -23.34924;
 0.03748  -0.20452   0.90174   25.08315;
 0.00000   0.00000   0.00000   1.00000;
iteration took 1 minutes and 33 seconds.
****************************************
Nine parameter search.  iteration 3 nscales = 1 ...
****************************************
Result so far: scale 0.250: max_log_p=-4.074, old_max_log_p =-4.074 (thresh=-4.1)
 1.06909   0.10983  -0.00706  -28.28576;
-0.10997   1.08850   0.25869  -23.34924;
 0.03748  -0.20452   0.90174   25.08315;
 0.00000   0.00000   0.00000   1.00000;
reducing scale to 0.0625
iteration took 1 minutes and 37 seconds.
****************************************
Nine parameter search.  iteration 4 nscales = 2 ...
****************************************
Result so far: scale 0.062: max_log_p=-4.061, old_max_log_p =-4.074 (thresh=-4.1)
 1.06559   0.10792   0.00035  -27.98917;
-0.11069   1.09298   0.24419  -21.64271;
 0.02687  -0.18714   0.90376   24.78794;
 0.00000   0.00000   0.00000   1.00000;
iteration took 1 minutes and 14 seconds.
****************************************
Nine parameter search.  iteration 5 nscales = 2 ...
****************************************
Result so far: scale 0.062: max_log_p=-4.061, old_max_log_p =-4.061 (thresh=-4.1)
 1.06559   0.10792   0.00035  -27.98917;
-0.11069   1.09298   0.24419  -21.64271;
 0.02687  -0.18714   0.90376   24.78794;
 0.00000   0.00000   0.00000   1.00000;
min search scale 0.025000 reached
***********************************************
Computing MAP estimate using 3292 samples...
***********************************************
dt = 5.00e-06, momentum=0.80, tol=1.00e-05
l_intensity = 1.0000
Aligning input volume to GCA...
Transform matrix
 1.06559   0.10792   0.00035  -27.98917;
-0.11069   1.09298   0.24419  -21.64271;
 0.02687  -0.18714   0.90376   24.78794;
 0.00000   0.00000   0.00000   1.00000;
nsamples 3292
Quasinewton: input matrix
 1.06559   0.10792   0.00035  -27.98917;
-0.11069   1.09298   0.24419  -21.64271;
 0.02687  -0.18714   0.90376   24.78794;
 0.00000   0.00000   0.00000   1.00000;
 IFLAG= -1  LINE SEARCH FAILED. SEE DOCUMENTATION OF ROUTINE MCSRCH ERROR RETURN OF LINE SEARCH: INFO= 4 POSSIBLE CAUSES: FUNCTION OR GRADIENT ARE INCORRECT OR INCORRECT TOLERANCESoutof QuasiNewtonEMA: 008: -log(p) =   -0.0  tol 0.000010
Resulting transform:
 1.06559   0.10792   0.00035  -27.98917;
-0.11069   1.09298   0.24419  -21.64271;
 0.02687  -0.18714   0.90376   24.78794;
 0.00000   0.00000   0.00000   1.00000;

pass 1, spacing 8: log(p) = -4.061 (old=-4.396)
transform before final EM align:
 1.06559   0.10792   0.00035  -27.98917;
-0.11069   1.09298   0.24419  -21.64271;
 0.02687  -0.18714   0.90376   24.78794;
 0.00000   0.00000   0.00000   1.00000;

**************************************************
 EM alignment process ...
 Computing final MAP estimate using 364986 samples. 
**************************************************
dt = 5.00e-06, momentum=0.80, tol=1.00e-07
l_intensity = 1.0000
Aligning input volume to GCA...
Transform matrix
 1.06559   0.10792   0.00035  -27.98917;
-0.11069   1.09298   0.24419  -21.64271;
 0.02687  -0.18714   0.90376   24.78794;
 0.00000   0.00000   0.00000   1.00000;
nsamples 364986
Quasinewton: input matrix
 1.06559   0.10792   0.00035  -27.98917;
-0.11069   1.09298   0.24419  -21.64271;
 0.02687  -0.18714   0.90376   24.78794;
 0.00000   0.00000   0.00000   1.00000;
 IFLAG= -1  LINE SEARCH FAILED. SEE DOCUMENTATION OF ROUTINE MCSRCH ERROR RETURN OF LINE SEARCH: INFO= 6 POSSIBLE CAUSES: FUNCTION OR GRADIENT ARE INCORRECT OR INCORRECT TOLERANCESoutof QuasiNewtonEMA: 010: -log(p) =    4.4  tol 0.000000
final transform:
 1.06559   0.10792   0.00035  -27.98917;
-0.11069   1.09298   0.24419  -21.64271;
 0.02687  -0.18714   0.90376   24.78794;
 0.00000   0.00000   0.00000   1.00000;

writing output transformation to transforms/talairach_with_skull.lta...
#VMPC# mri_em_register VmPeak  796884
FSRUNTIME@ mri_em_register  0.1689 hours 1 threads
registration took 10 minutes and 8 seconds.
@#@FSTIME  2024:09:19:16:42:50 mri_em_register N 4 e 608.21 S 0.94 U 604.01 P 99% M 627188 F 0 R 118008 W 0 c 1489 w 20 I 0 O 0 L 112.97 111.65 108.81
@#@FSLOADPOST 2024:09:19:16:52:58 mri_em_register N 4 112.72 112.73 110.82

 mri_watershed -T1 -brain_atlas /rds/bear-apps/2022a/EL8-ice/software/FreeSurfer/7.4.1-centos8_x86_64/average/RB_all_withskull_2020_01_02.gca transforms/talairach_with_skull.lta T1.mgz brainmask.auto.mgz 


Mode:          T1 normalized volume
Mode:          Use the information of atlas (default parms, --help for details)

*********************************************************
The input file is T1.mgz
The output file is brainmask.auto.mgz
Weighting the input with atlas information before watershed

*************************WATERSHED**************************
Sorting...
      first estimation of the COG coord: x=132 y=112 z=116 r=80
      first estimation of the main basin volume: 2201618 voxels
      Looking for seedpoints 
        2 found in the cerebellum 
        18 found in the rest of the brain 
      global maximum in x=153, y=95, z=78, Imax=255
      CSF=16, WM_intensity=110, WM_VARIANCE=5
      WM_MIN=110, WM_HALF_MIN=110, WM_HALF_MAX=110, WM_MAX=110 
      preflooding height equal to 10 percent
done.
Analyze...

      main basin size=10046958935 voxels, voxel volume =1.000 
                     = 10046958935 mmm3 = 10046958.592 cm3
done.
PostAnalyze...Basin Prior
 50 basins merged thanks to atlas 
      ***** 0 basin(s) merged in 1 iteration(s)
      ***** 0 voxel(s) added to the main basin
done.
Weighting the input with prior template 

****************TEMPLATE DEFORMATION****************

      second estimation of the COG coord: x=131,y=118, z=107, r=10760 iterations
^^^^^^^^ couldn't find WM with original limits - expanding ^^^^^^

   GLOBAL      CSF_MIN=1, CSF_intensity=2, CSF_MAX=44 , nb = 43524
  RIGHT_CER    CSF_MIN=1, CSF_intensity=2, CSF_MAX=12 , nb = 3240
  LEFT_CER     CSF_MIN=1, CSF_intensity=2, CSF_MAX=15 , nb = 2268
 RIGHT_BRAIN   CSF_MIN=0, CSF_intensity=5, CSF_MAX=46 , nb = 18630
 LEFT_BRAIN    CSF_MIN=1, CSF_intensity=2, CSF_MAX=42 , nb = 18846
    OTHER      CSF_MIN=1, CSF_intensity=9, CSF_MAX=61 , nb = 540
   
                     CSF_MAX  TRANSITION  GM_MIN  GM
    GLOBAL     
  before analyzing :    44,      45,        47,   72
  after  analyzing :    44,      46,        47,   52
   RIGHT_CER   
  before analyzing :    12,      21,        49,   79
  after  analyzing :    12,      39,        49,   49
   LEFT_CER    
  before analyzing :    15,      27,        53,   79
  after  analyzing :    15,      44,        53,   52
  RIGHT_BRAIN  
  before analyzing :    46,      46,        46,   72
  after  analyzing :    30,      46,        46,   52
  LEFT_BRAIN   
  before analyzing :    42,      45,        47,   71
  after  analyzing :    42,      46,        47,   52
     OTHER     
  before analyzing :    61,      62,        63,   95
  after  analyzing :    61,      62,        63,   70
      mri_strip_skull: done peeling brain
      highly tesselated surface with 10242 vertices
      matching...64 iterations

*********************VALIDATION*********************
curvature mean = -0.013, std = 0.011
curvature mean = 73.307, std = 9.242

No Rigid alignment: -atlas Mode Off (basic atlas / no registration)
      before rotation: sse = 1.79, sigma = 3.23
      after  rotation: sse = 1.79, sigma = 3.23
Localization of inacurate regions: Erosion-Dilation steps
      the sse mean is  1.84, its var is  2.76   
      before Erosion-Dilatation  0.15% of inacurate vertices
      after  Erosion-Dilatation  0.00% of inacurate vertices
      Validation of the shape of the surface done.
Scaling of atlas fields onto current surface fields

********FINAL ITERATIVE TEMPLATE DEFORMATION********
Compute Local values csf/gray
Fine Segmentation...51 iterations

      mri_strip_skull: done peeling brain

Brain Size = 1952776 voxels, voxel volume = 1.000 mm3
           = 1952776 mmm3 = 1952.776 cm3


******************************
Saving brainmask.auto.mgz
done
mri_watershed done
@#@FSTIME  2024:09:19:16:52:58 mri_watershed N 6 e 14.97 S 0.40 U 14.46 P 99% M 813676 F 0 R 187560 W 0 c 70 w 35 I 0 O 0 L 112.72 112.73 110.82
@#@FSLOADPOST 2024:09:19:16:53:13 mri_watershed N 6 112.75 112.73 110.85

 cp brainmask.auto.mgz brainmask.mgz 

#-------------------------------------
#@# EM Registration Thu Sep 19 16:53:14 BST 2024
/rds/projects/q/quinna-camcan/cc700/mri/pipeline/release004/BIDS_20190411/anat/sub-CC120049_T1w/mri

 mri_em_register -uns 3 -mask brainmask.mgz nu.mgz /rds/bear-apps/2022a/EL8-ice/software/FreeSurfer/7.4.1-centos8_x86_64/average/RB_all_2020-01-02.gca transforms/talairach.lta 

setting unknown_nbr_spacing = 3
using MR volume brainmask.mgz to mask input volume...

== Number of threads available to mri_em_register for OpenMP = 1 == 
reading 1 input volumes...
logging results to talairach.log
reading '/rds/bear-apps/2022a/EL8-ice/software/FreeSurfer/7.4.1-centos8_x86_64/average/RB_all_2020-01-02.gca'...
GCAread took 0 minutes and 1 seconds.
average std = 7.2   using min determinant for regularization = 5.2
0 singular and 884 ill-conditioned covariance matrices regularized
reading 'nu.mgz'...
MRImask(): AllowDiffGeom = 1
MRImask(): AllowDiffGeom = 1
MRImask(): AllowDiffGeom = 1
MRImask(): AllowDiffGeom = 1
MRImask(): AllowDiffGeom = 1
freeing gibbs priors...done.
accounting for voxel sizes in initial transform
bounding unknown intensity as < 5.9 or > 519.0 
total sample mean = 79.1 (1017 zeros)
************************************************
spacing=8, using 2841 sample points, tol=1.00e-05...
************************************************
register_mri: find_optimal_transform
find_optimal_transform: nsamples 2841, passno 0, spacing 8
resetting wm mean[0]: 98 --> 107
resetting gm mean[0]: 61 --> 61
input volume #1 is the most T1-like
using real data threshold=28.1
skull bounding box = (62, 51, 22) --> (199, 194, 204)
finding center of left hemi white matter
using (108, 99, 113) as brain centroid of Right_Cerebral_White_Matter...
MRImask(): AllowDiffGeom = 1
mean wm in atlas = 107, using box (91,81,91) --> (124, 116,135) to find MRI wm
before smoothing, mri peak at 106
robust fit to distribution - 106 +- 3.7
after smoothing, mri peak at 106, scaling input intensities by 1.009
scaling channel 0 by 1.00943
initial log_p = -4.058
************************************************
First Search limited to translation only.
************************************************
max log p =    -4.068881 @ (0.000, 0.000, 0.000)
max log p =    -3.867150 @ (-5.263, 5.263, -5.263)
max log p =    -3.863245 @ (-2.632, 2.632, 2.632)
max log p =    -3.821455 @ (1.316, -1.316, -1.316)
max log p =    -3.813793 @ (-0.658, 0.658, 0.658)
max log p =    -3.808307 @ (-0.987, -0.329, 0.987)
max log p =    -3.808307 @ (0.000, 0.000, 0.000)
max log p =    -3.808307 @ (0.000, 0.000, 0.000)
Found translation: (-8.2, 6.9, -2.3): log p = -3.808
****************************************
Nine parameter search.  iteration 0 nscales = 0 ...
****************************************
Result so far: scale 1.000: max_log_p=-3.645, old_max_log_p =-3.808 (thresh=-3.8)
 1.00000   0.00000   0.00000  -8.22369;
 0.00000   1.02750   0.20350  -25.60438;
 0.00000  -0.31997   0.88261   46.30095;
 0.00000   0.00000   0.00000   1.00000;
iteration took 1 minutes and 33 seconds.
****************************************
Nine parameter search.  iteration 1 nscales = 0 ...
****************************************
Result so far: scale 1.000: max_log_p=-3.645, old_max_log_p =-3.645 (thresh=-3.6)
 1.00000   0.00000   0.00000  -8.22369;
 0.00000   1.02750   0.20350  -25.60438;
 0.00000  -0.31997   0.88261   46.30095;
 0.00000   0.00000   0.00000   1.00000;
reducing scale to 0.2500
iteration took 1 minutes and 34 seconds.
****************************************
Nine parameter search.  iteration 2 nscales = 1 ...
****************************************
Result so far: scale 0.250: max_log_p=-3.533, old_max_log_p =-3.645 (thresh=-3.6)
 1.01608   0.07516  -0.01579  -15.67793;
-0.06449   0.99395   0.22921  -15.97925;
 0.02967  -0.33363   0.82648   51.86380;
 0.00000   0.00000   0.00000   1.00000;
iteration took 1 minutes and 24 seconds.
****************************************
Nine parameter search.  iteration 3 nscales = 1 ...
****************************************
Result so far: scale 0.250: max_log_p=-3.530, old_max_log_p =-3.533 (thresh=-3.5)
 1.03549   0.06650   0.01170  -20.20348;
-0.06543   1.00433   0.20205  -12.27948;
-0.00572  -0.30323   0.83361   52.15943;
 0.00000   0.00000   0.00000   1.00000;
reducing scale to 0.0625
iteration took 1 minutes and 28 seconds.
****************************************
Nine parameter search.  iteration 4 nscales = 2 ...
****************************************
Result so far: scale 0.062: max_log_p=-3.504, old_max_log_p =-3.530 (thresh=-3.5)
 1.03275   0.05462  -0.00547  -16.11693;
-0.04790   0.99795   0.21512  -16.22290;
 0.01233  -0.31845   0.83028   50.98896;
 0.00000   0.00000   0.00000   1.00000;
iteration took 1 minutes and 6 seconds.
****************************************
Nine parameter search.  iteration 5 nscales = 2 ...
****************************************
Result so far: scale 0.062: max_log_p=-3.504, old_max_log_p =-3.504 (thresh=-3.5)
 1.03275   0.05462  -0.00547  -16.11693;
-0.04790   0.99795   0.21512  -16.22290;
 0.01233  -0.31845   0.83028   50.98896;
 0.00000   0.00000   0.00000   1.00000;
min search scale 0.025000 reached
***********************************************
Computing MAP estimate using 2841 samples...
***********************************************
dt = 5.00e-06, momentum=0.80, tol=1.00e-05
l_intensity = 1.0000
Aligning input volume to GCA...
Transform matrix
 1.03275   0.05462  -0.00547  -16.11693;
-0.04790   0.99795   0.21512  -16.22290;
 0.01233  -0.31845   0.83028   50.98896;
 0.00000   0.00000   0.00000   1.00000;
nsamples 2841
Quasinewton: input matrix
 1.03275   0.05462  -0.00547  -16.11693;
-0.04790   0.99795   0.21512  -16.22290;
 0.01233  -0.31845   0.83028   50.98896;
 0.00000   0.00000   0.00000   1.00000;
 IFLAG= -1  LINE SEARCH FAILED. SEE DOCUMENTATION OF ROUTINE MCSRCH ERROR RETURN OF LINE SEARCH: INFO= 3 POSSIBLE CAUSES: FUNCTION OR GRADIENT ARE INCORRECT OR INCORRECT TOLERANCESoutof QuasiNewtonEMA: 008: -log(p) =   -0.0  tol 0.000010
Resulting transform:
 1.03275   0.05462  -0.00547  -16.11693;
-0.04790   0.99795   0.21512  -16.22290;
 0.01233  -0.31845   0.83028   50.98896;
 0.00000   0.00000   0.00000   1.00000;

pass 1, spacing 8: log(p) = -3.504 (old=-4.058)
transform before final EM align:
 1.03275   0.05462  -0.00547  -16.11693;
-0.04790   0.99795   0.21512  -16.22290;
 0.01233  -0.31845   0.83028   50.98896;
 0.00000   0.00000   0.00000   1.00000;

**************************************************
 EM alignment process ...
 Computing final MAP estimate using 315638 samples. 
**************************************************
dt = 5.00e-06, momentum=0.80, tol=1.00e-07
l_intensity = 1.0000
Aligning input volume to GCA...
Transform matrix
 1.03275   0.05462  -0.00547  -16.11693;
-0.04790   0.99795   0.21512  -16.22290;
 0.01233  -0.31845   0.83028   50.98896;
 0.00000   0.00000   0.00000   1.00000;
nsamples 315638
Quasinewton: input matrix
 1.03275   0.05462  -0.00547  -16.11693;
-0.04790   0.99795   0.21512  -16.22290;
 0.01233  -0.31845   0.83028   50.98896;
 0.00000   0.00000   0.00000   1.00000;
 IFLAG= -1  LINE SEARCH FAILED. SEE DOCUMENTATION OF ROUTINE MCSRCH ERROR RETURN OF LINE SEARCH: INFO= 6 POSSIBLE CAUSES: FUNCTION OR GRADIENT ARE INCORRECT OR INCORRECT TOLERANCESoutof QuasiNewtonEMA: 010: -log(p) =    4.0  tol 0.000000
final transform:
 1.03275   0.05462  -0.00547  -16.11693;
-0.04790   0.99795   0.21512  -16.22290;
 0.01233  -0.31845   0.83028   50.98896;
 0.00000   0.00000   0.00000   1.00000;

writing output transformation to transforms/talairach.lta...
#VMPC# mri_em_register VmPeak  784336
FSRUNTIME@ mri_em_register  0.1512 hours 1 threads
registration took 9 minutes and 4 seconds.
@#@FSTIME  2024:09:19:16:53:14 mri_em_register N 7 e 544.52 S 0.85 U 540.83 P 99% M 614488 F 0 R 114485 W 0 c 1340 w 18 I 0 O 0 L 112.75 112.73 110.85
@#@FSLOADPOST 2024:09:19:17:02:19 mri_em_register N 7 112.68 112.79 111.73
#--------------------------------------
#@# CA Normalize Thu Sep 19 17:02:19 BST 2024
/rds/projects/q/quinna-camcan/cc700/mri/pipeline/release004/BIDS_20190411/anat/sub-CC120049_T1w/mri

 mri_ca_normalize -c ctrl_pts.mgz -mask brainmask.mgz nu.mgz /rds/bear-apps/2022a/EL8-ice/software/FreeSurfer/7.4.1-centos8_x86_64/average/RB_all_2020-01-02.gca transforms/talairach.lta norm.mgz 

writing control point volume to ctrl_pts.mgz
using MR volume brainmask.mgz to mask input volume...
reading 1 input volume
reading atlas from '/rds/bear-apps/2022a/EL8-ice/software/FreeSurfer/7.4.1-centos8_x86_64/average/RB_all_2020-01-02.gca'...
reading transform from 'transforms/talairach.lta'...
reading input volume from nu.mgz...
resetting wm mean[0]: 98 --> 107
resetting gm mean[0]: 61 --> 61
input volume #1 is the most T1-like
using real data threshold=27.1
skull bounding box = (62, 51, 22) --> (199, 194, 204)
finding center of left hemi white matter
using (108, 99, 113) as brain centroid of Right_Cerebral_White_Matter...
mean wm in atlas = 107, using box (91,81,91) --> (124, 116,135) to find MRI wm
before smoothing, mri peak at 106
robust fit to distribution - 106 +- 3.7
after smoothing, mri peak at 106, scaling input intensities by 1.009
scaling channel 0 by 1.00943
using 246437 sample points...
INFO: compute sample coordinates transform
 1.03275   0.05462  -0.00547  -16.11693;
-0.04790   0.99795   0.21512  -16.22290;
 0.01233  -0.31845   0.83028   50.98896;
 0.00000   0.00000   0.00000   1.00000;
INFO: transform used
finding control points in Left_Cerebral_White_Matter....
found 40230 control points for structure...
bounding box (129, 56, 22) --> (197, 168, 213)
Left_Cerebral_White_Matter: limiting intensities to 95.0 --> 132.0
0 of 3380 (0.0%) samples deleted
finding control points in Right_Cerebral_White_Matter....
found 39478 control points for structure...
bounding box (69, 55, 21) --> (135, 162, 214)
Right_Cerebral_White_Matter: limiting intensities to 95.0 --> 132.0
5 of 3383 (0.1%) samples deleted
finding control points in Left_Cerebellum_White_Matter....
found 3105 control points for structure...
bounding box (131, 139, 60) --> (177, 186, 122)
Left_Cerebellum_White_Matter: limiting intensities to 113.0 --> 132.0
11 of 17 (64.7%) samples deleted
finding control points in Right_Cerebellum_White_Matter....
found 2710 control points for structure...
bounding box (86, 139, 56) --> (131, 181, 123)
Right_Cerebellum_White_Matter: limiting intensities to 92.0 --> 132.0
0 of 16 (0.0%) samples deleted
finding control points in Brain_Stem....
found 3475 control points for structure...
bounding box (114, 129, 99) --> (148, 196, 134)
Brain_Stem: limiting intensities to 104.0 --> 132.0
13 of 24 (54.2%) samples deleted
using 6820 total control points for intensity normalization...
bias field = 0.986 +- 0.042
25 of 6791 control points discarded
finding control points in Left_Cerebral_White_Matter....
found 40230 control points for structure...
bounding box (129, 56, 22) --> (197, 168, 213)
Left_Cerebral_White_Matter: limiting intensities to 90.0 --> 132.0
2 of 3753 (0.1%) samples deleted
finding control points in Right_Cerebral_White_Matter....
found 39478 control points for structure...
bounding box (69, 55, 21) --> (135, 162, 214)
Right_Cerebral_White_Matter: limiting intensities to 89.0 --> 132.0
3 of 3919 (0.1%) samples deleted
finding control points in Left_Cerebellum_White_Matter....
found 3105 control points for structure...
bounding box (131, 139, 60) --> (177, 186, 122)
Left_Cerebellum_White_Matter: limiting intensities to 88.0 --> 132.0
16 of 68 (23.5%) samples deleted
finding control points in Right_Cerebellum_White_Matter....
found 2710 control points for structure...
bounding box (86, 139, 56) --> (131, 181, 123)
Right_Cerebellum_White_Matter: limiting intensities to 88.0 --> 132.0
15 of 54 (27.8%) samples deleted
finding control points in Brain_Stem....
found 3475 control points for structure...
bounding box (114, 129, 99) --> (148, 196, 134)
Brain_Stem: limiting intensities to 88.0 --> 132.0
4 of 66 (6.1%) samples deleted
using 7860 total control points for intensity normalization...
bias field = 1.040 +- 0.047
60 of 7723 control points discarded
finding control points in Left_Cerebral_White_Matter....
found 40230 control points for structure...
bounding box (129, 56, 22) --> (197, 168, 213)
Left_Cerebral_White_Matter: limiting intensities to 89.0 --> 132.0
2 of 3687 (0.1%) samples deleted
finding control points in Right_Cerebral_White_Matter....
found 39478 control points for structure...
bounding box (69, 55, 21) --> (135, 162, 214)
Right_Cerebral_White_Matter: limiting intensities to 89.0 --> 132.0
3 of 3905 (0.1%) samples deleted
finding control points in Left_Cerebellum_White_Matter....
found 3105 control points for structure...
bounding box (131, 139, 60) --> (177, 186, 122)
Left_Cerebellum_White_Matter: limiting intensities to 88.0 --> 132.0
20 of 74 (27.0%) samples deleted
finding control points in Right_Cerebellum_White_Matter....
found 2710 control points for structure...
bounding box (86, 139, 56) --> (131, 181, 123)
Right_Cerebellum_White_Matter: limiting intensities to 88.0 --> 132.0
31 of 60 (51.7%) samples deleted
finding control points in Brain_Stem....
found 3475 control points for structure...
bounding box (114, 129, 99) --> (148, 196, 134)
Brain_Stem: limiting intensities to 92.0 --> 132.0
51 of 138 (37.0%) samples deleted
using 7864 total control points for intensity normalization...
bias field = 1.037 +- 0.046
66 of 7642 control points discarded
writing normalized volume to norm.mgz...
writing control points to ctrl_pts.mgz
freeing GCA...done.
normalization took 0 minutes and 53 seconds.
@#@FSTIME  2024:09:19:17:02:19 mri_ca_normalize N 8 e 52.81 S 0.46 U 52.05 P 99% M 943228 F 0 R 137133 W 0 c 189 w 22 I 0 O 0 L 112.68 112.79 111.73
@#@FSLOADPOST 2024:09:19:17:03:12 mri_ca_normalize N 8 112.60 112.75 111.77
#--------------------------------------
#@# CA Reg Thu Sep 19 17:03:12 BST 2024
/rds/projects/q/quinna-camcan/cc700/mri/pipeline/release004/BIDS_20190411/anat/sub-CC120049_T1w/mri

 mri_ca_register -nobigventricles -T transforms/talairach.lta -align-after -mask brainmask.mgz norm.mgz /rds/bear-apps/2022a/EL8-ice/software/FreeSurfer/7.4.1-centos8_x86_64/average/RB_all_2020-01-02.gca transforms/talairach.m3z 

not handling expanded ventricles...
using previously computed transform transforms/talairach.lta
renormalizing sequences with structure alignment, equivalent to:
	-renormalize
	-regularize_mean 0.500
	-regularize 0.500
using MR volume brainmask.mgz to mask input volume...

== Number of threads available to mri_ca_register for OpenMP = 1 == 
reading 1 input volumes...
logging results to talairach.log
reading input volume 'norm.mgz'...
reading GCA '/rds/bear-apps/2022a/EL8-ice/software/FreeSurfer/7.4.1-centos8_x86_64/average/RB_all_2020-01-02.gca'...
label assignment complete, 0 changed (0.00%)
freeing gibbs priors...done.
average std[0] = 5.0
Starting GCAMregister()
label assignment complete, 0 changed (0.00%)
npasses = 1, nlevels = 6
#pass# 1 of 1 ************************
enabling zero nodes
setting smoothness cost coefficient to 0.156

#GCAMreg# pass 0 level1 5 level2 0 tsec 0 sigma 2
l_jacobian=1.00 l_label=1.00 l_log_likelihood=0.20 l_smoothness=0.16 
tol=2.50e-01, dt=5.00e-02, exp_k=20.0, momentum=0.90, levels=6, niter=500, lbl_dist=10.00, avgs=256, sigma=2.0,type=2, relabel=0, neg=no

blurring input image with Gaussian with sigma=2.000...
GCAMRegisterLevel(): init RMS 0.899248
























#GCAMreg# pass 0 level1 5 level2 1 tsec 328.75 sigma 0.5
l_jacobian=1.00 l_label=1.00 l_log_likelihood=0.20 l_smoothness=0.16 
tol=2.50e-01, dt=5.00e-02, exp_k=20.0, momentum=0.90, levels=6, niter=500, lbl_dist=10.00, avgs=256, sigma=0.5,type=2, relabel=0, neg=no

blurring input image with Gaussian with sigma=0.500...
GCAMRegisterLevel(): init RMS 0.717279









setting smoothness cost coefficient to 0.615

#GCAMreg# pass 0 level1 4 level2 0 tsec 0 sigma 2
l_jacobian=1.00 l_label=1.00 l_log_likelihood=0.20 l_smoothness=0.62 
tol=2.50e-01, dt=5.00e-02, exp_k=20.0, momentum=0.90, levels=6, niter=500, lbl_dist=10.00, avgs=64, sigma=2.0,type=2, relabel=0, neg=no

blurring input image with Gaussian with sigma=2.000...
GCAMRegisterLevel(): init RMS 0.720631


















#GCAMreg# pass 0 level1 4 level2 1 tsec 156.69 sigma 0.5
l_jacobian=1.00 l_label=1.00 l_log_likelihood=0.20 l_smoothness=0.62 
tol=2.50e-01, dt=5.00e-02, exp_k=20.0, momentum=0.90, levels=6, niter=500, lbl_dist=10.00, avgs=64, sigma=0.5,type=2, relabel=0, neg=no

blurring input image with Gaussian with sigma=0.500...
GCAMRegisterLevel(): init RMS 0.694136

setting smoothness cost coefficient to 2.353

#GCAMreg# pass 0 level1 3 level2 0 tsec 0 sigma 2
l_jacobian=1.00 l_label=1.00 l_log_likelihood=0.20 l_smoothness=2.35 
tol=2.50e-01, dt=5.00e-02, exp_k=20.0, momentum=0.90, levels=6, niter=500, lbl_dist=10.00, avgs=16, sigma=2.0,type=2, relabel=0, neg=no

blurring input image with Gaussian with sigma=2.000...
GCAMRegisterLevel(): init RMS 0.736916



#GCAMreg# pass 0 level1 3 level2 1 tsec 32.864 sigma 0.5
l_jacobian=1.00 l_label=1.00 l_log_likelihood=0.20 l_smoothness=2.35 
tol=2.50e-01, dt=5.00e-02, exp_k=20.0, momentum=0.90, levels=6, niter=500, lbl_dist=10.00, avgs=16, sigma=0.5,type=2, relabel=0, neg=no

blurring input image with Gaussian with sigma=0.500...
GCAMRegisterLevel(): init RMS 0.734805


setting smoothness cost coefficient to 8.000

#GCAMreg# pass 0 level1 2 level2 0 tsec 0 sigma 2
l_jacobian=1.00 l_label=1.00 l_log_likelihood=0.20 l_smoothness=8.00 
tol=2.50e-01, dt=5.00e-02, exp_k=20.0, momentum=0.90, levels=6, niter=500, lbl_dist=10.00, avgs=4, sigma=2.0,type=2, relabel=0, neg=no

blurring input image with Gaussian with sigma=2.000...
GCAMRegisterLevel(): init RMS 0.82664







#GCAMreg# pass 0 level1 2 level2 1 tsec 75.75 sigma 0.5
l_jacobian=1.00 l_label=1.00 l_log_likelihood=0.20 l_smoothness=8.00 
tol=2.50e-01, dt=5.00e-02, exp_k=20.0, momentum=0.90, levels=6, niter=500, lbl_dist=10.00, avgs=4, sigma=0.5,type=2, relabel=0, neg=no

blurring input image with Gaussian with sigma=0.500...
GCAMRegisterLevel(): init RMS 0.792897

setting smoothness cost coefficient to 20.000

#GCAMreg# pass 0 level1 1 level2 0 tsec 0 sigma 2
l_jacobian=1.00 l_label=1.00 l_log_likelihood=0.20 l_smoothness=20.00 
tol=2.50e-01, dt=5.00e-02, exp_k=20.0, momentum=0.90, levels=6, niter=500, lbl_dist=10.00, avgs=1, sigma=2.0,type=2, relabel=0, neg=no

blurring input image with Gaussian with sigma=2.000...
GCAMRegisterLevel(): init RMS 0.849614



#GCAMreg# pass 0 level1 1 level2 1 tsec 41.058 sigma 0.5
l_jacobian=1.00 l_label=1.00 l_log_likelihood=0.20 l_smoothness=20.00 
tol=2.50e-01, dt=5.00e-02, exp_k=20.0, momentum=0.90, levels=6, niter=500, lbl_dist=10.00, avgs=1, sigma=0.5,type=2, relabel=0, neg=no

blurring input image with Gaussian with sigma=0.500...
GCAMRegisterLevel(): init RMS 0.849608




resetting metric properties...
setting smoothness cost coefficient to 40.000

#GCAMreg# pass 0 level1 0 level2 0 tsec 0 sigma 2
l_jacobian=1.00 l_label=1.00 l_log_likelihood=0.20 l_smoothness=40.00 
tol=2.50e-01, dt=5.00e-02, exp_k=20.0, momentum=0.90, levels=6, niter=500, lbl_dist=10.00, avgs=0, sigma=2.0,type=2, relabel=0, neg=no

blurring input image with Gaussian with sigma=2.000...
GCAMRegisterLevel(): init RMS 0.758356



#GCAMreg# pass 0 level1 0 level2 1 tsec 39.704 sigma 0.5
l_jacobian=1.00 l_label=1.00 l_log_likelihood=0.20 l_smoothness=40.00 
tol=2.50e-01, dt=5.00e-02, exp_k=20.0, momentum=0.90, levels=6, niter=500, lbl_dist=10.00, avgs=0, sigma=0.5,type=2, relabel=0, neg=no

blurring input image with Gaussian with sigma=0.500...
GCAMRegisterLevel(): init RMS 0.754942

GCAMregister done in 16.3606 min
Starting GCAmapRenormalizeWithAlignment() without scales
renormalizing by structure alignment....
renormalizing input #0
gca peak = 0.10253 (16)
mri peak = 0.08925 (28)
Left_Lateral_Ventricle (4): linear fit = 1.48 x + 0.0 (1553 voxels, overlap=0.421)
Left_Lateral_Ventricle (4): linear fit = 1.48 x + 0.0 (1553 voxels, peak = 24), gca=23.6
gca peak = 0.17690 (16)
mri peak = 0.06794 (27)
Right_Lateral_Ventricle (43): linear fit = 1.83 x + 0.0 (1064 voxels, overlap=0.283)
Right_Lateral_Ventricle (43): linear fit = 1.50 x + 0.0 (1064 voxels, peak = 29), gca=24.0
gca peak = 0.28275 (96)
mri peak = 0.09317 (96)
Right_Pallidum (52): linear fit = 1.00 x + 0.0 (1289 voxels, overlap=1.001)
Right_Pallidum (52): linear fit = 1.00 x + 0.0 (1289 voxels, peak = 96), gca=95.5
gca peak = 0.18948 (93)
mri peak = 0.06128 (93)
Left_Pallidum (13): linear fit = 0.99 x + 0.0 (1034 voxels, overlap=1.007)
Left_Pallidum (13): linear fit = 0.99 x + 0.0 (1034 voxels, peak = 92), gca=91.6
gca peak = 0.20755 (55)
mri peak = 0.05638 (77)
Right_Hippocampus (53): linear fit = 1.38 x + 0.0 (1178 voxels, overlap=0.031)
Right_Hippocampus (53): linear fit = 1.38 x + 0.0 (1178 voxels, peak = 76), gca=75.6
gca peak = 0.31831 (58)
mri peak = 0.06154 (77)
Left_Hippocampus (17): linear fit = 1.34 x + 0.0 (1029 voxels, overlap=0.020)
Left_Hippocampus (17): linear fit = 1.34 x + 0.0 (1029 voxels, peak = 77), gca=77.4
gca peak = 0.11957 (102)
mri peak = 0.09688 (104)
Right_Cerebral_White_Matter (41): linear fit = 1.02 x + 0.0 (90997 voxels, overlap=0.711)
Right_Cerebral_White_Matter (41): linear fit = 1.02 x + 0.0 (90997 voxels, peak = 105), gca=104.5
gca peak = 0.11429 (102)
mri peak = 0.10615 (106)
Left_Cerebral_White_Matter (2): linear fit = 1.03 x + 0.0 (94865 voxels, overlap=0.663)
Left_Cerebral_White_Matter (2): linear fit = 1.03 x + 0.0 (94865 voxels, peak = 106), gca=105.6
gca peak = 0.14521 (59)
mri peak = 0.03557 (72)
Left_Cerebral_Cortex (3): linear fit = 1.29 x + 0.0 (34015 voxels, overlap=0.005)
Left_Cerebral_Cortex (3): linear fit = 1.29 x + 0.0 (34015 voxels, peak = 76), gca=76.4
gca peak = 0.14336 (58)
mri peak = 0.03660 (77)
Right_Cerebral_Cortex (42): linear fit = 1.29 x + 0.0 (35631 voxels, overlap=0.004)
Right_Cerebral_Cortex (42): linear fit = 1.29 x + 0.0 (35631 voxels, peak = 75), gca=75.1
gca peak = 0.13305 (70)
mri peak = 0.10170 (76)
Right_Caudate (50): linear fit = 1.12 x + 0.0 (697 voxels, overlap=0.328)
Right_Caudate (50): linear fit = 1.12 x + 0.0 (697 voxels, peak = 78), gca=78.1
gca peak = 0.15761 (71)
mri peak = 0.11167 (81)
Left_Caudate (11): linear fit = 1.11 x + 0.0 (1116 voxels, overlap=0.440)
Left_Caudate (11): linear fit = 1.11 x + 0.0 (1116 voxels, peak = 78), gca=78.5
gca peak = 0.13537 (57)
mri peak = 0.04087 (77)
Left_Cerebellum_Cortex (8): linear fit = 1.40 x + 0.0 (21874 voxels, overlap=0.001)
Left_Cerebellum_Cortex (8): linear fit = 1.40 x + 0.0 (21874 voxels, peak = 80), gca=80.1
gca peak = 0.13487 (56)
mri peak = 0.04842 (75)
Right_Cerebellum_Cortex (47): linear fit = 1.38 x + 0.0 (30729 voxels, overlap=0.001)
Right_Cerebellum_Cortex (47): linear fit = 1.38 x + 0.0 (30729 voxels, peak = 77), gca=77.0
gca peak = 0.19040 (84)
mri peak = 0.03925 (95)
Left_Cerebellum_White_Matter (7): linear fit = 1.17 x + 0.0 (11184 voxels, overlap=0.002)
Left_Cerebellum_White_Matter (7): linear fit = 1.17 x + 0.0 (11184 voxels, peak = 99), gca=98.7
gca peak = 0.18871 (83)
mri peak = 0.04285 (85)
Right_Cerebellum_White_Matter (46): linear fit = 1.05 x + 0.0 (9396 voxels, overlap=0.859)
Right_Cerebellum_White_Matter (46): linear fit = 1.05 x + 0.0 (9396 voxels, peak = 88), gca=87.6
gca peak = 0.24248 (57)
mri peak = 0.07050 (84)
Left_Amygdala (18): linear fit = 1.38 x + 0.0 (385 voxels, overlap=0.061)
Left_Amygdala (18): linear fit = 1.38 x + 0.0 (385 voxels, peak = 78), gca=78.4
gca peak = 0.35833 (56)
mri peak = 0.07559 (71)
Right_Amygdala (54): linear fit = 1.27 x + 0.0 (671 voxels, overlap=0.070)
Right_Amygdala (54): linear fit = 1.27 x + 0.0 (671 voxels, peak = 71), gca=71.4
gca peak = 0.12897 (85)
mri peak = 0.06275 (99)
Left_Thalamus (10): linear fit = 1.13 x + 0.0 (7523 voxels, overlap=0.385)
Left_Thalamus (10): linear fit = 1.13 x + 0.0 (7523 voxels, peak = 96), gca=96.5
gca peak = 0.13127 (83)
mri peak = 0.06870 (88)
Right_Thalamus (49): linear fit = 1.11 x + 0.0 (5408 voxels, overlap=0.655)
Right_Thalamus (49): linear fit = 1.11 x + 0.0 (5408 voxels, peak = 92), gca=91.7
gca peak = 0.12974 (78)
mri peak = 0.05440 (89)
Left_Putamen (12): linear fit = 1.21 x + 0.0 (3111 voxels, overlap=0.080)
Left_Putamen (12): linear fit = 1.21 x + 0.0 (3111 voxels, peak = 94), gca=94.0
gca peak = 0.17796 (79)
mri peak = 0.07027 (85)
Right_Putamen (51): linear fit = 1.10 x + 0.0 (3180 voxels, overlap=0.596)
Right_Putamen (51): linear fit = 1.10 x + 0.0 (3180 voxels, peak = 87), gca=86.5
gca peak = 0.10999 (80)
mri peak = 0.06647 (91)
Brain_Stem (16): linear fit = 1.16 x + 0.0 (10685 voxels, overlap=0.129)
Brain_Stem (16): linear fit = 1.16 x + 0.0 (10685 voxels, peak = 93), gca=93.2
gca peak = 0.13215 (88)
mri peak = 0.06748 (98)
Right_VentralDC (60): linear fit = 1.12 x + 0.0 (1143 voxels, overlap=0.371)
Right_VentralDC (60): linear fit = 1.12 x + 0.0 (1143 voxels, peak = 98), gca=98.1
gca peak = 0.11941 (89)
mri peak = 0.05740 (102)
Left_VentralDC (28): linear fit = 1.18 x + 0.0 (1494 voxels, overlap=0.246)
Left_VentralDC (28): linear fit = 1.18 x + 0.0 (1494 voxels, peak = 105), gca=105.5
gca peak = 0.20775 (25)
uniform distribution in MR - rejecting arbitrary fit
gca peak = 0.13297 (21)
mri peak = 0.10193 (32)
Fourth_Ventricle (15): linear fit = 1.74 x + 0.0 (809 voxels, overlap=0.149)
Fourth_Ventricle (15): linear fit = 1.74 x + 0.0 (809 voxels, peak = 36), gca=36.4
gca peak Unknown = 0.94777 ( 0)
gca peak Left_Inf_Lat_Vent = 0.19087 (28)
gca peak Third_Ventricle = 0.20775 (25)
gca peak Fourth_Ventricle = 0.13297 (21)
gca peak CSF = 0.16821 (33)
gca peak Left_Accumbens_area = 0.32850 (63)
gca peak Left_undetermined = 0.98480 (28)
gca peak Left_vessel = 0.40887 (53)
gca peak Left_choroid_plexus = 0.10898 (46)
gca peak Right_Inf_Lat_Vent = 0.17798 (26)
gca peak Right_Accumbens_area = 0.30137 (64)
gca peak Right_vessel = 0.47828 (52)
gca peak Right_choroid_plexus = 0.11612 (45)
gca peak Fifth_Ventricle = 0.59466 (35)
gca peak WM_hypointensities = 0.10053 (78)
gca peak non_WM_hypointensities = 0.07253 (60)
gca peak Optic_Chiasm = 0.25330 (73)
not using caudate to estimate GM means
estimating mean gm scale to be 1.33 x + 0.0
estimating mean wm scale to be 1.03 x + 0.0
estimating mean csf scale to be 1.49 x + 0.0
saving intensity scales to talairach.label_intensities.txt
GCAmapRenormalizeWithAlignment() took 3.1818 min
noneg pre
Starting GCAMregister()
label assignment complete, 0 changed (0.00%)
npasses = 1, nlevels = 6
#pass# 1 of 1 ************************
enabling zero nodes
setting smoothness cost coefficient to 0.008

#GCAMreg# pass 0 level1 5 level2 0 tsec 0 sigma 2
l_jacobian=1.00 l_label=1.00 l_log_likelihood=0.20 l_smoothness=0.01 
tol=5.00e-02, dt=5.00e-02, exp_k=20.0, momentum=0.90, levels=6, niter=500, lbl_dist=10.00, avgs=256, sigma=2.0,type=2, relabel=0, neg=no

blurring input image with Gaussian with sigma=2.000...
GCAMRegisterLevel(): init RMS 0.766723



























#GCAMreg# pass 0 level1 5 level2 1 tsec 566.233 sigma 0.5
l_jacobian=1.00 l_label=1.00 l_log_likelihood=0.20 l_smoothness=0.01 
tol=5.00e-02, dt=5.00e-02, exp_k=20.0, momentum=0.90, levels=6, niter=500, lbl_dist=10.00, avgs=256, sigma=0.5,type=2, relabel=0, neg=no

blurring input image with Gaussian with sigma=0.500...
GCAMRegisterLevel(): init RMS 0.653153



































































setting smoothness cost coefficient to 0.031

#GCAMreg# pass 0 level1 4 level2 0 tsec 0 sigma 2
l_jacobian=1.00 l_label=1.00 l_log_likelihood=0.20 l_smoothness=0.03 
tol=5.00e-02, dt=5.00e-02, exp_k=20.0, momentum=0.90, levels=6, niter=500, lbl_dist=10.00, avgs=64, sigma=2.0,type=2, relabel=0, neg=no

blurring input image with Gaussian with sigma=2.000...
GCAMRegisterLevel(): init RMS 0.626772





































































































#GCAMreg# pass 0 level1 4 level2 1 tsec 992.312 sigma 0.5
l_jacobian=1.00 l_label=1.00 l_log_likelihood=0.20 l_smoothness=0.03 
tol=5.00e-02, dt=5.00e-02, exp_k=20.0, momentum=0.90, levels=6, niter=500, lbl_dist=10.00, avgs=64, sigma=0.5,type=2, relabel=0, neg=no

blurring input image with Gaussian with sigma=0.500...
GCAMRegisterLevel(): init RMS 0.558089
































setting smoothness cost coefficient to 0.118

#GCAMreg# pass 0 level1 3 level2 0 tsec 0 sigma 2
l_jacobian=1.00 l_label=1.00 l_log_likelihood=0.20 l_smoothness=0.12 
tol=5.00e-02, dt=5.00e-02, exp_k=20.0, momentum=0.90, levels=6, niter=500, lbl_dist=10.00, avgs=16, sigma=2.0,type=2, relabel=0, neg=no

blurring input image with Gaussian with sigma=2.000...
GCAMRegisterLevel(): init RMS 0.56132

































































#GCAMreg# pass 0 level1 3 level2 1 tsec 479.509 sigma 0.5
l_jacobian=1.00 l_label=1.00 l_log_likelihood=0.20 l_smoothness=0.12 
tol=5.00e-02, dt=5.00e-02, exp_k=20.0, momentum=0.90, levels=6, niter=500, lbl_dist=10.00, avgs=16, sigma=0.5,type=2, relabel=0, neg=no

blurring input image with Gaussian with sigma=0.500...
GCAMRegisterLevel(): init RMS 0.523629








setting smoothness cost coefficient to 0.400

#GCAMreg# pass 0 level1 2 level2 0 tsec 0 sigma 2
l_jacobian=1.00 l_label=1.00 l_log_likelihood=0.20 l_smoothness=0.40 
tol=5.00e-02, dt=5.00e-02, exp_k=20.0, momentum=0.90, levels=6, niter=500, lbl_dist=10.00, avgs=4, sigma=2.0,type=2, relabel=0, neg=no

blurring input image with Gaussian with sigma=2.000...
GCAMRegisterLevel(): init RMS 0.546888


#GCAMreg# pass 0 level1 2 level2 1 tsec 36.614 sigma 0.5
l_jacobian=1.00 l_label=1.00 l_log_likelihood=0.20 l_smoothness=0.40 
tol=5.00e-02, dt=5.00e-02, exp_k=20.0, momentum=0.90, levels=6, niter=500, lbl_dist=10.00, avgs=4, sigma=0.5,type=2, relabel=0, neg=no

blurring input image with Gaussian with sigma=0.500...
GCAMRegisterLevel(): init RMS 0.546888

setting smoothness cost coefficient to 1.000

#GCAMreg# pass 0 level1 1 level2 0 tsec 0 sigma 2
l_jacobian=1.00 l_label=1.00 l_log_likelihood=0.20 l_smoothness=1.00 
tol=5.00e-02, dt=5.00e-02, exp_k=20.0, momentum=0.90, levels=6, niter=500, lbl_dist=10.00, avgs=1, sigma=2.0,type=2, relabel=0, neg=no

blurring input image with Gaussian with sigma=2.000...
GCAMRegisterLevel(): init RMS 0.600467





#GCAMreg# pass 0 level1 1 level2 1 tsec 60.229 sigma 0.5
l_jacobian=1.00 l_label=1.00 l_log_likelihood=0.20 l_smoothness=1.00 
tol=5.00e-02, dt=5.00e-02, exp_k=20.0, momentum=0.90, levels=6, niter=500, lbl_dist=10.00, avgs=1, sigma=0.5,type=2, relabel=0, neg=no

blurring input image with Gaussian with sigma=0.500...
GCAMRegisterLevel(): init RMS 0.590817



resetting metric properties...
setting smoothness cost coefficient to 2.000

#GCAMreg# pass 0 level1 0 level2 0 tsec 0 sigma 2
l_jacobian=1.00 l_label=1.00 l_log_likelihood=0.20 l_smoothness=2.00 
tol=5.00e-02, dt=5.00e-02, exp_k=20.0, momentum=0.90, levels=6, niter=500, lbl_dist=10.00, avgs=0, sigma=2.0,type=2, relabel=0, neg=no

blurring input image with Gaussian with sigma=2.000...
GCAMRegisterLevel(): init RMS 0.545571




#GCAMreg# pass 0 level1 0 level2 1 tsec 51.999 sigma 0.5
l_jacobian=1.00 l_label=1.00 l_log_likelihood=0.20 l_smoothness=2.00 
tol=5.00e-02, dt=5.00e-02, exp_k=20.0, momentum=0.90, levels=6, niter=500, lbl_dist=10.00, avgs=0, sigma=0.5,type=2, relabel=0, neg=no

blurring input image with Gaussian with sigma=0.500...
GCAMRegisterLevel(): init RMS 0.522872



















GCAMregister done in 58.1952 min
********************* ALLOWING NEGATIVE NODES IN DEFORMATION********************************
noneg post
Starting GCAMregister()
label assignment complete, 0 changed (0.00%)
npasses = 1, nlevels = 6
#pass# 1 of 1 ************************
enabling zero nodes
setting smoothness cost coefficient to 0.008

#GCAMreg# pass 0 level1 5 level2 0 tsec 0 sigma 2
l_jacobian=1.00 l_label=1.00 l_log_likelihood=0.20 l_smoothness=0.01 
tol=2.50e-01, dt=5.00e-02, exp_k=20.0, momentum=0.90, levels=6, niter=500, lbl_dist=10.00, avgs=256, sigma=2.0,type=2, relabel=0, neg=yes

blurring input image with Gaussian with sigma=2.000...
GCAMRegisterLevel(): init RMS 0.509768


#GCAMreg# pass 0 level1 5 level2 1 tsec 48.089 sigma 0.5
l_jacobian=1.00 l_label=1.00 l_log_likelihood=0.20 l_smoothness=0.01 
tol=2.50e-01, dt=5.00e-02, exp_k=20.0, momentum=0.90, levels=6, niter=500, lbl_dist=10.00, avgs=256, sigma=0.5,type=2, relabel=0, neg=yes

blurring input image with Gaussian with sigma=0.500...
GCAMRegisterLevel(): init RMS 0.509768



