GCCcore/11.3.0
zlib/1.2.12-GCCcore-11.3.0
binutils/2.38-GCCcore-11.3.0
GCC/11.3.0
numactl/2.0.14-GCCcore-11.3.0
XZ/5.2.5-GCCcore-11.3.0
libxml2/2.9.13-GCCcore-11.3.0
libpciaccess/0.16-GCCcore-11.3.0
hwloc/2.7.1-GCCcore-11.3.0
OpenSSL/1.1
libevent/2.1.12-GCCcore-11.3.0
UCX/1.12.1-GCCcore-11.3.0
libfabric/1.15.1-GCCcore-11.3.0
PMIx/4.1.2-GCCcore-11.3.0
UCC/1.0.0-GCCcore-11.3.0
OpenMPI/4.1.4-GCC-11.3.0
OpenBLAS/0.3.20-GCC-11.3.0
FlexiBLAS/3.2.0-GCC-11.3.0
FFTW/3.3.10-GCC-11.3.0
gompi/2022a
FFTW.MPI/3.3.10-gompi-2022a
ScaLAPACK/2.2.0-gompi-2022a-fb
foss/2022a
bzip2/1.0.8-GCCcore-11.3.0
ncurses/6.3-GCCcore-11.3.0
libreadline/8.1.2-GCCcore-11.3.0
ncurses/6.3-GCCcore-11.3.0
Tcl/8.6.12-GCCcore-11.3.0
SQLite/3.38.3-GCCcore-11.3.0
GMP/6.2.1-GCCcore-11.3.0
libffi/3.4.2-GCCcore-11.3.0
Python/3.10.4-GCCcore-11.3.0
pybind11/2.9.2-GCCcore-11.3.0
SciPy-bundle/2022.05-foss-2022a
libxml2/2.9.13-GCCcore-11.3.0
libxslt/1.1.34-GCCcore-11.3.0
libpng/1.6.37-GCCcore-11.3.0
Brotli/1.0.9-GCCcore-11.3.0
freetype/2.12.1-GCCcore-11.3.0
expat/2.4.8-GCCcore-11.3.0
util-linux/2.38-GCCcore-11.3.0
fontconfig/2.14.0-GCCcore-11.3.0
xorg-macros/1.19.3-GCCcore-11.3.0
X11/20220504-GCCcore-11.3.0
Tk/8.6.12-GCCcore-11.3.0
Tkinter/3.10.4-GCCcore-11.3.0
NASM/2.15.05-GCCcore-11.3.0
libjpeg-turbo/2.1.3-GCCcore-11.3.0
jbigkit/2.1-GCCcore-11.3.0
gzip/1.12-GCCcore-11.3.0
lz4/1.9.3-GCCcore-11.3.0
zstd/1.5.2-GCCcore-11.3.0
libdeflate/1.10-GCCcore-11.3.0
LibTIFF/4.3.0-GCCcore-11.3.0
Pillow/9.1.1-GCCcore-11.3.0
Qhull/2020.2-GCCcore-11.3.0
matplotlib/3.5.2-foss-2022a
tqdm/4.64.0-GCCcore-11.3.0
scikit-learn/1.1.2-foss-2022a
LLVM/12.0.1-GCCcore-11.3.0
numba/0.56.4-foss-2022a
pydicom/2.3.0-GCCcore-11.3.0
NiBabel/4.0.2-foss-2022a
Szip/2.1.1-GCCcore-11.3.0
HDF5/1.12.2-gompi-2022a
h5py/3.7.0-foss-2022a
imageio/2.22.2-foss-2022a
libdrm/2.4.110-GCCcore-11.3.0
libglvnd/1.4.0-GCCcore-11.3.0
libunwind/1.6.2-GCCcore-11.3.0
Mesa/22.0.3-GCCcore-11.3.0
libGLU/9.0.2-GCCcore-11.3.0
VTK/9.2.2-foss-2022a
MNE-Python/1.3.1-foss-2022a
MCR/R2019b.8
FreeSurfer/7.4.1-centos8_x86_64
fs-check-version --s sub-CC120264_T1w --o /tmp/tmp.Qlmt8u
Mon Sep 23 17:52:06 BST 2024

setenv SUBJECTS_DIR /rds/projects/q/quinna-camcan/cc700/mri/pipeline/release004/BIDS_20190411/anat
cd /rds/projects/q/quinna-camcan/ghafarit-scripts/github/camcan-laterality/mne_python/source
/rds/bear-apps/2022a/EL8-ice/software/FreeSurfer/7.4.1-centos8_x86_64/bin/fs-check-version --s sub-CC120264_T1w --o /tmp/tmp.Qlmt8u
-rwxrwxr-x 1 branfosj-admin build 18565 Jun 14  2023 /rds/bear-apps/2022a/EL8-ice/software/FreeSurfer/7.4.1-centos8_x86_64/bin/fs-check-version

freesurfer-linux-centos8_x86_64-7.4.1-20230613-7eb8460
$Id$
Linux bear-pg0210u07a.bear.cluster 4.18.0-372.32.1.el8_6.x86_64 #1 SMP Fri Oct 7 12:35:10 EDT 2022 x86_64 x86_64 x86_64 GNU/Linux
pid 1328165
Current FS Version freesurfer-linux-centos8_x86_64-7.4.1-20230613-7eb8460
Subject does not have a bstampfile, copying /rds/bear-apps/2022a/EL8-ice/software/FreeSurfer/7.4.1-centos8_x86_64/build-stamp.txt
Subject FS Version: freesurfer-linux-centos8_x86_64-7.4.1-20230613-7eb8460
No constraints on version because REQ=UnSet and FsVerFile=NotThere
#@#% fs-check-version match = 1
fs-check-version Done
INFO: SUBJECTS_DIR is /rds/projects/q/quinna-camcan/cc700/mri/pipeline/release004/BIDS_20190411/anat
Actual FREESURFER_HOME /rds/bear-apps/2022a/EL8-ice/software/FreeSurfer/7.4.1-centos8_x86_64
Linux bear-pg0210u07a.bear.cluster 4.18.0-372.32.1.el8_6.x86_64 #1 SMP Fri Oct 7 12:35:10 EDT 2022 x86_64 x86_64 x86_64 GNU/Linux
/rds/projects/q/quinna-camcan/cc700/mri/pipeline/release004/BIDS_20190411/anat/sub-CC120264_T1w

 mri_convert /rds/projects/q/quinna-camcan/cc700/mri/pipeline/release004/BIDS_20190411/anat/sub-CC120264/anat/sub-CC120264_T1w.nii.gz /rds/projects/q/quinna-camcan/cc700/mri/pipeline/release004/BIDS_20190411/anat/sub-CC120264_T1w/mri/orig/001.mgz 

mri_convert /rds/projects/q/quinna-camcan/cc700/mri/pipeline/release004/BIDS_20190411/anat/sub-CC120264/anat/sub-CC120264_T1w.nii.gz /rds/projects/q/quinna-camcan/cc700/mri/pipeline/release004/BIDS_20190411/anat/sub-CC120264_T1w/mri/orig/001.mgz 
reading from /rds/projects/q/quinna-camcan/cc700/mri/pipeline/release004/BIDS_20190411/anat/sub-CC120264/anat/sub-CC120264_T1w.nii.gz...
TR=0.00, TE=0.00, TI=0.00, flip angle=0.00
i_ras = (-0.003515, -0.999994, 0)
j_ras = (0.00521803, -1.80006e-05, 0.999986)
k_ras = (0.99998, -0.00351512, -0.00521779)
writing to /rds/projects/q/quinna-camcan/cc700/mri/pipeline/release004/BIDS_20190411/anat/sub-CC120264_T1w/mri/orig/001.mgz...
@#@FSTIME  2024:09:23:17:52:14 mri_convert N 2 e 4.66 S 0.03 U 4.57 P 98% M 54660 F 0 R 1356 W 0 c 8 w 22 I 0 O 0 L 28.90 27.99 28.80
@#@FSLOADPOST 2024:09:23:17:52:19 mri_convert N 2 29.15 28.05 28.81
#--------------------------------------------
#@# MotionCor Mon Sep 23 17:52:20 BST 2024
Found 1 runs
/rds/projects/q/quinna-camcan/cc700/mri/pipeline/release004/BIDS_20190411/anat/sub-CC120264_T1w/mri/orig/001.mgz
Checking for (invalid) multi-frame inputs...
Only one run found so motion
correction will not be performed. I'll
copy the run to rawavg and continue.

 cp /rds/projects/q/quinna-camcan/cc700/mri/pipeline/release004/BIDS_20190411/anat/sub-CC120264_T1w/mri/orig/001.mgz /rds/projects/q/quinna-camcan/cc700/mri/pipeline/release004/BIDS_20190411/anat/sub-CC120264_T1w/mri/rawavg.mgz 


 mri_info /rds/projects/q/quinna-camcan/cc700/mri/pipeline/release004/BIDS_20190411/anat/sub-CC120264_T1w/mri/rawavg.mgz 

rawavg.mgz ========================================
Volume information for /rds/projects/q/quinna-camcan/cc700/mri/pipeline/release004/BIDS_20190411/anat/sub-CC120264_T1w/mri/rawavg.mgz
          type: MGH
    dimensions: 256 x 256 x 192
   voxel sizes: 1.000000, 1.000000, 1.000000
          type: FLOAT (3)
           fov: 256.000
           dof: 1
        xstart: -128.0, xend: 128.0
        ystart: -128.0, yend: 128.0
        zstart: -96.0, zend: 96.0
            TR: 0.00 msec, TE: 0.00 msec, TI: 0.00 msec, flip angle: 0.00 degrees
       nframes: 1
       PhEncDir: UNKNOWN
       FieldStrength: 0.000000
ras xform present
    xform info: x_r =  -0.0035, y_r =   0.0052, z_r =   1.0000, c_r =    -4.8696
              : x_a =  -1.0000, y_a =  -0.0000, z_a =  -0.0035, c_a =    13.7025
              : x_s =   0.0000, y_s =   1.0000, z_s =  -0.0052, c_s =    -6.2364

talairach xfm : 
Orientation   : PSR
Primary Slice Direction: sagittal

voxel to ras transform:
               -0.0035   0.0052   1.0000  -101.0857
               -1.0000  -0.0000  -0.0035   142.0415
                0.0000   1.0000  -0.0052  -133.7337
                0.0000   0.0000   0.0000     1.0000

voxel-to-ras determinant -1

ras to voxel transform:
               -0.0035  -1.0000   0.0000   141.6853
                0.0052  -0.0000   1.0000   134.2620
                1.0000  -0.0035  -0.0052   100.8851
               -0.0000  -0.0000  -0.0000     1.0000
/rds/projects/q/quinna-camcan/cc700/mri/pipeline/release004/BIDS_20190411/anat/sub-CC120264_T1w

 mri_convert /rds/projects/q/quinna-camcan/cc700/mri/pipeline/release004/BIDS_20190411/anat/sub-CC120264_T1w/mri/rawavg.mgz /rds/projects/q/quinna-camcan/cc700/mri/pipeline/release004/BIDS_20190411/anat/sub-CC120264_T1w/mri/orig.mgz --conform 

mri_convert /rds/projects/q/quinna-camcan/cc700/mri/pipeline/release004/BIDS_20190411/anat/sub-CC120264_T1w/mri/rawavg.mgz /rds/projects/q/quinna-camcan/cc700/mri/pipeline/release004/BIDS_20190411/anat/sub-CC120264_T1w/mri/orig.mgz --conform 
reading from /rds/projects/q/quinna-camcan/cc700/mri/pipeline/release004/BIDS_20190411/anat/sub-CC120264_T1w/mri/rawavg.mgz...
TR=0.00, TE=0.00, TI=0.00, flip angle=0.00
i_ras = (-0.003515, -0.999994, 0)
j_ras = (0.00521803, -1.80006e-05, 0.999986)
k_ras = (0.99998, -0.00351512, -0.00521779)
changing data type from float to uchar (noscale = 0)...
MRIchangeType: Building histogram 0 834 1000, flo=0, fhi=0.999, dest_type=0
Reslicing using trilinear interpolation 
writing to /rds/projects/q/quinna-camcan/cc700/mri/pipeline/release004/BIDS_20190411/anat/sub-CC120264_T1w/mri/orig.mgz...
@#@FSTIME  2024:09:23:17:52:24 mri_convert N 3 e 3.51 S 0.03 U 3.47 P 99% M 66892 F 0 R 6620 W 0 c 6 w 13 I 0 O 0 L 29.14 28.07 28.81
@#@FSLOADPOST 2024:09:23:17:52:27 mri_convert N 3 29.29 28.12 28.83

 mri_add_xform_to_header -c /rds/projects/q/quinna-camcan/cc700/mri/pipeline/release004/BIDS_20190411/anat/sub-CC120264_T1w/mri/transforms/talairach.xfm /rds/projects/q/quinna-camcan/cc700/mri/pipeline/release004/BIDS_20190411/anat/sub-CC120264_T1w/mri/orig.mgz /rds/projects/q/quinna-camcan/cc700/mri/pipeline/release004/BIDS_20190411/anat/sub-CC120264_T1w/mri/orig.mgz 

INFO: extension is mgz
@#@FSTIME  2024:09:23:17:52:27 mri_add_xform_to_header N 4 e 1.24 S 0.02 U 1.21 P 99% M 21428 F 0 R 1303 W 0 c 3 w 30 I 0 O 0 L 29.29 28.12 28.83
@#@FSLOADPOST 2024:09:23:17:52:29 mri_add_xform_to_header N 4 29.29 28.12 28.83

 mri_info /rds/projects/q/quinna-camcan/cc700/mri/pipeline/release004/BIDS_20190411/anat/sub-CC120264_T1w/mri/orig.mgz 

orig.mgz ========================================
Volume information for /rds/projects/q/quinna-camcan/cc700/mri/pipeline/release004/BIDS_20190411/anat/sub-CC120264_T1w/mri/orig.mgz
          type: MGH
    dimensions: 256 x 256 x 256
   voxel sizes: 1.000000, 1.000000, 1.000000
          type: UCHAR (0)
           fov: 256.000
           dof: 1
        xstart: -128.0, xend: 128.0
        ystart: -128.0, yend: 128.0
        zstart: -128.0, zend: 128.0
            TR: 0.00 msec, TE: 0.00 msec, TI: 0.00 msec, flip angle: 0.00 degrees
       nframes: 1
       PhEncDir: UNKNOWN
       FieldStrength: 0.000000
ras xform present
    xform info: x_r =  -1.0000, y_r =   0.0000, z_r =   0.0000, c_r =    -4.8696
              : x_a =  -0.0000, y_a =   0.0000, z_a =   1.0000, c_a =    13.7025
              : x_s =   0.0000, y_s =  -1.0000, z_s =   0.0000, c_s =    -6.2364

talairach xfm : /rds/projects/q/quinna-camcan/cc700/mri/pipeline/release004/BIDS_20190411/anat/sub-CC120264_T1w/mri/transforms/talairach.xfm
Orientation   : LIA
Primary Slice Direction: coronal

voxel to ras transform:
               -1.0000   0.0000   0.0000   123.1304
               -0.0000   0.0000   1.0000  -114.2975
                0.0000  -1.0000   0.0000   121.7636
                0.0000   0.0000   0.0000     1.0000

voxel-to-ras determinant -1

ras to voxel transform:
               -1.0000   0.0000  -0.0000   123.1304
               -0.0000   0.0000  -1.0000   121.7636
               -0.0000   1.0000  -0.0000   114.2975
               -0.0000  -0.0000  -0.0000     1.0000
#--------------------------------------------
#@# Talairach Mon Sep 23 17:52:29 BST 2024
/rds/projects/q/quinna-camcan/cc700/mri/pipeline/release004/BIDS_20190411/anat/sub-CC120264_T1w/mri

 mri_nu_correct.mni --no-rescale --i orig.mgz --o orig_nu.mgz --ants-n4 --n 1 --proto-iters 1000 --distance 50 

/usr/bin/bc
/rds/projects/q/quinna-camcan/cc700/mri/pipeline/release004/BIDS_20190411/anat/sub-CC120264_T1w/mri
/rds/bear-apps/2022a/EL8-ice/software/FreeSurfer/7.4.1-centos8_x86_64/bin/mri_nu_correct.mni
--no-rescale --i orig.mgz --o orig_nu.mgz --ants-n4 --n 1 --proto-iters 1000 --distance 50
nIters 1
mri_nu_correct.mni 7.4.1
Linux bear-pg0210u07a.bear.cluster 4.18.0-372.32.1.el8_6.x86_64 #1 SMP Fri Oct 7 12:35:10 EDT 2022 x86_64 x86_64 x86_64 GNU/Linux
Mon Sep 23 17:52:29 BST 2024
tmpdir is ./tmp.mri_nu_correct.mni.1329584
cd /rds/projects/q/quinna-camcan/cc700/mri/pipeline/release004/BIDS_20190411/anat/sub-CC120264_T1w/mri
AntsN4BiasFieldCorrectionFs -i orig.mgz -o ./tmp.mri_nu_correct.mni.1329584/nu0.mgz --dtype uchar
AntsN4BiasFieldCorrectionFs done
mri_convert ./tmp.mri_nu_correct.mni.1329584/nu0.mgz orig_nu.mgz --like orig.mgz --conform
mri_convert ./tmp.mri_nu_correct.mni.1329584/nu0.mgz orig_nu.mgz --like orig.mgz --conform 
reading from ./tmp.mri_nu_correct.mni.1329584/nu0.mgz...
TR=0.00, TE=0.00, TI=0.00, flip angle=0.00
i_ras = (-1, -2.32831e-10, 0)
j_ras = (4.65661e-10, 0, -1)
k_ras = (0, 1, 1.81899e-12)
INFO: transform src into the like-volume: orig.mgz
writing to orig_nu.mgz...
 
 
Mon Sep 23 17:54:20 BST 2024
mri_nu_correct.mni done
@#@FSTIME  2024:09:23:17:52:29 mri_nu_correct.mni N 12 e 110.71 S 0.48 U 110.02 P 99% M 517428 F 0 R 45792 W 0 c 259 w 3664 I 0 O 0 L 29.29 28.12 28.83
@#@FSLOADPOST 2024:09:23:17:54:20 mri_nu_correct.mni N 12 31.21 29.31 29.19

 talairach_avi --i orig_nu.mgz --xfm transforms/talairach.auto.xfm 

talairach_avi log file is transforms/talairach_avi.log...
mv -f /rds/projects/q/quinna-camcan/cc700/mri/pipeline/release004/BIDS_20190411/anat/sub-CC120264_T1w/mri/talsrcimg_to_711-2C_as_mni_average_305_t4_vox2vox.txt /rds/projects/q/quinna-camcan/cc700/mri/pipeline/release004/BIDS_20190411/anat/sub-CC120264_T1w/mri/transforms/talsrcimg_to_711-2C_as_mni_average_305_t4_vox2vox.txt
Started at Mon Sep 23 17:54:20 BST 2024
Ended   at Mon Sep 23 17:54:37 BST 2024
talairach_avi done
@#@FSTIME  2024:09:23:17:54:20 talairach_avi N 4 e 16.72 S 1.01 U 9.58 P 63% M 255912 F 0 R 38012 W 0 c 62 w 427 I 0 O 32 L 31.21 29.31 29.19
@#@FSLOADPOST 2024:09:23:17:54:37 talairach_avi N 4 30.78 29.31 29.19

 cp transforms/talairach.auto.xfm transforms/talairach.xfm 

lta_convert --src orig.mgz --trg /rds/bear-apps/2022a/EL8-ice/software/FreeSurfer/7.4.1-centos8_x86_64/average/mni305.cor.mgz --inxfm transforms/talairach.xfm --outlta transforms/talairach.xfm.lta --subject fsaverage --ltavox2vox
7.4.1

--src: orig.mgz src image (geometry).
--trg: /rds/bear-apps/2022a/EL8-ice/software/FreeSurfer/7.4.1-centos8_x86_64/average/mni305.cor.mgz trg image (geometry).
--inmni: transforms/talairach.xfm input MNI/XFM transform.
--outlta: transforms/talairach.xfm.lta output LTA.
--s: fsaverage subject name
--ltavox2vox: output LTA as VOX_TO_VOX transform.
 LTA read, type : 1
 1.04319   0.06365   0.00747   3.57547;
-0.06538   0.93692   0.19872  -25.32747;
-0.01425  -0.15975   1.03603   26.80209;
 0.00000   0.00000   0.00000   1.00000;
setting subject to fsaverage
Writing  LTA to file transforms/talairach.xfm.lta...
lta_convert successful.
/rds/projects/q/quinna-camcan/cc700/mri/pipeline/release004/BIDS_20190411/anat/sub-CC120264_T1w/mri/transforms /rds/projects/q/quinna-camcan/cc700/mri/pipeline/release004/BIDS_20190411/anat/sub-CC120264_T1w/mri 
/rds/projects/q/quinna-camcan/cc700/mri/pipeline/release004/BIDS_20190411/anat/sub-CC120264_T1w/mri 
#--------------------------------------------
#@# Nu Intensity Correction Mon Sep 23 17:54:39 BST 2024

 mri_nu_correct.mni --i orig.mgz --o nu.mgz --uchar transforms/talairach.xfm --n 2 --ants-n4 

/usr/bin/bc
/rds/projects/q/quinna-camcan/cc700/mri/pipeline/release004/BIDS_20190411/anat/sub-CC120264_T1w/mri
/rds/bear-apps/2022a/EL8-ice/software/FreeSurfer/7.4.1-centos8_x86_64/bin/mri_nu_correct.mni
--i orig.mgz --o nu.mgz --uchar transforms/talairach.xfm --n 2 --ants-n4
nIters 2
mri_nu_correct.mni 7.4.1
Linux bear-pg0210u07a.bear.cluster 4.18.0-372.32.1.el8_6.x86_64 #1 SMP Fri Oct 7 12:35:10 EDT 2022 x86_64 x86_64 x86_64 GNU/Linux
Mon Sep 23 17:54:39 BST 2024
tmpdir is ./tmp.mri_nu_correct.mni.1331938
cd /rds/projects/q/quinna-camcan/cc700/mri/pipeline/release004/BIDS_20190411/anat/sub-CC120264_T1w/mri
AntsN4BiasFieldCorrectionFs -i orig.mgz -o ./tmp.mri_nu_correct.mni.1331938/nu0.mgz --dtype uchar
AntsN4BiasFieldCorrectionFs done
mri_binarize --i ./tmp.mri_nu_correct.mni.1331938/nu0.mgz --min -1 --o ./tmp.mri_nu_correct.mni.1331938/ones.mgz

7.4.1
cwd /rds/projects/q/quinna-camcan/cc700/mri/pipeline/release004/BIDS_20190411/anat/sub-CC120264_T1w/mri
cmdline mri_binarize --i ./tmp.mri_nu_correct.mni.1331938/nu0.mgz --min -1 --o ./tmp.mri_nu_correct.mni.1331938/ones.mgz 
sysname  Linux
hostname bear-pg0210u07a.bear.cluster
machine  x86_64
user     ghafarit

input      ./tmp.mri_nu_correct.mni.1331938/nu0.mgz
frame      0
nErode3d   0
nErode2d   0
output     ./tmp.mri_nu_correct.mni.1331938/ones.mgz
Binarizing based on threshold
min        -1
max        +infinity
binval        1
binvalnot     0
fstart = 0, fend = 0, nframes = 1
Starting parallel 1
Found 16777216 values in range
Counting number of voxels in first frame
Found 16777215 voxels in final mask
Writing output to ./tmp.mri_nu_correct.mni.1331938/ones.mgz
Count: 16777215 16777215.000000 16777216 99.999994
mri_binarize done
mri_segstats --id 1 --seg ./tmp.mri_nu_correct.mni.1331938/ones.mgz --i orig.mgz --sum ./tmp.mri_nu_correct.mni.1331938/sum.junk --avgwf ./tmp.mri_nu_correct.mni.1331938/input.mean.dat

7.4.1
cwd 
cmdline mri_segstats --id 1 --seg ./tmp.mri_nu_correct.mni.1331938/ones.mgz --i orig.mgz --sum ./tmp.mri_nu_correct.mni.1331938/sum.junk --avgwf ./tmp.mri_nu_correct.mni.1331938/input.mean.dat 
sysname  Linux
hostname bear-pg0210u07a.bear.cluster
machine  x86_64
user     ghafarit
whitesurfname  white
UseRobust  0
Loading ./tmp.mri_nu_correct.mni.1331938/ones.mgz
Loading orig.mgz
Voxel Volume is 1 mm^3
Generating list of segmentation ids
Found   1 segmentations
Computing statistics for each segmentation

Reporting on   1 segmentations
Using PrintSegStat
Computing spatial average of each frame

Writing to ./tmp.mri_nu_correct.mni.1331938/input.mean.dat
mri_segstats done
mri_segstats --id 1 --seg ./tmp.mri_nu_correct.mni.1331938/ones.mgz --i ./tmp.mri_nu_correct.mni.1331938/nu0.mgz --sum ./tmp.mri_nu_correct.mni.1331938/sum.junk --avgwf ./tmp.mri_nu_correct.mni.1331938/output.mean.dat

7.4.1
cwd 
cmdline mri_segstats --id 1 --seg ./tmp.mri_nu_correct.mni.1331938/ones.mgz --i ./tmp.mri_nu_correct.mni.1331938/nu0.mgz --sum ./tmp.mri_nu_correct.mni.1331938/sum.junk --avgwf ./tmp.mri_nu_correct.mni.1331938/output.mean.dat 
sysname  Linux
hostname bear-pg0210u07a.bear.cluster
machine  x86_64
user     ghafarit
whitesurfname  white
UseRobust  0
Loading ./tmp.mri_nu_correct.mni.1331938/ones.mgz
Loading ./tmp.mri_nu_correct.mni.1331938/nu0.mgz
Voxel Volume is 1 mm^3
Generating list of segmentation ids
Found   1 segmentations
Computing statistics for each segmentation

Reporting on   1 segmentations
Using PrintSegStat
Computing spatial average of each frame

Writing to ./tmp.mri_nu_correct.mni.1331938/output.mean.dat
mri_segstats done
mris_calc -o ./tmp.mri_nu_correct.mni.1331938/nu0.mgz ./tmp.mri_nu_correct.mni.1331938/nu0.mgz mul 1.07386193841455381998
Saving result to './tmp.mri_nu_correct.mni.1331938/nu0.mgz' (type = MGH )                       [ ok ]
mri_convert ./tmp.mri_nu_correct.mni.1331938/nu0.mgz nu.mgz --like orig.mgz
mri_convert ./tmp.mri_nu_correct.mni.1331938/nu0.mgz nu.mgz --like orig.mgz 
reading from ./tmp.mri_nu_correct.mni.1331938/nu0.mgz...
TR=0.00, TE=0.00, TI=0.00, flip angle=0.00
i_ras = (-1, -2.32831e-10, 0)
j_ras = (4.65661e-10, 0, -1)
k_ras = (0, 1, 1.81899e-12)
INFO: transform src into the like-volume: orig.mgz
writing to nu.mgz...
mri_make_uchar nu.mgz transforms/talairach.xfm nu.mgz
type change took 0 minutes and 3 seconds.
FIRST_PERCENTILE 0.010000
WM_PERCENTILE    0.900000
MAX_R 50.000000
i1 = 3, i2 = 57
#mri_make_uchar# mapping  8 147 to  3 110  :  b -3.41944 m 0.772516 : thresh 4.42637 maxsat 334.516 : nzero 13259548 nsat 0
 
 
Mon Sep 23 17:56:43 BST 2024
mri_nu_correct.mni done
@#@FSTIME  2024:09:23:17:54:39 mri_nu_correct.mni N 9 e 124.07 S 1.44 U 122.34 P 99% M 612320 F 0 R 176992 W 0 c 382 w 68223 I 0 O 0 L 30.78 29.31 29.19
@#@FSLOADPOST 2024:09:23:17:56:43 mri_nu_correct.mni N 9 31.94 30.13 29.50

 mri_add_xform_to_header -c /rds/projects/q/quinna-camcan/cc700/mri/pipeline/release004/BIDS_20190411/anat/sub-CC120264_T1w/mri/transforms/talairach.xfm nu.mgz nu.mgz 

INFO: extension is mgz
@#@FSTIME  2024:09:23:17:56:44 mri_add_xform_to_header N 4 e 0.32 S 0.02 U 0.29 P 98% M 21536 F 0 R 1310 W 0 c 4 w 12 I 0 O 0 L 31.94 30.13 29.50
@#@FSLOADPOST 2024:09:23:17:56:44 mri_add_xform_to_header N 4 31.94 30.13 29.50
#--------------------------------------------
#@# Intensity Normalization Mon Sep 23 17:56:44 BST 2024
/rds/projects/q/quinna-camcan/cc700/mri/pipeline/release004/BIDS_20190411/anat/sub-CC120264_T1w/mri

 mri_normalize -g 1 -seed 1234 -mprage nu.mgz T1.mgz 

using max gradient = 1.000
setting seed for random number genererator to 1234
assuming input volume is MGH (Van der Kouwe) MP-RAGE
reading mri_src from nu.mgz...
normalizing image...
NOT doing gentle normalization with control points/label
talairach transform
 1.04319   0.06365   0.00747   3.57547;
-0.06538   0.93692   0.19872  -25.32747;
-0.01425  -0.15975   1.03603   26.80209;
 0.00000   0.00000   0.00000   1.00000;
processing without aseg, no1d=0
MRInormInit(): 
INFO: Modifying talairach volume c_(r,a,s) based on average_305
MRInormalize(): 
MRIsplineNormalize(): npeaks = 22
Starting OpenSpline(): npoints = 22
building Voronoi diagram...
performing soap bubble smoothing, sigma = 8...

Iterating 2 times
---------------------------------
3d normalization pass 1 of 2
white matter peak found at 110
white matter peak found at 110
gm peak at 77 (77), valley at 38 (38)
csf peak at 39, setting threshold to 64
building Voronoi diagram...
performing soap bubble smoothing, sigma = 8...
---------------------------------
3d normalization pass 2 of 2
white matter peak found at 110
white matter peak found at 110
gm peak at 78 (78), valley at 23 (23)
csf peak at 40, setting threshold to 65
building Voronoi diagram...
performing soap bubble smoothing, sigma = 8...
Done iterating ---------------------------------
writing output to T1.mgz
3D bias adjustment took 1 minutes and 14 seconds.
@#@FSTIME  2024:09:23:17:56:44 mri_normalize N 7 e 74.19 S 0.16 U 73.80 P 99% M 583896 F 0 R 22627 W 0 c 217 w 11 I 0 O 0 L 31.94 30.13 29.50
@#@FSLOADPOST 2024:09:23:17:57:58 mri_normalize N 7 31.12 30.27 29.60
#--------------------------------------------
#@# Skull Stripping Mon Sep 23 17:57:58 BST 2024
/rds/projects/q/quinna-camcan/cc700/mri/pipeline/release004/BIDS_20190411/anat/sub-CC120264_T1w/mri

 mri_em_register -skull nu.mgz /rds/bear-apps/2022a/EL8-ice/software/FreeSurfer/7.4.1-centos8_x86_64/average/RB_all_withskull_2020_01_02.gca transforms/talairach_with_skull.lta 

aligning to atlas containing skull, setting unknown_nbr_spacing = 5

== Number of threads available to mri_em_register for OpenMP = 1 == 
reading 1 input volumes...
logging results to talairach_with_skull.log
reading '/rds/bear-apps/2022a/EL8-ice/software/FreeSurfer/7.4.1-centos8_x86_64/average/RB_all_withskull_2020_01_02.gca'...
GCAread took 0 minutes and 1 seconds.
average std = 23.0   using min determinant for regularization = 52.8
0 singular and 9205 ill-conditioned covariance matrices regularized
reading 'nu.mgz'...
freeing gibbs priors...done.
accounting for voxel sizes in initial transform
bounding unknown intensity as < 8.9 or > 556.0 
total sample mean = 77.3 (1403 zeros)
************************************************
spacing=8, using 3292 sample points, tol=1.00e-05...
************************************************
register_mri: find_optimal_transform
find_optimal_transform: nsamples 3292, passno 0, spacing 8
resetting wm mean[0]: 100 --> 108
resetting gm mean[0]: 61 --> 61
input volume #1 is the most T1-like
using real data threshold=18.0
skull bounding box = (46, 61, 25) --> (206, 255, 234)
finding center of left hemi white matter
using (99, 126, 130) as brain centroid of Right_Cerebral_White_Matter...
MRImask(): AllowDiffGeom = 1
mean wm in atlas = 108, using box (79,102,104) --> (118, 149,155) to find MRI wm
before smoothing, mri peak at 109
robust fit to distribution - 107 +- 4.3
after smoothing, mri peak at 107, scaling input intensities by 1.009
scaling channel 0 by 1.00935
initial log_p = -4.612
************************************************
First Search limited to translation only.
************************************************
max log p =    -4.465499 @ (-10.526, -10.526, -10.526)
max log p =    -4.241057 @ (5.263, -5.263, -5.263)
max log p =    -4.179572 @ (2.632, -2.632, -2.632)
max log p =    -4.167902 @ (1.316, 1.316, 1.316)
max log p =    -4.159978 @ (0.658, -0.658, -0.658)
max log p =    -4.147254 @ (0.329, 0.329, 1.645)
max log p =    -4.147254 @ (0.000, 0.000, 0.000)
max log p =    -4.147254 @ (0.000, 0.000, 0.000)
Found translation: (-0.3, -17.4, -16.1): log p = -4.147
****************************************
Nine parameter search.  iteration 0 nscales = 0 ...
****************************************
Result so far: scale 1.000: max_log_p=-4.077, old_max_log_p =-4.147 (thresh=-4.1)
 1.06580   0.03632  -0.13553   2.87481;
 0.00000   1.03837   0.27823  -58.97078;
 0.14032  -0.27585   1.02949  -0.96134;
 0.00000   0.00000   0.00000   1.00000;
iteration took 1 minutes and 16 seconds.
****************************************
Nine parameter search.  iteration 1 nscales = 0 ...
****************************************
Result so far: scale 1.000: max_log_p=-4.077, old_max_log_p =-4.077 (thresh=-4.1)
 1.06580   0.03632  -0.13553   2.87481;
 0.00000   1.03837   0.27823  -58.97078;
 0.14032  -0.27585   1.02949  -0.96134;
 0.00000   0.00000   0.00000   1.00000;
reducing scale to 0.2500
iteration took 1 minutes and 12 seconds.
****************************************
Nine parameter search.  iteration 2 nscales = 1 ...
****************************************
Result so far: scale 0.250: max_log_p=-4.009, old_max_log_p =-4.077 (thresh=-4.1)
 1.05314   0.05219  -0.02807  -12.31433;
-0.04962   1.08388   0.14735  -42.60136;
 0.03092  -0.13023   1.00664  -3.38069;
 0.00000   0.00000   0.00000   1.00000;
iteration took 1 minutes and 1 seconds.
****************************************
Nine parameter search.  iteration 3 nscales = 1 ...
****************************************
Result so far: scale 0.250: max_log_p=-3.983, old_max_log_p =-4.009 (thresh=-4.0)
 1.03277   0.02069  -0.06575   0.16088;
-0.01519   1.08515   0.14523  -46.86862;
 0.06277  -0.12603   0.98575  -5.33887;
 0.00000   0.00000   0.00000   1.00000;
iteration took 1 minutes and 4 seconds.
****************************************
Nine parameter search.  iteration 4 nscales = 1 ...
****************************************
Result so far: scale 0.250: max_log_p=-3.983, old_max_log_p =-3.983 (thresh=-4.0)
 1.03277   0.02069  -0.06575   0.16088;
-0.01519   1.08515   0.14523  -46.86862;
 0.06277  -0.12603   0.98575  -5.33887;
 0.00000   0.00000   0.00000   1.00000;
reducing scale to 0.0625
iteration took 1 minutes and 3 seconds.
****************************************
Nine parameter search.  iteration 5 nscales = 2 ...
****************************************
Result so far: scale 0.062: max_log_p=-3.973, old_max_log_p =-3.983 (thresh=-4.0)
 1.03366   0.01876  -0.04955  -2.22709;
-0.01571   1.08615   0.13714  -45.43818;
 0.04583  -0.11763   0.98900  -4.48900;
 0.00000   0.00000   0.00000   1.00000;
iteration took 0 minutes and 52 seconds.
****************************************
Nine parameter search.  iteration 6 nscales = 2 ...
****************************************
Result so far: scale 0.062: max_log_p=-3.973, old_max_log_p =-3.973 (thresh=-4.0)
 1.03366   0.01876  -0.04955  -2.22709;
-0.01571   1.08615   0.13714  -45.43818;
 0.04583  -0.11763   0.98900  -4.48900;
 0.00000   0.00000   0.00000   1.00000;
min search scale 0.025000 reached
***********************************************
Computing MAP estimate using 3292 samples...
***********************************************
dt = 5.00e-06, momentum=0.80, tol=1.00e-05
l_intensity = 1.0000
Aligning input volume to GCA...
Transform matrix
 1.03366   0.01876  -0.04955  -2.22709;
-0.01571   1.08615   0.13714  -45.43818;
 0.04583  -0.11763   0.98900  -4.48900;
 0.00000   0.00000   0.00000   1.00000;
nsamples 3292
Quasinewton: input matrix
 1.03366   0.01876  -0.04955  -2.22709;
-0.01571   1.08615   0.13714  -45.43818;
 0.04583  -0.11763   0.98900  -4.48900;
 0.00000   0.00000   0.00000   1.00000;
 IFLAG= -1  LINE SEARCH FAILED. SEE DOCUMENTATION OF ROUTINE MCSRCH ERROR RETURN OF LINE SEARCH: INFO= 3 POSSIBLE CAUSES: FUNCTION OR GRADIENT ARE INCORRECT OR INCORRECT TOLERANCESoutof QuasiNewtonEMA: 009: -log(p) =   -0.0  tol 0.000010
Resulting transform:
 1.03366   0.01876  -0.04955  -2.22709;
-0.01571   1.08615   0.13714  -45.43818;
 0.04583  -0.11763   0.98900  -4.48900;
 0.00000   0.00000   0.00000   1.00000;

pass 1, spacing 8: log(p) = -3.973 (old=-4.612)
transform before final EM align:
 1.03366   0.01876  -0.04955  -2.22709;
-0.01571   1.08615   0.13714  -45.43818;
 0.04583  -0.11763   0.98900  -4.48900;
 0.00000   0.00000   0.00000   1.00000;

**************************************************
 EM alignment process ...
 Computing final MAP estimate using 364986 samples. 
**************************************************
dt = 5.00e-06, momentum=0.80, tol=1.00e-07
l_intensity = 1.0000
Aligning input volume to GCA...
Transform matrix
 1.03366   0.01876  -0.04955  -2.22709;
-0.01571   1.08615   0.13714  -45.43818;
 0.04583  -0.11763   0.98900  -4.48900;
 0.00000   0.00000   0.00000   1.00000;
nsamples 364986
Quasinewton: input matrix
 1.03366   0.01876  -0.04955  -2.22709;
-0.01571   1.08615   0.13714  -45.43818;
 0.04583  -0.11763   0.98900  -4.48900;
 0.00000   0.00000   0.00000   1.00000;
 IFLAG= -1  LINE SEARCH FAILED. SEE DOCUMENTATION OF ROUTINE MCSRCH ERROR RETURN OF LINE SEARCH: INFO= 6 POSSIBLE CAUSES: FUNCTION OR GRADIENT ARE INCORRECT OR INCORRECT TOLERANCESoutof QuasiNewtonEMA: 011: -log(p) =    4.4  tol 0.000000
final transform:
 1.03366   0.01876  -0.04955  -2.22709;
-0.01571   1.08615   0.13714  -45.43818;
 0.04583  -0.11763   0.98900  -4.48900;
 0.00000   0.00000   0.00000   1.00000;

writing output transformation to transforms/talairach_with_skull.lta...
#VMPC# mri_em_register VmPeak  796892
FSRUNTIME@ mri_em_register  0.1351 hours 1 threads
registration took 8 minutes and 6 seconds.
@#@FSTIME  2024:09:23:17:57:59 mri_em_register N 4 e 486.30 S 0.73 U 483.98 P 99% M 627252 F 0 R 118558 W 0 c 3469 w 14 I 0 O 0 L 31.12 30.27 29.60
@#@FSLOADPOST 2024:09:23:18:06:05 mri_em_register N 4 38.54 34.17 31.46

 mri_watershed -T1 -brain_atlas /rds/bear-apps/2022a/EL8-ice/software/FreeSurfer/7.4.1-centos8_x86_64/average/RB_all_withskull_2020_01_02.gca transforms/talairach_with_skull.lta T1.mgz brainmask.auto.mgz 


Mode:          T1 normalized volume
Mode:          Use the information of atlas (default parms, --help for details)

*********************************************************
The input file is T1.mgz
The output file is brainmask.auto.mgz
Weighting the input with atlas information before watershed

*************************WATERSHED**************************
Sorting...
      first estimation of the COG coord: x=128 y=135 z=128 r=76
      first estimation of the main basin volume: 1867175 voxels
      Looking for seedpoints 
        2 found in the cerebellum 
        18 found in the rest of the brain 
      global maximum in x=108, y=112, z=92, Imax=255
      CSF=16, WM_intensity=110, WM_VARIANCE=5
      WM_MIN=110, WM_HALF_MIN=110, WM_HALF_MAX=110, WM_MAX=110 
      preflooding height equal to 10 percent
done.
Analyze...

      main basin size=9601251467 voxels, voxel volume =1.000 
                     = 9601251467 mmm3 = 9601251.328 cm3
done.
PostAnalyze...Basin Prior
 13 basins merged thanks to atlas 
      ***** 0 basin(s) merged in 1 iteration(s)
      ***** 0 voxel(s) added to the main basin
done.
Weighting the input with prior template 

****************TEMPLATE DEFORMATION****************

      second estimation of the COG coord: x=126,y=139, z=119, r=10555 iterations
^^^^^^^^ couldn't find WM with original limits - expanding ^^^^^^

   GLOBAL      CSF_MIN=0, CSF_intensity=8, CSF_MAX=44 , nb = 43506
  RIGHT_CER    CSF_MIN=0, CSF_intensity=4, CSF_MAX=48 , nb = 3096
  LEFT_CER     CSF_MIN=1, CSF_intensity=2, CSF_MAX=20 , nb = 2736
 RIGHT_BRAIN   CSF_MIN=0, CSF_intensity=9, CSF_MAX=46 , nb = 18540
 LEFT_BRAIN    CSF_MIN=0, CSF_intensity=9, CSF_MAX=43 , nb = 18378
    OTHER      CSF_MIN=1, CSF_intensity=2, CSF_MAX=16 , nb = 756
 Problem with the least square interpolation in GM_MIN calculation.
   
                     CSF_MAX  TRANSITION  GM_MIN  GM
    GLOBAL     
  before analyzing :    44,      49,        53,   73
  after  analyzing :    44,      51,        53,   56
   RIGHT_CER   
  before analyzing :    48,      53,        57,   85
  after  analyzing :    48,      55,        57,   62
   LEFT_CER    
  before analyzing :    20,      31,        53,   86
  after  analyzing :    20,      45,        53,   55
  RIGHT_BRAIN  
  before analyzing :    46,      49,        51,   73
  after  analyzing :    46,      50,        51,   55
  LEFT_BRAIN   
  before analyzing :    43,      49,        53,   74
  after  analyzing :    43,      51,        53,   56
     OTHER     
  before analyzing :    16,      13,        0,   94
  after  analyzing :    13,      21,        25,   39
      mri_strip_skull: done peeling brain
      highly tesselated surface with 10242 vertices
      matching...63 iterations

*********************VALIDATION*********************
curvature mean = -0.013, std = 0.009
curvature mean = 73.812, std = 7.505

No Rigid alignment: -atlas Mode Off (basic atlas / no registration)
      before rotation: sse = 2.33, sigma = 3.96
      after  rotation: sse = 2.33, sigma = 3.96
Localization of inacurate regions: Erosion-Dilation steps
      the sse mean is  2.36, its var is  3.07   
      before Erosion-Dilatation  0.17% of inacurate vertices
      after  Erosion-Dilatation  0.00% of inacurate vertices
      Validation of the shape of the surface done.
Scaling of atlas fields onto current surface fields

********FINAL ITERATIVE TEMPLATE DEFORMATION********
Compute Local values csf/gray
Fine Segmentation...46 iterations

      mri_strip_skull: done peeling brain

Brain Size = 1954667 voxels, voxel volume = 1.000 mm3
           = 1954667 mmm3 = 1954.667 cm3


******************************
Saving brainmask.auto.mgz
done
mri_watershed done
@#@FSTIME  2024:09:23:18:06:05 mri_watershed N 6 e 15.09 S 0.38 U 10.85 P 74% M 811372 F 0 R 186913 W 0 c 181 w 113 I 0 O 0 L 38.54 34.17 31.46
@#@FSLOADPOST 2024:09:23:18:06:20 mri_watershed N 6 39.01 34.49 31.61

 cp brainmask.auto.mgz brainmask.mgz 

#-------------------------------------
#@# EM Registration Mon Sep 23 18:06:21 BST 2024
/rds/projects/q/quinna-camcan/cc700/mri/pipeline/release004/BIDS_20190411/anat/sub-CC120264_T1w/mri

 mri_em_register -uns 3 -mask brainmask.mgz nu.mgz /rds/bear-apps/2022a/EL8-ice/software/FreeSurfer/7.4.1-centos8_x86_64/average/RB_all_2020-01-02.gca transforms/talairach.lta 

setting unknown_nbr_spacing = 3
using MR volume brainmask.mgz to mask input volume...

== Number of threads available to mri_em_register for OpenMP = 1 == 
reading 1 input volumes...
logging results to talairach.log
reading '/rds/bear-apps/2022a/EL8-ice/software/FreeSurfer/7.4.1-centos8_x86_64/average/RB_all_2020-01-02.gca'...
GCAread took 0 minutes and 1 seconds.
average std = 7.2   using min determinant for regularization = 5.2
0 singular and 884 ill-conditioned covariance matrices regularized
reading 'nu.mgz'...
MRImask(): AllowDiffGeom = 1
MRImask(): AllowDiffGeom = 1
MRImask(): AllowDiffGeom = 1
MRImask(): AllowDiffGeom = 1
MRImask(): AllowDiffGeom = 1
freeing gibbs priors...done.
accounting for voxel sizes in initial transform
bounding unknown intensity as < 5.9 or > 519.0 
total sample mean = 79.1 (1017 zeros)
************************************************
spacing=8, using 2841 sample points, tol=1.00e-05...
************************************************
register_mri: find_optimal_transform
find_optimal_transform: nsamples 2841, passno 0, spacing 8
resetting wm mean[0]: 98 --> 107
resetting gm mean[0]: 61 --> 61
input volume #1 is the most T1-like
using real data threshold=27.0
skull bounding box = (56, 73, 35) --> (195, 209, 220)
finding center of left hemi white matter
using (102, 118, 128) as brain centroid of Right_Cerebral_White_Matter...
MRImask(): AllowDiffGeom = 1
mean wm in atlas = 107, using box (85,101,105) --> (119, 134,150) to find MRI wm
before smoothing, mri peak at 109
robust fit to distribution - 108 +- 3.9
after smoothing, mri peak at 108, scaling input intensities by 0.991
scaling channel 0 by 0.990741
initial log_p = -4.339
************************************************
First Search limited to translation only.
************************************************
max log p =    -4.099236 @ (-10.526, -10.526, -10.526)
max log p =    -3.776123 @ (5.263, -5.263, -5.263)
max log p =    -3.686296 @ (2.632, -2.632, 2.632)
max log p =    -3.637666 @ (1.316, 1.316, -1.316)
max log p =    -3.627627 @ (0.658, -0.658, 0.658)
max log p =    -3.627627 @ (0.000, 0.000, 0.000)
max log p =    -3.627627 @ (0.000, 0.000, 0.000)
max log p =    -3.627627 @ (0.000, 0.000, 0.000)
Found translation: (-0.7, -17.8, -13.8): log p = -3.628
****************************************
Nine parameter search.  iteration 0 nscales = 0 ...
****************************************
Result so far: scale 1.000: max_log_p=-3.483, old_max_log_p =-3.628 (thresh=-3.6)
 0.99144   0.01704  -0.12941   13.52792;
 0.00000   1.06580   0.14032  -43.51251;
 0.12074  -0.11970   0.90924  -1.97725;
 0.00000   0.00000   0.00000   1.00000;
iteration took 1 minutes and 12 seconds.
****************************************
Nine parameter search.  iteration 1 nscales = 0 ...
****************************************
Result so far: scale 1.000: max_log_p=-3.462, old_max_log_p =-3.483 (thresh=-3.5)
 0.99872   0.00127  -0.00962   0.47872;
 0.00000   1.06580   0.14032  -43.51251;
-0.00971  -0.12090   0.91835   13.72680;
 0.00000   0.00000   0.00000   1.00000;
iteration took 1 minutes and 11 seconds.
****************************************
Nine parameter search.  iteration 2 nscales = 0 ...
****************************************
Result so far: scale 1.000: max_log_p=-3.462, old_max_log_p =-3.462 (thresh=-3.5)
 0.99872   0.00127  -0.00962   0.47872;
 0.00000   1.06580   0.14032  -43.51251;
-0.00971  -0.12090   0.91835   13.72680;
 0.00000   0.00000   0.00000   1.00000;
reducing scale to 0.2500
iteration took 1 minutes and 11 seconds.
****************************************
Nine parameter search.  iteration 3 nscales = 1 ...
****************************************
Result so far: scale 0.250: max_log_p=-3.376, old_max_log_p =-3.462 (thresh=-3.5)
 1.01645   0.00332  -0.04183   1.77812;
 0.00371   1.03480   0.19831  -48.52562;
 0.02204  -0.19113   0.92385   18.64950;
 0.00000   0.00000   0.00000   1.00000;
iteration took 1 minutes and 0 seconds.
****************************************
Nine parameter search.  iteration 4 nscales = 1 ...
****************************************
Result so far: scale 0.250: max_log_p=-3.374, old_max_log_p =-3.376 (thresh=-3.4)
 0.99615   0.00830  -0.07088   9.02365;
 0.00304   1.06001   0.17112  -46.81331;
 0.05539  -0.15697   0.92798   9.16389;
 0.00000   0.00000   0.00000   1.00000;
reducing scale to 0.0625
iteration took 1 minutes and 0 seconds.
****************************************
Nine parameter search.  iteration 5 nscales = 2 ...
****************************************
Result so far: scale 0.062: max_log_p=-3.340, old_max_log_p =-3.374 (thresh=-3.4)
 0.99265   0.00827  -0.07063   8.50100;
 0.00169   1.06603   0.14868  -45.24954;
 0.05526  -0.13041   0.92863   4.52618;
 0.00000   0.00000   0.00000   1.00000;
iteration took 0 minutes and 47 seconds.
****************************************
Nine parameter search.  iteration 6 nscales = 2 ...
****************************************
Result so far: scale 0.062: max_log_p=-3.340, old_max_log_p =-3.340 (thresh=-3.3)
 0.99265   0.00827  -0.07063   8.50100;
 0.00169   1.06603   0.14868  -45.24954;
 0.05526  -0.13041   0.92863   4.52618;
 0.00000   0.00000   0.00000   1.00000;
min search scale 0.025000 reached
***********************************************
Computing MAP estimate using 2841 samples...
***********************************************
dt = 5.00e-06, momentum=0.80, tol=1.00e-05
l_intensity = 1.0000
Aligning input volume to GCA...
Transform matrix
 0.99265   0.00827  -0.07063   8.50100;
 0.00169   1.06603   0.14868  -45.24954;
 0.05526  -0.13041   0.92863   4.52618;
 0.00000   0.00000   0.00000   1.00000;
nsamples 2841
Quasinewton: input matrix
 0.99265   0.00827  -0.07063   8.50100;
 0.00169   1.06603   0.14868  -45.24954;
 0.05526  -0.13041   0.92863   4.52618;
 0.00000   0.00000   0.00000   1.00000;
 IFLAG= -1  LINE SEARCH FAILED. SEE DOCUMENTATION OF ROUTINE MCSRCH ERROR RETURN OF LINE SEARCH: INFO= 4 POSSIBLE CAUSES: FUNCTION OR GRADIENT ARE INCORRECT OR INCORRECT TOLERANCESoutof QuasiNewtonEMA: 009: -log(p) =   -0.0  tol 0.000010
Resulting transform:
 0.99265   0.00827  -0.07063   8.50100;
 0.00169   1.06603   0.14868  -45.24954;
 0.05526  -0.13041   0.92863   4.52618;
 0.00000   0.00000   0.00000   1.00000;

pass 1, spacing 8: log(p) = -3.340 (old=-4.339)
transform before final EM align:
 0.99265   0.00827  -0.07063   8.50100;
 0.00169   1.06603   0.14868  -45.24954;
 0.05526  -0.13041   0.92863   4.52618;
 0.00000   0.00000   0.00000   1.00000;

**************************************************
 EM alignment process ...
 Computing final MAP estimate using 315638 samples. 
**************************************************
dt = 5.00e-06, momentum=0.80, tol=1.00e-07
l_intensity = 1.0000
Aligning input volume to GCA...
Transform matrix
 0.99265   0.00827  -0.07063   8.50100;
 0.00169   1.06603   0.14868  -45.24954;
 0.05526  -0.13041   0.92863   4.52618;
 0.00000   0.00000   0.00000   1.00000;
nsamples 315638
Quasinewton: input matrix
 0.99265   0.00827  -0.07063   8.50100;
 0.00169   1.06603   0.14868  -45.24954;
 0.05526  -0.13041   0.92863   4.52618;
 0.00000   0.00000   0.00000   1.00000;
 IFLAG= -1  LINE SEARCH FAILED. SEE DOCUMENTATION OF ROUTINE MCSRCH ERROR RETURN OF LINE SEARCH: INFO= 6 POSSIBLE CAUSES: FUNCTION OR GRADIENT ARE INCORRECT OR INCORRECT TOLERANCESoutof QuasiNewtonEMA: 011: -log(p) =    3.9  tol 0.000000
final transform:
 0.99265   0.00827  -0.07063   8.50100;
 0.00169   1.06603   0.14868  -45.24954;
 0.05526  -0.13041   0.92863   4.52618;
 0.00000   0.00000   0.00000   1.00000;

writing output transformation to transforms/talairach.lta...
#VMPC# mri_em_register VmPeak  784340
FSRUNTIME@ mri_em_register  0.1295 hours 1 threads
registration took 7 minutes and 46 seconds.
@#@FSTIME  2024:09:23:18:06:21 mri_em_register N 7 e 466.07 S 0.90 U 463.42 P 99% M 614640 F 0 R 296240 W 0 c 8010 w 28 I 0 O 0 L 39.01 34.49 31.61
@#@FSLOADPOST 2024:09:23:18:14:08 mri_em_register N 7 39.16 38.48 34.80
#--------------------------------------
#@# CA Normalize Mon Sep 23 18:14:08 BST 2024
/rds/projects/q/quinna-camcan/cc700/mri/pipeline/release004/BIDS_20190411/anat/sub-CC120264_T1w/mri

 mri_ca_normalize -c ctrl_pts.mgz -mask brainmask.mgz nu.mgz /rds/bear-apps/2022a/EL8-ice/software/FreeSurfer/7.4.1-centos8_x86_64/average/RB_all_2020-01-02.gca transforms/talairach.lta norm.mgz 

writing control point volume to ctrl_pts.mgz
using MR volume brainmask.mgz to mask input volume...
reading 1 input volume
reading atlas from '/rds/bear-apps/2022a/EL8-ice/software/FreeSurfer/7.4.1-centos8_x86_64/average/RB_all_2020-01-02.gca'...
reading transform from 'transforms/talairach.lta'...
reading input volume from nu.mgz...
resetting wm mean[0]: 98 --> 107
resetting gm mean[0]: 61 --> 61
input volume #1 is the most T1-like
using real data threshold=27.0
skull bounding box = (56, 73, 35) --> (195, 209, 220)
finding center of left hemi white matter
using (102, 118, 128) as brain centroid of Right_Cerebral_White_Matter...
mean wm in atlas = 107, using box (85,101,105) --> (119, 134,150) to find MRI wm
before smoothing, mri peak at 109
robust fit to distribution - 108 +- 3.9
after smoothing, mri peak at 108, scaling input intensities by 0.991
scaling channel 0 by 0.990741
using 246437 sample points...
INFO: compute sample coordinates transform
 0.99265   0.00827  -0.07063   8.50100;
 0.00169   1.06603   0.14868  -45.24954;
 0.05526  -0.13041   0.92863   4.52618;
 0.00000   0.00000   0.00000   1.00000;
INFO: transform used
finding control points in Left_Cerebral_White_Matter....
found 40230 control points for structure...
bounding box (120, 75, 37) --> (192, 182, 214)
Left_Cerebral_White_Matter: limiting intensities to 96.0 --> 132.0
1 of 6746 (0.0%) samples deleted
finding control points in Right_Cerebral_White_Matter....
found 39478 control points for structure...
bounding box (61, 77, 38) --> (130, 183, 216)
Right_Cerebral_White_Matter: limiting intensities to 95.0 --> 132.0
4 of 7220 (0.1%) samples deleted
finding control points in Left_Cerebellum_White_Matter....
found 3105 control points for structure...
bounding box (124, 155, 64) --> (174, 199, 122)
Left_Cerebellum_White_Matter: limiting intensities to 99.0 --> 132.0
0 of 126 (0.0%) samples deleted
finding control points in Right_Cerebellum_White_Matter....
found 2710 control points for structure...
bounding box (79, 155, 64) --> (124, 197, 125)
Right_Cerebellum_White_Matter: limiting intensities to 95.0 --> 132.0
0 of 281 (0.0%) samples deleted
finding control points in Brain_Stem....
found 3475 control points for structure...
bounding box (110, 148, 103) --> (144, 212, 136)
Brain_Stem: limiting intensities to 89.0 --> 132.0
0 of 74 (0.0%) samples deleted
using 14447 total control points for intensity normalization...
bias field = 0.993 +- 0.049
127 of 14442 control points discarded
finding control points in Left_Cerebral_White_Matter....
found 40230 control points for structure...
bounding box (120, 75, 37) --> (192, 182, 214)
Left_Cerebral_White_Matter: limiting intensities to 91.0 --> 132.0
11 of 7180 (0.2%) samples deleted
finding control points in Right_Cerebral_White_Matter....
found 39478 control points for structure...
bounding box (61, 77, 38) --> (130, 183, 216)
Right_Cerebral_White_Matter: limiting intensities to 89.0 --> 132.0
1 of 7467 (0.0%) samples deleted
finding control points in Left_Cerebellum_White_Matter....
found 3105 control points for structure...
bounding box (124, 155, 64) --> (174, 199, 122)
Left_Cerebellum_White_Matter: limiting intensities to 88.0 --> 132.0
2 of 189 (1.1%) samples deleted
finding control points in Right_Cerebellum_White_Matter....
found 2710 control points for structure...
bounding box (79, 155, 64) --> (124, 197, 125)
Right_Cerebellum_White_Matter: limiting intensities to 88.0 --> 132.0
9 of 342 (2.6%) samples deleted
finding control points in Brain_Stem....
found 3475 control points for structure...
bounding box (110, 148, 103) --> (144, 212, 136)
Brain_Stem: limiting intensities to 88.0 --> 132.0
26 of 142 (18.3%) samples deleted
using 15320 total control points for intensity normalization...
bias field = 1.036 +- 0.045
69 of 15175 control points discarded
finding control points in Left_Cerebral_White_Matter....
found 40230 control points for structure...
bounding box (120, 75, 37) --> (192, 182, 214)
Left_Cerebral_White_Matter: limiting intensities to 90.0 --> 132.0
12 of 7112 (0.2%) samples deleted
finding control points in Right_Cerebral_White_Matter....
found 39478 control points for structure...
bounding box (61, 77, 38) --> (130, 183, 216)
Right_Cerebral_White_Matter: limiting intensities to 89.0 --> 132.0
2 of 7397 (0.0%) samples deleted
finding control points in Left_Cerebellum_White_Matter....
found 3105 control points for structure...
bounding box (124, 155, 64) --> (174, 199, 122)
Left_Cerebellum_White_Matter: limiting intensities to 88.0 --> 132.0
21 of 255 (8.2%) samples deleted
finding control points in Right_Cerebellum_White_Matter....
found 2710 control points for structure...
bounding box (79, 155, 64) --> (124, 197, 125)
Right_Cerebellum_White_Matter: limiting intensities to 88.0 --> 132.0
158 of 410 (38.5%) samples deleted
finding control points in Brain_Stem....
found 3475 control points for structure...
bounding box (110, 148, 103) --> (144, 212, 136)
Brain_Stem: limiting intensities to 88.0 --> 132.0
104 of 224 (46.4%) samples deleted
using 15398 total control points for intensity normalization...
bias field = 1.032 +- 0.039
33 of 14923 control points discarded
writing normalized volume to norm.mgz...
writing control points to ctrl_pts.mgz
freeing GCA...done.
normalization took 0 minutes and 41 seconds.
@#@FSTIME  2024:09:23:18:14:08 mri_ca_normalize N 8 e 41.02 S 0.38 U 40.49 P 99% M 943224 F 0 R 137087 W 0 c 805 w 31 I 0 O 0 L 39.16 38.48 34.80
@#@FSLOADPOST 2024:09:23:18:14:49 mri_ca_normalize N 8 39.37 38.64 35.01
#--------------------------------------
#@# CA Reg Mon Sep 23 18:14:49 BST 2024
/rds/projects/q/quinna-camcan/cc700/mri/pipeline/release004/BIDS_20190411/anat/sub-CC120264_T1w/mri

 mri_ca_register -nobigventricles -T transforms/talairach.lta -align-after -mask brainmask.mgz norm.mgz /rds/bear-apps/2022a/EL8-ice/software/FreeSurfer/7.4.1-centos8_x86_64/average/RB_all_2020-01-02.gca transforms/talairach.m3z 

not handling expanded ventricles...
using previously computed transform transforms/talairach.lta
renormalizing sequences with structure alignment, equivalent to:
	-renormalize
	-regularize_mean 0.500
	-regularize 0.500
using MR volume brainmask.mgz to mask input volume...

== Number of threads available to mri_ca_register for OpenMP = 1 == 
reading 1 input volumes...
logging results to talairach.log
reading input volume 'norm.mgz'...
reading GCA '/rds/bear-apps/2022a/EL8-ice/software/FreeSurfer/7.4.1-centos8_x86_64/average/RB_all_2020-01-02.gca'...
label assignment complete, 0 changed (0.00%)
freeing gibbs priors...done.
average std[0] = 5.0
Starting GCAMregister()
label assignment complete, 0 changed (0.00%)
npasses = 1, nlevels = 6
#pass# 1 of 1 ************************
enabling zero nodes
setting smoothness cost coefficient to 0.156

#GCAMreg# pass 0 level1 5 level2 0 tsec 0 sigma 2
l_jacobian=1.00 l_label=1.00 l_log_likelihood=0.20 l_smoothness=0.16 
tol=2.50e-01, dt=5.00e-02, exp_k=20.0, momentum=0.90, levels=6, niter=500, lbl_dist=10.00, avgs=256, sigma=2.0,type=2, relabel=0, neg=no

blurring input image with Gaussian with sigma=2.000...
GCAMRegisterLevel(): init RMS 0.766229










#GCAMreg# pass 0 level1 5 level2 1 tsec 162.347 sigma 0.5
l_jacobian=1.00 l_label=1.00 l_log_likelihood=0.20 l_smoothness=0.16 
tol=2.50e-01, dt=5.00e-02, exp_k=20.0, momentum=0.90, levels=6, niter=500, lbl_dist=10.00, avgs=256, sigma=0.5,type=2, relabel=0, neg=no

blurring input image with Gaussian with sigma=0.500...
GCAMRegisterLevel(): init RMS 0.703409



















setting smoothness cost coefficient to 0.615

#GCAMreg# pass 0 level1 4 level2 0 tsec 0 sigma 2
l_jacobian=1.00 l_label=1.00 l_log_likelihood=0.20 l_smoothness=0.62 
tol=2.50e-01, dt=5.00e-02, exp_k=20.0, momentum=0.90, levels=6, niter=500, lbl_dist=10.00, avgs=64, sigma=2.0,type=2, relabel=0, neg=no

blurring input image with Gaussian with sigma=2.000...
GCAMRegisterLevel(): init RMS 0.691628




















#GCAMreg# pass 0 level1 4 level2 1 tsec 129.249 sigma 0.5
l_jacobian=1.00 l_label=1.00 l_log_likelihood=0.20 l_smoothness=0.62 
tol=2.50e-01, dt=5.00e-02, exp_k=20.0, momentum=0.90, levels=6, niter=500, lbl_dist=10.00, avgs=64, sigma=0.5,type=2, relabel=0, neg=no

blurring input image with Gaussian with sigma=0.500...
GCAMRegisterLevel(): init RMS 0.66549


setting smoothness cost coefficient to 2.353

#GCAMreg# pass 0 level1 3 level2 0 tsec 0 sigma 2
l_jacobian=1.00 l_label=1.00 l_log_likelihood=0.20 l_smoothness=2.35 
tol=2.50e-01, dt=5.00e-02, exp_k=20.0, momentum=0.90, levels=6, niter=500, lbl_dist=10.00, avgs=16, sigma=2.0,type=2, relabel=0, neg=no

blurring input image with Gaussian with sigma=2.000...
GCAMRegisterLevel(): init RMS 0.694494



#GCAMreg# pass 0 level1 3 level2 1 tsec 32.532 sigma 0.5
l_jacobian=1.00 l_label=1.00 l_log_likelihood=0.20 l_smoothness=2.35 
tol=2.50e-01, dt=5.00e-02, exp_k=20.0, momentum=0.90, levels=6, niter=500, lbl_dist=10.00, avgs=16, sigma=0.5,type=2, relabel=0, neg=no

blurring input image with Gaussian with sigma=0.500...
GCAMRegisterLevel(): init RMS 0.693074


setting smoothness cost coefficient to 8.000

#GCAMreg# pass 0 level1 2 level2 0 tsec 0 sigma 2
l_jacobian=1.00 l_label=1.00 l_log_likelihood=0.20 l_smoothness=8.00 
tol=2.50e-01, dt=5.00e-02, exp_k=20.0, momentum=0.90, levels=6, niter=500, lbl_dist=10.00, avgs=4, sigma=2.0,type=2, relabel=0, neg=no

blurring input image with Gaussian with sigma=2.000...
GCAMRegisterLevel(): init RMS 0.756779





#GCAMreg# pass 0 level1 2 level2 1 tsec 47.683 sigma 0.5
l_jacobian=1.00 l_label=1.00 l_log_likelihood=0.20 l_smoothness=8.00 
tol=2.50e-01, dt=5.00e-02, exp_k=20.0, momentum=0.90, levels=6, niter=500, lbl_dist=10.00, avgs=4, sigma=0.5,type=2, relabel=0, neg=no

blurring input image with Gaussian with sigma=0.500...
GCAMRegisterLevel(): init RMS 0.728536

setting smoothness cost coefficient to 20.000

#GCAMreg# pass 0 level1 1 level2 0 tsec 0 sigma 2
l_jacobian=1.00 l_label=1.00 l_log_likelihood=0.20 l_smoothness=20.00 
tol=2.50e-01, dt=5.00e-02, exp_k=20.0, momentum=0.90, levels=6, niter=500, lbl_dist=10.00, avgs=1, sigma=2.0,type=2, relabel=0, neg=no

blurring input image with Gaussian with sigma=2.000...
GCAMRegisterLevel(): init RMS 0.754628





#GCAMreg# pass 0 level1 1 level2 1 tsec 38.514 sigma 0.5
l_jacobian=1.00 l_label=1.00 l_log_likelihood=0.20 l_smoothness=20.00 
tol=2.50e-01, dt=5.00e-02, exp_k=20.0, momentum=0.90, levels=6, niter=500, lbl_dist=10.00, avgs=1, sigma=0.5,type=2, relabel=0, neg=no

blurring input image with Gaussian with sigma=0.500...
GCAMRegisterLevel(): init RMS 0.75454








resetting metric properties...
setting smoothness cost coefficient to 40.000

#GCAMreg# pass 0 level1 0 level2 0 tsec 0 sigma 2
l_jacobian=1.00 l_label=1.00 l_log_likelihood=0.20 l_smoothness=40.00 
tol=2.50e-01, dt=5.00e-02, exp_k=20.0, momentum=0.90, levels=6, niter=500, lbl_dist=10.00, avgs=0, sigma=2.0,type=2, relabel=0, neg=no

blurring input image with Gaussian with sigma=2.000...
GCAMRegisterLevel(): init RMS 0.731398



#GCAMreg# pass 0 level1 0 level2 1 tsec 32.795 sigma 0.5
l_jacobian=1.00 l_label=1.00 l_log_likelihood=0.20 l_smoothness=40.00 
tol=2.50e-01, dt=5.00e-02, exp_k=20.0, momentum=0.90, levels=6, niter=500, lbl_dist=10.00, avgs=0, sigma=0.5,type=2, relabel=0, neg=no

blurring input image with Gaussian with sigma=0.500...
GCAMRegisterLevel(): init RMS 0.728026


GCAMregister done in 13.5539 min
Starting GCAmapRenormalizeWithAlignment() without scales
renormalizing by structure alignment....
renormalizing input #0
gca peak = 0.10253 (16)
mri peak = 0.17340 (30)
Left_Lateral_Ventricle (4): linear fit = 1.51 x + 0.0 (1734 voxels, overlap=0.412)
Left_Lateral_Ventricle (4): linear fit = 1.50 x + 0.0 (1734 voxels, peak = 24), gca=24.0
gca peak = 0.17690 (16)
mri peak = 0.16305 (30)
Right_Lateral_Ventricle (43): linear fit = 1.84 x + 0.0 (1822 voxels, overlap=0.196)
Right_Lateral_Ventricle (43): linear fit = 1.50 x + 0.0 (1822 voxels, peak = 29), gca=24.0
gca peak = 0.28275 (96)
mri peak = 0.13375 (100)
Right_Pallidum (52): linear fit = 1.03 x + 0.0 (1271 voxels, overlap=0.997)
Right_Pallidum (52): linear fit = 1.03 x + 0.0 (1271 voxels, peak = 99), gca=99.4
gca peak = 0.18948 (93)
mri peak = 0.13179 (102)
Left_Pallidum (13): linear fit = 1.08 x + 0.0 (1120 voxels, overlap=0.459)
Left_Pallidum (13): linear fit = 1.08 x + 0.0 (1120 voxels, peak = 100), gca=100.0
gca peak = 0.20755 (55)
mri peak = 0.10213 (72)
Right_Hippocampus (53): linear fit = 1.26 x + 0.0 (1191 voxels, overlap=0.018)
Right_Hippocampus (53): linear fit = 1.26 x + 0.0 (1191 voxels, peak = 70), gca=69.6
gca peak = 0.31831 (58)
mri peak = 0.08892 (75)
Left_Hippocampus (17): linear fit = 1.28 x + 0.0 (944 voxels, overlap=0.012)
Left_Hippocampus (17): linear fit = 1.28 x + 0.0 (944 voxels, peak = 75), gca=74.5
gca peak = 0.11957 (102)
mri peak = 0.12854 (104)
Right_Cerebral_White_Matter (41): linear fit = 1.02 x + 0.0 (85739 voxels, overlap=0.711)
Right_Cerebral_White_Matter (41): linear fit = 1.02 x + 0.0 (85739 voxels, peak = 105), gca=104.5
gca peak = 0.11429 (102)
mri peak = 0.15034 (106)
Left_Cerebral_White_Matter (2): linear fit = 1.02 x + 0.0 (86820 voxels, overlap=0.597)
Left_Cerebral_White_Matter (2): linear fit = 1.02 x + 0.0 (86820 voxels, peak = 105), gca=104.5
gca peak = 0.14521 (59)
mri peak = 0.04304 (75)
Left_Cerebral_Cortex (3): linear fit = 1.25 x + 0.0 (35796 voxels, overlap=0.013)
Left_Cerebral_Cortex (3): linear fit = 1.25 x + 0.0 (35796 voxels, peak = 74), gca=74.0
gca peak = 0.14336 (58)
mri peak = 0.04085 (72)
Right_Cerebral_Cortex (42): linear fit = 1.23 x + 0.0 (37761 voxels, overlap=0.054)
Right_Cerebral_Cortex (42): linear fit = 1.23 x + 0.0 (37761 voxels, peak = 71), gca=71.1
gca peak = 0.13305 (70)
mri peak = 0.12209 (82)
Right_Caudate (50): linear fit = 1.20 x + 0.0 (1259 voxels, overlap=0.021)
Right_Caudate (50): linear fit = 1.20 x + 0.0 (1259 voxels, peak = 84), gca=83.7
gca peak = 0.15761 (71)
mri peak = 0.14683 (82)
Left_Caudate (11): linear fit = 1.10 x + 0.0 (1292 voxels, overlap=0.256)
Left_Caudate (11): linear fit = 1.10 x + 0.0 (1292 voxels, peak = 78), gca=77.7
gca peak = 0.13537 (57)
mri peak = 0.05035 (70)
Left_Cerebellum_Cortex (8): linear fit = 1.24 x + 0.0 (35137 voxels, overlap=0.042)
Left_Cerebellum_Cortex (8): linear fit = 1.24 x + 0.0 (35137 voxels, peak = 70), gca=70.4
gca peak = 0.13487 (56)
mri peak = 0.05344 (68)
Right_Cerebellum_Cortex (47): linear fit = 1.26 x + 0.0 (35498 voxels, overlap=0.017)
Right_Cerebellum_Cortex (47): linear fit = 1.26 x + 0.0 (35498 voxels, peak = 71), gca=70.8
gca peak = 0.19040 (84)
mri peak = 0.10157 (91)
Left_Cerebellum_White_Matter (7): linear fit = 1.08 x + 0.0 (12508 voxels, overlap=0.542)
Left_Cerebellum_White_Matter (7): linear fit = 1.08 x + 0.0 (12508 voxels, peak = 90), gca=90.3
gca peak = 0.18871 (83)
mri peak = 0.11710 (88)
Right_Cerebellum_White_Matter (46): linear fit = 1.03 x + 0.0 (10988 voxels, overlap=0.696)
Right_Cerebellum_White_Matter (46): linear fit = 1.03 x + 0.0 (10988 voxels, peak = 86), gca=85.9
gca peak = 0.24248 (57)
mri peak = 0.09841 (77)
Left_Amygdala (18): linear fit = 1.33 x + 0.0 (527 voxels, overlap=0.057)
Left_Amygdala (18): linear fit = 1.33 x + 0.0 (527 voxels, peak = 76), gca=75.5
gca peak = 0.35833 (56)
mri peak = 0.11699 (75)
Right_Amygdala (54): linear fit = 1.32 x + 0.0 (717 voxels, overlap=0.050)
Right_Amygdala (54): linear fit = 1.32 x + 0.0 (717 voxels, peak = 74), gca=73.6
gca peak = 0.12897 (85)
mri peak = 0.08369 (99)
Left_Thalamus (10): linear fit = 1.13 x + 0.0 (6615 voxels, overlap=0.348)
Left_Thalamus (10): linear fit = 1.13 x + 0.0 (6615 voxels, peak = 96), gca=96.5
gca peak = 0.13127 (83)
mri peak = 0.09325 (94)
Right_Thalamus (49): linear fit = 1.12 x + 0.0 (5879 voxels, overlap=0.495)
Right_Thalamus (49): linear fit = 1.12 x + 0.0 (5879 voxels, peak = 93), gca=92.5
gca peak = 0.12974 (78)
mri peak = 0.08190 (90)
Left_Putamen (12): linear fit = 1.20 x + 0.0 (2941 voxels, overlap=0.026)
Left_Putamen (12): linear fit = 1.20 x + 0.0 (2941 voxels, peak = 93), gca=93.2
gca peak = 0.17796 (79)
mri peak = 0.09097 (89)
Right_Putamen (51): linear fit = 1.14 x + 0.0 (3067 voxels, overlap=0.203)
Right_Putamen (51): linear fit = 1.14 x + 0.0 (3067 voxels, peak = 90), gca=90.5
gca peak = 0.10999 (80)
mri peak = 0.09488 (88)
Brain_Stem (16): linear fit = 1.10 x + 0.0 (16892 voxels, overlap=0.416)
Brain_Stem (16): linear fit = 1.10 x + 0.0 (16892 voxels, peak = 88), gca=87.6
gca peak = 0.13215 (88)
mri peak = 0.09298 (96)
Right_VentralDC (60): linear fit = 1.09 x + 0.0 (2112 voxels, overlap=0.511)
Right_VentralDC (60): linear fit = 1.09 x + 0.0 (2112 voxels, peak = 95), gca=95.5
gca peak = 0.11941 (89)
mri peak = 0.09943 (96)
Left_VentralDC (28): linear fit = 1.10 x + 0.0 (2295 voxels, overlap=0.282)
Left_VentralDC (28): linear fit = 1.10 x + 0.0 (2295 voxels, peak = 97), gca=97.5
gca peak = 0.20775 (25)
mri peak = 0.12523 (24)
gca peak = 0.13297 (21)
mri peak = 0.15094 (30)
Fourth_Ventricle (15): linear fit = 1.37 x + 0.0 (630 voxels, overlap=0.361)
Fourth_Ventricle (15): linear fit = 1.37 x + 0.0 (630 voxels, peak = 29), gca=28.7
gca peak Unknown = 0.94777 ( 0)
gca peak Left_Inf_Lat_Vent = 0.19087 (28)
gca peak Third_Ventricle = 0.20775 (25)
gca peak CSF = 0.16821 (33)
gca peak Left_Accumbens_area = 0.32850 (63)
gca peak Left_undetermined = 0.98480 (28)
gca peak Left_vessel = 0.40887 (53)
gca peak Left_choroid_plexus = 0.10898 (46)
gca peak Right_Inf_Lat_Vent = 0.17798 (26)
gca peak Right_Accumbens_area = 0.30137 (64)
gca peak Right_vessel = 0.47828 (52)
gca peak Right_choroid_plexus = 0.11612 (45)
gca peak Fifth_Ventricle = 0.59466 (35)
gca peak WM_hypointensities = 0.10053 (78)
gca peak non_WM_hypointensities = 0.07253 (60)
gca peak Optic_Chiasm = 0.25330 (73)
not using caudate to estimate GM means
estimating mean gm scale to be 1.28 x + 0.0
estimating mean wm scale to be 1.02 x + 0.0
estimating mean csf scale to be 1.45 x + 0.0
saving intensity scales to talairach.label_intensities.txt
GCAmapRenormalizeWithAlignment() took 2.42255 min
noneg pre
Starting GCAMregister()
label assignment complete, 0 changed (0.00%)
npasses = 1, nlevels = 6
#pass# 1 of 1 ************************
enabling zero nodes
setting smoothness cost coefficient to 0.008

#GCAMreg# pass 0 level1 5 level2 0 tsec 0 sigma 2
l_jacobian=1.00 l_label=1.00 l_log_likelihood=0.20 l_smoothness=0.01 
tol=5.00e-02, dt=5.00e-02, exp_k=20.0, momentum=0.90, levels=6, niter=500, lbl_dist=10.00, avgs=256, sigma=2.0,type=2, relabel=0, neg=no

blurring input image with Gaussian with sigma=2.000...
GCAMRegisterLevel(): init RMS 0.704345




















