GCCcore/11.3.0
zlib/1.2.12-GCCcore-11.3.0
binutils/2.38-GCCcore-11.3.0
GCC/11.3.0
numactl/2.0.14-GCCcore-11.3.0
XZ/5.2.5-GCCcore-11.3.0
libxml2/2.9.13-GCCcore-11.3.0
libpciaccess/0.16-GCCcore-11.3.0
hwloc/2.7.1-GCCcore-11.3.0
OpenSSL/1.1
libevent/2.1.12-GCCcore-11.3.0
UCX/1.12.1-GCCcore-11.3.0
libfabric/1.15.1-GCCcore-11.3.0
PMIx/4.1.2-GCCcore-11.3.0
UCC/1.0.0-GCCcore-11.3.0
OpenMPI/4.1.4-GCC-11.3.0
OpenBLAS/0.3.20-GCC-11.3.0
FlexiBLAS/3.2.0-GCC-11.3.0
FFTW/3.3.10-GCC-11.3.0
gompi/2022a
FFTW.MPI/3.3.10-gompi-2022a
ScaLAPACK/2.2.0-gompi-2022a-fb
foss/2022a
bzip2/1.0.8-GCCcore-11.3.0
ncurses/6.3-GCCcore-11.3.0
libreadline/8.1.2-GCCcore-11.3.0
ncurses/6.3-GCCcore-11.3.0
Tcl/8.6.12-GCCcore-11.3.0
SQLite/3.38.3-GCCcore-11.3.0
GMP/6.2.1-GCCcore-11.3.0
libffi/3.4.2-GCCcore-11.3.0
Python/3.10.4-GCCcore-11.3.0
pybind11/2.9.2-GCCcore-11.3.0
SciPy-bundle/2022.05-foss-2022a
XZ/5.2.5-GCCcore-11.3.0
gzip/1.12-GCCcore-11.3.0
lz4/1.9.3-GCCcore-11.3.0
zstd/1.5.2-GCCcore-11.3.0
expat/2.4.8-GCCcore-11.3.0
libpng/1.6.37-GCCcore-11.3.0
Brotli/1.0.9-GCCcore-11.3.0
freetype/2.12.1-GCCcore-11.3.0
util-linux/2.38-GCCcore-11.3.0
fontconfig/2.14.0-GCCcore-11.3.0
freetype/2.12.1-GCCcore-11.3.0
xorg-macros/1.19.3-GCCcore-11.3.0
X11/20220504-GCCcore-11.3.0
libdrm/2.4.110-GCCcore-11.3.0
libglvnd/1.4.0-GCCcore-11.3.0
libunwind/1.6.2-GCCcore-11.3.0
X11/20220504-GCCcore-11.3.0
LLVM/12.0.1-GCCcore-11.3.0
Mesa/22.0.3-GCCcore-11.3.0
libGLU/9.0.2-GCCcore-11.3.0
X11/20220504-GCCcore-11.3.0
VTK/9.2.2-foss-2022a
libxslt/1.1.34-GCCcore-11.3.0
Tk/8.6.12-GCCcore-11.3.0
Tkinter/3.10.4-GCCcore-11.3.0
NASM/2.15.05-GCCcore-11.3.0
libjpeg-turbo/2.1.3-GCCcore-11.3.0
jbigkit/2.1-GCCcore-11.3.0
libdeflate/1.10-GCCcore-11.3.0
LibTIFF/4.3.0-GCCcore-11.3.0
Pillow/9.1.1-GCCcore-11.3.0
Qhull/2020.2-GCCcore-11.3.0
matplotlib/3.5.2-foss-2022a
tqdm/4.64.0-GCCcore-11.3.0
scikit-learn/1.1.2-foss-2022a
numba/0.56.4-foss-2022a
pydicom/2.3.0-GCCcore-11.3.0
NiBabel/4.0.2-foss-2022a
Szip/2.1.1-GCCcore-11.3.0
HDF5/1.12.2-gompi-2022a
h5py/3.7.0-foss-2022a
imageio/2.22.2-foss-2022a
MNE-Python/1.3.1-foss-2022a
MCR/R2019b.8
FreeSurfer/7.4.1-centos8_x86_64
fs-check-version --s sub-CC120550_T1w --o /tmp/tmp.R2BG8u
Wed Sep 25 10:44:41 BST 2024

setenv SUBJECTS_DIR /rds/projects/q/quinna-camcan/cc700/mri/pipeline/release004/BIDS_20190411/anat
cd /rds/projects/q/quinna-camcan/ghafarit-scripts/github/camcan-laterality/mne_python/source
/rds/bear-apps/2022a/EL8-ice/software/FreeSurfer/7.4.1-centos8_x86_64/bin/fs-check-version --s sub-CC120550_T1w --o /tmp/tmp.R2BG8u
-rwxrwxr-x 1 branfosj-admin build 18565 Jun 14  2023 /rds/bear-apps/2022a/EL8-ice/software/FreeSurfer/7.4.1-centos8_x86_64/bin/fs-check-version

freesurfer-linux-centos8_x86_64-7.4.1-20230613-7eb8460
$Id$
Linux bear-pg0210u13b.bear.cluster 4.18.0-372.32.1.el8_6.x86_64 #1 SMP Fri Oct 7 12:35:10 EDT 2022 x86_64 x86_64 x86_64 GNU/Linux
pid 1513613
Current FS Version freesurfer-linux-centos8_x86_64-7.4.1-20230613-7eb8460
Subject does not have a bstampfile, copying /rds/bear-apps/2022a/EL8-ice/software/FreeSurfer/7.4.1-centos8_x86_64/build-stamp.txt
Subject FS Version: freesurfer-linux-centos8_x86_64-7.4.1-20230613-7eb8460
No constraints on version because REQ=UnSet and FsVerFile=NotThere
#@#% fs-check-version match = 1
fs-check-version Done
INFO: SUBJECTS_DIR is /rds/projects/q/quinna-camcan/cc700/mri/pipeline/release004/BIDS_20190411/anat
Actual FREESURFER_HOME /rds/bear-apps/2022a/EL8-ice/software/FreeSurfer/7.4.1-centos8_x86_64
Linux bear-pg0210u13b.bear.cluster 4.18.0-372.32.1.el8_6.x86_64 #1 SMP Fri Oct 7 12:35:10 EDT 2022 x86_64 x86_64 x86_64 GNU/Linux
/rds/projects/q/quinna-camcan/cc700/mri/pipeline/release004/BIDS_20190411/anat/sub-CC120550_T1w

 mri_convert /rds/projects/q/quinna-camcan/cc700/mri/pipeline/release004/BIDS_20190411/anat/sub-CC120550/anat/sub-CC120550_T1w.nii.gz /rds/projects/q/quinna-camcan/cc700/mri/pipeline/release004/BIDS_20190411/anat/sub-CC120550_T1w/mri/orig/001.mgz 

mri_convert /rds/projects/q/quinna-camcan/cc700/mri/pipeline/release004/BIDS_20190411/anat/sub-CC120550/anat/sub-CC120550_T1w.nii.gz /rds/projects/q/quinna-camcan/cc700/mri/pipeline/release004/BIDS_20190411/anat/sub-CC120550_T1w/mri/orig/001.mgz 
reading from /rds/projects/q/quinna-camcan/cc700/mri/pipeline/release004/BIDS_20190411/anat/sub-CC120550/anat/sub-CC120550_T1w.nii.gz...
TR=0.00, TE=0.00, TI=0.00, flip angle=0.00
i_ras = (-0.003515, -0.999994, 0)
j_ras = (0.013944, -4.8995e-05, 0.999903)
k_ras = (0.999897, -0.00351501, -0.013944)
writing to /rds/projects/q/quinna-camcan/cc700/mri/pipeline/release004/BIDS_20190411/anat/sub-CC120550_T1w/mri/orig/001.mgz...
@#@FSTIME  2024:09:25:10:44:46 mri_convert N 2 e 4.70 S 0.02 U 4.62 P 98% M 54572 F 1 R 1354 W 0 c 2 w 30 I 80 O 0 L 71.66 74.10 78.31
@#@FSLOADPOST 2024:09:25:10:44:51 mri_convert N 2 71.60 74.05 78.27
#--------------------------------------------
#@# MotionCor Wed Sep 25 10:44:52 BST 2024
Found 1 runs
/rds/projects/q/quinna-camcan/cc700/mri/pipeline/release004/BIDS_20190411/anat/sub-CC120550_T1w/mri/orig/001.mgz
Checking for (invalid) multi-frame inputs...
Only one run found so motion
correction will not be performed. I'll
copy the run to rawavg and continue.

 cp /rds/projects/q/quinna-camcan/cc700/mri/pipeline/release004/BIDS_20190411/anat/sub-CC120550_T1w/mri/orig/001.mgz /rds/projects/q/quinna-camcan/cc700/mri/pipeline/release004/BIDS_20190411/anat/sub-CC120550_T1w/mri/rawavg.mgz 


 mri_info /rds/projects/q/quinna-camcan/cc700/mri/pipeline/release004/BIDS_20190411/anat/sub-CC120550_T1w/mri/rawavg.mgz 

rawavg.mgz ========================================
Volume information for /rds/projects/q/quinna-camcan/cc700/mri/pipeline/release004/BIDS_20190411/anat/sub-CC120550_T1w/mri/rawavg.mgz
          type: MGH
    dimensions: 256 x 256 x 192
   voxel sizes: 1.000000, 1.000000, 1.000000
          type: FLOAT (3)
           fov: 256.000
           dof: 1
        xstart: -128.0, xend: 128.0
        ystart: -128.0, yend: 128.0
        zstart: -96.0, zend: 96.0
            TR: 0.00 msec, TE: 0.00 msec, TI: 0.00 msec, flip angle: 0.00 degrees
       nframes: 1
       PhEncDir: UNKNOWN
       FieldStrength: 0.000000
ras xform present
    xform info: x_r =  -0.0035, y_r =   0.0139, z_r =   0.9999, c_r =     1.7977
              : x_a =  -1.0000, y_a =  -0.0000, z_a =  -0.0035, c_a =    40.3369
              : x_s =   0.0000, y_s =   0.9999, z_s =  -0.0139, c_s =    -5.0300

talairach xfm : 
Orientation   : PSR
Primary Slice Direction: sagittal

voxel to ras transform:
               -0.0035   0.0139   0.9999   -95.5273
               -1.0000  -0.0000  -0.0035   168.6799
                0.0000   0.9999  -0.0139  -131.6789
                0.0000   0.0000   0.0000     1.0000

voxel-to-ras determinant -1

ras to voxel transform:
               -0.0035  -1.0000   0.0000   168.3430
                0.0139  -0.0000   0.9999   133.0064
                0.9999  -0.0035  -0.0139    94.2741
               -0.0000  -0.0000  -0.0000     1.0000
/rds/projects/q/quinna-camcan/cc700/mri/pipeline/release004/BIDS_20190411/anat/sub-CC120550_T1w

 mri_convert /rds/projects/q/quinna-camcan/cc700/mri/pipeline/release004/BIDS_20190411/anat/sub-CC120550_T1w/mri/rawavg.mgz /rds/projects/q/quinna-camcan/cc700/mri/pipeline/release004/BIDS_20190411/anat/sub-CC120550_T1w/mri/orig.mgz --conform 

mri_convert /rds/projects/q/quinna-camcan/cc700/mri/pipeline/release004/BIDS_20190411/anat/sub-CC120550_T1w/mri/rawavg.mgz /rds/projects/q/quinna-camcan/cc700/mri/pipeline/release004/BIDS_20190411/anat/sub-CC120550_T1w/mri/orig.mgz --conform 
reading from /rds/projects/q/quinna-camcan/cc700/mri/pipeline/release004/BIDS_20190411/anat/sub-CC120550_T1w/mri/rawavg.mgz...
TR=0.00, TE=0.00, TI=0.00, flip angle=0.00
i_ras = (-0.003515, -0.999994, 0)
j_ras = (0.013944, -4.8995e-05, 0.999903)
k_ras = (0.999897, -0.00351501, -0.013944)
changing data type from float to uchar (noscale = 0)...
MRIchangeType: Building histogram 0 989 1000, flo=0, fhi=0.999, dest_type=0
Reslicing using trilinear interpolation 
writing to /rds/projects/q/quinna-camcan/cc700/mri/pipeline/release004/BIDS_20190411/anat/sub-CC120550_T1w/mri/orig.mgz...
@#@FSTIME  2024:09:25:10:44:55 mri_convert N 3 e 2.65 S 0.03 U 2.56 P 98% M 66792 F 0 R 6615 W 0 c 11 w 17 I 0 O 0 L 71.60 74.05 78.27
@#@FSLOADPOST 2024:09:25:10:44:58 mri_convert N 3 71.55 74.00 78.23

 mri_add_xform_to_header -c /rds/projects/q/quinna-camcan/cc700/mri/pipeline/release004/BIDS_20190411/anat/sub-CC120550_T1w/mri/transforms/talairach.xfm /rds/projects/q/quinna-camcan/cc700/mri/pipeline/release004/BIDS_20190411/anat/sub-CC120550_T1w/mri/orig.mgz /rds/projects/q/quinna-camcan/cc700/mri/pipeline/release004/BIDS_20190411/anat/sub-CC120550_T1w/mri/orig.mgz 

INFO: extension is mgz
@#@FSTIME  2024:09:25:10:44:58 mri_add_xform_to_header N 4 e 1.10 S 0.01 U 1.06 P 97% M 21548 F 0 R 1304 W 0 c 3 w 22 I 0 O 0 L 71.55 74.00 78.23
@#@FSLOADPOST 2024:09:25:10:44:59 mri_add_xform_to_header N 4 71.55 74.00 78.23

 mri_info /rds/projects/q/quinna-camcan/cc700/mri/pipeline/release004/BIDS_20190411/anat/sub-CC120550_T1w/mri/orig.mgz 

orig.mgz ========================================
Volume information for /rds/projects/q/quinna-camcan/cc700/mri/pipeline/release004/BIDS_20190411/anat/sub-CC120550_T1w/mri/orig.mgz
          type: MGH
    dimensions: 256 x 256 x 256
   voxel sizes: 1.000000, 1.000000, 1.000000
          type: UCHAR (0)
           fov: 256.000
           dof: 1
        xstart: -128.0, xend: 128.0
        ystart: -128.0, yend: 128.0
        zstart: -128.0, zend: 128.0
            TR: 0.00 msec, TE: 0.00 msec, TI: 0.00 msec, flip angle: 0.00 degrees
       nframes: 1
       PhEncDir: UNKNOWN
       FieldStrength: 0.000000
ras xform present
    xform info: x_r =  -1.0000, y_r =   0.0000, z_r =   0.0000, c_r =     1.7977
              : x_a =   0.0000, y_a =   0.0000, z_a =   1.0000, c_a =    40.3369
              : x_s =   0.0000, y_s =  -1.0000, z_s =   0.0000, c_s =    -5.0300

talairach xfm : /rds/projects/q/quinna-camcan/cc700/mri/pipeline/release004/BIDS_20190411/anat/sub-CC120550_T1w/mri/transforms/talairach.xfm
Orientation   : LIA
Primary Slice Direction: coronal

voxel to ras transform:
               -1.0000   0.0000   0.0000   129.7977
                0.0000   0.0000   1.0000   -87.6631
                0.0000  -1.0000   0.0000   122.9700
                0.0000   0.0000   0.0000     1.0000

voxel-to-ras determinant -1

ras to voxel transform:
               -1.0000  -0.0000  -0.0000   129.7977
               -0.0000  -0.0000  -1.0000   122.9700
               -0.0000   1.0000  -0.0000    87.6631
               -0.0000  -0.0000  -0.0000     1.0000
#--------------------------------------------
#@# Talairach Wed Sep 25 10:45:00 BST 2024
/rds/projects/q/quinna-camcan/cc700/mri/pipeline/release004/BIDS_20190411/anat/sub-CC120550_T1w/mri

 mri_nu_correct.mni --no-rescale --i orig.mgz --o orig_nu.mgz --ants-n4 --n 1 --proto-iters 1000 --distance 50 

/usr/bin/bc
/rds/projects/q/quinna-camcan/cc700/mri/pipeline/release004/BIDS_20190411/anat/sub-CC120550_T1w/mri
/rds/bear-apps/2022a/EL8-ice/software/FreeSurfer/7.4.1-centos8_x86_64/bin/mri_nu_correct.mni
--no-rescale --i orig.mgz --o orig_nu.mgz --ants-n4 --n 1 --proto-iters 1000 --distance 50
nIters 1
mri_nu_correct.mni 7.4.1
Linux bear-pg0210u13b.bear.cluster 4.18.0-372.32.1.el8_6.x86_64 #1 SMP Fri Oct 7 12:35:10 EDT 2022 x86_64 x86_64 x86_64 GNU/Linux
Wed Sep 25 10:45:00 BST 2024
tmpdir is ./tmp.mri_nu_correct.mni.1514269
cd /rds/projects/q/quinna-camcan/cc700/mri/pipeline/release004/BIDS_20190411/anat/sub-CC120550_T1w/mri
AntsN4BiasFieldCorrectionFs -i orig.mgz -o ./tmp.mri_nu_correct.mni.1514269/nu0.mgz --dtype uchar
AntsN4BiasFieldCorrectionFs done
mri_convert ./tmp.mri_nu_correct.mni.1514269/nu0.mgz orig_nu.mgz --like orig.mgz --conform
mri_convert ./tmp.mri_nu_correct.mni.1514269/nu0.mgz orig_nu.mgz --like orig.mgz --conform 
reading from ./tmp.mri_nu_correct.mni.1514269/nu0.mgz...
TR=0.00, TE=0.00, TI=0.00, flip angle=0.00
i_ras = (-1, 0, 0)
j_ras = (9.31323e-10, 0, -1)
k_ras = (0, 1, 0)
INFO: transform src into the like-volume: orig.mgz
writing to orig_nu.mgz...
 
 
Wed Sep 25 10:46:46 BST 2024
mri_nu_correct.mni done
@#@FSTIME  2024:09:25:10:45:00 mri_nu_correct.mni N 12 e 106.40 S 0.45 U 105.56 P 99% M 517452 F 0 R 36788 W 0 c 173 w 149 I 0 O 0 L 71.55 74.00 78.23
@#@FSLOADPOST 2024:09:25:10:46:46 mri_nu_correct.mni N 12 46.90 66.86 75.33

 talairach_avi --i orig_nu.mgz --xfm transforms/talairach.auto.xfm 

talairach_avi log file is transforms/talairach_avi.log...
mv -f /rds/projects/q/quinna-camcan/cc700/mri/pipeline/release004/BIDS_20190411/anat/sub-CC120550_T1w/mri/talsrcimg_to_711-2C_as_mni_average_305_t4_vox2vox.txt /rds/projects/q/quinna-camcan/cc700/mri/pipeline/release004/BIDS_20190411/anat/sub-CC120550_T1w/mri/transforms/talsrcimg_to_711-2C_as_mni_average_305_t4_vox2vox.txt
Started at Wed Sep 25 10:46:46 BST 2024
Ended   at Wed Sep 25 10:47:03 BST 2024
talairach_avi done
@#@FSTIME  2024:09:25:10:46:46 talairach_avi N 4 e 16.31 S 0.98 U 8.84 P 60% M 255724 F 0 R 37293 W 0 c 46 w 540 I 0 O 32 L 46.90 66.86 75.33
@#@FSLOADPOST 2024:09:25:10:47:03 talairach_avi N 4 47.09 65.86 74.86

 cp transforms/talairach.auto.xfm transforms/talairach.xfm 

lta_convert --src orig.mgz --trg /rds/bear-apps/2022a/EL8-ice/software/FreeSurfer/7.4.1-centos8_x86_64/average/mni305.cor.mgz --inxfm transforms/talairach.xfm --outlta transforms/talairach.xfm.lta --subject fsaverage --ltavox2vox
7.4.1

--src: orig.mgz src image (geometry).
--trg: /rds/bear-apps/2022a/EL8-ice/software/FreeSurfer/7.4.1-centos8_x86_64/average/mni305.cor.mgz trg image (geometry).
--inmni: transforms/talairach.xfm input MNI/XFM transform.
--outlta: transforms/talairach.xfm.lta output LTA.
--s: fsaverage subject name
--ltavox2vox: output LTA as VOX_TO_VOX transform.
 LTA read, type : 1
 1.02641   0.01155   0.01969   4.70845;
-0.03640   1.07984   0.12805  -41.12798;
-0.03482  -0.03949   1.10743   12.30392;
 0.00000   0.00000   0.00000   1.00000;
setting subject to fsaverage
Writing  LTA to file transforms/talairach.xfm.lta...
lta_convert successful.
/rds/projects/q/quinna-camcan/cc700/mri/pipeline/release004/BIDS_20190411/anat/sub-CC120550_T1w/mri/transforms /rds/projects/q/quinna-camcan/cc700/mri/pipeline/release004/BIDS_20190411/anat/sub-CC120550_T1w/mri 
/rds/projects/q/quinna-camcan/cc700/mri/pipeline/release004/BIDS_20190411/anat/sub-CC120550_T1w/mri 
#--------------------------------------------
#@# Nu Intensity Correction Wed Sep 25 10:47:05 BST 2024

 mri_nu_correct.mni --i orig.mgz --o nu.mgz --uchar transforms/talairach.xfm --n 2 --ants-n4 

/usr/bin/bc
/rds/projects/q/quinna-camcan/cc700/mri/pipeline/release004/BIDS_20190411/anat/sub-CC120550_T1w/mri
/rds/bear-apps/2022a/EL8-ice/software/FreeSurfer/7.4.1-centos8_x86_64/bin/mri_nu_correct.mni
--i orig.mgz --o nu.mgz --uchar transforms/talairach.xfm --n 2 --ants-n4
nIters 2
mri_nu_correct.mni 7.4.1
Linux bear-pg0210u13b.bear.cluster 4.18.0-372.32.1.el8_6.x86_64 #1 SMP Fri Oct 7 12:35:10 EDT 2022 x86_64 x86_64 x86_64 GNU/Linux
Wed Sep 25 10:47:05 BST 2024
tmpdir is ./tmp.mri_nu_correct.mni.1517155
cd /rds/projects/q/quinna-camcan/cc700/mri/pipeline/release004/BIDS_20190411/anat/sub-CC120550_T1w/mri
AntsN4BiasFieldCorrectionFs -i orig.mgz -o ./tmp.mri_nu_correct.mni.1517155/nu0.mgz --dtype uchar
AntsN4BiasFieldCorrectionFs done
mri_binarize --i ./tmp.mri_nu_correct.mni.1517155/nu0.mgz --min -1 --o ./tmp.mri_nu_correct.mni.1517155/ones.mgz

7.4.1
cwd /rds/projects/q/quinna-camcan/cc700/mri/pipeline/release004/BIDS_20190411/anat/sub-CC120550_T1w/mri
cmdline mri_binarize --i ./tmp.mri_nu_correct.mni.1517155/nu0.mgz --min -1 --o ./tmp.mri_nu_correct.mni.1517155/ones.mgz 
sysname  Linux
hostname bear-pg0210u13b.bear.cluster
machine  x86_64
user     ghafarit

input      ./tmp.mri_nu_correct.mni.1517155/nu0.mgz
frame      0
nErode3d   0
nErode2d   0
output     ./tmp.mri_nu_correct.mni.1517155/ones.mgz
Binarizing based on threshold
min        -1
max        +infinity
binval        1
binvalnot     0
fstart = 0, fend = 0, nframes = 1
Starting parallel 1
Found 16777216 values in range
Counting number of voxels in first frame
Found 16777215 voxels in final mask
Writing output to ./tmp.mri_nu_correct.mni.1517155/ones.mgz
Count: 16777215 16777215.000000 16777216 99.999994
mri_binarize done
mri_segstats --id 1 --seg ./tmp.mri_nu_correct.mni.1517155/ones.mgz --i orig.mgz --sum ./tmp.mri_nu_correct.mni.1517155/sum.junk --avgwf ./tmp.mri_nu_correct.mni.1517155/input.mean.dat

7.4.1
cwd 
cmdline mri_segstats --id 1 --seg ./tmp.mri_nu_correct.mni.1517155/ones.mgz --i orig.mgz --sum ./tmp.mri_nu_correct.mni.1517155/sum.junk --avgwf ./tmp.mri_nu_correct.mni.1517155/input.mean.dat 
sysname  Linux
hostname bear-pg0210u13b.bear.cluster
machine  x86_64
user     ghafarit
whitesurfname  white
UseRobust  0
Loading ./tmp.mri_nu_correct.mni.1517155/ones.mgz
Loading orig.mgz
Voxel Volume is 1 mm^3
Generating list of segmentation ids
Found   1 segmentations
Computing statistics for each segmentation

Reporting on   1 segmentations
Using PrintSegStat
Computing spatial average of each frame

Writing to ./tmp.mri_nu_correct.mni.1517155/input.mean.dat
mri_segstats done
mri_segstats --id 1 --seg ./tmp.mri_nu_correct.mni.1517155/ones.mgz --i ./tmp.mri_nu_correct.mni.1517155/nu0.mgz --sum ./tmp.mri_nu_correct.mni.1517155/sum.junk --avgwf ./tmp.mri_nu_correct.mni.1517155/output.mean.dat

7.4.1
cwd 
cmdline mri_segstats --id 1 --seg ./tmp.mri_nu_correct.mni.1517155/ones.mgz --i ./tmp.mri_nu_correct.mni.1517155/nu0.mgz --sum ./tmp.mri_nu_correct.mni.1517155/sum.junk --avgwf ./tmp.mri_nu_correct.mni.1517155/output.mean.dat 
sysname  Linux
hostname bear-pg0210u13b.bear.cluster
machine  x86_64
user     ghafarit
whitesurfname  white
UseRobust  0
Loading ./tmp.mri_nu_correct.mni.1517155/ones.mgz
Loading ./tmp.mri_nu_correct.mni.1517155/nu0.mgz
Voxel Volume is 1 mm^3
Generating list of segmentation ids
Found   1 segmentations
Computing statistics for each segmentation

Reporting on   1 segmentations
Using PrintSegStat
Computing spatial average of each frame

Writing to ./tmp.mri_nu_correct.mni.1517155/output.mean.dat
mri_segstats done
mris_calc -o ./tmp.mri_nu_correct.mni.1517155/nu0.mgz ./tmp.mri_nu_correct.mni.1517155/nu0.mgz mul 1.13290373895476151432
Saving result to './tmp.mri_nu_correct.mni.1517155/nu0.mgz' (type = MGH )                       [ ok ]
mri_convert ./tmp.mri_nu_correct.mni.1517155/nu0.mgz nu.mgz --like orig.mgz
mri_convert ./tmp.mri_nu_correct.mni.1517155/nu0.mgz nu.mgz --like orig.mgz 
reading from ./tmp.mri_nu_correct.mni.1517155/nu0.mgz...
TR=0.00, TE=0.00, TI=0.00, flip angle=0.00
i_ras = (-1, 0, 0)
j_ras = (9.31323e-10, 0, -1)
k_ras = (0, 1, 0)
INFO: transform src into the like-volume: orig.mgz
writing to nu.mgz...
mri_make_uchar nu.mgz transforms/talairach.xfm nu.mgz
type change took 0 minutes and 3 seconds.
FIRST_PERCENTILE 0.010000
WM_PERCENTILE    0.900000
MAX_R 50.000000
i1 = 3, i2 = 51
#mri_make_uchar# mapping  8 128 to  3 110  :  b -4.16563 m 0.890023 : thresh 4.68036 maxsat 291.19 : nzero 12998108 nsat 0
 
 
Wed Sep 25 10:49:12 BST 2024
mri_nu_correct.mni done
@#@FSTIME  2024:09:25:10:47:05 mri_nu_correct.mni N 9 e 126.75 S 0.99 U 125.10 P 99% M 612332 F 0 R 175671 W 0 c 288 w 313 I 0 O 0 L 47.09 65.86 74.86
@#@FSLOADPOST 2024:09:25:10:49:12 mri_nu_correct.mni N 9 68.52 67.78 74.39

 mri_add_xform_to_header -c /rds/projects/q/quinna-camcan/cc700/mri/pipeline/release004/BIDS_20190411/anat/sub-CC120550_T1w/mri/transforms/talairach.xfm nu.mgz nu.mgz 

INFO: extension is mgz
@#@FSTIME  2024:09:25:10:49:12 mri_add_xform_to_header N 4 e 0.34 S 0.01 U 0.32 P 99% M 21516 F 0 R 1310 W 0 c 1 w 16 I 0 O 0 L 68.52 67.78 74.39
@#@FSLOADPOST 2024:09:25:10:49:12 mri_add_xform_to_header N 4 68.52 67.78 74.39
#--------------------------------------------
#@# Intensity Normalization Wed Sep 25 10:49:12 BST 2024
/rds/projects/q/quinna-camcan/cc700/mri/pipeline/release004/BIDS_20190411/anat/sub-CC120550_T1w/mri

 mri_normalize -g 1 -seed 1234 -mprage nu.mgz T1.mgz 

using max gradient = 1.000
setting seed for random number genererator to 1234
assuming input volume is MGH (Van der Kouwe) MP-RAGE
reading mri_src from nu.mgz...
normalizing image...
NOT doing gentle normalization with control points/label
talairach transform
 1.02641   0.01155   0.01969   4.70845;
-0.03640   1.07984   0.12805  -41.12798;
-0.03482  -0.03949   1.10743   12.30392;
 0.00000   0.00000   0.00000   1.00000;
processing without aseg, no1d=0
MRInormInit(): 
INFO: Modifying talairach volume c_(r,a,s) based on average_305
MRInormalize(): 
MRIsplineNormalize(): npeaks = 15
Starting OpenSpline(): npoints = 15
building Voronoi diagram...
performing soap bubble smoothing, sigma = 8...

Iterating 2 times
---------------------------------
3d normalization pass 1 of 2
white matter peak found at 110
white matter peak found at 110
gm peak at 84 (84), valley at 39 (39)
csf peak at 43, setting threshold to 70
building Voronoi diagram...
performing soap bubble smoothing, sigma = 8...
---------------------------------
3d normalization pass 2 of 2
white matter peak found at 110
white matter peak found at 110
gm peak at 82 (82), valley at 40 (40)
csf peak at 41, setting threshold to 68
building Voronoi diagram...
performing soap bubble smoothing, sigma = 8...
Done iterating ---------------------------------
writing output to T1.mgz
3D bias adjustment took 1 minutes and 15 seconds.
@#@FSTIME  2024:09:25:10:49:12 mri_normalize N 7 e 75.51 S 0.15 U 75.03 P 99% M 583840 F 0 R 16459 W 0 c 68 w 17 I 0 O 0 L 68.52 67.78 74.39
@#@FSLOADPOST 2024:09:25:10:50:28 mri_normalize N 7 73.30 69.43 74.45
#--------------------------------------------
#@# Skull Stripping Wed Sep 25 10:50:28 BST 2024
/rds/projects/q/quinna-camcan/cc700/mri/pipeline/release004/BIDS_20190411/anat/sub-CC120550_T1w/mri

 mri_em_register -skull nu.mgz /rds/bear-apps/2022a/EL8-ice/software/FreeSurfer/7.4.1-centos8_x86_64/average/RB_all_withskull_2020_01_02.gca transforms/talairach_with_skull.lta 

aligning to atlas containing skull, setting unknown_nbr_spacing = 5

== Number of threads available to mri_em_register for OpenMP = 1 == 
reading 1 input volumes...
logging results to talairach_with_skull.log
reading '/rds/bear-apps/2022a/EL8-ice/software/FreeSurfer/7.4.1-centos8_x86_64/average/RB_all_withskull_2020_01_02.gca'...
GCAread took 0 minutes and 1 seconds.
average std = 23.0   using min determinant for regularization = 52.8
0 singular and 9205 ill-conditioned covariance matrices regularized
reading 'nu.mgz'...
freeing gibbs priors...done.
accounting for voxel sizes in initial transform
bounding unknown intensity as < 8.9 or > 556.0 
total sample mean = 77.3 (1403 zeros)
************************************************
spacing=8, using 3292 sample points, tol=1.00e-05...
************************************************
register_mri: find_optimal_transform
find_optimal_transform: nsamples 3292, passno 0, spacing 8
resetting wm mean[0]: 100 --> 108
resetting gm mean[0]: 61 --> 61
input volume #1 is the most T1-like
using real data threshold=17.0
skull bounding box = (51, 46, 0) --> (215, 232, 212)
finding center of left hemi white matter
using (106, 108, 106) as brain centroid of Right_Cerebral_White_Matter...
MRImask(): AllowDiffGeom = 1
mean wm in atlas = 108, using box (86,85,80) --> (126, 130,132) to find MRI wm
before smoothing, mri peak at 108
robust fit to distribution - 107 +- 3.9
after smoothing, mri peak at 107, scaling input intensities by 1.009
scaling channel 0 by 1.00935
initial log_p = -4.499
************************************************
First Search limited to translation only.
************************************************
max log p =    -4.396128 @ (-10.526, -10.526, 10.526)
max log p =    -4.306782 @ (5.263, 5.263, -5.263)
max log p =    -4.197217 @ (-2.632, -2.632, -2.632)
max log p =    -4.169076 @ (-1.316, -1.316, -1.316)
max log p =    -4.161737 @ (-0.658, -0.658, -0.658)
max log p =    -4.155339 @ (0.987, 1.645, 0.987)
max log p =    -4.155339 @ (0.000, 0.000, 0.000)
max log p =    -4.155339 @ (0.000, 0.000, 0.000)
Found translation: (-8.9, -8.2, 1.6): log p = -4.155
****************************************
Nine parameter search.  iteration 0 nscales = 0 ...
****************************************
Result so far: scale 1.000: max_log_p=-4.050, old_max_log_p =-4.155 (thresh=-4.2)
 1.00000   0.00000   0.00000  -8.88158;
 0.00000   1.06580   0.14032  -33.48390;
 0.00000  -0.14032   1.06580   8.03197;
 0.00000   0.00000   0.00000   1.00000;
iteration took 1 minutes and 0 seconds.
****************************************
Nine parameter search.  iteration 1 nscales = 0 ...
****************************************
Result so far: scale 1.000: max_log_p=-4.050, old_max_log_p =-4.050 (thresh=-4.0)
 1.00000   0.00000   0.00000  -8.88158;
 0.00000   1.06580   0.14032  -33.48390;
 0.00000  -0.14032   1.06580   8.03197;
 0.00000   0.00000   0.00000   1.00000;
reducing scale to 0.2500
iteration took 1 minutes and 0 seconds.
****************************************
Nine parameter search.  iteration 2 nscales = 1 ...
****************************************
Result so far: scale 0.250: max_log_p=-4.011, old_max_log_p =-4.050 (thresh=-4.0)
 1.03483   0.07507   0.00246  -23.17606;
-0.07076   1.05000   0.06913  -13.35198;
-0.00259  -0.07048   1.07286  -1.00289;
 0.00000   0.00000   0.00000   1.00000;
iteration took 0 minutes and 56 seconds.
****************************************
Nine parameter search.  iteration 3 nscales = 1 ...
****************************************
Result so far: scale 0.250: max_log_p=-4.011, old_max_log_p =-4.011 (thresh=-4.0)
 1.05606   0.01139  -0.04223  -13.21741;
-0.00304   1.06572   0.13929  -30.82481;
 0.03523  -0.13391   1.04557   8.48092;
 0.00000   0.00000   0.00000   1.00000;
reducing scale to 0.0625
iteration took 0 minutes and 56 seconds.
****************************************
Nine parameter search.  iteration 4 nscales = 2 ...
****************************************
Result so far: scale 0.062: max_log_p=-3.987, old_max_log_p =-4.011 (thresh=-4.0)
 1.05352   0.02005  -0.04121  -13.80406;
-0.01318   1.07143   0.09687  -25.53401;
 0.03498  -0.09033   1.05163   0.91644;
 0.00000   0.00000   0.00000   1.00000;
iteration took 0 minutes and 50 seconds.
****************************************
Nine parameter search.  iteration 5 nscales = 2 ...
****************************************
Result so far: scale 0.062: max_log_p=-3.986, old_max_log_p =-3.987 (thresh=-4.0)
 1.05352   0.02005  -0.04121  -13.80406;
-0.01318   1.07143   0.09687  -25.53401;
 0.03489  -0.09012   1.04916   1.17485;
 0.00000   0.00000   0.00000   1.00000;
min search scale 0.025000 reached
***********************************************
Computing MAP estimate using 3292 samples...
***********************************************
dt = 5.00e-06, momentum=0.80, tol=1.00e-05
l_intensity = 1.0000
Aligning input volume to GCA...
Transform matrix
 1.05352   0.02005  -0.04121  -13.80406;
-0.01318   1.07143   0.09687  -25.53401;
 0.03489  -0.09012   1.04916   1.17485;
 0.00000   0.00000   0.00000   1.00000;
nsamples 3292
Quasinewton: input matrix
 1.05352   0.02005  -0.04121  -13.80406;
-0.01318   1.07143   0.09687  -25.53401;
 0.03489  -0.09012   1.04916   1.17485;
 0.00000   0.00000   0.00000   1.00000;
 IFLAG= -1  LINE SEARCH FAILED. SEE DOCUMENTATION OF ROUTINE MCSRCH ERROR RETURN OF LINE SEARCH: INFO= 3 POSSIBLE CAUSES: FUNCTION OR GRADIENT ARE INCORRECT OR INCORRECT TOLERANCESoutof QuasiNewtonEMA: 008: -log(p) =   -0.0  tol 0.000010
Resulting transform:
 1.05352   0.02005  -0.04121  -13.80406;
-0.01318   1.07143   0.09687  -25.53401;
 0.03489  -0.09012   1.04916   1.17485;
 0.00000   0.00000   0.00000   1.00000;

pass 1, spacing 8: log(p) = -3.986 (old=-4.499)
transform before final EM align:
 1.05352   0.02005  -0.04121  -13.80406;
-0.01318   1.07143   0.09687  -25.53401;
 0.03489  -0.09012   1.04916   1.17485;
 0.00000   0.00000   0.00000   1.00000;

**************************************************
 EM alignment process ...
 Computing final MAP estimate using 364986 samples. 
**************************************************
dt = 5.00e-06, momentum=0.80, tol=1.00e-07
l_intensity = 1.0000
Aligning input volume to GCA...
Transform matrix
 1.05352   0.02005  -0.04121  -13.80406;
-0.01318   1.07143   0.09687  -25.53401;
 0.03489  -0.09012   1.04916   1.17485;
 0.00000   0.00000   0.00000   1.00000;
nsamples 364986
Quasinewton: input matrix
 1.05352   0.02005  -0.04121  -13.80406;
-0.01318   1.07143   0.09687  -25.53401;
 0.03489  -0.09012   1.04916   1.17485;
 0.00000   0.00000   0.00000   1.00000;
 IFLAG= -1  LINE SEARCH FAILED. SEE DOCUMENTATION OF ROUTINE MCSRCH ERROR RETURN OF LINE SEARCH: INFO= 6 POSSIBLE CAUSES: FUNCTION OR GRADIENT ARE INCORRECT OR INCORRECT TOLERANCESoutof QuasiNewtonEMA: 010: -log(p) =    4.3  tol 0.000000
final transform:
 1.05352   0.02005  -0.04121  -13.80406;
-0.01318   1.07143   0.09687  -25.53401;
 0.03489  -0.09012   1.04916   1.17485;
 0.00000   0.00000   0.00000   1.00000;

writing output transformation to transforms/talairach_with_skull.lta...
#VMPC# mri_em_register VmPeak  796892
FSRUNTIME@ mri_em_register  0.1047 hours 1 threads
registration took 6 minutes and 17 seconds.
@#@FSTIME  2024:09:25:10:50:28 mri_em_register N 4 e 377.10 S 0.59 U 374.82 P 99% M 627404 F 0 R 116911 W 0 c 127 w 21 I 0 O 0 L 73.30 69.43 74.45
@#@FSLOADPOST 2024:09:25:10:56:45 mri_em_register N 4 78.56 73.89 74.63

 mri_watershed -T1 -brain_atlas /rds/bear-apps/2022a/EL8-ice/software/FreeSurfer/7.4.1-centos8_x86_64/average/RB_all_withskull_2020_01_02.gca transforms/talairach_with_skull.lta T1.mgz brainmask.auto.mgz 


Mode:          T1 normalized volume
Mode:          Use the information of atlas (default parms, --help for details)

*********************************************************
The input file is T1.mgz
The output file is brainmask.auto.mgz
Weighting the input with atlas information before watershed

*************************WATERSHED**************************
Sorting...
      first estimation of the COG coord: x=135 y=124 z=111 r=79
      first estimation of the main basin volume: 2091975 voxels
      Looking for seedpoints 
        2 found in the cerebellum 
        17 found in the rest of the brain 
      global maximum in x=154, y=108, z=73, Imax=255
      CSF=18, WM_intensity=110, WM_VARIANCE=5
      WM_MIN=110, WM_HALF_MIN=110, WM_HALF_MAX=110, WM_MAX=110 
      preflooding height equal to 10 percent
done.
Analyze...

      main basin size=9147913761 voxels, voxel volume =1.000 
                     = 9147913761 mmm3 = 9147914.240 cm3
done.
PostAnalyze...Basin Prior
 37 basins merged thanks to atlas 
      ***** 0 basin(s) merged in 1 iteration(s)
      ***** 0 voxel(s) added to the main basin
done.
Weighting the input with prior template 

****************TEMPLATE DEFORMATION****************

      second estimation of the COG coord: x=134,y=126, z=102, r=10051 iterations
^^^^^^^^ couldn't find WM with original limits - expanding ^^^^^^

   GLOBAL      CSF_MIN=0, CSF_intensity=14, CSF_MAX=38 , nb = 43506
  RIGHT_CER    CSF_MIN=0, CSF_intensity=8, CSF_MAX=77 , nb = 2070
  LEFT_CER     CSF_MIN=0, CSF_intensity=14, CSF_MAX=68 , nb = 2448
 RIGHT_BRAIN   CSF_MIN=0, CSF_intensity=14, CSF_MAX=38 , nb = 19026
 LEFT_BRAIN    CSF_MIN=0, CSF_intensity=11, CSF_MAX=38 , nb = 19494
    OTHER      CSF_MIN=1, CSF_intensity=2, CSF_MAX=6 , nb = 468
 Problem with the least square interpolation in GM_MIN calculation.
 Problem with the least square interpolation in GM_MIN calculation.
 (2) Problem with the least square interpolation in GM_MIN calculation.
   
                     CSF_MAX  TRANSITION  GM_MIN  GM
    GLOBAL     
  before analyzing :    38,      44,        51,   72
  after  analyzing :    38,      48,        51,   54
   RIGHT_CER   
  before analyzing :    77,      67,        64,   86
  after  analyzing :    46,      67,        67,   71
   LEFT_CER    
  before analyzing :    68,      61,        59,   84
  after  analyzing :    45,      61,        61,   66
  RIGHT_BRAIN  
  before analyzing :    38,      44,        50,   71
  after  analyzing :    38,      48,        50,   53
  LEFT_BRAIN   
  before analyzing :    38,      45,        51,   72
  after  analyzing :    38,      49,        51,   54
     OTHER     
  before analyzing :    6,      4,        0,   14
  after  analyzing :    4,      18,        25,   19
      mri_strip_skull: done peeling brain
      highly tesselated surface with 10242 vertices
      matching...61 iterations

*********************VALIDATION*********************
curvature mean = -0.013, std = 0.010
curvature mean = 70.557, std = 6.242

No Rigid alignment: -atlas Mode Off (basic atlas / no registration)
      before rotation: sse = 3.66, sigma = 5.33
      after  rotation: sse = 3.66, sigma = 5.33
Localization of inacurate regions: Erosion-Dilation steps
      the sse mean is  3.91, its var is  4.92   
      before Erosion-Dilatation  1.01% of inacurate vertices
      after  Erosion-Dilatation  0.00% of inacurate vertices
      Validation of the shape of the surface done.
Scaling of atlas fields onto current surface fields

********FINAL ITERATIVE TEMPLATE DEFORMATION********
Compute Local values csf/gray
Fine Segmentation...43 iterations

      mri_strip_skull: done peeling brain

Brain Size = 1680777 voxels, voxel volume = 1.000 mm3
           = 1680777 mmm3 = 1680.777 cm3


******************************
Saving brainmask.auto.mgz
done
mri_watershed done
@#@FSTIME  2024:09:25:10:56:46 mri_watershed N 6 e 10.43 S 0.33 U 9.92 P 98% M 811032 F 0 R 187348 W 0 c 12 w 43 I 0 O 0 L 78.56 73.89 74.63
@#@FSLOADPOST 2024:09:25:10:56:56 mri_watershed N 6 76.89 73.75 74.57

 cp brainmask.auto.mgz brainmask.mgz 

#-------------------------------------
#@# EM Registration Wed Sep 25 10:56:57 BST 2024
/rds/projects/q/quinna-camcan/cc700/mri/pipeline/release004/BIDS_20190411/anat/sub-CC120550_T1w/mri

 mri_em_register -uns 3 -mask brainmask.mgz nu.mgz /rds/bear-apps/2022a/EL8-ice/software/FreeSurfer/7.4.1-centos8_x86_64/average/RB_all_2020-01-02.gca transforms/talairach.lta 

setting unknown_nbr_spacing = 3
using MR volume brainmask.mgz to mask input volume...

== Number of threads available to mri_em_register for OpenMP = 1 == 
reading 1 input volumes...
logging results to talairach.log
reading '/rds/bear-apps/2022a/EL8-ice/software/FreeSurfer/7.4.1-centos8_x86_64/average/RB_all_2020-01-02.gca'...
GCAread took 0 minutes and 1 seconds.
average std = 7.2   using min determinant for regularization = 5.2
0 singular and 884 ill-conditioned covariance matrices regularized
reading 'nu.mgz'...
MRImask(): AllowDiffGeom = 1
MRImask(): AllowDiffGeom = 1
MRImask(): AllowDiffGeom = 1
MRImask(): AllowDiffGeom = 1
MRImask(): AllowDiffGeom = 1
freeing gibbs priors...done.
accounting for voxel sizes in initial transform
bounding unknown intensity as < 5.9 or > 519.0 
total sample mean = 79.1 (1017 zeros)
************************************************
spacing=8, using 2841 sample points, tol=1.00e-05...
************************************************
register_mri: find_optimal_transform
find_optimal_transform: nsamples 2841, passno 0, spacing 8
resetting wm mean[0]: 98 --> 107
resetting gm mean[0]: 61 --> 61
input volume #1 is the most T1-like
using real data threshold=29.6
skull bounding box = (64, 66, 27) --> (202, 185, 190)
finding center of left hemi white matter
using (110, 106, 109) as brain centroid of Right_Cerebral_White_Matter...
MRImask(): AllowDiffGeom = 1
mean wm in atlas = 107, using box (93,91,89) --> (126, 120,129) to find MRI wm
before smoothing, mri peak at 108
robust fit to distribution - 107 +- 3.8
after smoothing, mri peak at 107, scaling input intensities by 1.000
scaling channel 0 by 1
initial log_p = -4.102
************************************************
First Search limited to translation only.
************************************************
max log p =    -3.952411 @ (-10.526, -10.526, 10.526)
max log p =    -3.765747 @ (5.263, 5.263, -5.263)
max log p =    -3.640250 @ (-2.632, -2.632, -2.632)
max log p =    -3.597822 @ (-1.316, 1.316, -1.316)
max log p =    -3.595445 @ (0.658, 0.658, 0.658)
max log p =    -3.595445 @ (0.000, 0.000, 0.000)
max log p =    -3.595445 @ (0.000, 0.000, 0.000)
max log p =    -3.595445 @ (0.000, 0.000, 0.000)
Found translation: (-8.6, -5.9, 2.0): log p = -3.595
****************************************
Nine parameter search.  iteration 0 nscales = 0 ...
****************************************
Result so far: scale 1.000: max_log_p=-3.537, old_max_log_p =-3.595 (thresh=-3.6)
 1.00000   0.00000   0.00000  -8.55264;
 0.00000   1.15000   0.00000  -24.70275;
 0.00000   0.00000   1.00000   1.97368;
 0.00000   0.00000   0.00000   1.00000;
iteration took 0 minutes and 54 seconds.
****************************************
Nine parameter search.  iteration 1 nscales = 0 ...
****************************************
Result so far: scale 1.000: max_log_p=-3.537, old_max_log_p =-3.537 (thresh=-3.5)
 1.00000   0.00000   0.00000  -8.55264;
 0.00000   1.15000   0.00000  -24.70275;
 0.00000   0.00000   1.00000   1.97368;
 0.00000   0.00000   0.00000   1.00000;
reducing scale to 0.2500
iteration took 0 minutes and 54 seconds.
****************************************
Nine parameter search.  iteration 2 nscales = 1 ...
****************************************
Result so far: scale 0.250: max_log_p=-3.473, old_max_log_p =-3.537 (thresh=-3.5)
 0.97799   0.07495  -0.03037  -9.94214;
-0.06410   1.12481   0.02945  -15.91893;
 0.02882  -0.03880   1.01693   1.18095;
 0.00000   0.00000   0.00000   1.00000;
iteration took 0 minutes and 51 seconds.
****************************************
Nine parameter search.  iteration 3 nscales = 1 ...
****************************************
Result so far: scale 0.250: max_log_p=-3.473, old_max_log_p =-3.473 (thresh=-3.5)
 0.97799   0.07495  -0.03037  -9.94214;
-0.06410   1.12481   0.02945  -15.91893;
 0.02882  -0.03880   1.01693   1.18095;
 0.00000   0.00000   0.00000   1.00000;
reducing scale to 0.0625
iteration took 0 minutes and 51 seconds.
****************************************
Nine parameter search.  iteration 4 nscales = 2 ...
****************************************
Result so far: scale 0.062: max_log_p=-3.429, old_max_log_p =-3.473 (thresh=-3.5)
 0.97670   0.02798  -0.01492  -6.41986;
-0.02386   1.12789   0.03666  -22.89847;
 0.01303  -0.04860   1.01584   4.17972;
 0.00000   0.00000   0.00000   1.00000;
iteration took 0 minutes and 44 seconds.
****************************************
Nine parameter search.  iteration 5 nscales = 2 ...
****************************************
Result so far: scale 0.062: max_log_p=-3.429, old_max_log_p =-3.429 (thresh=-3.4)
 0.97555   0.02795  -0.01491  -6.26373;
-0.02386   1.12789   0.03666  -22.89847;
 0.01303  -0.04860   1.01584   4.17972;
 0.00000   0.00000   0.00000   1.00000;
min search scale 0.025000 reached
***********************************************
Computing MAP estimate using 2841 samples...
***********************************************
dt = 5.00e-06, momentum=0.80, tol=1.00e-05
l_intensity = 1.0000
Aligning input volume to GCA...
Transform matrix
 0.97555   0.02795  -0.01491  -6.26373;
-0.02386   1.12789   0.03666  -22.89847;
 0.01303  -0.04860   1.01584   4.17972;
 0.00000   0.00000   0.00000   1.00000;
nsamples 2841
Quasinewton: input matrix
 0.97555   0.02795  -0.01491  -6.26373;
-0.02386   1.12789   0.03666  -22.89847;
 0.01303  -0.04860   1.01584   4.17972;
 0.00000   0.00000   0.00000   1.00000;
 IFLAG= -1  LINE SEARCH FAILED. SEE DOCUMENTATION OF ROUTINE MCSRCH ERROR RETURN OF LINE SEARCH: INFO= 3 POSSIBLE CAUSES: FUNCTION OR GRADIENT ARE INCORRECT OR INCORRECT TOLERANCESoutof QuasiNewtonEMA: 008: -log(p) =   -0.0  tol 0.000010
Resulting transform:
 0.97555   0.02795  -0.01491  -6.26373;
-0.02386   1.12789   0.03666  -22.89847;
 0.01303  -0.04860   1.01584   4.17972;
 0.00000   0.00000   0.00000   1.00000;

pass 1, spacing 8: log(p) = -3.429 (old=-4.102)
transform before final EM align:
 0.97555   0.02795  -0.01491  -6.26373;
-0.02386   1.12789   0.03666  -22.89847;
 0.01303  -0.04860   1.01584   4.17972;
 0.00000   0.00000   0.00000   1.00000;

**************************************************
 EM alignment process ...
 Computing final MAP estimate using 315638 samples. 
**************************************************
dt = 5.00e-06, momentum=0.80, tol=1.00e-07
l_intensity = 1.0000
Aligning input volume to GCA...
Transform matrix
 0.97555   0.02795  -0.01491  -6.26373;
-0.02386   1.12789   0.03666  -22.89847;
 0.01303  -0.04860   1.01584   4.17972;
 0.00000   0.00000   0.00000   1.00000;
nsamples 315638
Quasinewton: input matrix
 0.97555   0.02795  -0.01491  -6.26373;
-0.02386   1.12789   0.03666  -22.89847;
 0.01303  -0.04860   1.01584   4.17972;
 0.00000   0.00000   0.00000   1.00000;
 IFLAG= -1  LINE SEARCH FAILED. SEE DOCUMENTATION OF ROUTINE MCSRCH ERROR RETURN OF LINE SEARCH: INFO= 3 POSSIBLE CAUSES: FUNCTION OR GRADIENT ARE INCORRECT OR INCORRECT TOLERANCESoutof QuasiNewtonEMA: 010: -log(p) =    3.9  tol 0.000000
final transform:
 0.97555   0.02795  -0.01491  -6.26373;
-0.02386   1.12789   0.03666  -22.89847;
 0.01303  -0.04860   1.01584   4.17972;
 0.00000   0.00000   0.00000   1.00000;

writing output transformation to transforms/talairach.lta...
#VMPC# mri_em_register VmPeak  784336
FSRUNTIME@ mri_em_register  0.0951 hours 1 threads
registration took 5 minutes and 42 seconds.
@#@FSTIME  2024:09:25:10:56:57 mri_em_register N 7 e 342.23 S 0.55 U 340.56 P 99% M 614692 F 0 R 115444 W 0 c 108 w 21 I 0 O 0 L 76.89 73.75 74.57
@#@FSLOADPOST 2024:09:25:11:02:40 mri_em_register N 7 70.42 72.34 73.75
#--------------------------------------
#@# CA Normalize Wed Sep 25 11:02:40 BST 2024
/rds/projects/q/quinna-camcan/cc700/mri/pipeline/release004/BIDS_20190411/anat/sub-CC120550_T1w/mri

 mri_ca_normalize -c ctrl_pts.mgz -mask brainmask.mgz nu.mgz /rds/bear-apps/2022a/EL8-ice/software/FreeSurfer/7.4.1-centos8_x86_64/average/RB_all_2020-01-02.gca transforms/talairach.lta norm.mgz 

writing control point volume to ctrl_pts.mgz
using MR volume brainmask.mgz to mask input volume...
reading 1 input volume
reading atlas from '/rds/bear-apps/2022a/EL8-ice/software/FreeSurfer/7.4.1-centos8_x86_64/average/RB_all_2020-01-02.gca'...
reading transform from 'transforms/talairach.lta'...
reading input volume from nu.mgz...
resetting wm mean[0]: 98 --> 107
resetting gm mean[0]: 61 --> 61
input volume #1 is the most T1-like
using real data threshold=29.6
skull bounding box = (64, 66, 27) --> (202, 185, 190)
finding center of left hemi white matter
using (110, 106, 109) as brain centroid of Right_Cerebral_White_Matter...
mean wm in atlas = 107, using box (93,91,89) --> (126, 120,129) to find MRI wm
before smoothing, mri peak at 108
robust fit to distribution - 107 +- 3.8
after smoothing, mri peak at 107, scaling input intensities by 1.000
scaling channel 0 by 1
using 246437 sample points...
INFO: compute sample coordinates transform
 0.97555   0.02795  -0.01491  -6.26373;
-0.02386   1.12789   0.03666  -22.89847;
 0.01303  -0.04860   1.01584   4.17972;
 0.00000   0.00000   0.00000   1.00000;
INFO: transform used
finding control points in Left_Cerebral_White_Matter....
found 40230 control points for structure...
bounding box (132, 66, 26) --> (202, 171, 191)
Left_Cerebral_White_Matter: limiting intensities to 96.0 --> 132.0
0 of 6684 (0.0%) samples deleted
finding control points in Right_Cerebral_White_Matter....
found 39478 control points for structure...
bounding box (67, 66, 26) --> (137, 171, 192)
Right_Cerebral_White_Matter: limiting intensities to 96.0 --> 132.0
1 of 5653 (0.0%) samples deleted
finding control points in Left_Cerebellum_White_Matter....
found 3105 control points for structure...
bounding box (134, 140, 49) --> (183, 181, 102)
Left_Cerebellum_White_Matter: limiting intensities to 99.0 --> 132.0
0 of 63 (0.0%) samples deleted
finding control points in Right_Cerebellum_White_Matter....
found 2710 control points for structure...
bounding box (87, 139, 47) --> (133, 180, 104)
Right_Cerebellum_White_Matter: limiting intensities to 105.0 --> 132.0
0 of 8 (0.0%) samples deleted
finding control points in Brain_Stem....
found 3475 control points for structure...
bounding box (116, 135, 85) --> (151, 196, 114)
Brain_Stem: limiting intensities to 102.0 --> 132.0
8 of 24 (33.3%) samples deleted
using 12432 total control points for intensity normalization...
bias field = 0.980 +- 0.041
87 of 12423 control points discarded
finding control points in Left_Cerebral_White_Matter....
found 40230 control points for structure...
bounding box (132, 66, 26) --> (202, 171, 191)
Left_Cerebral_White_Matter: limiting intensities to 91.0 --> 132.0
0 of 7118 (0.0%) samples deleted
finding control points in Right_Cerebral_White_Matter....
found 39478 control points for structure...
bounding box (67, 66, 26) --> (137, 171, 192)
Right_Cerebral_White_Matter: limiting intensities to 90.0 --> 132.0
2 of 6098 (0.0%) samples deleted
finding control points in Left_Cerebellum_White_Matter....
found 3105 control points for structure...
bounding box (134, 140, 49) --> (183, 181, 102)
Left_Cerebellum_White_Matter: limiting intensities to 88.0 --> 132.0
8 of 146 (5.5%) samples deleted
finding control points in Right_Cerebellum_White_Matter....
found 2710 control points for structure...
bounding box (87, 139, 47) --> (133, 180, 104)
Right_Cerebellum_White_Matter: limiting intensities to 88.0 --> 132.0
7 of 72 (9.7%) samples deleted
finding control points in Brain_Stem....
found 3475 control points for structure...
bounding box (116, 135, 85) --> (151, 196, 114)
Brain_Stem: limiting intensities to 88.0 --> 132.0
22 of 131 (16.8%) samples deleted
using 13565 total control points for intensity normalization...
bias field = 1.028 +- 0.045
61 of 13453 control points discarded
finding control points in Left_Cerebral_White_Matter....
found 40230 control points for structure...
bounding box (132, 66, 26) --> (202, 171, 191)
Left_Cerebral_White_Matter: limiting intensities to 90.0 --> 132.0
2 of 7123 (0.0%) samples deleted
finding control points in Right_Cerebral_White_Matter....
found 39478 control points for structure...
bounding box (67, 66, 26) --> (137, 171, 192)
Right_Cerebral_White_Matter: limiting intensities to 90.0 --> 132.0
13 of 6082 (0.2%) samples deleted
finding control points in Left_Cerebellum_White_Matter....
found 3105 control points for structure...
bounding box (134, 140, 49) --> (183, 181, 102)
Left_Cerebellum_White_Matter: limiting intensities to 88.0 --> 132.0
24 of 210 (11.4%) samples deleted
finding control points in Right_Cerebellum_White_Matter....
found 2710 control points for structure...
bounding box (87, 139, 47) --> (133, 180, 104)
Right_Cerebellum_White_Matter: limiting intensities to 88.0 --> 132.0
38 of 108 (35.2%) samples deleted
finding control points in Brain_Stem....
found 3475 control points for structure...
bounding box (116, 135, 85) --> (151, 196, 114)
Brain_Stem: limiting intensities to 88.0 --> 132.0
136 of 215 (63.3%) samples deleted
using 13738 total control points for intensity normalization...
bias field = 1.029 +- 0.041
11 of 13335 control points discarded
writing normalized volume to norm.mgz...
writing control points to ctrl_pts.mgz
freeing GCA...done.
normalization took 0 minutes and 39 seconds.
@#@FSTIME  2024:09:25:11:02:40 mri_ca_normalize N 8 e 39.45 S 0.35 U 38.86 P 99% M 921576 F 0 R 137786 W 0 c 35 w 25 I 0 O 0 L 70.42 72.34 73.75
@#@FSLOADPOST 2024:09:25:11:03:19 mri_ca_normalize N 8 72.97 72.78 73.84
#--------------------------------------
#@# CA Reg Wed Sep 25 11:03:19 BST 2024
/rds/projects/q/quinna-camcan/cc700/mri/pipeline/release004/BIDS_20190411/anat/sub-CC120550_T1w/mri

 mri_ca_register -nobigventricles -T transforms/talairach.lta -align-after -mask brainmask.mgz norm.mgz /rds/bear-apps/2022a/EL8-ice/software/FreeSurfer/7.4.1-centos8_x86_64/average/RB_all_2020-01-02.gca transforms/talairach.m3z 

not handling expanded ventricles...
using previously computed transform transforms/talairach.lta
renormalizing sequences with structure alignment, equivalent to:
	-renormalize
	-regularize_mean 0.500
	-regularize 0.500
using MR volume brainmask.mgz to mask input volume...

== Number of threads available to mri_ca_register for OpenMP = 1 == 
reading 1 input volumes...
logging results to talairach.log
reading input volume 'norm.mgz'...
reading GCA '/rds/bear-apps/2022a/EL8-ice/software/FreeSurfer/7.4.1-centos8_x86_64/average/RB_all_2020-01-02.gca'...
label assignment complete, 0 changed (0.00%)
freeing gibbs priors...done.
average std[0] = 5.0
Starting GCAMregister()
label assignment complete, 0 changed (0.00%)
npasses = 1, nlevels = 6
#pass# 1 of 1 ************************
enabling zero nodes
setting smoothness cost coefficient to 0.156

#GCAMreg# pass 0 level1 5 level2 0 tsec 0 sigma 2
l_jacobian=1.00 l_label=1.00 l_log_likelihood=0.20 l_smoothness=0.16 
tol=2.50e-01, dt=5.00e-02, exp_k=20.0, momentum=0.90, levels=6, niter=500, lbl_dist=10.00, avgs=256, sigma=2.0,type=2, relabel=0, neg=no

blurring input image with Gaussian with sigma=2.000...
GCAMRegisterLevel(): init RMS 0.793409
























#GCAMreg# pass 0 level1 5 level2 1 tsec 237.112 sigma 0.5
l_jacobian=1.00 l_label=1.00 l_log_likelihood=0.20 l_smoothness=0.16 
tol=2.50e-01, dt=5.00e-02, exp_k=20.0, momentum=0.90, levels=6, niter=500, lbl_dist=10.00, avgs=256, sigma=0.5,type=2, relabel=0, neg=no

blurring input image with Gaussian with sigma=0.500...
GCAMRegisterLevel(): init RMS 0.682361



setting smoothness cost coefficient to 0.615

#GCAMreg# pass 0 level1 4 level2 0 tsec 0 sigma 2
l_jacobian=1.00 l_label=1.00 l_log_likelihood=0.20 l_smoothness=0.62 
tol=2.50e-01, dt=5.00e-02, exp_k=20.0, momentum=0.90, levels=6, niter=500, lbl_dist=10.00, avgs=64, sigma=2.0,type=2, relabel=0, neg=no

blurring input image with Gaussian with sigma=2.000...
GCAMRegisterLevel(): init RMS 0.692747





#GCAMreg# pass 0 level1 4 level2 1 tsec 54.168 sigma 0.5
l_jacobian=1.00 l_label=1.00 l_log_likelihood=0.20 l_smoothness=0.62 
tol=2.50e-01, dt=5.00e-02, exp_k=20.0, momentum=0.90, levels=6, niter=500, lbl_dist=10.00, avgs=64, sigma=0.5,type=2, relabel=0, neg=no

blurring input image with Gaussian with sigma=0.500...
GCAMRegisterLevel(): init RMS 0.675863


















setting smoothness cost coefficient to 2.353

#GCAMreg# pass 0 level1 3 level2 0 tsec 0 sigma 2
l_jacobian=1.00 l_label=1.00 l_log_likelihood=0.20 l_smoothness=2.35 
tol=2.50e-01, dt=5.00e-02, exp_k=20.0, momentum=0.90, levels=6, niter=500, lbl_dist=10.00, avgs=16, sigma=2.0,type=2, relabel=0, neg=no

blurring input image with Gaussian with sigma=2.000...
GCAMRegisterLevel(): init RMS 0.682118


#GCAMreg# pass 0 level1 3 level2 1 tsec 26.464 sigma 0.5
l_jacobian=1.00 l_label=1.00 l_log_likelihood=0.20 l_smoothness=2.35 
tol=2.50e-01, dt=5.00e-02, exp_k=20.0, momentum=0.90, levels=6, niter=500, lbl_dist=10.00, avgs=16, sigma=0.5,type=2, relabel=0, neg=no

blurring input image with Gaussian with sigma=0.500...
GCAMRegisterLevel(): init RMS 0.682118

setting smoothness cost coefficient to 8.000

#GCAMreg# pass 0 level1 2 level2 0 tsec 0 sigma 2
l_jacobian=1.00 l_label=1.00 l_log_likelihood=0.20 l_smoothness=8.00 
tol=2.50e-01, dt=5.00e-02, exp_k=20.0, momentum=0.90, levels=6, niter=500, lbl_dist=10.00, avgs=4, sigma=2.0,type=2, relabel=0, neg=no

blurring input image with Gaussian with sigma=2.000...
GCAMRegisterLevel(): init RMS 0.753181




#GCAMreg# pass 0 level1 2 level2 1 tsec 42.73 sigma 0.5
l_jacobian=1.00 l_label=1.00 l_log_likelihood=0.20 l_smoothness=8.00 
tol=2.50e-01, dt=5.00e-02, exp_k=20.0, momentum=0.90, levels=6, niter=500, lbl_dist=10.00, avgs=4, sigma=0.5,type=2, relabel=0, neg=no

blurring input image with Gaussian with sigma=0.500...
GCAMRegisterLevel(): init RMS 0.726108

setting smoothness cost coefficient to 20.000

#GCAMreg# pass 0 level1 1 level2 0 tsec 0 sigma 2
l_jacobian=1.00 l_label=1.00 l_log_likelihood=0.20 l_smoothness=20.00 
tol=2.50e-01, dt=5.00e-02, exp_k=20.0, momentum=0.90, levels=6, niter=500, lbl_dist=10.00, avgs=1, sigma=2.0,type=2, relabel=0, neg=no

blurring input image with Gaussian with sigma=2.000...
GCAMRegisterLevel(): init RMS 0.773591






















#GCAMreg# pass 0 level1 1 level2 1 tsec 124.622 sigma 0.5
l_jacobian=1.00 l_label=1.00 l_log_likelihood=0.20 l_smoothness=20.00 
tol=2.50e-01, dt=5.00e-02, exp_k=20.0, momentum=0.90, levels=6, niter=500, lbl_dist=10.00, avgs=1, sigma=0.5,type=2, relabel=0, neg=no

blurring input image with Gaussian with sigma=0.500...
GCAMRegisterLevel(): init RMS 0.754831


resetting metric properties...
setting smoothness cost coefficient to 40.000

#GCAMreg# pass 0 level1 0 level2 0 tsec 0 sigma 2
l_jacobian=1.00 l_label=1.00 l_log_likelihood=0.20 l_smoothness=40.00 
tol=2.50e-01, dt=5.00e-02, exp_k=20.0, momentum=0.90, levels=6, niter=500, lbl_dist=10.00, avgs=0, sigma=2.0,type=2, relabel=0, neg=no

blurring input image with Gaussian with sigma=2.000...
GCAMRegisterLevel(): init RMS 0.733336



#GCAMreg# pass 0 level1 0 level2 1 tsec 29.15 sigma 0.5
l_jacobian=1.00 l_label=1.00 l_log_likelihood=0.20 l_smoothness=40.00 
tol=2.50e-01, dt=5.00e-02, exp_k=20.0, momentum=0.90, levels=6, niter=500, lbl_dist=10.00, avgs=0, sigma=0.5,type=2, relabel=0, neg=no

blurring input image with Gaussian with sigma=0.500...
GCAMRegisterLevel(): init RMS 0.73048


GCAMregister done in 13.3485 min
Starting GCAmapRenormalizeWithAlignment() without scales
renormalizing by structure alignment....
renormalizing input #0
gca peak = 0.10253 (16)
mri peak = 0.12024 (28)
Left_Lateral_Ventricle (4): linear fit = 1.48 x + 0.0 (951 voxels, overlap=0.412)
Left_Lateral_Ventricle (4): linear fit = 1.48 x + 0.0 (951 voxels, peak = 24), gca=23.6
gca peak = 0.17690 (16)
mri peak = 0.11581 (29)
Right_Lateral_Ventricle (43): linear fit = 1.77 x + 0.0 (929 voxels, overlap=0.131)
Right_Lateral_Ventricle (43): linear fit = 1.50 x + 0.0 (929 voxels, peak = 28), gca=24.0
gca peak = 0.28275 (96)
mri peak = 0.09405 (100)
Right_Pallidum (52): linear fit = 1.03 x + 0.0 (1090 voxels, overlap=1.004)
Right_Pallidum (52): linear fit = 1.03 x + 0.0 (1090 voxels, peak = 99), gca=99.4
gca peak = 0.18948 (93)
mri peak = 0.08495 (97)
Left_Pallidum (13): linear fit = 1.01 x + 0.0 (1079 voxels, overlap=1.004)
Left_Pallidum (13): linear fit = 1.01 x + 0.0 (1079 voxels, peak = 94), gca=94.4
gca peak = 0.20755 (55)
mri peak = 0.08673 (76)
Right_Hippocampus (53): linear fit = 1.29 x + 0.0 (1039 voxels, overlap=0.020)
Right_Hippocampus (53): linear fit = 1.29 x + 0.0 (1039 voxels, peak = 71), gca=71.2
gca peak = 0.31831 (58)
mri peak = 0.10778 (73)
Left_Hippocampus (17): linear fit = 1.24 x + 0.0 (1274 voxels, overlap=0.010)
Left_Hippocampus (17): linear fit = 1.24 x + 0.0 (1274 voxels, peak = 72), gca=71.6
gca peak = 0.11957 (102)
mri peak = 0.09508 (105)
Right_Cerebral_White_Matter (41): linear fit = 1.03 x + 0.0 (77112 voxels, overlap=0.711)
Right_Cerebral_White_Matter (41): linear fit = 1.03 x + 0.0 (77112 voxels, peak = 106), gca=105.6
gca peak = 0.11429 (102)
mri peak = 0.10849 (105)
Left_Cerebral_White_Matter (2): linear fit = 1.03 x + 0.0 (81657 voxels, overlap=0.663)
Left_Cerebral_White_Matter (2): linear fit = 1.03 x + 0.0 (81657 voxels, peak = 106), gca=105.6
gca peak = 0.14521 (59)
mri peak = 0.04223 (72)
Left_Cerebral_Cortex (3): linear fit = 1.26 x + 0.0 (36493 voxels, overlap=0.003)
Left_Cerebral_Cortex (3): linear fit = 1.26 x + 0.0 (36493 voxels, peak = 75), gca=74.6
gca peak = 0.14336 (58)
mri peak = 0.04198 (72)
Right_Cerebral_Cortex (42): linear fit = 1.23 x + 0.0 (36566 voxels, overlap=0.072)
Right_Cerebral_Cortex (42): linear fit = 1.23 x + 0.0 (36566 voxels, peak = 71), gca=71.1
gca peak = 0.13305 (70)
mri peak = 0.10404 (79)
Right_Caudate (50): linear fit = 1.16 x + 0.0 (1165 voxels, overlap=0.074)
Right_Caudate (50): linear fit = 1.16 x + 0.0 (1165 voxels, peak = 82), gca=81.5
gca peak = 0.15761 (71)
mri peak = 0.13505 (81)
Left_Caudate (11): linear fit = 1.11 x + 0.0 (1248 voxels, overlap=0.255)
Left_Caudate (11): linear fit = 1.11 x + 0.0 (1248 voxels, peak = 78), gca=78.5
gca peak = 0.13537 (57)
mri peak = 0.06014 (73)
Left_Cerebellum_Cortex (8): linear fit = 1.33 x + 0.0 (27753 voxels, overlap=0.001)
Left_Cerebellum_Cortex (8): linear fit = 1.33 x + 0.0 (27753 voxels, peak = 76), gca=75.5
gca peak = 0.13487 (56)
mri peak = 0.05987 (74)
Right_Cerebellum_Cortex (47): linear fit = 1.33 x + 0.0 (29697 voxels, overlap=0.001)
Right_Cerebellum_Cortex (47): linear fit = 1.33 x + 0.0 (29697 voxels, peak = 74), gca=74.2
gca peak = 0.19040 (84)
mri peak = 0.06603 (91)
Left_Cerebellum_White_Matter (7): linear fit = 1.11 x + 0.0 (11567 voxels, overlap=0.854)
Left_Cerebellum_White_Matter (7): linear fit = 1.11 x + 0.0 (11567 voxels, peak = 93), gca=92.8
gca peak = 0.18871 (83)
mri peak = 0.07665 (88)
Right_Cerebellum_White_Matter (46): linear fit = 1.08 x + 0.0 (9946 voxels, overlap=0.696)
Right_Cerebellum_White_Matter (46): linear fit = 1.08 x + 0.0 (9946 voxels, peak = 89), gca=89.2
gca peak = 0.24248 (57)
mri peak = 0.11650 (79)
Left_Amygdala (18): linear fit = 1.33 x + 0.0 (514 voxels, overlap=0.049)
Left_Amygdala (18): linear fit = 1.33 x + 0.0 (514 voxels, peak = 76), gca=75.5
gca peak = 0.35833 (56)
mri peak = 0.10892 (78)
Right_Amygdala (54): linear fit = 1.37 x + 0.0 (632 voxels, overlap=0.043)
Right_Amygdala (54): linear fit = 1.37 x + 0.0 (632 voxels, peak = 76), gca=76.4
gca peak = 0.12897 (85)
mri peak = 0.07220 (93)
Left_Thalamus (10): linear fit = 1.07 x + 0.0 (6366 voxels, overlap=0.830)
Left_Thalamus (10): linear fit = 1.07 x + 0.0 (6366 voxels, peak = 91), gca=90.5
gca peak = 0.13127 (83)
mri peak = 0.06491 (88)
Right_Thalamus (49): linear fit = 1.08 x + 0.0 (5403 voxels, overlap=0.696)
Right_Thalamus (49): linear fit = 1.08 x + 0.0 (5403 voxels, peak = 89), gca=89.2
gca peak = 0.12974 (78)
mri peak = 0.09031 (87)
Left_Putamen (12): linear fit = 1.11 x + 0.0 (2735 voxels, overlap=0.260)
Left_Putamen (12): linear fit = 1.11 x + 0.0 (2735 voxels, peak = 86), gca=86.2
gca peak = 0.17796 (79)
mri peak = 0.08697 (89)
Right_Putamen (51): linear fit = 1.12 x + 0.0 (2881 voxels, overlap=0.380)
Right_Putamen (51): linear fit = 1.12 x + 0.0 (2881 voxels, peak = 89), gca=88.9
gca peak = 0.10999 (80)
mri peak = 0.09294 (88)
Brain_Stem (16): linear fit = 1.10 x + 0.0 (14403 voxels, overlap=0.415)
Brain_Stem (16): linear fit = 1.10 x + 0.0 (14403 voxels, peak = 88), gca=87.6
gca peak = 0.13215 (88)
mri peak = 0.08693 (92)
Right_VentralDC (60): linear fit = 1.08 x + 0.0 (1882 voxels, overlap=0.633)
Right_VentralDC (60): linear fit = 1.08 x + 0.0 (1882 voxels, peak = 95), gca=94.6
gca peak = 0.11941 (89)
mri peak = 0.08218 (95)
Left_VentralDC (28): linear fit = 1.07 x + 0.0 (1907 voxels, overlap=0.549)
Left_VentralDC (28): linear fit = 1.07 x + 0.0 (1907 voxels, peak = 95), gca=94.8
gca peak = 0.20775 (25)
mri peak = 0.04883 (29)
gca peak = 0.13297 (21)
mri peak = 0.08341 (25)
Fourth_Ventricle (15): linear fit = 1.59 x + 0.0 (436 voxels, overlap=0.296)
Fourth_Ventricle (15): linear fit = 1.59 x + 0.0 (436 voxels, peak = 33), gca=33.3
gca peak Unknown = 0.94777 ( 0)
gca peak Left_Inf_Lat_Vent = 0.19087 (28)
gca peak Third_Ventricle = 0.20775 (25)
gca peak Fourth_Ventricle = 0.13297 (21)
gca peak CSF = 0.16821 (33)
gca peak Left_Accumbens_area = 0.32850 (63)
gca peak Left_undetermined = 0.98480 (28)
gca peak Left_vessel = 0.40887 (53)
gca peak Left_choroid_plexus = 0.10898 (46)
gca peak Right_Inf_Lat_Vent = 0.17798 (26)
gca peak Right_Accumbens_area = 0.30137 (64)
gca peak Right_vessel = 0.47828 (52)
gca peak Right_choroid_plexus = 0.11612 (45)
gca peak Fifth_Ventricle = 0.59466 (35)
gca peak WM_hypointensities = 0.10053 (78)
gca peak non_WM_hypointensities = 0.07253 (60)
gca peak Optic_Chiasm = 0.25330 (73)
not using caudate to estimate GM means
estimating mean gm scale to be 1.28 x + 0.0
estimating mean wm scale to be 1.03 x + 0.0
estimating mean csf scale to be 1.49 x + 0.0
saving intensity scales to talairach.label_intensities.txt
GCAmapRenormalizeWithAlignment() took 2.0148 min
noneg pre
Starting GCAMregister()
label assignment complete, 0 changed (0.00%)
npasses = 1, nlevels = 6
#pass# 1 of 1 ************************
enabling zero nodes
setting smoothness cost coefficient to 0.008

#GCAMreg# pass 0 level1 5 level2 0 tsec 0 sigma 2
l_jacobian=1.00 l_label=1.00 l_log_likelihood=0.20 l_smoothness=0.01 
tol=5.00e-02, dt=5.00e-02, exp_k=20.0, momentum=0.90, levels=6, niter=500, lbl_dist=10.00, avgs=256, sigma=2.0,type=2, relabel=0, neg=no

blurring input image with Gaussian with sigma=2.000...
GCAMRegisterLevel(): init RMS 0.719















































































#GCAMreg# pass 0 level1 5 level2 1 tsec 685.069 sigma 0.5
l_jacobian=1.00 l_label=1.00 l_log_likelihood=0.20 l_smoothness=0.01 
tol=5.00e-02, dt=5.00e-02, exp_k=20.0, momentum=0.90, levels=6, niter=500, lbl_dist=10.00, avgs=256, sigma=0.5,type=2, relabel=0, neg=no

blurring input image with Gaussian with sigma=0.500...
GCAMRegisterLevel(): init RMS 0.604072



























setting smoothness cost coefficient to 0.031

#GCAMreg# pass 0 level1 4 level2 0 tsec 0 sigma 2
l_jacobian=1.00 l_label=1.00 l_log_likelihood=0.20 l_smoothness=0.03 
tol=5.00e-02, dt=5.00e-02, exp_k=20.0, momentum=0.90, levels=6, niter=500, lbl_dist=10.00, avgs=64, sigma=2.0,type=2, relabel=0, neg=no

blurring input image with Gaussian with sigma=2.000...
GCAMRegisterLevel(): init RMS 0.601318














































































































#GCAMreg# pass 0 level1 4 level2 1 tsec 800.956 sigma 0.5
l_jacobian=1.00 l_label=1.00 l_log_likelihood=0.20 l_smoothness=0.03 
tol=5.00e-02, dt=5.00e-02, exp_k=20.0, momentum=0.90, levels=6, niter=500, lbl_dist=10.00, avgs=64, sigma=0.5,type=2, relabel=0, neg=no

blurring input image with Gaussian with sigma=0.500...
GCAMRegisterLevel(): init RMS 0.535882









































setting smoothness cost coefficient to 0.118

#GCAMreg# pass 0 level1 3 level2 0 tsec 0 sigma 2
l_jacobian=1.00 l_label=1.00 l_log_likelihood=0.20 l_smoothness=0.12 
tol=5.00e-02, dt=5.00e-02, exp_k=20.0, momentum=0.90, levels=6, niter=500, lbl_dist=10.00, avgs=16, sigma=2.0,type=2, relabel=0, neg=no

blurring input image with Gaussian with sigma=2.000...
GCAMRegisterLevel(): init RMS 0.53733



















































#GCAMreg# pass 0 level1 3 level2 1 tsec 323.167 sigma 0.5
l_jacobian=1.00 l_label=1.00 l_log_likelihood=0.20 l_smoothness=0.12 
tol=5.00e-02, dt=5.00e-02, exp_k=20.0, momentum=0.90, levels=6, niter=500, lbl_dist=10.00, avgs=16, sigma=0.5,type=2, relabel=0, neg=no

blurring input image with Gaussian with sigma=0.500...
GCAMRegisterLevel(): init RMS 0.499121


















































setting smoothness cost coefficient to 0.400

#GCAMreg# pass 0 level1 2 level2 0 tsec 0 sigma 2
l_jacobian=1.00 l_label=1.00 l_log_likelihood=0.20 l_smoothness=0.40 
tol=5.00e-02, dt=5.00e-02, exp_k=20.0, momentum=0.90, levels=6, niter=500, lbl_dist=10.00, avgs=4, sigma=2.0,type=2, relabel=0, neg=no

blurring input image with Gaussian with sigma=2.000...
GCAMRegisterLevel(): init RMS 0.51453



#GCAMreg# pass 0 level1 2 level2 1 tsec 27.21 sigma 0.5
l_jacobian=1.00 l_label=1.00 l_log_likelihood=0.20 l_smoothness=0.40 
tol=5.00e-02, dt=5.00e-02, exp_k=20.0, momentum=0.90, levels=6, niter=500, lbl_dist=10.00, avgs=4, sigma=0.5,type=2, relabel=0, neg=no

blurring input image with Gaussian with sigma=0.500...
GCAMRegisterLevel(): init RMS 0.51453


setting smoothness cost coefficient to 1.000

#GCAMreg# pass 0 level1 1 level2 0 tsec 0 sigma 2
l_jacobian=1.00 l_label=1.00 l_log_likelihood=0.20 l_smoothness=1.00 
tol=5.00e-02, dt=5.00e-02, exp_k=20.0, momentum=0.90, levels=6, niter=500, lbl_dist=10.00, avgs=1, sigma=2.0,type=2, relabel=0, neg=no

blurring input image with Gaussian with sigma=2.000...
GCAMRegisterLevel(): init RMS 0.563904



#GCAMreg# pass 0 level1 1 level2 1 tsec 26.34 sigma 0.5
l_jacobian=1.00 l_label=1.00 l_log_likelihood=0.20 l_smoothness=1.00 
tol=5.00e-02, dt=5.00e-02, exp_k=20.0, momentum=0.90, levels=6, niter=500, lbl_dist=10.00, avgs=1, sigma=0.5,type=2, relabel=0, neg=no

blurring input image with Gaussian with sigma=0.500...
GCAMRegisterLevel(): init RMS 0.558424


resetting metric properties...
setting smoothness cost coefficient to 2.000

#GCAMreg# pass 0 level1 0 level2 0 tsec 0 sigma 2
l_jacobian=1.00 l_label=1.00 l_log_likelihood=0.20 l_smoothness=2.00 
tol=5.00e-02, dt=5.00e-02, exp_k=20.0, momentum=0.90, levels=6, niter=500, lbl_dist=10.00, avgs=0, sigma=2.0,type=2, relabel=0, neg=no

blurring input image with Gaussian with sigma=2.000...
GCAMRegisterLevel(): init RMS 0.505669




#GCAMreg# pass 0 level1 0 level2 1 tsec 33.522 sigma 0.5
l_jacobian=1.00 l_label=1.00 l_log_likelihood=0.20 l_smoothness=2.00 
tol=5.00e-02, dt=5.00e-02, exp_k=20.0, momentum=0.90, levels=6, niter=500, lbl_dist=10.00, avgs=0, sigma=0.5,type=2, relabel=0, neg=no

blurring input image with Gaussian with sigma=0.500...
GCAMRegisterLevel(): init RMS 0.485207
















GCAMregister done in 45.0613 min
********************* ALLOWING NEGATIVE NODES IN DEFORMATION********************************
noneg post
Starting GCAMregister()
label assignment complete, 0 changed (0.00%)
npasses = 1, nlevels = 6
#pass# 1 of 1 ************************
enabling zero nodes
setting smoothness cost coefficient to 0.008

#GCAMreg# pass 0 level1 5 level2 0 tsec 0 sigma 2
l_jacobian=1.00 l_label=1.00 l_log_likelihood=0.20 l_smoothness=0.01 
tol=2.50e-01, dt=5.00e-02, exp_k=20.0, momentum=0.90, levels=6, niter=500, lbl_dist=10.00, avgs=256, sigma=2.0,type=2, relabel=0, neg=yes

blurring input image with Gaussian with sigma=2.000...
GCAMRegisterLevel(): init RMS 0.476951



#GCAMreg# pass 0 level1 5 level2 1 tsec 38.723 sigma 0.5
l_jacobian=1.00 l_label=1.00 l_log_likelihood=0.20 l_smoothness=0.01 
tol=2.50e-01, dt=5.00e-02, exp_k=20.0, momentum=0.90, levels=6, niter=500, lbl_dist=10.00, avgs=256, sigma=0.5,type=2, relabel=0, neg=yes

blurring input image with Gaussian with sigma=0.500...
GCAMRegisterLevel(): init RMS 0.47693






setting smoothness cost coefficient to 0.031

#GCAMreg# pass 0 level1 4 level2 0 tsec 0 sigma 2
l_jacobian=1.00 l_label=1.00 l_log_likelihood=0.20 l_smoothness=0.03 
tol=2.50e-01, dt=5.00e-02, exp_k=20.0, momentum=0.90, levels=6, niter=500, lbl_dist=10.00, avgs=64, sigma=2.0,type=2, relabel=0, neg=yes

blurring input image with Gaussian with sigma=2.000...
GCAMRegisterLevel(): init RMS 0.476072




#GCAMreg# pass 0 level1 4 level2 1 tsec 37.543 sigma 0.5
l_jacobian=1.00 l_label=1.00 l_log_likelihood=0.20 l_smoothness=0.03 
tol=2.50e-01, dt=5.00e-02, exp_k=20.0, momentum=0.90, levels=6, niter=500, lbl_dist=10.00, avgs=64, sigma=0.5,type=2, relabel=0, neg=yes

blurring input image with Gaussian with sigma=0.500...
GCAMRegisterLevel(): init RMS 0.475922









setting smoothness cost coefficient to 0.118

#GCAMreg# pass 0 level1 3 level2 0 tsec 0 sigma 2
l_jacobian=1.00 l_label=1.00 l_log_likelihood=0.20 l_smoothness=0.12 
tol=2.50e-01, dt=5.00e-02, exp_k=20.0, momentum=0.90, levels=6, niter=500, lbl_dist=10.00, avgs=16, sigma=2.0,type=2, relabel=0, neg=yes

blurring input image with Gaussian with sigma=2.000...
GCAMRegisterLevel(): init RMS 0.470946







iter 0, gcam->neg = 6
after 9 iterations, nbhd size=1, neg = 0

iter 0, gcam->neg = 8
after 9 iterations, nbhd size=1, neg = 0

iter 0, gcam->neg = 4
after 2 iterations, nbhd size=0, neg = 0

iter 0, gcam->neg = 5
after 12 iterations, nbhd size=1, neg = 0

iter 0, gcam->neg = 11
after 5 iterations, nbhd size=0, neg = 0

iter 0, gcam->neg = 7
after 14 iterations, nbhd size=1, neg = 0

iter 0, gcam->neg = 4
after 2 iterations, nbhd size=0, neg = 0

iter 0, gcam->neg = 2
after 3 iterations, nbhd size=0, neg = 0


iter 0, gcam->neg = 3
after 2 iterations, nbhd size=0, neg = 0

iter 0, gcam->neg = 3
after 2 iterations, nbhd size=0, neg = 0









#GCAMreg# pass 0 level1 3 level2 1 tsec 153.753 sigma 0.5
l_jacobian=1.00 l_label=1.00 l_log_likelihood=0.20 l_smoothness=0.12 
tol=2.50e-01, dt=5.00e-02, exp_k=20.0, momentum=0.90, levels=6, niter=500, lbl_dist=10.00, avgs=16, sigma=0.5,type=2, relabel=0, neg=yes

blurring input image with Gaussian with sigma=0.500...
GCAMRegisterLevel(): init RMS 0.454269








setting smoothness cost coefficient to 0.400

#GCAMreg# pass 0 level1 2 level2 0 tsec 0 sigma 2
l_jacobian=1.00 l_label=1.00 l_log_likelihood=0.20 l_smoothness=0.40 
tol=2.50e-01, dt=5.00e-02, exp_k=20.0, momentum=0.90, levels=6, niter=500, lbl_dist=10.00, avgs=4, sigma=2.0,type=2, relabel=0, neg=yes

blurring input image with Gaussian with sigma=2.000...
GCAMRegisterLevel(): init RMS 0.455105



#GCAMreg# pass 0 level1 2 level2 1 tsec 29.63 sigma 0.5
l_jacobian=1.00 l_label=1.00 l_log_likelihood=0.20 l_smoothness=0.40 
tol=2.50e-01, dt=5.00e-02, exp_k=20.0, momentum=0.90, levels=6, niter=500, lbl_dist=10.00, avgs=4, sigma=0.5,type=2, relabel=0, neg=yes

blurring input image with Gaussian with sigma=0.500...
GCAMRegisterLevel(): init RMS 0.454921




setting smoothness cost coefficient to 1.000

#GCAMreg# pass 0 level1 1 level2 0 tsec 0 sigma 2
l_jacobian=1.00 l_label=1.00 l_log_likelihood=0.20 l_smoothness=1.00 
tol=2.50e-01, dt=5.00e-02, exp_k=20.0, momentum=0.90, levels=6, niter=500, lbl_dist=10.00, avgs=1, sigma=2.0,type=2, relabel=0, neg=yes

blurring input image with Gaussian with sigma=2.000...
GCAMRegisterLevel(): init RMS 0.459076


#GCAMreg# pass 0 level1 1 level2 1 tsec 25.828 sigma 0.5
l_jacobian=1.00 l_label=1.00 l_log_likelihood=0.20 l_smoothness=1.00 
tol=2.50e-01, dt=5.00e-02, exp_k=20.0, momentum=0.90, levels=6, niter=500, lbl_dist=10.00, avgs=1, sigma=0.5,type=2, relabel=0, neg=yes

blurring input image with Gaussian with sigma=0.500...
GCAMRegisterLevel(): init RMS 0.459076

resetting metric properties...
setting smoothness cost coefficient to 2.000

#GCAMreg# pass 0 level1 0 level2 0 tsec 0 sigma 2
l_jacobian=1.00 l_label=1.00 l_log_likelihood=0.20 l_smoothness=2.00 
tol=2.50e-01, dt=5.00e-02, exp_k=20.0, momentum=0.90, levels=6, niter=500, lbl_dist=10.00, avgs=0, sigma=2.0,type=2, relabel=0, neg=yes

blurring input image with Gaussian with sigma=2.000...
GCAMRegisterLevel(): init RMS 0.44951
iter 0, gcam->neg = 327
after 16 iterations, nbhd size=1, neg = 0




#GCAMreg# pass 0 level1 0 level2 1 tsec 35.607 sigma 0.5
l_jacobian=1.00 l_label=1.00 l_log_likelihood=0.20 l_smoothness=2.00 
tol=2.50e-01, dt=5.00e-02, exp_k=20.0, momentum=0.90, levels=6, niter=500, lbl_dist=10.00, avgs=0, sigma=0.5,type=2, relabel=0, neg=yes

blurring input image with Gaussian with sigma=0.500...
GCAMRegisterLevel(): init RMS 0.430912


label assignment complete, 0 changed (0.00%)
GCAMregister done in 10.0278 min
Starting GCAMcomputeMaxPriorLabels()
Morphing with label term set to 0 *******************************
Starting GCAMregister()
label assignment complete, 0 changed (0.00%)
npasses = 1, nlevels = 6
#pass# 1 of 1 ************************
enabling zero nodes
setting smoothness cost coefficient to 0.008

#GCAMreg# pass 0 level1 5 level2 0 tsec 0 sigma 2
l_jacobian=1.00 l_log_likelihood=0.20 l_smoothness=0.01 
tol=2.50e-01, dt=5.00e-02, exp_k=20.0, momentum=0.90, levels=6, niter=500, lbl_dist=10.00, avgs=256, sigma=2.0,type=2, relabel=0, neg=yes

blurring input image with Gaussian with sigma=2.000...
GCAMRegisterLevel(): init RMS 0.420581

#GCAMreg# pass 0 level1 5 level2 1 tsec 16.611 sigma 0.5
l_jacobian=1.00 l_log_likelihood=0.20 l_smoothness=0.01 
tol=2.50e-01, dt=5.00e-02, exp_k=20.0, momentum=0.90, levels=6, niter=500, lbl_dist=10.00, avgs=256, sigma=0.5,type=2, relabel=0, neg=yes

blurring input image with Gaussian with sigma=0.500...
GCAMRegisterLevel(): init RMS 0.420581




setting smoothness cost coefficient to 0.031

#GCAMreg# pass 0 level1 4 level2 0 tsec 0 sigma 2
l_jacobian=1.00 l_log_likelihood=0.20 l_smoothness=0.03 
tol=2.50e-01, dt=5.00e-02, exp_k=20.0, momentum=0.90, levels=6, niter=500, lbl_dist=10.00, avgs=64, sigma=2.0,type=2, relabel=0, neg=yes

blurring input image with Gaussian with sigma=2.000...
GCAMRegisterLevel(): init RMS 0.420672

#GCAMreg# pass 0 level1 4 level2 1 tsec 14.933 sigma 0.5
l_jacobian=1.00 l_log_likelihood=0.20 l_smoothness=0.03 
tol=2.50e-01, dt=5.00e-02, exp_k=20.0, momentum=0.90, levels=6, niter=500, lbl_dist=10.00, avgs=64, sigma=0.5,type=2, relabel=0, neg=yes

blurring input image with Gaussian with sigma=0.500...
GCAMRegisterLevel(): init RMS 0.420672









setting smoothness cost coefficient to 0.118

#GCAMreg# pass 0 level1 3 level2 0 tsec 0 sigma 2
l_jacobian=1.00 l_log_likelihood=0.20 l_smoothness=0.12 
tol=2.50e-01, dt=5.00e-02, exp_k=20.0, momentum=0.90, levels=6, niter=500, lbl_dist=10.00, avgs=16, sigma=2.0,type=2, relabel=0, neg=yes

blurring input image with Gaussian with sigma=2.000...
GCAMRegisterLevel(): init RMS 0.419957



#GCAMreg# pass 0 level1 3 level2 1 tsec 28.067 sigma 0.5
l_jacobian=1.00 l_log_likelihood=0.20 l_smoothness=0.12 
tol=2.50e-01, dt=5.00e-02, exp_k=20.0, momentum=0.90, levels=6, niter=500, lbl_dist=10.00, avgs=16, sigma=0.5,type=2, relabel=0, neg=yes

blurring input image with Gaussian with sigma=0.500...
GCAMRegisterLevel(): init RMS 0.419812



iter 0, gcam->neg = 1
after 0 iterations, nbhd size=0, neg = 0

iter 0, gcam->neg = 9
after 0 iterations, nbhd size=0, neg = 0

iter 0, gcam->neg = 7
after 3 iterations, nbhd size=0, neg = 0

iter 0, gcam->neg = 10
after 10 iterations, nbhd size=1, neg = 0

iter 0, gcam->neg = 8
after 9 iterations, nbhd size=1, neg = 0

iter 0, gcam->neg = 8
after 1 iterations, nbhd size=0, neg = 0

iter 0, gcam->neg = 7
after 3 iterations, nbhd size=0, neg = 0

iter 0, gcam->neg = 5
after 8 iterations, nbhd size=1, neg = 0




iter 0, gcam->neg = 1
after 2 iterations, nbhd size=0, neg = 0
setting smoothness cost coefficient to 0.400

#GCAMreg# pass 0 level1 2 level2 0 tsec 0 sigma 2
l_jacobian=1.00 l_log_likelihood=0.20 l_smoothness=0.40 
tol=2.50e-01, dt=5.00e-02, exp_k=20.0, momentum=0.90, levels=6, niter=500, lbl_dist=10.00, avgs=4, sigma=2.0,type=2, relabel=0, neg=yes

blurring input image with Gaussian with sigma=2.000...
GCAMRegisterLevel(): init RMS 0.413742

