GCCcore/11.3.0
zlib/1.2.12-GCCcore-11.3.0
binutils/2.38-GCCcore-11.3.0
GCC/11.3.0
numactl/2.0.14-GCCcore-11.3.0
XZ/5.2.5-GCCcore-11.3.0
libxml2/2.9.13-GCCcore-11.3.0
libpciaccess/0.16-GCCcore-11.3.0
hwloc/2.7.1-GCCcore-11.3.0
OpenSSL/1.1
libevent/2.1.12-GCCcore-11.3.0
UCX/1.12.1-GCCcore-11.3.0
libfabric/1.15.1-GCCcore-11.3.0
PMIx/4.1.2-GCCcore-11.3.0
UCC/1.0.0-GCCcore-11.3.0
OpenMPI/4.1.4-GCC-11.3.0
OpenBLAS/0.3.20-GCC-11.3.0
FlexiBLAS/3.2.0-GCC-11.3.0
FFTW/3.3.10-GCC-11.3.0
gompi/2022a
FFTW.MPI/3.3.10-gompi-2022a
ScaLAPACK/2.2.0-gompi-2022a-fb
foss/2022a
bzip2/1.0.8-GCCcore-11.3.0
ncurses/6.3-GCCcore-11.3.0
libreadline/8.1.2-GCCcore-11.3.0
ncurses/6.3-GCCcore-11.3.0
Tcl/8.6.12-GCCcore-11.3.0
SQLite/3.38.3-GCCcore-11.3.0
GMP/6.2.1-GCCcore-11.3.0
libffi/3.4.2-GCCcore-11.3.0
Python/3.10.4-GCCcore-11.3.0
pybind11/2.9.2-GCCcore-11.3.0
SciPy-bundle/2022.05-foss-2022a
libxml2/2.9.13-GCCcore-11.3.0
libxslt/1.1.34-GCCcore-11.3.0
libpng/1.6.37-GCCcore-11.3.0
Brotli/1.0.9-GCCcore-11.3.0
freetype/2.12.1-GCCcore-11.3.0
expat/2.4.8-GCCcore-11.3.0
util-linux/2.38-GCCcore-11.3.0
fontconfig/2.14.0-GCCcore-11.3.0
xorg-macros/1.19.3-GCCcore-11.3.0
X11/20220504-GCCcore-11.3.0
Tk/8.6.12-GCCcore-11.3.0
Tkinter/3.10.4-GCCcore-11.3.0
NASM/2.15.05-GCCcore-11.3.0
libjpeg-turbo/2.1.3-GCCcore-11.3.0
jbigkit/2.1-GCCcore-11.3.0
gzip/1.12-GCCcore-11.3.0
lz4/1.9.3-GCCcore-11.3.0
zstd/1.5.2-GCCcore-11.3.0
libdeflate/1.10-GCCcore-11.3.0
LibTIFF/4.3.0-GCCcore-11.3.0
Pillow/9.1.1-GCCcore-11.3.0
Qhull/2020.2-GCCcore-11.3.0
matplotlib/3.5.2-foss-2022a
tqdm/4.64.0-GCCcore-11.3.0
scikit-learn/1.1.2-foss-2022a
LLVM/12.0.1-GCCcore-11.3.0
numba/0.56.4-foss-2022a
pydicom/2.3.0-GCCcore-11.3.0
NiBabel/4.0.2-foss-2022a
Szip/2.1.1-GCCcore-11.3.0
HDF5/1.12.2-gompi-2022a
h5py/3.7.0-foss-2022a
imageio/2.22.2-foss-2022a
libdrm/2.4.110-GCCcore-11.3.0
libglvnd/1.4.0-GCCcore-11.3.0
libunwind/1.6.2-GCCcore-11.3.0
Mesa/22.0.3-GCCcore-11.3.0
libGLU/9.0.2-GCCcore-11.3.0
VTK/9.2.2-foss-2022a
MNE-Python/1.3.1-foss-2022a
MCR/R2019b.8
FreeSurfer/7.4.1-centos8_x86_64
fs-check-version --s sub-CC110126_T1w --o /tmp/tmp.zAOP0G
Thu Sep 19 16:35:14 BST 2024

setenv SUBJECTS_DIR /rds/projects/q/quinna-camcan/cc700/mri/pipeline/release004/BIDS_20190411/anat
cd /rds/projects/q/quinna-camcan/ghafarit-scripts/github/camcan-laterality/mne_python/source
/rds/bear-apps/2022a/EL8-ice/software/FreeSurfer/7.4.1-centos8_x86_64/bin/fs-check-version --s sub-CC110126_T1w --o /tmp/tmp.zAOP0G
-rwxrwxr-x 1 branfosj-admin build 18565 Jun 14  2023 /rds/bear-apps/2022a/EL8-ice/software/FreeSurfer/7.4.1-centos8_x86_64/bin/fs-check-version

freesurfer-linux-centos8_x86_64-7.4.1-20230613-7eb8460
$Id$
Linux bear-pg0210u10b.bear.cluster 4.18.0-372.32.1.el8_6.x86_64 #1 SMP Fri Oct 7 12:35:10 EDT 2022 x86_64 x86_64 x86_64 GNU/Linux
pid 1251054
Current FS Version freesurfer-linux-centos8_x86_64-7.4.1-20230613-7eb8460
Subject does not have a bstampfile, copying /rds/bear-apps/2022a/EL8-ice/software/FreeSurfer/7.4.1-centos8_x86_64/build-stamp.txt
Subject FS Version: freesurfer-linux-centos8_x86_64-7.4.1-20230613-7eb8460
No constraints on version because REQ=UnSet and FsVerFile=NotThere
#@#% fs-check-version match = 1
fs-check-version Done
INFO: SUBJECTS_DIR is /rds/projects/q/quinna-camcan/cc700/mri/pipeline/release004/BIDS_20190411/anat
Actual FREESURFER_HOME /rds/bear-apps/2022a/EL8-ice/software/FreeSurfer/7.4.1-centos8_x86_64
Linux bear-pg0210u10b.bear.cluster 4.18.0-372.32.1.el8_6.x86_64 #1 SMP Fri Oct 7 12:35:10 EDT 2022 x86_64 x86_64 x86_64 GNU/Linux
/rds/projects/q/quinna-camcan/cc700/mri/pipeline/release004/BIDS_20190411/anat/sub-CC110126_T1w

 mri_convert /rds/projects/q/quinna-camcan/cc700/mri/pipeline/release004/BIDS_20190411/anat/sub-CC110126/anat/sub-CC110126_T1w.nii.gz /rds/projects/q/quinna-camcan/cc700/mri/pipeline/release004/BIDS_20190411/anat/sub-CC110126_T1w/mri/orig/001.mgz 

mri_convert /rds/projects/q/quinna-camcan/cc700/mri/pipeline/release004/BIDS_20190411/anat/sub-CC110126/anat/sub-CC110126_T1w.nii.gz /rds/projects/q/quinna-camcan/cc700/mri/pipeline/release004/BIDS_20190411/anat/sub-CC110126_T1w/mri/orig/001.mgz 
reading from /rds/projects/q/quinna-camcan/cc700/mri/pipeline/release004/BIDS_20190411/anat/sub-CC110126/anat/sub-CC110126_T1w.nii.gz...
TR=0.00, TE=0.00, TI=0.00, flip angle=0.00
i_ras = (-0.003515, -0.999994, 0)
j_ras = (0.013944, -4.8995e-05, 0.999903)
k_ras = (0.999897, -0.00351501, -0.013944)
writing to /rds/projects/q/quinna-camcan/cc700/mri/pipeline/release004/BIDS_20190411/anat/sub-CC110126_T1w/mri/orig/001.mgz...
@#@FSTIME  2024:09:19:16:35:17 mri_convert N 2 e 5.56 S 0.03 U 5.41 P 97% M 54668 F 0 R 1358 W 0 c 17 w 1262 I 0 O 0 L 110.25 111.42 111.49
@#@FSLOADPOST 2024:09:19:16:35:23 mri_convert N 2 111.11 111.58 111.54
#--------------------------------------------
#@# MotionCor Thu Sep 19 16:35:24 BST 2024
Found 1 runs
/rds/projects/q/quinna-camcan/cc700/mri/pipeline/release004/BIDS_20190411/anat/sub-CC110126_T1w/mri/orig/001.mgz
Checking for (invalid) multi-frame inputs...
Only one run found so motion
correction will not be performed. I'll
copy the run to rawavg and continue.

 cp /rds/projects/q/quinna-camcan/cc700/mri/pipeline/release004/BIDS_20190411/anat/sub-CC110126_T1w/mri/orig/001.mgz /rds/projects/q/quinna-camcan/cc700/mri/pipeline/release004/BIDS_20190411/anat/sub-CC110126_T1w/mri/rawavg.mgz 


 mri_info /rds/projects/q/quinna-camcan/cc700/mri/pipeline/release004/BIDS_20190411/anat/sub-CC110126_T1w/mri/rawavg.mgz 

rawavg.mgz ========================================
Volume information for /rds/projects/q/quinna-camcan/cc700/mri/pipeline/release004/BIDS_20190411/anat/sub-CC110126_T1w/mri/rawavg.mgz
          type: MGH
    dimensions: 256 x 256 x 192
   voxel sizes: 1.000000, 1.000000, 1.000000
          type: FLOAT (3)
           fov: 256.000
           dof: 1
        xstart: -128.0, xend: 128.0
        ystart: -128.0, yend: 128.0
        zstart: -96.0, zend: 96.0
            TR: 0.00 msec, TE: 0.00 msec, TI: 0.00 msec, flip angle: 0.00 degrees
       nframes: 1
       PhEncDir: UNKNOWN
       FieldStrength: 0.000000
ras xform present
    xform info: x_r =  -0.0035, y_r =   0.0139, z_r =   0.9999, c_r =     1.7977
              : x_a =  -1.0000, y_a =  -0.0000, z_a =  -0.0035, c_a =    27.6250
              : x_s =   0.0000, y_s =   0.9999, z_s =  -0.0139, c_s =    -3.2140

talairach xfm : 
Orientation   : PSR
Primary Slice Direction: sagittal

voxel to ras transform:
               -0.0035   0.0139   0.9999   -95.5273
               -1.0000  -0.0000  -0.0035   155.9680
                0.0000   0.9999  -0.0139  -129.8630
                0.0000   0.0000   0.0000     1.0000

voxel-to-ras determinant -1

ras to voxel transform:
               -0.0035  -1.0000   0.0000   155.6312
                0.0139  -0.0000   0.9999   131.1900
                0.9999  -0.0035  -0.0139    94.2548
               -0.0000  -0.0000  -0.0000     1.0000
/rds/projects/q/quinna-camcan/cc700/mri/pipeline/release004/BIDS_20190411/anat/sub-CC110126_T1w

 mri_convert /rds/projects/q/quinna-camcan/cc700/mri/pipeline/release004/BIDS_20190411/anat/sub-CC110126_T1w/mri/rawavg.mgz /rds/projects/q/quinna-camcan/cc700/mri/pipeline/release004/BIDS_20190411/anat/sub-CC110126_T1w/mri/orig.mgz --conform 

mri_convert /rds/projects/q/quinna-camcan/cc700/mri/pipeline/release004/BIDS_20190411/anat/sub-CC110126_T1w/mri/rawavg.mgz /rds/projects/q/quinna-camcan/cc700/mri/pipeline/release004/BIDS_20190411/anat/sub-CC110126_T1w/mri/orig.mgz --conform 
reading from /rds/projects/q/quinna-camcan/cc700/mri/pipeline/release004/BIDS_20190411/anat/sub-CC110126_T1w/mri/rawavg.mgz...
TR=0.00, TE=0.00, TI=0.00, flip angle=0.00
i_ras = (-0.003515, -0.999994, 0)
j_ras = (0.013944, -4.8995e-05, 0.999903)
k_ras = (0.999897, -0.00351501, -0.013944)
changing data type from float to uchar (noscale = 0)...
MRIchangeType: Building histogram 0 921 1000, flo=0, fhi=0.999, dest_type=0
Reslicing using trilinear interpolation 
writing to /rds/projects/q/quinna-camcan/cc700/mri/pipeline/release004/BIDS_20190411/anat/sub-CC110126_T1w/mri/orig.mgz...
@#@FSTIME  2024:09:19:16:35:28 mri_convert N 3 e 3.43 S 0.04 U 3.36 P 99% M 66792 F 0 R 6616 W 0 c 13 w 12 I 0 O 0 L 111.26 111.60 111.55
@#@FSLOADPOST 2024:09:19:16:35:31 mri_convert N 3 112.28 111.81 111.62

 mri_add_xform_to_header -c /rds/projects/q/quinna-camcan/cc700/mri/pipeline/release004/BIDS_20190411/anat/sub-CC110126_T1w/mri/transforms/talairach.xfm /rds/projects/q/quinna-camcan/cc700/mri/pipeline/release004/BIDS_20190411/anat/sub-CC110126_T1w/mri/orig.mgz /rds/projects/q/quinna-camcan/cc700/mri/pipeline/release004/BIDS_20190411/anat/sub-CC110126_T1w/mri/orig.mgz 

INFO: extension is mgz
@#@FSTIME  2024:09:19:16:35:31 mri_add_xform_to_header N 4 e 1.39 S 0.02 U 1.36 P 99% M 21588 F 0 R 1307 W 0 c 7 w 14 I 0 O 0 L 112.28 111.81 111.62
@#@FSLOADPOST 2024:09:19:16:35:33 mri_add_xform_to_header N 4 112.28 111.81 111.62

 mri_info /rds/projects/q/quinna-camcan/cc700/mri/pipeline/release004/BIDS_20190411/anat/sub-CC110126_T1w/mri/orig.mgz 

orig.mgz ========================================
Volume information for /rds/projects/q/quinna-camcan/cc700/mri/pipeline/release004/BIDS_20190411/anat/sub-CC110126_T1w/mri/orig.mgz
          type: MGH
    dimensions: 256 x 256 x 256
   voxel sizes: 1.000000, 1.000000, 1.000000
          type: UCHAR (0)
           fov: 256.000
           dof: 1
        xstart: -128.0, xend: 128.0
        ystart: -128.0, yend: 128.0
        zstart: -128.0, zend: 128.0
            TR: 0.00 msec, TE: 0.00 msec, TI: 0.00 msec, flip angle: 0.00 degrees
       nframes: 1
       PhEncDir: UNKNOWN
       FieldStrength: 0.000000
ras xform present
    xform info: x_r =  -1.0000, y_r =   0.0000, z_r =   0.0000, c_r =     1.7977
              : x_a =   0.0000, y_a =   0.0000, z_a =   1.0000, c_a =    27.6251
              : x_s =   0.0000, y_s =  -1.0000, z_s =   0.0000, c_s =    -3.2140

talairach xfm : /rds/projects/q/quinna-camcan/cc700/mri/pipeline/release004/BIDS_20190411/anat/sub-CC110126_T1w/mri/transforms/talairach.xfm
Orientation   : LIA
Primary Slice Direction: coronal

voxel to ras transform:
               -1.0000   0.0000   0.0000   129.7977
                0.0000   0.0000   1.0000  -100.3749
                0.0000  -1.0000   0.0000   124.7860
                0.0000   0.0000   0.0000     1.0000

voxel-to-ras determinant -1

ras to voxel transform:
               -1.0000  -0.0000  -0.0000   129.7977
               -0.0000  -0.0000  -1.0000   124.7860
               -0.0000   1.0000  -0.0000   100.3749
               -0.0000  -0.0000  -0.0000     1.0000
#--------------------------------------------
#@# Talairach Thu Sep 19 16:35:33 BST 2024
/rds/projects/q/quinna-camcan/cc700/mri/pipeline/release004/BIDS_20190411/anat/sub-CC110126_T1w/mri

 mri_nu_correct.mni --no-rescale --i orig.mgz --o orig_nu.mgz --ants-n4 --n 1 --proto-iters 1000 --distance 50 

/usr/bin/bc
/rds/projects/q/quinna-camcan/cc700/mri/pipeline/release004/BIDS_20190411/anat/sub-CC110126_T1w/mri
/rds/bear-apps/2022a/EL8-ice/software/FreeSurfer/7.4.1-centos8_x86_64/bin/mri_nu_correct.mni
--no-rescale --i orig.mgz --o orig_nu.mgz --ants-n4 --n 1 --proto-iters 1000 --distance 50
nIters 1
mri_nu_correct.mni 7.4.1
Linux bear-pg0210u10b.bear.cluster 4.18.0-372.32.1.el8_6.x86_64 #1 SMP Fri Oct 7 12:35:10 EDT 2022 x86_64 x86_64 x86_64 GNU/Linux
Thu Sep 19 16:35:33 BST 2024
tmpdir is ./tmp.mri_nu_correct.mni.1252611
cd /rds/projects/q/quinna-camcan/cc700/mri/pipeline/release004/BIDS_20190411/anat/sub-CC110126_T1w/mri
AntsN4BiasFieldCorrectionFs -i orig.mgz -o ./tmp.mri_nu_correct.mni.1252611/nu0.mgz --dtype uchar
AntsN4BiasFieldCorrectionFs done
mri_convert ./tmp.mri_nu_correct.mni.1252611/nu0.mgz orig_nu.mgz --like orig.mgz --conform
mri_convert ./tmp.mri_nu_correct.mni.1252611/nu0.mgz orig_nu.mgz --like orig.mgz --conform 
reading from ./tmp.mri_nu_correct.mni.1252611/nu0.mgz...
TR=0.00, TE=0.00, TI=0.00, flip angle=0.00
i_ras = (-1, 0, 0)
j_ras = (9.31323e-10, 0, -1)
k_ras = (0, 1, 0)
INFO: transform src into the like-volume: orig.mgz
writing to orig_nu.mgz...
 
 
Thu Sep 19 16:37:46 BST 2024
mri_nu_correct.mni done
@#@FSTIME  2024:09:19:16:35:33 mri_nu_correct.mni N 12 e 132.73 S 0.40 U 131.64 P 99% M 517148 F 0 R 30389 W 0 c 368 w 665 I 0 O 0 L 112.28 111.81 111.62
@#@FSLOADPOST 2024:09:19:16:37:46 mri_nu_correct.mni N 12 115.72 111.68 111.48

 talairach_avi --i orig_nu.mgz --xfm transforms/talairach.auto.xfm 

talairach_avi log file is transforms/talairach_avi.log...
mv -f /rds/projects/q/quinna-camcan/cc700/mri/pipeline/release004/BIDS_20190411/anat/sub-CC110126_T1w/mri/talsrcimg_to_711-2C_as_mni_average_305_t4_vox2vox.txt /rds/projects/q/quinna-camcan/cc700/mri/pipeline/release004/BIDS_20190411/anat/sub-CC110126_T1w/mri/transforms/talsrcimg_to_711-2C_as_mni_average_305_t4_vox2vox.txt
Started at Thu Sep 19 16:37:46 BST 2024
Ended   at Thu Sep 19 16:38:07 BST 2024
talairach_avi done
@#@FSTIME  2024:09:19:16:37:46 talairach_avi N 4 e 21.24 S 1.34 U 12.86 P 66% M 256028 F 0 R 38173 W 0 c 96 w 2756 I 0 O 32 L 115.72 111.68 111.48
@#@FSLOADPOST 2024:09:19:16:38:07 talairach_avi N 4 112.85 111.28 111.35

 cp transforms/talairach.auto.xfm transforms/talairach.xfm 

lta_convert --src orig.mgz --trg /rds/bear-apps/2022a/EL8-ice/software/FreeSurfer/7.4.1-centos8_x86_64/average/mni305.cor.mgz --inxfm transforms/talairach.xfm --outlta transforms/talairach.xfm.lta --subject fsaverage --ltavox2vox
7.4.1

--src: orig.mgz src image (geometry).
--trg: /rds/bear-apps/2022a/EL8-ice/software/FreeSurfer/7.4.1-centos8_x86_64/average/mni305.cor.mgz trg image (geometry).
--inmni: transforms/talairach.xfm input MNI/XFM transform.
--outlta: transforms/talairach.xfm.lta output LTA.
--s: fsaverage subject name
--ltavox2vox: output LTA as VOX_TO_VOX transform.
 LTA read, type : 1
 1.07105   0.00158  -0.05729  -1.64951;
-0.00044   1.01124   0.22588  -22.55518;
 0.03533  -0.19224   1.08117   20.24191;
 0.00000   0.00000   0.00000   1.00000;
setting subject to fsaverage
Writing  LTA to file transforms/talairach.xfm.lta...
lta_convert successful.
/rds/projects/q/quinna-camcan/cc700/mri/pipeline/release004/BIDS_20190411/anat/sub-CC110126_T1w/mri/transforms /rds/projects/q/quinna-camcan/cc700/mri/pipeline/release004/BIDS_20190411/anat/sub-CC110126_T1w/mri 
/rds/projects/q/quinna-camcan/cc700/mri/pipeline/release004/BIDS_20190411/anat/sub-CC110126_T1w/mri 
#--------------------------------------------
#@# Nu Intensity Correction Thu Sep 19 16:38:10 BST 2024

 mri_nu_correct.mni --i orig.mgz --o nu.mgz --uchar transforms/talairach.xfm --n 2 --ants-n4 

/usr/bin/bc
/rds/projects/q/quinna-camcan/cc700/mri/pipeline/release004/BIDS_20190411/anat/sub-CC110126_T1w/mri
/rds/bear-apps/2022a/EL8-ice/software/FreeSurfer/7.4.1-centos8_x86_64/bin/mri_nu_correct.mni
--i orig.mgz --o nu.mgz --uchar transforms/talairach.xfm --n 2 --ants-n4
nIters 2
mri_nu_correct.mni 7.4.1
Linux bear-pg0210u10b.bear.cluster 4.18.0-372.32.1.el8_6.x86_64 #1 SMP Fri Oct 7 12:35:10 EDT 2022 x86_64 x86_64 x86_64 GNU/Linux
Thu Sep 19 16:38:10 BST 2024
tmpdir is ./tmp.mri_nu_correct.mni.1258229
cd /rds/projects/q/quinna-camcan/cc700/mri/pipeline/release004/BIDS_20190411/anat/sub-CC110126_T1w/mri
AntsN4BiasFieldCorrectionFs -i orig.mgz -o ./tmp.mri_nu_correct.mni.1258229/nu0.mgz --dtype uchar
AntsN4BiasFieldCorrectionFs done
mri_binarize --i ./tmp.mri_nu_correct.mni.1258229/nu0.mgz --min -1 --o ./tmp.mri_nu_correct.mni.1258229/ones.mgz

7.4.1
cwd /rds/projects/q/quinna-camcan/cc700/mri/pipeline/release004/BIDS_20190411/anat/sub-CC110126_T1w/mri
cmdline mri_binarize --i ./tmp.mri_nu_correct.mni.1258229/nu0.mgz --min -1 --o ./tmp.mri_nu_correct.mni.1258229/ones.mgz 
sysname  Linux
hostname bear-pg0210u10b.bear.cluster
machine  x86_64
user     ghafarit

input      ./tmp.mri_nu_correct.mni.1258229/nu0.mgz
frame      0
nErode3d   0
nErode2d   0
output     ./tmp.mri_nu_correct.mni.1258229/ones.mgz
Binarizing based on threshold
min        -1
max        +infinity
binval        1
binvalnot     0
fstart = 0, fend = 0, nframes = 1
Starting parallel 1
Found 16777216 values in range
Counting number of voxels in first frame
Found 16777215 voxels in final mask
Writing output to ./tmp.mri_nu_correct.mni.1258229/ones.mgz
Count: 16777215 16777215.000000 16777216 99.999994
mri_binarize done
mri_segstats --id 1 --seg ./tmp.mri_nu_correct.mni.1258229/ones.mgz --i orig.mgz --sum ./tmp.mri_nu_correct.mni.1258229/sum.junk --avgwf ./tmp.mri_nu_correct.mni.1258229/input.mean.dat

7.4.1
cwd 
cmdline mri_segstats --id 1 --seg ./tmp.mri_nu_correct.mni.1258229/ones.mgz --i orig.mgz --sum ./tmp.mri_nu_correct.mni.1258229/sum.junk --avgwf ./tmp.mri_nu_correct.mni.1258229/input.mean.dat 
sysname  Linux
hostname bear-pg0210u10b.bear.cluster
machine  x86_64
user     ghafarit
whitesurfname  white
UseRobust  0
Loading ./tmp.mri_nu_correct.mni.1258229/ones.mgz
Loading orig.mgz
Voxel Volume is 1 mm^3
Generating list of segmentation ids
Found   1 segmentations
Computing statistics for each segmentation

Reporting on   1 segmentations
Using PrintSegStat
Computing spatial average of each frame

Writing to ./tmp.mri_nu_correct.mni.1258229/input.mean.dat
mri_segstats done
mri_segstats --id 1 --seg ./tmp.mri_nu_correct.mni.1258229/ones.mgz --i ./tmp.mri_nu_correct.mni.1258229/nu0.mgz --sum ./tmp.mri_nu_correct.mni.1258229/sum.junk --avgwf ./tmp.mri_nu_correct.mni.1258229/output.mean.dat

7.4.1
cwd 
cmdline mri_segstats --id 1 --seg ./tmp.mri_nu_correct.mni.1258229/ones.mgz --i ./tmp.mri_nu_correct.mni.1258229/nu0.mgz --sum ./tmp.mri_nu_correct.mni.1258229/sum.junk --avgwf ./tmp.mri_nu_correct.mni.1258229/output.mean.dat 
sysname  Linux
hostname bear-pg0210u10b.bear.cluster
machine  x86_64
user     ghafarit
whitesurfname  white
UseRobust  0
Loading ./tmp.mri_nu_correct.mni.1258229/ones.mgz
Loading ./tmp.mri_nu_correct.mni.1258229/nu0.mgz
Voxel Volume is 1 mm^3
Generating list of segmentation ids
Found   1 segmentations
Computing statistics for each segmentation

Reporting on   1 segmentations
Using PrintSegStat
Computing spatial average of each frame

Writing to ./tmp.mri_nu_correct.mni.1258229/output.mean.dat
mri_segstats done
mris_calc -o ./tmp.mri_nu_correct.mni.1258229/nu0.mgz ./tmp.mri_nu_correct.mni.1258229/nu0.mgz mul 1.08924144328455883754
Saving result to './tmp.mri_nu_correct.mni.1258229/nu0.mgz' (type = MGH )                       [ ok ]
mri_convert ./tmp.mri_nu_correct.mni.1258229/nu0.mgz nu.mgz --like orig.mgz
mri_convert ./tmp.mri_nu_correct.mni.1258229/nu0.mgz nu.mgz --like orig.mgz 
reading from ./tmp.mri_nu_correct.mni.1258229/nu0.mgz...
TR=0.00, TE=0.00, TI=0.00, flip angle=0.00
i_ras = (-1, 0, 0)
j_ras = (9.31323e-10, 0, -1)
k_ras = (0, 1, 0)
INFO: transform src into the like-volume: orig.mgz
writing to nu.mgz...
mri_make_uchar nu.mgz transforms/talairach.xfm nu.mgz
type change took 0 minutes and 4 seconds.
FIRST_PERCENTILE 0.010000
WM_PERCENTILE    0.900000
MAX_R 50.000000
i1 = 3, i2 = 52
#mri_make_uchar# mapping  7 129 to  3 110  :  b -4.02857 m 0.882491 : thresh 4.565 maxsat 293.52 : nzero 13520806 nsat 0
 
 
Thu Sep 19 16:40:43 BST 2024
mri_nu_correct.mni done
@#@FSTIME  2024:09:19:16:38:10 mri_nu_correct.mni N 9 e 153.27 S 0.99 U 151.17 P 99% M 612144 F 0 R 175733 W 0 c 469 w 396 I 0 O 0 L 112.47 111.23 111.33
@#@FSLOADPOST 2024:09:19:16:40:43 mri_nu_correct.mni N 9 114.57 113.16 112.08

 mri_add_xform_to_header -c /rds/projects/q/quinna-camcan/cc700/mri/pipeline/release004/BIDS_20190411/anat/sub-CC110126_T1w/mri/transforms/talairach.xfm nu.mgz nu.mgz 

INFO: extension is mgz
@#@FSTIME  2024:09:19:16:40:43 mri_add_xform_to_header N 4 e 0.39 S 0.02 U 0.37 P 98% M 21484 F 0 R 1309 W 0 c 2 w 14 I 0 O 0 L 114.57 113.16 112.08
@#@FSLOADPOST 2024:09:19:16:40:44 mri_add_xform_to_header N 4 114.85 113.24 112.11
#--------------------------------------------
#@# Intensity Normalization Thu Sep 19 16:40:44 BST 2024
/rds/projects/q/quinna-camcan/cc700/mri/pipeline/release004/BIDS_20190411/anat/sub-CC110126_T1w/mri

 mri_normalize -g 1 -seed 1234 -mprage nu.mgz T1.mgz 

using max gradient = 1.000
setting seed for random number genererator to 1234
assuming input volume is MGH (Van der Kouwe) MP-RAGE
reading mri_src from nu.mgz...
normalizing image...
NOT doing gentle normalization with control points/label
talairach transform
 1.07105   0.00158  -0.05729  -1.64951;
-0.00044   1.01124   0.22588  -22.55518;
 0.03533  -0.19224   1.08117   20.24191;
 0.00000   0.00000   0.00000   1.00000;
processing without aseg, no1d=0
MRInormInit(): 
INFO: Modifying talairach volume c_(r,a,s) based on average_305
MRInormalize(): 
MRIsplineNormalize(): npeaks = 21
Starting OpenSpline(): npoints = 21
building Voronoi diagram...
performing soap bubble smoothing, sigma = 8...

Iterating 2 times
---------------------------------
3d normalization pass 1 of 2
white matter peak found at 110
white matter peak found at 110
gm peak at 82 (82), valley at 42 (42)
csf peak at 42, setting threshold to 68
building Voronoi diagram...
performing soap bubble smoothing, sigma = 8...
---------------------------------
3d normalization pass 2 of 2
white matter peak found at 110
white matter peak found at 110
gm peak at 81 (81), valley at 42 (42)
csf peak at 41, setting threshold to 67
building Voronoi diagram...
performing soap bubble smoothing, sigma = 8...
Done iterating ---------------------------------
writing output to T1.mgz
3D bias adjustment took 1 minutes and 28 seconds.
@#@FSTIME  2024:09:19:16:40:44 mri_normalize N 7 e 88.79 S 0.17 U 88.17 P 99% M 584016 F 0 R 12466 W 0 c 252 w 23 I 0 O 0 L 114.85 113.24 112.11
@#@FSLOADPOST 2024:09:19:16:42:14 mri_normalize N 7 118.06 114.50 112.65
#--------------------------------------------
#@# Skull Stripping Thu Sep 19 16:42:14 BST 2024
/rds/projects/q/quinna-camcan/cc700/mri/pipeline/release004/BIDS_20190411/anat/sub-CC110126_T1w/mri

 mri_em_register -skull nu.mgz /rds/bear-apps/2022a/EL8-ice/software/FreeSurfer/7.4.1-centos8_x86_64/average/RB_all_withskull_2020_01_02.gca transforms/talairach_with_skull.lta 

aligning to atlas containing skull, setting unknown_nbr_spacing = 5

== Number of threads available to mri_em_register for OpenMP = 1 == 
reading 1 input volumes...
logging results to talairach_with_skull.log
reading '/rds/bear-apps/2022a/EL8-ice/software/FreeSurfer/7.4.1-centos8_x86_64/average/RB_all_withskull_2020_01_02.gca'...
GCAread took 0 minutes and 1 seconds.
average std = 23.0   using min determinant for regularization = 52.8
0 singular and 9205 ill-conditioned covariance matrices regularized
reading 'nu.mgz'...
freeing gibbs priors...done.
accounting for voxel sizes in initial transform
bounding unknown intensity as < 8.9 or > 556.0 
total sample mean = 77.3 (1403 zeros)
************************************************
spacing=8, using 3292 sample points, tol=1.00e-05...
************************************************
register_mri: find_optimal_transform
find_optimal_transform: nsamples 3292, passno 0, spacing 8
resetting wm mean[0]: 100 --> 108
resetting gm mean[0]: 61 --> 61
input volume #1 is the most T1-like
using real data threshold=13.0
skull bounding box = (51, 57, 9) --> (206, 255, 210)
finding center of left hemi white matter
using (103, 123, 110) as brain centroid of Right_Cerebral_White_Matter...
MRImask(): AllowDiffGeom = 1
mean wm in atlas = 108, using box (84,99,85) --> (122, 147,134) to find MRI wm
before smoothing, mri peak at 107
robust fit to distribution - 108 +- 3.5
after smoothing, mri peak at 108, scaling input intensities by 1.000
scaling channel 0 by 1
initial log_p = -4.576
************************************************
First Search limited to translation only.
************************************************
max log p =    -4.503411 @ (-10.526, -10.526, 10.526)
max log p =    -4.367160 @ (5.263, -5.263, -5.263)
max log p =    -4.316336 @ (2.632, -2.632, -2.632)
max log p =    -4.294113 @ (-1.316, -1.316, -1.316)
max log p =    -4.282887 @ (0.658, 0.658, 0.658)
max log p =    -4.276209 @ (0.329, -4.276, -2.303)
max log p =    -4.276209 @ (0.000, 0.000, 0.000)
max log p =    -4.276209 @ (0.000, 0.000, 0.000)
Found translation: (-3.0, -23.4, -0.3): log p = -4.276
****************************************
Nine parameter search.  iteration 0 nscales = 0 ...
****************************************
Result so far: scale 1.000: max_log_p=-4.090, old_max_log_p =-4.276 (thresh=-4.3)
 1.07500   0.00000   0.00000  -12.56526;
 0.00000   1.14016   0.15011  -48.41165;
 0.00000  -0.13885   1.05465   18.36329;
 0.00000   0.00000   0.00000   1.00000;
iteration took 1 minutes and 17 seconds.
****************************************
Nine parameter search.  iteration 1 nscales = 0 ...
****************************************
Result so far: scale 1.000: max_log_p=-4.089, old_max_log_p =-4.090 (thresh=-4.1)
 1.07500   0.00000   0.00000  -12.56526;
 0.00000   1.02886   0.26499  -51.31969;
 0.00000  -0.28648   1.02603   36.52532;
 0.00000   0.00000   0.00000   1.00000;
reducing scale to 0.2500
iteration took 1 minutes and 14 seconds.
****************************************
Nine parameter search.  iteration 2 nscales = 1 ...
****************************************
Result so far: scale 0.250: max_log_p=-4.035, old_max_log_p =-4.089 (thresh=-4.1)
 1.09533   0.00291  -0.00189  -17.10315;
 0.00264   1.12170   0.10237  -41.50759;
 0.00234  -0.10619   0.99717   16.80229;
 0.00000   0.00000   0.00000   1.00000;
iteration took 1 minutes and 11 seconds.
****************************************
Nine parameter search.  iteration 3 nscales = 1 ...
****************************************
Result so far: scale 0.250: max_log_p=-4.011, old_max_log_p =-4.035 (thresh=-4.0)
 1.07431   0.04009   0.00260  -18.69914;
-0.03364   1.18068   0.14137  -50.16109;
 0.00225  -0.14422   0.99316   21.21091;
 0.00000   0.00000   0.00000   1.00000;
iteration took 1 minutes and 21 seconds.
****************************************
Nine parameter search.  iteration 4 nscales = 1 ...
****************************************
Result so far: scale 0.250: max_log_p=-4.007, old_max_log_p =-4.011 (thresh=-4.0)
 1.05416   0.03934   0.00255  -16.00286;
-0.03364   1.18068   0.14137  -50.16109;
 0.00225  -0.14422   0.99316   21.21091;
 0.00000   0.00000   0.00000   1.00000;
reducing scale to 0.0625
iteration took 1 minutes and 19 seconds.
****************************************
Nine parameter search.  iteration 5 nscales = 2 ...
****************************************
Result so far: scale 0.062: max_log_p=-3.992, old_max_log_p =-4.007 (thresh=-4.0)
 1.05564   0.02975   0.00127  -14.58053;
-0.02493   1.17707   0.15743  -52.52894;
 0.00280  -0.16332   0.98955   24.47056;
 0.00000   0.00000   0.00000   1.00000;
iteration took 1 minutes and 0 seconds.
****************************************
Nine parameter search.  iteration 6 nscales = 2 ...
****************************************
Result so far: scale 0.062: max_log_p=-3.991, old_max_log_p =-3.992 (thresh=-4.0)
 1.05564   0.02975   0.00127  -14.58053;
-0.02496   1.17845   0.15762  -52.75703;
 0.00280  -0.16351   0.99071   24.36896;
 0.00000   0.00000   0.00000   1.00000;
min search scale 0.025000 reached
***********************************************
Computing MAP estimate using 3292 samples...
***********************************************
dt = 5.00e-06, momentum=0.80, tol=1.00e-05
l_intensity = 1.0000
Aligning input volume to GCA...
Transform matrix
 1.05564   0.02975   0.00127  -14.58053;
-0.02496   1.17845   0.15762  -52.75703;
 0.00280  -0.16351   0.99071   24.36896;
 0.00000   0.00000   0.00000   1.00000;
nsamples 3292
Quasinewton: input matrix
 1.05564   0.02975   0.00127  -14.58053;
-0.02496   1.17845   0.15762  -52.75703;
 0.00280  -0.16351   0.99071   24.36896;
 0.00000   0.00000   0.00000   1.00000;
 IFLAG= -1  LINE SEARCH FAILED. SEE DOCUMENTATION OF ROUTINE MCSRCH ERROR RETURN OF LINE SEARCH: INFO= 3 POSSIBLE CAUSES: FUNCTION OR GRADIENT ARE INCORRECT OR INCORRECT TOLERANCESoutof QuasiNewtonEMA: 009: -log(p) =   -0.0  tol 0.000010
Resulting transform:
 1.05564   0.02975   0.00127  -14.58053;
-0.02496   1.17845   0.15762  -52.75703;
 0.00280  -0.16351   0.99071   24.36896;
 0.00000   0.00000   0.00000   1.00000;

pass 1, spacing 8: log(p) = -3.991 (old=-4.576)
transform before final EM align:
 1.05564   0.02975   0.00127  -14.58053;
-0.02496   1.17845   0.15762  -52.75703;
 0.00280  -0.16351   0.99071   24.36896;
 0.00000   0.00000   0.00000   1.00000;

**************************************************
 EM alignment process ...
 Computing final MAP estimate using 364986 samples. 
**************************************************
dt = 5.00e-06, momentum=0.80, tol=1.00e-07
l_intensity = 1.0000
Aligning input volume to GCA...
Transform matrix
 1.05564   0.02975   0.00127  -14.58053;
-0.02496   1.17845   0.15762  -52.75703;
 0.00280  -0.16351   0.99071   24.36896;
 0.00000   0.00000   0.00000   1.00000;
nsamples 364986
Quasinewton: input matrix
 1.05564   0.02975   0.00127  -14.58053;
-0.02496   1.17845   0.15762  -52.75703;
 0.00280  -0.16351   0.99071   24.36896;
 0.00000   0.00000   0.00000   1.00000;
 IFLAG= -1  LINE SEARCH FAILED. SEE DOCUMENTATION OF ROUTINE MCSRCH ERROR RETURN OF LINE SEARCH: INFO= 6 POSSIBLE CAUSES: FUNCTION OR GRADIENT ARE INCORRECT OR INCORRECT TOLERANCESoutof QuasiNewtonEMA: 011: -log(p) =    4.4  tol 0.000000
final transform:
 1.05564   0.02975   0.00127  -14.58053;
-0.02496   1.17845   0.15762  -52.75703;
 0.00280  -0.16351   0.99071   24.36896;
 0.00000   0.00000   0.00000   1.00000;

writing output transformation to transforms/talairach_with_skull.lta...
#VMPC# mri_em_register VmPeak  796888
FSRUNTIME@ mri_em_register  0.1539 hours 1 threads
registration took 9 minutes and 14 seconds.
@#@FSTIME  2024:09:19:16:42:14 mri_em_register N 4 e 554.08 S 0.82 U 550.44 P 99% M 627264 F 0 R 117474 W 0 c 1356 w 38 I 0 O 0 L 118.06 114.50 112.65
@#@FSLOADPOST 2024:09:19:16:51:28 mri_em_register N 4 117.35 118.50 115.54

 mri_watershed -T1 -brain_atlas /rds/bear-apps/2022a/EL8-ice/software/FreeSurfer/7.4.1-centos8_x86_64/average/RB_all_withskull_2020_01_02.gca transforms/talairach_with_skull.lta T1.mgz brainmask.auto.mgz 


Mode:          T1 normalized volume
Mode:          Use the information of atlas (default parms, --help for details)

*********************************************************
The input file is T1.mgz
The output file is brainmask.auto.mgz
Weighting the input with atlas information before watershed

*************************WATERSHED**************************
Sorting...
      first estimation of the COG coord: x=129 y=133 z=108 r=73
      first estimation of the main basin volume: 1667192 voxels
      Looking for seedpoints 
        2 found in the cerebellum 
        17 found in the rest of the brain 
      global maximum in x=108, y=119, z=74, Imax=255
      CSF=18, WM_intensity=110, WM_VARIANCE=5
      WM_MIN=110, WM_HALF_MIN=110, WM_HALF_MAX=110, WM_MAX=110 
      preflooding height equal to 10 percent
done.
Analyze...

      main basin size=9105776342 voxels, voxel volume =1.000 
                     = 9105776342 mmm3 = 9105776.640 cm3
done.
PostAnalyze...Basin Prior
 3 basins merged thanks to atlas 
      ***** 0 basin(s) merged in 1 iteration(s)
      ***** 0 voxel(s) added to the main basin
done.
Weighting the input with prior template 

****************TEMPLATE DEFORMATION****************

      second estimation of the COG coord: x=128,y=136, z=102, r=9754 iterations
^^^^^^^^ couldn't find WM with original limits - expanding ^^^^^^

   GLOBAL      CSF_MIN=0, CSF_intensity=9, CSF_MAX=35 , nb = 45072
  RIGHT_CER    CSF_MIN=1, CSF_intensity=2, CSF_MAX=20 , nb = 3078
  LEFT_CER     CSF_MIN=1, CSF_intensity=2, CSF_MAX=26 , nb = 3258
 RIGHT_BRAIN   CSF_MIN=0, CSF_intensity=9, CSF_MAX=35 , nb = 19242
 LEFT_BRAIN    CSF_MIN=0, CSF_intensity=9, CSF_MAX=31 , nb = 18972
    OTHER      CSF_MIN=1, CSF_intensity=2, CSF_MAX=73 , nb = 522
 Problem with the least square interpolation in GM_MIN calculation.
   
                     CSF_MAX  TRANSITION  GM_MIN  GM
    GLOBAL     
  before analyzing :    35,      48,        58,   76
  after  analyzing :    35,      54,        58,   59
   RIGHT_CER   
  before analyzing :    20,      38,        58,   78
  after  analyzing :    20,      51,        58,   57
   LEFT_CER    
  before analyzing :    26,      41,        58,   83
  after  analyzing :    26,      52,        58,   59
  RIGHT_BRAIN  
  before analyzing :    35,      47,        57,   76
  after  analyzing :    35,      53,        57,   58
  LEFT_BRAIN   
  before analyzing :    31,      45,        58,   76
  after  analyzing :    31,      53,        58,   58
     OTHER     
  before analyzing :    73,      50,        33,   91
  after  analyzing :    31,      50,        50,   60
      mri_strip_skull: done peeling brain
      highly tesselated surface with 10242 vertices
      matching...63 iterations

*********************VALIDATION*********************
curvature mean = -0.013, std = 0.010
curvature mean = 69.688, std = 7.367

No Rigid alignment: -atlas Mode Off (basic atlas / no registration)
      before rotation: sse = 1.32, sigma = 2.10
      after  rotation: sse = 1.32, sigma = 2.10
Localization of inacurate regions: Erosion-Dilation steps
      the sse mean is  1.35, its var is  1.78   
      before Erosion-Dilatation  0.04% of inacurate vertices
      after  Erosion-Dilatation  0.00% of inacurate vertices
      Validation of the shape of the surface done.
Scaling of atlas fields onto current surface fields

********FINAL ITERATIVE TEMPLATE DEFORMATION********
Compute Local values csf/gray
Fine Segmentation...44 iterations

      mri_strip_skull: done peeling brain

Brain Size = 1659108 voxels, voxel volume = 1.000 mm3
           = 1659108 mmm3 = 1659.108 cm3


******************************
Saving brainmask.auto.mgz
done
mri_watershed done
@#@FSTIME  2024:09:19:16:51:28 mri_watershed N 6 e 12.00 S 0.40 U 11.45 P 98% M 806772 F 0 R 186327 W 0 c 61 w 31 I 0 O 0 L 117.35 118.50 115.54
@#@FSLOADPOST 2024:09:19:16:51:41 mri_watershed N 6 118.42 118.67 115.65

 cp brainmask.auto.mgz brainmask.mgz 

#-------------------------------------
#@# EM Registration Thu Sep 19 16:51:42 BST 2024
/rds/projects/q/quinna-camcan/cc700/mri/pipeline/release004/BIDS_20190411/anat/sub-CC110126_T1w/mri

 mri_em_register -uns 3 -mask brainmask.mgz nu.mgz /rds/bear-apps/2022a/EL8-ice/software/FreeSurfer/7.4.1-centos8_x86_64/average/RB_all_2020-01-02.gca transforms/talairach.lta 

setting unknown_nbr_spacing = 3
using MR volume brainmask.mgz to mask input volume...

== Number of threads available to mri_em_register for OpenMP = 1 == 
reading 1 input volumes...
logging results to talairach.log
reading '/rds/bear-apps/2022a/EL8-ice/software/FreeSurfer/7.4.1-centos8_x86_64/average/RB_all_2020-01-02.gca'...
GCAread took 0 minutes and 1 seconds.
average std = 7.2   using min determinant for regularization = 5.2
0 singular and 884 ill-conditioned covariance matrices regularized
reading 'nu.mgz'...
MRImask(): AllowDiffGeom = 1
MRImask(): AllowDiffGeom = 1
MRImask(): AllowDiffGeom = 1
MRImask(): AllowDiffGeom = 1
MRImask(): AllowDiffGeom = 1
freeing gibbs priors...done.
accounting for voxel sizes in initial transform
bounding unknown intensity as < 5.9 or > 519.0 
total sample mean = 79.1 (1017 zeros)
************************************************
spacing=8, using 2841 sample points, tol=1.00e-05...
************************************************
register_mri: find_optimal_transform
find_optimal_transform: nsamples 2841, passno 0, spacing 8
resetting wm mean[0]: 98 --> 107
resetting gm mean[0]: 61 --> 61
input volume #1 is the most T1-like
using real data threshold=20.0
skull bounding box = (60, 73, 24) --> (195, 203, 192)
finding center of left hemi white matter
using (105, 116, 108) as brain centroid of Right_Cerebral_White_Matter...
MRImask(): AllowDiffGeom = 1
mean wm in atlas = 107, using box (88,100,87) --> (121, 131,128) to find MRI wm
before smoothing, mri peak at 107
robust fit to distribution - 108 +- 3.6
after smoothing, mri peak at 108, scaling input intensities by 0.991
scaling channel 0 by 0.990741
initial log_p = -4.214
************************************************
First Search limited to translation only.
************************************************
max log p =    -4.074845 @ (-10.526, -10.526, 10.526)
max log p =    -3.756191 @ (5.263, -5.263, -5.263)
max log p =    -3.720604 @ (2.632, -2.632, -2.632)
max log p =    -3.715048 @ (-1.316, 3.947, 1.316)
max log p =    -3.686990 @ (0.658, -0.658, 0.658)
max log p =    -3.686990 @ (0.000, 0.000, 0.000)
max log p =    -3.686990 @ (0.000, 0.000, 0.000)
max log p =    -3.686990 @ (0.000, 0.000, 0.000)
Found translation: (-3.3, -15.1, 4.6): log p = -3.687
****************************************
Nine parameter search.  iteration 0 nscales = 0 ...
****************************************
Result so far: scale 1.000: max_log_p=-3.561, old_max_log_p =-3.687 (thresh=-3.7)
 1.06580  -0.15927  -0.02372   11.95054;
 0.12074   1.04098   0.15500  -51.97371;
 0.00000  -0.11161   0.99651   19.96029;
 0.00000   0.00000   0.00000   1.00000;
iteration took 1 minutes and 10 seconds.
****************************************
Nine parameter search.  iteration 1 nscales = 0 ...
****************************************
Result so far: scale 1.000: max_log_p=-3.561, old_max_log_p =-3.561 (thresh=-3.6)
 1.06580  -0.15927  -0.02372   11.95054;
 0.12074   1.04098   0.15500  -51.97371;
 0.00000  -0.11161   0.99651   19.96029;
 0.00000   0.00000   0.00000   1.00000;
reducing scale to 0.2500
iteration took 1 minutes and 13 seconds.
****************************************
Nine parameter search.  iteration 2 nscales = 1 ...
****************************************
Result so far: scale 0.250: max_log_p=-3.466, old_max_log_p =-3.561 (thresh=-3.6)
 1.04910  -0.12353  -0.01415   8.47512;
 0.08318   1.00301   0.27904  -58.16576;
-0.01576  -0.24653   0.96776   44.92085;
 0.00000   0.00000   0.00000   1.00000;
iteration took 1 minutes and 12 seconds.
****************************************
Nine parameter search.  iteration 3 nscales = 1 ...
****************************************
Result so far: scale 0.250: max_log_p=-3.466, old_max_log_p =-3.466 (thresh=-3.5)
 1.04910  -0.12353  -0.01415   8.47512;
 0.08318   1.00301   0.27904  -58.16576;
-0.01576  -0.24653   0.96776   44.92085;
 0.00000   0.00000   0.00000   1.00000;
reducing scale to 0.0625
iteration took 1 minutes and 15 seconds.
****************************************
Nine parameter search.  iteration 4 nscales = 2 ...
****************************************
Result so far: scale 0.062: max_log_p=-3.434, old_max_log_p =-3.466 (thresh=-3.5)
 1.05216  -0.09697  -0.01479   4.92045;
 0.05705   1.00031   0.29507  -56.93153;
-0.00855  -0.26498   0.96626   45.73558;
 0.00000   0.00000   0.00000   1.00000;
iteration took 0 minutes and 57 seconds.
****************************************
Nine parameter search.  iteration 5 nscales = 2 ...
****************************************
Result so far: scale 0.062: max_log_p=-3.430, old_max_log_p =-3.434 (thresh=-3.4)
 1.05339  -0.09708  -0.01480   4.77763;
 0.05685   0.99679   0.29403  -56.31248;
-0.00857  -0.26560   0.96852   45.59569;
 0.00000   0.00000   0.00000   1.00000;
iteration took 0 minutes and 54 seconds.
****************************************
Nine parameter search.  iteration 6 nscales = 2 ...
****************************************
Result so far: scale 0.062: max_log_p=-3.430, old_max_log_p =-3.430 (thresh=-3.4)
 1.05339  -0.09708  -0.01480   4.77763;
 0.05685   0.99679   0.29403  -56.31248;
-0.00857  -0.26560   0.96852   45.59569;
 0.00000   0.00000   0.00000   1.00000;
min search scale 0.025000 reached
***********************************************
Computing MAP estimate using 2841 samples...
***********************************************
dt = 5.00e-06, momentum=0.80, tol=1.00e-05
l_intensity = 1.0000
Aligning input volume to GCA...
Transform matrix
 1.05339  -0.09708  -0.01480   4.77763;
 0.05685   0.99679   0.29403  -56.31248;
-0.00857  -0.26560   0.96852   45.59569;
 0.00000   0.00000   0.00000   1.00000;
nsamples 2841
Quasinewton: input matrix
 1.05339  -0.09708  -0.01480   4.77763;
 0.05685   0.99679   0.29403  -56.31248;
-0.00857  -0.26560   0.96852   45.59569;
 0.00000   0.00000   0.00000   1.00000;
 IFLAG= -1  LINE SEARCH FAILED. SEE DOCUMENTATION OF ROUTINE MCSRCH ERROR RETURN OF LINE SEARCH: INFO= 3 POSSIBLE CAUSES: FUNCTION OR GRADIENT ARE INCORRECT OR INCORRECT TOLERANCESoutof QuasiNewtonEMA: 009: -log(p) =   -0.0  tol 0.000010
Resulting transform:
 1.05339  -0.09708  -0.01480   4.77763;
 0.05685   0.99679   0.29403  -56.31248;
-0.00857  -0.26560   0.96852   45.59569;
 0.00000   0.00000   0.00000   1.00000;

pass 1, spacing 8: log(p) = -3.430 (old=-4.214)
transform before final EM align:
 1.05339  -0.09708  -0.01480   4.77763;
 0.05685   0.99679   0.29403  -56.31248;
-0.00857  -0.26560   0.96852   45.59569;
 0.00000   0.00000   0.00000   1.00000;

**************************************************
 EM alignment process ...
 Computing final MAP estimate using 315638 samples. 
**************************************************
dt = 5.00e-06, momentum=0.80, tol=1.00e-07
l_intensity = 1.0000
Aligning input volume to GCA...
Transform matrix
 1.05339  -0.09708  -0.01480   4.77763;
 0.05685   0.99679   0.29403  -56.31248;
-0.00857  -0.26560   0.96852   45.59569;
 0.00000   0.00000   0.00000   1.00000;
nsamples 315638
Quasinewton: input matrix
 1.05339  -0.09708  -0.01480   4.77763;
 0.05685   0.99679   0.29403  -56.31248;
-0.00857  -0.26560   0.96852   45.59569;
 0.00000   0.00000   0.00000   1.00000;
 IFLAG= -1  LINE SEARCH FAILED. SEE DOCUMENTATION OF ROUTINE MCSRCH ERROR RETURN OF LINE SEARCH: INFO= 6 POSSIBLE CAUSES: FUNCTION OR GRADIENT ARE INCORRECT OR INCORRECT TOLERANCESoutof QuasiNewtonEMA: 011: -log(p) =    4.0  tol 0.000000
final transform:
 1.05339  -0.09708  -0.01480   4.77763;
 0.05685   0.99679   0.29403  -56.31248;
-0.00857  -0.26560   0.96852   45.59569;
 0.00000   0.00000   0.00000   1.00000;

writing output transformation to transforms/talairach.lta...
#VMPC# mri_em_register VmPeak  784336
FSRUNTIME@ mri_em_register  0.1378 hours 1 threads
registration took 8 minutes and 16 seconds.
@#@FSTIME  2024:09:19:16:51:42 mri_em_register N 7 e 496.21 S 0.81 U 492.95 P 99% M 614772 F 0 R 115489 W 0 c 1216 w 17 I 0 O 0 L 118.42 118.67 115.65
@#@FSLOADPOST 2024:09:19:16:59:58 mri_em_register N 7 120.50 119.65 117.30
#--------------------------------------
#@# CA Normalize Thu Sep 19 16:59:58 BST 2024
/rds/projects/q/quinna-camcan/cc700/mri/pipeline/release004/BIDS_20190411/anat/sub-CC110126_T1w/mri

 mri_ca_normalize -c ctrl_pts.mgz -mask brainmask.mgz nu.mgz /rds/bear-apps/2022a/EL8-ice/software/FreeSurfer/7.4.1-centos8_x86_64/average/RB_all_2020-01-02.gca transforms/talairach.lta norm.mgz 

writing control point volume to ctrl_pts.mgz
using MR volume brainmask.mgz to mask input volume...
reading 1 input volume
reading atlas from '/rds/bear-apps/2022a/EL8-ice/software/FreeSurfer/7.4.1-centos8_x86_64/average/RB_all_2020-01-02.gca'...
reading transform from 'transforms/talairach.lta'...
reading input volume from nu.mgz...
resetting wm mean[0]: 98 --> 107
resetting gm mean[0]: 61 --> 61
input volume #1 is the most T1-like
using real data threshold=19.0
skull bounding box = (60, 73, 24) --> (195, 203, 192)
finding center of left hemi white matter
using (105, 116, 108) as brain centroid of Right_Cerebral_White_Matter...
mean wm in atlas = 107, using box (88,100,87) --> (121, 131,128) to find MRI wm
before smoothing, mri peak at 107
robust fit to distribution - 108 +- 3.6
after smoothing, mri peak at 108, scaling input intensities by 0.991
scaling channel 0 by 0.990741
using 246437 sample points...
INFO: compute sample coordinates transform
 1.05339  -0.09708  -0.01480   4.77763;
 0.05685   0.99679   0.29403  -56.31248;
-0.00857  -0.26560   0.96852   45.59569;
 0.00000   0.00000   0.00000   1.00000;
INFO: transform used
finding control points in Left_Cerebral_White_Matter....
found 40230 control points for structure...
bounding box (128, 74, 27) --> (194, 189, 189)
Left_Cerebral_White_Matter: limiting intensities to 98.0 --> 132.0
2 of 8309 (0.0%) samples deleted
finding control points in Right_Cerebral_White_Matter....
found 39478 control points for structure...
bounding box (67, 75, 25) --> (130, 185, 190)
Right_Cerebral_White_Matter: limiting intensities to 96.0 --> 132.0
10 of 7681 (0.1%) samples deleted
finding control points in Left_Cerebellum_White_Matter....
found 3105 control points for structure...
bounding box (133, 161, 56) --> (182, 204, 110)
Left_Cerebellum_White_Matter: limiting intensities to 99.0 --> 132.0
0 of 34 (0.0%) samples deleted
finding control points in Right_Cerebellum_White_Matter....
found 2710 control points for structure...
bounding box (93, 161, 54) --> (134, 206, 110)
Right_Cerebellum_White_Matter: limiting intensities to 93.0 --> 132.0
0 of 8 (0.0%) samples deleted
finding control points in Brain_Stem....
found 3475 control points for structure...
bounding box (116, 150, 91) --> (151, 217, 121)
Brain_Stem: limiting intensities to 93.0 --> 132.0
0 of 215 (0.0%) samples deleted
using 16247 total control points for intensity normalization...
bias field = 0.989 +- 0.043
220 of 16235 control points discarded
finding control points in Left_Cerebral_White_Matter....
found 40230 control points for structure...
bounding box (128, 74, 27) --> (194, 189, 189)
Left_Cerebral_White_Matter: limiting intensities to 93.0 --> 132.0
6 of 8393 (0.1%) samples deleted
finding control points in Right_Cerebral_White_Matter....
found 39478 control points for structure...
bounding box (67, 75, 25) --> (130, 185, 190)
Right_Cerebral_White_Matter: limiting intensities to 91.0 --> 132.0
7 of 7905 (0.1%) samples deleted
finding control points in Left_Cerebellum_White_Matter....
found 3105 control points for structure...
bounding box (133, 161, 56) --> (182, 204, 110)
Left_Cerebellum_White_Matter: limiting intensities to 88.0 --> 132.0
21 of 95 (22.1%) samples deleted
finding control points in Right_Cerebellum_White_Matter....
found 2710 control points for structure...
bounding box (93, 161, 54) --> (134, 206, 110)
Right_Cerebellum_White_Matter: limiting intensities to 88.0 --> 132.0
36 of 57 (63.2%) samples deleted
finding control points in Brain_Stem....
found 3475 control points for structure...
bounding box (116, 150, 91) --> (151, 217, 121)
Brain_Stem: limiting intensities to 88.0 --> 132.0
3 of 261 (1.1%) samples deleted
using 16711 total control points for intensity normalization...
bias field = 1.032 +- 0.044
164 of 16591 control points discarded
finding control points in Left_Cerebral_White_Matter....
found 40230 control points for structure...
bounding box (128, 74, 27) --> (194, 189, 189)
Left_Cerebral_White_Matter: limiting intensities to 93.0 --> 132.0
21 of 8425 (0.2%) samples deleted
finding control points in Right_Cerebral_White_Matter....
found 39478 control points for structure...
bounding box (67, 75, 25) --> (130, 185, 190)
Right_Cerebral_White_Matter: limiting intensities to 91.0 --> 132.0
13 of 7917 (0.2%) samples deleted
finding control points in Left_Cerebellum_White_Matter....
found 3105 control points for structure...
bounding box (133, 161, 56) --> (182, 204, 110)
Left_Cerebellum_White_Matter: limiting intensities to 88.0 --> 132.0
77 of 152 (50.7%) samples deleted
finding control points in Right_Cerebellum_White_Matter....
found 2710 control points for structure...
bounding box (93, 161, 54) --> (134, 206, 110)
Right_Cerebellum_White_Matter: limiting intensities to 88.0 --> 132.0
53 of 70 (75.7%) samples deleted
finding control points in Brain_Stem....
found 3475 control points for structure...
bounding box (116, 150, 91) --> (151, 217, 121)
Brain_Stem: limiting intensities to 88.0 --> 132.0
23 of 314 (7.3%) samples deleted
using 16878 total control points for intensity normalization...
bias field = 1.026 +- 0.040
113 of 16545 control points discarded
writing normalized volume to norm.mgz...
writing control points to ctrl_pts.mgz
freeing GCA...done.
normalization took 0 minutes and 47 seconds.
@#@FSTIME  2024:09:19:16:59:58 mri_ca_normalize N 8 e 47.28 S 0.39 U 46.60 P 99% M 918660 F 0 R 137595 W 0 c 172 w 24 I 0 O 0 L 120.50 119.65 117.30
@#@FSLOADPOST 2024:09:19:17:00:46 mri_ca_normalize N 8 116.30 118.79 117.13
#--------------------------------------
#@# CA Reg Thu Sep 19 17:00:46 BST 2024
/rds/projects/q/quinna-camcan/cc700/mri/pipeline/release004/BIDS_20190411/anat/sub-CC110126_T1w/mri

 mri_ca_register -nobigventricles -T transforms/talairach.lta -align-after -mask brainmask.mgz norm.mgz /rds/bear-apps/2022a/EL8-ice/software/FreeSurfer/7.4.1-centos8_x86_64/average/RB_all_2020-01-02.gca transforms/talairach.m3z 

not handling expanded ventricles...
using previously computed transform transforms/talairach.lta
renormalizing sequences with structure alignment, equivalent to:
	-renormalize
	-regularize_mean 0.500
	-regularize 0.500
using MR volume brainmask.mgz to mask input volume...

== Number of threads available to mri_ca_register for OpenMP = 1 == 
reading 1 input volumes...
logging results to talairach.log
reading input volume 'norm.mgz'...
reading GCA '/rds/bear-apps/2022a/EL8-ice/software/FreeSurfer/7.4.1-centos8_x86_64/average/RB_all_2020-01-02.gca'...
label assignment complete, 0 changed (0.00%)
freeing gibbs priors...done.
average std[0] = 5.0
Starting GCAMregister()
label assignment complete, 0 changed (0.00%)
npasses = 1, nlevels = 6
#pass# 1 of 1 ************************
enabling zero nodes
setting smoothness cost coefficient to 0.156

#GCAMreg# pass 0 level1 5 level2 0 tsec 0 sigma 2
l_jacobian=1.00 l_label=1.00 l_log_likelihood=0.20 l_smoothness=0.16 
tol=2.50e-01, dt=5.00e-02, exp_k=20.0, momentum=0.90, levels=6, niter=500, lbl_dist=10.00, avgs=256, sigma=2.0,type=2, relabel=0, neg=no

blurring input image with Gaussian with sigma=2.000...
GCAMRegisterLevel(): init RMS 0.90492



























#GCAMreg# pass 0 level1 5 level2 1 tsec 319.441 sigma 0.5
l_jacobian=1.00 l_label=1.00 l_log_likelihood=0.20 l_smoothness=0.16 
tol=2.50e-01, dt=5.00e-02, exp_k=20.0, momentum=0.90, levels=6, niter=500, lbl_dist=10.00, avgs=256, sigma=0.5,type=2, relabel=0, neg=no

blurring input image with Gaussian with sigma=0.500...
GCAMRegisterLevel(): init RMS 0.701927



setting smoothness cost coefficient to 0.615

#GCAMreg# pass 0 level1 4 level2 0 tsec 0 sigma 2
l_jacobian=1.00 l_label=1.00 l_log_likelihood=0.20 l_smoothness=0.62 
tol=2.50e-01, dt=5.00e-02, exp_k=20.0, momentum=0.90, levels=6, niter=500, lbl_dist=10.00, avgs=64, sigma=2.0,type=2, relabel=0, neg=no

blurring input image with Gaussian with sigma=2.000...
GCAMRegisterLevel(): init RMS 0.720149






#GCAMreg# pass 0 level1 4 level2 1 tsec 66.866 sigma 0.5
l_jacobian=1.00 l_label=1.00 l_log_likelihood=0.20 l_smoothness=0.62 
tol=2.50e-01, dt=5.00e-02, exp_k=20.0, momentum=0.90, levels=6, niter=500, lbl_dist=10.00, avgs=64, sigma=0.5,type=2, relabel=0, neg=no

blurring input image with Gaussian with sigma=0.500...
GCAMRegisterLevel(): init RMS 0.693768


setting smoothness cost coefficient to 2.353

#GCAMreg# pass 0 level1 3 level2 0 tsec 0 sigma 2
l_jacobian=1.00 l_label=1.00 l_log_likelihood=0.20 l_smoothness=2.35 
tol=2.50e-01, dt=5.00e-02, exp_k=20.0, momentum=0.90, levels=6, niter=500, lbl_dist=10.00, avgs=16, sigma=2.0,type=2, relabel=0, neg=no

blurring input image with Gaussian with sigma=2.000...
GCAMRegisterLevel(): init RMS 0.739115




#GCAMreg# pass 0 level1 3 level2 1 tsec 33.456 sigma 0.5
l_jacobian=1.00 l_label=1.00 l_log_likelihood=0.20 l_smoothness=2.35 
tol=2.50e-01, dt=5.00e-02, exp_k=20.0, momentum=0.90, levels=6, niter=500, lbl_dist=10.00, avgs=16, sigma=0.5,type=2, relabel=0, neg=no

blurring input image with Gaussian with sigma=0.500...
GCAMRegisterLevel(): init RMS 0.734362

setting smoothness cost coefficient to 8.000

#GCAMreg# pass 0 level1 2 level2 0 tsec 0 sigma 2
l_jacobian=1.00 l_label=1.00 l_log_likelihood=0.20 l_smoothness=8.00 
tol=2.50e-01, dt=5.00e-02, exp_k=20.0, momentum=0.90, levels=6, niter=500, lbl_dist=10.00, avgs=4, sigma=2.0,type=2, relabel=0, neg=no

blurring input image with Gaussian with sigma=2.000...
GCAMRegisterLevel(): init RMS 0.825598










#GCAMreg# pass 0 level1 2 level2 1 tsec 93.405 sigma 0.5
l_jacobian=1.00 l_label=1.00 l_log_likelihood=0.20 l_smoothness=8.00 
tol=2.50e-01, dt=5.00e-02, exp_k=20.0, momentum=0.90, levels=6, niter=500, lbl_dist=10.00, avgs=4, sigma=0.5,type=2, relabel=0, neg=no

blurring input image with Gaussian with sigma=0.500...
GCAMRegisterLevel(): init RMS 0.797985

setting smoothness cost coefficient to 20.000

#GCAMreg# pass 0 level1 1 level2 0 tsec 0 sigma 2
l_jacobian=1.00 l_label=1.00 l_log_likelihood=0.20 l_smoothness=20.00 
tol=2.50e-01, dt=5.00e-02, exp_k=20.0, momentum=0.90, levels=6, niter=500, lbl_dist=10.00, avgs=1, sigma=2.0,type=2, relabel=0, neg=no

blurring input image with Gaussian with sigma=2.000...
GCAMRegisterLevel(): init RMS 0.85992


#GCAMreg# pass 0 level1 1 level2 1 tsec 25.646 sigma 0.5
l_jacobian=1.00 l_label=1.00 l_log_likelihood=0.20 l_smoothness=20.00 
tol=2.50e-01, dt=5.00e-02, exp_k=20.0, momentum=0.90, levels=6, niter=500, lbl_dist=10.00, avgs=1, sigma=0.5,type=2, relabel=0, neg=no

blurring input image with Gaussian with sigma=0.500...
GCAMRegisterLevel(): init RMS 0.85992


resetting metric properties...
setting smoothness cost coefficient to 40.000

#GCAMreg# pass 0 level1 0 level2 0 tsec 0 sigma 2
l_jacobian=1.00 l_label=1.00 l_log_likelihood=0.20 l_smoothness=40.00 
tol=2.50e-01, dt=5.00e-02, exp_k=20.0, momentum=0.90, levels=6, niter=500, lbl_dist=10.00, avgs=0, sigma=2.0,type=2, relabel=0, neg=no

blurring input image with Gaussian with sigma=2.000...
GCAMRegisterLevel(): init RMS 0.75487



#GCAMreg# pass 0 level1 0 level2 1 tsec 27.442 sigma 0.5
l_jacobian=1.00 l_label=1.00 l_log_likelihood=0.20 l_smoothness=40.00 
tol=2.50e-01, dt=5.00e-02, exp_k=20.0, momentum=0.90, levels=6, niter=500, lbl_dist=10.00, avgs=0, sigma=0.5,type=2, relabel=0, neg=no

blurring input image with Gaussian with sigma=0.500...
GCAMRegisterLevel(): init RMS 0.751818


GCAMregister done in 12.551 min
Starting GCAmapRenormalizeWithAlignment() without scales
renormalizing by structure alignment....
renormalizing input #0
gca peak = 0.10253 (16)
mri peak = 0.10139 (26)
Left_Lateral_Ventricle (4): linear fit = 1.41 x + 0.0 (707 voxels, overlap=0.332)
Left_Lateral_Ventricle (4): linear fit = 1.41 x + 0.0 (707 voxels, peak = 23), gca=22.6
gca peak = 0.17690 (16)
mri peak = 0.11600 (28)
Right_Lateral_Ventricle (43): linear fit = 1.59 x + 0.0 (821 voxels, overlap=0.267)
Right_Lateral_Ventricle (43): linear fit = 1.50 x + 0.0 (821 voxels, peak = 25), gca=24.0
gca peak = 0.28275 (96)
mri peak = 0.15400 (101)
Right_Pallidum (52): linear fit = 1.05 x + 0.0 (990 voxels, overlap=0.548)
Right_Pallidum (52): linear fit = 1.05 x + 0.0 (990 voxels, peak = 101), gca=101.3
gca peak = 0.18948 (93)
mri peak = 0.10363 (101)
Left_Pallidum (13): linear fit = 1.08 x + 0.0 (930 voxels, overlap=1.012)
Left_Pallidum (13): linear fit = 1.08 x + 0.0 (930 voxels, peak = 100), gca=100.0
gca peak = 0.20755 (55)
mri peak = 0.09453 (72)
Right_Hippocampus (53): linear fit = 1.29 x + 0.0 (1175 voxels, overlap=0.025)
Right_Hippocampus (53): linear fit = 1.29 x + 0.0 (1175 voxels, peak = 71), gca=71.2
gca peak = 0.31831 (58)
mri peak = 0.08307 (73)
Left_Hippocampus (17): linear fit = 1.26 x + 0.0 (1009 voxels, overlap=0.020)
Left_Hippocampus (17): linear fit = 1.26 x + 0.0 (1009 voxels, peak = 73), gca=73.4
gca peak = 0.11957 (102)
mri peak = 0.12871 (104)
Right_Cerebral_White_Matter (41): linear fit = 1.04 x + 0.0 (73632 voxels, overlap=0.576)
Right_Cerebral_White_Matter (41): linear fit = 1.04 x + 0.0 (73632 voxels, peak = 107), gca=106.6
gca peak = 0.11429 (102)
mri peak = 0.19578 (106)
Left_Cerebral_White_Matter (2): linear fit = 1.02 x + 0.0 (76582 voxels, overlap=0.450)
Left_Cerebral_White_Matter (2): linear fit = 1.02 x + 0.0 (76582 voxels, peak = 105), gca=104.5
gca peak = 0.14521 (59)
mri peak = 0.04657 (75)
Left_Cerebral_Cortex (3): linear fit = 1.28 x + 0.0 (28506 voxels, overlap=0.003)
Left_Cerebral_Cortex (3): linear fit = 1.28 x + 0.0 (28506 voxels, peak = 76), gca=75.8
gca peak = 0.14336 (58)
mri peak = 0.04794 (72)
Right_Cerebral_Cortex (42): linear fit = 1.28 x + 0.0 (32582 voxels, overlap=0.002)
Right_Cerebral_Cortex (42): linear fit = 1.28 x + 0.0 (32582 voxels, peak = 75), gca=74.5
gca peak = 0.13305 (70)
mri peak = 0.12583 (82)
Right_Caudate (50): linear fit = 1.23 x + 0.0 (1092 voxels, overlap=0.013)
Right_Caudate (50): linear fit = 1.23 x + 0.0 (1092 voxels, peak = 86), gca=85.8
gca peak = 0.15761 (71)
mri peak = 0.12422 (83)
Left_Caudate (11): linear fit = 1.15 x + 0.0 (1165 voxels, overlap=0.108)
Left_Caudate (11): linear fit = 1.15 x + 0.0 (1165 voxels, peak = 82), gca=82.0
gca peak = 0.13537 (57)
mri peak = 0.04318 (72)
Left_Cerebellum_Cortex (8): linear fit = 1.40 x + 0.0 (15634 voxels, overlap=0.001)
Left_Cerebellum_Cortex (8): linear fit = 1.40 x + 0.0 (15634 voxels, peak = 80), gca=80.1
gca peak = 0.13487 (56)
mri peak = 0.05034 (93)
Right_Cerebellum_Cortex (47): linear fit = 1.62 x + 0.0 (17951 voxels, overlap=0.001)
Right_Cerebellum_Cortex (47): linear fit = 1.62 x + 0.0 (17951 voxels, peak = 90), gca=90.4
gca peak = 0.19040 (84)
mri peak = 0.03910 (91)
Left_Cerebellum_White_Matter (7): linear fit = 0.92 x + 0.0 (9862 voxels, overlap=0.449)
Left_Cerebellum_White_Matter (7): linear fit = 0.92 x + 0.0 (9862 voxels, peak = 77), gca=76.9
gca peak = 0.18871 (83)
mri peak = 0.04984 (73)
Right_Cerebellum_White_Matter (46): linear fit = 0.92 x + 0.0 (7292 voxels, overlap=0.366)
Right_Cerebellum_White_Matter (46): linear fit = 0.92 x + 0.0 (7292 voxels, peak = 76), gca=75.9
gca peak = 0.24248 (57)
mri peak = 0.10441 (79)
Left_Amygdala (18): linear fit = 1.40 x + 0.0 (503 voxels, overlap=0.065)
Left_Amygdala (18): linear fit = 1.40 x + 0.0 (503 voxels, peak = 80), gca=80.1
gca peak = 0.35833 (56)
mri peak = 0.12348 (73)
Right_Amygdala (54): linear fit = 1.29 x + 0.0 (616 voxels, overlap=0.050)
Right_Amygdala (54): linear fit = 1.29 x + 0.0 (616 voxels, peak = 73), gca=72.5
gca peak = 0.12897 (85)
mri peak = 0.07020 (101)
Left_Thalamus (10): linear fit = 1.13 x + 0.0 (6076 voxels, overlap=0.410)
Left_Thalamus (10): linear fit = 1.13 x + 0.0 (6076 voxels, peak = 96), gca=96.5
gca peak = 0.13127 (83)
mri peak = 0.06145 (89)
Right_Thalamus (49): linear fit = 1.12 x + 0.0 (4917 voxels, overlap=0.544)
Right_Thalamus (49): linear fit = 1.12 x + 0.0 (4917 voxels, peak = 93), gca=92.5
gca peak = 0.12974 (78)
mri peak = 0.07752 (92)
Left_Putamen (12): linear fit = 1.20 x + 0.0 (2669 voxels, overlap=0.026)
Left_Putamen (12): linear fit = 1.20 x + 0.0 (2669 voxels, peak = 93), gca=93.2
gca peak = 0.17796 (79)
mri peak = 0.08160 (88)
Right_Putamen (51): linear fit = 1.14 x + 0.0 (2647 voxels, overlap=0.204)
Right_Putamen (51): linear fit = 1.14 x + 0.0 (2647 voxels, peak = 90), gca=90.5
gca peak = 0.10999 (80)
mri peak = 0.10954 (91)
Brain_Stem (16): linear fit = 1.14 x + 0.0 (9717 voxels, overlap=0.069)
Brain_Stem (16): linear fit = 1.14 x + 0.0 (9717 voxels, peak = 92), gca=91.6
gca peak = 0.13215 (88)
mri peak = 0.09714 (96)
Right_VentralDC (60): linear fit = 1.12 x + 0.0 (1137 voxels, overlap=0.101)
Right_VentralDC (60): linear fit = 1.12 x + 0.0 (1137 voxels, peak = 98), gca=98.1
gca peak = 0.11941 (89)
mri peak = 0.09224 (98)
Left_VentralDC (28): linear fit = 1.11 x + 0.0 (1511 voxels, overlap=0.208)
Left_VentralDC (28): linear fit = 1.11 x + 0.0 (1511 voxels, peak = 98), gca=98.3
gca peak = 0.20775 (25)
uniform distribution in MR - rejecting arbitrary fit
gca peak = 0.13297 (21)
mri peak = 0.10043 (44)
Fourth_Ventricle: unreasonable value (59.5/44.0), not in range [ 0, 55] - rejecting
gca peak Unknown = 0.94777 ( 0)
gca peak Left_Inf_Lat_Vent = 0.19087 (28)
gca peak Third_Ventricle = 0.20775 (25)
gca peak Fourth_Ventricle = 0.13297 (21)
gca peak CSF = 0.16821 (33)
gca peak Left_Accumbens_area = 0.32850 (63)
gca peak Left_undetermined = 0.98480 (28)
gca peak Left_vessel = 0.40887 (53)
gca peak Left_choroid_plexus = 0.10898 (46)
gca peak Right_Inf_Lat_Vent = 0.17798 (26)
gca peak Right_Cerebellum_Cortex = 0.13487 (56)
gca peak Right_Accumbens_area = 0.30137 (64)
gca peak Right_vessel = 0.47828 (52)
gca peak Right_choroid_plexus = 0.11612 (45)
gca peak Fifth_Ventricle = 0.59466 (35)
gca peak WM_hypointensities = 0.10053 (78)
gca peak non_WM_hypointensities = 0.07253 (60)
gca peak Optic_Chiasm = 0.25330 (73)
not using caudate to estimate GM means
setting label Right_Cerebellum_Cortex based on Left_Cerebellum_Cortex = 1.40 x +  0: 80
estimating mean gm scale to be 1.30 x + 0.0
estimating mean wm scale to be 1.03 x + 0.0
estimating mean csf scale to be 1.46 x + 0.0
saving intensity scales to talairach.label_intensities.txt
GCAmapRenormalizeWithAlignment() took 2.07837 min
noneg pre
Starting GCAMregister()
label assignment complete, 0 changed (0.00%)
npasses = 1, nlevels = 6
#pass# 1 of 1 ************************
enabling zero nodes
setting smoothness cost coefficient to 0.008

#GCAMreg# pass 0 level1 5 level2 0 tsec 0 sigma 2
l_jacobian=1.00 l_label=1.00 l_log_likelihood=0.20 l_smoothness=0.01 
tol=5.00e-02, dt=5.00e-02, exp_k=20.0, momentum=0.90, levels=6, niter=500, lbl_dist=10.00, avgs=256, sigma=2.0,type=2, relabel=0, neg=no

blurring input image with Gaussian with sigma=2.000...
GCAMRegisterLevel(): init RMS 0.751
















































































#GCAMreg# pass 0 level1 5 level2 1 tsec 800.528 sigma 0.5
l_jacobian=1.00 l_label=1.00 l_log_likelihood=0.20 l_smoothness=0.01 
tol=5.00e-02, dt=5.00e-02, exp_k=20.0, momentum=0.90, levels=6, niter=500, lbl_dist=10.00, avgs=256, sigma=0.5,type=2, relabel=0, neg=no

blurring input image with Gaussian with sigma=0.500...
GCAMRegisterLevel(): init RMS 0.612831



























setting smoothness cost coefficient to 0.031

#GCAMreg# pass 0 level1 4 level2 0 tsec 0 sigma 2
l_jacobian=1.00 l_label=1.00 l_log_likelihood=0.20 l_smoothness=0.03 
tol=5.00e-02, dt=5.00e-02, exp_k=20.0, momentum=0.90, levels=6, niter=500, lbl_dist=10.00, avgs=64, sigma=2.0,type=2, relabel=0, neg=no

blurring input image with Gaussian with sigma=2.000...
GCAMRegisterLevel(): init RMS 0.60778





































































































#GCAMreg# pass 0 level1 4 level2 1 tsec 703.231 sigma 0.5
l_jacobian=1.00 l_label=1.00 l_log_likelihood=0.20 l_smoothness=0.03 
tol=5.00e-02, dt=5.00e-02, exp_k=20.0, momentum=0.90, levels=6, niter=500, lbl_dist=10.00, avgs=64, sigma=0.5,type=2, relabel=0, neg=no

blurring input image with Gaussian with sigma=0.500...
GCAMRegisterLevel(): init RMS 0.545418



















































setting smoothness cost coefficient to 0.118

#GCAMreg# pass 0 level1 3 level2 0 tsec 0 sigma 2
l_jacobian=1.00 l_label=1.00 l_log_likelihood=0.20 l_smoothness=0.12 
tol=5.00e-02, dt=5.00e-02, exp_k=20.0, momentum=0.90, levels=6, niter=500, lbl_dist=10.00, avgs=16, sigma=2.0,type=2, relabel=0, neg=no

blurring input image with Gaussian with sigma=2.000...
GCAMRegisterLevel(): init RMS 0.543933































































#GCAMreg# pass 0 level1 3 level2 1 tsec 487.839 sigma 0.5
l_jacobian=1.00 l_label=1.00 l_log_likelihood=0.20 l_smoothness=0.12 
tol=5.00e-02, dt=5.00e-02, exp_k=20.0, momentum=0.90, levels=6, niter=500, lbl_dist=10.00, avgs=16, sigma=0.5,type=2, relabel=0, neg=no

blurring input image with Gaussian with sigma=0.500...
GCAMRegisterLevel(): init RMS 0.504492































setting smoothness cost coefficient to 0.400

#GCAMreg# pass 0 level1 2 level2 0 tsec 0 sigma 2
l_jacobian=1.00 l_label=1.00 l_log_likelihood=0.20 l_smoothness=0.40 
tol=5.00e-02, dt=5.00e-02, exp_k=20.0, momentum=0.90, levels=6, niter=500, lbl_dist=10.00, avgs=4, sigma=2.0,type=2, relabel=0, neg=no

blurring input image with Gaussian with sigma=2.000...
GCAMRegisterLevel(): init RMS 0.520364



#GCAMreg# pass 0 level1 2 level2 1 tsec 36.536 sigma 0.5
l_jacobian=1.00 l_label=1.00 l_log_likelihood=0.20 l_smoothness=0.40 
tol=5.00e-02, dt=5.00e-02, exp_k=20.0, momentum=0.90, levels=6, niter=500, lbl_dist=10.00, avgs=4, sigma=0.5,type=2, relabel=0, neg=no

blurring input image with Gaussian with sigma=0.500...
GCAMRegisterLevel(): init RMS 0.520364


setting smoothness cost coefficient to 1.000

#GCAMreg# pass 0 level1 1 level2 0 tsec 0 sigma 2
l_jacobian=1.00 l_label=1.00 l_log_likelihood=0.20 l_smoothness=1.00 
tol=5.00e-02, dt=5.00e-02, exp_k=20.0, momentum=0.90, levels=6, niter=500, lbl_dist=10.00, avgs=1, sigma=2.0,type=2, relabel=0, neg=no

blurring input image with Gaussian with sigma=2.000...
GCAMRegisterLevel(): init RMS 0.569389



#GCAMreg# pass 0 level1 1 level2 1 tsec 34.828 sigma 0.5
l_jacobian=1.00 l_label=1.00 l_log_likelihood=0.20 l_smoothness=1.00 
tol=5.00e-02, dt=5.00e-02, exp_k=20.0, momentum=0.90, levels=6, niter=500, lbl_dist=10.00, avgs=1, sigma=0.5,type=2, relabel=0, neg=no

blurring input image with Gaussian with sigma=0.500...
GCAMRegisterLevel(): init RMS 0.563812


resetting metric properties...
setting smoothness cost coefficient to 2.000

#GCAMreg# pass 0 level1 0 level2 0 tsec 0 sigma 2
l_jacobian=1.00 l_label=1.00 l_log_likelihood=0.20 l_smoothness=2.00 
tol=5.00e-02, dt=5.00e-02, exp_k=20.0, momentum=0.90, levels=6, niter=500, lbl_dist=10.00, avgs=0, sigma=2.0,type=2, relabel=0, neg=no

blurring input image with Gaussian with sigma=2.000...
GCAMRegisterLevel(): init RMS 0.513141
































#GCAMreg# pass 0 level1 0 level2 1 tsec 208.897 sigma 0.5
l_jacobian=1.00 l_label=1.00 l_log_likelihood=0.20 l_smoothness=2.00 
tol=5.00e-02, dt=5.00e-02, exp_k=20.0, momentum=0.90, levels=6, niter=500, lbl_dist=10.00, avgs=0, sigma=0.5,type=2, relabel=0, neg=no

blurring input image with Gaussian with sigma=0.500...
GCAMRegisterLevel(): init RMS 0.491156








GCAMregister done in 51.8447 min
********************* ALLOWING NEGATIVE NODES IN DEFORMATION********************************
noneg post
Starting GCAMregister()
label assignment complete, 0 changed (0.00%)
npasses = 1, nlevels = 6
#pass# 1 of 1 ************************
enabling zero nodes
setting smoothness cost coefficient to 0.008

#GCAMreg# pass 0 level1 5 level2 0 tsec 0 sigma 2
l_jacobian=1.00 l_label=1.00 l_log_likelihood=0.20 l_smoothness=0.01 
tol=2.50e-01, dt=5.00e-02, exp_k=20.0, momentum=0.90, levels=6, niter=500, lbl_dist=10.00, avgs=256, sigma=2.0,type=2, relabel=0, neg=yes

blurring input image with Gaussian with sigma=2.000...
GCAMRegisterLevel(): init RMS 0.484042


#GCAMreg# pass 0 level1 5 level2 1 tsec 39.474 sigma 0.5
l_jacobian=1.00 l_label=1.00 l_log_likelihood=0.20 l_smoothness=0.01 
tol=2.50e-01, dt=5.00e-02, exp_k=20.0, momentum=0.90, levels=6, niter=500, lbl_dist=10.00, avgs=256, sigma=0.5,type=2, relabel=0, neg=yes

blurring input image with Gaussian with sigma=0.500...
GCAMRegisterLevel(): init RMS 0.484042


setting smoothness cost coefficient to 0.031

#GCAMreg# pass 0 level1 4 level2 0 tsec 0 sigma 2
l_jacobian=1.00 l_label=1.00 l_log_likelihood=0.20 l_smoothness=0.03 
tol=2.50e-01, dt=5.00e-02, exp_k=20.0, momentum=0.90, levels=6, niter=500, lbl_dist=10.00, avgs=64, sigma=2.0,type=2, relabel=0, neg=yes

blurring input image with Gaussian with sigma=2.000...
GCAMRegisterLevel(): init RMS 0.483315



#GCAMreg# pass 0 level1 4 level2 1 tsec 45.307 sigma 0.5
l_jacobian=1.00 l_label=1.00 l_log_likelihood=0.20 l_smoothness=0.03 
tol=2.50e-01, dt=5.00e-02, exp_k=20.0, momentum=0.90, levels=6, niter=500, lbl_dist=10.00, avgs=64, sigma=0.5,type=2, relabel=0, neg=yes

blurring input image with Gaussian with sigma=0.500...
GCAMRegisterLevel(): init RMS 0.483198









iter 0, gcam->neg = 1
after 0 iterations, nbhd size=0, neg = 0

setting smoothness cost coefficient to 0.118

#GCAMreg# pass 0 level1 3 level2 0 tsec 0 sigma 2
l_jacobian=1.00 l_label=1.00 l_log_likelihood=0.20 l_smoothness=0.12 
tol=2.50e-01, dt=5.00e-02, exp_k=20.0, momentum=0.90, levels=6, niter=500, lbl_dist=10.00, avgs=16, sigma=2.0,type=2, relabel=0, neg=yes

blurring input image with Gaussian with sigma=2.000...
GCAMRegisterLevel(): init RMS 0.47719
iter 0, gcam->neg = 1
after 0 iterations, nbhd size=0, neg = 0

iter 0, gcam->neg = 5
after 4 iterations, nbhd size=0, neg = 0

iter 0, gcam->neg = 10
after 5 iterations, nbhd size=0, neg = 0

iter 0, gcam->neg = 5
after 4 iterations, nbhd size=0, neg = 0

iter 0, gcam->neg = 2
after 10 iterations, nbhd size=1, neg = 0

iter 0, gcam->neg = 6
after 3 iterations, nbhd size=0, neg = 0

iter 0, gcam->neg = 5
after 3 iterations, nbhd size=0, neg = 0

iter 0, gcam->neg = 12
after 12 iterations, nbhd size=1, neg = 0

iter 0, gcam->neg = 9
after 11 iterations, nbhd size=1, neg = 0

iter 0, gcam->neg = 11
after 12 iterations, nbhd size=1, neg = 0

iter 0, gcam->neg = 9
after 6 iterations, nbhd size=0, neg = 0

iter 0, gcam->neg = 7
after 12 iterations, nbhd size=1, neg = 0

iter 0, gcam->neg = 13
after 3 iterations, nbhd size=0, neg = 0

iter 0, gcam->neg = 5
after 11 iterations, nbhd size=1, neg = 0

iter 0, gcam->neg = 2
after 1 iterations, nbhd size=0, neg = 0

iter 0, gcam->neg = 7
after 5 iterations, nbhd size=0, neg = 0

iter 0, gcam->neg = 7
after 6 iterations, nbhd size=0, neg = 0

iter 0, gcam->neg = 5
after 6 iterations, nbhd size=0, neg = 0

iter 0, gcam->neg = 1
after 2 iterations, nbhd size=0, neg = 0

#GCAMreg# pass 0 level1 3 level2 1 tsec 191.606 sigma 0.5
l_jacobian=1.00 l_label=1.00 l_log_likelihood=0.20 l_smoothness=0.12 
tol=2.50e-01, dt=5.00e-02, exp_k=20.0, momentum=0.90, levels=6, niter=500, lbl_dist=10.00, avgs=16, sigma=0.5,type=2, relabel=0, neg=yes

blurring input image with Gaussian with sigma=0.500...
GCAMRegisterLevel(): init RMS 0.461119
iter 0, gcam->neg = 3
after 4 iterations, nbhd size=0, neg = 0

iter 0, gcam->neg = 2
after 0 iterations, nbhd size=0, neg = 0

iter 0, gcam->neg = 1
after 6 iterations, nbhd size=1, neg = 0

iter 0, gcam->neg = 1
after 2 iterations, nbhd size=0, neg = 0

iter 0, gcam->neg = 1
after 0 iterations, nbhd size=0, neg = 0


iter 0, gcam->neg = 3
after 0 iterations, nbhd size=0, neg = 0



iter 0, gcam->neg = 1
after 2 iterations, nbhd size=0, neg = 0







iter 0, gcam->neg = 1
after 2 iterations, nbhd size=0, neg = 0
setting smoothness cost coefficient to 0.400

#GCAMreg# pass 0 level1 2 level2 0 tsec 0 sigma 2
l_jacobian=1.00 l_label=1.00 l_log_likelihood=0.20 l_smoothness=0.40 
tol=2.50e-01, dt=5.00e-02, exp_k=20.0, momentum=0.90, levels=6, niter=500, lbl_dist=10.00, avgs=4, sigma=2.0,type=2, relabel=0, neg=yes

blurring input image with Gaussian with sigma=2.000...
GCAMRegisterLevel(): init RMS 0.45654


#GCAMreg# pass 0 level1 2 level2 1 tsec 35.252 sigma 0.5
l_jacobian=1.00 l_label=1.00 l_log_likelihood=0.20 l_smoothness=0.40 
tol=2.50e-01, dt=5.00e-02, exp_k=20.0, momentum=0.90, levels=6, niter=500, lbl_dist=10.00, avgs=4, sigma=0.5,type=2, relabel=0, neg=yes

blurring input image with Gaussian with sigma=0.500...
GCAMRegisterLevel(): init RMS 0.45654


setting smoothness cost coefficient to 1.000

#GCAMreg# pass 0 level1 1 level2 0 tsec 0 sigma 2
l_jacobian=1.00 l_label=1.00 l_log_likelihood=0.20 l_smoothness=1.00 
tol=2.50e-01, dt=5.00e-02, exp_k=20.0, momentum=0.90, levels=6, niter=500, lbl_dist=10.00, avgs=1, sigma=2.0,type=2, relabel=0, neg=yes

blurring input image with Gaussian with sigma=2.000...
GCAMRegisterLevel(): init RMS 0.469285
iter 0, gcam->neg = 1
after 0 iterations, nbhd size=0, neg = 0



#GCAMreg# pass 0 level1 1 level2 1 tsec 41.584 sigma 0.5
l_jacobian=1.00 l_label=1.00 l_log_likelihood=0.20 l_smoothness=1.00 
tol=2.50e-01, dt=5.00e-02, exp_k=20.0, momentum=0.90, levels=6, niter=500, lbl_dist=10.00, avgs=1, sigma=0.5,type=2, relabel=0, neg=yes

blurring input image with Gaussian with sigma=0.500...
GCAMRegisterLevel(): init RMS 0.468136



resetting metric properties...
setting smoothness cost coefficient to 2.000

#GCAMreg# pass 0 level1 0 level2 0 tsec 0 sigma 2
l_jacobian=1.00 l_label=1.00 l_log_likelihood=0.20 l_smoothness=2.00 
tol=2.50e-01, dt=5.00e-02, exp_k=20.0, momentum=0.90, levels=6, niter=500, lbl_dist=10.00, avgs=0, sigma=2.0,type=2, relabel=0, neg=yes

blurring input image with Gaussian with sigma=2.000...
GCAMRegisterLevel(): init RMS 0.457377
iter 0, gcam->neg = 436
after 15 iterations, nbhd size=1, neg = 0



#GCAMreg# pass 0 level1 0 level2 1 tsec 43.299 sigma 0.5
l_jacobian=1.00 l_label=1.00 l_log_likelihood=0.20 l_smoothness=2.00 
tol=2.50e-01, dt=5.00e-02, exp_k=20.0, momentum=0.90, levels=6, niter=500, lbl_dist=10.00, avgs=0, sigma=0.5,type=2, relabel=0, neg=yes

blurring input image with Gaussian with sigma=0.500...
GCAMRegisterLevel(): init RMS 0.433838


label assignment complete, 0 changed (0.00%)
GCAMregister done in 13.2199 min
Starting GCAMcomputeMaxPriorLabels()
Morphing with label term set to 0 *******************************
Starting GCAMregister()
label assignment complete, 0 changed (0.00%)
npasses = 1, nlevels = 6
#pass# 1 of 1 ************************
enabling zero nodes
setting smoothness cost coefficient to 0.008

#GCAMreg# pass 0 level1 5 level2 0 tsec 0 sigma 2
l_jacobian=1.00 l_log_likelihood=0.20 l_smoothness=0.01 
tol=2.50e-01, dt=5.00e-02, exp_k=20.0, momentum=0.90, levels=6, niter=500, lbl_dist=10.00, avgs=256, sigma=2.0,type=2, relabel=0, neg=yes

blurring input image with Gaussian with sigma=2.000...
GCAMRegisterLevel(): init RMS 0.42129

#GCAMreg# pass 0 level1 5 level2 1 tsec 20.835 sigma 0.5
l_jacobian=1.00 l_log_likelihood=0.20 l_smoothness=0.01 
tol=2.50e-01, dt=5.00e-02, exp_k=20.0, momentum=0.90, levels=6, niter=500, lbl_dist=10.00, avgs=256, sigma=0.5,type=2, relabel=0, neg=yes

blurring input image with Gaussian with sigma=0.500...
GCAMRegisterLevel(): init RMS 0.42129


setting smoothness cost coefficient to 0.031

#GCAMreg# pass 0 level1 4 level2 0 tsec 0 sigma 2
l_jacobian=1.00 l_log_likelihood=0.20 l_smoothness=0.03 
tol=2.50e-01, dt=5.00e-02, exp_k=20.0, momentum=0.90, levels=6, niter=500, lbl_dist=10.00, avgs=64, sigma=2.0,type=2, relabel=0, neg=yes

blurring input image with Gaussian with sigma=2.000...
GCAMRegisterLevel(): init RMS 0.421429

#GCAMreg# pass 0 level1 4 level2 1 tsec 18.336 sigma 0.5
l_jacobian=1.00 l_log_likelihood=0.20 l_smoothness=0.03 
tol=2.50e-01, dt=5.00e-02, exp_k=20.0, momentum=0.90, levels=6, niter=500, lbl_dist=10.00, avgs=64, sigma=0.5,type=2, relabel=0, neg=yes

blurring input image with Gaussian with sigma=0.500...
GCAMRegisterLevel(): init RMS 0.421429










setting smoothness cost coefficient to 0.118

#GCAMreg# pass 0 level1 3 level2 0 tsec 0 sigma 2
l_jacobian=1.00 l_log_likelihood=0.20 l_smoothness=0.12 
tol=2.50e-01, dt=5.00e-02, exp_k=20.0, momentum=0.90, levels=6, niter=500, lbl_dist=10.00, avgs=16, sigma=2.0,type=2, relabel=0, neg=yes

blurring input image with Gaussian with sigma=2.000...
GCAMRegisterLevel(): init RMS 0.420633

