GCCcore/11.3.0
zlib/1.2.12-GCCcore-11.3.0
binutils/2.38-GCCcore-11.3.0
GCC/11.3.0
numactl/2.0.14-GCCcore-11.3.0
XZ/5.2.5-GCCcore-11.3.0
libxml2/2.9.13-GCCcore-11.3.0
libpciaccess/0.16-GCCcore-11.3.0
hwloc/2.7.1-GCCcore-11.3.0
OpenSSL/1.1
libevent/2.1.12-GCCcore-11.3.0
UCX/1.12.1-GCCcore-11.3.0
libfabric/1.15.1-GCCcore-11.3.0
PMIx/4.1.2-GCCcore-11.3.0
UCC/1.0.0-GCCcore-11.3.0
OpenMPI/4.1.4-GCC-11.3.0
OpenBLAS/0.3.20-GCC-11.3.0
FlexiBLAS/3.2.0-GCC-11.3.0
FFTW/3.3.10-GCC-11.3.0
gompi/2022a
FFTW.MPI/3.3.10-gompi-2022a
ScaLAPACK/2.2.0-gompi-2022a-fb
foss/2022a
bzip2/1.0.8-GCCcore-11.3.0
ncurses/6.3-GCCcore-11.3.0
libreadline/8.1.2-GCCcore-11.3.0
ncurses/6.3-GCCcore-11.3.0
Tcl/8.6.12-GCCcore-11.3.0
SQLite/3.38.3-GCCcore-11.3.0
GMP/6.2.1-GCCcore-11.3.0
libffi/3.4.2-GCCcore-11.3.0
Python/3.10.4-GCCcore-11.3.0
pybind11/2.9.2-GCCcore-11.3.0
SciPy-bundle/2022.05-foss-2022a
libxml2/2.9.13-GCCcore-11.3.0
libxslt/1.1.34-GCCcore-11.3.0
libpng/1.6.37-GCCcore-11.3.0
Brotli/1.0.9-GCCcore-11.3.0
freetype/2.12.1-GCCcore-11.3.0
expat/2.4.8-GCCcore-11.3.0
util-linux/2.38-GCCcore-11.3.0
fontconfig/2.14.0-GCCcore-11.3.0
xorg-macros/1.19.3-GCCcore-11.3.0
X11/20220504-GCCcore-11.3.0
Tk/8.6.12-GCCcore-11.3.0
Tkinter/3.10.4-GCCcore-11.3.0
NASM/2.15.05-GCCcore-11.3.0
libjpeg-turbo/2.1.3-GCCcore-11.3.0
jbigkit/2.1-GCCcore-11.3.0
gzip/1.12-GCCcore-11.3.0
lz4/1.9.3-GCCcore-11.3.0
zstd/1.5.2-GCCcore-11.3.0
libdeflate/1.10-GCCcore-11.3.0
LibTIFF/4.3.0-GCCcore-11.3.0
Pillow/9.1.1-GCCcore-11.3.0
Qhull/2020.2-GCCcore-11.3.0
matplotlib/3.5.2-foss-2022a
tqdm/4.64.0-GCCcore-11.3.0
scikit-learn/1.1.2-foss-2022a
LLVM/12.0.1-GCCcore-11.3.0
numba/0.56.4-foss-2022a
pydicom/2.3.0-GCCcore-11.3.0
NiBabel/4.0.2-foss-2022a
Szip/2.1.1-GCCcore-11.3.0
HDF5/1.12.2-gompi-2022a
h5py/3.7.0-foss-2022a
imageio/2.22.2-foss-2022a
libdrm/2.4.110-GCCcore-11.3.0
libglvnd/1.4.0-GCCcore-11.3.0
libunwind/1.6.2-GCCcore-11.3.0
Mesa/22.0.3-GCCcore-11.3.0
libGLU/9.0.2-GCCcore-11.3.0
VTK/9.2.2-foss-2022a
MNE-Python/1.3.1-foss-2022a
MCR/R2019b.8
FreeSurfer/7.4.1-centos8_x86_64
fs-check-version --s sub-CC120276_T1w --o /tmp/tmp.V0ow3j
Mon Sep 23 17:52:06 BST 2024

setenv SUBJECTS_DIR /rds/projects/q/quinna-camcan/cc700/mri/pipeline/release004/BIDS_20190411/anat
cd /rds/projects/q/quinna-camcan/ghafarit-scripts/github/camcan-laterality/mne_python/source
/rds/bear-apps/2022a/EL8-ice/software/FreeSurfer/7.4.1-centos8_x86_64/bin/fs-check-version --s sub-CC120276_T1w --o /tmp/tmp.V0ow3j
-rwxrwxr-x 1 branfosj-admin build 18565 Jun 14  2023 /rds/bear-apps/2022a/EL8-ice/software/FreeSurfer/7.4.1-centos8_x86_64/bin/fs-check-version

freesurfer-linux-centos8_x86_64-7.4.1-20230613-7eb8460
$Id$
Linux bear-pg0210u07a.bear.cluster 4.18.0-372.32.1.el8_6.x86_64 #1 SMP Fri Oct 7 12:35:10 EDT 2022 x86_64 x86_64 x86_64 GNU/Linux
pid 1328167
Current FS Version freesurfer-linux-centos8_x86_64-7.4.1-20230613-7eb8460
Subject does not have a bstampfile, copying /rds/bear-apps/2022a/EL8-ice/software/FreeSurfer/7.4.1-centos8_x86_64/build-stamp.txt
Subject FS Version: freesurfer-linux-centos8_x86_64-7.4.1-20230613-7eb8460
No constraints on version because REQ=UnSet and FsVerFile=NotThere
#@#% fs-check-version match = 1
fs-check-version Done
INFO: SUBJECTS_DIR is /rds/projects/q/quinna-camcan/cc700/mri/pipeline/release004/BIDS_20190411/anat
Actual FREESURFER_HOME /rds/bear-apps/2022a/EL8-ice/software/FreeSurfer/7.4.1-centos8_x86_64
Linux bear-pg0210u07a.bear.cluster 4.18.0-372.32.1.el8_6.x86_64 #1 SMP Fri Oct 7 12:35:10 EDT 2022 x86_64 x86_64 x86_64 GNU/Linux
/rds/projects/q/quinna-camcan/cc700/mri/pipeline/release004/BIDS_20190411/anat/sub-CC120276_T1w

 mri_convert /rds/projects/q/quinna-camcan/cc700/mri/pipeline/release004/BIDS_20190411/anat/sub-CC120276/anat/sub-CC120276_T1w.nii.gz /rds/projects/q/quinna-camcan/cc700/mri/pipeline/release004/BIDS_20190411/anat/sub-CC120276_T1w/mri/orig/001.mgz 

mri_convert /rds/projects/q/quinna-camcan/cc700/mri/pipeline/release004/BIDS_20190411/anat/sub-CC120276/anat/sub-CC120276_T1w.nii.gz /rds/projects/q/quinna-camcan/cc700/mri/pipeline/release004/BIDS_20190411/anat/sub-CC120276_T1w/mri/orig/001.mgz 
reading from /rds/projects/q/quinna-camcan/cc700/mri/pipeline/release004/BIDS_20190411/anat/sub-CC120276/anat/sub-CC120276_T1w.nii.gz...
TR=0.00, TE=0.00, TI=0.00, flip angle=0.00
i_ras = (-0.003515, -0.999994, 0)
j_ras = (0.013944, -4.8995e-05, 0.999903)
k_ras = (0.999897, -0.00351501, -0.013944)
writing to /rds/projects/q/quinna-camcan/cc700/mri/pipeline/release004/BIDS_20190411/anat/sub-CC120276_T1w/mri/orig/001.mgz...
@#@FSTIME  2024:09:23:17:52:14 mri_convert N 2 e 4.35 S 0.03 U 4.26 P 98% M 54612 F 0 R 1354 W 0 c 3 w 23 I 0 O 0 L 29.15 28.05 28.81
@#@FSLOADPOST 2024:09:23:17:52:19 mri_convert N 2 29.15 28.05 28.81
#--------------------------------------------
#@# MotionCor Mon Sep 23 17:52:19 BST 2024
Found 1 runs
/rds/projects/q/quinna-camcan/cc700/mri/pipeline/release004/BIDS_20190411/anat/sub-CC120276_T1w/mri/orig/001.mgz
Checking for (invalid) multi-frame inputs...
Only one run found so motion
correction will not be performed. I'll
copy the run to rawavg and continue.

 cp /rds/projects/q/quinna-camcan/cc700/mri/pipeline/release004/BIDS_20190411/anat/sub-CC120276_T1w/mri/orig/001.mgz /rds/projects/q/quinna-camcan/cc700/mri/pipeline/release004/BIDS_20190411/anat/sub-CC120276_T1w/mri/rawavg.mgz 


 mri_info /rds/projects/q/quinna-camcan/cc700/mri/pipeline/release004/BIDS_20190411/anat/sub-CC120276_T1w/mri/rawavg.mgz 

rawavg.mgz ========================================
Volume information for /rds/projects/q/quinna-camcan/cc700/mri/pipeline/release004/BIDS_20190411/anat/sub-CC120276_T1w/mri/rawavg.mgz
          type: MGH
    dimensions: 256 x 256 x 192
   voxel sizes: 1.000000, 1.000000, 1.000000
          type: FLOAT (3)
           fov: 256.000
           dof: 1
        xstart: -128.0, xend: 128.0
        ystart: -128.0, yend: 128.0
        zstart: -96.0, zend: 96.0
            TR: 0.00 msec, TE: 0.00 msec, TI: 0.00 msec, flip angle: 0.00 degrees
       nframes: 1
       PhEncDir: UNKNOWN
       FieldStrength: 0.000000
ras xform present
    xform info: x_r =  -0.0035, y_r =   0.0139, z_r =   0.9999, c_r =     1.7977
              : x_a =  -1.0000, y_a =  -0.0000, z_a =  -0.0035, c_a =    13.0972
              : x_s =   0.0000, y_s =   0.9999, z_s =  -0.0139, c_s =    -0.1874

talairach xfm : 
Orientation   : PSR
Primary Slice Direction: sagittal

voxel to ras transform:
               -0.0035   0.0139   0.9999   -95.5273
               -1.0000  -0.0000  -0.0035   141.4402
                0.0000   0.9999  -0.0139  -126.8363
                0.0000   0.0000   0.0000     1.0000

voxel-to-ras determinant -1

ras to voxel transform:
               -0.0035  -1.0000   0.0000   141.1034
                0.0139  -0.0000   0.9999   128.1629
                0.9999  -0.0035  -0.0139    94.2459
               -0.0000  -0.0000  -0.0000     1.0000
/rds/projects/q/quinna-camcan/cc700/mri/pipeline/release004/BIDS_20190411/anat/sub-CC120276_T1w

 mri_convert /rds/projects/q/quinna-camcan/cc700/mri/pipeline/release004/BIDS_20190411/anat/sub-CC120276_T1w/mri/rawavg.mgz /rds/projects/q/quinna-camcan/cc700/mri/pipeline/release004/BIDS_20190411/anat/sub-CC120276_T1w/mri/orig.mgz --conform 

mri_convert /rds/projects/q/quinna-camcan/cc700/mri/pipeline/release004/BIDS_20190411/anat/sub-CC120276_T1w/mri/rawavg.mgz /rds/projects/q/quinna-camcan/cc700/mri/pipeline/release004/BIDS_20190411/anat/sub-CC120276_T1w/mri/orig.mgz --conform 
reading from /rds/projects/q/quinna-camcan/cc700/mri/pipeline/release004/BIDS_20190411/anat/sub-CC120276_T1w/mri/rawavg.mgz...
TR=0.00, TE=0.00, TI=0.00, flip angle=0.00
i_ras = (-0.003515, -0.999994, 0)
j_ras = (0.013944, -4.8995e-05, 0.999903)
k_ras = (0.999897, -0.00351501, -0.013944)
changing data type from float to uchar (noscale = 0)...
MRIchangeType: Building histogram 0 793 1000, flo=0, fhi=0.999, dest_type=0
Reslicing using trilinear interpolation 
writing to /rds/projects/q/quinna-camcan/cc700/mri/pipeline/release004/BIDS_20190411/anat/sub-CC120276_T1w/mri/orig.mgz...
@#@FSTIME  2024:09:23:17:52:23 mri_convert N 3 e 3.44 S 0.03 U 3.39 P 99% M 66872 F 0 R 6617 W 0 c 6 w 13 I 0 O 0 L 29.14 28.07 28.81
@#@FSLOADPOST 2024:09:23:17:52:27 mri_convert N 3 29.29 28.12 28.83

 mri_add_xform_to_header -c /rds/projects/q/quinna-camcan/cc700/mri/pipeline/release004/BIDS_20190411/anat/sub-CC120276_T1w/mri/transforms/talairach.xfm /rds/projects/q/quinna-camcan/cc700/mri/pipeline/release004/BIDS_20190411/anat/sub-CC120276_T1w/mri/orig.mgz /rds/projects/q/quinna-camcan/cc700/mri/pipeline/release004/BIDS_20190411/anat/sub-CC120276_T1w/mri/orig.mgz 

INFO: extension is mgz
@#@FSTIME  2024:09:23:17:52:27 mri_add_xform_to_header N 4 e 1.17 S 0.02 U 1.15 P 99% M 21536 F 0 R 1303 W 0 c 2 w 14 I 0 O 0 L 29.29 28.12 28.83
@#@FSLOADPOST 2024:09:23:17:52:28 mri_add_xform_to_header N 4 29.29 28.12 28.83

 mri_info /rds/projects/q/quinna-camcan/cc700/mri/pipeline/release004/BIDS_20190411/anat/sub-CC120276_T1w/mri/orig.mgz 

orig.mgz ========================================
Volume information for /rds/projects/q/quinna-camcan/cc700/mri/pipeline/release004/BIDS_20190411/anat/sub-CC120276_T1w/mri/orig.mgz
          type: MGH
    dimensions: 256 x 256 x 256
   voxel sizes: 1.000000, 1.000000, 1.000000
          type: UCHAR (0)
           fov: 256.000
           dof: 1
        xstart: -128.0, xend: 128.0
        ystart: -128.0, yend: 128.0
        zstart: -128.0, zend: 128.0
            TR: 0.00 msec, TE: 0.00 msec, TI: 0.00 msec, flip angle: 0.00 degrees
       nframes: 1
       PhEncDir: UNKNOWN
       FieldStrength: 0.000000
ras xform present
    xform info: x_r =  -1.0000, y_r =   0.0000, z_r =   0.0000, c_r =     1.7977
              : x_a =   0.0000, y_a =   0.0000, z_a =   1.0000, c_a =    13.0972
              : x_s =   0.0000, y_s =  -1.0000, z_s =   0.0000, c_s =    -0.1873

talairach xfm : /rds/projects/q/quinna-camcan/cc700/mri/pipeline/release004/BIDS_20190411/anat/sub-CC120276_T1w/mri/transforms/talairach.xfm
Orientation   : LIA
Primary Slice Direction: coronal

voxel to ras transform:
               -1.0000   0.0000   0.0000   129.7977
                0.0000   0.0000   1.0000  -114.9028
                0.0000  -1.0000   0.0000   127.8126
                0.0000   0.0000   0.0000     1.0000

voxel-to-ras determinant -1

ras to voxel transform:
               -1.0000  -0.0000  -0.0000   129.7977
               -0.0000  -0.0000  -1.0000   127.8127
               -0.0000   1.0000  -0.0000   114.9028
               -0.0000  -0.0000  -0.0000     1.0000
#--------------------------------------------
#@# Talairach Mon Sep 23 17:52:28 BST 2024
/rds/projects/q/quinna-camcan/cc700/mri/pipeline/release004/BIDS_20190411/anat/sub-CC120276_T1w/mri

 mri_nu_correct.mni --no-rescale --i orig.mgz --o orig_nu.mgz --ants-n4 --n 1 --proto-iters 1000 --distance 50 

/usr/bin/bc
/rds/projects/q/quinna-camcan/cc700/mri/pipeline/release004/BIDS_20190411/anat/sub-CC120276_T1w/mri
/rds/bear-apps/2022a/EL8-ice/software/FreeSurfer/7.4.1-centos8_x86_64/bin/mri_nu_correct.mni
--no-rescale --i orig.mgz --o orig_nu.mgz --ants-n4 --n 1 --proto-iters 1000 --distance 50
nIters 1
mri_nu_correct.mni 7.4.1
Linux bear-pg0210u07a.bear.cluster 4.18.0-372.32.1.el8_6.x86_64 #1 SMP Fri Oct 7 12:35:10 EDT 2022 x86_64 x86_64 x86_64 GNU/Linux
Mon Sep 23 17:52:29 BST 2024
tmpdir is ./tmp.mri_nu_correct.mni.1329454
cd /rds/projects/q/quinna-camcan/cc700/mri/pipeline/release004/BIDS_20190411/anat/sub-CC120276_T1w/mri
AntsN4BiasFieldCorrectionFs -i orig.mgz -o ./tmp.mri_nu_correct.mni.1329454/nu0.mgz --dtype uchar
AntsN4BiasFieldCorrectionFs done
mri_convert ./tmp.mri_nu_correct.mni.1329454/nu0.mgz orig_nu.mgz --like orig.mgz --conform
mri_convert ./tmp.mri_nu_correct.mni.1329454/nu0.mgz orig_nu.mgz --like orig.mgz --conform 
reading from ./tmp.mri_nu_correct.mni.1329454/nu0.mgz...
TR=0.00, TE=0.00, TI=0.00, flip angle=0.00
i_ras = (-1, 0, 0)
j_ras = (9.31323e-10, 0, -1)
k_ras = (0, 1, 0)
INFO: transform src into the like-volume: orig.mgz
writing to orig_nu.mgz...
 
 
Mon Sep 23 17:54:19 BST 2024
mri_nu_correct.mni done
@#@FSTIME  2024:09:23:17:52:28 mri_nu_correct.mni N 12 e 110.52 S 0.47 U 109.70 P 99% M 517280 F 0 R 30833 W 0 c 78 w 254 I 0 O 0 L 29.29 28.12 28.83
@#@FSLOADPOST 2024:09:23:17:54:19 mri_nu_correct.mni N 12 31.14 29.26 29.17

 talairach_avi --i orig_nu.mgz --xfm transforms/talairach.auto.xfm 

talairach_avi log file is transforms/talairach_avi.log...
mv -f /rds/projects/q/quinna-camcan/cc700/mri/pipeline/release004/BIDS_20190411/anat/sub-CC120276_T1w/mri/talsrcimg_to_711-2C_as_mni_average_305_t4_vox2vox.txt /rds/projects/q/quinna-camcan/cc700/mri/pipeline/release004/BIDS_20190411/anat/sub-CC120276_T1w/mri/transforms/talsrcimg_to_711-2C_as_mni_average_305_t4_vox2vox.txt
Started at Mon Sep 23 17:54:19 BST 2024
Ended   at Mon Sep 23 17:54:36 BST 2024
talairach_avi done
@#@FSTIME  2024:09:23:17:54:19 talairach_avi N 4 e 16.82 S 1.08 U 9.68 P 64% M 255980 F 0 R 37946 W 0 c 49 w 446 I 0 O 32 L 31.14 29.26 29.17
@#@FSLOADPOST 2024:09:23:17:54:36 talairach_avi N 4 30.78 29.31 29.19

 cp transforms/talairach.auto.xfm transforms/talairach.xfm 

lta_convert --src orig.mgz --trg /rds/bear-apps/2022a/EL8-ice/software/FreeSurfer/7.4.1-centos8_x86_64/average/mni305.cor.mgz --inxfm transforms/talairach.xfm --outlta transforms/talairach.xfm.lta --subject fsaverage --ltavox2vox
7.4.1

--src: orig.mgz src image (geometry).
--trg: /rds/bear-apps/2022a/EL8-ice/software/FreeSurfer/7.4.1-centos8_x86_64/average/mni305.cor.mgz trg image (geometry).
--inmni: transforms/talairach.xfm input MNI/XFM transform.
--outlta: transforms/talairach.xfm.lta output LTA.
--s: fsaverage subject name
--ltavox2vox: output LTA as VOX_TO_VOX transform.
 LTA read, type : 1
 1.09565  -0.04607  -0.03380   0.67053;
 0.04126   1.01834   0.10198  -29.98405;
 0.02462  -0.04778   1.16313   27.09950;
 0.00000   0.00000   0.00000   1.00000;
setting subject to fsaverage
Writing  LTA to file transforms/talairach.xfm.lta...
lta_convert successful.
/rds/projects/q/quinna-camcan/cc700/mri/pipeline/release004/BIDS_20190411/anat/sub-CC120276_T1w/mri/transforms /rds/projects/q/quinna-camcan/cc700/mri/pipeline/release004/BIDS_20190411/anat/sub-CC120276_T1w/mri 
/rds/projects/q/quinna-camcan/cc700/mri/pipeline/release004/BIDS_20190411/anat/sub-CC120276_T1w/mri 
#--------------------------------------------
#@# Nu Intensity Correction Mon Sep 23 17:54:38 BST 2024

 mri_nu_correct.mni --i orig.mgz --o nu.mgz --uchar transforms/talairach.xfm --n 2 --ants-n4 

/usr/bin/bc
/rds/projects/q/quinna-camcan/cc700/mri/pipeline/release004/BIDS_20190411/anat/sub-CC120276_T1w/mri
/rds/bear-apps/2022a/EL8-ice/software/FreeSurfer/7.4.1-centos8_x86_64/bin/mri_nu_correct.mni
--i orig.mgz --o nu.mgz --uchar transforms/talairach.xfm --n 2 --ants-n4
nIters 2
mri_nu_correct.mni 7.4.1
Linux bear-pg0210u07a.bear.cluster 4.18.0-372.32.1.el8_6.x86_64 #1 SMP Fri Oct 7 12:35:10 EDT 2022 x86_64 x86_64 x86_64 GNU/Linux
Mon Sep 23 17:54:38 BST 2024
tmpdir is ./tmp.mri_nu_correct.mni.1331826
cd /rds/projects/q/quinna-camcan/cc700/mri/pipeline/release004/BIDS_20190411/anat/sub-CC120276_T1w/mri
AntsN4BiasFieldCorrectionFs -i orig.mgz -o ./tmp.mri_nu_correct.mni.1331826/nu0.mgz --dtype uchar
AntsN4BiasFieldCorrectionFs done
mri_binarize --i ./tmp.mri_nu_correct.mni.1331826/nu0.mgz --min -1 --o ./tmp.mri_nu_correct.mni.1331826/ones.mgz

7.4.1
cwd /rds/projects/q/quinna-camcan/cc700/mri/pipeline/release004/BIDS_20190411/anat/sub-CC120276_T1w/mri
cmdline mri_binarize --i ./tmp.mri_nu_correct.mni.1331826/nu0.mgz --min -1 --o ./tmp.mri_nu_correct.mni.1331826/ones.mgz 
sysname  Linux
hostname bear-pg0210u07a.bear.cluster
machine  x86_64
user     ghafarit

input      ./tmp.mri_nu_correct.mni.1331826/nu0.mgz
frame      0
nErode3d   0
nErode2d   0
output     ./tmp.mri_nu_correct.mni.1331826/ones.mgz
Binarizing based on threshold
min        -1
max        +infinity
binval        1
binvalnot     0
fstart = 0, fend = 0, nframes = 1
Starting parallel 1
Found 16777216 values in range
Counting number of voxels in first frame
Found 16777215 voxels in final mask
Writing output to ./tmp.mri_nu_correct.mni.1331826/ones.mgz
Count: 16777215 16777215.000000 16777216 99.999994
mri_binarize done
mri_segstats --id 1 --seg ./tmp.mri_nu_correct.mni.1331826/ones.mgz --i orig.mgz --sum ./tmp.mri_nu_correct.mni.1331826/sum.junk --avgwf ./tmp.mri_nu_correct.mni.1331826/input.mean.dat

7.4.1
cwd 
cmdline mri_segstats --id 1 --seg ./tmp.mri_nu_correct.mni.1331826/ones.mgz --i orig.mgz --sum ./tmp.mri_nu_correct.mni.1331826/sum.junk --avgwf ./tmp.mri_nu_correct.mni.1331826/input.mean.dat 
sysname  Linux
hostname bear-pg0210u07a.bear.cluster
machine  x86_64
user     ghafarit
whitesurfname  white
UseRobust  0
Loading ./tmp.mri_nu_correct.mni.1331826/ones.mgz
Loading orig.mgz
Voxel Volume is 1 mm^3
Generating list of segmentation ids
Found   1 segmentations
Computing statistics for each segmentation

Reporting on   1 segmentations
Using PrintSegStat
Computing spatial average of each frame

Writing to ./tmp.mri_nu_correct.mni.1331826/input.mean.dat
mri_segstats done
mri_segstats --id 1 --seg ./tmp.mri_nu_correct.mni.1331826/ones.mgz --i ./tmp.mri_nu_correct.mni.1331826/nu0.mgz --sum ./tmp.mri_nu_correct.mni.1331826/sum.junk --avgwf ./tmp.mri_nu_correct.mni.1331826/output.mean.dat

7.4.1
cwd 
cmdline mri_segstats --id 1 --seg ./tmp.mri_nu_correct.mni.1331826/ones.mgz --i ./tmp.mri_nu_correct.mni.1331826/nu0.mgz --sum ./tmp.mri_nu_correct.mni.1331826/sum.junk --avgwf ./tmp.mri_nu_correct.mni.1331826/output.mean.dat 
sysname  Linux
hostname bear-pg0210u07a.bear.cluster
machine  x86_64
user     ghafarit
whitesurfname  white
UseRobust  0
Loading ./tmp.mri_nu_correct.mni.1331826/ones.mgz
Loading ./tmp.mri_nu_correct.mni.1331826/nu0.mgz
Voxel Volume is 1 mm^3
Generating list of segmentation ids
Found   1 segmentations
Computing statistics for each segmentation

Reporting on   1 segmentations
Using PrintSegStat
Computing spatial average of each frame

Writing to ./tmp.mri_nu_correct.mni.1331826/output.mean.dat
mri_segstats done
mris_calc -o ./tmp.mri_nu_correct.mni.1331826/nu0.mgz ./tmp.mri_nu_correct.mni.1331826/nu0.mgz mul 1.10063273594049408846
Saving result to './tmp.mri_nu_correct.mni.1331826/nu0.mgz' (type = MGH )                       [ ok ]
mri_convert ./tmp.mri_nu_correct.mni.1331826/nu0.mgz nu.mgz --like orig.mgz
mri_convert ./tmp.mri_nu_correct.mni.1331826/nu0.mgz nu.mgz --like orig.mgz 
reading from ./tmp.mri_nu_correct.mni.1331826/nu0.mgz...
TR=0.00, TE=0.00, TI=0.00, flip angle=0.00
i_ras = (-1, 0, 0)
j_ras = (9.31323e-10, 0, -1)
k_ras = (0, 1, 0)
INFO: transform src into the like-volume: orig.mgz
writing to nu.mgz...
mri_make_uchar nu.mgz transforms/talairach.xfm nu.mgz
type change took 0 minutes and 3 seconds.
FIRST_PERCENTILE 0.010000
WM_PERCENTILE    0.900000
MAX_R 50.000000
i1 = 2, i2 = 50
#mri_make_uchar# mapping  5 125 to  3 110  :  b -1.92708 m 0.893611 : thresh 2.15651 maxsat 287.515 : nzero 12601811 nsat 0
 
 
Mon Sep 23 17:56:41 BST 2024
mri_nu_correct.mni done
@#@FSTIME  2024:09:23:17:54:38 mri_nu_correct.mni N 9 e 123.15 S 0.91 U 121.86 P 99% M 612148 F 0 R 175472 W 0 c 114 w 621 I 0 O 0 L 30.78 29.31 29.19
@#@FSLOADPOST 2024:09:23:17:56:41 mri_nu_correct.mni N 9 31.94 30.13 29.50

 mri_add_xform_to_header -c /rds/projects/q/quinna-camcan/cc700/mri/pipeline/release004/BIDS_20190411/anat/sub-CC120276_T1w/mri/transforms/talairach.xfm nu.mgz nu.mgz 

INFO: extension is mgz
@#@FSTIME  2024:09:23:17:56:42 mri_add_xform_to_header N 4 e 0.34 S 0.01 U 0.33 P 99% M 21540 F 0 R 1311 W 0 c 4 w 12 I 0 O 0 L 31.94 30.13 29.50
@#@FSLOADPOST 2024:09:23:17:56:42 mri_add_xform_to_header N 4 31.94 30.13 29.50
#--------------------------------------------
#@# Intensity Normalization Mon Sep 23 17:56:42 BST 2024
/rds/projects/q/quinna-camcan/cc700/mri/pipeline/release004/BIDS_20190411/anat/sub-CC120276_T1w/mri

 mri_normalize -g 1 -seed 1234 -mprage nu.mgz T1.mgz 

using max gradient = 1.000
setting seed for random number genererator to 1234
assuming input volume is MGH (Van der Kouwe) MP-RAGE
reading mri_src from nu.mgz...
normalizing image...
NOT doing gentle normalization with control points/label
talairach transform
 1.09565  -0.04607  -0.03380   0.67053;
 0.04126   1.01834   0.10198  -29.98405;
 0.02462  -0.04778   1.16313   27.09950;
 0.00000   0.00000   0.00000   1.00000;
processing without aseg, no1d=0
MRInormInit(): 
INFO: Modifying talairach volume c_(r,a,s) based on average_305
MRInormalize(): 
MRIsplineNormalize(): npeaks = 19
Starting OpenSpline(): npoints = 19
building Voronoi diagram...
performing soap bubble smoothing, sigma = 8...

Iterating 2 times
---------------------------------
3d normalization pass 1 of 2
white matter peak found at 110
white matter peak found at 110
gm peak at 79 (79), valley at 37 (37)
csf peak at 40, setting threshold to 66
building Voronoi diagram...
performing soap bubble smoothing, sigma = 8...
---------------------------------
3d normalization pass 2 of 2
white matter peak found at 110
white matter peak found at 110
gm peak at 80 (80), valley at 38 (38)
csf peak at 40, setting threshold to 66
building Voronoi diagram...
performing soap bubble smoothing, sigma = 8...
Done iterating ---------------------------------
writing output to T1.mgz
3D bias adjustment took 1 minutes and 11 seconds.
@#@FSTIME  2024:09:23:17:56:42 mri_normalize N 7 e 71.62 S 0.14 U 71.30 P 99% M 583964 F 0 R 12421 W 0 c 57 w 11 I 0 O 0 L 31.94 30.13 29.50
@#@FSLOADPOST 2024:09:23:17:57:54 mri_normalize N 7 31.13 30.26 29.59
#--------------------------------------------
#@# Skull Stripping Mon Sep 23 17:57:54 BST 2024
/rds/projects/q/quinna-camcan/cc700/mri/pipeline/release004/BIDS_20190411/anat/sub-CC120276_T1w/mri

 mri_em_register -skull nu.mgz /rds/bear-apps/2022a/EL8-ice/software/FreeSurfer/7.4.1-centos8_x86_64/average/RB_all_withskull_2020_01_02.gca transforms/talairach_with_skull.lta 

aligning to atlas containing skull, setting unknown_nbr_spacing = 5

== Number of threads available to mri_em_register for OpenMP = 1 == 
reading 1 input volumes...
logging results to talairach_with_skull.log
reading '/rds/bear-apps/2022a/EL8-ice/software/FreeSurfer/7.4.1-centos8_x86_64/average/RB_all_withskull_2020_01_02.gca'...
GCAread took 0 minutes and 1 seconds.
average std = 23.0   using min determinant for regularization = 52.8
0 singular and 9205 ill-conditioned covariance matrices regularized
reading 'nu.mgz'...
freeing gibbs priors...done.
accounting for voxel sizes in initial transform
bounding unknown intensity as < 8.9 or > 556.0 
total sample mean = 77.3 (1403 zeros)
************************************************
spacing=8, using 3292 sample points, tol=1.00e-05...
************************************************
register_mri: find_optimal_transform
find_optimal_transform: nsamples 3292, passno 0, spacing 8
resetting wm mean[0]: 100 --> 108
resetting gm mean[0]: 61 --> 61
input volume #1 is the most T1-like
using real data threshold=6.0
skull bounding box = (53, 68, 25) --> (210, 255, 233)
finding center of left hemi white matter
using (105, 130, 129) as brain centroid of Right_Cerebral_White_Matter...
MRImask(): AllowDiffGeom = 1
mean wm in atlas = 108, using box (86,107,103) --> (124, 153,154) to find MRI wm
before smoothing, mri peak at 108
robust fit to distribution - 107 +- 4.2
after smoothing, mri peak at 108, scaling input intensities by 1.000
scaling channel 0 by 1
initial log_p = -4.762
************************************************
First Search limited to translation only.
************************************************
max log p =    -4.483105 @ (-10.526, -31.579, -10.526)
max log p =    -4.332571 @ (5.263, 5.263, -5.263)
max log p =    -4.332571 @ (0.000, 0.000, 0.000)
max log p =    -4.322533 @ (-1.316, -1.316, -1.316)
max log p =    -4.314501 @ (1.974, 0.658, 0.658)
max log p =    -4.307832 @ (-2.303, -2.303, -0.987)
max log p =    -4.307832 @ (0.000, 0.000, 0.000)
max log p =    -4.307832 @ (0.000, 0.000, 0.000)
Found translation: (-6.9, -29.3, -17.4): log p = -4.308
****************************************
Nine parameter search.  iteration 0 nscales = 0 ...
****************************************
Result so far: scale 1.000: max_log_p=-4.159, old_max_log_p =-4.308 (thresh=-4.3)
 1.15000   0.00000   0.00000  -26.70945;
 0.00000   1.14016   0.15011  -65.23019;
 0.00000  -0.15011   1.14016  -15.27535;
 0.00000   0.00000   0.00000   1.00000;
iteration took 1 minutes and 8 seconds.
****************************************
Nine parameter search.  iteration 1 nscales = 0 ...
****************************************
Result so far: scale 1.000: max_log_p=-4.150, old_max_log_p =-4.159 (thresh=-4.2)
 1.14016  -0.14882  -0.01959   1.65267;
 0.15011   1.13041   0.14882  -83.27180;
 0.00000  -0.13885   1.05465  -5.79215;
 0.00000   0.00000   0.00000   1.00000;
iteration took 1 minutes and 3 seconds.
****************************************
Nine parameter search.  iteration 2 nscales = 0 ...
****************************************
Result so far: scale 1.000: max_log_p=-4.150, old_max_log_p =-4.150 (thresh=-4.1)
 1.14016  -0.14882  -0.01959   1.65267;
 0.15011   1.13041   0.14882  -83.27180;
 0.00000  -0.13885   1.05465  -5.79215;
 0.00000   0.00000   0.00000   1.00000;
reducing scale to 0.2500
iteration took 1 minutes and 6 seconds.
****************************************
Nine parameter search.  iteration 3 nscales = 1 ...
****************************************
Result so far: scale 0.250: max_log_p=-4.087, old_max_log_p =-4.150 (thresh=-4.1)
 1.10592  -0.00840   0.04274  -23.17881;
-0.00032   1.14913   0.22211  -74.40125;
-0.04689  -0.21630   1.06135   14.06148;
 0.00000   0.00000   0.00000   1.00000;
iteration took 0 minutes and 55 seconds.
****************************************
Nine parameter search.  iteration 4 nscales = 1 ...
****************************************
Result so far: scale 0.250: max_log_p=-4.087, old_max_log_p =-4.087 (thresh=-4.1)
 1.10592  -0.00840   0.04274  -23.17881;
-0.00032   1.14913   0.22211  -74.40125;
-0.04689  -0.21630   1.06135   14.06148;
 0.00000   0.00000   0.00000   1.00000;
reducing scale to 0.0625
iteration took 0 minutes and 55 seconds.
****************************************
Nine parameter search.  iteration 5 nscales = 2 ...
****************************************
Result so far: scale 0.062: max_log_p=-4.069, old_max_log_p =-4.087 (thresh=-4.1)
 1.10238  -0.00253   0.06177  -26.15873;
-0.00934   1.14650   0.22110  -72.66351;
-0.06490  -0.21588   1.05926   16.61182;
 0.00000   0.00000   0.00000   1.00000;
iteration took 0 minutes and 45 seconds.
****************************************
Nine parameter search.  iteration 6 nscales = 2 ...
****************************************
Result so far: scale 0.062: max_log_p=-4.069, old_max_log_p =-4.069 (thresh=-4.1)
 1.10238  -0.00253   0.06177  -26.15873;
-0.00934   1.14650   0.22110  -72.66351;
-0.06490  -0.21588   1.05926   16.61182;
 0.00000   0.00000   0.00000   1.00000;
min search scale 0.025000 reached
***********************************************
Computing MAP estimate using 3292 samples...
***********************************************
dt = 5.00e-06, momentum=0.80, tol=1.00e-05
l_intensity = 1.0000
Aligning input volume to GCA...
Transform matrix
 1.10238  -0.00253   0.06177  -26.15873;
-0.00934   1.14650   0.22110  -72.66351;
-0.06490  -0.21588   1.05926   16.61182;
 0.00000   0.00000   0.00000   1.00000;
nsamples 3292
Quasinewton: input matrix
 1.10238  -0.00253   0.06177  -26.15873;
-0.00934   1.14650   0.22110  -72.66351;
-0.06490  -0.21588   1.05926   16.61182;
 0.00000   0.00000   0.00000   1.00000;
 IFLAG= -1  LINE SEARCH FAILED. SEE DOCUMENTATION OF ROUTINE MCSRCH ERROR RETURN OF LINE SEARCH: INFO= 3 POSSIBLE CAUSES: FUNCTION OR GRADIENT ARE INCORRECT OR INCORRECT TOLERANCESoutof QuasiNewtonEMA: 009: -log(p) =   -0.0  tol 0.000010
Resulting transform:
 1.10238  -0.00253   0.06177  -26.15873;
-0.00934   1.14650   0.22110  -72.66351;
-0.06490  -0.21588   1.05926   16.61182;
 0.00000   0.00000   0.00000   1.00000;

pass 1, spacing 8: log(p) = -4.069 (old=-4.762)
transform before final EM align:
 1.10238  -0.00253   0.06177  -26.15873;
-0.00934   1.14650   0.22110  -72.66351;
-0.06490  -0.21588   1.05926   16.61182;
 0.00000   0.00000   0.00000   1.00000;

**************************************************
 EM alignment process ...
 Computing final MAP estimate using 364986 samples. 
**************************************************
dt = 5.00e-06, momentum=0.80, tol=1.00e-07
l_intensity = 1.0000
Aligning input volume to GCA...
Transform matrix
 1.10238  -0.00253   0.06177  -26.15873;
-0.00934   1.14650   0.22110  -72.66351;
-0.06490  -0.21588   1.05926   16.61182;
 0.00000   0.00000   0.00000   1.00000;
nsamples 364986
Quasinewton: input matrix
 1.10238  -0.00253   0.06177  -26.15873;
-0.00934   1.14650   0.22110  -72.66351;
-0.06490  -0.21588   1.05926   16.61182;
 0.00000   0.00000   0.00000   1.00000;
 IFLAG= -1  LINE SEARCH FAILED. SEE DOCUMENTATION OF ROUTINE MCSRCH ERROR RETURN OF LINE SEARCH: INFO= 6 POSSIBLE CAUSES: FUNCTION OR GRADIENT ARE INCORRECT OR INCORRECT TOLERANCESoutof QuasiNewtonEMA: 011: -log(p) =    4.4  tol 0.000000
final transform:
 1.10238  -0.00253   0.06177  -26.15873;
-0.00934   1.14650   0.22110  -72.66351;
-0.06490  -0.21588   1.05926   16.61182;
 0.00000   0.00000   0.00000   1.00000;

writing output transformation to transforms/talairach_with_skull.lta...
#VMPC# mri_em_register VmPeak  796892
FSRUNTIME@ mri_em_register  0.1239 hours 1 threads
registration took 7 minutes and 26 seconds.
@#@FSTIME  2024:09:23:17:57:54 mri_em_register N 4 e 445.97 S 0.72 U 443.97 P 99% M 627388 F 0 R 116982 W 0 c 1216 w 121 I 0 O 0 L 31.13 30.26 29.59
@#@FSLOADPOST 2024:09:23:18:05:21 mri_em_register N 4 37.00 33.24 31.04

 mri_watershed -T1 -brain_atlas /rds/bear-apps/2022a/EL8-ice/software/FreeSurfer/7.4.1-centos8_x86_64/average/RB_all_withskull_2020_01_02.gca transforms/talairach_with_skull.lta T1.mgz brainmask.auto.mgz 


Mode:          T1 normalized volume
Mode:          Use the information of atlas (default parms, --help for details)

*********************************************************
The input file is T1.mgz
The output file is brainmask.auto.mgz
Weighting the input with atlas information before watershed

*************************WATERSHED**************************
Sorting...
      first estimation of the COG coord: x=131 y=141 z=129 r=72
      first estimation of the main basin volume: 1619806 voxels
      Looking for seedpoints 
        2 found in the cerebellum 
        16 found in the rest of the brain 
      global maximum in x=152, y=128, z=94, Imax=255
      CSF=18, WM_intensity=110, WM_VARIANCE=5
      WM_MIN=110, WM_HALF_MIN=110, WM_HALF_MAX=110, WM_MAX=110 
      preflooding height equal to 10 percent
done.
Analyze...

      main basin size=8666840335 voxels, voxel volume =1.000 
                     = 8666840335 mmm3 = 8666840.064 cm3
done.
PostAnalyze...Basin Prior
 45 basins merged thanks to atlas 
      ***** 0 basin(s) merged in 1 iteration(s)
      ***** 0 voxel(s) added to the main basin
done.
Weighting the input with prior template 

****************TEMPLATE DEFORMATION****************

      second estimation of the COG coord: x=129,y=144, z=121, r=10258 iterations
^^^^^^^^ couldn't find WM with original limits - expanding ^^^^^^

   GLOBAL      CSF_MIN=0, CSF_intensity=5, CSF_MAX=21 , nb = 44172
  RIGHT_CER    CSF_MIN=0, CSF_intensity=3, CSF_MAX=23 , nb = 2340
  LEFT_CER     CSF_MIN=0, CSF_intensity=4, CSF_MAX=20 , nb = 2466
 RIGHT_BRAIN   CSF_MIN=0, CSF_intensity=5, CSF_MAX=22 , nb = 20070
 LEFT_BRAIN    CSF_MIN=0, CSF_intensity=5, CSF_MAX=19 , nb = 18972
    OTHER      CSF_MIN=1, CSF_intensity=2, CSF_MAX=13 , nb = 324
   
                     CSF_MAX  TRANSITION  GM_MIN  GM
    GLOBAL     
  before analyzing :    21,      33,        51,   75
  after  analyzing :    21,      45,        51,   52
   RIGHT_CER   
  before analyzing :    23,      30,        47,   89
  after  analyzing :    23,      41,        47,   53
   LEFT_CER    
  before analyzing :    20,      27,        47,   87
  after  analyzing :    20,      40,        47,   51
  RIGHT_BRAIN  
  before analyzing :    22,      33,        50,   74
  after  analyzing :    22,      44,        50,   51
  LEFT_BRAIN   
  before analyzing :    19,      30,        51,   75
  after  analyzing :    19,      44,        51,   51
     OTHER     
  before analyzing :    13,      11,        4,   63
  after  analyzing :    11,      20,        25,   30
      mri_strip_skull: done peeling brain
      highly tesselated surface with 10242 vertices
      matching...65 iterations

*********************VALIDATION*********************
curvature mean = -0.013, std = 0.010
curvature mean = 70.518, std = 7.603

No Rigid alignment: -atlas Mode Off (basic atlas / no registration)
      before rotation: sse = 2.98, sigma = 4.05
      after  rotation: sse = 2.98, sigma = 4.05
Localization of inacurate regions: Erosion-Dilation steps
      the sse mean is  3.12, its var is  3.93   
      before Erosion-Dilatation  0.44% of inacurate vertices
      after  Erosion-Dilatation  0.00% of inacurate vertices
      Validation of the shape of the surface done.
Scaling of atlas fields onto current surface fields

********FINAL ITERATIVE TEMPLATE DEFORMATION********
Compute Local values csf/gray
Fine Segmentation...43 iterations

      mri_strip_skull: done peeling brain

Brain Size = 1655953 voxels, voxel volume = 1.000 mm3
           = 1655953 mmm3 = 1655.953 cm3


******************************
Saving brainmask.auto.mgz
done
mri_watershed done
@#@FSTIME  2024:09:23:18:05:22 mri_watershed N 6 e 11.50 S 0.30 U 10.83 P 96% M 807652 F 0 R 186517 W 0 c 14 w 58 I 0 O 0 L 37.00 33.24 31.04
@#@FSLOADPOST 2024:09:23:18:05:33 mri_watershed N 6 37.31 33.43 31.13

 cp brainmask.auto.mgz brainmask.mgz 

#-------------------------------------
#@# EM Registration Mon Sep 23 18:05:34 BST 2024
/rds/projects/q/quinna-camcan/cc700/mri/pipeline/release004/BIDS_20190411/anat/sub-CC120276_T1w/mri

 mri_em_register -uns 3 -mask brainmask.mgz nu.mgz /rds/bear-apps/2022a/EL8-ice/software/FreeSurfer/7.4.1-centos8_x86_64/average/RB_all_2020-01-02.gca transforms/talairach.lta 

setting unknown_nbr_spacing = 3
using MR volume brainmask.mgz to mask input volume...

== Number of threads available to mri_em_register for OpenMP = 1 == 
reading 1 input volumes...
logging results to talairach.log
reading '/rds/bear-apps/2022a/EL8-ice/software/FreeSurfer/7.4.1-centos8_x86_64/average/RB_all_2020-01-02.gca'...
GCAread took 0 minutes and 1 seconds.
average std = 7.2   using min determinant for regularization = 5.2
0 singular and 884 ill-conditioned covariance matrices regularized
reading 'nu.mgz'...
MRImask(): AllowDiffGeom = 1
MRImask(): AllowDiffGeom = 1
MRImask(): AllowDiffGeom = 1
MRImask(): AllowDiffGeom = 1
MRImask(): AllowDiffGeom = 1
freeing gibbs priors...done.
accounting for voxel sizes in initial transform
bounding unknown intensity as < 5.9 or > 519.0 
total sample mean = 79.1 (1017 zeros)
************************************************
spacing=8, using 2841 sample points, tol=1.00e-05...
************************************************
register_mri: find_optimal_transform
find_optimal_transform: nsamples 2841, passno 0, spacing 8
resetting wm mean[0]: 98 --> 107
resetting gm mean[0]: 61 --> 61
input volume #1 is the most T1-like
using real data threshold=17.0
skull bounding box = (64, 81, 40) --> (197, 205, 217)
finding center of left hemi white matter
using (108, 122, 129) as brain centroid of Right_Cerebral_White_Matter...
MRImask(): AllowDiffGeom = 1
mean wm in atlas = 107, using box (92,107,107) --> (124, 137,150) to find MRI wm
before smoothing, mri peak at 109
robust fit to distribution - 108 +- 3.6
after smoothing, mri peak at 108, scaling input intensities by 0.991
scaling channel 0 by 0.990741
initial log_p = -4.483
************************************************
First Search limited to translation only.
************************************************
max log p =    -4.003814 @ (-10.526, -31.579, -10.526)
max log p =    -3.664478 @ (5.263, 5.263, -5.263)
max log p =    -3.643777 @ (2.632, -2.632, -2.632)
max log p =    -3.633639 @ (1.316, 1.316, 1.316)
max log p =    -3.632437 @ (-1.974, -0.658, 0.658)
max log p =    -3.604190 @ (0.329, 0.329, -0.987)
max log p =    -3.604190 @ (0.000, 0.000, 0.000)
max log p =    -3.604190 @ (0.000, 0.000, 0.000)
Found translation: (-3.0, -28.0, -17.4): log p = -3.604
****************************************
Nine parameter search.  iteration 0 nscales = 0 ...
****************************************
Result so far: scale 1.000: max_log_p=-3.538, old_max_log_p =-3.604 (thresh=-3.6)
 1.07500   0.00000   0.00000  -12.69274;
 0.00000   1.06580   0.14032  -54.88863;
 0.00000  -0.13053   0.99144   2.83691;
 0.00000   0.00000   0.00000   1.00000;
iteration took 1 minutes and 5 seconds.
****************************************
Nine parameter search.  iteration 1 nscales = 0 ...
****************************************
Result so far: scale 1.000: max_log_p=-3.538, old_max_log_p =-3.538 (thresh=-3.5)
 1.07500   0.00000   0.00000  -12.69274;
 0.00000   1.06580   0.14032  -54.88863;
 0.00000  -0.13053   0.99144   2.83691;
 0.00000   0.00000   0.00000   1.00000;
reducing scale to 0.2500
iteration took 1 minutes and 9 seconds.
****************************************
Nine parameter search.  iteration 2 nscales = 1 ...
****************************************
Result so far: scale 0.250: max_log_p=-3.428, old_max_log_p =-3.538 (thresh=-3.5)
 1.05296   0.03744   0.03244  -19.20692;
-0.03447   1.13426   0.00920  -40.56917;
-0.03449   0.00951   0.98127  -12.05892;
 0.00000   0.00000   0.00000   1.00000;
iteration took 0 minutes and 58 seconds.
****************************************
Nine parameter search.  iteration 3 nscales = 1 ...
****************************************
Result so far: scale 0.250: max_log_p=-3.428, old_max_log_p =-3.428 (thresh=-3.4)
 1.05296   0.03744   0.03244  -19.20692;
-0.03447   1.13426   0.00920  -40.56917;
-0.03449   0.00951   0.98127  -12.05892;
 0.00000   0.00000   0.00000   1.00000;
reducing scale to 0.0625
iteration took 1 minutes and 0 seconds.
****************************************
Nine parameter search.  iteration 4 nscales = 2 ...
****************************************
Result so far: scale 0.062: max_log_p=-3.393, old_max_log_p =-3.428 (thresh=-3.4)
 1.05076   0.00016   0.03952  -14.90344;
-0.00017   1.13757   0.01889  -46.69603;
-0.04248  -0.00033   0.97972  -8.94530;
 0.00000   0.00000   0.00000   1.00000;
iteration took 0 minutes and 47 seconds.
****************************************
Nine parameter search.  iteration 5 nscales = 2 ...
****************************************
Result so far: scale 0.062: max_log_p=-3.393, old_max_log_p =-3.393 (thresh=-3.4)
 1.05076   0.00016   0.03952  -14.90344;
-0.00017   1.13757   0.01889  -46.69603;
-0.04248  -0.00033   0.97972  -8.94530;
 0.00000   0.00000   0.00000   1.00000;
min search scale 0.025000 reached
***********************************************
Computing MAP estimate using 2841 samples...
***********************************************
dt = 5.00e-06, momentum=0.80, tol=1.00e-05
l_intensity = 1.0000
Aligning input volume to GCA...
Transform matrix
 1.05076   0.00016   0.03952  -14.90344;
-0.00017   1.13757   0.01889  -46.69603;
-0.04248  -0.00033   0.97972  -8.94530;
 0.00000   0.00000   0.00000   1.00000;
nsamples 2841
Quasinewton: input matrix
 1.05076   0.00016   0.03952  -14.90344;
-0.00017   1.13757   0.01889  -46.69603;
-0.04248  -0.00033   0.97972  -8.94530;
 0.00000   0.00000   0.00000   1.00000;
 IFLAG= -1  LINE SEARCH FAILED. SEE DOCUMENTATION OF ROUTINE MCSRCH ERROR RETURN OF LINE SEARCH: INFO= 3 POSSIBLE CAUSES: FUNCTION OR GRADIENT ARE INCORRECT OR INCORRECT TOLERANCESoutof QuasiNewtonEMA: 008: -log(p) =   -0.0  tol 0.000010
Resulting transform:
 1.05076   0.00016   0.03952  -14.90344;
-0.00017   1.13757   0.01889  -46.69603;
-0.04248  -0.00033   0.97972  -8.94530;
 0.00000   0.00000   0.00000   1.00000;

pass 1, spacing 8: log(p) = -3.393 (old=-4.483)
transform before final EM align:
 1.05076   0.00016   0.03952  -14.90344;
-0.00017   1.13757   0.01889  -46.69603;
-0.04248  -0.00033   0.97972  -8.94530;
 0.00000   0.00000   0.00000   1.00000;

**************************************************
 EM alignment process ...
 Computing final MAP estimate using 315638 samples. 
**************************************************
dt = 5.00e-06, momentum=0.80, tol=1.00e-07
l_intensity = 1.0000
Aligning input volume to GCA...
Transform matrix
 1.05076   0.00016   0.03952  -14.90344;
-0.00017   1.13757   0.01889  -46.69603;
-0.04248  -0.00033   0.97972  -8.94530;
 0.00000   0.00000   0.00000   1.00000;
nsamples 315638
Quasinewton: input matrix
 1.05076   0.00016   0.03952  -14.90344;
-0.00017   1.13757   0.01889  -46.69603;
-0.04248  -0.00033   0.97972  -8.94530;
 0.00000   0.00000   0.00000   1.00000;
 IFLAG= -1  LINE SEARCH FAILED. SEE DOCUMENTATION OF ROUTINE MCSRCH ERROR RETURN OF LINE SEARCH: INFO= 3 POSSIBLE CAUSES: FUNCTION OR GRADIENT ARE INCORRECT OR INCORRECT TOLERANCESoutof QuasiNewtonEMA: 010: -log(p) =    3.9  tol 0.000000
final transform:
 1.05076   0.00016   0.03952  -14.90344;
-0.00017   1.13757   0.01889  -46.69603;
-0.04248  -0.00033   0.97972  -8.94530;
 0.00000   0.00000   0.00000   1.00000;

writing output transformation to transforms/talairach.lta...
#VMPC# mri_em_register VmPeak  784332
FSRUNTIME@ mri_em_register  0.1103 hours 1 threads
registration took 6 minutes and 37 seconds.
@#@FSTIME  2024:09:23:18:05:34 mri_em_register N 7 e 396.94 S 0.63 U 394.93 P 99% M 614536 F 0 R 115991 W 0 c 382 w 186 I 0 O 0 L 37.60 33.55 31.18
@#@FSLOADPOST 2024:09:23:18:12:11 mri_em_register N 7 39.52 38.18 34.23
#--------------------------------------
#@# CA Normalize Mon Sep 23 18:12:12 BST 2024
/rds/projects/q/quinna-camcan/cc700/mri/pipeline/release004/BIDS_20190411/anat/sub-CC120276_T1w/mri

 mri_ca_normalize -c ctrl_pts.mgz -mask brainmask.mgz nu.mgz /rds/bear-apps/2022a/EL8-ice/software/FreeSurfer/7.4.1-centos8_x86_64/average/RB_all_2020-01-02.gca transforms/talairach.lta norm.mgz 

writing control point volume to ctrl_pts.mgz
using MR volume brainmask.mgz to mask input volume...
reading 1 input volume
reading atlas from '/rds/bear-apps/2022a/EL8-ice/software/FreeSurfer/7.4.1-centos8_x86_64/average/RB_all_2020-01-02.gca'...
reading transform from 'transforms/talairach.lta'...
reading input volume from nu.mgz...
resetting wm mean[0]: 98 --> 107
resetting gm mean[0]: 61 --> 61
input volume #1 is the most T1-like
using real data threshold=17.0
skull bounding box = (64, 81, 40) --> (197, 205, 217)
finding center of left hemi white matter
using (108, 122, 129) as brain centroid of Right_Cerebral_White_Matter...
mean wm in atlas = 107, using box (92,107,107) --> (124, 137,150) to find MRI wm
before smoothing, mri peak at 109
robust fit to distribution - 108 +- 3.6
after smoothing, mri peak at 108, scaling input intensities by 0.991
scaling channel 0 by 0.990741
using 246437 sample points...
INFO: compute sample coordinates transform
 1.05076   0.00016   0.03952  -14.90344;
-0.00017   1.13757   0.01889  -46.69603;
-0.04248  -0.00033   0.97972  -8.94530;
 0.00000   0.00000   0.00000   1.00000;
INFO: transform used
finding control points in Left_Cerebral_White_Matter....
found 40230 control points for structure...
bounding box (129, 85, 42) --> (193, 188, 213)
Left_Cerebral_White_Matter: limiting intensities to 97.0 --> 132.0
1 of 8237 (0.0%) samples deleted
finding control points in Right_Cerebral_White_Matter....
found 39478 control points for structure...
bounding box (68, 85, 41) --> (131, 190, 212)
Right_Cerebral_White_Matter: limiting intensities to 96.0 --> 132.0
6 of 8606 (0.1%) samples deleted
finding control points in Left_Cerebellum_White_Matter....
found 3105 control points for structure...
bounding box (132, 157, 64) --> (178, 198, 120)
Left_Cerebellum_White_Matter: limiting intensities to 98.0 --> 132.0
0 of 161 (0.0%) samples deleted
finding control points in Right_Cerebellum_White_Matter....
found 2710 control points for structure...
bounding box (89, 157, 61) --> (131, 198, 120)
Right_Cerebellum_White_Matter: limiting intensities to 99.0 --> 132.0
0 of 78 (0.0%) samples deleted
finding control points in Brain_Stem....
found 3475 control points for structure...
bounding box (114, 153, 100) --> (147, 213, 132)
Brain_Stem: limiting intensities to 95.0 --> 132.0
0 of 76 (0.0%) samples deleted
using 17158 total control points for intensity normalization...
bias field = 0.988 +- 0.044
184 of 17151 control points discarded
finding control points in Left_Cerebral_White_Matter....
found 40230 control points for structure...
bounding box (129, 85, 42) --> (193, 188, 213)
Left_Cerebral_White_Matter: limiting intensities to 92.0 --> 132.0
4 of 8435 (0.0%) samples deleted
finding control points in Right_Cerebral_White_Matter....
found 39478 control points for structure...
bounding box (68, 85, 41) --> (131, 190, 212)
Right_Cerebral_White_Matter: limiting intensities to 91.0 --> 132.0
4 of 8783 (0.0%) samples deleted
finding control points in Left_Cerebellum_White_Matter....
found 3105 control points for structure...
bounding box (132, 157, 64) --> (178, 198, 120)
Left_Cerebellum_White_Matter: limiting intensities to 88.0 --> 132.0
0 of 225 (0.0%) samples deleted
finding control points in Right_Cerebellum_White_Matter....
found 2710 control points for structure...
bounding box (89, 157, 61) --> (131, 198, 120)
Right_Cerebellum_White_Matter: limiting intensities to 88.0 --> 132.0
1 of 116 (0.9%) samples deleted
finding control points in Brain_Stem....
found 3475 control points for structure...
bounding box (114, 153, 100) --> (147, 213, 132)
Brain_Stem: limiting intensities to 88.0 --> 132.0
3 of 169 (1.8%) samples deleted
using 17728 total control points for intensity normalization...
bias field = 1.037 +- 0.045
72 of 17645 control points discarded
finding control points in Left_Cerebral_White_Matter....
found 40230 control points for structure...
bounding box (129, 85, 42) --> (193, 188, 213)
Left_Cerebral_White_Matter: limiting intensities to 92.0 --> 132.0
5 of 8418 (0.1%) samples deleted
finding control points in Right_Cerebral_White_Matter....
found 39478 control points for structure...
bounding box (68, 85, 41) --> (131, 190, 212)
Right_Cerebral_White_Matter: limiting intensities to 90.0 --> 132.0
5 of 8821 (0.1%) samples deleted
finding control points in Left_Cerebellum_White_Matter....
found 3105 control points for structure...
bounding box (132, 157, 64) --> (178, 198, 120)
Left_Cerebellum_White_Matter: limiting intensities to 88.0 --> 132.0
19 of 286 (6.6%) samples deleted
finding control points in Right_Cerebellum_White_Matter....
found 2710 control points for structure...
bounding box (89, 157, 61) --> (131, 198, 120)
Right_Cerebellum_White_Matter: limiting intensities to 88.0 --> 132.0
20 of 158 (12.7%) samples deleted
finding control points in Brain_Stem....
found 3475 control points for structure...
bounding box (114, 153, 100) --> (147, 213, 132)
Brain_Stem: limiting intensities to 88.0 --> 132.0
45 of 213 (21.1%) samples deleted
using 17896 total control points for intensity normalization...
bias field = 1.032 +- 0.042
45 of 17618 control points discarded
writing normalized volume to norm.mgz...
writing control points to ctrl_pts.mgz
freeing GCA...done.
normalization took 0 minutes and 42 seconds.
@#@FSTIME  2024:09:23:18:12:12 mri_ca_normalize N 8 e 42.11 S 0.36 U 41.60 P 99% M 918700 F 0 R 137091 W 0 c 41 w 32 I 0 O 0 L 39.52 38.18 34.23
@#@FSLOADPOST 2024:09:23:18:12:54 mri_ca_normalize N 8 39.41 38.32 34.44
#--------------------------------------
#@# CA Reg Mon Sep 23 18:12:54 BST 2024
/rds/projects/q/quinna-camcan/cc700/mri/pipeline/release004/BIDS_20190411/anat/sub-CC120276_T1w/mri

 mri_ca_register -nobigventricles -T transforms/talairach.lta -align-after -mask brainmask.mgz norm.mgz /rds/bear-apps/2022a/EL8-ice/software/FreeSurfer/7.4.1-centos8_x86_64/average/RB_all_2020-01-02.gca transforms/talairach.m3z 

not handling expanded ventricles...
using previously computed transform transforms/talairach.lta
renormalizing sequences with structure alignment, equivalent to:
	-renormalize
	-regularize_mean 0.500
	-regularize 0.500
using MR volume brainmask.mgz to mask input volume...

== Number of threads available to mri_ca_register for OpenMP = 1 == 
reading 1 input volumes...
logging results to talairach.log
reading input volume 'norm.mgz'...
reading GCA '/rds/bear-apps/2022a/EL8-ice/software/FreeSurfer/7.4.1-centos8_x86_64/average/RB_all_2020-01-02.gca'...
label assignment complete, 0 changed (0.00%)
freeing gibbs priors...done.
average std[0] = 5.0
Starting GCAMregister()
label assignment complete, 0 changed (0.00%)
npasses = 1, nlevels = 6
#pass# 1 of 1 ************************
enabling zero nodes
setting smoothness cost coefficient to 0.156

#GCAMreg# pass 0 level1 5 level2 0 tsec 0 sigma 2
l_jacobian=1.00 l_label=1.00 l_log_likelihood=0.20 l_smoothness=0.16 
tol=2.50e-01, dt=5.00e-02, exp_k=20.0, momentum=0.90, levels=6, niter=500, lbl_dist=10.00, avgs=256, sigma=2.0,type=2, relabel=0, neg=no

blurring input image with Gaussian with sigma=2.000...
GCAMRegisterLevel(): init RMS 0.814832


















#GCAMreg# pass 0 level1 5 level2 1 tsec 186.201 sigma 0.5
l_jacobian=1.00 l_label=1.00 l_log_likelihood=0.20 l_smoothness=0.16 
tol=2.50e-01, dt=5.00e-02, exp_k=20.0, momentum=0.90, levels=6, niter=500, lbl_dist=10.00, avgs=256, sigma=0.5,type=2, relabel=0, neg=no

blurring input image with Gaussian with sigma=0.500...
GCAMRegisterLevel(): init RMS 0.699644




setting smoothness cost coefficient to 0.615

#GCAMreg# pass 0 level1 4 level2 0 tsec 0 sigma 2
l_jacobian=1.00 l_label=1.00 l_log_likelihood=0.20 l_smoothness=0.62 
tol=2.50e-01, dt=5.00e-02, exp_k=20.0, momentum=0.90, levels=6, niter=500, lbl_dist=10.00, avgs=64, sigma=2.0,type=2, relabel=0, neg=no

blurring input image with Gaussian with sigma=2.000...
GCAMRegisterLevel(): init RMS 0.702544





#GCAMreg# pass 0 level1 4 level2 1 tsec 63.117 sigma 0.5
l_jacobian=1.00 l_label=1.00 l_log_likelihood=0.20 l_smoothness=0.62 
tol=2.50e-01, dt=5.00e-02, exp_k=20.0, momentum=0.90, levels=6, niter=500, lbl_dist=10.00, avgs=64, sigma=0.5,type=2, relabel=0, neg=no

blurring input image with Gaussian with sigma=0.500...
GCAMRegisterLevel(): init RMS 0.679823




setting smoothness cost coefficient to 2.353

#GCAMreg# pass 0 level1 3 level2 0 tsec 0 sigma 2
l_jacobian=1.00 l_label=1.00 l_log_likelihood=0.20 l_smoothness=2.35 
tol=2.50e-01, dt=5.00e-02, exp_k=20.0, momentum=0.90, levels=6, niter=500, lbl_dist=10.00, avgs=16, sigma=2.0,type=2, relabel=0, neg=no

blurring input image with Gaussian with sigma=2.000...
GCAMRegisterLevel(): init RMS 0.703823



#GCAMreg# pass 0 level1 3 level2 1 tsec 29.89 sigma 0.5
l_jacobian=1.00 l_label=1.00 l_log_likelihood=0.20 l_smoothness=2.35 
tol=2.50e-01, dt=5.00e-02, exp_k=20.0, momentum=0.90, levels=6, niter=500, lbl_dist=10.00, avgs=16, sigma=0.5,type=2, relabel=0, neg=no

blurring input image with Gaussian with sigma=0.500...
GCAMRegisterLevel(): init RMS 0.702823


setting smoothness cost coefficient to 8.000

#GCAMreg# pass 0 level1 2 level2 0 tsec 0 sigma 2
l_jacobian=1.00 l_label=1.00 l_log_likelihood=0.20 l_smoothness=8.00 
tol=2.50e-01, dt=5.00e-02, exp_k=20.0, momentum=0.90, levels=6, niter=500, lbl_dist=10.00, avgs=4, sigma=2.0,type=2, relabel=0, neg=no

blurring input image with Gaussian with sigma=2.000...
GCAMRegisterLevel(): init RMS 0.762177







#GCAMreg# pass 0 level1 2 level2 1 tsec 71.121 sigma 0.5
l_jacobian=1.00 l_label=1.00 l_log_likelihood=0.20 l_smoothness=8.00 
tol=2.50e-01, dt=5.00e-02, exp_k=20.0, momentum=0.90, levels=6, niter=500, lbl_dist=10.00, avgs=4, sigma=0.5,type=2, relabel=0, neg=no

blurring input image with Gaussian with sigma=0.500...
GCAMRegisterLevel(): init RMS 0.743428

setting smoothness cost coefficient to 20.000

#GCAMreg# pass 0 level1 1 level2 0 tsec 0 sigma 2
l_jacobian=1.00 l_label=1.00 l_log_likelihood=0.20 l_smoothness=20.00 
tol=2.50e-01, dt=5.00e-02, exp_k=20.0, momentum=0.90, levels=6, niter=500, lbl_dist=10.00, avgs=1, sigma=2.0,type=2, relabel=0, neg=no

blurring input image with Gaussian with sigma=2.000...
GCAMRegisterLevel(): init RMS 0.787581




#GCAMreg# pass 0 level1 1 level2 1 tsec 33.362 sigma 0.5
l_jacobian=1.00 l_label=1.00 l_log_likelihood=0.20 l_smoothness=20.00 
tol=2.50e-01, dt=5.00e-02, exp_k=20.0, momentum=0.90, levels=6, niter=500, lbl_dist=10.00, avgs=1, sigma=0.5,type=2, relabel=0, neg=no

blurring input image with Gaussian with sigma=0.500...
GCAMRegisterLevel(): init RMS 0.787556












resetting metric properties...
setting smoothness cost coefficient to 40.000

#GCAMreg# pass 0 level1 0 level2 0 tsec 0 sigma 2
l_jacobian=1.00 l_label=1.00 l_log_likelihood=0.20 l_smoothness=40.00 
tol=2.50e-01, dt=5.00e-02, exp_k=20.0, momentum=0.90, levels=6, niter=500, lbl_dist=10.00, avgs=0, sigma=2.0,type=2, relabel=0, neg=no

blurring input image with Gaussian with sigma=2.000...
GCAMRegisterLevel(): init RMS 0.744241



#GCAMreg# pass 0 level1 0 level2 1 tsec 28.797 sigma 0.5
l_jacobian=1.00 l_label=1.00 l_log_likelihood=0.20 l_smoothness=40.00 
tol=2.50e-01, dt=5.00e-02, exp_k=20.0, momentum=0.90, levels=6, niter=500, lbl_dist=10.00, avgs=0, sigma=0.5,type=2, relabel=0, neg=no

blurring input image with Gaussian with sigma=0.500...
GCAMRegisterLevel(): init RMS 0.740125


GCAMregister done in 11.4158 min
Starting GCAmapRenormalizeWithAlignment() without scales
renormalizing by structure alignment....
renormalizing input #0
gca peak = 0.10253 (16)
mri peak = 0.20098 (31)
Left_Lateral_Ventricle (4): linear fit = 1.65 x + 0.0 (942 voxels, overlap=0.268)
Left_Lateral_Ventricle (4): linear fit = 1.50 x + 0.0 (942 voxels, peak = 26), gca=24.0
gca peak = 0.17690 (16)
mri peak = 0.12997 (31)
Right_Lateral_Ventricle (43): linear fit = 1.85 x + 0.0 (717 voxels, overlap=0.096)
Right_Lateral_Ventricle (43): linear fit = 1.50 x + 0.0 (717 voxels, peak = 30), gca=24.0
gca peak = 0.28275 (96)
mri peak = 0.12226 (98)
Right_Pallidum (52): linear fit = 1.02 x + 0.0 (1070 voxels, overlap=0.962)
Right_Pallidum (52): linear fit = 1.02 x + 0.0 (1070 voxels, peak = 98), gca=98.4
gca peak = 0.18948 (93)
mri peak = 0.14654 (102)
Left_Pallidum (13): linear fit = 1.07 x + 0.0 (988 voxels, overlap=0.698)
Left_Pallidum (13): linear fit = 1.07 x + 0.0 (988 voxels, peak = 99), gca=99.0
gca peak = 0.20755 (55)
mri peak = 0.07862 (77)
Right_Hippocampus (53): linear fit = 1.34 x + 0.0 (1217 voxels, overlap=0.019)
Right_Hippocampus (53): linear fit = 1.34 x + 0.0 (1217 voxels, peak = 73), gca=73.4
gca peak = 0.31831 (58)
mri peak = 0.09174 (76)
Left_Hippocampus (17): linear fit = 1.28 x + 0.0 (1143 voxels, overlap=0.017)
Left_Hippocampus (17): linear fit = 1.28 x + 0.0 (1143 voxels, peak = 75), gca=74.5
gca peak = 0.11957 (102)
mri peak = 0.13213 (105)
Right_Cerebral_White_Matter (41): linear fit = 1.02 x + 0.0 (73261 voxels, overlap=0.644)
Right_Cerebral_White_Matter (41): linear fit = 1.02 x + 0.0 (73261 voxels, peak = 105), gca=104.5
gca peak = 0.11429 (102)
mri peak = 0.15530 (105)
Left_Cerebral_White_Matter (2): linear fit = 1.01 x + 0.0 (76030 voxels, overlap=0.597)
Left_Cerebral_White_Matter (2): linear fit = 1.01 x + 0.0 (76030 voxels, peak = 104), gca=103.5
gca peak = 0.14521 (59)
mri peak = 0.04182 (74)
Left_Cerebral_Cortex (3): linear fit = 1.26 x + 0.0 (30681 voxels, overlap=0.003)
Left_Cerebral_Cortex (3): linear fit = 1.26 x + 0.0 (30681 voxels, peak = 75), gca=74.6
gca peak = 0.14336 (58)
mri peak = 0.04113 (77)
Right_Cerebral_Cortex (42): linear fit = 1.29 x + 0.0 (31906 voxels, overlap=0.002)
Right_Cerebral_Cortex (42): linear fit = 1.29 x + 0.0 (31906 voxels, peak = 75), gca=75.1
gca peak = 0.13305 (70)
mri peak = 0.12247 (83)
Right_Caudate (50): linear fit = 1.25 x + 0.0 (1194 voxels, overlap=0.011)
Right_Caudate (50): linear fit = 1.25 x + 0.0 (1194 voxels, peak = 87), gca=87.2
gca peak = 0.15761 (71)
mri peak = 0.11953 (85)
Left_Caudate (11): linear fit = 1.15 x + 0.0 (1184 voxels, overlap=0.053)
Left_Caudate (11): linear fit = 1.15 x + 0.0 (1184 voxels, peak = 82), gca=82.0
gca peak = 0.13537 (57)
mri peak = 0.04889 (74)
Left_Cerebellum_Cortex (8): linear fit = 1.33 x + 0.0 (21660 voxels, overlap=0.001)
Left_Cerebellum_Cortex (8): linear fit = 1.33 x + 0.0 (21660 voxels, peak = 76), gca=75.5
gca peak = 0.13487 (56)
mri peak = 0.05088 (77)
Right_Cerebellum_Cortex (47): linear fit = 1.33 x + 0.0 (24763 voxels, overlap=0.001)
Right_Cerebellum_Cortex (47): linear fit = 1.33 x + 0.0 (24763 voxels, peak = 74), gca=74.2
gca peak = 0.19040 (84)
mri peak = 0.08986 (90)
Left_Cerebellum_White_Matter (7): linear fit = 1.09 x + 0.0 (10702 voxels, overlap=0.015)
Left_Cerebellum_White_Matter (7): linear fit = 1.09 x + 0.0 (10702 voxels, peak = 91), gca=91.1
gca peak = 0.18871 (83)
mri peak = 0.08969 (88)
Right_Cerebellum_White_Matter (46): linear fit = 1.08 x + 0.0 (8884 voxels, overlap=0.202)
Right_Cerebellum_White_Matter (46): linear fit = 1.08 x + 0.0 (8884 voxels, peak = 89), gca=89.2
gca peak = 0.24248 (57)
mri peak = 0.12128 (77)
Left_Amygdala (18): linear fit = 1.33 x + 0.0 (424 voxels, overlap=0.057)
Left_Amygdala (18): linear fit = 1.33 x + 0.0 (424 voxels, peak = 76), gca=75.5
gca peak = 0.35833 (56)
mri peak = 0.11101 (74)
Right_Amygdala (54): linear fit = 1.29 x + 0.0 (535 voxels, overlap=0.040)
Right_Amygdala (54): linear fit = 1.29 x + 0.0 (535 voxels, peak = 73), gca=72.5
gca peak = 0.12897 (85)
mri peak = 0.06701 (92)
Left_Thalamus (10): linear fit = 1.07 x + 0.0 (5826 voxels, overlap=0.619)
Left_Thalamus (10): linear fit = 1.07 x + 0.0 (5826 voxels, peak = 91), gca=90.5
gca peak = 0.13127 (83)
mri peak = 0.10156 (87)
Right_Thalamus (49): linear fit = 1.07 x + 0.0 (5009 voxels, overlap=0.654)
Right_Thalamus (49): linear fit = 1.07 x + 0.0 (5009 voxels, peak = 88), gca=88.4
gca peak = 0.12974 (78)
mri peak = 0.09788 (92)
Left_Putamen (12): linear fit = 1.16 x + 0.0 (2619 voxels, overlap=0.006)
Left_Putamen (12): linear fit = 1.16 x + 0.0 (2619 voxels, peak = 91), gca=90.9
gca peak = 0.17796 (79)
mri peak = 0.11784 (88)
Right_Putamen (51): linear fit = 1.14 x + 0.0 (2748 voxels, overlap=0.055)
Right_Putamen (51): linear fit = 1.14 x + 0.0 (2748 voxels, peak = 90), gca=90.5
gca peak = 0.10999 (80)
mri peak = 0.08074 (89)
Brain_Stem (16): linear fit = 1.12 x + 0.0 (13008 voxels, overlap=0.416)
Brain_Stem (16): linear fit = 1.12 x + 0.0 (13008 voxels, peak = 90), gca=90.0
gca peak = 0.13215 (88)
mri peak = 0.09684 (95)
Right_VentralDC (60): linear fit = 1.09 x + 0.0 (1625 voxels, overlap=0.260)
Right_VentralDC (60): linear fit = 1.09 x + 0.0 (1625 voxels, peak = 95), gca=95.5
gca peak = 0.11941 (89)
mri peak = 0.10256 (98)
Left_VentralDC (28): linear fit = 1.11 x + 0.0 (1562 voxels, overlap=0.077)
Left_VentralDC (28): linear fit = 1.11 x + 0.0 (1562 voxels, peak = 98), gca=98.3
gca peak = 0.20775 (25)
mri peak = 0.15789 (29)
gca peak = 0.13297 (21)
mri peak = 0.11279 (30)
Fourth_Ventricle (15): linear fit = 1.60 x + 0.0 (450 voxels, overlap=0.154)
Fourth_Ventricle (15): linear fit = 1.60 x + 0.0 (450 voxels, peak = 33), gca=33.5
gca peak Unknown = 0.94777 ( 0)
gca peak Left_Inf_Lat_Vent = 0.19087 (28)
gca peak Third_Ventricle = 0.20775 (25)
gca peak Fourth_Ventricle = 0.13297 (21)
gca peak CSF = 0.16821 (33)
gca peak Left_Accumbens_area = 0.32850 (63)
gca peak Left_undetermined = 0.98480 (28)
gca peak Left_vessel = 0.40887 (53)
gca peak Left_choroid_plexus = 0.10898 (46)
gca peak Right_Inf_Lat_Vent = 0.17798 (26)
gca peak Right_Accumbens_area = 0.30137 (64)
gca peak Right_vessel = 0.47828 (52)
gca peak Right_choroid_plexus = 0.11612 (45)
gca peak Fifth_Ventricle = 0.59466 (35)
gca peak WM_hypointensities = 0.10053 (78)
gca peak non_WM_hypointensities = 0.07253 (60)
gca peak Optic_Chiasm = 0.25330 (73)
not using caudate to estimate GM means
estimating mean gm scale to be 1.30 x + 0.0
estimating mean wm scale to be 1.02 x + 0.0
estimating mean csf scale to be 1.50 x + 0.0
saving intensity scales to talairach.label_intensities.txt
GCAmapRenormalizeWithAlignment() took 2.2895 min
noneg pre
Starting GCAMregister()
label assignment complete, 0 changed (0.00%)
npasses = 1, nlevels = 6
#pass# 1 of 1 ************************
enabling zero nodes
setting smoothness cost coefficient to 0.008

#GCAMreg# pass 0 level1 5 level2 0 tsec 0 sigma 2
l_jacobian=1.00 l_label=1.00 l_log_likelihood=0.20 l_smoothness=0.01 
tol=5.00e-02, dt=5.00e-02, exp_k=20.0, momentum=0.90, levels=6, niter=500, lbl_dist=10.00, avgs=256, sigma=2.0,type=2, relabel=0, neg=no

blurring input image with Gaussian with sigma=2.000...
GCAMRegisterLevel(): init RMS 0.732517
























































