GCCcore/11.3.0
zlib/1.2.12-GCCcore-11.3.0
binutils/2.38-GCCcore-11.3.0
GCC/11.3.0
numactl/2.0.14-GCCcore-11.3.0
XZ/5.2.5-GCCcore-11.3.0
libxml2/2.9.13-GCCcore-11.3.0
libpciaccess/0.16-GCCcore-11.3.0
hwloc/2.7.1-GCCcore-11.3.0
OpenSSL/1.1
libevent/2.1.12-GCCcore-11.3.0
UCX/1.12.1-GCCcore-11.3.0
libfabric/1.15.1-GCCcore-11.3.0
PMIx/4.1.2-GCCcore-11.3.0
UCC/1.0.0-GCCcore-11.3.0
OpenMPI/4.1.4-GCC-11.3.0
OpenBLAS/0.3.20-GCC-11.3.0
FlexiBLAS/3.2.0-GCC-11.3.0
FFTW/3.3.10-GCC-11.3.0
gompi/2022a
FFTW.MPI/3.3.10-gompi-2022a
ScaLAPACK/2.2.0-gompi-2022a-fb
foss/2022a
bzip2/1.0.8-GCCcore-11.3.0
ncurses/6.3-GCCcore-11.3.0
libreadline/8.1.2-GCCcore-11.3.0
ncurses/6.3-GCCcore-11.3.0
Tcl/8.6.12-GCCcore-11.3.0
SQLite/3.38.3-GCCcore-11.3.0
GMP/6.2.1-GCCcore-11.3.0
libffi/3.4.2-GCCcore-11.3.0
Python/3.10.4-GCCcore-11.3.0
pybind11/2.9.2-GCCcore-11.3.0
SciPy-bundle/2022.05-foss-2022a
libxml2/2.9.13-GCCcore-11.3.0
libxslt/1.1.34-GCCcore-11.3.0
libpng/1.6.37-GCCcore-11.3.0
Brotli/1.0.9-GCCcore-11.3.0
freetype/2.12.1-GCCcore-11.3.0
expat/2.4.8-GCCcore-11.3.0
util-linux/2.38-GCCcore-11.3.0
fontconfig/2.14.0-GCCcore-11.3.0
xorg-macros/1.19.3-GCCcore-11.3.0
X11/20220504-GCCcore-11.3.0
Tk/8.6.12-GCCcore-11.3.0
Tkinter/3.10.4-GCCcore-11.3.0
NASM/2.15.05-GCCcore-11.3.0
libjpeg-turbo/2.1.3-GCCcore-11.3.0
jbigkit/2.1-GCCcore-11.3.0
gzip/1.12-GCCcore-11.3.0
lz4/1.9.3-GCCcore-11.3.0
zstd/1.5.2-GCCcore-11.3.0
libdeflate/1.10-GCCcore-11.3.0
LibTIFF/4.3.0-GCCcore-11.3.0
Pillow/9.1.1-GCCcore-11.3.0
Qhull/2020.2-GCCcore-11.3.0
matplotlib/3.5.2-foss-2022a
tqdm/4.64.0-GCCcore-11.3.0
scikit-learn/1.1.2-foss-2022a
LLVM/12.0.1-GCCcore-11.3.0
numba/0.56.4-foss-2022a
pydicom/2.3.0-GCCcore-11.3.0
NiBabel/4.0.2-foss-2022a
Szip/2.1.1-GCCcore-11.3.0
HDF5/1.12.2-gompi-2022a
h5py/3.7.0-foss-2022a
imageio/2.22.2-foss-2022a
libdrm/2.4.110-GCCcore-11.3.0
libglvnd/1.4.0-GCCcore-11.3.0
libunwind/1.6.2-GCCcore-11.3.0
Mesa/22.0.3-GCCcore-11.3.0
libGLU/9.0.2-GCCcore-11.3.0
VTK/9.2.2-foss-2022a
MNE-Python/1.3.1-foss-2022a
MCR/R2019b.8
FreeSurfer/7.4.1-centos8_x86_64
fs-check-version --s sub-CC112141_T1w --o /tmp/tmp.3jiqWu
Thu Sep 19 16:35:15 BST 2024

setenv SUBJECTS_DIR /rds/projects/q/quinna-camcan/cc700/mri/pipeline/release004/BIDS_20190411/anat
cd /rds/projects/q/quinna-camcan/ghafarit-scripts/github/camcan-laterality/mne_python/source
/rds/bear-apps/2022a/EL8-ice/software/FreeSurfer/7.4.1-centos8_x86_64/bin/fs-check-version --s sub-CC112141_T1w --o /tmp/tmp.3jiqWu
-rwxrwxr-x 1 branfosj-admin build 18565 Jun 14  2023 /rds/bear-apps/2022a/EL8-ice/software/FreeSurfer/7.4.1-centos8_x86_64/bin/fs-check-version

freesurfer-linux-centos8_x86_64-7.4.1-20230613-7eb8460
$Id$
Linux bear-pg0202u11a.bear.cluster 4.18.0-372.32.1.el8_6.x86_64 #1 SMP Fri Oct 7 12:35:10 EDT 2022 x86_64 x86_64 x86_64 GNU/Linux
pid 2220585
Current FS Version freesurfer-linux-centos8_x86_64-7.4.1-20230613-7eb8460
Subject does not have a bstampfile, copying /rds/bear-apps/2022a/EL8-ice/software/FreeSurfer/7.4.1-centos8_x86_64/build-stamp.txt
Subject FS Version: freesurfer-linux-centos8_x86_64-7.4.1-20230613-7eb8460
No constraints on version because REQ=UnSet and FsVerFile=NotThere
#@#% fs-check-version match = 1
fs-check-version Done
INFO: SUBJECTS_DIR is /rds/projects/q/quinna-camcan/cc700/mri/pipeline/release004/BIDS_20190411/anat
Actual FREESURFER_HOME /rds/bear-apps/2022a/EL8-ice/software/FreeSurfer/7.4.1-centos8_x86_64
Linux bear-pg0202u11a.bear.cluster 4.18.0-372.32.1.el8_6.x86_64 #1 SMP Fri Oct 7 12:35:10 EDT 2022 x86_64 x86_64 x86_64 GNU/Linux
/rds/projects/q/quinna-camcan/cc700/mri/pipeline/release004/BIDS_20190411/anat/sub-CC112141_T1w

 mri_convert /rds/projects/q/quinna-camcan/cc700/mri/pipeline/release004/BIDS_20190411/anat/sub-CC112141/anat/sub-CC112141_T1w.nii.gz /rds/projects/q/quinna-camcan/cc700/mri/pipeline/release004/BIDS_20190411/anat/sub-CC112141_T1w/mri/orig/001.mgz 

mri_convert /rds/projects/q/quinna-camcan/cc700/mri/pipeline/release004/BIDS_20190411/anat/sub-CC112141/anat/sub-CC112141_T1w.nii.gz /rds/projects/q/quinna-camcan/cc700/mri/pipeline/release004/BIDS_20190411/anat/sub-CC112141_T1w/mri/orig/001.mgz 
reading from /rds/projects/q/quinna-camcan/cc700/mri/pipeline/release004/BIDS_20190411/anat/sub-CC112141/anat/sub-CC112141_T1w.nii.gz...
TR=0.00, TE=0.00, TI=0.00, flip angle=0.00
i_ras = (-0.003515, -0.999994, 0)
j_ras = (0.013944, -4.8995e-05, 0.999903)
k_ras = (0.999897, -0.00351501, -0.013944)
writing to /rds/projects/q/quinna-camcan/cc700/mri/pipeline/release004/BIDS_20190411/anat/sub-CC112141_T1w/mri/orig/001.mgz...
@#@FSTIME  2024:09:19:16:35:20 mri_convert N 2 e 4.69 S 0.03 U 4.57 P 98% M 54608 F 1 R 1364 W 0 c 26 w 67 I 72 O 0 L 84.81 83.06 83.01
@#@FSLOADPOST 2024:09:19:16:35:25 mri_convert N 2 84.75 83.08 83.02
#--------------------------------------------
#@# MotionCor Thu Sep 19 16:35:26 BST 2024
Found 1 runs
/rds/projects/q/quinna-camcan/cc700/mri/pipeline/release004/BIDS_20190411/anat/sub-CC112141_T1w/mri/orig/001.mgz
Checking for (invalid) multi-frame inputs...
Only one run found so motion
correction will not be performed. I'll
copy the run to rawavg and continue.

 cp /rds/projects/q/quinna-camcan/cc700/mri/pipeline/release004/BIDS_20190411/anat/sub-CC112141_T1w/mri/orig/001.mgz /rds/projects/q/quinna-camcan/cc700/mri/pipeline/release004/BIDS_20190411/anat/sub-CC112141_T1w/mri/rawavg.mgz 


 mri_info /rds/projects/q/quinna-camcan/cc700/mri/pipeline/release004/BIDS_20190411/anat/sub-CC112141_T1w/mri/rawavg.mgz 

rawavg.mgz ========================================
Volume information for /rds/projects/q/quinna-camcan/cc700/mri/pipeline/release004/BIDS_20190411/anat/sub-CC112141_T1w/mri/rawavg.mgz
          type: MGH
    dimensions: 256 x 256 x 192
   voxel sizes: 1.000000, 1.000000, 1.000000
          type: FLOAT (3)
           fov: 256.000
           dof: 1
        xstart: -128.0, xend: 128.0
        ystart: -128.0, yend: 128.0
        zstart: -96.0, zend: 96.0
            TR: 0.00 msec, TE: 0.00 msec, TI: 0.00 msec, flip angle: 0.00 degrees
       nframes: 1
       PhEncDir: UNKNOWN
       FieldStrength: 0.000000
ras xform present
    xform info: x_r =  -0.0035, y_r =   0.0139, z_r =   0.9999, c_r =     1.7977
              : x_a =  -1.0000, y_a =  -0.0000, z_a =  -0.0035, c_a =    33.6783
              : x_s =   0.0000, y_s =   0.9999, z_s =  -0.0139, c_s =   -28.0324

talairach xfm : 
Orientation   : PSR
Primary Slice Direction: sagittal

voxel to ras transform:
               -0.0035   0.0139   0.9999   -95.5273
               -1.0000  -0.0000  -0.0035   162.0213
                0.0000   0.9999  -0.0139  -154.6814
                0.0000   0.0000   0.0000     1.0000

voxel-to-ras determinant -1

ras to voxel transform:
               -0.0035  -1.0000   0.0000   161.6844
                0.0139  -0.0000   0.9999   156.0063
                0.9999  -0.0035  -0.0139    93.9300
               -0.0000  -0.0000  -0.0000     1.0000
/rds/projects/q/quinna-camcan/cc700/mri/pipeline/release004/BIDS_20190411/anat/sub-CC112141_T1w

 mri_convert /rds/projects/q/quinna-camcan/cc700/mri/pipeline/release004/BIDS_20190411/anat/sub-CC112141_T1w/mri/rawavg.mgz /rds/projects/q/quinna-camcan/cc700/mri/pipeline/release004/BIDS_20190411/anat/sub-CC112141_T1w/mri/orig.mgz --conform 

mri_convert /rds/projects/q/quinna-camcan/cc700/mri/pipeline/release004/BIDS_20190411/anat/sub-CC112141_T1w/mri/rawavg.mgz /rds/projects/q/quinna-camcan/cc700/mri/pipeline/release004/BIDS_20190411/anat/sub-CC112141_T1w/mri/orig.mgz --conform 
reading from /rds/projects/q/quinna-camcan/cc700/mri/pipeline/release004/BIDS_20190411/anat/sub-CC112141_T1w/mri/rawavg.mgz...
TR=0.00, TE=0.00, TI=0.00, flip angle=0.00
i_ras = (-0.003515, -0.999994, 0)
j_ras = (0.013944, -4.8995e-05, 0.999903)
k_ras = (0.999897, -0.00351501, -0.013944)
changing data type from float to uchar (noscale = 0)...
MRIchangeType: Building histogram 0 752 1000, flo=0, fhi=0.999, dest_type=0
Reslicing using trilinear interpolation 
writing to /rds/projects/q/quinna-camcan/cc700/mri/pipeline/release004/BIDS_20190411/anat/sub-CC112141_T1w/mri/orig.mgz...
@#@FSTIME  2024:09:19:16:35:29 mri_convert N 3 e 2.86 S 0.03 U 2.80 P 99% M 66784 F 0 R 6614 W 0 c 20 w 11 I 0 O 0 L 84.69 83.10 83.02
@#@FSLOADPOST 2024:09:19:16:35:32 mri_convert N 3 84.69 83.10 83.02

 mri_add_xform_to_header -c /rds/projects/q/quinna-camcan/cc700/mri/pipeline/release004/BIDS_20190411/anat/sub-CC112141_T1w/mri/transforms/talairach.xfm /rds/projects/q/quinna-camcan/cc700/mri/pipeline/release004/BIDS_20190411/anat/sub-CC112141_T1w/mri/orig.mgz /rds/projects/q/quinna-camcan/cc700/mri/pipeline/release004/BIDS_20190411/anat/sub-CC112141_T1w/mri/orig.mgz 

INFO: extension is mgz
@#@FSTIME  2024:09:19:16:35:32 mri_add_xform_to_header N 4 e 1.23 S 0.01 U 1.21 P 99% M 21452 F 0 R 1301 W 0 c 9 w 19 I 0 O 0 L 84.69 83.10 83.02
@#@FSLOADPOST 2024:09:19:16:35:34 mri_add_xform_to_header N 4 84.69 83.10 83.02

 mri_info /rds/projects/q/quinna-camcan/cc700/mri/pipeline/release004/BIDS_20190411/anat/sub-CC112141_T1w/mri/orig.mgz 

orig.mgz ========================================
Volume information for /rds/projects/q/quinna-camcan/cc700/mri/pipeline/release004/BIDS_20190411/anat/sub-CC112141_T1w/mri/orig.mgz
          type: MGH
    dimensions: 256 x 256 x 256
   voxel sizes: 1.000000, 1.000000, 1.000000
          type: UCHAR (0)
           fov: 256.000
           dof: 1
        xstart: -128.0, xend: 128.0
        ystart: -128.0, yend: 128.0
        zstart: -128.0, zend: 128.0
            TR: 0.00 msec, TE: 0.00 msec, TI: 0.00 msec, flip angle: 0.00 degrees
       nframes: 1
       PhEncDir: UNKNOWN
       FieldStrength: 0.000000
ras xform present
    xform info: x_r =  -1.0000, y_r =   0.0000, z_r =   0.0000, c_r =     1.7977
              : x_a =   0.0000, y_a =   0.0000, z_a =   1.0000, c_a =    33.6783
              : x_s =   0.0000, y_s =  -1.0000, z_s =   0.0000, c_s =   -28.0324

talairach xfm : /rds/projects/q/quinna-camcan/cc700/mri/pipeline/release004/BIDS_20190411/anat/sub-CC112141_T1w/mri/transforms/talairach.xfm
Orientation   : LIA
Primary Slice Direction: coronal

voxel to ras transform:
               -1.0000   0.0000   0.0000   129.7977
                0.0000   0.0000   1.0000   -94.3217
                0.0000  -1.0000   0.0000    99.9676
                0.0000   0.0000   0.0000     1.0000

voxel-to-ras determinant -1

ras to voxel transform:
               -1.0000  -0.0000  -0.0000   129.7977
               -0.0000  -0.0000  -1.0000    99.9676
               -0.0000   1.0000  -0.0000    94.3217
               -0.0000  -0.0000  -0.0000     1.0000
#--------------------------------------------
#@# Talairach Thu Sep 19 16:35:34 BST 2024
/rds/projects/q/quinna-camcan/cc700/mri/pipeline/release004/BIDS_20190411/anat/sub-CC112141_T1w/mri

 mri_nu_correct.mni --no-rescale --i orig.mgz --o orig_nu.mgz --ants-n4 --n 1 --proto-iters 1000 --distance 50 

/usr/bin/bc
/rds/projects/q/quinna-camcan/cc700/mri/pipeline/release004/BIDS_20190411/anat/sub-CC112141_T1w/mri
/rds/bear-apps/2022a/EL8-ice/software/FreeSurfer/7.4.1-centos8_x86_64/bin/mri_nu_correct.mni
--no-rescale --i orig.mgz --o orig_nu.mgz --ants-n4 --n 1 --proto-iters 1000 --distance 50
nIters 1
mri_nu_correct.mni 7.4.1
Linux bear-pg0202u11a.bear.cluster 4.18.0-372.32.1.el8_6.x86_64 #1 SMP Fri Oct 7 12:35:10 EDT 2022 x86_64 x86_64 x86_64 GNU/Linux
Thu Sep 19 16:35:35 BST 2024
tmpdir is ./tmp.mri_nu_correct.mni.2221588
cd /rds/projects/q/quinna-camcan/cc700/mri/pipeline/release004/BIDS_20190411/anat/sub-CC112141_T1w/mri
AntsN4BiasFieldCorrectionFs -i orig.mgz -o ./tmp.mri_nu_correct.mni.2221588/nu0.mgz --dtype uchar
AntsN4BiasFieldCorrectionFs done
mri_convert ./tmp.mri_nu_correct.mni.2221588/nu0.mgz orig_nu.mgz --like orig.mgz --conform
mri_convert ./tmp.mri_nu_correct.mni.2221588/nu0.mgz orig_nu.mgz --like orig.mgz --conform 
reading from ./tmp.mri_nu_correct.mni.2221588/nu0.mgz...
TR=0.00, TE=0.00, TI=0.00, flip angle=0.00
i_ras = (-1, 0, 0)
j_ras = (9.31323e-10, 0, -1)
k_ras = (0, 1, 0)
INFO: transform src into the like-volume: orig.mgz
writing to orig_nu.mgz...
 
 
Thu Sep 19 16:37:26 BST 2024
mri_nu_correct.mni done
@#@FSTIME  2024:09:19:16:35:34 mri_nu_correct.mni N 12 e 112.22 S 0.47 U 111.13 P 99% M 517284 F 0 R 30775 W 0 c 632 w 11861 I 0 O 0 L 85.43 83.28 83.08
@#@FSLOADPOST 2024:09:19:16:37:26 mri_nu_correct.mni N 12 85.77 83.86 83.30

 talairach_avi --i orig_nu.mgz --xfm transforms/talairach.auto.xfm 

talairach_avi log file is transforms/talairach_avi.log...
mv -f /rds/projects/q/quinna-camcan/cc700/mri/pipeline/release004/BIDS_20190411/anat/sub-CC112141_T1w/mri/talsrcimg_to_711-2C_as_mni_average_305_t4_vox2vox.txt /rds/projects/q/quinna-camcan/cc700/mri/pipeline/release004/BIDS_20190411/anat/sub-CC112141_T1w/mri/transforms/talsrcimg_to_711-2C_as_mni_average_305_t4_vox2vox.txt
Started at Thu Sep 19 16:37:27 BST 2024
Ended   at Thu Sep 19 16:37:45 BST 2024
talairach_avi done
@#@FSTIME  2024:09:19:16:37:27 talairach_avi N 4 e 17.96 S 1.05 U 10.30 P 63% M 256116 F 0 R 37467 W 0 c 94 w 495 I 0 O 32 L 85.77 83.86 83.30
@#@FSLOADPOST 2024:09:19:16:37:45 talairach_avi N 4 85.25 83.83 83.30

 cp transforms/talairach.auto.xfm transforms/talairach.xfm 

lta_convert --src orig.mgz --trg /rds/bear-apps/2022a/EL8-ice/software/FreeSurfer/7.4.1-centos8_x86_64/average/mni305.cor.mgz --inxfm transforms/talairach.xfm --outlta transforms/talairach.xfm.lta --subject fsaverage --ltavox2vox
7.4.1

--src: orig.mgz src image (geometry).
--trg: /rds/bear-apps/2022a/EL8-ice/software/FreeSurfer/7.4.1-centos8_x86_64/average/mni305.cor.mgz trg image (geometry).
--inmni: transforms/talairach.xfm input MNI/XFM transform.
--outlta: transforms/talairach.xfm.lta output LTA.
--s: fsaverage subject name
--ltavox2vox: output LTA as VOX_TO_VOX transform.
 LTA read, type : 1
 1.06184   0.01741   0.00844   3.97630;
 0.00580   0.93694   0.22814  -25.49670;
-0.00901  -0.18032   1.10003   30.19490;
 0.00000   0.00000   0.00000   1.00000;
setting subject to fsaverage
Writing  LTA to file transforms/talairach.xfm.lta...
lta_convert successful.
/rds/projects/q/quinna-camcan/cc700/mri/pipeline/release004/BIDS_20190411/anat/sub-CC112141_T1w/mri/transforms /rds/projects/q/quinna-camcan/cc700/mri/pipeline/release004/BIDS_20190411/anat/sub-CC112141_T1w/mri 
/rds/projects/q/quinna-camcan/cc700/mri/pipeline/release004/BIDS_20190411/anat/sub-CC112141_T1w/mri 
#--------------------------------------------
#@# Nu Intensity Correction Thu Sep 19 16:37:47 BST 2024

 mri_nu_correct.mni --i orig.mgz --o nu.mgz --uchar transforms/talairach.xfm --n 2 --ants-n4 

/usr/bin/bc
/rds/projects/q/quinna-camcan/cc700/mri/pipeline/release004/BIDS_20190411/anat/sub-CC112141_T1w/mri
/rds/bear-apps/2022a/EL8-ice/software/FreeSurfer/7.4.1-centos8_x86_64/bin/mri_nu_correct.mni
--i orig.mgz --o nu.mgz --uchar transforms/talairach.xfm --n 2 --ants-n4
nIters 2
mri_nu_correct.mni 7.4.1
Linux bear-pg0202u11a.bear.cluster 4.18.0-372.32.1.el8_6.x86_64 #1 SMP Fri Oct 7 12:35:10 EDT 2022 x86_64 x86_64 x86_64 GNU/Linux
Thu Sep 19 16:37:47 BST 2024
tmpdir is ./tmp.mri_nu_correct.mni.2223573
cd /rds/projects/q/quinna-camcan/cc700/mri/pipeline/release004/BIDS_20190411/anat/sub-CC112141_T1w/mri
AntsN4BiasFieldCorrectionFs -i orig.mgz -o ./tmp.mri_nu_correct.mni.2223573/nu0.mgz --dtype uchar
AntsN4BiasFieldCorrectionFs done
mri_binarize --i ./tmp.mri_nu_correct.mni.2223573/nu0.mgz --min -1 --o ./tmp.mri_nu_correct.mni.2223573/ones.mgz

7.4.1
cwd /rds/projects/q/quinna-camcan/cc700/mri/pipeline/release004/BIDS_20190411/anat/sub-CC112141_T1w/mri
cmdline mri_binarize --i ./tmp.mri_nu_correct.mni.2223573/nu0.mgz --min -1 --o ./tmp.mri_nu_correct.mni.2223573/ones.mgz 
sysname  Linux
hostname bear-pg0202u11a.bear.cluster
machine  x86_64
user     ghafarit

input      ./tmp.mri_nu_correct.mni.2223573/nu0.mgz
frame      0
nErode3d   0
nErode2d   0
output     ./tmp.mri_nu_correct.mni.2223573/ones.mgz
Binarizing based on threshold
min        -1
max        +infinity
binval        1
binvalnot     0
fstart = 0, fend = 0, nframes = 1
Starting parallel 1
Found 16777216 values in range
Counting number of voxels in first frame
Found 16777215 voxels in final mask
Writing output to ./tmp.mri_nu_correct.mni.2223573/ones.mgz
Count: 16777215 16777215.000000 16777216 99.999994
mri_binarize done
mri_segstats --id 1 --seg ./tmp.mri_nu_correct.mni.2223573/ones.mgz --i orig.mgz --sum ./tmp.mri_nu_correct.mni.2223573/sum.junk --avgwf ./tmp.mri_nu_correct.mni.2223573/input.mean.dat

7.4.1
cwd 
cmdline mri_segstats --id 1 --seg ./tmp.mri_nu_correct.mni.2223573/ones.mgz --i orig.mgz --sum ./tmp.mri_nu_correct.mni.2223573/sum.junk --avgwf ./tmp.mri_nu_correct.mni.2223573/input.mean.dat 
sysname  Linux
hostname bear-pg0202u11a.bear.cluster
machine  x86_64
user     ghafarit
whitesurfname  white
UseRobust  0
Loading ./tmp.mri_nu_correct.mni.2223573/ones.mgz
Loading orig.mgz
Voxel Volume is 1 mm^3
Generating list of segmentation ids
Found   1 segmentations
Computing statistics for each segmentation

Reporting on   1 segmentations
Using PrintSegStat
Computing spatial average of each frame

Writing to ./tmp.mri_nu_correct.mni.2223573/input.mean.dat
mri_segstats done
mri_segstats --id 1 --seg ./tmp.mri_nu_correct.mni.2223573/ones.mgz --i ./tmp.mri_nu_correct.mni.2223573/nu0.mgz --sum ./tmp.mri_nu_correct.mni.2223573/sum.junk --avgwf ./tmp.mri_nu_correct.mni.2223573/output.mean.dat

7.4.1
cwd 
cmdline mri_segstats --id 1 --seg ./tmp.mri_nu_correct.mni.2223573/ones.mgz --i ./tmp.mri_nu_correct.mni.2223573/nu0.mgz --sum ./tmp.mri_nu_correct.mni.2223573/sum.junk --avgwf ./tmp.mri_nu_correct.mni.2223573/output.mean.dat 
sysname  Linux
hostname bear-pg0202u11a.bear.cluster
machine  x86_64
user     ghafarit
whitesurfname  white
UseRobust  0
Loading ./tmp.mri_nu_correct.mni.2223573/ones.mgz
Loading ./tmp.mri_nu_correct.mni.2223573/nu0.mgz
Voxel Volume is 1 mm^3
Generating list of segmentation ids
Found   1 segmentations
Computing statistics for each segmentation

Reporting on   1 segmentations
Using PrintSegStat
Computing spatial average of each frame

Writing to ./tmp.mri_nu_correct.mni.2223573/output.mean.dat
mri_segstats done
mris_calc -o ./tmp.mri_nu_correct.mni.2223573/nu0.mgz ./tmp.mri_nu_correct.mni.2223573/nu0.mgz mul 1.07058547986245685321
Saving result to './tmp.mri_nu_correct.mni.2223573/nu0.mgz' (type = MGH )                       [ ok ]
mri_convert ./tmp.mri_nu_correct.mni.2223573/nu0.mgz nu.mgz --like orig.mgz
mri_convert ./tmp.mri_nu_correct.mni.2223573/nu0.mgz nu.mgz --like orig.mgz 
reading from ./tmp.mri_nu_correct.mni.2223573/nu0.mgz...
TR=0.00, TE=0.00, TI=0.00, flip angle=0.00
i_ras = (-1, 0, 0)
j_ras = (9.31323e-10, 0, -1)
k_ras = (0, 1, 0)
INFO: transform src into the like-volume: orig.mgz
writing to nu.mgz...
mri_make_uchar nu.mgz transforms/talairach.xfm nu.mgz
type change took 0 minutes and 3 seconds.
FIRST_PERCENTILE 0.010000
WM_PERCENTILE    0.900000
MAX_R 50.000000
i1 = 2, i2 = 55
#mri_make_uchar# mapping  5 128 to  3 110  :  b -1.50472 m 0.872646 : thresh 1.72432 maxsat 293.939 : nzero 11624017 nsat 0
 
 
Thu Sep 19 16:39:54 BST 2024
mri_nu_correct.mni done
@#@FSTIME  2024:09:19:16:37:47 mri_nu_correct.mni N 9 e 126.48 S 0.86 U 124.60 P 99% M 612324 F 0 R 176542 W 0 c 711 w 280 I 0 O 0 L 85.25 83.83 83.30
@#@FSLOADPOST 2024:09:19:16:39:54 mri_nu_correct.mni N 9 87.15 85.16 83.86

 mri_add_xform_to_header -c /rds/projects/q/quinna-camcan/cc700/mri/pipeline/release004/BIDS_20190411/anat/sub-CC112141_T1w/mri/transforms/talairach.xfm nu.mgz nu.mgz 

INFO: extension is mgz
@#@FSTIME  2024:09:19:16:39:54 mri_add_xform_to_header N 4 e 0.48 S 0.02 U 0.45 P 98% M 21572 F 0 R 1313 W 0 c 3 w 18 I 0 O 0 L 87.15 85.16 83.86
@#@FSLOADPOST 2024:09:19:16:39:54 mri_add_xform_to_header N 4 86.10 84.97 83.80
#--------------------------------------------
#@# Intensity Normalization Thu Sep 19 16:39:55 BST 2024
/rds/projects/q/quinna-camcan/cc700/mri/pipeline/release004/BIDS_20190411/anat/sub-CC112141_T1w/mri

 mri_normalize -g 1 -seed 1234 -mprage nu.mgz T1.mgz 

using max gradient = 1.000
setting seed for random number genererator to 1234
assuming input volume is MGH (Van der Kouwe) MP-RAGE
reading mri_src from nu.mgz...
normalizing image...
NOT doing gentle normalization with control points/label
talairach transform
 1.06184   0.01741   0.00844   3.97630;
 0.00580   0.93694   0.22814  -25.49670;
-0.00901  -0.18032   1.10003   30.19490;
 0.00000   0.00000   0.00000   1.00000;
processing without aseg, no1d=0
MRInormInit(): 
INFO: Modifying talairach volume c_(r,a,s) based on average_305
MRInormalize(): 
MRIsplineNormalize(): npeaks = 21
Starting OpenSpline(): npoints = 21
building Voronoi diagram...
performing soap bubble smoothing, sigma = 8...

Iterating 2 times
---------------------------------
3d normalization pass 1 of 2
white matter peak found at 110
white matter peak found at 110
gm peak at 83 (83), valley at 58 (58)
csf peak at 41, setting threshold to 69
building Voronoi diagram...
performing soap bubble smoothing, sigma = 8...
---------------------------------
3d normalization pass 2 of 2
white matter peak found at 110
white matter peak found at 110
gm peak at 83 (83), valley at 44 (44)
csf peak at 42, setting threshold to 69
building Voronoi diagram...
performing soap bubble smoothing, sigma = 8...
Done iterating ---------------------------------
writing output to T1.mgz
3D bias adjustment took 1 minutes and 17 seconds.
@#@FSTIME  2024:09:19:16:39:55 mri_normalize N 7 e 77.51 S 0.16 U 76.97 P 99% M 583952 F 0 R 16410 W 0 c 430 w 17 I 0 O 0 L 86.10 84.97 83.80
@#@FSLOADPOST 2024:09:19:16:41:12 mri_normalize N 7 83.91 84.73 83.82
#--------------------------------------------
#@# Skull Stripping Thu Sep 19 16:41:12 BST 2024
/rds/projects/q/quinna-camcan/cc700/mri/pipeline/release004/BIDS_20190411/anat/sub-CC112141_T1w/mri

 mri_em_register -skull nu.mgz /rds/bear-apps/2022a/EL8-ice/software/FreeSurfer/7.4.1-centos8_x86_64/average/RB_all_withskull_2020_01_02.gca transforms/talairach_with_skull.lta 

aligning to atlas containing skull, setting unknown_nbr_spacing = 5

== Number of threads available to mri_em_register for OpenMP = 1 == 
reading 1 input volumes...
logging results to talairach_with_skull.log
reading '/rds/bear-apps/2022a/EL8-ice/software/FreeSurfer/7.4.1-centos8_x86_64/average/RB_all_withskull_2020_01_02.gca'...
GCAread took 0 minutes and 1 seconds.
average std = 23.0   using min determinant for regularization = 52.8
0 singular and 9205 ill-conditioned covariance matrices regularized
reading 'nu.mgz'...
freeing gibbs priors...done.
accounting for voxel sizes in initial transform
bounding unknown intensity as < 8.9 or > 556.0 
total sample mean = 77.3 (1403 zeros)
************************************************
spacing=8, using 3292 sample points, tol=1.00e-05...
************************************************
register_mri: find_optimal_transform
find_optimal_transform: nsamples 3292, passno 0, spacing 8
resetting wm mean[0]: 100 --> 108
resetting gm mean[0]: 61 --> 61
input volume #1 is the most T1-like
using real data threshold=5.0
skull bounding box = (51, 41, 0) --> (214, 255, 219)
finding center of left hemi white matter
using (105, 112, 110) as brain centroid of Right_Cerebral_White_Matter...
MRImask(): AllowDiffGeom = 1
mean wm in atlas = 108, using box (85,86,83) --> (125, 138,137) to find MRI wm
before smoothing, mri peak at 107
robust fit to distribution - 107 +- 4.6
after smoothing, mri peak at 108, scaling input intensities by 1.000
scaling channel 0 by 1
initial log_p = -4.462
************************************************
First Search limited to translation only.
************************************************
max log p =    -4.462073 @ (0.000, 0.000, 0.000)
max log p =    -4.368219 @ (-5.263, -5.263, 5.263)
max log p =    -4.338858 @ (-2.632, 7.895, -2.632)
max log p =    -4.309688 @ (-1.316, -6.579, -1.316)
max log p =    -4.297063 @ (1.974, 3.289, 0.658)
max log p =    -4.296919 @ (-0.987, -6.250, -2.303)
max log p =    -4.296919 @ (0.000, 0.000, 0.000)
max log p =    -4.296919 @ (0.000, 0.000, 0.000)
Found translation: (-8.2, -6.9, -0.3): log p = -4.297
****************************************
Nine parameter search.  iteration 0 nscales = 0 ...
****************************************
Result so far: scale 1.000: max_log_p=-4.138, old_max_log_p =-4.297 (thresh=-4.3)
 1.06375   0.00000   0.00000  -16.72322;
 0.00000   1.02750   0.27532  -35.32846;
 0.00000  -0.25882   0.96593   34.53890;
 0.00000   0.00000   0.00000   1.00000;
iteration took 1 minutes and 9 seconds.
****************************************
Nine parameter search.  iteration 1 nscales = 0 ...
****************************************
Result so far: scale 1.000: max_log_p=-4.138, old_max_log_p =-4.138 (thresh=-4.1)
 1.06375   0.00000   0.00000  -16.72322;
 0.00000   1.02750   0.27532  -35.32846;
 0.00000  -0.25882   0.96593   34.53890;
 0.00000   0.00000   0.00000   1.00000;
reducing scale to 0.2500
iteration took 1 minutes and 6 seconds.
****************************************
Nine parameter search.  iteration 2 nscales = 1 ...
****************************************
Result so far: scale 0.250: max_log_p=-4.101, old_max_log_p =-4.138 (thresh=-4.1)
 1.06318   0.00602  -0.03092  -13.99648;
 0.00000   1.06177   0.21552  -31.28767;
 0.03480  -0.18380   0.94454   27.42851;
 0.00000   0.00000   0.00000   1.00000;
iteration took 0 minutes and 58 seconds.
****************************************
Nine parameter search.  iteration 3 nscales = 1 ...
****************************************
Result so far: scale 0.250: max_log_p=-4.101, old_max_log_p =-4.101 (thresh=-4.1)
 1.06375   0.00000   0.00000  -16.66187;
 0.00000   1.08168   0.21956  -32.66386;
 0.00000  -0.18735   0.96276   30.54062;
 0.00000   0.00000   0.00000   1.00000;
reducing scale to 0.0625
iteration took 0 minutes and 58 seconds.
****************************************
Nine parameter search.  iteration 4 nscales = 2 ...
****************************************
Result so far: scale 0.062: max_log_p=-4.072, old_max_log_p =-4.101 (thresh=-4.1)
 1.06161  -0.01977  -0.03704  -9.98384;
 0.02579   1.07995   0.22661  -37.57812;
 0.03482  -0.19537   0.95705   27.64145;
 0.00000   0.00000   0.00000   1.00000;
iteration took 0 minutes and 49 seconds.
****************************************
Nine parameter search.  iteration 5 nscales = 2 ...
****************************************
Result so far: scale 0.062: max_log_p=-4.072, old_max_log_p =-4.072 (thresh=-4.1)
 1.06161  -0.01977  -0.03704  -9.98384;
 0.02579   1.07995   0.22661  -37.57812;
 0.03482  -0.19537   0.95705   27.64145;
 0.00000   0.00000   0.00000   1.00000;
min search scale 0.025000 reached
***********************************************
Computing MAP estimate using 3292 samples...
***********************************************
dt = 5.00e-06, momentum=0.80, tol=1.00e-05
l_intensity = 1.0000
Aligning input volume to GCA...
Transform matrix
 1.06161  -0.01977  -0.03704  -9.98384;
 0.02579   1.07995   0.22661  -37.57812;
 0.03482  -0.19537   0.95705   27.64145;
 0.00000   0.00000   0.00000   1.00000;
nsamples 3292
Quasinewton: input matrix
 1.06161  -0.01977  -0.03704  -9.98384;
 0.02579   1.07995   0.22661  -37.57812;
 0.03482  -0.19537   0.95705   27.64145;
 0.00000   0.00000   0.00000   1.00000;
 IFLAG= -1  LINE SEARCH FAILED. SEE DOCUMENTATION OF ROUTINE MCSRCH ERROR RETURN OF LINE SEARCH: INFO= 3 POSSIBLE CAUSES: FUNCTION OR GRADIENT ARE INCORRECT OR INCORRECT TOLERANCESoutof QuasiNewtonEMA: 008: -log(p) =   -0.0  tol 0.000010
Resulting transform:
 1.06161  -0.01977  -0.03704  -9.98384;
 0.02579   1.07995   0.22661  -37.57812;
 0.03482  -0.19537   0.95705   27.64145;
 0.00000   0.00000   0.00000   1.00000;

pass 1, spacing 8: log(p) = -4.072 (old=-4.462)
transform before final EM align:
 1.06161  -0.01977  -0.03704  -9.98384;
 0.02579   1.07995   0.22661  -37.57812;
 0.03482  -0.19537   0.95705   27.64145;
 0.00000   0.00000   0.00000   1.00000;

**************************************************
 EM alignment process ...
 Computing final MAP estimate using 364986 samples. 
**************************************************
dt = 5.00e-06, momentum=0.80, tol=1.00e-07
l_intensity = 1.0000
Aligning input volume to GCA...
Transform matrix
 1.06161  -0.01977  -0.03704  -9.98384;
 0.02579   1.07995   0.22661  -37.57812;
 0.03482  -0.19537   0.95705   27.64145;
 0.00000   0.00000   0.00000   1.00000;
nsamples 364986
Quasinewton: input matrix
 1.06161  -0.01977  -0.03704  -9.98384;
 0.02579   1.07995   0.22661  -37.57812;
 0.03482  -0.19537   0.95705   27.64145;
 0.00000   0.00000   0.00000   1.00000;
 IFLAG= -1  LINE SEARCH FAILED. SEE DOCUMENTATION OF ROUTINE MCSRCH ERROR RETURN OF LINE SEARCH: INFO= 6 POSSIBLE CAUSES: FUNCTION OR GRADIENT ARE INCORRECT OR INCORRECT TOLERANCESoutof QuasiNewtonEMA: 010: -log(p) =    4.4  tol 0.000000
final transform:
 1.06161  -0.01977  -0.03704  -9.98384;
 0.02579   1.07995   0.22661  -37.57812;
 0.03482  -0.19537   0.95705   27.64145;
 0.00000   0.00000   0.00000   1.00000;

writing output transformation to transforms/talairach_with_skull.lta...
#VMPC# mri_em_register VmPeak  796888
FSRUNTIME@ mri_em_register  0.1103 hours 1 threads
registration took 6 minutes and 37 seconds.
@#@FSTIME  2024:09:19:16:41:13 mri_em_register N 4 e 397.19 S 0.65 U 394.58 P 99% M 629176 F 0 R 118973 W 0 c 2176 w 16 I 0 O 0 L 83.91 84.73 83.82
@#@FSLOADPOST 2024:09:19:16:47:50 mri_em_register N 4 85.21 85.20 84.46

 mri_watershed -T1 -brain_atlas /rds/bear-apps/2022a/EL8-ice/software/FreeSurfer/7.4.1-centos8_x86_64/average/RB_all_withskull_2020_01_02.gca transforms/talairach_with_skull.lta T1.mgz brainmask.auto.mgz 


Mode:          T1 normalized volume
Mode:          Use the information of atlas (default parms, --help for details)

*********************************************************
The input file is T1.mgz
The output file is brainmask.auto.mgz
Weighting the input with atlas information before watershed

*************************WATERSHED**************************
Sorting...
      first estimation of the COG coord: x=134 y=115 z=107 r=80
      first estimation of the main basin volume: 2164220 voxels
      Looking for seedpoints 
        2 found in the cerebellum 
        17 found in the rest of the brain 
      global maximum in x=112, y=100, z=69, Imax=255
      CSF=20, WM_intensity=110, WM_VARIANCE=5
      WM_MIN=110, WM_HALF_MIN=110, WM_HALF_MAX=110, WM_MAX=110 
      preflooding height equal to 10 percent
done.
Analyze...

      main basin size=9424698116 voxels, voxel volume =1.000 
                     = 9424698116 mmm3 = 9424698.368 cm3
done.
PostAnalyze...Basin Prior
 41 basins merged thanks to atlas 
      ***** 0 basin(s) merged in 1 iteration(s)
      ***** 0 voxel(s) added to the main basin
done.
Weighting the input with prior template 

****************TEMPLATE DEFORMATION****************

      second estimation of the COG coord: x=133,y=121, z=101, r=10962 iterations
^^^^^^^^ couldn't find WM with original limits - expanding ^^^^^^

   GLOBAL      CSF_MIN=0, CSF_intensity=9, CSF_MAX=51 , nb = 44388
  RIGHT_CER    CSF_MIN=0, CSF_intensity=9, CSF_MAX=95 , nb = 2628
  LEFT_CER     CSF_MIN=1, CSF_intensity=2, CSF_MAX=102 , nb = 2340
 RIGHT_BRAIN   CSF_MIN=0, CSF_intensity=9, CSF_MAX=48 , nb = 19512
 LEFT_BRAIN    CSF_MIN=0, CSF_intensity=9, CSF_MAX=49 , nb = 19368
    OTHER      CSF_MIN=1, CSF_intensity=23, CSF_MAX=30 , nb = 540
 Problem with the least square interpolation in GM_MIN calculation.
   
                     CSF_MAX  TRANSITION  GM_MIN  GM
    GLOBAL     
  before analyzing :    51,      51,        52,   78
  after  analyzing :    37,      51,        52,   57
   RIGHT_CER   
  before analyzing :    95,      70,        65,   83
  after  analyzing :    49,      70,        70,   73
   LEFT_CER    
  before analyzing :    102,      71,        67,   83
  after  analyzing :    47,      71,        71,   74
  RIGHT_BRAIN  
  before analyzing :    48,      50,        52,   77
  after  analyzing :    48,      51,        52,   57
  LEFT_BRAIN   
  before analyzing :    49,      50,        52,   76
  after  analyzing :    49,      51,        52,   57
     OTHER     
  before analyzing :    30,      27,        23,   33
  after  analyzing :    25,      27,        27,   28
      mri_strip_skull: done peeling brain
      highly tesselated surface with 10242 vertices
      matching...66 iterations

*********************VALIDATION*********************
curvature mean = -0.013, std = 0.011
curvature mean = 71.240, std = 7.996

No Rigid alignment: -atlas Mode Off (basic atlas / no registration)
      before rotation: sse = 1.90, sigma = 3.25
      after  rotation: sse = 1.90, sigma = 3.25
Localization of inacurate regions: Erosion-Dilation steps
      the sse mean is  1.93, its var is  2.65   
      before Erosion-Dilatation  0.16% of inacurate vertices
      after  Erosion-Dilatation  0.00% of inacurate vertices
      Validation of the shape of the surface done.
Scaling of atlas fields onto current surface fields

********FINAL ITERATIVE TEMPLATE DEFORMATION********
Compute Local values csf/gray
Fine Segmentation...56 iterations

      mri_strip_skull: done peeling brain

Brain Size = 1783681 voxels, voxel volume = 1.000 mm3
           = 1783681 mmm3 = 1783.681 cm3


******************************
Saving brainmask.auto.mgz
done
mri_watershed done
@#@FSTIME  2024:09:19:16:47:50 mri_watershed N 6 e 12.64 S 0.34 U 11.64 P 94% M 815884 F 0 R 188067 W 0 c 85 w 34 I 0 O 0 L 85.21 85.20 84.46
@#@FSLOADPOST 2024:09:19:16:48:03 mri_watershed N 6 84.89 85.13 84.45

 cp brainmask.auto.mgz brainmask.mgz 

#-------------------------------------
#@# EM Registration Thu Sep 19 16:48:04 BST 2024
/rds/projects/q/quinna-camcan/cc700/mri/pipeline/release004/BIDS_20190411/anat/sub-CC112141_T1w/mri

 mri_em_register -uns 3 -mask brainmask.mgz nu.mgz /rds/bear-apps/2022a/EL8-ice/software/FreeSurfer/7.4.1-centos8_x86_64/average/RB_all_2020-01-02.gca transforms/talairach.lta 

setting unknown_nbr_spacing = 3
using MR volume brainmask.mgz to mask input volume...

== Number of threads available to mri_em_register for OpenMP = 1 == 
reading 1 input volumes...
logging results to talairach.log
reading '/rds/bear-apps/2022a/EL8-ice/software/FreeSurfer/7.4.1-centos8_x86_64/average/RB_all_2020-01-02.gca'...
GCAread took 0 minutes and 1 seconds.
average std = 7.2   using min determinant for regularization = 5.2
0 singular and 884 ill-conditioned covariance matrices regularized
reading 'nu.mgz'...
MRImask(): AllowDiffGeom = 1
MRImask(): AllowDiffGeom = 1
MRImask(): AllowDiffGeom = 1
MRImask(): AllowDiffGeom = 1
MRImask(): AllowDiffGeom = 1
freeing gibbs priors...done.
accounting for voxel sizes in initial transform
bounding unknown intensity as < 5.9 or > 519.0 
total sample mean = 79.1 (1017 zeros)
************************************************
spacing=8, using 2841 sample points, tol=1.00e-05...
************************************************
register_mri: find_optimal_transform
find_optimal_transform: nsamples 2841, passno 0, spacing 8
resetting wm mean[0]: 98 --> 107
resetting gm mean[0]: 61 --> 61
input volume #1 is the most T1-like
using real data threshold=28.9
skull bounding box = (66, 54, 19) --> (199, 187, 197)
finding center of left hemi white matter
using (110, 98, 108) as brain centroid of Right_Cerebral_White_Matter...
MRImask(): AllowDiffGeom = 1
mean wm in atlas = 107, using box (94,82,86) --> (126, 114,129) to find MRI wm
before smoothing, mri peak at 107
robust fit to distribution - 107 +- 3.9
after smoothing, mri peak at 107, scaling input intensities by 1.000
scaling channel 0 by 1
initial log_p = -4.097
************************************************
First Search limited to translation only.
************************************************
max log p =    -4.067835 @ (-10.526, 10.526, 10.526)
max log p =    -3.916121 @ (5.263, -5.263, -5.263)
max log p =    -3.809500 @ (-2.632, -2.632, -2.632)
max log p =    -3.768013 @ (-1.316, -3.947, -1.316)
max log p =    -3.768013 @ (0.000, 0.000, 0.000)
max log p =    -3.768013 @ (0.000, 0.000, 0.000)
max log p =    -3.768013 @ (0.000, 0.000, 0.000)
max log p =    -3.768013 @ (0.000, 0.000, 0.000)
Found translation: (-9.2, -1.3, 1.3): log p = -3.768
****************************************
Nine parameter search.  iteration 0 nscales = 0 ...
****************************************
Result so far: scale 1.000: max_log_p=-3.605, old_max_log_p =-3.768 (thresh=-3.8)
 1.07500   0.00000   0.00000  -19.41149;
 0.00000   1.06580   0.14032  -23.85964;
 0.00000  -0.12074   0.91709   24.50908;
 0.00000   0.00000   0.00000   1.00000;
iteration took 0 minutes and 58 seconds.
****************************************
Nine parameter search.  iteration 1 nscales = 0 ...
****************************************
Result so far: scale 1.000: max_log_p=-3.605, old_max_log_p =-3.605 (thresh=-3.6)
 1.07500   0.00000   0.00000  -19.41149;
 0.00000   1.06580   0.14032  -23.85964;
 0.00000  -0.12074   0.91709   24.50908;
 0.00000   0.00000   0.00000   1.00000;
reducing scale to 0.2500
iteration took 0 minutes and 59 seconds.
****************************************
Nine parameter search.  iteration 2 nscales = 1 ...
****************************************
Result so far: scale 0.250: max_log_p=-3.518, old_max_log_p =-3.605 (thresh=-3.6)
 1.01428   0.03985  -0.01845  -12.11782;
-0.03447   1.01987   0.25455  -23.77700;
 0.03649  -0.25866   0.89038   42.58629;
 0.00000   0.00000   0.00000   1.00000;
iteration took 0 minutes and 54 seconds.
****************************************
Nine parameter search.  iteration 3 nscales = 1 ...
****************************************
Result so far: scale 0.250: max_log_p=-3.518, old_max_log_p =-3.518 (thresh=-3.5)
 1.01428   0.03985  -0.01845  -12.11782;
-0.03447   1.01987   0.25455  -23.77700;
 0.03649  -0.25866   0.89038   42.58629;
 0.00000   0.00000   0.00000   1.00000;
reducing scale to 0.0625
iteration took 0 minutes and 55 seconds.
****************************************
Nine parameter search.  iteration 4 nscales = 2 ...
****************************************
Result so far: scale 0.062: max_log_p=-3.498, old_max_log_p =-3.518 (thresh=-3.5)
 1.01740   0.05480  -0.00720  -15.45234;
-0.05172   1.02444   0.24026  -20.58399;
 0.02759  -0.24155   0.89248   41.98714;
 0.00000   0.00000   0.00000   1.00000;
iteration took 0 minutes and 45 seconds.
****************************************
Nine parameter search.  iteration 5 nscales = 2 ...
****************************************
Result so far: scale 0.062: max_log_p=-3.495, old_max_log_p =-3.498 (thresh=-3.5)
 1.01860   0.05486  -0.00720  -15.61904;
-0.05144   1.02122   0.24728  -20.93497;
 0.02808  -0.25049   0.89258   42.98491;
 0.00000   0.00000   0.00000   1.00000;
min search scale 0.025000 reached
***********************************************
Computing MAP estimate using 2841 samples...
***********************************************
dt = 5.00e-06, momentum=0.80, tol=1.00e-05
l_intensity = 1.0000
Aligning input volume to GCA...
Transform matrix
 1.01860   0.05486  -0.00720  -15.61904;
-0.05144   1.02122   0.24728  -20.93497;
 0.02808  -0.25049   0.89258   42.98491;
 0.00000   0.00000   0.00000   1.00000;
nsamples 2841
Quasinewton: input matrix
 1.01860   0.05486  -0.00720  -15.61904;
-0.05144   1.02122   0.24728  -20.93497;
 0.02808  -0.25049   0.89258   42.98491;
 0.00000   0.00000   0.00000   1.00000;
 IFLAG= -1  LINE SEARCH FAILED. SEE DOCUMENTATION OF ROUTINE MCSRCH ERROR RETURN OF LINE SEARCH: INFO= 3 POSSIBLE CAUSES: FUNCTION OR GRADIENT ARE INCORRECT OR INCORRECT TOLERANCESoutof QuasiNewtonEMA: 008: -log(p) =   -0.0  tol 0.000010
Resulting transform:
 1.01860   0.05486  -0.00720  -15.61904;
-0.05144   1.02122   0.24728  -20.93497;
 0.02808  -0.25049   0.89258   42.98491;
 0.00000   0.00000   0.00000   1.00000;

pass 1, spacing 8: log(p) = -3.495 (old=-4.097)
transform before final EM align:
 1.01860   0.05486  -0.00720  -15.61904;
-0.05144   1.02122   0.24728  -20.93497;
 0.02808  -0.25049   0.89258   42.98491;
 0.00000   0.00000   0.00000   1.00000;

**************************************************
 EM alignment process ...
 Computing final MAP estimate using 315638 samples. 
**************************************************
dt = 5.00e-06, momentum=0.80, tol=1.00e-07
l_intensity = 1.0000
Aligning input volume to GCA...
Transform matrix
 1.01860   0.05486  -0.00720  -15.61904;
-0.05144   1.02122   0.24728  -20.93497;
 0.02808  -0.25049   0.89258   42.98491;
 0.00000   0.00000   0.00000   1.00000;
nsamples 315638
Quasinewton: input matrix
 1.01860   0.05486  -0.00720  -15.61904;
-0.05144   1.02122   0.24728  -20.93497;
 0.02808  -0.25049   0.89258   42.98491;
 0.00000   0.00000   0.00000   1.00000;
dfp_em_step_func: 009: -log(p) = 3.9
after pass:transform: ( 1.02, 0.05, -0.01, -15.62)
                      ( -0.05, 1.02, 0.25, -20.93)
                      ( 0.03, -0.25, 0.89, 42.98)
 IFLAG= -1  LINE SEARCH FAILED. SEE DOCUMENTATION OF ROUTINE MCSRCH ERROR RETURN OF LINE SEARCH: INFO= 3 POSSIBLE CAUSES: FUNCTION OR GRADIENT ARE INCORRECT OR INCORRECT TOLERANCESpass 2 through quasi-newton minimization...
 IFLAG= -1  LINE SEARCH FAILED. SEE DOCUMENTATION OF ROUTINE MCSRCH ERROR RETURN OF LINE SEARCH: INFO= 3 POSSIBLE CAUSES: FUNCTION OR GRADIENT ARE INCORRECT OR INCORRECT TOLERANCESoutof QuasiNewtonEMA: 011: -log(p) =    3.9  tol 0.000000
final transform:
 1.01860   0.05486  -0.00720  -15.61904;
-0.05144   1.02122   0.24728  -20.93497;
 0.02808  -0.25049   0.89258   42.98491;
 0.00000   0.00000   0.00000   1.00000;

writing output transformation to transforms/talairach.lta...
#VMPC# mri_em_register VmPeak  784340
FSRUNTIME@ mri_em_register  0.1080 hours 1 threads
registration took 6 minutes and 29 seconds.
@#@FSTIME  2024:09:19:16:48:04 mri_em_register N 7 e 388.83 S 0.65 U 380.97 P 98% M 614488 F 0 R 114451 W 0 c 2102 w 15 I 0 O 0 L 84.89 85.13 84.45
@#@FSLOADPOST 2024:09:19:16:54:33 mri_em_register N 7 85.57 85.71 85.03
#--------------------------------------
#@# CA Normalize Thu Sep 19 16:54:33 BST 2024
/rds/projects/q/quinna-camcan/cc700/mri/pipeline/release004/BIDS_20190411/anat/sub-CC112141_T1w/mri

 mri_ca_normalize -c ctrl_pts.mgz -mask brainmask.mgz nu.mgz /rds/bear-apps/2022a/EL8-ice/software/FreeSurfer/7.4.1-centos8_x86_64/average/RB_all_2020-01-02.gca transforms/talairach.lta norm.mgz 

writing control point volume to ctrl_pts.mgz
using MR volume brainmask.mgz to mask input volume...
reading 1 input volume
reading atlas from '/rds/bear-apps/2022a/EL8-ice/software/FreeSurfer/7.4.1-centos8_x86_64/average/RB_all_2020-01-02.gca'...
reading transform from 'transforms/talairach.lta'...
reading input volume from nu.mgz...
resetting wm mean[0]: 98 --> 107
resetting gm mean[0]: 61 --> 61
input volume #1 is the most T1-like
using real data threshold=28.9
skull bounding box = (66, 54, 19) --> (199, 187, 197)
finding center of left hemi white matter
using (110, 98, 108) as brain centroid of Right_Cerebral_White_Matter...
mean wm in atlas = 107, using box (94,82,86) --> (126, 114,129) to find MRI wm
before smoothing, mri peak at 107
robust fit to distribution - 107 +- 3.9
after smoothing, mri peak at 107, scaling input intensities by 1.000
scaling channel 0 by 1
using 246437 sample points...
INFO: compute sample coordinates transform
 1.01860   0.05486  -0.00720  -15.61904;
-0.05144   1.02122   0.24728  -20.93497;
 0.02808  -0.25049   0.89258   42.98491;
 0.00000   0.00000   0.00000   1.00000;
INFO: transform used
finding control points in Left_Cerebral_White_Matter....
found 40230 control points for structure...
bounding box (130, 58, 18) --> (199, 170, 195)
Left_Cerebral_White_Matter: limiting intensities to 98.0 --> 132.0
2 of 5775 (0.0%) samples deleted
finding control points in Right_Cerebral_White_Matter....
found 39478 control points for structure...
bounding box (70, 56, 17) --> (137, 162, 197)
Right_Cerebral_White_Matter: limiting intensities to 97.0 --> 132.0
7 of 5129 (0.1%) samples deleted
finding control points in Left_Cerebellum_White_Matter....
found 3105 control points for structure...
bounding box (133, 141, 49) --> (179, 187, 108)
Left_Cerebellum_White_Matter: limiting intensities to 105.0 --> 132.0
0 of 20 (0.0%) samples deleted
finding control points in Right_Cerebellum_White_Matter....
found 2710 control points for structure...
bounding box (87, 141, 47) --> (132, 182, 109)
Right_Cerebellum_White_Matter: limiting intensities to 100.0 --> 132.0
0 of 29 (0.0%) samples deleted
finding control points in Brain_Stem....
found 3475 control points for structure...
bounding box (115, 130, 88) --> (150, 197, 120)
Brain_Stem: limiting intensities to 92.0 --> 132.0
0 of 51 (0.0%) samples deleted
using 11004 total control points for intensity normalization...
bias field = 0.979 +- 0.041
115 of 10995 control points discarded
finding control points in Left_Cerebral_White_Matter....
found 40230 control points for structure...
bounding box (130, 58, 18) --> (199, 170, 195)
Left_Cerebral_White_Matter: limiting intensities to 92.0 --> 132.0
0 of 6261 (0.0%) samples deleted
finding control points in Right_Cerebral_White_Matter....
found 39478 control points for structure...
bounding box (70, 56, 17) --> (137, 162, 197)
Right_Cerebral_White_Matter: limiting intensities to 91.0 --> 132.0
7 of 5744 (0.1%) samples deleted
finding control points in Left_Cerebellum_White_Matter....
found 3105 control points for structure...
bounding box (133, 141, 49) --> (179, 187, 108)
Left_Cerebellum_White_Matter: limiting intensities to 92.0 --> 132.0
14 of 84 (16.7%) samples deleted
finding control points in Right_Cerebellum_White_Matter....
found 2710 control points for structure...
bounding box (87, 141, 47) --> (132, 182, 109)
Right_Cerebellum_White_Matter: limiting intensities to 88.0 --> 132.0
4 of 52 (7.7%) samples deleted
finding control points in Brain_Stem....
found 3475 control points for structure...
bounding box (115, 130, 88) --> (150, 197, 120)
Brain_Stem: limiting intensities to 88.0 --> 132.0
6 of 108 (5.6%) samples deleted
using 12249 total control points for intensity normalization...
bias field = 1.036 +- 0.043
135 of 12109 control points discarded
finding control points in Left_Cerebral_White_Matter....
found 40230 control points for structure...
bounding box (130, 58, 18) --> (199, 170, 195)
Left_Cerebral_White_Matter: limiting intensities to 91.0 --> 132.0
8 of 6165 (0.1%) samples deleted
finding control points in Right_Cerebral_White_Matter....
found 39478 control points for structure...
bounding box (70, 56, 17) --> (137, 162, 197)
Right_Cerebral_White_Matter: limiting intensities to 90.0 --> 132.0
8 of 5672 (0.1%) samples deleted
finding control points in Left_Cerebellum_White_Matter....
found 3105 control points for structure...
bounding box (133, 141, 49) --> (179, 187, 108)
Left_Cerebellum_White_Matter: limiting intensities to 88.0 --> 132.0
81 of 139 (58.3%) samples deleted
finding control points in Right_Cerebellum_White_Matter....
found 2710 control points for structure...
bounding box (87, 141, 47) --> (132, 182, 109)
Right_Cerebellum_White_Matter: limiting intensities to 88.0 --> 132.0
58 of 114 (50.9%) samples deleted
finding control points in Brain_Stem....
found 3475 control points for structure...
bounding box (115, 130, 88) --> (150, 197, 120)
Brain_Stem: limiting intensities to 88.0 --> 132.0
63 of 217 (29.0%) samples deleted
using 12307 total control points for intensity normalization...
bias field = 1.036 +- 0.039
52 of 11927 control points discarded
writing normalized volume to norm.mgz...
writing control points to ctrl_pts.mgz
freeing GCA...done.
normalization took 0 minutes and 42 seconds.
@#@FSTIME  2024:09:19:16:54:33 mri_ca_normalize N 8 e 42.12 S 0.34 U 41.57 P 99% M 930940 F 0 R 137146 W 0 c 254 w 22 I 0 O 0 L 85.57 85.71 85.03
@#@FSLOADPOST 2024:09:19:16:55:15 mri_ca_normalize N 8 82.69 84.93 84.80
#--------------------------------------
#@# CA Reg Thu Sep 19 16:55:15 BST 2024
/rds/projects/q/quinna-camcan/cc700/mri/pipeline/release004/BIDS_20190411/anat/sub-CC112141_T1w/mri

 mri_ca_register -nobigventricles -T transforms/talairach.lta -align-after -mask brainmask.mgz norm.mgz /rds/bear-apps/2022a/EL8-ice/software/FreeSurfer/7.4.1-centos8_x86_64/average/RB_all_2020-01-02.gca transforms/talairach.m3z 

not handling expanded ventricles...
using previously computed transform transforms/talairach.lta
renormalizing sequences with structure alignment, equivalent to:
	-renormalize
	-regularize_mean 0.500
	-regularize 0.500
using MR volume brainmask.mgz to mask input volume...

== Number of threads available to mri_ca_register for OpenMP = 1 == 
reading 1 input volumes...
logging results to talairach.log
reading input volume 'norm.mgz'...
reading GCA '/rds/bear-apps/2022a/EL8-ice/software/FreeSurfer/7.4.1-centos8_x86_64/average/RB_all_2020-01-02.gca'...
label assignment complete, 0 changed (0.00%)
freeing gibbs priors...done.
average std[0] = 5.0
Starting GCAMregister()
label assignment complete, 0 changed (0.00%)
npasses = 1, nlevels = 6
#pass# 1 of 1 ************************
enabling zero nodes
setting smoothness cost coefficient to 0.156

#GCAMreg# pass 0 level1 5 level2 0 tsec 0 sigma 2
l_jacobian=1.00 l_label=1.00 l_log_likelihood=0.20 l_smoothness=0.16 
tol=2.50e-01, dt=5.00e-02, exp_k=20.0, momentum=0.90, levels=6, niter=500, lbl_dist=10.00, avgs=256, sigma=2.0,type=2, relabel=0, neg=no

blurring input image with Gaussian with sigma=2.000...
GCAMRegisterLevel(): init RMS 0.864072
























#GCAMreg# pass 0 level1 5 level2 1 tsec 266.876 sigma 0.5
l_jacobian=1.00 l_label=1.00 l_log_likelihood=0.20 l_smoothness=0.16 
tol=2.50e-01, dt=5.00e-02, exp_k=20.0, momentum=0.90, levels=6, niter=500, lbl_dist=10.00, avgs=256, sigma=0.5,type=2, relabel=0, neg=no

blurring input image with Gaussian with sigma=0.500...
GCAMRegisterLevel(): init RMS 0.712204

















setting smoothness cost coefficient to 0.615

#GCAMreg# pass 0 level1 4 level2 0 tsec 0 sigma 2
l_jacobian=1.00 l_label=1.00 l_log_likelihood=0.20 l_smoothness=0.62 
tol=2.50e-01, dt=5.00e-02, exp_k=20.0, momentum=0.90, levels=6, niter=500, lbl_dist=10.00, avgs=64, sigma=2.0,type=2, relabel=0, neg=no

blurring input image with Gaussian with sigma=2.000...
GCAMRegisterLevel(): init RMS 0.713178





#GCAMreg# pass 0 level1 4 level2 1 tsec 45.166 sigma 0.5
l_jacobian=1.00 l_label=1.00 l_log_likelihood=0.20 l_smoothness=0.62 
tol=2.50e-01, dt=5.00e-02, exp_k=20.0, momentum=0.90, levels=6, niter=500, lbl_dist=10.00, avgs=64, sigma=0.5,type=2, relabel=0, neg=no

blurring input image with Gaussian with sigma=0.500...
GCAMRegisterLevel(): init RMS 0.712329












setting smoothness cost coefficient to 2.353

#GCAMreg# pass 0 level1 3 level2 0 tsec 0 sigma 2
l_jacobian=1.00 l_label=1.00 l_log_likelihood=0.20 l_smoothness=2.35 
tol=2.50e-01, dt=5.00e-02, exp_k=20.0, momentum=0.90, levels=6, niter=500, lbl_dist=10.00, avgs=16, sigma=2.0,type=2, relabel=0, neg=no

blurring input image with Gaussian with sigma=2.000...
GCAMRegisterLevel(): init RMS 0.719409


#GCAMreg# pass 0 level1 3 level2 1 tsec 25.984 sigma 0.5
l_jacobian=1.00 l_label=1.00 l_log_likelihood=0.20 l_smoothness=2.35 
tol=2.50e-01, dt=5.00e-02, exp_k=20.0, momentum=0.90, levels=6, niter=500, lbl_dist=10.00, avgs=16, sigma=0.5,type=2, relabel=0, neg=no

blurring input image with Gaussian with sigma=0.500...
GCAMRegisterLevel(): init RMS 0.719409

setting smoothness cost coefficient to 8.000

#GCAMreg# pass 0 level1 2 level2 0 tsec 0 sigma 2
l_jacobian=1.00 l_label=1.00 l_log_likelihood=0.20 l_smoothness=8.00 
tol=2.50e-01, dt=5.00e-02, exp_k=20.0, momentum=0.90, levels=6, niter=500, lbl_dist=10.00, avgs=4, sigma=2.0,type=2, relabel=0, neg=no

blurring input image with Gaussian with sigma=2.000...
GCAMRegisterLevel(): init RMS 0.803768




#GCAMreg# pass 0 level1 2 level2 1 tsec 41.819 sigma 0.5
l_jacobian=1.00 l_label=1.00 l_log_likelihood=0.20 l_smoothness=8.00 
tol=2.50e-01, dt=5.00e-02, exp_k=20.0, momentum=0.90, levels=6, niter=500, lbl_dist=10.00, avgs=4, sigma=0.5,type=2, relabel=0, neg=no

blurring input image with Gaussian with sigma=0.500...
GCAMRegisterLevel(): init RMS 0.771408


setting smoothness cost coefficient to 20.000

#GCAMreg# pass 0 level1 1 level2 0 tsec 0 sigma 2
l_jacobian=1.00 l_label=1.00 l_log_likelihood=0.20 l_smoothness=20.00 
tol=2.50e-01, dt=5.00e-02, exp_k=20.0, momentum=0.90, levels=6, niter=500, lbl_dist=10.00, avgs=1, sigma=2.0,type=2, relabel=0, neg=no

blurring input image with Gaussian with sigma=2.000...
GCAMRegisterLevel(): init RMS 0.835862























#GCAMreg# pass 0 level1 1 level2 1 tsec 134.582 sigma 0.5
l_jacobian=1.00 l_label=1.00 l_log_likelihood=0.20 l_smoothness=20.00 
tol=2.50e-01, dt=5.00e-02, exp_k=20.0, momentum=0.90, levels=6, niter=500, lbl_dist=10.00, avgs=1, sigma=0.5,type=2, relabel=0, neg=no

blurring input image with Gaussian with sigma=0.500...
GCAMRegisterLevel(): init RMS 0.811292






resetting metric properties...
setting smoothness cost coefficient to 40.000

#GCAMreg# pass 0 level1 0 level2 0 tsec 0 sigma 2
l_jacobian=1.00 l_label=1.00 l_log_likelihood=0.20 l_smoothness=40.00 
tol=2.50e-01, dt=5.00e-02, exp_k=20.0, momentum=0.90, levels=6, niter=500, lbl_dist=10.00, avgs=0, sigma=2.0,type=2, relabel=0, neg=no

blurring input image with Gaussian with sigma=2.000...
GCAMRegisterLevel(): init RMS 0.773528



#GCAMreg# pass 0 level1 0 level2 1 tsec 28 sigma 0.5
l_jacobian=1.00 l_label=1.00 l_log_likelihood=0.20 l_smoothness=40.00 
tol=2.50e-01, dt=5.00e-02, exp_k=20.0, momentum=0.90, levels=6, niter=500, lbl_dist=10.00, avgs=0, sigma=0.5,type=2, relabel=0, neg=no

blurring input image with Gaussian with sigma=0.500...
GCAMRegisterLevel(): init RMS 0.769524


GCAMregister done in 15.3079 min
Starting GCAmapRenormalizeWithAlignment() without scales
renormalizing by structure alignment....
renormalizing input #0
gca peak = 0.10253 (16)
mri peak = 0.15251 (30)
Left_Lateral_Ventricle (4): linear fit = 1.60 x + 0.0 (1529 voxels, overlap=0.250)
Left_Lateral_Ventricle (4): linear fit = 1.50 x + 0.0 (1529 voxels, peak = 26), gca=24.0
gca peak = 0.17690 (16)
mri peak = 0.12748 (32)
Right_Lateral_Ventricle (43): linear fit = 1.97 x + 0.0 (1126 voxels, overlap=0.106)
Right_Lateral_Ventricle (43): linear fit = 1.50 x + 0.0 (1126 voxels, peak = 31), gca=24.0
gca peak = 0.28275 (96)
mri peak = 0.11710 (100)
Right_Pallidum (52): linear fit = 1.05 x + 0.0 (1280 voxels, overlap=0.966)
Right_Pallidum (52): linear fit = 1.05 x + 0.0 (1280 voxels, peak = 101), gca=101.3
gca peak = 0.18948 (93)
mri peak = 0.09981 (104)
Left_Pallidum (13): linear fit = 1.08 x + 0.0 (1071 voxels, overlap=0.734)
Left_Pallidum (13): linear fit = 1.08 x + 0.0 (1071 voxels, peak = 100), gca=100.0
gca peak = 0.20755 (55)
mri peak = 0.09773 (75)
Right_Hippocampus (53): linear fit = 1.30 x + 0.0 (1245 voxels, overlap=0.020)
Right_Hippocampus (53): linear fit = 1.30 x + 0.0 (1245 voxels, peak = 72), gca=71.8
gca peak = 0.31831 (58)
mri peak = 0.06315 (75)
Left_Hippocampus (17): linear fit = 1.26 x + 0.0 (1302 voxels, overlap=0.022)
Left_Hippocampus (17): linear fit = 1.26 x + 0.0 (1302 voxels, peak = 73), gca=73.4
gca peak = 0.11957 (102)
mri peak = 0.10158 (104)
Right_Cerebral_White_Matter (41): linear fit = 1.03 x + 0.0 (84000 voxels, overlap=0.711)
Right_Cerebral_White_Matter (41): linear fit = 1.03 x + 0.0 (84000 voxels, peak = 106), gca=105.6
gca peak = 0.11429 (102)
mri peak = 0.10470 (105)
Left_Cerebral_White_Matter (2): linear fit = 1.03 x + 0.0 (87202 voxels, overlap=0.663)
Left_Cerebral_White_Matter (2): linear fit = 1.03 x + 0.0 (87202 voxels, peak = 106), gca=105.6
gca peak = 0.14521 (59)
mri peak = 0.03973 (75)
Left_Cerebral_Cortex (3): linear fit = 1.27 x + 0.0 (32365 voxels, overlap=0.002)
Left_Cerebral_Cortex (3): linear fit = 1.27 x + 0.0 (32365 voxels, peak = 75), gca=75.2
gca peak = 0.14336 (58)
mri peak = 0.03942 (72)
Right_Cerebral_Cortex (42): linear fit = 1.27 x + 0.0 (33261 voxels, overlap=0.004)
Right_Cerebral_Cortex (42): linear fit = 1.27 x + 0.0 (33261 voxels, peak = 74), gca=73.9
gca peak = 0.13305 (70)
mri peak = 0.14792 (80)
Right_Caudate (50): linear fit = 1.22 x + 0.0 (908 voxels, overlap=0.013)
Right_Caudate (50): linear fit = 1.22 x + 0.0 (908 voxels, peak = 85), gca=85.1
gca peak = 0.15761 (71)
mri peak = 0.10095 (88)
Left_Caudate (11): linear fit = 1.21 x + 0.0 (1415 voxels, overlap=0.016)
Left_Caudate (11): linear fit = 1.21 x + 0.0 (1415 voxels, peak = 86), gca=85.6
gca peak = 0.13537 (57)
mri peak = 0.03466 (74)
Left_Cerebellum_Cortex (8): linear fit = 1.35 x + 0.0 (19567 voxels, overlap=0.000)
Left_Cerebellum_Cortex (8): linear fit = 1.35 x + 0.0 (19567 voxels, peak = 77), gca=76.7
gca peak = 0.13487 (56)
mri peak = 0.03902 (74)
Right_Cerebellum_Cortex (47): linear fit = 1.35 x + 0.0 (24869 voxels, overlap=0.001)
Right_Cerebellum_Cortex (47): linear fit = 1.35 x + 0.0 (24869 voxels, peak = 75), gca=75.3
gca peak = 0.19040 (84)
mri peak = 0.04716 (79)
Left_Cerebellum_White_Matter (7): linear fit = 0.93 x + 0.0 (11821 voxels, overlap=0.550)
Left_Cerebellum_White_Matter (7): linear fit = 0.93 x + 0.0 (11821 voxels, peak = 78), gca=77.7
gca peak = 0.18871 (83)
mri peak = 0.04514 (76)
Right_Cerebellum_White_Matter (46): linear fit = 0.90 x + 0.0 (9901 voxels, overlap=0.230)
Right_Cerebellum_White_Matter (46): linear fit = 0.90 x + 0.0 (9901 voxels, peak = 75), gca=75.1
gca peak = 0.24248 (57)
mri peak = 0.08228 (75)
Left_Amygdala (18): linear fit = 1.33 x + 0.0 (539 voxels, overlap=0.065)
Left_Amygdala (18): linear fit = 1.33 x + 0.0 (539 voxels, peak = 76), gca=75.5
gca peak = 0.35833 (56)
mri peak = 0.10369 (74)
Right_Amygdala (54): linear fit = 1.32 x + 0.0 (713 voxels, overlap=0.047)
Right_Amygdala (54): linear fit = 1.32 x + 0.0 (713 voxels, peak = 74), gca=73.6
gca peak = 0.12897 (85)
mri peak = 0.08480 (94)
Left_Thalamus (10): linear fit = 1.10 x + 0.0 (6710 voxels, overlap=0.348)
Left_Thalamus (10): linear fit = 1.10 x + 0.0 (6710 voxels, peak = 93), gca=93.1
gca peak = 0.13127 (83)
mri peak = 0.08878 (91)
Right_Thalamus (49): linear fit = 1.11 x + 0.0 (5119 voxels, overlap=0.655)
Right_Thalamus (49): linear fit = 1.11 x + 0.0 (5119 voxels, peak = 92), gca=91.7
gca peak = 0.12974 (78)
mri peak = 0.09878 (94)
Left_Putamen (12): linear fit = 1.17 x + 0.0 (2986 voxels, overlap=0.078)
Left_Putamen (12): linear fit = 1.17 x + 0.0 (2986 voxels, peak = 92), gca=91.6
gca peak = 0.17796 (79)
mri peak = 0.14111 (91)
Right_Putamen (51): linear fit = 1.14 x + 0.0 (3144 voxels, overlap=0.056)
Right_Putamen (51): linear fit = 1.14 x + 0.0 (3144 voxels, peak = 90), gca=90.5
gca peak = 0.10999 (80)
mri peak = 0.07842 (88)
Brain_Stem (16): linear fit = 1.12 x + 0.0 (13282 voxels, overlap=0.416)
Brain_Stem (16): linear fit = 1.12 x + 0.0 (13282 voxels, peak = 90), gca=90.0
gca peak = 0.13215 (88)
mri peak = 0.09194 (99)
Right_VentralDC (60): linear fit = 1.13 x + 0.0 (1542 voxels, overlap=0.262)
Right_VentralDC (60): linear fit = 1.13 x + 0.0 (1542 voxels, peak = 100), gca=99.9
gca peak = 0.11941 (89)
mri peak = 0.09647 (99)
Left_VentralDC (28): linear fit = 1.13 x + 0.0 (1792 voxels, overlap=0.061)
Left_VentralDC (28): linear fit = 1.13 x + 0.0 (1792 voxels, peak = 101), gca=101.0
gca peak = 0.20775 (25)
uniform distribution in MR - rejecting arbitrary fit
gca peak = 0.13297 (21)
mri peak = 0.10039 (29)
Fourth_Ventricle (15): linear fit = 1.63 x + 0.0 (442 voxels, overlap=0.157)
Fourth_Ventricle (15): linear fit = 1.63 x + 0.0 (442 voxels, peak = 34), gca=34.3
gca peak Unknown = 0.94777 ( 0)
gca peak Left_Inf_Lat_Vent = 0.19087 (28)
gca peak Third_Ventricle = 0.20775 (25)
gca peak Fourth_Ventricle = 0.13297 (21)
gca peak CSF = 0.16821 (33)
gca peak Left_Accumbens_area = 0.32850 (63)
gca peak Left_undetermined = 0.98480 (28)
gca peak Left_vessel = 0.40887 (53)
gca peak Left_choroid_plexus = 0.10898 (46)
gca peak Right_Inf_Lat_Vent = 0.17798 (26)
gca peak Right_Accumbens_area = 0.30137 (64)
gca peak Right_vessel = 0.47828 (52)
gca peak Right_choroid_plexus = 0.11612 (45)
gca peak Fifth_Ventricle = 0.59466 (35)
gca peak WM_hypointensities = 0.10053 (78)
gca peak non_WM_hypointensities = 0.07253 (60)
gca peak Optic_Chiasm = 0.25330 (73)
not using caudate to estimate GM means
estimating mean gm scale to be 1.29 x + 0.0
estimating mean wm scale to be 1.03 x + 0.0
estimating mean csf scale to be 1.50 x + 0.0
saving intensity scales to talairach.label_intensities.txt
GCAmapRenormalizeWithAlignment() took 2.00715 min
noneg pre
Starting GCAMregister()
label assignment complete, 0 changed (0.00%)
npasses = 1, nlevels = 6
#pass# 1 of 1 ************************
enabling zero nodes
setting smoothness cost coefficient to 0.008

#GCAMreg# pass 0 level1 5 level2 0 tsec 0 sigma 2
l_jacobian=1.00 l_label=1.00 l_log_likelihood=0.20 l_smoothness=0.01 
tol=5.00e-02, dt=5.00e-02, exp_k=20.0, momentum=0.90, levels=6, niter=500, lbl_dist=10.00, avgs=256, sigma=2.0,type=2, relabel=0, neg=no

blurring input image with Gaussian with sigma=2.000...
GCAMRegisterLevel(): init RMS 0.780293












































































#GCAMreg# pass 0 level1 5 level2 1 tsec 659.882 sigma 0.5
l_jacobian=1.00 l_label=1.00 l_log_likelihood=0.20 l_smoothness=0.01 
tol=5.00e-02, dt=5.00e-02, exp_k=20.0, momentum=0.90, levels=6, niter=500, lbl_dist=10.00, avgs=256, sigma=0.5,type=2, relabel=0, neg=no

blurring input image with Gaussian with sigma=0.500...
GCAMRegisterLevel(): init RMS 0.627749








































setting smoothness cost coefficient to 0.031

#GCAMreg# pass 0 level1 4 level2 0 tsec 0 sigma 2
l_jacobian=1.00 l_label=1.00 l_log_likelihood=0.20 l_smoothness=0.03 
tol=5.00e-02, dt=5.00e-02, exp_k=20.0, momentum=0.90, levels=6, niter=500, lbl_dist=10.00, avgs=64, sigma=2.0,type=2, relabel=0, neg=no

blurring input image with Gaussian with sigma=2.000...
GCAMRegisterLevel(): init RMS 0.618142






































































































#GCAMreg# pass 0 level1 4 level2 1 tsec 662.228 sigma 0.5
l_jacobian=1.00 l_label=1.00 l_log_likelihood=0.20 l_smoothness=0.03 
tol=5.00e-02, dt=5.00e-02, exp_k=20.0, momentum=0.90, levels=6, niter=500, lbl_dist=10.00, avgs=64, sigma=0.5,type=2, relabel=0, neg=no

blurring input image with Gaussian with sigma=0.500...
GCAMRegisterLevel(): init RMS 0.553255











































setting smoothness cost coefficient to 0.118

#GCAMreg# pass 0 level1 3 level2 0 tsec 0 sigma 2
l_jacobian=1.00 l_label=1.00 l_log_likelihood=0.20 l_smoothness=0.12 
tol=5.00e-02, dt=5.00e-02, exp_k=20.0, momentum=0.90, levels=6, niter=500, lbl_dist=10.00, avgs=16, sigma=2.0,type=2, relabel=0, neg=no

blurring input image with Gaussian with sigma=2.000...
GCAMRegisterLevel(): init RMS 0.554499












































#GCAMreg# pass 0 level1 3 level2 1 tsec 368.673 sigma 0.5
l_jacobian=1.00 l_label=1.00 l_log_likelihood=0.20 l_smoothness=0.12 
tol=5.00e-02, dt=5.00e-02, exp_k=20.0, momentum=0.90, levels=6, niter=500, lbl_dist=10.00, avgs=16, sigma=0.5,type=2, relabel=0, neg=no

blurring input image with Gaussian with sigma=0.500...
GCAMRegisterLevel(): init RMS 0.51723
















































setting smoothness cost coefficient to 0.400

#GCAMreg# pass 0 level1 2 level2 0 tsec 0 sigma 2
l_jacobian=1.00 l_label=1.00 l_log_likelihood=0.20 l_smoothness=0.40 
tol=5.00e-02, dt=5.00e-02, exp_k=20.0, momentum=0.90, levels=6, niter=500, lbl_dist=10.00, avgs=4, sigma=2.0,type=2, relabel=0, neg=no

blurring input image with Gaussian with sigma=2.000...
GCAMRegisterLevel(): init RMS 0.527528


#GCAMreg# pass 0 level1 2 level2 1 tsec 25.087 sigma 0.5
l_jacobian=1.00 l_label=1.00 l_log_likelihood=0.20 l_smoothness=0.40 
tol=5.00e-02, dt=5.00e-02, exp_k=20.0, momentum=0.90, levels=6, niter=500, lbl_dist=10.00, avgs=4, sigma=0.5,type=2, relabel=0, neg=no

blurring input image with Gaussian with sigma=0.500...
GCAMRegisterLevel(): init RMS 0.527528

setting smoothness cost coefficient to 1.000

#GCAMreg# pass 0 level1 1 level2 0 tsec 0 sigma 2
l_jacobian=1.00 l_label=1.00 l_log_likelihood=0.20 l_smoothness=1.00 
tol=5.00e-02, dt=5.00e-02, exp_k=20.0, momentum=0.90, levels=6, niter=500, lbl_dist=10.00, avgs=1, sigma=2.0,type=2, relabel=0, neg=no

blurring input image with Gaussian with sigma=2.000...
GCAMRegisterLevel(): init RMS 0.578161



#GCAMreg# pass 0 level1 1 level2 1 tsec 28.908 sigma 0.5
l_jacobian=1.00 l_label=1.00 l_log_likelihood=0.20 l_smoothness=1.00 
tol=5.00e-02, dt=5.00e-02, exp_k=20.0, momentum=0.90, levels=6, niter=500, lbl_dist=10.00, avgs=1, sigma=0.5,type=2, relabel=0, neg=no

blurring input image with Gaussian with sigma=0.500...
GCAMRegisterLevel(): init RMS 0.5742


resetting metric properties...
setting smoothness cost coefficient to 2.000

#GCAMreg# pass 0 level1 0 level2 0 tsec 0 sigma 2
l_jacobian=1.00 l_label=1.00 l_log_likelihood=0.20 l_smoothness=2.00 
tol=5.00e-02, dt=5.00e-02, exp_k=20.0, momentum=0.90, levels=6, niter=500, lbl_dist=10.00, avgs=0, sigma=2.0,type=2, relabel=0, neg=no

blurring input image with Gaussian with sigma=2.000...
GCAMRegisterLevel(): init RMS 0.5125























#GCAMreg# pass 0 level1 0 level2 1 tsec 155.692 sigma 0.5
l_jacobian=1.00 l_label=1.00 l_log_likelihood=0.20 l_smoothness=2.00 
tol=5.00e-02, dt=5.00e-02, exp_k=20.0, momentum=0.90, levels=6, niter=500, lbl_dist=10.00, avgs=0, sigma=0.5,type=2, relabel=0, neg=no

blurring input image with Gaussian with sigma=0.500...
GCAMRegisterLevel(): init RMS 0.489897






GCAMregister done in 45.0184 min
********************* ALLOWING NEGATIVE NODES IN DEFORMATION********************************
noneg post
Starting GCAMregister()
label assignment complete, 0 changed (0.00%)
npasses = 1, nlevels = 6
#pass# 1 of 1 ************************
enabling zero nodes
setting smoothness cost coefficient to 0.008

#GCAMreg# pass 0 level1 5 level2 0 tsec 0 sigma 2
l_jacobian=1.00 l_label=1.00 l_log_likelihood=0.20 l_smoothness=0.01 
tol=2.50e-01, dt=5.00e-02, exp_k=20.0, momentum=0.90, levels=6, niter=500, lbl_dist=10.00, avgs=256, sigma=2.0,type=2, relabel=0, neg=yes

blurring input image with Gaussian with sigma=2.000...
GCAMRegisterLevel(): init RMS 0.482225


#GCAMreg# pass 0 level1 5 level2 1 tsec 34.613 sigma 0.5
l_jacobian=1.00 l_label=1.00 l_log_likelihood=0.20 l_smoothness=0.01 
tol=2.50e-01, dt=5.00e-02, exp_k=20.0, momentum=0.90, levels=6, niter=500, lbl_dist=10.00, avgs=256, sigma=0.5,type=2, relabel=0, neg=yes

blurring input image with Gaussian with sigma=0.500...
GCAMRegisterLevel(): init RMS 0.482221


setting smoothness cost coefficient to 0.031

#GCAMreg# pass 0 level1 4 level2 0 tsec 0 sigma 2
l_jacobian=1.00 l_label=1.00 l_log_likelihood=0.20 l_smoothness=0.03 
tol=2.50e-01, dt=5.00e-02, exp_k=20.0, momentum=0.90, levels=6, niter=500, lbl_dist=10.00, avgs=64, sigma=2.0,type=2, relabel=0, neg=yes

blurring input image with Gaussian with sigma=2.000...
GCAMRegisterLevel(): init RMS 0.481875




#GCAMreg# pass 0 level1 4 level2 1 tsec 38.442 sigma 0.5
l_jacobian=1.00 l_label=1.00 l_log_likelihood=0.20 l_smoothness=0.03 
tol=2.50e-01, dt=5.00e-02, exp_k=20.0, momentum=0.90, levels=6, niter=500, lbl_dist=10.00, avgs=64, sigma=0.5,type=2, relabel=0, neg=yes

blurring input image with Gaussian with sigma=0.500...
GCAMRegisterLevel(): init RMS 0.481622









setting smoothness cost coefficient to 0.118

#GCAMreg# pass 0 level1 3 level2 0 tsec 0 sigma 2
l_jacobian=1.00 l_label=1.00 l_log_likelihood=0.20 l_smoothness=0.12 
tol=2.50e-01, dt=5.00e-02, exp_k=20.0, momentum=0.90, levels=6, niter=500, lbl_dist=10.00, avgs=16, sigma=2.0,type=2, relabel=0, neg=yes

blurring input image with Gaussian with sigma=2.000...
GCAMRegisterLevel(): init RMS 0.476715


iter 0, gcam->neg = 1
after 0 iterations, nbhd size=0, neg = 0

iter 0, gcam->neg = 10
after 10 iterations, nbhd size=1, neg = 0

iter 0, gcam->neg = 17
after 11 iterations, nbhd size=1, neg = 0

iter 0, gcam->neg = 22
after 16 iterations, nbhd size=1, neg = 0

iter 0, gcam->neg = 28
after 13 iterations, nbhd size=1, neg = 0

iter 0, gcam->neg = 22
after 7 iterations, nbhd size=0, neg = 0

iter 0, gcam->neg = 13
after 3 iterations, nbhd size=0, neg = 0

iter 0, gcam->neg = 9
after 9 iterations, nbhd size=1, neg = 0

iter 0, gcam->neg = 9
after 10 iterations, nbhd size=1, neg = 0

iter 0, gcam->neg = 10
after 4 iterations, nbhd size=0, neg = 0

iter 0, gcam->neg = 13
after 3 iterations, nbhd size=0, neg = 0

iter 0, gcam->neg = 15
after 5 iterations, nbhd size=0, neg = 0

iter 0, gcam->neg = 19
after 3 iterations, nbhd size=0, neg = 0


iter 0, gcam->neg = 2
after 1 iterations, nbhd size=0, neg = 0

#GCAMreg# pass 0 level1 3 level2 1 tsec 137.081 sigma 0.5
l_jacobian=1.00 l_label=1.00 l_log_likelihood=0.20 l_smoothness=0.12 
tol=2.50e-01, dt=5.00e-02, exp_k=20.0, momentum=0.90, levels=6, niter=500, lbl_dist=10.00, avgs=16, sigma=0.5,type=2, relabel=0, neg=yes

blurring input image with Gaussian with sigma=0.500...
GCAMRegisterLevel(): init RMS 0.463226
iter 0, gcam->neg = 1
after 2 iterations, nbhd size=0, neg = 0


iter 0, gcam->neg = 1
after 1 iterations, nbhd size=0, neg = 0

iter 0, gcam->neg = 1
after 0 iterations, nbhd size=0, neg = 0


iter 0, gcam->neg = 4
after 2 iterations, nbhd size=0, neg = 0


iter 0, gcam->neg = 2
after 2 iterations, nbhd size=0, neg = 0


setting smoothness cost coefficient to 0.400

#GCAMreg# pass 0 level1 2 level2 0 tsec 0 sigma 2
l_jacobian=1.00 l_label=1.00 l_log_likelihood=0.20 l_smoothness=0.40 
tol=2.50e-01, dt=5.00e-02, exp_k=20.0, momentum=0.90, levels=6, niter=500, lbl_dist=10.00, avgs=4, sigma=2.0,type=2, relabel=0, neg=yes

blurring input image with Gaussian with sigma=2.000...
GCAMRegisterLevel(): init RMS 0.460185



#GCAMreg# pass 0 level1 2 level2 1 tsec 33.244 sigma 0.5
l_jacobian=1.00 l_label=1.00 l_log_likelihood=0.20 l_smoothness=0.40 
tol=2.50e-01, dt=5.00e-02, exp_k=20.0, momentum=0.90, levels=6, niter=500, lbl_dist=10.00, avgs=4, sigma=0.5,type=2, relabel=0, neg=yes

blurring input image with Gaussian with sigma=0.500...
GCAMRegisterLevel(): init RMS 0.460102



setting smoothness cost coefficient to 1.000

#GCAMreg# pass 0 level1 1 level2 0 tsec 0 sigma 2
l_jacobian=1.00 l_label=1.00 l_log_likelihood=0.20 l_smoothness=1.00 
tol=2.50e-01, dt=5.00e-02, exp_k=20.0, momentum=0.90, levels=6, niter=500, lbl_dist=10.00, avgs=1, sigma=2.0,type=2, relabel=0, neg=yes

blurring input image with Gaussian with sigma=2.000...
GCAMRegisterLevel(): init RMS 0.46586


#GCAMreg# pass 0 level1 1 level2 1 tsec 28.965 sigma 0.5
l_jacobian=1.00 l_label=1.00 l_log_likelihood=0.20 l_smoothness=1.00 
tol=2.50e-01, dt=5.00e-02, exp_k=20.0, momentum=0.90, levels=6, niter=500, lbl_dist=10.00, avgs=1, sigma=0.5,type=2, relabel=0, neg=yes

blurring input image with Gaussian with sigma=0.500...
GCAMRegisterLevel(): init RMS 0.46586



resetting metric properties...
setting smoothness cost coefficient to 2.000

#GCAMreg# pass 0 level1 0 level2 0 tsec 0 sigma 2
l_jacobian=1.00 l_label=1.00 l_log_likelihood=0.20 l_smoothness=2.00 
tol=2.50e-01, dt=5.00e-02, exp_k=20.0, momentum=0.90, levels=6, niter=500, lbl_dist=10.00, avgs=0, sigma=2.0,type=2, relabel=0, neg=yes

blurring input image with Gaussian with sigma=2.000...
GCAMRegisterLevel(): init RMS 0.45535
iter 0, gcam->neg = 417
after 13 iterations, nbhd size=1, neg = 0



#GCAMreg# pass 0 level1 0 level2 1 tsec 36.26 sigma 0.5
l_jacobian=1.00 l_label=1.00 l_log_likelihood=0.20 l_smoothness=2.00 
tol=2.50e-01, dt=5.00e-02, exp_k=20.0, momentum=0.90, levels=6, niter=500, lbl_dist=10.00, avgs=0, sigma=0.5,type=2, relabel=0, neg=yes

blurring input image with Gaussian with sigma=0.500...
GCAMRegisterLevel(): init RMS 0.430859

label assignment complete, 0 changed (0.00%)
GCAMregister done in 10.1898 min
Starting GCAMcomputeMaxPriorLabels()
Morphing with label term set to 0 *******************************
Starting GCAMregister()
label assignment complete, 0 changed (0.00%)
npasses = 1, nlevels = 6
#pass# 1 of 1 ************************
enabling zero nodes
setting smoothness cost coefficient to 0.008

#GCAMreg# pass 0 level1 5 level2 0 tsec 0 sigma 2
l_jacobian=1.00 l_log_likelihood=0.20 l_smoothness=0.01 
tol=2.50e-01, dt=5.00e-02, exp_k=20.0, momentum=0.90, levels=6, niter=500, lbl_dist=10.00, avgs=256, sigma=2.0,type=2, relabel=0, neg=yes

blurring input image with Gaussian with sigma=2.000...
GCAMRegisterLevel(): init RMS 0.417377

#GCAMreg# pass 0 level1 5 level2 1 tsec 17.261 sigma 0.5
l_jacobian=1.00 l_log_likelihood=0.20 l_smoothness=0.01 
tol=2.50e-01, dt=5.00e-02, exp_k=20.0, momentum=0.90, levels=6, niter=500, lbl_dist=10.00, avgs=256, sigma=0.5,type=2, relabel=0, neg=yes

blurring input image with Gaussian with sigma=0.500...
GCAMRegisterLevel(): init RMS 0.417377

setting smoothness cost coefficient to 0.031

#GCAMreg# pass 0 level1 4 level2 0 tsec 0 sigma 2
l_jacobian=1.00 l_log_likelihood=0.20 l_smoothness=0.03 
tol=2.50e-01, dt=5.00e-02, exp_k=20.0, momentum=0.90, levels=6, niter=500, lbl_dist=10.00, avgs=64, sigma=2.0,type=2, relabel=0, neg=yes

blurring input image with Gaussian with sigma=2.000...
GCAMRegisterLevel(): init RMS 0.417532

#GCAMreg# pass 0 level1 4 level2 1 tsec 15.782 sigma 0.5
l_jacobian=1.00 l_log_likelihood=0.20 l_smoothness=0.03 
tol=2.50e-01, dt=5.00e-02, exp_k=20.0, momentum=0.90, levels=6, niter=500, lbl_dist=10.00, avgs=64, sigma=0.5,type=2, relabel=0, neg=yes

blurring input image with Gaussian with sigma=0.500...
GCAMRegisterLevel(): init RMS 0.417532





setting smoothness cost coefficient to 0.118

#GCAMreg# pass 0 level1 3 level2 0 tsec 0 sigma 2
l_jacobian=1.00 l_log_likelihood=0.20 l_smoothness=0.12 
tol=2.50e-01, dt=5.00e-02, exp_k=20.0, momentum=0.90, levels=6, niter=500, lbl_dist=10.00, avgs=16, sigma=2.0,type=2, relabel=0, neg=yes

blurring input image with Gaussian with sigma=2.000...
GCAMRegisterLevel(): init RMS 0.417897



#GCAMreg# pass 0 level1 3 level2 1 tsec 30.881 sigma 0.5
l_jacobian=1.00 l_log_likelihood=0.20 l_smoothness=0.12 
tol=2.50e-01, dt=5.00e-02, exp_k=20.0, momentum=0.90, levels=6, niter=500, lbl_dist=10.00, avgs=16, sigma=0.5,type=2, relabel=0, neg=yes

blurring input image with Gaussian with sigma=0.500...
GCAMRegisterLevel(): init RMS 0.417792
iter 0, gcam->neg = 4
after 1 iterations, nbhd size=0, neg = 0




iter 0, gcam->neg = 1
after 0 iterations, nbhd size=0, neg = 0

iter 0, gcam->neg = 1
after 2 iterations, nbhd size=0, neg = 0

iter 0, gcam->neg = 4
after 1 iterations, nbhd size=0, neg = 0

iter 0, gcam->neg = 4
after 0 iterations, nbhd size=0, neg = 0

iter 0, gcam->neg = 6
after 8 iterations, nbhd size=1, neg = 0

iter 0, gcam->neg = 4
after 4 iterations, nbhd size=0, neg = 0





iter 0, gcam->neg = 1
after 0 iterations, nbhd size=0, neg = 0
setting smoothness cost coefficient to 0.400

#GCAMreg# pass 0 level1 2 level2 0 tsec 0 sigma 2
l_jacobian=1.00 l_log_likelihood=0.20 l_smoothness=0.40 
tol=2.50e-01, dt=5.00e-02, exp_k=20.0, momentum=0.90, levels=6, niter=500, lbl_dist=10.00, avgs=4, sigma=2.0,type=2, relabel=0, neg=yes

blurring input image with Gaussian with sigma=2.000...
GCAMRegisterLevel(): init RMS 0.413551


#GCAMreg# pass 0 level1 2 level2 1 tsec 30.175 sigma 0.5
l_jacobian=1.00 l_log_likelihood=0.20 l_smoothness=0.40 
tol=2.50e-01, dt=5.00e-02, exp_k=20.0, momentum=0.90, levels=6, niter=500, lbl_dist=10.00, avgs=4, sigma=0.5,type=2, relabel=0, neg=yes

blurring input image with Gaussian with sigma=0.500...
GCAMRegisterLevel(): init RMS 0.413551
iter 0, gcam->neg = 1
after 2 iterations, nbhd size=0, neg = 0

iter 0, gcam->neg = 1
after 2 iterations, nbhd size=0, neg = 0

iter 0, gcam->neg = 9
after 3 iterations, nbhd size=0, neg = 0


iter 0, gcam->neg = 1
after 2 iterations, nbhd size=0, neg = 0

iter 0, gcam->neg = 3
after 4 iterations, nbhd size=0, neg = 0

iter 0, gcam->neg = 1
after 1 iterations, nbhd size=0, neg = 0

iter 0, gcam->neg = 3
after 2 iterations, nbhd size=0, neg = 0



iter 0, gcam->neg = 6
after 2 iterations, nbhd size=0, neg = 0

iter 0, gcam->neg = 5
after 6 iterations, nbhd size=0, neg = 0

iter 0, gcam->neg = 1
after 4 iterations, nbhd size=0, neg = 0
setting smoothness cost coefficient to 1.000

#GCAMreg# pass 0 level1 1 level2 0 tsec 0 sigma 2
l_jacobian=1.00 l_log_likelihood=0.20 l_smoothness=1.00 
tol=2.50e-01, dt=5.00e-02, exp_k=20.0, momentum=0.90, levels=6, niter=500, lbl_dist=10.00, avgs=1, sigma=2.0,type=2, relabel=0, neg=yes

blurring input image with Gaussian with sigma=2.000...
GCAMRegisterLevel(): init RMS 0.415342


#GCAMreg# pass 0 level1 1 level2 1 tsec 30.108 sigma 0.5
l_jacobian=1.00 l_log_likelihood=0.20 l_smoothness=1.00 
tol=2.50e-01, dt=5.00e-02, exp_k=20.0, momentum=0.90, levels=6, niter=500, lbl_dist=10.00, avgs=1, sigma=0.5,type=2, relabel=0, neg=yes

blurring input image with Gaussian with sigma=0.500...
GCAMRegisterLevel(): init RMS 0.415342
resetting metric properties...
setting smoothness cost coefficient to 2.000

#GCAMreg# pass 0 level1 0 level2 0 tsec 0 sigma 2
l_jacobian=1.00 l_log_likelihood=0.20 l_smoothness=2.00 
tol=2.50e-01, dt=5.00e-02, exp_k=20.0, momentum=0.90, levels=6, niter=500, lbl_dist=10.00, avgs=0, sigma=2.0,type=2, relabel=0, neg=yes

blurring input image with Gaussian with sigma=2.000...
GCAMRegisterLevel(): init RMS 0.405742
iter 0, gcam->neg = 419
after 14 iterations, nbhd size=1, neg = 0



#GCAMreg# pass 0 level1 0 level2 1 tsec 36.559 sigma 0.5
l_jacobian=1.00 l_log_likelihood=0.20 l_smoothness=2.00 
tol=2.50e-01, dt=5.00e-02, exp_k=20.0, momentum=0.90, levels=6, niter=500, lbl_dist=10.00, avgs=0, sigma=0.5,type=2, relabel=0, neg=yes

blurring input image with Gaussian with sigma=0.500...
GCAMRegisterLevel(): init RMS 0.396741



GCAMregister done in 7.66973 min
writing output transformation to transforms/talairach.m3z...
GCAMwrite
Calls to gcamLogLikelihoodEnergy 4440 tmin = 10.6245
Calls to gcamLabelEnergy         3859 tmin = 1.22808
Calls to gcamJacobianEnergy      4440 tmin = 6.91822
Calls to gcamSmoothnessEnergy    4440 tmin = 9.26778
Calls to gcamLogLikelihoodTerm 620 tmin = 3.2243
Calls to gcamLabelTerm         567 tmin = 5.73955
Calls to gcamJacobianTerm      620 tmin = 6.44628
Calls to gcamSmoothnessTerm    620 tmin = 1.66128
Calls to gcamComputeGradient    620 tmin = 34.8725
Calls to gcamComputeMetricProperties    6211 tmin = 8.86215
mri_ca_register took 1 hours, 20 minutes and 21 seconds.
#VMPC# mri_ca_register VmPeak  2030516
FSRUNTIME@ mri_ca_register  1.3393 hours 1 threads
@#@FSTIME  2024:09:19:16:55:15 mri_ca_register N 9 e 4821.41 S 1.82 U 4795.62 P 99% M 1340888 F 0 R 294243 W 0 c 26691 w 27 I 0 O 0 L 82.69 84.93 84.80
@#@FSLOADPOST 2024:09:19:18:15:37 mri_ca_register N 9 82.63 82.89 82.41
#--------------------------------------
#@# SubCort Seg Thu Sep 19 18:15:37 BST 2024

 mri_ca_label -relabel_unlikely 9 .3 -prior 0.5 -align norm.mgz transforms/talairach.m3z /rds/bear-apps/2022a/EL8-ice/software/FreeSurfer/7.4.1-centos8_x86_64/average/RB_all_2020-01-02.gca aseg.auto_noCCseg.mgz 

sysname  Linux
hostname bear-pg0202u11a.bear.cluster
machine  x86_64

setenv SUBJECTS_DIR /rds/projects/q/quinna-camcan/cc700/mri/pipeline/release004/BIDS_20190411/anat
cd /rds/projects/q/quinna-camcan/cc700/mri/pipeline/release004/BIDS_20190411/anat/sub-CC112141_T1w/mri
mri_ca_label -relabel_unlikely 9 .3 -prior 0.5 -align norm.mgz transforms/talairach.m3z /rds/bear-apps/2022a/EL8-ice/software/FreeSurfer/7.4.1-centos8_x86_64/average/RB_all_2020-01-02.gca aseg.auto_noCCseg.mgz 

relabeling unlikely voxels with window_size = 9 and prior threshold 0.30
using Gibbs prior factor = 0.500
renormalizing sequences with structure alignment, equivalent to:
	-renormalize
	-renormalize_mean 0.500
	-regularize 0.500

== Number of threads available to for OpenMP = 1 == 
reading 1 input volumes
reading classifier array from /rds/bear-apps/2022a/EL8-ice/software/FreeSurfer/7.4.1-centos8_x86_64/average/RB_all_2020-01-02.gca
reading input volume from norm.mgz
average std[0] = 7.2
reading transform from transforms/talairach.m3z
setting orig areas to linear transform determinant scaled 8.04
Atlas used for the 3D morph was /rds/bear-apps/2022a/EL8-ice/software/FreeSurfer/7.4.1-centos8_x86_64/average/RB_all_2020-01-02.gca
average std = 7.2   using min determinant for regularization = 5.2
0 singular and 0 ill-conditioned covariance matrices regularized
labeling volume...
renormalizing by structure alignment....
renormalizing input #0
gca peak = 0.15521 (20)
mri peak = 0.15334 (31)
Left_Lateral_Ventricle (4): linear fit = 1.51 x + 0.0 (2271 voxels, overlap=0.110)
Left_Lateral_Ventricle (4): linear fit = 1.50 x + 0.0 (2271 voxels, peak = 30), gca=30.0
gca peak = 0.20380 (13)
mri peak = 0.12161 (31)
Right_Lateral_Ventricle (43): linear fit = 2.15 x + 0.0 (1820 voxels, overlap=0.104)
Right_Lateral_Ventricle (43): linear fit = 1.50 x + 0.0 (1820 voxels, peak = 28), gca=19.5
gca peak = 0.26283 (96)
mri peak = 0.13015 (100)
Right_Pallidum (52): linear fit = 1.05 x + 0.0 (776 voxels, overlap=0.782)
Right_Pallidum (52): linear fit = 1.05 x + 0.0 (776 voxels, peak = 101), gca=101.3
gca peak = 0.15814 (97)
mri peak = 0.14091 (102)
Left_Pallidum (13): linear fit = 1.07 x + 0.0 (809 voxels, overlap=0.364)
Left_Pallidum (13): linear fit = 1.07 x + 0.0 (809 voxels, peak = 103), gca=103.3
gca peak = 0.27624 (56)
mri peak = 0.10627 (74)
Right_Hippocampus (53): linear fit = 1.32 x + 0.0 (1260 voxels, overlap=0.020)
Right_Hippocampus (53): linear fit = 1.32 x + 0.0 (1260 voxels, peak = 74), gca=73.6
gca peak = 0.28723 (59)
mri peak = 0.14035 (75)
Left_Hippocampus (17): linear fit = 1.32 x + 0.0 (1087 voxels, overlap=0.020)
Left_Hippocampus (17): linear fit = 1.32 x + 0.0 (1087 voxels, peak = 78), gca=77.6
gca peak = 0.07623 (103)
mri peak = 0.11366 (104)
Right_Cerebral_White_Matter (41): linear fit = 1.01 x + 0.0 (51247 voxels, overlap=0.665)
Right_Cerebral_White_Matter (41): linear fit = 1.01 x + 0.0 (51247 voxels, peak = 105), gca=104.5
gca peak = 0.07837 (105)
mri peak = 0.11269 (105)
Left_Cerebral_White_Matter (2): linear fit = 1.00 x + 0.0 (52299 voxels, overlap=0.620)
Left_Cerebral_White_Matter (2): linear fit = 1.00 x + 0.0 (52299 voxels, peak = 106), gca=105.5
gca peak = 0.10165 (58)
mri peak = 0.04416 (75)
Left_Cerebral_Cortex (3): linear fit = 1.26 x + 0.0 (37436 voxels, overlap=0.021)
Left_Cerebral_Cortex (3): linear fit = 1.26 x + 0.0 (37436 voxels, peak = 73), gca=73.4
gca peak = 0.11113 (58)
mri peak = 0.04185 (72)
Right_Cerebral_Cortex (42): linear fit = 1.26 x + 0.0 (36372 voxels, overlap=0.013)
Right_Cerebral_Cortex (42): linear fit = 1.26 x + 0.0 (36372 voxels, peak = 73), gca=73.4
gca peak = 0.27796 (67)
mri peak = 0.11672 (84)
Right_Caudate (50): linear fit = 1.25 x + 0.0 (1328 voxels, overlap=0.021)
Right_Caudate (50): linear fit = 1.25 x + 0.0 (1328 voxels, peak = 83), gca=83.4
gca peak = 0.14473 (69)
mri peak = 0.14235 (84)
Left_Caudate (11): linear fit = 1.16 x + 0.0 (1269 voxels, overlap=0.016)
Left_Caudate (11): linear fit = 1.16 x + 0.0 (1269 voxels, peak = 80), gca=80.4
gca peak = 0.14301 (56)
mri peak = 0.06280 (74)
Left_Cerebellum_Cortex (8): linear fit = 1.29 x + 0.0 (26509 voxels, overlap=0.001)
Left_Cerebellum_Cortex (8): linear fit = 1.29 x + 0.0 (26509 voxels, peak = 73), gca=72.5
gca peak = 0.14610 (55)
mri peak = 0.06527 (74)
Right_Cerebellum_Cortex (47): linear fit = 1.34 x + 0.0 (31448 voxels, overlap=0.001)
Right_Cerebellum_Cortex (47): linear fit = 1.34 x + 0.0 (31448 voxels, peak = 73), gca=73.4
gca peak = 0.16309 (85)
mri peak = 0.09014 (95)
Left_Cerebellum_White_Matter (7): linear fit = 1.12 x + 0.0 (14847 voxels, overlap=0.662)
Left_Cerebellum_White_Matter (7): linear fit = 1.12 x + 0.0 (14847 voxels, peak = 95), gca=94.8
gca peak = 0.15172 (84)
mri peak = 0.10905 (92)
Right_Cerebellum_White_Matter (46): linear fit = 1.09 x + 0.0 (10558 voxels, overlap=0.589)
Right_Cerebellum_White_Matter (46): linear fit = 1.09 x + 0.0 (10558 voxels, peak = 91), gca=91.1
gca peak = 0.30461 (58)
mri peak = 0.11951 (75)
Left_Amygdala (18): linear fit = 1.35 x + 0.0 (566 voxels, overlap=0.049)
Left_Amygdala (18): linear fit = 1.35 x + 0.0 (566 voxels, peak = 78), gca=78.0
gca peak = 0.32293 (57)
mri peak = 0.11327 (75)
Right_Amygdala (54): linear fit = 1.33 x + 0.0 (618 voxels, overlap=0.047)
Right_Amygdala (54): linear fit = 1.33 x + 0.0 (618 voxels, peak = 76), gca=75.5
gca peak = 0.11083 (90)
mri peak = 0.10672 (94)
Left_Thalamus (10): linear fit = 1.09 x + 0.0 (5164 voxels, overlap=0.559)
Left_Thalamus (10): linear fit = 1.09 x + 0.0 (5164 voxels, peak = 98), gca=97.7
gca peak = 0.11393 (83)
mri peak = 0.10109 (94)
Right_Thalamus (49): linear fit = 1.12 x + 0.0 (5127 voxels, overlap=0.381)
Right_Thalamus (49): linear fit = 1.12 x + 0.0 (5127 voxels, peak = 93), gca=92.5
gca peak = 0.08575 (81)
mri peak = 0.14299 (91)
Left_Putamen (12): linear fit = 1.14 x + 0.0 (2098 voxels, overlap=0.023)
Left_Putamen (12): linear fit = 1.14 x + 0.0 (2098 voxels, peak = 93), gca=92.7
gca peak = 0.08618 (78)
mri peak = 0.14899 (91)
Right_Putamen (51): linear fit = 1.12 x + 0.0 (2280 voxels, overlap=0.174)
Right_Putamen (51): linear fit = 1.12 x + 0.0 (2280 voxels, peak = 88), gca=87.8
gca peak = 0.08005 (78)
mri peak = 0.07112 (91)
Brain_Stem (16): linear fit = 1.13 x + 0.0 (12312 voxels, overlap=0.492)
Brain_Stem (16): linear fit = 1.13 x + 0.0 (12312 voxels, peak = 89), gca=88.5
gca peak = 0.12854 (88)
mri peak = 0.08913 (101)
Right_VentralDC (60): linear fit = 1.13 x + 0.0 (1623 voxels, overlap=0.241)
Right_VentralDC (60): linear fit = 1.13 x + 0.0 (1623 voxels, peak = 100), gca=99.9
gca peak = 0.15703 (87)
mri peak = 0.09861 (101)
Left_VentralDC (28): linear fit = 1.15 x + 0.0 (1629 voxels, overlap=0.088)
Left_VentralDC (28): linear fit = 1.15 x + 0.0 (1629 voxels, peak = 100), gca=100.5
gca peak = 0.17522 (25)
mri peak = 0.20641 (33)
gca peak = 0.17113 (14)
mri peak = 0.11760 (29)
Fourth_Ventricle (15): linear fit = 1.98 x + 0.0 (462 voxels, overlap=0.121)
Fourth_Ventricle (15): linear fit = 1.98 x + 0.0 (462 voxels, peak = 28), gca=27.6
gca peak Unknown = 0.94777 ( 0)
gca peak Left_Inf_Lat_Vent = 0.16627 (28)
gca peak Third_Ventricle = 0.17522 (25)
gca peak Fourth_Ventricle = 0.17113 (14)
gca peak CSF = 0.20346 (36)
gca peak Left_Accumbens_area = 0.70646 (62)
gca peak Left_undetermined = 1.00000 (28)
gca peak Left_vessel = 0.89917 (53)
gca peak Left_choroid_plexus = 0.11689 (35)
gca peak Right_Inf_Lat_Vent = 0.25504 (23)
gca peak Right_Accumbens_area = 0.31650 (65)
gca peak Right_vessel = 0.77268 (52)
gca peak Right_choroid_plexus = 0.13275 (38)
gca peak Fifth_Ventricle = 0.60973 (33)
gca peak WM_hypointensities = 0.11013 (77)
gca peak non_WM_hypointensities = 0.11354 (41)
gca peak Optic_Chiasm = 0.51646 (76)
not using caudate to estimate GM means
estimating mean gm scale to be 1.30 x + 0.0
estimating mean wm scale to be 1.01 x + 0.0
estimating mean csf scale to be 1.50 x + 0.0
Left_Pallidum too bright - rescaling by 0.986 (from 1.065) to 101.9 (was 103.3)
saving intensity scales to aseg.auto_noCCseg.label_intensities.txt
renormalizing by structure alignment....
renormalizing input #0
gca peak = 0.14064 (28)
mri peak = 0.15334 (31)
Left_Lateral_Ventricle (4): linear fit = 0.99 x + 0.0 (2271 voxels, overlap=0.704)
Left_Lateral_Ventricle (4): linear fit = 0.99 x + 0.0 (2271 voxels, peak = 28), gca=27.6
gca peak = 0.16931 (19)
mri peak = 0.12161 (31)
Right_Lateral_Ventricle (43): linear fit = 1.40 x + 0.0 (1820 voxels, overlap=0.314)
Right_Lateral_Ventricle (43): linear fit = 1.40 x + 0.0 (1820 voxels, peak = 27), gca=26.7
gca peak = 0.20914 (101)
mri peak = 0.13015 (100)
Right_Pallidum (52): linear fit = 1.00 x + 0.0 (776 voxels, overlap=1.002)
Right_Pallidum (52): linear fit = 1.00 x + 0.0 (776 voxels, peak = 102), gca=101.5
gca peak = 0.15484 (99)
mri peak = 0.14091 (102)
Left_Pallidum (13): linear fit = 1.01 x + 0.0 (809 voxels, overlap=0.924)
Left_Pallidum (13): linear fit = 1.01 x + 0.0 (809 voxels, peak = 100), gca=100.5
gca peak = 0.21666 (73)
mri peak = 0.10627 (74)
Right_Hippocampus (53): linear fit = 1.00 x + 0.0 (1260 voxels, overlap=1.000)
Right_Hippocampus (53): linear fit = 1.00 x + 0.0 (1260 voxels, peak = 73), gca=73.0
gca peak = 0.27558 (74)
mri peak = 0.14035 (75)
Left_Hippocampus (17): linear fit = 1.00 x + 0.0 (1087 voxels, overlap=1.004)
Left_Hippocampus (17): linear fit = 1.00 x + 0.0 (1087 voxels, peak = 74), gca=74.0
gca peak = 0.07890 (105)
mri peak = 0.11366 (104)
Right_Cerebral_White_Matter (41): linear fit = 1.00 x + 0.0 (51247 voxels, overlap=0.722)
Right_Cerebral_White_Matter (41): linear fit = 1.00 x + 0.0 (51247 voxels, peak = 104), gca=104.5
gca peak = 0.07992 (105)
mri peak = 0.11269 (105)
Left_Cerebral_White_Matter (2): linear fit = 1.00 x + 0.0 (52299 voxels, overlap=0.643)
Left_Cerebral_White_Matter (2): linear fit = 1.00 x + 0.0 (52299 voxels, peak = 105), gca=105.0
gca peak = 0.07731 (72)
mri peak = 0.04416 (75)
Left_Cerebral_Cortex (3): linear fit = 1.00 x + 0.0 (37436 voxels, overlap=0.938)
Left_Cerebral_Cortex (3): linear fit = 1.00 x + 0.0 (37436 voxels, peak = 72), gca=72.0
gca peak = 0.09103 (74)
mri peak = 0.04185 (72)
Right_Cerebral_Cortex (42): linear fit = 1.00 x + 0.0 (36372 voxels, overlap=0.953)
Right_Cerebral_Cortex (42): linear fit = 1.00 x + 0.0 (36372 voxels, peak = 74), gca=74.0
gca peak = 0.20497 (82)
mri peak = 0.11672 (84)
Right_Caudate (50): linear fit = 1.00 x + 0.0 (1328 voxels, overlap=1.000)
Right_Caudate (50): linear fit = 1.00 x + 0.0 (1328 voxels, peak = 82), gca=82.0
gca peak = 0.11604 (81)
mri peak = 0.14235 (84)
Left_Caudate (11): linear fit = 1.00 x + 0.0 (1269 voxels, overlap=0.814)
Left_Caudate (11): linear fit = 1.00 x + 0.0 (1269 voxels, peak = 81), gca=81.0
gca peak = 0.10862 (72)
mri peak = 0.06280 (74)
Left_Cerebellum_Cortex (8): linear fit = 1.00 x + 0.0 (26509 voxels, overlap=0.953)
Left_Cerebellum_Cortex (8): linear fit = 1.00 x + 0.0 (26509 voxels, peak = 72), gca=72.0
gca peak = 0.11976 (74)
mri peak = 0.06527 (74)
Right_Cerebellum_Cortex (47): linear fit = 0.99 x + 0.0 (31448 voxels, overlap=0.957)
Right_Cerebellum_Cortex (47): linear fit = 0.99 x + 0.0 (31448 voxels, peak = 73), gca=72.9
gca peak = 0.14395 (94)
mri peak = 0.09014 (95)
Left_Cerebellum_White_Matter (7): linear fit = 1.00 x + 0.0 (14847 voxels, overlap=0.989)
Left_Cerebellum_White_Matter (7): linear fit = 1.00 x + 0.0 (14847 voxels, peak = 94), gca=93.5
gca peak = 0.14963 (92)
mri peak = 0.10905 (92)
Right_Cerebellum_White_Matter (46): linear fit = 1.00 x + 0.0 (10558 voxels, overlap=0.964)
Right_Cerebellum_White_Matter (46): linear fit = 1.00 x + 0.0 (10558 voxels, peak = 92), gca=91.5
gca peak = 0.27857 (78)
mri peak = 0.11951 (75)
Left_Amygdala (18): linear fit = 0.99 x + 0.0 (566 voxels, overlap=1.011)
Left_Amygdala (18): linear fit = 0.99 x + 0.0 (566 voxels, peak = 77), gca=76.8
gca peak = 0.24479 (75)
mri peak = 0.11327 (75)
Right_Amygdala (54): linear fit = 1.00 x + 0.0 (618 voxels, overlap=1.007)
Right_Amygdala (54): linear fit = 1.00 x + 0.0 (618 voxels, peak = 75), gca=75.0
gca peak = 0.10326 (96)
mri peak = 0.10672 (94)
Left_Thalamus (10): linear fit = 0.99 x + 0.0 (5164 voxels, overlap=0.887)
Left_Thalamus (10): linear fit = 0.99 x + 0.0 (5164 voxels, peak = 95), gca=94.6
gca peak = 0.09918 (90)
mri peak = 0.10109 (94)
Right_Thalamus (49): linear fit = 1.00 x + 0.0 (5127 voxels, overlap=0.890)
Right_Thalamus (49): linear fit = 1.00 x + 0.0 (5127 voxels, peak = 90), gca=90.4
gca peak = 0.08834 (93)
mri peak = 0.14299 (91)
Left_Putamen (12): linear fit = 1.00 x + 0.0 (2098 voxels, overlap=0.702)
Left_Putamen (12): linear fit = 1.00 x + 0.0 (2098 voxels, peak = 93), gca=92.5
gca peak = 0.09539 (87)
mri peak = 0.14899 (91)
Right_Putamen (51): linear fit = 1.00 x + 0.0 (2280 voxels, overlap=0.747)
Right_Putamen (51): linear fit = 1.00 x + 0.0 (2280 voxels, peak = 87), gca=86.6
gca peak = 0.08093 (89)
mri peak = 0.07112 (91)
Brain_Stem (16): linear fit = 0.99 x + 0.0 (12312 voxels, overlap=0.842)
Brain_Stem (16): linear fit = 0.99 x + 0.0 (12312 voxels, peak = 88), gca=87.7
gca peak = 0.11536 (100)
mri peak = 0.08913 (101)
Right_VentralDC (60): linear fit = 1.00 x + 0.0 (1623 voxels, overlap=0.842)
Right_VentralDC (60): linear fit = 1.00 x + 0.0 (1623 voxels, peak = 100), gca=100.5
gca peak = 0.15244 (99)
mri peak = 0.09861 (101)
Left_VentralDC (28): linear fit = 1.00 x + 0.0 (1629 voxels, overlap=0.922)
Left_VentralDC (28): linear fit = 1.00 x + 0.0 (1629 voxels, peak = 99), gca=99.0
gca peak = 0.17159 (38)
mri peak = 0.20641 (33)
gca peak = 0.15149 (22)
mri peak = 0.11760 (29)
Fourth_Ventricle (15): linear fit = 1.32 x + 0.0 (462 voxels, overlap=0.291)
Fourth_Ventricle (15): linear fit = 1.32 x + 0.0 (462 voxels, peak = 29), gca=28.9
gca peak Unknown = 0.94777 ( 0)
gca peak Left_Inf_Lat_Vent = 0.17742 (36)
gca peak Third_Ventricle = 0.17159 (38)
gca peak CSF = 0.13119 (54)
gca peak Left_Accumbens_area = 0.53110 (73)
gca peak Left_undetermined = 0.98480 (34)
gca peak Left_vessel = 0.63642 (53)
gca peak Left_choroid_plexus = 0.11039 (35)
gca peak Right_Inf_Lat_Vent = 0.22631 (30)
gca peak Right_Accumbens_area = 0.28224 (82)
gca peak Right_vessel = 0.77268 (52)
gca peak Right_choroid_plexus = 0.13879 (38)
gca peak Fifth_Ventricle = 0.59466 (47)
gca peak WM_hypointensities = 0.11621 (77)
gca peak non_WM_hypointensities = 0.14199 (41)
gca peak Optic_Chiasm = 0.45423 (76)
not using caudate to estimate GM means
estimating mean gm scale to be 1.00 x + 0.0
estimating mean wm scale to be 1.00 x + 0.0
estimating mean csf scale to be 1.24 x + 0.0
Right_Pallidum too bright - rescaling by 1.001 (from 1.005) to 101.6 (was 101.5)
saving intensity scales to aseg.auto_noCCseg.label_intensities.txt
saving sequentially combined intensity scales to aseg.auto_noCCseg.label_intensities.txt
