GCCcore/11.3.0
zlib/1.2.12-GCCcore-11.3.0
binutils/2.38-GCCcore-11.3.0
GCC/11.3.0
numactl/2.0.14-GCCcore-11.3.0
XZ/5.2.5-GCCcore-11.3.0
libxml2/2.9.13-GCCcore-11.3.0
libpciaccess/0.16-GCCcore-11.3.0
hwloc/2.7.1-GCCcore-11.3.0
OpenSSL/1.1
libevent/2.1.12-GCCcore-11.3.0
UCX/1.12.1-GCCcore-11.3.0
libfabric/1.15.1-GCCcore-11.3.0
PMIx/4.1.2-GCCcore-11.3.0
UCC/1.0.0-GCCcore-11.3.0
OpenMPI/4.1.4-GCC-11.3.0
OpenBLAS/0.3.20-GCC-11.3.0
FlexiBLAS/3.2.0-GCC-11.3.0
FFTW/3.3.10-GCC-11.3.0
gompi/2022a
FFTW.MPI/3.3.10-gompi-2022a
ScaLAPACK/2.2.0-gompi-2022a-fb
foss/2022a
bzip2/1.0.8-GCCcore-11.3.0
ncurses/6.3-GCCcore-11.3.0
libreadline/8.1.2-GCCcore-11.3.0
ncurses/6.3-GCCcore-11.3.0
Tcl/8.6.12-GCCcore-11.3.0
SQLite/3.38.3-GCCcore-11.3.0
GMP/6.2.1-GCCcore-11.3.0
libffi/3.4.2-GCCcore-11.3.0
Python/3.10.4-GCCcore-11.3.0
pybind11/2.9.2-GCCcore-11.3.0
SciPy-bundle/2022.05-foss-2022a
libxml2/2.9.13-GCCcore-11.3.0
libxslt/1.1.34-GCCcore-11.3.0
libpng/1.6.37-GCCcore-11.3.0
Brotli/1.0.9-GCCcore-11.3.0
freetype/2.12.1-GCCcore-11.3.0
expat/2.4.8-GCCcore-11.3.0
util-linux/2.38-GCCcore-11.3.0
fontconfig/2.14.0-GCCcore-11.3.0
xorg-macros/1.19.3-GCCcore-11.3.0
X11/20220504-GCCcore-11.3.0
Tk/8.6.12-GCCcore-11.3.0
Tkinter/3.10.4-GCCcore-11.3.0
NASM/2.15.05-GCCcore-11.3.0
libjpeg-turbo/2.1.3-GCCcore-11.3.0
jbigkit/2.1-GCCcore-11.3.0
gzip/1.12-GCCcore-11.3.0
lz4/1.9.3-GCCcore-11.3.0
zstd/1.5.2-GCCcore-11.3.0
libdeflate/1.10-GCCcore-11.3.0
LibTIFF/4.3.0-GCCcore-11.3.0
Pillow/9.1.1-GCCcore-11.3.0
Qhull/2020.2-GCCcore-11.3.0
matplotlib/3.5.2-foss-2022a
tqdm/4.64.0-GCCcore-11.3.0
scikit-learn/1.1.2-foss-2022a
LLVM/12.0.1-GCCcore-11.3.0
numba/0.56.4-foss-2022a
pydicom/2.3.0-GCCcore-11.3.0
NiBabel/4.0.2-foss-2022a
Szip/2.1.1-GCCcore-11.3.0
HDF5/1.12.2-gompi-2022a
h5py/3.7.0-foss-2022a
imageio/2.22.2-foss-2022a
libdrm/2.4.110-GCCcore-11.3.0
libglvnd/1.4.0-GCCcore-11.3.0
libunwind/1.6.2-GCCcore-11.3.0
Mesa/22.0.3-GCCcore-11.3.0
libGLU/9.0.2-GCCcore-11.3.0
VTK/9.2.2-foss-2022a
MNE-Python/1.3.1-foss-2022a
MCR/R2019b.8
FreeSurfer/7.4.1-centos8_x86_64
fs-check-version --s sub-CC120061_T1w --o /tmp/tmp.SbtLUb
Thu Sep 19 16:35:20 BST 2024

setenv SUBJECTS_DIR /rds/projects/q/quinna-camcan/cc700/mri/pipeline/release004/BIDS_20190411/anat
cd /rds/projects/q/quinna-camcan/ghafarit-scripts/github/camcan-laterality/mne_python/source
/rds/bear-apps/2022a/EL8-ice/software/FreeSurfer/7.4.1-centos8_x86_64/bin/fs-check-version --s sub-CC120061_T1w --o /tmp/tmp.SbtLUb
-rwxrwxr-x 1 branfosj-admin build 18565 Jun 14  2023 /rds/bear-apps/2022a/EL8-ice/software/FreeSurfer/7.4.1-centos8_x86_64/bin/fs-check-version

freesurfer-linux-centos8_x86_64-7.4.1-20230613-7eb8460
$Id$
Linux bear-pg0202u12a.bear.cluster 4.18.0-372.32.1.el8_6.x86_64 #1 SMP Fri Oct 7 12:35:10 EDT 2022 x86_64 x86_64 x86_64 GNU/Linux
pid 2932288
Current FS Version freesurfer-linux-centos8_x86_64-7.4.1-20230613-7eb8460
Subject does not have a bstampfile, copying /rds/bear-apps/2022a/EL8-ice/software/FreeSurfer/7.4.1-centos8_x86_64/build-stamp.txt
Subject FS Version: freesurfer-linux-centos8_x86_64-7.4.1-20230613-7eb8460
No constraints on version because REQ=UnSet and FsVerFile=NotThere
#@#% fs-check-version match = 1
fs-check-version Done
INFO: SUBJECTS_DIR is /rds/projects/q/quinna-camcan/cc700/mri/pipeline/release004/BIDS_20190411/anat
Actual FREESURFER_HOME /rds/bear-apps/2022a/EL8-ice/software/FreeSurfer/7.4.1-centos8_x86_64
Linux bear-pg0202u12a.bear.cluster 4.18.0-372.32.1.el8_6.x86_64 #1 SMP Fri Oct 7 12:35:10 EDT 2022 x86_64 x86_64 x86_64 GNU/Linux
/rds/projects/q/quinna-camcan/cc700/mri/pipeline/release004/BIDS_20190411/anat/sub-CC120061_T1w

 mri_convert /rds/projects/q/quinna-camcan/cc700/mri/pipeline/release004/BIDS_20190411/anat/sub-CC120061/anat/sub-CC120061_T1w.nii.gz /rds/projects/q/quinna-camcan/cc700/mri/pipeline/release004/BIDS_20190411/anat/sub-CC120061_T1w/mri/orig/001.mgz 

mri_convert /rds/projects/q/quinna-camcan/cc700/mri/pipeline/release004/BIDS_20190411/anat/sub-CC120061/anat/sub-CC120061_T1w.nii.gz /rds/projects/q/quinna-camcan/cc700/mri/pipeline/release004/BIDS_20190411/anat/sub-CC120061_T1w/mri/orig/001.mgz 
reading from /rds/projects/q/quinna-camcan/cc700/mri/pipeline/release004/BIDS_20190411/anat/sub-CC120061/anat/sub-CC120061_T1w.nii.gz...
TR=0.00, TE=0.00, TI=0.00, flip angle=0.00
i_ras = (0.020917, -0.999781, 0)
j_ras = (-0.0244451, -0.00051105, 0.999701)
k_ras = (0.999482, 0.0209107, 0.0244502)
writing to /rds/projects/q/quinna-camcan/cc700/mri/pipeline/release004/BIDS_20190411/anat/sub-CC120061_T1w/mri/orig/001.mgz...
@#@FSTIME  2024:09:19:16:35:24 mri_convert N 2 e 5.34 S 0.03 U 5.23 P 98% M 54560 F 0 R 1378 W 0 c 16 w 53 I 0 O 0 L 108.27 106.58 106.23
@#@FSLOADPOST 2024:09:19:16:35:29 mri_convert N 2 108.25 106.61 106.24
#--------------------------------------------
#@# MotionCor Thu Sep 19 16:35:30 BST 2024
Found 1 runs
/rds/projects/q/quinna-camcan/cc700/mri/pipeline/release004/BIDS_20190411/anat/sub-CC120061_T1w/mri/orig/001.mgz
Checking for (invalid) multi-frame inputs...
Only one run found so motion
correction will not be performed. I'll
copy the run to rawavg and continue.

 cp /rds/projects/q/quinna-camcan/cc700/mri/pipeline/release004/BIDS_20190411/anat/sub-CC120061_T1w/mri/orig/001.mgz /rds/projects/q/quinna-camcan/cc700/mri/pipeline/release004/BIDS_20190411/anat/sub-CC120061_T1w/mri/rawavg.mgz 


 mri_info /rds/projects/q/quinna-camcan/cc700/mri/pipeline/release004/BIDS_20190411/anat/sub-CC120061_T1w/mri/rawavg.mgz 

rawavg.mgz ========================================
Volume information for /rds/projects/q/quinna-camcan/cc700/mri/pipeline/release004/BIDS_20190411/anat/sub-CC120061_T1w/mri/rawavg.mgz
          type: MGH
    dimensions: 256 x 256 x 192
   voxel sizes: 1.000000, 1.000000, 1.000000
          type: FLOAT (3)
           fov: 256.000
           dof: 1
        xstart: -128.0, xend: 128.0
        ystart: -128.0, yend: 128.0
        zstart: -96.0, zend: 96.0
            TR: 0.00 msec, TE: 0.00 msec, TI: 0.00 msec, flip angle: 0.00 degrees
       nframes: 1
       PhEncDir: UNKNOWN
       FieldStrength: 0.000000
ras xform present
    xform info: x_r =   0.0209, y_r =  -0.0244, z_r =   0.9995, c_r =    -3.0835
              : x_a =  -0.9998, y_a =  -0.0005, z_a =   0.0209, c_a =    31.8668
              : x_s =   0.0000, y_s =   0.9997, z_s =   0.0245, c_s =   -21.9565

talairach xfm : 
Orientation   : PSR
Primary Slice Direction: sagittal

voxel to ras transform:
                0.0209  -0.0244   0.9995   -98.5822
               -0.9998  -0.0005   0.0209   157.8968
                0.0000   0.9997   0.0245  -152.2655
                0.0000   0.0000   0.0000     1.0000

voxel-to-ras determinant -1

ras to voxel transform:
                0.0209  -0.9998   0.0000   159.9243
               -0.0244  -0.0005   0.9997   149.8909
                0.9995   0.0209   0.0245    98.9524
               -0.0000  -0.0000  -0.0000     1.0000
/rds/projects/q/quinna-camcan/cc700/mri/pipeline/release004/BIDS_20190411/anat/sub-CC120061_T1w

 mri_convert /rds/projects/q/quinna-camcan/cc700/mri/pipeline/release004/BIDS_20190411/anat/sub-CC120061_T1w/mri/rawavg.mgz /rds/projects/q/quinna-camcan/cc700/mri/pipeline/release004/BIDS_20190411/anat/sub-CC120061_T1w/mri/orig.mgz --conform 

mri_convert /rds/projects/q/quinna-camcan/cc700/mri/pipeline/release004/BIDS_20190411/anat/sub-CC120061_T1w/mri/rawavg.mgz /rds/projects/q/quinna-camcan/cc700/mri/pipeline/release004/BIDS_20190411/anat/sub-CC120061_T1w/mri/orig.mgz --conform 
reading from /rds/projects/q/quinna-camcan/cc700/mri/pipeline/release004/BIDS_20190411/anat/sub-CC120061_T1w/mri/rawavg.mgz...
TR=0.00, TE=0.00, TI=0.00, flip angle=0.00
i_ras = (0.020917, -0.999781, 0)
j_ras = (-0.0244451, -0.00051105, 0.999701)
k_ras = (0.999482, 0.0209107, 0.0244502)
changing data type from float to uchar (noscale = 0)...
MRIchangeType: Building histogram 0 655 1000, flo=0, fhi=0.999, dest_type=0
Reslicing using trilinear interpolation 
writing to /rds/projects/q/quinna-camcan/cc700/mri/pipeline/release004/BIDS_20190411/anat/sub-CC120061_T1w/mri/orig.mgz...
@#@FSTIME  2024:09:19:16:35:34 mri_convert N 3 e 4.63 S 0.04 U 4.56 P 99% M 66836 F 0 R 6620 W 0 c 20 w 12 I 0 O 0 L 107.67 106.52 106.21
@#@FSLOADPOST 2024:09:19:16:35:39 mri_convert N 3 107.54 106.51 106.21

 mri_add_xform_to_header -c /rds/projects/q/quinna-camcan/cc700/mri/pipeline/release004/BIDS_20190411/anat/sub-CC120061_T1w/mri/transforms/talairach.xfm /rds/projects/q/quinna-camcan/cc700/mri/pipeline/release004/BIDS_20190411/anat/sub-CC120061_T1w/mri/orig.mgz /rds/projects/q/quinna-camcan/cc700/mri/pipeline/release004/BIDS_20190411/anat/sub-CC120061_T1w/mri/orig.mgz 

INFO: extension is mgz
@#@FSTIME  2024:09:19:16:35:39 mri_add_xform_to_header N 4 e 1.71 S 0.02 U 1.67 P 99% M 21580 F 0 R 1305 W 0 c 9 w 16 I 0 O 0 L 107.54 106.51 106.21
@#@FSLOADPOST 2024:09:19:16:35:41 mri_add_xform_to_header N 4 107.54 106.51 106.21

 mri_info /rds/projects/q/quinna-camcan/cc700/mri/pipeline/release004/BIDS_20190411/anat/sub-CC120061_T1w/mri/orig.mgz 

orig.mgz ========================================
Volume information for /rds/projects/q/quinna-camcan/cc700/mri/pipeline/release004/BIDS_20190411/anat/sub-CC120061_T1w/mri/orig.mgz
          type: MGH
    dimensions: 256 x 256 x 256
   voxel sizes: 1.000000, 1.000000, 1.000000
          type: UCHAR (0)
           fov: 256.000
           dof: 1
        xstart: -128.0, xend: 128.0
        ystart: -128.0, yend: 128.0
        zstart: -128.0, zend: 128.0
            TR: 0.00 msec, TE: 0.00 msec, TI: 0.00 msec, flip angle: 0.00 degrees
       nframes: 1
       PhEncDir: UNKNOWN
       FieldStrength: 0.000000
ras xform present
    xform info: x_r =  -1.0000, y_r =   0.0000, z_r =   0.0000, c_r =    -3.0835
              : x_a =   0.0000, y_a =   0.0000, z_a =   1.0000, c_a =    31.8668
              : x_s =  -0.0000, y_s =  -1.0000, z_s =   0.0000, c_s =   -21.9565

talairach xfm : /rds/projects/q/quinna-camcan/cc700/mri/pipeline/release004/BIDS_20190411/anat/sub-CC120061_T1w/mri/transforms/talairach.xfm
Orientation   : LIA
Primary Slice Direction: coronal

voxel to ras transform:
               -1.0000   0.0000   0.0000   124.9165
                0.0000   0.0000   1.0000   -96.1332
               -0.0000  -1.0000   0.0000   106.0435
                0.0000   0.0000   0.0000     1.0000

voxel-to-ras determinant -1

ras to voxel transform:
               -1.0000  -0.0000  -0.0000   124.9165
                0.0000   0.0000  -1.0000   106.0435
                0.0000   1.0000   0.0000    96.1332
               -0.0000  -0.0000  -0.0000     1.0000
#--------------------------------------------
#@# Talairach Thu Sep 19 16:35:41 BST 2024
/rds/projects/q/quinna-camcan/cc700/mri/pipeline/release004/BIDS_20190411/anat/sub-CC120061_T1w/mri

 mri_nu_correct.mni --no-rescale --i orig.mgz --o orig_nu.mgz --ants-n4 --n 1 --proto-iters 1000 --distance 50 

/usr/bin/bc
/rds/projects/q/quinna-camcan/cc700/mri/pipeline/release004/BIDS_20190411/anat/sub-CC120061_T1w/mri
/rds/bear-apps/2022a/EL8-ice/software/FreeSurfer/7.4.1-centos8_x86_64/bin/mri_nu_correct.mni
--no-rescale --i orig.mgz --o orig_nu.mgz --ants-n4 --n 1 --proto-iters 1000 --distance 50
nIters 1
mri_nu_correct.mni 7.4.1
Linux bear-pg0202u12a.bear.cluster 4.18.0-372.32.1.el8_6.x86_64 #1 SMP Fri Oct 7 12:35:10 EDT 2022 x86_64 x86_64 x86_64 GNU/Linux
Thu Sep 19 16:35:42 BST 2024
tmpdir is ./tmp.mri_nu_correct.mni.2933531
cd /rds/projects/q/quinna-camcan/cc700/mri/pipeline/release004/BIDS_20190411/anat/sub-CC120061_T1w/mri
AntsN4BiasFieldCorrectionFs -i orig.mgz -o ./tmp.mri_nu_correct.mni.2933531/nu0.mgz --dtype uchar
AntsN4BiasFieldCorrectionFs done
mri_convert ./tmp.mri_nu_correct.mni.2933531/nu0.mgz orig_nu.mgz --like orig.mgz --conform
mri_convert ./tmp.mri_nu_correct.mni.2933531/nu0.mgz orig_nu.mgz --like orig.mgz --conform 
reading from ./tmp.mri_nu_correct.mni.2933531/nu0.mgz...
TR=0.00, TE=0.00, TI=0.00, flip angle=0.00
i_ras = (-1, 1.86265e-09, -1.86265e-09)
j_ras = (0, 5.82077e-11, -1)
k_ras = (0, 1, 5.82077e-11)
INFO: transform src into the like-volume: orig.mgz
writing to orig_nu.mgz...
 
 
Thu Sep 19 16:38:00 BST 2024
mri_nu_correct.mni done
@#@FSTIME  2024:09:19:16:35:41 mri_nu_correct.mni N 12 e 138.96 S 0.64 U 137.45 P 99% M 517188 F 0 R 30384 W 0 c 393 w 30480 I 0 O 0 L 107.54 106.51 106.21
@#@FSLOADPOST 2024:09:19:16:38:00 mri_nu_correct.mni N 12 113.50 108.75 107.05

 talairach_avi --i orig_nu.mgz --xfm transforms/talairach.auto.xfm 

talairach_avi log file is transforms/talairach_avi.log...
mv -f /rds/projects/q/quinna-camcan/cc700/mri/pipeline/release004/BIDS_20190411/anat/sub-CC120061_T1w/mri/talsrcimg_to_711-2C_as_mni_average_305_t4_vox2vox.txt /rds/projects/q/quinna-camcan/cc700/mri/pipeline/release004/BIDS_20190411/anat/sub-CC120061_T1w/mri/transforms/talsrcimg_to_711-2C_as_mni_average_305_t4_vox2vox.txt
Started at Thu Sep 19 16:38:01 BST 2024
Ended   at Thu Sep 19 16:38:40 BST 2024
talairach_avi done
@#@FSTIME  2024:09:19:16:38:01 talairach_avi N 4 e 39.50 S 1.45 U 13.40 P 37% M 256028 F 0 R 38099 W 0 c 91 w 5898 I 0 O 32 L 113.50 108.75 107.05
@#@FSLOADPOST 2024:09:19:16:38:40 talairach_avi N 4 116.48 110.09 107.58

 cp transforms/talairach.auto.xfm transforms/talairach.xfm 

lta_convert --src orig.mgz --trg /rds/bear-apps/2022a/EL8-ice/software/FreeSurfer/7.4.1-centos8_x86_64/average/mni305.cor.mgz --inxfm transforms/talairach.xfm --outlta transforms/talairach.xfm.lta --subject fsaverage --ltavox2vox
7.4.1

--src: orig.mgz src image (geometry).
--trg: /rds/bear-apps/2022a/EL8-ice/software/FreeSurfer/7.4.1-centos8_x86_64/average/mni305.cor.mgz trg image (geometry).
--inmni: transforms/talairach.xfm input MNI/XFM transform.
--outlta: transforms/talairach.xfm.lta output LTA.
--s: fsaverage subject name
--ltavox2vox: output LTA as VOX_TO_VOX transform.
 LTA read, type : 1
 1.07324   0.04841   0.06377   6.07532;
-0.06182   0.94142   0.32756  -13.95208;
-0.05992  -0.32614   1.00328   31.60074;
 0.00000   0.00000   0.00000   1.00000;
setting subject to fsaverage
Writing  LTA to file transforms/talairach.xfm.lta...
lta_convert successful.
/rds/projects/q/quinna-camcan/cc700/mri/pipeline/release004/BIDS_20190411/anat/sub-CC120061_T1w/mri/transforms /rds/projects/q/quinna-camcan/cc700/mri/pipeline/release004/BIDS_20190411/anat/sub-CC120061_T1w/mri 
/rds/projects/q/quinna-camcan/cc700/mri/pipeline/release004/BIDS_20190411/anat/sub-CC120061_T1w/mri 
#--------------------------------------------
#@# Nu Intensity Correction Thu Sep 19 16:38:43 BST 2024

 mri_nu_correct.mni --i orig.mgz --o nu.mgz --uchar transforms/talairach.xfm --n 2 --ants-n4 

/usr/bin/bc
/rds/projects/q/quinna-camcan/cc700/mri/pipeline/release004/BIDS_20190411/anat/sub-CC120061_T1w/mri
/rds/bear-apps/2022a/EL8-ice/software/FreeSurfer/7.4.1-centos8_x86_64/bin/mri_nu_correct.mni
--i orig.mgz --o nu.mgz --uchar transforms/talairach.xfm --n 2 --ants-n4
nIters 2
mri_nu_correct.mni 7.4.1
Linux bear-pg0202u12a.bear.cluster 4.18.0-372.32.1.el8_6.x86_64 #1 SMP Fri Oct 7 12:35:10 EDT 2022 x86_64 x86_64 x86_64 GNU/Linux
Thu Sep 19 16:38:43 BST 2024
tmpdir is ./tmp.mri_nu_correct.mni.2943105
cd /rds/projects/q/quinna-camcan/cc700/mri/pipeline/release004/BIDS_20190411/anat/sub-CC120061_T1w/mri
AntsN4BiasFieldCorrectionFs -i orig.mgz -o ./tmp.mri_nu_correct.mni.2943105/nu0.mgz --dtype uchar
AntsN4BiasFieldCorrectionFs done
mri_binarize --i ./tmp.mri_nu_correct.mni.2943105/nu0.mgz --min -1 --o ./tmp.mri_nu_correct.mni.2943105/ones.mgz

7.4.1
cwd /rds/projects/q/quinna-camcan/cc700/mri/pipeline/release004/BIDS_20190411/anat/sub-CC120061_T1w/mri
cmdline mri_binarize --i ./tmp.mri_nu_correct.mni.2943105/nu0.mgz --min -1 --o ./tmp.mri_nu_correct.mni.2943105/ones.mgz 
sysname  Linux
hostname bear-pg0202u12a.bear.cluster
machine  x86_64
user     ghafarit

input      ./tmp.mri_nu_correct.mni.2943105/nu0.mgz
frame      0
nErode3d   0
nErode2d   0
output     ./tmp.mri_nu_correct.mni.2943105/ones.mgz
Binarizing based on threshold
min        -1
max        +infinity
binval        1
binvalnot     0
fstart = 0, fend = 0, nframes = 1
Starting parallel 1
Found 16777216 values in range
Counting number of voxels in first frame
Found 16777215 voxels in final mask
Writing output to ./tmp.mri_nu_correct.mni.2943105/ones.mgz
Count: 16777215 16777215.000000 16777216 99.999994
mri_binarize done
mri_segstats --id 1 --seg ./tmp.mri_nu_correct.mni.2943105/ones.mgz --i orig.mgz --sum ./tmp.mri_nu_correct.mni.2943105/sum.junk --avgwf ./tmp.mri_nu_correct.mni.2943105/input.mean.dat

7.4.1
cwd 
cmdline mri_segstats --id 1 --seg ./tmp.mri_nu_correct.mni.2943105/ones.mgz --i orig.mgz --sum ./tmp.mri_nu_correct.mni.2943105/sum.junk --avgwf ./tmp.mri_nu_correct.mni.2943105/input.mean.dat 
sysname  Linux
hostname bear-pg0202u12a.bear.cluster
machine  x86_64
user     ghafarit
whitesurfname  white
UseRobust  0
Loading ./tmp.mri_nu_correct.mni.2943105/ones.mgz
Loading orig.mgz
Voxel Volume is 1 mm^3
Generating list of segmentation ids
Found   1 segmentations
Computing statistics for each segmentation

Reporting on   1 segmentations
Using PrintSegStat
Computing spatial average of each frame

Writing to ./tmp.mri_nu_correct.mni.2943105/input.mean.dat
mri_segstats done
mri_segstats --id 1 --seg ./tmp.mri_nu_correct.mni.2943105/ones.mgz --i ./tmp.mri_nu_correct.mni.2943105/nu0.mgz --sum ./tmp.mri_nu_correct.mni.2943105/sum.junk --avgwf ./tmp.mri_nu_correct.mni.2943105/output.mean.dat

7.4.1
cwd 
cmdline mri_segstats --id 1 --seg ./tmp.mri_nu_correct.mni.2943105/ones.mgz --i ./tmp.mri_nu_correct.mni.2943105/nu0.mgz --sum ./tmp.mri_nu_correct.mni.2943105/sum.junk --avgwf ./tmp.mri_nu_correct.mni.2943105/output.mean.dat 
sysname  Linux
hostname bear-pg0202u12a.bear.cluster
machine  x86_64
user     ghafarit
whitesurfname  white
UseRobust  0
Loading ./tmp.mri_nu_correct.mni.2943105/ones.mgz
Loading ./tmp.mri_nu_correct.mni.2943105/nu0.mgz
Voxel Volume is 1 mm^3
Generating list of segmentation ids
Found   1 segmentations
Computing statistics for each segmentation

Reporting on   1 segmentations
Using PrintSegStat
Computing spatial average of each frame

Writing to ./tmp.mri_nu_correct.mni.2943105/output.mean.dat
mri_segstats done
mris_calc -o ./tmp.mri_nu_correct.mni.2943105/nu0.mgz ./tmp.mri_nu_correct.mni.2943105/nu0.mgz mul 1.14746950483361801450
Saving result to './tmp.mri_nu_correct.mni.2943105/nu0.mgz' (type = MGH )                       [ ok ]
mri_convert ./tmp.mri_nu_correct.mni.2943105/nu0.mgz nu.mgz --like orig.mgz
mri_convert ./tmp.mri_nu_correct.mni.2943105/nu0.mgz nu.mgz --like orig.mgz 
reading from ./tmp.mri_nu_correct.mni.2943105/nu0.mgz...
TR=0.00, TE=0.00, TI=0.00, flip angle=0.00
i_ras = (-1, 1.86265e-09, -1.86265e-09)
j_ras = (0, 5.82077e-11, -1)
k_ras = (0, 1, 5.82077e-11)
INFO: transform src into the like-volume: orig.mgz
writing to nu.mgz...
mri_make_uchar nu.mgz transforms/talairach.xfm nu.mgz
type change took 0 minutes and 4 seconds.
FIRST_PERCENTILE 0.010000
WM_PERCENTILE    0.900000
MAX_R 50.000000
i1 = 2, i2 = 58
#mri_make_uchar# mapping  5 149 to  3 110  :  b -1.2875 m 0.744926 : thresh 1.72836 maxsat 344.044 : nzero 11327996 nsat 0
 
 
Thu Sep 19 16:41:24 BST 2024
mri_nu_correct.mni done
@#@FSTIME  2024:09:19:16:38:43 mri_nu_correct.mni N 9 e 160.53 S 1.10 U 158.33 P 99% M 612112 F 0 R 176512 W 0 c 476 w 277 I 0 O 0 L 115.72 110.04 107.57
@#@FSLOADPOST 2024:09:19:16:41:24 mri_nu_correct.mni N 9 113.96 111.37 108.46

 mri_add_xform_to_header -c /rds/projects/q/quinna-camcan/cc700/mri/pipeline/release004/BIDS_20190411/anat/sub-CC120061_T1w/mri/transforms/talairach.xfm nu.mgz nu.mgz 

INFO: extension is mgz
@#@FSTIME  2024:09:19:16:41:24 mri_add_xform_to_header N 4 e 0.58 S 0.01 U 0.56 P 98% M 21560 F 0 R 1313 W 0 c 3 w 12 I 0 O 0 L 113.96 111.37 108.46
@#@FSLOADPOST 2024:09:19:16:41:24 mri_add_xform_to_header N 4 113.96 111.37 108.46
#--------------------------------------------
#@# Intensity Normalization Thu Sep 19 16:41:25 BST 2024
/rds/projects/q/quinna-camcan/cc700/mri/pipeline/release004/BIDS_20190411/anat/sub-CC120061_T1w/mri

 mri_normalize -g 1 -seed 1234 -mprage nu.mgz T1.mgz 

using max gradient = 1.000
setting seed for random number genererator to 1234
assuming input volume is MGH (Van der Kouwe) MP-RAGE
reading mri_src from nu.mgz...
normalizing image...
NOT doing gentle normalization with control points/label
talairach transform
 1.07324   0.04841   0.06377   6.07532;
-0.06182   0.94142   0.32756  -13.95208;
-0.05992  -0.32614   1.00328   31.60074;
 0.00000   0.00000   0.00000   1.00000;
processing without aseg, no1d=0
MRInormInit(): 
INFO: Modifying talairach volume c_(r,a,s) based on average_305
MRInormalize(): 
MRIsplineNormalize(): npeaks = 19
Starting OpenSpline(): npoints = 19
building Voronoi diagram...
performing soap bubble smoothing, sigma = 8...

Iterating 2 times
---------------------------------
3d normalization pass 1 of 2
white matter peak found at 110
white matter peak found at 110
gm peak at 79 (79), valley at 49 (49)
csf peak at 39, setting threshold to 65
building Voronoi diagram...
performing soap bubble smoothing, sigma = 8...
---------------------------------
3d normalization pass 2 of 2
white matter peak found at 110
white matter peak found at 110
gm peak at 80 (80), valley at 38 (38)
csf peak at 41, setting threshold to 67
building Voronoi diagram...
performing soap bubble smoothing, sigma = 8...
Done iterating ---------------------------------
writing output to T1.mgz
3D bias adjustment took 1 minutes and 36 seconds.
@#@FSTIME  2024:09:19:16:41:25 mri_normalize N 7 e 96.20 S 0.21 U 95.49 P 99% M 583976 F 0 R 12451 W 0 c 274 w 11 I 0 O 0 L 113.96 111.37 108.46
@#@FSLOADPOST 2024:09:19:16:43:01 mri_normalize N 7 113.35 111.78 108.89
#--------------------------------------------
#@# Skull Stripping Thu Sep 19 16:43:01 BST 2024
/rds/projects/q/quinna-camcan/cc700/mri/pipeline/release004/BIDS_20190411/anat/sub-CC120061_T1w/mri

 mri_em_register -skull nu.mgz /rds/bear-apps/2022a/EL8-ice/software/FreeSurfer/7.4.1-centos8_x86_64/average/RB_all_withskull_2020_01_02.gca transforms/talairach_with_skull.lta 

aligning to atlas containing skull, setting unknown_nbr_spacing = 5

== Number of threads available to mri_em_register for OpenMP = 1 == 
reading 1 input volumes...
logging results to talairach_with_skull.log
reading '/rds/bear-apps/2022a/EL8-ice/software/FreeSurfer/7.4.1-centos8_x86_64/average/RB_all_withskull_2020_01_02.gca'...
GCAread took 0 minutes and 1 seconds.
average std = 23.0   using min determinant for regularization = 52.8
0 singular and 9205 ill-conditioned covariance matrices regularized
reading 'nu.mgz'...
freeing gibbs priors...done.
accounting for voxel sizes in initial transform
bounding unknown intensity as < 8.9 or > 556.0 
total sample mean = 77.3 (1403 zeros)
************************************************
spacing=8, using 3292 sample points, tol=1.00e-05...
************************************************
register_mri: find_optimal_transform
find_optimal_transform: nsamples 3292, passno 0, spacing 8
resetting wm mean[0]: 100 --> 108
resetting gm mean[0]: 61 --> 61
input volume #1 is the most T1-like
using real data threshold=5.0
skull bounding box = (50, 54, 0) --> (205, 255, 208)
finding center of left hemi white matter
using (102, 121, 104) as brain centroid of Right_Cerebral_White_Matter...
MRImask(): AllowDiffGeom = 1
mean wm in atlas = 108, using box (83,96,78) --> (121, 145,129) to find MRI wm
before smoothing, mri peak at 106
robust fit to distribution - 107 +- 3.9
after smoothing, mri peak at 107, scaling input intensities by 1.009
scaling channel 0 by 1.00935
initial log_p = -4.439
************************************************
First Search limited to translation only.
************************************************
max log p =    -4.442837 @ (0.000, 0.000, 0.000)
max log p =    -4.357124 @ (-5.263, -5.263, 5.263)
max log p =    -4.308408 @ (-2.632, -2.632, -2.632)
max log p =    -4.293692 @ (6.579, -6.579, 1.316)
max log p =    -4.271777 @ (0.658, 1.974, 0.658)
max log p =    -4.271777 @ (0.000, 0.000, 0.000)
max log p =    -4.271777 @ (0.000, 0.000, 0.000)
max log p =    -4.271777 @ (0.000, 0.000, 0.000)
Found translation: (-0.7, -12.5, 4.6): log p = -4.272
****************************************
Nine parameter search.  iteration 0 nscales = 0 ...
****************************************
Result so far: scale 1.000: max_log_p=-4.117, old_max_log_p =-4.272 (thresh=-4.3)
 1.05465   0.11662   0.03125  -28.89165;
-0.16136   1.02949   0.27585  -18.66110;
 0.00000  -0.27823   1.03837   43.53369;
 0.00000   0.00000   0.00000   1.00000;
iteration took 1 minutes and 43 seconds.
****************************************
Nine parameter search.  iteration 1 nscales = 0 ...
****************************************
Result so far: scale 1.000: max_log_p=-4.113, old_max_log_p =-4.117 (thresh=-4.1)
 1.04563   0.15194  -0.10455  -18.74624;
-0.17347   1.10670   0.29654  -30.71894;
 0.12733  -0.24108   0.95605   30.54869;
 0.00000   0.00000   0.00000   1.00000;
iteration took 1 minutes and 42 seconds.
****************************************
Nine parameter search.  iteration 2 nscales = 0 ...
****************************************
Result so far: scale 1.000: max_log_p=-4.110, old_max_log_p =-4.113 (thresh=-4.1)
 1.05330   0.11917   0.02113  -28.03846;
-0.17347   1.10670   0.29654  -30.71894;
-0.01100  -0.27826   1.03363   45.42794;
 0.00000   0.00000   0.00000   1.00000;
reducing scale to 0.2500
iteration took 1 minutes and 40 seconds.
****************************************
Nine parameter search.  iteration 3 nscales = 1 ...
****************************************
Result so far: scale 0.250: max_log_p=-4.034, old_max_log_p =-4.110 (thresh=-4.1)
 1.06217   0.05522  -0.03080  -16.01192;
-0.10226   1.09183   0.28962  -38.67240;
 0.02343  -0.25884   0.97637   42.39341;
 0.00000   0.00000   0.00000   1.00000;
iteration took 1 minutes and 34 seconds.
****************************************
Nine parameter search.  iteration 4 nscales = 1 ...
****************************************
Result so far: scale 0.250: max_log_p=-4.031, old_max_log_p =-4.034 (thresh=-4.0)
 1.06237   0.04672   0.00116  -18.18658;
-0.10035   1.07136   0.28419  -35.28273;
-0.01112  -0.25562   0.95854   46.37462;
 0.00000   0.00000   0.00000   1.00000;
reducing scale to 0.0625
iteration took 1 minutes and 32 seconds.
****************************************
Nine parameter search.  iteration 5 nscales = 2 ...
****************************************
Result so far: scale 0.062: max_log_p=-4.008, old_max_log_p =-4.031 (thresh=-4.0)
 1.06005   0.03583  -0.02709  -14.13277;
-0.08341   1.07148   0.30061  -39.25866;
 0.01659  -0.27235   0.95458   45.73319;
 0.00000   0.00000   0.00000   1.00000;
iteration took 1 minutes and 8 seconds.
****************************************
Nine parameter search.  iteration 6 nscales = 2 ...
****************************************
Result so far: scale 0.062: max_log_p=-4.008, old_max_log_p =-4.008 (thresh=-4.0)
 1.06005   0.03583  -0.02709  -14.13277;
-0.08341   1.07148   0.30061  -39.25866;
 0.01659  -0.27235   0.95458   45.73319;
 0.00000   0.00000   0.00000   1.00000;
min search scale 0.025000 reached
***********************************************
Computing MAP estimate using 3292 samples...
***********************************************
dt = 5.00e-06, momentum=0.80, tol=1.00e-05
l_intensity = 1.0000
Aligning input volume to GCA...
Transform matrix
 1.06005   0.03583  -0.02709  -14.13277;
-0.08341   1.07148   0.30061  -39.25866;
 0.01659  -0.27235   0.95458   45.73319;
 0.00000   0.00000   0.00000   1.00000;
nsamples 3292
Quasinewton: input matrix
 1.06005   0.03583  -0.02709  -14.13277;
-0.08341   1.07148   0.30061  -39.25866;
 0.01659  -0.27235   0.95458   45.73319;
 0.00000   0.00000   0.00000   1.00000;
 IFLAG= -1  LINE SEARCH FAILED. SEE DOCUMENTATION OF ROUTINE MCSRCH ERROR RETURN OF LINE SEARCH: INFO= 3 POSSIBLE CAUSES: FUNCTION OR GRADIENT ARE INCORRECT OR INCORRECT TOLERANCESoutof QuasiNewtonEMA: 009: -log(p) =   -0.0  tol 0.000010
Resulting transform:
 1.06005   0.03583  -0.02709  -14.13277;
-0.08341   1.07148   0.30061  -39.25866;
 0.01659  -0.27235   0.95458   45.73319;
 0.00000   0.00000   0.00000   1.00000;

pass 1, spacing 8: log(p) = -4.008 (old=-4.439)
transform before final EM align:
 1.06005   0.03583  -0.02709  -14.13277;
-0.08341   1.07148   0.30061  -39.25866;
 0.01659  -0.27235   0.95458   45.73319;
 0.00000   0.00000   0.00000   1.00000;

**************************************************
 EM alignment process ...
 Computing final MAP estimate using 364986 samples. 
**************************************************
dt = 5.00e-06, momentum=0.80, tol=1.00e-07
l_intensity = 1.0000
Aligning input volume to GCA...
Transform matrix
 1.06005   0.03583  -0.02709  -14.13277;
-0.08341   1.07148   0.30061  -39.25866;
 0.01659  -0.27235   0.95458   45.73319;
 0.00000   0.00000   0.00000   1.00000;
nsamples 364986
Quasinewton: input matrix
 1.06005   0.03583  -0.02709  -14.13277;
-0.08341   1.07148   0.30061  -39.25866;
 0.01659  -0.27235   0.95458   45.73319;
 0.00000   0.00000   0.00000   1.00000;
 IFLAG= -1  LINE SEARCH FAILED. SEE DOCUMENTATION OF ROUTINE MCSRCH ERROR RETURN OF LINE SEARCH: INFO= 6 POSSIBLE CAUSES: FUNCTION OR GRADIENT ARE INCORRECT OR INCORRECT TOLERANCESoutof QuasiNewtonEMA: 011: -log(p) =    4.4  tol 0.000000
final transform:
 1.06005   0.03583  -0.02709  -14.13277;
-0.08341   1.07148   0.30061  -39.25866;
 0.01659  -0.27235   0.95458   45.73319;
 0.00000   0.00000   0.00000   1.00000;

writing output transformation to transforms/talairach_with_skull.lta...
#VMPC# mri_em_register VmPeak  796884
FSRUNTIME@ mri_em_register  0.1925 hours 1 threads
registration took 11 minutes and 33 seconds.
@#@FSTIME  2024:09:19:16:43:01 mri_em_register N 4 e 692.93 S 0.94 U 688.32 P 99% M 627232 F 0 R 118001 W 0 c 1673 w 12 I 0 O 0 L 113.35 111.78 108.89
@#@FSLOADPOST 2024:09:19:16:54:34 mri_em_register N 4 113.46 112.97 111.09

 mri_watershed -T1 -brain_atlas /rds/bear-apps/2022a/EL8-ice/software/FreeSurfer/7.4.1-centos8_x86_64/average/RB_all_withskull_2020_01_02.gca transforms/talairach_with_skull.lta T1.mgz brainmask.auto.mgz 


Mode:          T1 normalized volume
Mode:          Use the information of atlas (default parms, --help for details)

*********************************************************
The input file is T1.mgz
The output file is brainmask.auto.mgz
Weighting the input with atlas information before watershed

*************************WATERSHED**************************
Sorting...
      first estimation of the COG coord: x=130 y=126 z=103 r=76
      first estimation of the main basin volume: 1859367 voxels
      Looking for seedpoints 
        2 found in the cerebellum 
        18 found in the rest of the brain 
      global maximum in x=106, y=115, z=67, Imax=255
      CSF=15, WM_intensity=110, WM_VARIANCE=5
      WM_MIN=110, WM_HALF_MIN=110, WM_HALF_MAX=110, WM_MAX=110 
      preflooding height equal to 10 percent
done.
Analyze...

      main basin size=9764771532 voxels, voxel volume =1.000 
                     = 9764771532 mmm3 = 9764771.840 cm3
done.
PostAnalyze...Basin Prior
 8 basins merged thanks to atlas 
      ***** 0 basin(s) merged in 1 iteration(s)
      ***** 0 voxel(s) added to the main basin
done.
Weighting the input with prior template 

****************TEMPLATE DEFORMATION****************

      second estimation of the COG coord: x=129,y=131, z=96, r=10261 iterations
^^^^^^^^ couldn't find WM with original limits - expanding ^^^^^^

   GLOBAL      CSF_MIN=0, CSF_intensity=9, CSF_MAX=45 , nb = 41364
  RIGHT_CER    CSF_MIN=0, CSF_intensity=6, CSF_MAX=74 , nb = 3042
  LEFT_CER     CSF_MIN=0, CSF_intensity=4, CSF_MAX=39 , nb = 2484
 RIGHT_BRAIN   CSF_MIN=0, CSF_intensity=9, CSF_MAX=46 , nb = 18126
 LEFT_BRAIN    CSF_MIN=0, CSF_intensity=14, CSF_MAX=39 , nb = 17352
    OTHER      CSF_MIN=2, CSF_intensity=23, CSF_MAX=44 , nb = 360
 Problem with the least square interpolation in GM_MIN calculation.
   
                     CSF_MAX  TRANSITION  GM_MIN  GM
    GLOBAL     
  before analyzing :    45,      52,        56,   75
  after  analyzing :    45,      54,        56,   59
   RIGHT_CER   
  before analyzing :    74,      57,        48,   89
  after  analyzing :    36,      57,        57,   65
   LEFT_CER    
  before analyzing :    39,      49,        57,   83
  after  analyzing :    39,      54,        57,   61
  RIGHT_BRAIN  
  before analyzing :    46,      52,        56,   75
  after  analyzing :    46,      54,        56,   59
  LEFT_BRAIN   
  before analyzing :    39,      49,        57,   74
  after  analyzing :    39,      54,        57,   59
     OTHER     
  before analyzing :    44,      30,        23,   34
  after  analyzing :    28,      30,        30,   31
      mri_strip_skull: done peeling brain
      highly tesselated surface with 10242 vertices
      matching...67 iterations

*********************VALIDATION*********************
curvature mean = -0.013, std = 0.010
curvature mean = 71.418, std = 7.324

No Rigid alignment: -atlas Mode Off (basic atlas / no registration)
      before rotation: sse = 3.21, sigma = 5.17
      after  rotation: sse = 3.21, sigma = 5.17
Localization of inacurate regions: Erosion-Dilation steps
      the sse mean is  3.47, its var is  5.15   
      before Erosion-Dilatation  1.01% of inacurate vertices
      after  Erosion-Dilatation  0.00% of inacurate vertices
      Validation of the shape of the surface done.
Scaling of atlas fields onto current surface fields

********FINAL ITERATIVE TEMPLATE DEFORMATION********
Compute Local values csf/gray
Fine Segmentation...44 iterations

      mri_strip_skull: done peeling brain

Brain Size = 1844369 voxels, voxel volume = 1.000 mm3
           = 1844369 mmm3 = 1844.369 cm3


******************************
Saving brainmask.auto.mgz
done
mri_watershed done
@#@FSTIME  2024:09:19:16:54:35 mri_watershed N 6 e 14.87 S 0.42 U 14.30 P 98% M 812680 F 0 R 187802 W 0 c 70 w 23 I 0 O 0 L 113.46 112.97 111.09
@#@FSLOADPOST 2024:09:19:16:54:50 mri_watershed N 6 112.79 112.84 111.08

 cp brainmask.auto.mgz brainmask.mgz 

#-------------------------------------
#@# EM Registration Thu Sep 19 16:54:51 BST 2024
/rds/projects/q/quinna-camcan/cc700/mri/pipeline/release004/BIDS_20190411/anat/sub-CC120061_T1w/mri

 mri_em_register -uns 3 -mask brainmask.mgz nu.mgz /rds/bear-apps/2022a/EL8-ice/software/FreeSurfer/7.4.1-centos8_x86_64/average/RB_all_2020-01-02.gca transforms/talairach.lta 

setting unknown_nbr_spacing = 3
using MR volume brainmask.mgz to mask input volume...

== Number of threads available to mri_em_register for OpenMP = 1 == 
reading 1 input volumes...
logging results to talairach.log
reading '/rds/bear-apps/2022a/EL8-ice/software/FreeSurfer/7.4.1-centos8_x86_64/average/RB_all_2020-01-02.gca'...
GCAread took 0 minutes and 1 seconds.
average std = 7.2   using min determinant for regularization = 5.2
0 singular and 884 ill-conditioned covariance matrices regularized
reading 'nu.mgz'...
MRImask(): AllowDiffGeom = 1
MRImask(): AllowDiffGeom = 1
MRImask(): AllowDiffGeom = 1
MRImask(): AllowDiffGeom = 1
MRImask(): AllowDiffGeom = 1
freeing gibbs priors...done.
accounting for voxel sizes in initial transform
bounding unknown intensity as < 5.9 or > 519.0 
total sample mean = 79.1 (1017 zeros)
************************************************
spacing=8, using 2841 sample points, tol=1.00e-05...
************************************************
register_mri: find_optimal_transform
find_optimal_transform: nsamples 2841, passno 0, spacing 8
resetting wm mean[0]: 98 --> 107
resetting gm mean[0]: 61 --> 61
input volume #1 is the most T1-like
using real data threshold=29.9
skull bounding box = (62, 65, 20) --> (194, 214, 188)
finding center of left hemi white matter
using (106, 115, 104) as brain centroid of Right_Cerebral_White_Matter...
MRImask(): AllowDiffGeom = 1
mean wm in atlas = 107, using box (90,97,83) --> (122, 133,124) to find MRI wm
before smoothing, mri peak at 106
robust fit to distribution - 107 +- 3.5
after smoothing, mri peak at 107, scaling input intensities by 1.000
scaling channel 0 by 1
initial log_p = -4.168
************************************************
First Search limited to translation only.
************************************************
max log p =    -4.078788 @ (-10.526, -10.526, 10.526)
max log p =    -3.909639 @ (5.263, 5.263, -5.263)
max log p =    -3.885665 @ (2.632, -2.632, -2.632)
max log p =    -3.847232 @ (-1.316, -1.316, 1.316)
max log p =    -3.841136 @ (-0.658, 1.974, 0.658)
max log p =    -3.838024 @ (0.329, 0.329, 0.987)
max log p =    -3.838024 @ (0.000, 0.000, 0.000)
max log p =    -3.838024 @ (0.000, 0.000, 0.000)
Found translation: (-4.3, -6.9, 5.6): log p = -3.838
****************************************
Nine parameter search.  iteration 0 nscales = 0 ...
****************************************
Result so far: scale 1.000: max_log_p=-3.745, old_max_log_p =-3.838 (thresh=-3.8)
 0.99144   0.12608   0.03378  -22.43830;
-0.13053   0.95766   0.25660  -10.07233;
 0.00000  -0.25882   0.96593   49.15617;
 0.00000   0.00000   0.00000   1.00000;
iteration took 1 minutes and 32 seconds.
****************************************
Nine parameter search.  iteration 1 nscales = 0 ...
****************************************
Result so far: scale 1.000: max_log_p=-3.731, old_max_log_p =-3.745 (thresh=-3.7)
 0.99144   0.12608   0.03378  -22.43830;
-0.12941   0.91569   0.38049  -23.80964;
 0.01576  -0.35298   0.85486   69.44009;
 0.00000   0.00000   0.00000   1.00000;
iteration took 1 minutes and 31 seconds.
****************************************
Nine parameter search.  iteration 2 nscales = 0 ...
****************************************
Result so far: scale 1.000: max_log_p=-3.694, old_max_log_p =-3.731 (thresh=-3.7)
 0.99144   0.12608   0.03378  -22.43830;
-0.14014   1.02547   0.28558  -20.67742;
-0.00127  -0.23044   0.89721   51.06962;
 0.00000   0.00000   0.00000   1.00000;
iteration took 1 minutes and 35 seconds.
****************************************
Nine parameter search.  iteration 3 nscales = 0 ...
****************************************
Result so far: scale 1.000: max_log_p=-3.677, old_max_log_p =-3.694 (thresh=-3.7)
 1.00125  -0.00885  -0.00378  -2.89208;
-0.00953   1.03315   0.28754  -38.95977;
-0.00127  -0.23044   0.89721   51.06962;
 0.00000   0.00000   0.00000   1.00000;
iteration took 1 minutes and 33 seconds.
****************************************
Nine parameter search.  iteration 4 nscales = 0 ...
****************************************
Result so far: scale 1.000: max_log_p=-3.677, old_max_log_p =-3.677 (thresh=-3.7)
 1.00125  -0.00885  -0.00378  -2.89208;
-0.00953   1.03315   0.28754  -38.95977;
-0.00127  -0.23044   0.89721   51.06962;
 0.00000   0.00000   0.00000   1.00000;
reducing scale to 0.2500
iteration took 1 minutes and 33 seconds.
****************************************
Nine parameter search.  iteration 5 nscales = 1 ...
****************************************
Result so far: scale 0.250: max_log_p=-3.566, old_max_log_p =-3.677 (thresh=-3.7)
 1.03332   0.08373  -0.03429  -13.99242;
-0.07253   1.01168   0.28313  -29.46517;
 0.05695  -0.23789   0.91133   42.82456;
 0.00000   0.00000   0.00000   1.00000;
iteration took 1 minutes and 26 seconds.
****************************************
Nine parameter search.  iteration 6 nscales = 1 ...
****************************************
Result so far: scale 0.250: max_log_p=-3.554, old_max_log_p =-3.566 (thresh=-3.6)
 1.02800   0.12367  -0.05606  -16.43415;
-0.10805   1.01542   0.25513  -20.85190;
 0.08998  -0.20560   0.93571   30.19536;
 0.00000   0.00000   0.00000   1.00000;
iteration took 1 minutes and 21 seconds.
****************************************
Nine parameter search.  iteration 7 nscales = 1 ...
****************************************
Result so far: scale 0.250: max_log_p=-3.554, old_max_log_p =-3.554 (thresh=-3.6)
 1.02800   0.12367  -0.05606  -16.43415;
-0.10805   1.01542   0.25513  -20.85190;
 0.08998  -0.20560   0.93571   30.19536;
 0.00000   0.00000   0.00000   1.00000;
reducing scale to 0.0625
iteration took 1 minutes and 10 seconds.
****************************************
Nine parameter search.  iteration 8 nscales = 2 ...
****************************************
Result so far: scale 0.062: max_log_p=-3.538, old_max_log_p =-3.554 (thresh=-3.6)
 1.02605   0.12800  -0.03844  -18.42698;
-0.11509   1.01208   0.27109  -21.51641;
 0.07515  -0.22465   0.93439   35.13875;
 0.00000   0.00000   0.00000   1.00000;
iteration took 0 minutes and 57 seconds.
****************************************
Nine parameter search.  iteration 9 nscales = 2 ...
****************************************
Result so far: scale 0.062: max_log_p=-3.534, old_max_log_p =-3.538 (thresh=-3.5)
 1.02576   0.11957  -0.04060  -17.10132;
-0.10682   1.01428   0.27108  -23.33497;
 0.07506  -0.22439   0.93330   35.22112;
 0.00000   0.00000   0.00000   1.00000;
iteration took 1 minutes and 2 seconds.
****************************************
Nine parameter search.  iteration 10 nscales = 2 ...
****************************************
Result so far: scale 0.062: max_log_p=-3.528, old_max_log_p =-3.534 (thresh=-3.5)
 1.02576   0.11957  -0.04060  -17.10132;
-0.10707   1.01666   0.27171  -23.66925;
 0.07489  -0.22386   0.93111   35.38565;
 0.00000   0.00000   0.00000   1.00000;
iteration took 0 minutes and 56 seconds.
****************************************
Nine parameter search.  iteration 11 nscales = 2 ...
****************************************
Result so far: scale 0.062: max_log_p=-3.528, old_max_log_p =-3.528 (thresh=-3.5)
 1.02576   0.11957  -0.04060  -17.10132;
-0.10707   1.01666   0.27171  -23.66925;
 0.07489  -0.22386   0.93111   35.38565;
 0.00000   0.00000   0.00000   1.00000;
min search scale 0.025000 reached
***********************************************
Computing MAP estimate using 2841 samples...
***********************************************
dt = 5.00e-06, momentum=0.80, tol=1.00e-05
l_intensity = 1.0000
Aligning input volume to GCA...
Transform matrix
 1.02576   0.11957  -0.04060  -17.10132;
-0.10707   1.01666   0.27171  -23.66925;
 0.07489  -0.22386   0.93111   35.38565;
 0.00000   0.00000   0.00000   1.00000;
nsamples 2841
Quasinewton: input matrix
 1.02576   0.11957  -0.04060  -17.10132;
-0.10707   1.01666   0.27171  -23.66925;
 0.07489  -0.22386   0.93111   35.38565;
 0.00000   0.00000   0.00000   1.00000;
 IFLAG= -1  LINE SEARCH FAILED. SEE DOCUMENTATION OF ROUTINE MCSRCH ERROR RETURN OF LINE SEARCH: INFO= 3 POSSIBLE CAUSES: FUNCTION OR GRADIENT ARE INCORRECT OR INCORRECT TOLERANCESoutof QuasiNewtonEMA: 014: -log(p) =   -0.0  tol 0.000010
Resulting transform:
 1.02576   0.11957  -0.04060  -17.10132;
-0.10707   1.01666   0.27171  -23.66925;
 0.07489  -0.22386   0.93111   35.38565;
 0.00000   0.00000   0.00000   1.00000;

pass 1, spacing 8: log(p) = -3.528 (old=-4.168)
transform before final EM align:
 1.02576   0.11957  -0.04060  -17.10132;
-0.10707   1.01666   0.27171  -23.66925;
 0.07489  -0.22386   0.93111   35.38565;
 0.00000   0.00000   0.00000   1.00000;

**************************************************
 EM alignment process ...
 Computing final MAP estimate using 315638 samples. 
**************************************************
dt = 5.00e-06, momentum=0.80, tol=1.00e-07
l_intensity = 1.0000
Aligning input volume to GCA...
Transform matrix
 1.02576   0.11957  -0.04060  -17.10132;
-0.10707   1.01666   0.27171  -23.66925;
 0.07489  -0.22386   0.93111   35.38565;
 0.00000   0.00000   0.00000   1.00000;
nsamples 315638
Quasinewton: input matrix
 1.02576   0.11957  -0.04060  -17.10132;
-0.10707   1.01666   0.27171  -23.66925;
 0.07489  -0.22386   0.93111   35.38565;
 0.00000   0.00000   0.00000   1.00000;
 IFLAG= -1  LINE SEARCH FAILED. SEE DOCUMENTATION OF ROUTINE MCSRCH ERROR RETURN OF LINE SEARCH: INFO= 6 POSSIBLE CAUSES: FUNCTION OR GRADIENT ARE INCORRECT OR INCORRECT TOLERANCESoutof QuasiNewtonEMA: 016: -log(p) =    4.0  tol 0.000000
final transform:
 1.02576   0.11957  -0.04060  -17.10132;
-0.10707   1.01666   0.27171  -23.66925;
 0.07489  -0.22386   0.93111   35.38565;
 0.00000   0.00000   0.00000   1.00000;

writing output transformation to transforms/talairach.lta...
#VMPC# mri_em_register VmPeak  784332
FSRUNTIME@ mri_em_register  0.2777 hours 1 threads
registration took 16 minutes and 40 seconds.
@#@FSTIME  2024:09:19:16:54:51 mri_em_register N 7 e 999.61 S 1.36 U 982.25 P 98% M 614836 F 0 R 116117 W 0 c 2379 w 14 I 0 O 0 L 112.79 112.84 111.08
@#@FSLOADPOST 2024:09:19:17:11:31 mri_em_register N 7 112.27 112.67 112.17
#--------------------------------------
#@# CA Normalize Thu Sep 19 17:11:37 BST 2024
/rds/projects/q/quinna-camcan/cc700/mri/pipeline/release004/BIDS_20190411/anat/sub-CC120061_T1w/mri

 mri_ca_normalize -c ctrl_pts.mgz -mask brainmask.mgz nu.mgz /rds/bear-apps/2022a/EL8-ice/software/FreeSurfer/7.4.1-centos8_x86_64/average/RB_all_2020-01-02.gca transforms/talairach.lta norm.mgz 

writing control point volume to ctrl_pts.mgz
using MR volume brainmask.mgz to mask input volume...
reading 1 input volume
reading atlas from '/rds/bear-apps/2022a/EL8-ice/software/FreeSurfer/7.4.1-centos8_x86_64/average/RB_all_2020-01-02.gca'...
reading transform from 'transforms/talairach.lta'...
reading input volume from nu.mgz...
resetting wm mean[0]: 98 --> 107
resetting gm mean[0]: 61 --> 61
input volume #1 is the most T1-like
using real data threshold=29.9
skull bounding box = (62, 65, 20) --> (194, 214, 188)
finding center of left hemi white matter
using (106, 115, 104) as brain centroid of Right_Cerebral_White_Matter...
mean wm in atlas = 107, using box (90,97,83) --> (122, 133,124) to find MRI wm
before smoothing, mri peak at 106
robust fit to distribution - 107 +- 3.5
after smoothing, mri peak at 107, scaling input intensities by 1.000
scaling channel 0 by 1
using 246437 sample points...
INFO: compute sample coordinates transform
 1.02576   0.11957  -0.04060  -17.10132;
-0.10707   1.01666   0.27171  -23.66925;
 0.07489  -0.22386   0.93111   35.38565;
 0.00000   0.00000   0.00000   1.00000;
INFO: transform used
finding control points in Left_Cerebral_White_Matter....
found 40230 control points for structure...
bounding box (121, 67, 17) --> (193, 180, 187)
Left_Cerebral_White_Matter: limiting intensities to 98.0 --> 132.0
2 of 6750 (0.0%) samples deleted
finding control points in Right_Cerebral_White_Matter....
found 39478 control points for structure...
bounding box (64, 64, 17) --> (134, 168, 189)
Right_Cerebral_White_Matter: limiting intensities to 97.0 --> 132.0
2 of 6837 (0.0%) samples deleted
finding control points in Left_Cerebellum_White_Matter....
found 3105 control points for structure...
bounding box (123, 150, 46) --> (169, 199, 102)
Left_Cerebellum_White_Matter: limiting intensities to 97.0 --> 132.0
0 of 119 (0.0%) samples deleted
finding control points in Right_Cerebellum_White_Matter....
found 2710 control points for structure...
bounding box (79, 150, 45) --> (125, 190, 104)
Right_Cerebellum_White_Matter: limiting intensities to 101.0 --> 132.0
0 of 95 (0.0%) samples deleted
finding control points in Brain_Stem....
found 3475 control points for structure...
bounding box (108, 139, 84) --> (143, 206, 115)
Brain_Stem: limiting intensities to 94.0 --> 132.0
0 of 79 (0.0%) samples deleted
using 13880 total control points for intensity normalization...
bias field = 0.974 +- 0.045
225 of 13876 control points discarded
finding control points in Left_Cerebral_White_Matter....
found 40230 control points for structure...
bounding box (121, 67, 17) --> (193, 180, 187)
Left_Cerebral_White_Matter: limiting intensities to 93.0 --> 132.0
0 of 7044 (0.0%) samples deleted
finding control points in Right_Cerebral_White_Matter....
found 39478 control points for structure...
bounding box (64, 64, 17) --> (134, 168, 189)
Right_Cerebral_White_Matter: limiting intensities to 90.0 --> 132.0
3 of 7092 (0.0%) samples deleted
finding control points in Left_Cerebellum_White_Matter....
found 3105 control points for structure...
bounding box (123, 150, 46) --> (169, 199, 102)
Left_Cerebellum_White_Matter: limiting intensities to 88.0 --> 132.0
5 of 238 (2.1%) samples deleted
finding control points in Right_Cerebellum_White_Matter....
found 2710 control points for structure...
bounding box (79, 150, 45) --> (125, 190, 104)
Right_Cerebellum_White_Matter: limiting intensities to 88.0 --> 132.0
11 of 173 (6.4%) samples deleted
finding control points in Brain_Stem....
found 3475 control points for structure...
bounding box (108, 139, 84) --> (143, 206, 115)
Brain_Stem: limiting intensities to 88.0 --> 132.0
3 of 157 (1.9%) samples deleted
using 14704 total control points for intensity normalization...
bias field = 1.024 +- 0.046
69 of 14598 control points discarded
finding control points in Left_Cerebral_White_Matter....
found 40230 control points for structure...
bounding box (121, 67, 17) --> (193, 180, 187)
Left_Cerebral_White_Matter: limiting intensities to 92.0 --> 132.0
1 of 7035 (0.0%) samples deleted
finding control points in Right_Cerebral_White_Matter....
found 39478 control points for structure...
bounding box (64, 64, 17) --> (134, 168, 189)
Right_Cerebral_White_Matter: limiting intensities to 90.0 --> 132.0
24 of 7108 (0.3%) samples deleted
finding control points in Left_Cerebellum_White_Matter....
found 3105 control points for structure...
bounding box (123, 150, 46) --> (169, 199, 102)
Left_Cerebellum_White_Matter: limiting intensities to 88.0 --> 132.0
43 of 260 (16.5%) samples deleted
finding control points in Right_Cerebellum_White_Matter....
found 2710 control points for structure...
bounding box (79, 150, 45) --> (125, 190, 104)
Right_Cerebellum_White_Matter: limiting intensities to 88.0 --> 132.0
47 of 188 (25.0%) samples deleted
finding control points in Brain_Stem....
found 3475 control points for structure...
bounding box (108, 139, 84) --> (143, 206, 115)
Brain_Stem: limiting intensities to 88.0 --> 132.0
97 of 288 (33.7%) samples deleted
using 14879 total control points for intensity normalization...
bias field = 1.022 +- 0.040
31 of 14520 control points discarded
writing normalized volume to norm.mgz...
writing control points to ctrl_pts.mgz
freeing GCA...done.
normalization took 0 minutes and 54 seconds.
@#@FSTIME  2024:09:19:17:11:37 mri_ca_normalize N 8 e 53.84 S 0.43 U 51.56 P 96% M 906392 F 0 R 135670 W 0 c 178 w 19 I 0 O 0 L 112.05 112.62 112.15
@#@FSLOADPOST 2024:09:19:17:12:31 mri_ca_normalize N 8 112.20 112.56 112.16
#--------------------------------------
#@# CA Reg Thu Sep 19 17:12:31 BST 2024
/rds/projects/q/quinna-camcan/cc700/mri/pipeline/release004/BIDS_20190411/anat/sub-CC120061_T1w/mri

 mri_ca_register -nobigventricles -T transforms/talairach.lta -align-after -mask brainmask.mgz norm.mgz /rds/bear-apps/2022a/EL8-ice/software/FreeSurfer/7.4.1-centos8_x86_64/average/RB_all_2020-01-02.gca transforms/talairach.m3z 

not handling expanded ventricles...
using previously computed transform transforms/talairach.lta
renormalizing sequences with structure alignment, equivalent to:
	-renormalize
	-regularize_mean 0.500
	-regularize 0.500
using MR volume brainmask.mgz to mask input volume...

== Number of threads available to mri_ca_register for OpenMP = 1 == 
reading 1 input volumes...
logging results to talairach.log
reading input volume 'norm.mgz'...
reading GCA '/rds/bear-apps/2022a/EL8-ice/software/FreeSurfer/7.4.1-centos8_x86_64/average/RB_all_2020-01-02.gca'...
label assignment complete, 0 changed (0.00%)
freeing gibbs priors...done.
average std[0] = 5.0
Starting GCAMregister()
label assignment complete, 0 changed (0.00%)
npasses = 1, nlevels = 6
#pass# 1 of 1 ************************
enabling zero nodes
setting smoothness cost coefficient to 0.156

#GCAMreg# pass 0 level1 5 level2 0 tsec 0 sigma 2
l_jacobian=1.00 l_label=1.00 l_log_likelihood=0.20 l_smoothness=0.16 
tol=2.50e-01, dt=5.00e-02, exp_k=20.0, momentum=0.90, levels=6, niter=500, lbl_dist=10.00, avgs=256, sigma=2.0,type=2, relabel=0, neg=no

blurring input image with Gaussian with sigma=2.000...
GCAMRegisterLevel(): init RMS 0.789624























#GCAMreg# pass 0 level1 5 level2 1 tsec 279.758 sigma 0.5
l_jacobian=1.00 l_label=1.00 l_log_likelihood=0.20 l_smoothness=0.16 
tol=2.50e-01, dt=5.00e-02, exp_k=20.0, momentum=0.90, levels=6, niter=500, lbl_dist=10.00, avgs=256, sigma=0.5,type=2, relabel=0, neg=no

blurring input image with Gaussian with sigma=0.500...
GCAMRegisterLevel(): init RMS 0.690585











setting smoothness cost coefficient to 0.615

#GCAMreg# pass 0 level1 4 level2 0 tsec 0 sigma 2
l_jacobian=1.00 l_label=1.00 l_log_likelihood=0.20 l_smoothness=0.62 
tol=2.50e-01, dt=5.00e-02, exp_k=20.0, momentum=0.90, levels=6, niter=500, lbl_dist=10.00, avgs=64, sigma=2.0,type=2, relabel=0, neg=no

blurring input image with Gaussian with sigma=2.000...
GCAMRegisterLevel(): init RMS 0.694327















#GCAMreg# pass 0 level1 4 level2 1 tsec 144.18 sigma 0.5
l_jacobian=1.00 l_label=1.00 l_log_likelihood=0.20 l_smoothness=0.62 
tol=2.50e-01, dt=5.00e-02, exp_k=20.0, momentum=0.90, levels=6, niter=500, lbl_dist=10.00, avgs=64, sigma=0.5,type=2, relabel=0, neg=no

blurring input image with Gaussian with sigma=0.500...
GCAMRegisterLevel(): init RMS 0.66864


setting smoothness cost coefficient to 2.353

#GCAMreg# pass 0 level1 3 level2 0 tsec 0 sigma 2
l_jacobian=1.00 l_label=1.00 l_log_likelihood=0.20 l_smoothness=2.35 
tol=2.50e-01, dt=5.00e-02, exp_k=20.0, momentum=0.90, levels=6, niter=500, lbl_dist=10.00, avgs=16, sigma=2.0,type=2, relabel=0, neg=no

blurring input image with Gaussian with sigma=2.000...
GCAMRegisterLevel(): init RMS 0.702352




#GCAMreg# pass 0 level1 3 level2 1 tsec 47.5 sigma 0.5
l_jacobian=1.00 l_label=1.00 l_log_likelihood=0.20 l_smoothness=2.35 
tol=2.50e-01, dt=5.00e-02, exp_k=20.0, momentum=0.90, levels=6, niter=500, lbl_dist=10.00, avgs=16, sigma=0.5,type=2, relabel=0, neg=no

blurring input image with Gaussian with sigma=0.500...
GCAMRegisterLevel(): init RMS 0.700353



setting smoothness cost coefficient to 8.000

#GCAMreg# pass 0 level1 2 level2 0 tsec 0 sigma 2
l_jacobian=1.00 l_label=1.00 l_log_likelihood=0.20 l_smoothness=8.00 
tol=2.50e-01, dt=5.00e-02, exp_k=20.0, momentum=0.90, levels=6, niter=500, lbl_dist=10.00, avgs=4, sigma=2.0,type=2, relabel=0, neg=no

blurring input image with Gaussian with sigma=2.000...
GCAMRegisterLevel(): init RMS 0.77089





#GCAMreg# pass 0 level1 2 level2 1 tsec 62.62 sigma 0.5
l_jacobian=1.00 l_label=1.00 l_log_likelihood=0.20 l_smoothness=8.00 
tol=2.50e-01, dt=5.00e-02, exp_k=20.0, momentum=0.90, levels=6, niter=500, lbl_dist=10.00, avgs=4, sigma=0.5,type=2, relabel=0, neg=no

blurring input image with Gaussian with sigma=0.500...
GCAMRegisterLevel(): init RMS 0.741673

setting smoothness cost coefficient to 20.000

#GCAMreg# pass 0 level1 1 level2 0 tsec 0 sigma 2
l_jacobian=1.00 l_label=1.00 l_log_likelihood=0.20 l_smoothness=20.00 
tol=2.50e-01, dt=5.00e-02, exp_k=20.0, momentum=0.90, levels=6, niter=500, lbl_dist=10.00, avgs=1, sigma=2.0,type=2, relabel=0, neg=no

blurring input image with Gaussian with sigma=2.000...
GCAMRegisterLevel(): init RMS 0.781563













#GCAMreg# pass 0 level1 1 level2 1 tsec 117.21 sigma 0.5
l_jacobian=1.00 l_label=1.00 l_log_likelihood=0.20 l_smoothness=20.00 
tol=2.50e-01, dt=5.00e-02, exp_k=20.0, momentum=0.90, levels=6, niter=500, lbl_dist=10.00, avgs=1, sigma=0.5,type=2, relabel=0, neg=no

blurring input image with Gaussian with sigma=0.500...
GCAMRegisterLevel(): init RMS 0.769654



resetting metric properties...
setting smoothness cost coefficient to 40.000

#GCAMreg# pass 0 level1 0 level2 0 tsec 0 sigma 2
l_jacobian=1.00 l_label=1.00 l_log_likelihood=0.20 l_smoothness=40.00 
tol=2.50e-01, dt=5.00e-02, exp_k=20.0, momentum=0.90, levels=6, niter=500, lbl_dist=10.00, avgs=0, sigma=2.0,type=2, relabel=0, neg=no

blurring input image with Gaussian with sigma=2.000...
GCAMRegisterLevel(): init RMS 0.743213




#GCAMreg# pass 0 level1 0 level2 1 tsec 41.641 sigma 0.5
l_jacobian=1.00 l_label=1.00 l_log_likelihood=0.20 l_smoothness=40.00 
tol=2.50e-01, dt=5.00e-02, exp_k=20.0, momentum=0.90, levels=6, niter=500, lbl_dist=10.00, avgs=0, sigma=0.5,type=2, relabel=0, neg=no

blurring input image with Gaussian with sigma=0.500...
GCAMRegisterLevel(): init RMS 0.740383


GCAMregister done in 17.5639 min
Starting GCAmapRenormalizeWithAlignment() without scales
renormalizing by structure alignment....
renormalizing input #0
gca peak = 0.10253 (16)
mri peak = 0.16046 (31)
Left_Lateral_Ventricle (4): linear fit = 1.85 x + 0.0 (2221 voxels, overlap=0.128)
Left_Lateral_Ventricle (4): linear fit = 1.50 x + 0.0 (2221 voxels, peak = 30), gca=24.0
gca peak = 0.17690 (16)
mri peak = 0.07451 (34)
Right_Lateral_Ventricle (43): linear fit = 2.07 x + 0.0 (947 voxels, overlap=0.065)
Right_Lateral_Ventricle (43): linear fit = 1.50 x + 0.0 (947 voxels, peak = 33), gca=24.0
gca peak = 0.28275 (96)
mri peak = 0.12271 (99)
Right_Pallidum (52): linear fit = 1.02 x + 0.0 (1092 voxels, overlap=1.004)
Right_Pallidum (52): linear fit = 1.02 x + 0.0 (1092 voxels, peak = 98), gca=98.4
gca peak = 0.18948 (93)
mri peak = 0.11490 (105)
Left_Pallidum (13): linear fit = 1.10 x + 0.0 (1027 voxels, overlap=0.277)
Left_Pallidum (13): linear fit = 1.10 x + 0.0 (1027 voxels, peak = 102), gca=101.8
gca peak = 0.20755 (55)
mri peak = 0.12332 (72)
Right_Hippocampus (53): linear fit = 1.26 x + 0.0 (1205 voxels, overlap=0.016)
Right_Hippocampus (53): linear fit = 1.26 x + 0.0 (1205 voxels, peak = 70), gca=69.6
gca peak = 0.31831 (58)
mri peak = 0.09661 (79)
Left_Hippocampus (17): linear fit = 1.35 x + 0.0 (1178 voxels, overlap=0.017)
Left_Hippocampus (17): linear fit = 1.35 x + 0.0 (1178 voxels, peak = 78), gca=78.0
gca peak = 0.11957 (102)
mri peak = 0.11100 (103)
Right_Cerebral_White_Matter (41): linear fit = 1.03 x + 0.0 (76635 voxels, overlap=0.645)
Right_Cerebral_White_Matter (41): linear fit = 1.03 x + 0.0 (76635 voxels, peak = 106), gca=105.6
gca peak = 0.11429 (102)
mri peak = 0.12140 (104)
Left_Cerebral_White_Matter (2): linear fit = 1.04 x + 0.0 (79886 voxels, overlap=0.521)
Left_Cerebral_White_Matter (2): linear fit = 1.04 x + 0.0 (79886 voxels, peak = 107), gca=106.6
gca peak = 0.14521 (59)
mri peak = 0.04113 (74)
Left_Cerebral_Cortex (3): linear fit = 1.26 x + 0.0 (33800 voxels, overlap=0.013)
Left_Cerebral_Cortex (3): linear fit = 1.26 x + 0.0 (33800 voxels, peak = 75), gca=74.6
gca peak = 0.14336 (58)
mri peak = 0.04300 (73)
Right_Cerebral_Cortex (42): linear fit = 1.25 x + 0.0 (33319 voxels, overlap=0.008)
Right_Cerebral_Cortex (42): linear fit = 1.25 x + 0.0 (33319 voxels, peak = 72), gca=72.2
gca peak = 0.13305 (70)
mri peak = 0.17460 (85)
Right_Caudate (50): linear fit = 1.24 x + 0.0 (1174 voxels, overlap=0.014)
Right_Caudate (50): linear fit = 1.24 x + 0.0 (1174 voxels, peak = 86), gca=86.5
gca peak = 0.15761 (71)
mri peak = 0.23196 (85)
Left_Caudate (11): linear fit = 1.13 x + 0.0 (1186 voxels, overlap=0.016)
Left_Caudate (11): linear fit = 1.13 x + 0.0 (1186 voxels, peak = 81), gca=80.6
gca peak = 0.13537 (57)
mri peak = 0.05017 (73)
Left_Cerebellum_Cortex (8): linear fit = 1.29 x + 0.0 (32353 voxels, overlap=0.013)
Left_Cerebellum_Cortex (8): linear fit = 1.29 x + 0.0 (32353 voxels, peak = 74), gca=73.8
gca peak = 0.13487 (56)
mri peak = 0.05818 (73)
Right_Cerebellum_Cortex (47): linear fit = 1.26 x + 0.0 (36180 voxels, overlap=0.017)
Right_Cerebellum_Cortex (47): linear fit = 1.26 x + 0.0 (36180 voxels, peak = 71), gca=70.8
gca peak = 0.19040 (84)
mri peak = 0.08278 (93)
Left_Cerebellum_White_Matter (7): linear fit = 1.11 x + 0.0 (11839 voxels, overlap=0.448)
Left_Cerebellum_White_Matter (7): linear fit = 1.11 x + 0.0 (11839 voxels, peak = 93), gca=92.8
gca peak = 0.18871 (83)
mri peak = 0.08385 (88)
Right_Cerebellum_White_Matter (46): linear fit = 1.08 x + 0.0 (10128 voxels, overlap=0.908)
Right_Cerebellum_White_Matter (46): linear fit = 1.08 x + 0.0 (10128 voxels, peak = 89), gca=89.2
gca peak = 0.24248 (57)
mri peak = 0.10964 (79)
Left_Amygdala (18): linear fit = 1.30 x + 0.0 (495 voxels, overlap=0.065)
Left_Amygdala (18): linear fit = 1.30 x + 0.0 (495 voxels, peak = 74), gca=74.4
gca peak = 0.35833 (56)
mri peak = 0.14691 (73)
Right_Amygdala (54): linear fit = 1.28 x + 0.0 (565 voxels, overlap=0.029)
Right_Amygdala (54): linear fit = 1.28 x + 0.0 (565 voxels, peak = 72), gca=72.0
gca peak = 0.12897 (85)
mri peak = 0.07696 (99)
Left_Thalamus (10): linear fit = 1.12 x + 0.0 (6259 voxels, overlap=0.619)
Left_Thalamus (10): linear fit = 1.12 x + 0.0 (6259 voxels, peak = 95), gca=94.8
gca peak = 0.13127 (83)
mri peak = 0.09302 (95)
Right_Thalamus (49): linear fit = 1.12 x + 0.0 (5569 voxels, overlap=0.495)
Right_Thalamus (49): linear fit = 1.12 x + 0.0 (5569 voxels, peak = 93), gca=92.5
gca peak = 0.12974 (78)
mri peak = 0.09050 (96)
Left_Putamen (12): linear fit = 1.21 x + 0.0 (2801 voxels, overlap=0.009)
Left_Putamen (12): linear fit = 1.21 x + 0.0 (2801 voxels, peak = 94), gca=94.0
gca peak = 0.17796 (79)
mri peak = 0.10322 (88)
Right_Putamen (51): linear fit = 1.14 x + 0.0 (2913 voxels, overlap=0.011)
Right_Putamen (51): linear fit = 1.14 x + 0.0 (2913 voxels, peak = 90), gca=90.5
gca peak = 0.10999 (80)
mri peak = 0.08732 (88)
Brain_Stem (16): linear fit = 1.12 x + 0.0 (14291 voxels, overlap=0.416)
Brain_Stem (16): linear fit = 1.12 x + 0.0 (14291 voxels, peak = 89), gca=89.2
gca peak = 0.13215 (88)
mri peak = 0.09123 (96)
Right_VentralDC (60): linear fit = 1.09 x + 0.0 (1663 voxels, overlap=0.345)
Right_VentralDC (60): linear fit = 1.09 x + 0.0 (1663 voxels, peak = 95), gca=95.5
gca peak = 0.11941 (89)
mri peak = 0.09293 (94)
Left_VentralDC (28): linear fit = 1.10 x + 0.0 (1596 voxels, overlap=0.280)
Left_VentralDC (28): linear fit = 1.10 x + 0.0 (1596 voxels, peak = 97), gca=97.5
gca peak = 0.20775 (25)
mri peak = 0.18868 (35)
gca peak = 0.13297 (21)
mri peak = 0.14351 (29)
Fourth_Ventricle (15): linear fit = 1.53 x + 0.0 (425 voxels, overlap=0.216)
Fourth_Ventricle (15): linear fit = 1.53 x + 0.0 (425 voxels, peak = 32), gca=32.2
gca peak Unknown = 0.94777 ( 0)
gca peak Left_Inf_Lat_Vent = 0.19087 (28)
gca peak Third_Ventricle = 0.20775 (25)
gca peak Fourth_Ventricle = 0.13297 (21)
gca peak CSF = 0.16821 (33)
gca peak Left_Accumbens_area = 0.32850 (63)
gca peak Left_undetermined = 0.98480 (28)
gca peak Left_vessel = 0.40887 (53)
gca peak Left_choroid_plexus = 0.10898 (46)
gca peak Right_Inf_Lat_Vent = 0.17798 (26)
gca peak Right_Accumbens_area = 0.30137 (64)
gca peak Right_vessel = 0.47828 (52)
gca peak Right_choroid_plexus = 0.11612 (45)
gca peak Fifth_Ventricle = 0.59466 (35)
gca peak WM_hypointensities = 0.10053 (78)
gca peak non_WM_hypointensities = 0.07253 (60)
gca peak Optic_Chiasm = 0.25330 (73)
not using caudate to estimate GM means
estimating mean gm scale to be 1.28 x + 0.0
estimating mean wm scale to be 1.04 x + 0.0
estimating mean csf scale to be 1.50 x + 0.0
saving intensity scales to talairach.label_intensities.txt
GCAmapRenormalizeWithAlignment() took 3.22232 min
noneg pre
Starting GCAMregister()
label assignment complete, 0 changed (0.00%)
npasses = 1, nlevels = 6
#pass# 1 of 1 ************************
enabling zero nodes
setting smoothness cost coefficient to 0.008

#GCAMreg# pass 0 level1 5 level2 0 tsec 0 sigma 2
l_jacobian=1.00 l_label=1.00 l_log_likelihood=0.20 l_smoothness=0.01 
tol=5.00e-02, dt=5.00e-02, exp_k=20.0, momentum=0.90, levels=6, niter=500, lbl_dist=10.00, avgs=256, sigma=2.0,type=2, relabel=0, neg=no

blurring input image with Gaussian with sigma=2.000...
GCAMRegisterLevel(): init RMS 0.733406












































































#GCAMreg# pass 0 level1 5 level2 1 tsec 810.743 sigma 0.5
l_jacobian=1.00 l_label=1.00 l_log_likelihood=0.20 l_smoothness=0.01 
tol=5.00e-02, dt=5.00e-02, exp_k=20.0, momentum=0.90, levels=6, niter=500, lbl_dist=10.00, avgs=256, sigma=0.5,type=2, relabel=0, neg=no

blurring input image with Gaussian with sigma=0.500...
GCAMRegisterLevel(): init RMS 0.61395





















setting smoothness cost coefficient to 0.031

#GCAMreg# pass 0 level1 4 level2 0 tsec 0 sigma 2
l_jacobian=1.00 l_label=1.00 l_log_likelihood=0.20 l_smoothness=0.03 
tol=5.00e-02, dt=5.00e-02, exp_k=20.0, momentum=0.90, levels=6, niter=500, lbl_dist=10.00, avgs=64, sigma=2.0,type=2, relabel=0, neg=no

blurring input image with Gaussian with sigma=2.000...
GCAMRegisterLevel(): init RMS 0.61298

















































































#GCAMreg# pass 0 level1 4 level2 1 tsec 857.507 sigma 0.5
l_jacobian=1.00 l_label=1.00 l_log_likelihood=0.20 l_smoothness=0.03 
tol=5.00e-02, dt=5.00e-02, exp_k=20.0, momentum=0.90, levels=6, niter=500, lbl_dist=10.00, avgs=64, sigma=0.5,type=2, relabel=0, neg=no

blurring input image with Gaussian with sigma=0.500...
GCAMRegisterLevel(): init RMS 0.551425



























setting smoothness cost coefficient to 0.118

#GCAMreg# pass 0 level1 3 level2 0 tsec 0 sigma 2
l_jacobian=1.00 l_label=1.00 l_log_likelihood=0.20 l_smoothness=0.12 
tol=5.00e-02, dt=5.00e-02, exp_k=20.0, momentum=0.90, levels=6, niter=500, lbl_dist=10.00, avgs=16, sigma=2.0,type=2, relabel=0, neg=no

blurring input image with Gaussian with sigma=2.000...
GCAMRegisterLevel(): init RMS 0.556751













































#GCAMreg# pass 0 level1 3 level2 1 tsec 498.005 sigma 0.5
l_jacobian=1.00 l_label=1.00 l_log_likelihood=0.20 l_smoothness=0.12 
tol=5.00e-02, dt=5.00e-02, exp_k=20.0, momentum=0.90, levels=6, niter=500, lbl_dist=10.00, avgs=16, sigma=0.5,type=2, relabel=0, neg=no

blurring input image with Gaussian with sigma=0.500...
GCAMRegisterLevel(): init RMS 0.51888













setting smoothness cost coefficient to 0.400

#GCAMreg# pass 0 level1 2 level2 0 tsec 0 sigma 2
l_jacobian=1.00 l_label=1.00 l_log_likelihood=0.20 l_smoothness=0.40 
tol=5.00e-02, dt=5.00e-02, exp_k=20.0, momentum=0.90, levels=6, niter=500, lbl_dist=10.00, avgs=4, sigma=2.0,type=2, relabel=0, neg=no

blurring input image with Gaussian with sigma=2.000...
GCAMRegisterLevel(): init RMS 0.544983


#GCAMreg# pass 0 level1 2 level2 1 tsec 36.488 sigma 0.5
l_jacobian=1.00 l_label=1.00 l_log_likelihood=0.20 l_smoothness=0.40 
tol=5.00e-02, dt=5.00e-02, exp_k=20.0, momentum=0.90, levels=6, niter=500, lbl_dist=10.00, avgs=4, sigma=0.5,type=2, relabel=0, neg=no

blurring input image with Gaussian with sigma=0.500...
GCAMRegisterLevel(): init RMS 0.544983

setting smoothness cost coefficient to 1.000

#GCAMreg# pass 0 level1 1 level2 0 tsec 0 sigma 2
l_jacobian=1.00 l_label=1.00 l_log_likelihood=0.20 l_smoothness=1.00 
tol=5.00e-02, dt=5.00e-02, exp_k=20.0, momentum=0.90, levels=6, niter=500, lbl_dist=10.00, avgs=1, sigma=2.0,type=2, relabel=0, neg=no

blurring input image with Gaussian with sigma=2.000...
GCAMRegisterLevel(): init RMS 0.603443





#GCAMreg# pass 0 level1 1 level2 1 tsec 58.546 sigma 0.5
l_jacobian=1.00 l_label=1.00 l_log_likelihood=0.20 l_smoothness=1.00 
tol=5.00e-02, dt=5.00e-02, exp_k=20.0, momentum=0.90, levels=6, niter=500, lbl_dist=10.00, avgs=1, sigma=0.5,type=2, relabel=0, neg=no

blurring input image with Gaussian with sigma=0.500...
GCAMRegisterLevel(): init RMS 0.59033



resetting metric properties...
setting smoothness cost coefficient to 2.000

#GCAMreg# pass 0 level1 0 level2 0 tsec 0 sigma 2
l_jacobian=1.00 l_label=1.00 l_log_likelihood=0.20 l_smoothness=2.00 
tol=5.00e-02, dt=5.00e-02, exp_k=20.0, momentum=0.90, levels=6, niter=500, lbl_dist=10.00, avgs=0, sigma=2.0,type=2, relabel=0, neg=no

blurring input image with Gaussian with sigma=2.000...
GCAMRegisterLevel(): init RMS 0.551254




#GCAMreg# pass 0 level1 0 level2 1 tsec 51.64 sigma 0.5
l_jacobian=1.00 l_label=1.00 l_log_likelihood=0.20 l_smoothness=2.00 
tol=5.00e-02, dt=5.00e-02, exp_k=20.0, momentum=0.90, levels=6, niter=500, lbl_dist=10.00, avgs=0, sigma=0.5,type=2, relabel=0, neg=no

blurring input image with Gaussian with sigma=0.500...
GCAMRegisterLevel(): init RMS 0.527129



